============================= test session starts ==============================
platform linux -- Python 3.10.19, pytest-9.0.2, pluggy-1.6.0 -- /home/jared/Workspace/pebble-timer-quick/conda-env/bin/python3.10
cachedir: .pytest_cache
rootdir: /home/jared/Workspace/pebble-timer-quick/test/functional
configfile: pytest.ini
plugins: anyio-4.12.1
collecting ... collected 424 items

test/functional/test_backlight.py::TestBacklight::test_backlight_on_in_edit_mode[aplite] SKIPPED [  0%]
test/functional/test_backlight.py::TestBacklight::test_backlight_off_in_counting_mode[aplite] SKIPPED [  0%]
test/functional/test_backlight.py::TestBacklight::test_backlight_on_during_alarm[aplite] SKIPPED [  0%]
test/functional/test_backlight.py::TestBacklight::test_backlight_on_in_edit_sec_mode[aplite] SKIPPED [  0%]
test/functional/test_backlight.py::TestBacklight::test_backlight_on_in_edit_repeat_mode[aplite] SKIPPED [  1%]
test/functional/test_backlight.py::TestBacklight::test_backlight_stays_on_when_silencing_to_edit_mode[aplite] SKIPPED [  1%]
test/functional/test_backlight.py::TestBacklight::test_backlight_on_in_edit_mode[basalt] 
-------------------------------- live log setup --------------------------------
16:28:58 [INFO] functional.conftest: [basalt] Starting warm-up cycle to clear stale state
16:29:01 [INFO] functional.conftest: [basalt] Installing app on emulator
16:29:10 [INFO] functional.conftest: [basalt] App installed and transport connected
16:29:10 [INFO] functional.conftest: [basalt] Waiting for emulator to stabilize (2s)
16:29:10 [INFO] pebble_tool.util.updates: Update check failed: 404 (Not Found)
16:29:12 [INFO] functional.conftest: [basalt] Holding down button to quit app and set persist state
16:29:13 [INFO] functional.conftest: [basalt] App quit via long press, persist state set
16:29:14 [INFO] functional.conftest: [basalt] Emulator ready for tests
16:29:14 [INFO] functional.conftest: [basalt] Opening app for test: test_backlight_on_in_edit_mode[basalt]
16:29:14 [INFO] functional.conftest: [basalt] Opening app via install (preserving state)
16:29:14 [INFO] functional.conftest: [basalt] Installing app on emulator
16:29:17 [INFO] functional.conftest: [basalt] App installed and transport connected
16:29:17 [INFO] functional.conftest: [basalt] App opened via install
PASSED                                                                   [  1%]
------------------------------ live log teardown -------------------------------
16:29:19 [INFO] functional.conftest: [basalt] Quitting app after test: test_backlight_on_in_edit_mode[basalt]

test/functional/test_backlight.py::TestBacklight::test_backlight_off_in_counting_mode[basalt] 
-------------------------------- live log setup --------------------------------
16:29:20 [INFO] functional.conftest: [basalt] Opening app for test: test_backlight_off_in_counting_mode[basalt]
16:29:20 [INFO] functional.conftest: [basalt] Opening app via install (preserving state)
16:29:20 [INFO] functional.conftest: [basalt] Installing app on emulator
16:29:23 [INFO] functional.conftest: [basalt] App installed and transport connected
16:29:23 [INFO] functional.conftest: [basalt] App opened via install
PASSED                                                                   [  1%]
------------------------------ live log teardown -------------------------------
16:29:28 [INFO] functional.conftest: [basalt] Quitting app after test: test_backlight_off_in_counting_mode[basalt]

test/functional/test_backlight.py::TestBacklight::test_backlight_on_during_alarm[basalt] 
-------------------------------- live log setup --------------------------------
16:29:30 [INFO] functional.conftest: [basalt] Opening app for test: test_backlight_on_during_alarm[basalt]
16:29:30 [INFO] functional.conftest: [basalt] Opening app via install (preserving state)
16:29:30 [INFO] functional.conftest: [basalt] Installing app on emulator
16:29:32 [INFO] functional.conftest: [basalt] App installed and transport connected
16:29:32 [INFO] functional.conftest: [basalt] App opened via install
PASSED                                                                   [  2%]
------------------------------ live log teardown -------------------------------
16:29:49 [INFO] functional.conftest: [basalt] Quitting app after test: test_backlight_on_during_alarm[basalt]

test/functional/test_backlight.py::TestBacklight::test_backlight_on_in_edit_sec_mode[basalt] 
-------------------------------- live log setup --------------------------------
16:29:51 [INFO] functional.conftest: [basalt] Opening app for test: test_backlight_on_in_edit_sec_mode[basalt]
16:29:51 [INFO] functional.conftest: [basalt] Opening app via install (preserving state)
16:29:51 [INFO] functional.conftest: [basalt] Installing app on emulator
16:29:54 [INFO] functional.conftest: [basalt] App installed and transport connected
16:29:54 [INFO] functional.conftest: [basalt] App opened via install
PASSED                                                                   [  2%]
------------------------------ live log teardown -------------------------------
16:29:56 [INFO] functional.conftest: [basalt] Quitting app after test: test_backlight_on_in_edit_sec_mode[basalt]

test/functional/test_backlight.py::TestBacklight::test_backlight_on_in_edit_repeat_mode[basalt] 
-------------------------------- live log setup --------------------------------
16:29:58 [INFO] functional.conftest: [basalt] Opening app for test: test_backlight_on_in_edit_repeat_mode[basalt]
16:29:58 [INFO] functional.conftest: [basalt] Opening app via install (preserving state)
16:29:58 [INFO] functional.conftest: [basalt] Installing app on emulator
16:30:01 [INFO] functional.conftest: [basalt] App installed and transport connected
16:30:01 [INFO] functional.conftest: [basalt] App opened via install
PASSED                                                                   [  2%]
------------------------------ live log teardown -------------------------------
16:30:07 [INFO] functional.conftest: [basalt] Quitting app after test: test_backlight_on_in_edit_repeat_mode[basalt]

test/functional/test_backlight.py::TestBacklight::test_backlight_stays_on_when_silencing_to_edit_mode[basalt] 
-------------------------------- live log setup --------------------------------
16:30:08 [INFO] functional.conftest: [basalt] Opening app for test: test_backlight_stays_on_when_silencing_to_edit_mode[basalt]
16:30:08 [INFO] functional.conftest: [basalt] Opening app via install (preserving state)
16:30:08 [INFO] functional.conftest: [basalt] Installing app on emulator
16:30:11 [INFO] functional.conftest: [basalt] App installed and transport connected
16:30:11 [INFO] functional.conftest: [basalt] App opened via install
PASSED                                                                   [  2%]
------------------------------ live log teardown -------------------------------
16:30:23 [INFO] functional.conftest: [basalt] Quitting app after test: test_backlight_stays_on_when_silencing_to_edit_mode[basalt]

test/functional/test_backlight.py::TestBacklight::test_backlight_on_in_edit_mode[chalk] 
-------------------------------- live log setup --------------------------------
16:30:25 [INFO] functional.conftest: [basalt] Tearing down - killing emulator
SKIPPED (Skipping test for chalk since --platform=basalt was specified.) [  3%]
test/functional/test_backlight.py::TestBacklight::test_backlight_off_in_counting_mode[chalk] SKIPPED [  3%]
test/functional/test_backlight.py::TestBacklight::test_backlight_on_during_alarm[chalk] SKIPPED [  3%]
test/functional/test_backlight.py::TestBacklight::test_backlight_on_in_edit_sec_mode[chalk] SKIPPED [  3%]
test/functional/test_backlight.py::TestBacklight::test_backlight_on_in_edit_repeat_mode[chalk] SKIPPED [  4%]
test/functional/test_backlight.py::TestBacklight::test_backlight_stays_on_when_silencing_to_edit_mode[chalk] SKIPPED [  4%]
test/functional/test_backlight.py::TestBacklight::test_backlight_on_in_edit_mode[diorite] SKIPPED [  4%]
test/functional/test_backlight.py::TestBacklight::test_backlight_off_in_counting_mode[diorite] SKIPPED [  4%]
test/functional/test_backlight.py::TestBacklight::test_backlight_on_during_alarm[diorite] SKIPPED [  4%]
test/functional/test_backlight.py::TestBacklight::test_backlight_on_in_edit_sec_mode[diorite] SKIPPED [  5%]
test/functional/test_backlight.py::TestBacklight::test_backlight_on_in_edit_repeat_mode[diorite] SKIPPED [  5%]
test/functional/test_backlight.py::TestBacklight::test_backlight_stays_on_when_silencing_to_edit_mode[diorite] SKIPPED [  5%]
test/functional/test_button_icons.py::TestAlarmIcons::test_alarm_back_icon_silence[aplite] SKIPPED [  5%]
test/functional/test_button_icons.py::TestAlarmIcons::test_alarm_up_icon_edit[aplite] SKIPPED [  6%]
test/functional/test_button_icons.py::TestAlarmIcons::test_alarm_long_up_icon_reset[aplite] SKIPPED [  6%]
test/functional/test_button_icons.py::TestAlarmIcons::test_alarm_select_icon_pause[aplite] SKIPPED [  6%]
test/functional/test_button_icons.py::TestAlarmIcons::test_alarm_down_icon_snooze[aplite] SKIPPED [  6%]
test/functional/test_button_icons.py::TestNewModeIcons::test_new_back_icon[aplite] SKIPPED [  7%]
test/functional/test_button_icons.py::TestNewModeIcons::test_new_up_icon[aplite] SKIPPED [  7%]
test/functional/test_button_icons.py::TestNewModeIcons::test_new_select_icon[aplite] SKIPPED [  7%]
test/functional/test_button_icons.py::TestNewModeIcons::test_new_down_icon[aplite] SKIPPED [  7%]
test/functional/test_button_icons.py::TestNewModeIcons::test_new_long_up_direction_toggle[aplite] SKIPPED [  8%]
test/functional/test_button_icons.py::TestNewModeIcons::test_new_long_select_icon[aplite] SKIPPED [  8%]
test/functional/test_button_icons.py::TestNewModeIcons::test_new_long_down_icon[aplite] SKIPPED [  8%]
test/functional/test_button_icons.py::TestEditSecIcons::test_editsec_back_icon[aplite] SKIPPED [  8%]
test/functional/test_button_icons.py::TestEditSecIcons::test_editsec_up_icon[aplite] SKIPPED [  8%]
test/functional/test_button_icons.py::TestEditSecIcons::test_editsec_select_icon[aplite] SKIPPED [  9%]
test/functional/test_button_icons.py::TestEditSecIcons::test_editsec_down_icon[aplite] SKIPPED [  9%]
test/functional/test_button_icons.py::TestEditSecIcons::test_editsec_long_up_direction_toggle[aplite] SKIPPED [  9%]
test/functional/test_button_icons.py::TestCountingIcons::test_counting_back_icon[aplite] SKIPPED [  9%]
test/functional/test_button_icons.py::TestCountingIcons::test_counting_up_icon[aplite] SKIPPED [ 10%]
test/functional/test_button_icons.py::TestCountingIcons::test_counting_select_icon[aplite] SKIPPED [ 10%]
test/functional/test_button_icons.py::TestCountingIcons::test_counting_down_icon[aplite] SKIPPED [ 10%]
test/functional/test_button_icons.py::TestCountingIcons::test_counting_long_up_icon[aplite] SKIPPED [ 10%]
test/functional/test_button_icons.py::TestCountingIcons::test_counting_long_select_icon[aplite] SKIPPED [ 11%]
test/functional/test_button_icons.py::TestCountingIcons::test_counting_long_down_icon[aplite] SKIPPED [ 11%]
test/functional/test_button_icons.py::TestPausedIcons::test_paused_select_icon_play[aplite] SKIPPED [ 11%]
test/functional/test_button_icons.py::TestChronoIcons::test_chrono_select_icon[aplite] SKIPPED [ 11%]
test/functional/test_button_icons.py::TestChronoIcons::test_chrono_long_select_icon[aplite] SKIPPED [ 12%]
test/functional/test_button_icons.py::TestEditRepeatIcons::test_editrepeat_back_icon[aplite] SKIPPED [ 12%]
test/functional/test_button_icons.py::TestEditRepeatIcons::test_editrepeat_up_icon[aplite] SKIPPED [ 12%]
test/functional/test_button_icons.py::TestEditRepeatIcons::test_editrepeat_select_icon[aplite] SKIPPED [ 12%]
test/functional/test_button_icons.py::TestEditRepeatIcons::test_editrepeat_down_icon[aplite] SKIPPED [ 12%]
test/functional/test_button_icons.py::TestAlarmIcons::test_alarm_back_icon_silence[basalt] 
-------------------------------- live log setup --------------------------------
16:30:26 [INFO] functional.test_button_icons: [basalt] Starting warm-up cycle
16:30:29 [INFO] functional.conftest: [basalt] Installing app on emulator
16:30:38 [INFO] functional.conftest: [basalt] App installed and transport connected
16:30:38 [INFO] functional.test_button_icons: [basalt] Waiting for emulator to stabilize (2s)
16:30:40 [INFO] functional.test_button_icons: [basalt] Holding down button to quit app and set persist state
16:30:42 [INFO] functional.test_button_icons: [basalt] Emulator ready for tests
16:30:42 [INFO] functional.conftest: [basalt] Opening app for test: test_alarm_back_icon_silence[basalt]
16:30:42 [INFO] functional.conftest: [basalt] Opening app via install (preserving state)
16:30:42 [INFO] functional.conftest: [basalt] Installing app on emulator
16:30:45 [INFO] functional.conftest: [basalt] App installed and transport connected
16:30:45 [INFO] functional.conftest: [basalt] App opened via install
-------------------------------- live log call ---------------------------------
16:30:46 [INFO] functional.test_button_icons: [basalt] Setting up 4s timer for icon test
16:30:54 [INFO] functional.test_button_icons: [basalt] Short timer set to 4s, waiting for expire
16:30:58 [INFO] functional.test_button_icons: [basalt] Short timer started, counting down from 4s
16:31:05 [INFO] functional.test_button_icons: All captured states: [{'event': 'mode_change', 't': '0:02', 'm': 'Counting', 'r': '0', 'p': '0', 'v': '0', 'd': '1', 'l': '0', 'c': '1'}, {'event': 'button_up', 't': '0:04', 'm': 'New', 'r': '0', 'p': '0', 'v': '0', 'd': '1', 'l': '1', 'c': '1'}, {'event': 'long_press_select', 't': '0:00', 'm': 'EditSec', 'r': '0', 'p': '1', 'v': '0', 'd': '1', 'l': '1', 'c': '1'}, {'event': 'button_down', 't': '0:01', 'm': 'EditSec', 'r': '0', 'p': '1', 'v': '0', 'd': '1', 'l': '1', 'c': '0'}, {'event': 'button_down', 't': '0:02', 'm': 'EditSec', 'r': '0', 'p': '1', 'v': '0', 'd': '1', 'l': '1', 'c': '0'}, {'event': 'button_down', 't': '0:03', 'm': 'EditSec', 'r': '0', 'p': '1', 'v': '0', 'd': '1', 'l': '1', 'c': '0'}, {'event': 'button_down', 't': '0:04', 'm': 'EditSec', 'r': '0', 'p': '1', 'v': '0', 'd': '1', 'l': '1', 'c': '0'}, {'event': 'mode_change', 't': '0:04', 'm': 'Counting', 'r': '0', 'p': '1', 'v': '0', 'd': '1', 'l': '0', 'c': '0'}, {'event': 'button_select', 't': '0:04', 'm': 'Counting', 'r': '0', 'p': '0', 'v': '0', 'd': '1', 'l': '0', 'c': '0'}, {'event': 'alarm_start', 't': '0:00', 'm': 'Counting', 'r': '0', 'p': '0', 'v': '1', 'd': '1', 'l': '1', 'c': '1'}]
PASSED                                                                   [ 13%]
------------------------------ live log teardown -------------------------------
16:31:05 [INFO] functional.conftest: [basalt] Quitting app after test: test_alarm_back_icon_silence[basalt]

test/functional/test_button_icons.py::TestAlarmIcons::test_alarm_up_icon_edit[basalt] 
-------------------------------- live log setup --------------------------------
16:31:06 [INFO] functional.conftest: [basalt] Opening app for test: test_alarm_up_icon_edit[basalt]
16:31:06 [INFO] functional.conftest: [basalt] Opening app via install (preserving state)
16:31:06 [INFO] functional.conftest: [basalt] Installing app on emulator
16:31:09 [INFO] functional.conftest: [basalt] App installed and transport connected
16:31:09 [INFO] functional.conftest: [basalt] App opened via install
-------------------------------- live log call ---------------------------------
16:31:10 [INFO] functional.test_button_icons: [basalt] Setting up 4s timer for icon test
16:31:17 [INFO] functional.test_button_icons: [basalt] Short timer set to 4s, waiting for expire
16:31:21 [INFO] functional.test_button_icons: [basalt] Short timer started, counting down from 4s
PASSED                                                                   [ 13%]
------------------------------ live log teardown -------------------------------
16:31:28 [INFO] functional.conftest: [basalt] Quitting app after test: test_alarm_up_icon_edit[basalt]

test/functional/test_button_icons.py::TestAlarmIcons::test_alarm_long_up_icon_reset[basalt] 
-------------------------------- live log setup --------------------------------
16:31:30 [INFO] functional.conftest: [basalt] Opening app for test: test_alarm_long_up_icon_reset[basalt]
16:31:30 [INFO] functional.conftest: [basalt] Opening app via install (preserving state)
16:31:30 [INFO] functional.conftest: [basalt] Installing app on emulator
16:31:32 [INFO] functional.conftest: [basalt] App installed and transport connected
16:31:32 [INFO] functional.conftest: [basalt] App opened via install
-------------------------------- live log call ---------------------------------
16:31:33 [INFO] functional.test_button_icons: [basalt] Setting up 4s timer for icon test
16:31:40 [INFO] functional.test_button_icons: [basalt] Short timer set to 4s, waiting for expire
16:31:44 [INFO] functional.test_button_icons: [basalt] Short timer started, counting down from 4s
PASSED                                                                   [ 13%]
------------------------------ live log teardown -------------------------------
16:31:51 [INFO] functional.conftest: [basalt] Quitting app after test: test_alarm_long_up_icon_reset[basalt]

test/functional/test_button_icons.py::TestAlarmIcons::test_alarm_select_icon_pause[basalt] 
-------------------------------- live log setup --------------------------------
16:31:53 [INFO] functional.conftest: [basalt] Opening app for test: test_alarm_select_icon_pause[basalt]
16:31:53 [INFO] functional.conftest: [basalt] Opening app via install (preserving state)
16:31:53 [INFO] functional.conftest: [basalt] Installing app on emulator
16:31:56 [INFO] functional.conftest: [basalt] App installed and transport connected
16:31:56 [INFO] functional.conftest: [basalt] App opened via install
-------------------------------- live log call ---------------------------------
16:31:56 [INFO] functional.test_button_icons: [basalt] Setting up 4s timer for icon test
16:32:03 [INFO] functional.test_button_icons: [basalt] Short timer set to 4s, waiting for expire
16:32:08 [INFO] functional.test_button_icons: [basalt] Short timer started, counting down from 4s
PASSED                                                                   [ 13%]
------------------------------ live log teardown -------------------------------
16:32:14 [INFO] functional.conftest: [basalt] Quitting app after test: test_alarm_select_icon_pause[basalt]

test/functional/test_button_icons.py::TestAlarmIcons::test_alarm_down_icon_snooze[basalt] 
-------------------------------- live log setup --------------------------------
16:32:16 [INFO] functional.conftest: [basalt] Opening app for test: test_alarm_down_icon_snooze[basalt]
16:32:16 [INFO] functional.conftest: [basalt] Opening app via install (preserving state)
16:32:16 [INFO] functional.conftest: [basalt] Installing app on emulator
16:32:19 [INFO] functional.conftest: [basalt] App installed and transport connected
16:32:19 [INFO] functional.conftest: [basalt] App opened via install
-------------------------------- live log call ---------------------------------
16:32:19 [INFO] functional.test_button_icons: [basalt] Setting up 4s timer for icon test
16:32:27 [INFO] functional.test_button_icons: [basalt] Short timer set to 4s, waiting for expire
16:32:31 [INFO] functional.test_button_icons: [basalt] Short timer started, counting down from 4s
PASSED                                                                   [ 14%]
------------------------------ live log teardown -------------------------------
16:32:37 [INFO] functional.conftest: [basalt] Quitting app after test: test_alarm_down_icon_snooze[basalt]

test/functional/test_button_icons.py::TestNewModeIcons::test_new_back_icon[basalt] 
-------------------------------- live log setup --------------------------------
16:32:39 [INFO] functional.conftest: [basalt] Opening app for test: test_new_back_icon[basalt]
16:32:39 [INFO] functional.conftest: [basalt] Opening app via install (preserving state)
16:32:39 [INFO] functional.conftest: [basalt] Installing app on emulator
16:32:42 [INFO] functional.conftest: [basalt] App installed and transport connected
16:32:42 [INFO] functional.conftest: [basalt] App opened via install
PASSED                                                                   [ 14%]
------------------------------ live log teardown -------------------------------
16:32:44 [INFO] functional.conftest: [basalt] Quitting app after test: test_new_back_icon[basalt]

test/functional/test_button_icons.py::TestNewModeIcons::test_new_up_icon[basalt] 
-------------------------------- live log setup --------------------------------
16:32:45 [INFO] functional.conftest: [basalt] Opening app for test: test_new_up_icon[basalt]
16:32:45 [INFO] functional.conftest: [basalt] Opening app via install (preserving state)
16:32:45 [INFO] functional.conftest: [basalt] Installing app on emulator
16:32:48 [INFO] functional.conftest: [basalt] App installed and transport connected
16:32:48 [INFO] functional.conftest: [basalt] App opened via install
PASSED                                                                   [ 14%]
------------------------------ live log teardown -------------------------------
16:32:50 [INFO] functional.conftest: [basalt] Quitting app after test: test_new_up_icon[basalt]

test/functional/test_button_icons.py::TestNewModeIcons::test_new_select_icon[basalt] 
-------------------------------- live log setup --------------------------------
16:32:52 [INFO] functional.conftest: [basalt] Opening app for test: test_new_select_icon[basalt]
16:32:52 [INFO] functional.conftest: [basalt] Opening app via install (preserving state)
16:32:52 [INFO] functional.conftest: [basalt] Installing app on emulator
16:32:54 [INFO] functional.conftest: [basalt] App installed and transport connected
16:32:54 [INFO] functional.conftest: [basalt] App opened via install
PASSED                                                                   [ 14%]
------------------------------ live log teardown -------------------------------
16:32:56 [INFO] functional.conftest: [basalt] Quitting app after test: test_new_select_icon[basalt]

test/functional/test_button_icons.py::TestNewModeIcons::test_new_down_icon[basalt] 
-------------------------------- live log setup --------------------------------
16:32:58 [INFO] functional.conftest: [basalt] Opening app for test: test_new_down_icon[basalt]
16:32:58 [INFO] functional.conftest: [basalt] Opening app via install (preserving state)
16:32:58 [INFO] functional.conftest: [basalt] Installing app on emulator
16:33:01 [INFO] functional.conftest: [basalt] App installed and transport connected
16:33:01 [INFO] functional.conftest: [basalt] App opened via install
PASSED                                                                   [ 15%]
------------------------------ live log teardown -------------------------------
16:33:02 [INFO] functional.conftest: [basalt] Quitting app after test: test_new_down_icon[basalt]

test/functional/test_button_icons.py::TestNewModeIcons::test_new_long_up_direction_toggle[basalt] 
-------------------------------- live log setup --------------------------------
16:33:04 [INFO] functional.conftest: [basalt] Opening app for test: test_new_long_up_direction_toggle[basalt]
16:33:04 [INFO] functional.conftest: [basalt] Opening app via install (preserving state)
16:33:04 [INFO] functional.conftest: [basalt] Installing app on emulator
16:33:07 [INFO] functional.conftest: [basalt] App installed and transport connected
16:33:07 [INFO] functional.conftest: [basalt] App opened via install
PASSED                                                                   [ 15%]
------------------------------ live log teardown -------------------------------
16:33:09 [INFO] functional.conftest: [basalt] Quitting app after test: test_new_long_up_direction_toggle[basalt]

test/functional/test_button_icons.py::TestNewModeIcons::test_new_long_select_icon[basalt] 
-------------------------------- live log setup --------------------------------
16:33:10 [INFO] functional.conftest: [basalt] Opening app for test: test_new_long_select_icon[basalt]
16:33:10 [INFO] functional.conftest: [basalt] Opening app via install (preserving state)
16:33:10 [INFO] functional.conftest: [basalt] Installing app on emulator
16:33:13 [INFO] functional.conftest: [basalt] App installed and transport connected
16:33:13 [INFO] functional.conftest: [basalt] App opened via install
SKIPPED (Long press select icon disabled due to display overlap (see...) [ 15%]
------------------------------ live log teardown -------------------------------
16:33:14 [INFO] functional.conftest: [basalt] Quitting app after test: test_new_long_select_icon[basalt]

test/functional/test_button_icons.py::TestNewModeIcons::test_new_long_down_icon[basalt] 
-------------------------------- live log setup --------------------------------
16:33:16 [INFO] functional.conftest: [basalt] Opening app for test: test_new_long_down_icon[basalt]
16:33:16 [INFO] functional.conftest: [basalt] Opening app via install (preserving state)
16:33:16 [INFO] functional.conftest: [basalt] Installing app on emulator
16:33:18 [INFO] functional.conftest: [basalt] App installed and transport connected
16:33:18 [INFO] functional.conftest: [basalt] App opened via install
PASSED                                                                   [ 15%]
------------------------------ live log teardown -------------------------------
16:33:20 [INFO] functional.conftest: [basalt] Quitting app after test: test_new_long_down_icon[basalt]

test/functional/test_button_icons.py::TestEditSecIcons::test_editsec_back_icon[basalt] 
-------------------------------- live log setup --------------------------------
16:33:22 [INFO] functional.conftest: [basalt] Opening app for test: test_editsec_back_icon[basalt]
16:33:22 [INFO] functional.conftest: [basalt] Opening app via install (preserving state)
16:33:22 [INFO] functional.conftest: [basalt] Installing app on emulator
16:33:25 [INFO] functional.conftest: [basalt] App installed and transport connected
16:33:25 [INFO] functional.conftest: [basalt] App opened via install
PASSED                                                                   [ 16%]
------------------------------ live log teardown -------------------------------
16:33:31 [INFO] functional.conftest: [basalt] Quitting app after test: test_editsec_back_icon[basalt]

test/functional/test_button_icons.py::TestEditSecIcons::test_editsec_up_icon[basalt] 
-------------------------------- live log setup --------------------------------
16:33:33 [INFO] functional.conftest: [basalt] Opening app for test: test_editsec_up_icon[basalt]
16:33:33 [INFO] functional.conftest: [basalt] Opening app via install (preserving state)
16:33:33 [INFO] functional.conftest: [basalt] Installing app on emulator
16:33:36 [INFO] functional.conftest: [basalt] App installed and transport connected
16:33:36 [INFO] functional.conftest: [basalt] App opened via install
PASSED                                                                   [ 16%]
------------------------------ live log teardown -------------------------------
16:33:42 [INFO] functional.conftest: [basalt] Quitting app after test: test_editsec_up_icon[basalt]

test/functional/test_button_icons.py::TestEditSecIcons::test_editsec_select_icon[basalt] 
-------------------------------- live log setup --------------------------------
16:33:44 [INFO] functional.conftest: [basalt] Opening app for test: test_editsec_select_icon[basalt]
16:33:44 [INFO] functional.conftest: [basalt] Opening app via install (preserving state)
16:33:44 [INFO] functional.conftest: [basalt] Installing app on emulator
16:33:47 [INFO] functional.conftest: [basalt] App installed and transport connected
16:33:47 [INFO] functional.conftest: [basalt] App opened via install
PASSED                                                                   [ 16%]
------------------------------ live log teardown -------------------------------
16:33:54 [INFO] functional.conftest: [basalt] Quitting app after test: test_editsec_select_icon[basalt]

test/functional/test_button_icons.py::TestEditSecIcons::test_editsec_down_icon[basalt] 
-------------------------------- live log setup --------------------------------
16:33:55 [INFO] functional.conftest: [basalt] Opening app for test: test_editsec_down_icon[basalt]
16:33:55 [INFO] functional.conftest: [basalt] Opening app via install (preserving state)
16:33:55 [INFO] functional.conftest: [basalt] Installing app on emulator
16:33:59 [INFO] functional.conftest: [basalt] App installed and transport connected
16:33:59 [INFO] functional.conftest: [basalt] App opened via install
PASSED                                                                   [ 16%]
------------------------------ live log teardown -------------------------------
16:34:05 [INFO] functional.conftest: [basalt] Quitting app after test: test_editsec_down_icon[basalt]

test/functional/test_button_icons.py::TestEditSecIcons::test_editsec_long_up_direction_toggle[basalt] 
-------------------------------- live log setup --------------------------------
16:34:07 [INFO] functional.conftest: [basalt] Opening app for test: test_editsec_long_up_direction_toggle[basalt]
16:34:07 [INFO] functional.conftest: [basalt] Opening app via install (preserving state)
16:34:07 [INFO] functional.conftest: [basalt] Installing app on emulator
16:34:10 [INFO] functional.conftest: [basalt] App installed and transport connected
16:34:10 [INFO] functional.conftest: [basalt] App opened via install
PASSED                                                                   [ 16%]
------------------------------ live log teardown -------------------------------
16:34:16 [INFO] functional.conftest: [basalt] Quitting app after test: test_editsec_long_up_direction_toggle[basalt]

test/functional/test_button_icons.py::TestCountingIcons::test_counting_back_icon[basalt] 
-------------------------------- live log setup --------------------------------
16:34:18 [INFO] functional.conftest: [basalt] Opening app for test: test_counting_back_icon[basalt]
16:34:18 [INFO] functional.conftest: [basalt] Opening app via install (preserving state)
16:34:18 [INFO] functional.conftest: [basalt] Installing app on emulator
16:34:21 [INFO] functional.conftest: [basalt] App installed and transport connected
16:34:21 [INFO] functional.conftest: [basalt] App opened via install
PASSED                                                                   [ 17%]
------------------------------ live log teardown -------------------------------
16:34:27 [INFO] functional.conftest: [basalt] Quitting app after test: test_counting_back_icon[basalt]

test/functional/test_button_icons.py::TestCountingIcons::test_counting_up_icon[basalt] 
-------------------------------- live log setup --------------------------------
16:34:29 [INFO] functional.conftest: [basalt] Opening app for test: test_counting_up_icon[basalt]
16:34:29 [INFO] functional.conftest: [basalt] Opening app via install (preserving state)
16:34:29 [INFO] functional.conftest: [basalt] Installing app on emulator
16:34:32 [INFO] functional.conftest: [basalt] App installed and transport connected
16:34:32 [INFO] functional.conftest: [basalt] App opened via install
PASSED                                                                   [ 17%]
------------------------------ live log teardown -------------------------------
16:34:38 [INFO] functional.conftest: [basalt] Quitting app after test: test_counting_up_icon[basalt]

test/functional/test_button_icons.py::TestCountingIcons::test_counting_select_icon[basalt] 
-------------------------------- live log setup --------------------------------
16:34:40 [INFO] functional.conftest: [basalt] Opening app for test: test_counting_select_icon[basalt]
16:34:40 [INFO] functional.conftest: [basalt] Opening app via install (preserving state)
16:34:40 [INFO] functional.conftest: [basalt] Installing app on emulator
16:34:43 [INFO] functional.conftest: [basalt] App installed and transport connected
16:34:43 [INFO] functional.conftest: [basalt] App opened via install
PASSED                                                                   [ 17%]
------------------------------ live log teardown -------------------------------
16:34:49 [INFO] functional.conftest: [basalt] Quitting app after test: test_counting_select_icon[basalt]

test/functional/test_button_icons.py::TestCountingIcons::test_counting_down_icon[basalt] 
-------------------------------- live log setup --------------------------------
16:34:51 [INFO] functional.conftest: [basalt] Opening app for test: test_counting_down_icon[basalt]
16:34:51 [INFO] functional.conftest: [basalt] Opening app via install (preserving state)
16:34:51 [INFO] functional.conftest: [basalt] Installing app on emulator
16:34:53 [INFO] functional.conftest: [basalt] App installed and transport connected
16:34:53 [INFO] functional.conftest: [basalt] App opened via install
PASSED                                                                   [ 17%]
------------------------------ live log teardown -------------------------------
16:34:59 [INFO] functional.conftest: [basalt] Quitting app after test: test_counting_down_icon[basalt]

test/functional/test_button_icons.py::TestCountingIcons::test_counting_long_up_icon[basalt] 
-------------------------------- live log setup --------------------------------
16:35:01 [INFO] functional.conftest: [basalt] Opening app for test: test_counting_long_up_icon[basalt]
16:35:01 [INFO] functional.conftest: [basalt] Opening app via install (preserving state)
16:35:01 [INFO] functional.conftest: [basalt] Installing app on emulator
16:35:04 [INFO] functional.conftest: [basalt] App installed and transport connected
16:35:04 [INFO] functional.conftest: [basalt] App opened via install
PASSED                                                                   [ 18%]
------------------------------ live log teardown -------------------------------
16:35:10 [INFO] functional.conftest: [basalt] Quitting app after test: test_counting_long_up_icon[basalt]

test/functional/test_button_icons.py::TestCountingIcons::test_counting_long_select_icon[basalt] 
-------------------------------- live log setup --------------------------------
16:35:12 [INFO] functional.conftest: [basalt] Opening app for test: test_counting_long_select_icon[basalt]
16:35:12 [INFO] functional.conftest: [basalt] Opening app via install (preserving state)
16:35:12 [INFO] functional.conftest: [basalt] Installing app on emulator
16:35:15 [INFO] functional.conftest: [basalt] App installed and transport connected
16:35:15 [INFO] functional.conftest: [basalt] App opened via install
SKIPPED (Long press select icon disabled due to display overlap (see...) [ 18%]
------------------------------ live log teardown -------------------------------
16:35:15 [INFO] functional.conftest: [basalt] Quitting app after test: test_counting_long_select_icon[basalt]

test/functional/test_button_icons.py::TestCountingIcons::test_counting_long_down_icon[basalt] 
-------------------------------- live log setup --------------------------------
16:35:17 [INFO] functional.conftest: [basalt] Opening app for test: test_counting_long_down_icon[basalt]
16:35:17 [INFO] functional.conftest: [basalt] Opening app via install (preserving state)
16:35:17 [INFO] functional.conftest: [basalt] Installing app on emulator
16:35:20 [INFO] functional.conftest: [basalt] App installed and transport connected
16:35:20 [INFO] functional.conftest: [basalt] App opened via install
PASSED                                                                   [ 18%]
------------------------------ live log teardown -------------------------------
16:35:26 [INFO] functional.conftest: [basalt] Quitting app after test: test_counting_long_down_icon[basalt]

test/functional/test_button_icons.py::TestPausedIcons::test_paused_select_icon_play[basalt] 
-------------------------------- live log setup --------------------------------
16:35:27 [INFO] functional.conftest: [basalt] Opening app for test: test_paused_select_icon_play[basalt]
16:35:27 [INFO] functional.conftest: [basalt] Opening app via install (preserving state)
16:35:27 [INFO] functional.conftest: [basalt] Installing app on emulator
16:35:30 [INFO] functional.conftest: [basalt] App installed and transport connected
16:35:30 [INFO] functional.conftest: [basalt] App opened via install
PASSED                                                                   [ 18%]
------------------------------ live log teardown -------------------------------
16:35:37 [INFO] functional.conftest: [basalt] Quitting app after test: test_paused_select_icon_play[basalt]

test/functional/test_button_icons.py::TestChronoIcons::test_chrono_select_icon[basalt] 
-------------------------------- live log setup --------------------------------
16:35:39 [INFO] functional.conftest: [basalt] Opening app for test: test_chrono_select_icon[basalt]
16:35:39 [INFO] functional.conftest: [basalt] Opening app via install (preserving state)
16:35:39 [INFO] functional.conftest: [basalt] Installing app on emulator
16:35:42 [INFO] functional.conftest: [basalt] App installed and transport connected
16:35:42 [INFO] functional.conftest: [basalt] App opened via install
-------------------------------- live log call ---------------------------------
16:35:43 [INFO] functional.test_button_icons: [basalt] Setting up 4s timer for icon test
16:35:50 [INFO] functional.test_button_icons: [basalt] Short timer set to 4s, waiting for expire
16:35:55 [INFO] functional.test_button_icons: [basalt] Short timer started, counting down from 4s
16:36:03 [INFO] functional.test_button_icons: Chrono mode state: {'event': 'button_down', 't': '0:04', 'm': 'Counting', 'r': '0', 'p': '0', 'v': '0', 'd': '1', 'l': '0', 'c': '1'}
PASSED                                                                   [ 19%]
------------------------------ live log teardown -------------------------------
16:36:03 [INFO] functional.conftest: [basalt] Quitting app after test: test_chrono_select_icon[basalt]

test/functional/test_button_icons.py::TestChronoIcons::test_chrono_long_select_icon[basalt] 
-------------------------------- live log setup --------------------------------
16:36:05 [INFO] functional.conftest: [basalt] Opening app for test: test_chrono_long_select_icon[basalt]
16:36:05 [INFO] functional.conftest: [basalt] Opening app via install (preserving state)
16:36:05 [INFO] functional.conftest: [basalt] Installing app on emulator
16:36:08 [INFO] functional.conftest: [basalt] App installed and transport connected
16:36:08 [INFO] functional.conftest: [basalt] App opened via install
SKIPPED (Long press select icon disabled due to display overlap (see...) [ 19%]
------------------------------ live log teardown -------------------------------
16:36:08 [INFO] functional.conftest: [basalt] Quitting app after test: test_chrono_long_select_icon[basalt]

test/functional/test_button_icons.py::TestEditRepeatIcons::test_editrepeat_back_icon[basalt] 
-------------------------------- live log setup --------------------------------
16:36:10 [INFO] functional.conftest: [basalt] Opening app for test: test_editrepeat_back_icon[basalt]
16:36:10 [INFO] functional.conftest: [basalt] Opening app via install (preserving state)
16:36:10 [INFO] functional.conftest: [basalt] Installing app on emulator
16:36:13 [INFO] functional.conftest: [basalt] App installed and transport connected
16:36:13 [INFO] functional.conftest: [basalt] App opened via install
PASSED                                                                   [ 19%]
------------------------------ live log teardown -------------------------------
16:36:22 [INFO] functional.conftest: [basalt] Quitting app after test: test_editrepeat_back_icon[basalt]

test/functional/test_button_icons.py::TestEditRepeatIcons::test_editrepeat_up_icon[basalt] 
-------------------------------- live log setup --------------------------------
16:36:24 [INFO] functional.conftest: [basalt] Opening app for test: test_editrepeat_up_icon[basalt]
16:36:24 [INFO] functional.conftest: [basalt] Opening app via install (preserving state)
16:36:24 [INFO] functional.conftest: [basalt] Installing app on emulator
16:36:26 [INFO] functional.conftest: [basalt] App installed and transport connected
16:36:26 [INFO] functional.conftest: [basalt] App opened via install
-------------------------------- live log call ---------------------------------
16:36:35 [INFO] functional.test_button_icons: No reference found for 'editrepeat_up' (auto_save=False)
PASSED                                                                   [ 19%]
------------------------------ live log teardown -------------------------------
16:36:35 [INFO] functional.conftest: [basalt] Quitting app after test: test_editrepeat_up_icon[basalt]

test/functional/test_button_icons.py::TestEditRepeatIcons::test_editrepeat_select_icon[basalt] 
-------------------------------- live log setup --------------------------------
16:36:36 [INFO] functional.conftest: [basalt] Opening app for test: test_editrepeat_select_icon[basalt]
16:36:36 [INFO] functional.conftest: [basalt] Opening app via install (preserving state)
16:36:36 [INFO] functional.conftest: [basalt] Installing app on emulator
16:36:39 [INFO] functional.conftest: [basalt] App installed and transport connected
16:36:39 [INFO] functional.conftest: [basalt] App opened via install
PASSED                                                                   [ 20%]
------------------------------ live log teardown -------------------------------
16:36:47 [INFO] functional.conftest: [basalt] Quitting app after test: test_editrepeat_select_icon[basalt]

test/functional/test_button_icons.py::TestEditRepeatIcons::test_editrepeat_down_icon[basalt] 
-------------------------------- live log setup --------------------------------
16:36:49 [INFO] functional.conftest: [basalt] Opening app for test: test_editrepeat_down_icon[basalt]
16:36:49 [INFO] functional.conftest: [basalt] Opening app via install (preserving state)
16:36:49 [INFO] functional.conftest: [basalt] Installing app on emulator
16:36:52 [INFO] functional.conftest: [basalt] App installed and transport connected
16:36:52 [INFO] functional.conftest: [basalt] App opened via install
PASSED                                                                   [ 20%]
------------------------------ live log teardown -------------------------------
16:37:00 [INFO] functional.conftest: [basalt] Quitting app after test: test_editrepeat_down_icon[basalt]

test/functional/test_button_icons.py::TestAlarmIcons::test_alarm_back_icon_silence[chalk] 
-------------------------------- live log setup --------------------------------
16:37:02 [INFO] functional.test_button_icons: [basalt] Tearing down - killing emulator
SKIPPED (Skipping test for chalk since --platform=basalt was specified.) [ 20%]
test/functional/test_button_icons.py::TestAlarmIcons::test_alarm_up_icon_edit[chalk] SKIPPED [ 20%]
test/functional/test_button_icons.py::TestAlarmIcons::test_alarm_long_up_icon_reset[chalk] SKIPPED [ 20%]
test/functional/test_button_icons.py::TestAlarmIcons::test_alarm_select_icon_pause[chalk] SKIPPED [ 21%]
test/functional/test_button_icons.py::TestAlarmIcons::test_alarm_down_icon_snooze[chalk] SKIPPED [ 21%]
test/functional/test_button_icons.py::TestNewModeIcons::test_new_back_icon[chalk] SKIPPED [ 21%]
test/functional/test_button_icons.py::TestNewModeIcons::test_new_up_icon[chalk] SKIPPED [ 21%]
test/functional/test_button_icons.py::TestNewModeIcons::test_new_select_icon[chalk] SKIPPED [ 22%]
test/functional/test_button_icons.py::TestNewModeIcons::test_new_down_icon[chalk] SKIPPED [ 22%]
test/functional/test_button_icons.py::TestNewModeIcons::test_new_long_up_direction_toggle[chalk] SKIPPED [ 22%]
test/functional/test_button_icons.py::TestNewModeIcons::test_new_long_select_icon[chalk] SKIPPED [ 22%]
test/functional/test_button_icons.py::TestNewModeIcons::test_new_long_down_icon[chalk] SKIPPED [ 23%]
test/functional/test_button_icons.py::TestEditSecIcons::test_editsec_back_icon[chalk] SKIPPED [ 23%]
test/functional/test_button_icons.py::TestEditSecIcons::test_editsec_up_icon[chalk] SKIPPED [ 23%]
test/functional/test_button_icons.py::TestEditSecIcons::test_editsec_select_icon[chalk] SKIPPED [ 23%]
test/functional/test_button_icons.py::TestEditSecIcons::test_editsec_down_icon[chalk] SKIPPED [ 24%]
test/functional/test_button_icons.py::TestEditSecIcons::test_editsec_long_up_direction_toggle[chalk] SKIPPED [ 24%]
test/functional/test_button_icons.py::TestCountingIcons::test_counting_back_icon[chalk] SKIPPED [ 24%]
test/functional/test_button_icons.py::TestCountingIcons::test_counting_up_icon[chalk] SKIPPED [ 24%]
test/functional/test_button_icons.py::TestCountingIcons::test_counting_select_icon[chalk] SKIPPED [ 25%]
test/functional/test_button_icons.py::TestCountingIcons::test_counting_down_icon[chalk] SKIPPED [ 25%]
test/functional/test_button_icons.py::TestCountingIcons::test_counting_long_up_icon[chalk] SKIPPED [ 25%]
test/functional/test_button_icons.py::TestCountingIcons::test_counting_long_select_icon[chalk] SKIPPED [ 25%]
test/functional/test_button_icons.py::TestCountingIcons::test_counting_long_down_icon[chalk] SKIPPED [ 25%]
test/functional/test_button_icons.py::TestPausedIcons::test_paused_select_icon_play[chalk] SKIPPED [ 26%]
test/functional/test_button_icons.py::TestChronoIcons::test_chrono_select_icon[chalk] SKIPPED [ 26%]
test/functional/test_button_icons.py::TestChronoIcons::test_chrono_long_select_icon[chalk] SKIPPED [ 26%]
test/functional/test_button_icons.py::TestEditRepeatIcons::test_editrepeat_back_icon[chalk] SKIPPED [ 26%]
test/functional/test_button_icons.py::TestEditRepeatIcons::test_editrepeat_up_icon[chalk] SKIPPED [ 27%]
test/functional/test_button_icons.py::TestEditRepeatIcons::test_editrepeat_select_icon[chalk] SKIPPED [ 27%]
test/functional/test_button_icons.py::TestEditRepeatIcons::test_editrepeat_down_icon[chalk] SKIPPED [ 27%]
test/functional/test_button_icons.py::TestAlarmIcons::test_alarm_back_icon_silence[diorite] SKIPPED [ 27%]
test/functional/test_button_icons.py::TestAlarmIcons::test_alarm_up_icon_edit[diorite] SKIPPED [ 28%]
test/functional/test_button_icons.py::TestAlarmIcons::test_alarm_long_up_icon_reset[diorite] SKIPPED [ 28%]
test/functional/test_button_icons.py::TestAlarmIcons::test_alarm_select_icon_pause[diorite] SKIPPED [ 28%]
test/functional/test_button_icons.py::TestAlarmIcons::test_alarm_down_icon_snooze[diorite] SKIPPED [ 28%]
test/functional/test_button_icons.py::TestNewModeIcons::test_new_back_icon[diorite] SKIPPED [ 29%]
test/functional/test_button_icons.py::TestNewModeIcons::test_new_up_icon[diorite] SKIPPED [ 29%]
test/functional/test_button_icons.py::TestNewModeIcons::test_new_select_icon[diorite] SKIPPED [ 29%]
test/functional/test_button_icons.py::TestNewModeIcons::test_new_down_icon[diorite] SKIPPED [ 29%]
test/functional/test_button_icons.py::TestNewModeIcons::test_new_long_up_direction_toggle[diorite] SKIPPED [ 29%]
test/functional/test_button_icons.py::TestNewModeIcons::test_new_long_select_icon[diorite] SKIPPED [ 30%]
test/functional/test_button_icons.py::TestNewModeIcons::test_new_long_down_icon[diorite] SKIPPED [ 30%]
test/functional/test_button_icons.py::TestEditSecIcons::test_editsec_back_icon[diorite] SKIPPED [ 30%]
test/functional/test_button_icons.py::TestEditSecIcons::test_editsec_up_icon[diorite] SKIPPED [ 30%]
test/functional/test_button_icons.py::TestEditSecIcons::test_editsec_select_icon[diorite] SKIPPED [ 31%]
test/functional/test_button_icons.py::TestEditSecIcons::test_editsec_down_icon[diorite] SKIPPED [ 31%]
test/functional/test_button_icons.py::TestEditSecIcons::test_editsec_long_up_direction_toggle[diorite] SKIPPED [ 31%]
test/functional/test_button_icons.py::TestCountingIcons::test_counting_back_icon[diorite] SKIPPED [ 31%]
test/functional/test_button_icons.py::TestCountingIcons::test_counting_up_icon[diorite] SKIPPED [ 32%]
test/functional/test_button_icons.py::TestCountingIcons::test_counting_select_icon[diorite] SKIPPED [ 32%]
test/functional/test_button_icons.py::TestCountingIcons::test_counting_down_icon[diorite] SKIPPED [ 32%]
test/functional/test_button_icons.py::TestCountingIcons::test_counting_long_up_icon[diorite] SKIPPED [ 32%]
test/functional/test_button_icons.py::TestCountingIcons::test_counting_long_select_icon[diorite] SKIPPED [ 33%]
test/functional/test_button_icons.py::TestCountingIcons::test_counting_long_down_icon[diorite] SKIPPED [ 33%]
test/functional/test_button_icons.py::TestPausedIcons::test_paused_select_icon_play[diorite] SKIPPED [ 33%]
test/functional/test_button_icons.py::TestChronoIcons::test_chrono_select_icon[diorite] SKIPPED [ 33%]
test/functional/test_button_icons.py::TestChronoIcons::test_chrono_long_select_icon[diorite] SKIPPED [ 33%]
test/functional/test_button_icons.py::TestEditRepeatIcons::test_editrepeat_back_icon[diorite] SKIPPED [ 34%]
test/functional/test_button_icons.py::TestEditRepeatIcons::test_editrepeat_up_icon[diorite] SKIPPED [ 34%]
test/functional/test_button_icons.py::TestEditRepeatIcons::test_editrepeat_select_icon[diorite] SKIPPED [ 34%]
test/functional/test_button_icons.py::TestEditRepeatIcons::test_editrepeat_down_icon[diorite] SKIPPED [ 34%]
test/functional/test_create_timer.py::TestCreateTimer::test_create_2_minute_timer[aplite] SKIPPED [ 35%]
test/functional/test_create_timer.py::TestCreateTimer::test_initial_state_shows_new[aplite] SKIPPED [ 35%]
test/functional/test_create_timer.py::TestCreateTimer::test_down_button_increments_minutes[aplite] SKIPPED [ 35%]
test/functional/test_create_timer.py::TestButtonPresses::test_up_button_increments_20_minutes[aplite] SKIPPED [ 35%]
test/functional/test_create_timer.py::TestButtonPresses::test_select_button_increments_5_minutes[aplite] SKIPPED [ 36%]
test/functional/test_create_timer.py::TestTimerCountdown::test_timer_counts_down[aplite] SKIPPED [ 36%]
test/functional/test_create_timer.py::TestTimerCountdown::test_timer_transitions_to_counting_mode[aplite] SKIPPED [ 36%]
test/functional/test_create_timer.py::TestChronoMode::test_chrono_mode_counts_up[aplite] SKIPPED [ 36%]
test/functional/test_create_timer.py::TestPlayPause::test_select_toggles_play_pause_in_counting_mode[aplite] SKIPPED [ 37%]
test/functional/test_create_timer.py::TestTimerStartsImmediately::test_timer_counts_down_during_setup[aplite] SKIPPED [ 37%]
test/functional/test_create_timer.py::TestTimerStartsImmediately::test_chrono_has_elapsed_time_when_mode_expires[aplite] SKIPPED [ 37%]
test/functional/test_create_timer.py::TestLongPressReset::test_long_press_select_resets_timer[aplite] SKIPPED [ 37%]
test/functional/test_create_timer.py::TestCreateTimer::test_create_2_minute_timer[basalt] 
-------------------------------- live log setup --------------------------------
16:37:03 [INFO] functional.conftest: [basalt] Starting warm-up cycle to clear stale state
16:37:07 [INFO] functional.conftest: [basalt] Installing app on emulator
16:37:15 [INFO] functional.conftest: [basalt] App installed and transport connected
16:37:15 [INFO] functional.conftest: [basalt] Waiting for emulator to stabilize (2s)
16:37:17 [INFO] functional.conftest: [basalt] Holding down button to quit app and set persist state
16:37:18 [INFO] functional.conftest: [basalt] App quit via long press, persist state set
16:37:19 [INFO] functional.conftest: [basalt] Emulator ready for tests
16:37:19 [INFO] functional.conftest: [basalt] Opening app for test: test_create_2_minute_timer[basalt]
16:37:19 [INFO] functional.conftest: [basalt] Opening app via install (preserving state)
16:37:19 [INFO] functional.conftest: [basalt] Installing app on emulator
16:37:22 [INFO] functional.conftest: [basalt] App installed and transport connected
16:37:22 [INFO] functional.conftest: [basalt] App opened via install
-------------------------------- live log call ---------------------------------
16:37:24 [INFO] functional.test_create_timer: After 2 Down presses - state: {'event': 'button_down', 't': '1:58', 'm': 'New', 'r': '0', 'p': '0', 'v': '0', 'd': '1', 'l': '1', 'c': '0'}
PASSED                                                                   [ 37%]
------------------------------ live log teardown -------------------------------
16:37:24 [INFO] functional.conftest: [basalt] Quitting app after test: test_create_2_minute_timer[basalt]

test/functional/test_create_timer.py::TestCreateTimer::test_initial_state_shows_new[basalt] 
-------------------------------- live log setup --------------------------------
16:37:26 [INFO] functional.conftest: [basalt] Opening app for test: test_initial_state_shows_new[basalt]
16:37:26 [INFO] functional.conftest: [basalt] Opening app via install (preserving state)
16:37:26 [INFO] functional.conftest: [basalt] Installing app on emulator
16:37:29 [INFO] functional.conftest: [basalt] App installed and transport connected
16:37:29 [INFO] functional.conftest: [basalt] App opened via install
-------------------------------- live log call ---------------------------------
16:37:33 [INFO] functional.test_create_timer: Initial state text: +1h 1 +20 New -d:p1 16.37 +Im
PASSED                                                                   [ 38%]
------------------------------ live log teardown -------------------------------
16:37:33 [INFO] functional.conftest: [basalt] Quitting app after test: test_initial_state_shows_new[basalt]

test/functional/test_create_timer.py::TestCreateTimer::test_down_button_increments_minutes[basalt] 
-------------------------------- live log setup --------------------------------
16:37:35 [INFO] functional.conftest: [basalt] Opening app for test: test_down_button_increments_minutes[basalt]
16:37:35 [INFO] functional.conftest: [basalt] Opening app via install (preserving state)
16:37:35 [INFO] functional.conftest: [basalt] Installing app on emulator
16:37:38 [INFO] functional.conftest: [basalt] App installed and transport connected
16:37:38 [INFO] functional.conftest: [basalt] App opened via install
-------------------------------- live log call ---------------------------------
16:37:43 [INFO] functional.test_create_timer: After 3 Down presses: #1m 1 +20 New 2.57 6 16.40 +Im III}
PASSED                                                                   [ 38%]
------------------------------ live log teardown -------------------------------
16:37:43 [INFO] functional.conftest: [basalt] Quitting app after test: test_down_button_increments_minutes[basalt]

test/functional/test_create_timer.py::TestButtonPresses::test_up_button_increments_20_minutes[basalt] 
-------------------------------- live log setup --------------------------------
16:37:45 [INFO] functional.conftest: [basalt] Opening app for test: test_up_button_increments_20_minutes[basalt]
16:37:45 [INFO] functional.conftest: [basalt] Opening app via install (preserving state)
16:37:45 [INFO] functional.conftest: [basalt] Installing app on emulator
16:37:47 [INFO] functional.conftest: [basalt] App installed and transport connected
16:37:47 [INFO] functional.conftest: [basalt] App opened via install
-------------------------------- live log call ---------------------------------
16:37:49 [INFO] functional.test_create_timer: After Up press - state: {'event': 'button_up', 't': '19:58', 'm': 'New', 'r': '0', 'p': '0', 'v': '0', 'd': '1', 'l': '1', 'c': '0'}
PASSED                                                                   [ 38%]
------------------------------ live log teardown -------------------------------
16:37:49 [INFO] functional.conftest: [basalt] Quitting app after test: test_up_button_increments_20_minutes[basalt]

test/functional/test_create_timer.py::TestButtonPresses::test_select_button_increments_5_minutes[basalt] 
-------------------------------- live log setup --------------------------------
16:37:51 [INFO] functional.conftest: [basalt] Opening app for test: test_select_button_increments_5_minutes[basalt]
16:37:51 [INFO] functional.conftest: [basalt] Opening app via install (preserving state)
16:37:51 [INFO] functional.conftest: [basalt] Installing app on emulator
16:37:54 [INFO] functional.conftest: [basalt] App installed and transport connected
16:37:54 [INFO] functional.conftest: [basalt] App opened via install
-------------------------------- live log call ---------------------------------
16:37:58 [INFO] functional.test_create_timer: After Select press: #1m 1 +20 New 4.58 5 16.42 +Im III
16:37:58 [INFO] functional.test_create_timer:   normalized: 1 1 20  4:58 5 16:42 1 111
PASSED                                                                   [ 38%]
------------------------------ live log teardown -------------------------------
16:37:58 [INFO] functional.conftest: [basalt] Quitting app after test: test_select_button_increments_5_minutes[basalt]

test/functional/test_create_timer.py::TestTimerCountdown::test_timer_counts_down[basalt] 
-------------------------------- live log setup --------------------------------
16:38:00 [INFO] functional.conftest: [basalt] Opening app for test: test_timer_counts_down[basalt]
16:38:00 [INFO] functional.conftest: [basalt] Opening app via install (preserving state)
16:38:00 [INFO] functional.conftest: [basalt] Installing app on emulator
16:38:03 [INFO] functional.conftest: [basalt] App installed and transport connected
16:38:03 [INFO] functional.conftest: [basalt] App opened via install
-------------------------------- live log call ---------------------------------
16:38:17 [INFO] functional.test_create_timer: Countdown start text: 0 e 00,59 0:64 16.38 Ker M J
16:38:19 [INFO] functional.test_create_timer: After 5s text: 4 e 00;59 0:4 16.38 Ker M J
PASSED                                                                   [ 39%]
------------------------------ live log teardown -------------------------------
16:38:19 [INFO] functional.conftest: [basalt] Quitting app after test: test_timer_counts_down[basalt]

test/functional/test_create_timer.py::TestTimerCountdown::test_timer_transitions_to_counting_mode[basalt] 
-------------------------------- live log setup --------------------------------
16:38:21 [INFO] functional.conftest: [basalt] Opening app for test: test_timer_transitions_to_counting_mode[basalt]
16:38:21 [INFO] functional.conftest: [basalt] Opening app via install (preserving state)
16:38:21 [INFO] functional.conftest: [basalt] Installing app on emulator
16:38:24 [INFO] functional.conftest: [basalt] App installed and transport connected
16:38:24 [INFO] functional.conftest: [basalt] App opened via install
-------------------------------- live log call ---------------------------------
16:38:25 [INFO] functional.test_create_timer: After Down press state: {'event': 'button_down', 't': '0:58', 'm': 'New', 'r': '0', 'p': '0', 'v': '0', 'd': '1', 'l': '1', 'c': '0'}
16:38:28 [INFO] functional.test_create_timer: After transition state: {'event': 'mode_change', 't': '0:55', 'm': 'Counting', 'r': '0', 'p': '0', 'v': '0', 'd': '1', 'l': '0', 'c': '0'}
PASSED                                                                   [ 39%]
------------------------------ live log teardown -------------------------------
16:38:28 [INFO] functional.conftest: [basalt] Quitting app after test: test_timer_transitions_to_counting_mode[basalt]

test/functional/test_create_timer.py::TestChronoMode::test_chrono_mode_counts_up[basalt] 
-------------------------------- live log setup --------------------------------
16:38:30 [INFO] functional.conftest: [basalt] Opening app for test: test_chrono_mode_counts_up[basalt]
16:38:30 [INFO] functional.conftest: [basalt] Opening app via install (preserving state)
16:38:30 [INFO] functional.conftest: [basalt] Installing app on emulator
16:38:33 [INFO] functional.conftest: [basalt] App installed and transport connected
16:38:33 [INFO] functional.conftest: [basalt] App opened via install
-------------------------------- live log call ---------------------------------
16:38:44 [INFO] functional.test_create_timer: Chrono mode start: e Oo;00--> 0.s 16.38 M W
16:38:46 [INFO] functional.test_create_timer: Chrono after 3s: @ Oo;00--> d:E 16.38 M W
PASSED                                                                   [ 39%]
------------------------------ live log teardown -------------------------------
16:38:46 [INFO] functional.conftest: [basalt] Quitting app after test: test_chrono_mode_counts_up[basalt]

test/functional/test_create_timer.py::TestPlayPause::test_select_toggles_play_pause_in_counting_mode[basalt] 
-------------------------------- live log setup --------------------------------
16:38:48 [INFO] functional.conftest: [basalt] Opening app for test: test_select_toggles_play_pause_in_counting_mode[basalt]
16:38:48 [INFO] functional.conftest: [basalt] Opening app via install (preserving state)
16:38:48 [INFO] functional.conftest: [basalt] Installing app on emulator
16:38:51 [INFO] functional.conftest: [basalt] App installed and transport connected
16:38:51 [INFO] functional.conftest: [basalt] App opened via install
-------------------------------- live log call ---------------------------------
16:39:07 [INFO] functional.test_create_timer: Running timer: 09 e 00,59 0:64 16.38 Ker M J
16:39:09 [INFO] functional.test_create_timer: Paused timer: 9 e 00,59 0:64 16.38 Ker M J
16:39:11 [INFO] functional.test_create_timer: Still paused: 9 e 00,59 0:64 16.39 Ker M J
FAILED                                                                   [ 39%]
------------------------------ live log teardown -------------------------------
16:39:11 [INFO] functional.conftest: [basalt] Quitting app after test: test_select_toggles_play_pause_in_counting_mode[basalt]

test/functional/test_create_timer.py::TestTimerStartsImmediately::test_timer_counts_down_during_setup[basalt] 
-------------------------------- live log setup --------------------------------
16:39:13 [INFO] functional.conftest: [basalt] Opening app for test: test_timer_counts_down_during_setup[basalt]
16:39:13 [INFO] functional.conftest: [basalt] Opening app via install (preserving state)
16:39:13 [INFO] functional.conftest: [basalt] Installing app on emulator
16:39:16 [INFO] functional.conftest: [basalt] App installed and transport connected
16:39:16 [INFO] functional.conftest: [basalt] App opened via install
-------------------------------- live log call ---------------------------------
16:39:31 [INFO] functional.test_create_timer: After 6 Down presses with 2s delays - state: {'event': 'button_down', 't': '5:46', 'm': 'New', 'r': '0', 'p': '0', 'v': '0', 'd': '1', 'l': '1', 'c': '0'}
PASSED                                                                   [ 40%]
------------------------------ live log teardown -------------------------------
16:39:31 [INFO] functional.conftest: [basalt] Quitting app after test: test_timer_counts_down_during_setup[basalt]

test/functional/test_create_timer.py::TestTimerStartsImmediately::test_chrono_has_elapsed_time_when_mode_expires[basalt] 
-------------------------------- live log setup --------------------------------
16:39:33 [INFO] functional.conftest: [basalt] Opening app for test: test_chrono_has_elapsed_time_when_mode_expires[basalt]
16:39:33 [INFO] functional.conftest: [basalt] Opening app via install (preserving state)
16:39:33 [INFO] functional.conftest: [basalt] Installing app on emulator
16:39:36 [INFO] functional.conftest: [basalt] App installed and transport connected
16:39:36 [INFO] functional.conftest: [basalt] App opened via install
-------------------------------- live log call ---------------------------------
16:39:39 [INFO] functional.test_create_timer: Mode change state: {'event': 'mode_change', 't': '0:02', 'm': 'Counting', 'r': '0', 'p': '0', 'v': '0', 'd': '1', 'l': '0', 'c': '1'}
PASSED                                                                   [ 40%]
------------------------------ live log teardown -------------------------------
16:39:39 [INFO] functional.conftest: [basalt] Quitting app after test: test_chrono_has_elapsed_time_when_mode_expires[basalt]

test/functional/test_create_timer.py::TestLongPressReset::test_long_press_select_resets_timer[basalt] 
-------------------------------- live log setup --------------------------------
16:39:40 [INFO] functional.conftest: [basalt] Opening app for test: test_long_press_select_resets_timer[basalt]
16:39:40 [INFO] functional.conftest: [basalt] Opening app via install (preserving state)
16:39:40 [INFO] functional.conftest: [basalt] Installing app on emulator
16:39:43 [INFO] functional.conftest: [basalt] App installed and transport connected
16:39:43 [INFO] functional.conftest: [basalt] App opened via install
-------------------------------- live log call ---------------------------------
16:39:55 [INFO] functional.test_create_timer: Before reset: 9 e 19.59 19:64m 16.39 Ker M J
16:39:57 [INFO] functional.test_create_timer: After reset: 9 e 19.59 19 66 16.39 Ker M J
PASSED                                                                   [ 40%]
------------------------------ live log teardown -------------------------------
16:39:57 [INFO] functional.conftest: [basalt] Quitting app after test: test_long_press_select_resets_timer[basalt]

test/functional/test_create_timer.py::TestCreateTimer::test_create_2_minute_timer[chalk] 
-------------------------------- live log setup --------------------------------
16:39:59 [INFO] functional.conftest: [basalt] Tearing down - killing emulator
SKIPPED (Skipping test for chalk since --platform=basalt was specified.) [ 40%]
test/functional/test_create_timer.py::TestCreateTimer::test_initial_state_shows_new[chalk] SKIPPED [ 41%]
test/functional/test_create_timer.py::TestCreateTimer::test_down_button_increments_minutes[chalk] SKIPPED [ 41%]
test/functional/test_create_timer.py::TestButtonPresses::test_up_button_increments_20_minutes[chalk] SKIPPED [ 41%]
test/functional/test_create_timer.py::TestButtonPresses::test_select_button_increments_5_minutes[chalk] SKIPPED [ 41%]
test/functional/test_create_timer.py::TestTimerCountdown::test_timer_counts_down[chalk] SKIPPED [ 41%]
test/functional/test_create_timer.py::TestTimerCountdown::test_timer_transitions_to_counting_mode[chalk] SKIPPED [ 42%]
test/functional/test_create_timer.py::TestChronoMode::test_chrono_mode_counts_up[chalk] SKIPPED [ 42%]
test/functional/test_create_timer.py::TestPlayPause::test_select_toggles_play_pause_in_counting_mode[chalk] SKIPPED [ 42%]
test/functional/test_create_timer.py::TestTimerStartsImmediately::test_timer_counts_down_during_setup[chalk] SKIPPED [ 42%]
test/functional/test_create_timer.py::TestTimerStartsImmediately::test_chrono_has_elapsed_time_when_mode_expires[chalk] SKIPPED [ 43%]
test/functional/test_create_timer.py::TestLongPressReset::test_long_press_select_resets_timer[chalk] SKIPPED [ 43%]
test/functional/test_create_timer.py::TestCreateTimer::test_create_2_minute_timer[diorite] SKIPPED [ 43%]
test/functional/test_create_timer.py::TestCreateTimer::test_initial_state_shows_new[diorite] SKIPPED [ 43%]
test/functional/test_create_timer.py::TestCreateTimer::test_down_button_increments_minutes[diorite] SKIPPED [ 44%]
test/functional/test_create_timer.py::TestButtonPresses::test_up_button_increments_20_minutes[diorite] SKIPPED [ 44%]
test/functional/test_create_timer.py::TestButtonPresses::test_select_button_increments_5_minutes[diorite] SKIPPED [ 44%]
test/functional/test_create_timer.py::TestTimerCountdown::test_timer_counts_down[diorite] SKIPPED [ 44%]
test/functional/test_create_timer.py::TestTimerCountdown::test_timer_transitions_to_counting_mode[diorite] SKIPPED [ 45%]
test/functional/test_create_timer.py::TestChronoMode::test_chrono_mode_counts_up[diorite] SKIPPED [ 45%]
test/functional/test_create_timer.py::TestPlayPause::test_select_toggles_play_pause_in_counting_mode[diorite] SKIPPED [ 45%]
test/functional/test_create_timer.py::TestTimerStartsImmediately::test_timer_counts_down_during_setup[diorite] SKIPPED [ 45%]
test/functional/test_create_timer.py::TestTimerStartsImmediately::test_chrono_has_elapsed_time_when_mode_expires[diorite] SKIPPED [ 45%]
test/functional/test_create_timer.py::TestLongPressReset::test_long_press_select_resets_timer[diorite] SKIPPED [ 46%]
test/functional/test_directional_icons.py::TestNewModeForwardIcons::test_new_forward_has_icons[aplite] SKIPPED [ 46%]
test/functional/test_directional_icons.py::TestNewModeReverseIcons::test_new_reverse_back_icon[aplite] SKIPPED [ 46%]
test/functional/test_directional_icons.py::TestNewModeReverseIcons::test_new_reverse_up_icon[aplite] SKIPPED [ 46%]
test/functional/test_directional_icons.py::TestNewModeReverseIcons::test_new_reverse_select_icon[aplite] SKIPPED [ 47%]
test/functional/test_directional_icons.py::TestNewModeReverseIcons::test_new_reverse_down_icon[aplite] SKIPPED [ 47%]
test/functional/test_directional_icons.py::TestEditSecModeForwardIcons::test_editsec_forward_back_icon_plus60[aplite] SKIPPED [ 47%]
test/functional/test_directional_icons.py::TestEditSecModeForwardIcons::test_editsec_forward_has_icons[aplite] SKIPPED [ 47%]
test/functional/test_directional_icons.py::TestEditSecModeReverseIcons::test_editsec_reverse_back_icon[aplite] SKIPPED [ 48%]
test/functional/test_directional_icons.py::TestEditSecModeReverseIcons::test_editsec_reverse_up_icon[aplite] SKIPPED [ 48%]
test/functional/test_directional_icons.py::TestEditSecModeReverseIcons::test_editsec_reverse_select_icon[aplite] SKIPPED [ 48%]
test/functional/test_directional_icons.py::TestEditSecModeReverseIcons::test_editsec_reverse_down_icon[aplite] SKIPPED [ 48%]
test/functional/test_directional_icons.py::TestNewModeForwardIcons::test_new_forward_has_icons[basalt] 
-------------------------------- live log setup --------------------------------
16:39:59 [INFO] functional.test_directional_icons: [basalt] Starting warm-up cycle
16:40:03 [INFO] functional.conftest: [basalt] Installing app on emulator
16:40:11 [INFO] functional.conftest: [basalt] App installed and transport connected
16:40:11 [INFO] functional.test_directional_icons: [basalt] Waiting for emulator to stabilize (2s)
16:40:13 [INFO] functional.test_directional_icons: [basalt] Holding down button to quit app and set persist state
16:40:16 [INFO] functional.test_directional_icons: [basalt] Emulator ready for tests
16:40:16 [INFO] functional.conftest: [basalt] Opening app for test: test_new_forward_has_icons[basalt]
16:40:16 [INFO] functional.conftest: [basalt] Opening app via install (preserving state)
16:40:16 [INFO] functional.conftest: [basalt] Installing app on emulator
16:40:19 [INFO] functional.conftest: [basalt] App installed and transport connected
16:40:19 [INFO] functional.conftest: [basalt] App opened via install
PASSED                                                                   [ 49%]
------------------------------ live log teardown -------------------------------
16:40:22 [INFO] functional.conftest: [basalt] Quitting app after test: test_new_forward_has_icons[basalt]

test/functional/test_directional_icons.py::TestNewModeReverseIcons::test_new_reverse_back_icon[basalt] 
-------------------------------- live log setup --------------------------------
16:40:24 [INFO] functional.conftest: [basalt] Opening app for test: test_new_reverse_back_icon[basalt]
16:40:24 [INFO] functional.conftest: [basalt] Opening app via install (preserving state)
16:40:24 [INFO] functional.conftest: [basalt] Installing app on emulator
16:40:27 [INFO] functional.conftest: [basalt] App installed and transport connected
16:40:27 [INFO] functional.conftest: [basalt] App opened via install
PASSED                                                                   [ 49%]
------------------------------ live log teardown -------------------------------
16:40:33 [INFO] functional.conftest: [basalt] Quitting app after test: test_new_reverse_back_icon[basalt]

test/functional/test_directional_icons.py::TestNewModeReverseIcons::test_new_reverse_up_icon[basalt] 
-------------------------------- live log setup --------------------------------
16:40:35 [INFO] functional.conftest: [basalt] Opening app for test: test_new_reverse_up_icon[basalt]
16:40:35 [INFO] functional.conftest: [basalt] Opening app via install (preserving state)
16:40:35 [INFO] functional.conftest: [basalt] Installing app on emulator
16:40:37 [INFO] functional.conftest: [basalt] App installed and transport connected
16:40:37 [INFO] functional.conftest: [basalt] App opened via install
PASSED                                                                   [ 49%]
------------------------------ live log teardown -------------------------------
16:40:44 [INFO] functional.conftest: [basalt] Quitting app after test: test_new_reverse_up_icon[basalt]

test/functional/test_directional_icons.py::TestNewModeReverseIcons::test_new_reverse_select_icon[basalt] 
-------------------------------- live log setup --------------------------------
16:40:46 [INFO] functional.conftest: [basalt] Opening app for test: test_new_reverse_select_icon[basalt]
16:40:46 [INFO] functional.conftest: [basalt] Opening app via install (preserving state)
16:40:46 [INFO] functional.conftest: [basalt] Installing app on emulator
16:40:48 [INFO] functional.conftest: [basalt] App installed and transport connected
16:40:48 [INFO] functional.conftest: [basalt] App opened via install
PASSED                                                                   [ 49%]
------------------------------ live log teardown -------------------------------
16:40:54 [INFO] functional.conftest: [basalt] Quitting app after test: test_new_reverse_select_icon[basalt]

test/functional/test_directional_icons.py::TestNewModeReverseIcons::test_new_reverse_down_icon[basalt] 
-------------------------------- live log setup --------------------------------
16:40:56 [INFO] functional.conftest: [basalt] Opening app for test: test_new_reverse_down_icon[basalt]
16:40:56 [INFO] functional.conftest: [basalt] Opening app via install (preserving state)
16:40:56 [INFO] functional.conftest: [basalt] Installing app on emulator
16:40:59 [INFO] functional.conftest: [basalt] App installed and transport connected
16:40:59 [INFO] functional.conftest: [basalt] App opened via install
PASSED                                                                   [ 50%]
------------------------------ live log teardown -------------------------------
16:41:05 [INFO] functional.conftest: [basalt] Quitting app after test: test_new_reverse_down_icon[basalt]

test/functional/test_directional_icons.py::TestEditSecModeForwardIcons::test_editsec_forward_back_icon_plus60[basalt] 
-------------------------------- live log setup --------------------------------
16:41:07 [INFO] functional.conftest: [basalt] Opening app for test: test_editsec_forward_back_icon_plus60[basalt]
16:41:07 [INFO] functional.conftest: [basalt] Opening app via install (preserving state)
16:41:07 [INFO] functional.conftest: [basalt] Installing app on emulator
16:41:10 [INFO] functional.conftest: [basalt] App installed and transport connected
16:41:10 [INFO] functional.conftest: [basalt] App opened via install
PASSED                                                                   [ 50%]
------------------------------ live log teardown -------------------------------
16:41:17 [INFO] functional.conftest: [basalt] Quitting app after test: test_editsec_forward_back_icon_plus60[basalt]

test/functional/test_directional_icons.py::TestEditSecModeForwardIcons::test_editsec_forward_has_icons[basalt] 
-------------------------------- live log setup --------------------------------
16:41:19 [INFO] functional.conftest: [basalt] Opening app for test: test_editsec_forward_has_icons[basalt]
16:41:19 [INFO] functional.conftest: [basalt] Opening app via install (preserving state)
16:41:19 [INFO] functional.conftest: [basalt] Installing app on emulator
16:41:22 [INFO] functional.conftest: [basalt] App installed and transport connected
16:41:22 [INFO] functional.conftest: [basalt] App opened via install
PASSED                                                                   [ 50%]
------------------------------ live log teardown -------------------------------
16:41:30 [INFO] functional.conftest: [basalt] Quitting app after test: test_editsec_forward_has_icons[basalt]

test/functional/test_directional_icons.py::TestEditSecModeReverseIcons::test_editsec_reverse_back_icon[basalt] 
-------------------------------- live log setup --------------------------------
16:41:32 [INFO] functional.conftest: [basalt] Opening app for test: test_editsec_reverse_back_icon[basalt]
16:41:32 [INFO] functional.conftest: [basalt] Opening app via install (preserving state)
16:41:32 [INFO] functional.conftest: [basalt] Installing app on emulator
16:41:34 [INFO] functional.conftest: [basalt] App installed and transport connected
16:41:34 [INFO] functional.conftest: [basalt] App opened via install
PASSED                                                                   [ 50%]
------------------------------ live log teardown -------------------------------
16:41:46 [INFO] functional.conftest: [basalt] Quitting app after test: test_editsec_reverse_back_icon[basalt]

test/functional/test_directional_icons.py::TestEditSecModeReverseIcons::test_editsec_reverse_up_icon[basalt] 
-------------------------------- live log setup --------------------------------
16:41:48 [INFO] functional.conftest: [basalt] Opening app for test: test_editsec_reverse_up_icon[basalt]
16:41:48 [INFO] functional.conftest: [basalt] Opening app via install (preserving state)
16:41:48 [INFO] functional.conftest: [basalt] Installing app on emulator
16:41:50 [INFO] functional.conftest: [basalt] App installed and transport connected
16:41:50 [INFO] functional.conftest: [basalt] App opened via install
PASSED                                                                   [ 50%]
------------------------------ live log teardown -------------------------------
16:42:02 [INFO] functional.conftest: [basalt] Quitting app after test: test_editsec_reverse_up_icon[basalt]

test/functional/test_directional_icons.py::TestEditSecModeReverseIcons::test_editsec_reverse_select_icon[basalt] 
-------------------------------- live log setup --------------------------------
16:42:04 [INFO] functional.conftest: [basalt] Opening app for test: test_editsec_reverse_select_icon[basalt]
16:42:04 [INFO] functional.conftest: [basalt] Opening app via install (preserving state)
16:42:04 [INFO] functional.conftest: [basalt] Installing app on emulator
16:42:07 [INFO] functional.conftest: [basalt] App installed and transport connected
16:42:07 [INFO] functional.conftest: [basalt] App opened via install
PASSED                                                                   [ 51%]
------------------------------ live log teardown -------------------------------
16:42:18 [INFO] functional.conftest: [basalt] Quitting app after test: test_editsec_reverse_select_icon[basalt]

test/functional/test_directional_icons.py::TestEditSecModeReverseIcons::test_editsec_reverse_down_icon[basalt] 
-------------------------------- live log setup --------------------------------
16:42:20 [INFO] functional.conftest: [basalt] Opening app for test: test_editsec_reverse_down_icon[basalt]
16:42:20 [INFO] functional.conftest: [basalt] Opening app via install (preserving state)
16:42:20 [INFO] functional.conftest: [basalt] Installing app on emulator
16:42:23 [INFO] functional.conftest: [basalt] App installed and transport connected
16:42:23 [INFO] functional.conftest: [basalt] App opened via install
PASSED                                                                   [ 51%]
------------------------------ live log teardown -------------------------------
16:42:34 [INFO] functional.conftest: [basalt] Quitting app after test: test_editsec_reverse_down_icon[basalt]

test/functional/test_directional_icons.py::TestNewModeForwardIcons::test_new_forward_has_icons[chalk] 
-------------------------------- live log setup --------------------------------
16:42:36 [INFO] functional.test_directional_icons: [basalt] Tearing down - killing emulator
SKIPPED (Skipping test for chalk since --platform=basalt was specified.) [ 51%]
test/functional/test_directional_icons.py::TestNewModeReverseIcons::test_new_reverse_back_icon[chalk] SKIPPED [ 51%]
test/functional/test_directional_icons.py::TestNewModeReverseIcons::test_new_reverse_up_icon[chalk] SKIPPED [ 52%]
test/functional/test_directional_icons.py::TestNewModeReverseIcons::test_new_reverse_select_icon[chalk] SKIPPED [ 52%]
test/functional/test_directional_icons.py::TestNewModeReverseIcons::test_new_reverse_down_icon[chalk] SKIPPED [ 52%]
test/functional/test_directional_icons.py::TestEditSecModeForwardIcons::test_editsec_forward_back_icon_plus60[chalk] SKIPPED [ 52%]
test/functional/test_directional_icons.py::TestEditSecModeForwardIcons::test_editsec_forward_has_icons[chalk] SKIPPED [ 53%]
test/functional/test_directional_icons.py::TestEditSecModeReverseIcons::test_editsec_reverse_back_icon[chalk] SKIPPED [ 53%]
test/functional/test_directional_icons.py::TestEditSecModeReverseIcons::test_editsec_reverse_up_icon[chalk] SKIPPED [ 53%]
test/functional/test_directional_icons.py::TestEditSecModeReverseIcons::test_editsec_reverse_select_icon[chalk] SKIPPED [ 53%]
test/functional/test_directional_icons.py::TestEditSecModeReverseIcons::test_editsec_reverse_down_icon[chalk] SKIPPED [ 54%]
test/functional/test_directional_icons.py::TestNewModeForwardIcons::test_new_forward_has_icons[diorite] SKIPPED [ 54%]
test/functional/test_directional_icons.py::TestNewModeReverseIcons::test_new_reverse_back_icon[diorite] SKIPPED [ 54%]
test/functional/test_directional_icons.py::TestNewModeReverseIcons::test_new_reverse_up_icon[diorite] SKIPPED [ 54%]
test/functional/test_directional_icons.py::TestNewModeReverseIcons::test_new_reverse_select_icon[diorite] SKIPPED [ 54%]
test/functional/test_directional_icons.py::TestNewModeReverseIcons::test_new_reverse_down_icon[diorite] SKIPPED [ 55%]
test/functional/test_directional_icons.py::TestEditSecModeForwardIcons::test_editsec_forward_back_icon_plus60[diorite] SKIPPED [ 55%]
test/functional/test_directional_icons.py::TestEditSecModeForwardIcons::test_editsec_forward_has_icons[diorite] SKIPPED [ 55%]
test/functional/test_directional_icons.py::TestEditSecModeReverseIcons::test_editsec_reverse_back_icon[diorite] SKIPPED [ 55%]
test/functional/test_directional_icons.py::TestEditSecModeReverseIcons::test_editsec_reverse_up_icon[diorite] SKIPPED [ 56%]
test/functional/test_directional_icons.py::TestEditSecModeReverseIcons::test_editsec_reverse_select_icon[diorite] SKIPPED [ 56%]
test/functional/test_directional_icons.py::TestEditSecModeReverseIcons::test_editsec_reverse_down_icon[diorite] SKIPPED [ 56%]
test/functional/test_edit_mode_reset.py::TestEditModeReset::test_long_press_select_resets_in_control_mode_new[aplite] SKIPPED [ 56%]
test/functional/test_edit_mode_reset.py::TestEditModeReset::test_long_press_select_no_op_in_edit_sec[aplite] SKIPPED [ 57%]
test/functional/test_edit_mode_reset.py::TestEditModeReset::test_long_press_select_no_op_in_edit_repeat[aplite] SKIPPED [ 57%]
test/functional/test_edit_mode_reset.py::TestEditModeReset::test_long_press_select_resets_in_control_mode_new[basalt] 
-------------------------------- live log setup --------------------------------
16:42:37 [INFO] functional.conftest: [basalt] Starting warm-up cycle to clear stale state
16:42:40 [INFO] functional.conftest: [basalt] Installing app on emulator
16:42:49 [INFO] functional.conftest: [basalt] App installed and transport connected
16:42:49 [INFO] functional.conftest: [basalt] Waiting for emulator to stabilize (2s)
16:42:51 [INFO] functional.conftest: [basalt] Holding down button to quit app and set persist state
16:42:52 [INFO] functional.conftest: [basalt] App quit via long press, persist state set
16:42:53 [INFO] functional.conftest: [basalt] Emulator ready for tests
16:42:53 [INFO] functional.conftest: [basalt] Opening app for test: test_long_press_select_resets_in_control_mode_new[basalt]
16:42:53 [INFO] functional.conftest: [basalt] Opening app via install (preserving state)
16:42:53 [INFO] functional.conftest: [basalt] Installing app on emulator
16:42:55 [INFO] functional.conftest: [basalt] App installed and transport connected
16:42:55 [INFO] functional.conftest: [basalt] App opened via install
-------------------------------- live log call ---------------------------------
16:43:03 [INFO] functional.test_edit_mode_reset: After Up press state: {'event': 'button_up', 't': '1:52', 'm': 'New', 'r': '0', 'p': '0', 'v': '0', 'd': '1', 'l': '1', 'c': '0'}
16:43:05 [INFO] functional.test_edit_mode_reset: After long press Select state: {'event': 'long_press_select', 't': '0:00', 'm': 'EditSec', 'r': '0', 'p': '1', 'v': '0', 'd': '1', 'l': '1', 'c': '1'}
16:43:05 [INFO] functional.test_edit_mode_reset: After Back press state: {'event': 'button_back', 't': '1:00', 'm': 'EditSec', 'r': '0', 'p': '1', 'v': '0', 'd': '1', 'l': '1', 'c': '0'}
PASSED                                                                   [ 57%]
------------------------------ live log teardown -------------------------------
16:43:05 [INFO] functional.conftest: [basalt] Quitting app after test: test_long_press_select_resets_in_control_mode_new[basalt]

test/functional/test_edit_mode_reset.py::TestEditModeReset::test_long_press_select_no_op_in_edit_sec[basalt] SKIPPED [ 57%]
test/functional/test_edit_mode_reset.py::TestEditModeReset::test_long_press_select_no_op_in_edit_repeat[basalt] SKIPPED [ 58%]
test/functional/test_edit_mode_reset.py::TestEditModeReset::test_long_press_select_resets_in_control_mode_new[chalk] 
-------------------------------- live log setup --------------------------------
16:43:07 [INFO] functional.conftest: [basalt] Tearing down - killing emulator
SKIPPED (Skipping test for chalk since --platform=basalt was specified.) [ 58%]
test/functional/test_edit_mode_reset.py::TestEditModeReset::test_long_press_select_no_op_in_edit_sec[chalk] SKIPPED [ 58%]
test/functional/test_edit_mode_reset.py::TestEditModeReset::test_long_press_select_no_op_in_edit_repeat[chalk] SKIPPED [ 58%]
test/functional/test_edit_mode_reset.py::TestEditModeReset::test_long_press_select_resets_in_control_mode_new[diorite] SKIPPED [ 58%]
test/functional/test_edit_mode_reset.py::TestEditModeReset::test_long_press_select_no_op_in_edit_sec[diorite] SKIPPED [ 59%]
test/functional/test_edit_mode_reset.py::TestEditModeReset::test_long_press_select_no_op_in_edit_repeat[diorite] SKIPPED [ 59%]
test/functional/test_edit_timer_direction.py::TestZeroCrossingTypeConversion::test_countdown_to_chrono_via_subtraction_new_mode[aplite] SKIPPED [ 59%]
test/functional/test_edit_timer_direction.py::TestZeroCrossingTypeConversion::test_countdown_to_chrono_via_subtraction_editsec[aplite] SKIPPED [ 59%]
test/functional/test_edit_timer_direction.py::TestAutoDirectionFlip::test_auto_flip_countdown_to_chrono_new_mode[aplite] SKIPPED [ 60%]
test/functional/test_edit_timer_direction.py::TestAutoDirectionFlip::test_auto_flip_countdown_to_chrono_editsec[aplite] SKIPPED [ 60%]
test/functional/test_edit_timer_direction.py::TestAutoDirectionFlip::test_continued_editing_after_auto_flip_new_mode[aplite] SKIPPED [ 60%]
test/functional/test_edit_timer_direction.py::TestAutoDirectionFlip::test_round_trip_zero_crossing_editsec[aplite] SKIPPED [ 60%]
test/functional/test_edit_timer_direction.py::TestZeroCrossingTypeConversion::test_countdown_to_chrono_via_subtraction_new_mode[basalt] 
-------------------------------- live log setup --------------------------------
16:43:08 [INFO] functional.conftest: [basalt] Starting warm-up cycle to clear stale state
16:43:11 [INFO] functional.conftest: [basalt] Installing app on emulator
16:43:20 [INFO] functional.conftest: [basalt] App installed and transport connected
16:43:20 [INFO] functional.conftest: [basalt] Waiting for emulator to stabilize (2s)
16:43:22 [INFO] functional.conftest: [basalt] Holding down button to quit app and set persist state
16:43:23 [INFO] functional.conftest: [basalt] App quit via long press, persist state set
16:43:24 [INFO] functional.conftest: [basalt] Emulator ready for tests
16:43:24 [INFO] functional.conftest: [basalt] Opening app for test: test_countdown_to_chrono_via_subtraction_new_mode[basalt]
16:43:24 [INFO] functional.conftest: [basalt] Opening app via install (preserving state)
16:43:24 [INFO] functional.conftest: [basalt] Installing app on emulator
16:43:27 [INFO] functional.conftest: [basalt] App installed and transport connected
16:43:27 [INFO] functional.conftest: [basalt] App opened via install
-------------------------------- live log call ---------------------------------
16:43:35 [INFO] functional.test_edit_timer_direction: After subtraction state: {'event': 'button_up', 't': '18:09', 'm': 'New', 'r': '0', 'p': '0', 'v': '0', 'd': '1', 'l': '1', 'c': '1'}
PASSED                                                                   [ 61%]
------------------------------ live log teardown -------------------------------
16:43:42 [INFO] functional.conftest: [basalt] Quitting app after test: test_countdown_to_chrono_via_subtraction_new_mode[basalt]

test/functional/test_edit_timer_direction.py::TestZeroCrossingTypeConversion::test_countdown_to_chrono_via_subtraction_editsec[basalt] 
-------------------------------- live log setup --------------------------------
16:43:44 [INFO] functional.conftest: [basalt] Opening app for test: test_countdown_to_chrono_via_subtraction_editsec[basalt]
16:43:44 [INFO] functional.conftest: [basalt] Opening app via install (preserving state)
16:43:44 [INFO] functional.conftest: [basalt] Installing app on emulator
16:43:46 [INFO] functional.conftest: [basalt] App installed and transport connected
16:43:46 [INFO] functional.conftest: [basalt] App opened via install
-------------------------------- live log call ---------------------------------
16:43:58 [INFO] functional.test_edit_timer_direction: After subtraction state: {'event': 'button_back', 't': '0:55', 'm': 'EditSec', 'r': '0', 'p': '1', 'v': '0', 'd': '1', 'l': '1', 'c': '1'}
PASSED                                                                   [ 61%]
------------------------------ live log teardown -------------------------------
16:43:58 [INFO] functional.conftest: [basalt] Quitting app after test: test_countdown_to_chrono_via_subtraction_editsec[basalt]

test/functional/test_edit_timer_direction.py::TestAutoDirectionFlip::test_auto_flip_countdown_to_chrono_new_mode[basalt] 
-------------------------------- live log setup --------------------------------
16:44:00 [INFO] functional.conftest: [basalt] Opening app for test: test_auto_flip_countdown_to_chrono_new_mode[basalt]
16:44:00 [INFO] functional.conftest: [basalt] Opening app via install (preserving state)
16:44:00 [INFO] functional.conftest: [basalt] Installing app on emulator
16:44:03 [INFO] functional.conftest: [basalt] App installed and transport connected
16:44:03 [INFO] functional.conftest: [basalt] App opened via install
-------------------------------- live log call ---------------------------------
16:44:11 [INFO] functional.test_edit_timer_direction: After zero-crossing state: {'event': 'button_up', 't': '18:08', 'm': 'New', 'r': '0', 'p': '0', 'v': '0', 'd': '1', 'l': '1', 'c': '1'}
PASSED                                                                   [ 61%]
------------------------------ live log teardown -------------------------------
16:44:11 [INFO] functional.conftest: [basalt] Quitting app after test: test_auto_flip_countdown_to_chrono_new_mode[basalt]

test/functional/test_edit_timer_direction.py::TestAutoDirectionFlip::test_auto_flip_countdown_to_chrono_editsec[basalt] 
-------------------------------- live log setup --------------------------------
16:44:13 [INFO] functional.conftest: [basalt] Opening app for test: test_auto_flip_countdown_to_chrono_editsec[basalt]
16:44:13 [INFO] functional.conftest: [basalt] Opening app via install (preserving state)
16:44:13 [INFO] functional.conftest: [basalt] Installing app on emulator
16:44:16 [INFO] functional.conftest: [basalt] App installed and transport connected
16:44:16 [INFO] functional.conftest: [basalt] App opened via install
-------------------------------- live log call ---------------------------------
16:44:26 [INFO] functional.test_edit_timer_direction: After zero-crossing state: {'event': 'button_back', 't': '0:55', 'm': 'EditSec', 'r': '0', 'p': '1', 'v': '0', 'd': '1', 'l': '1', 'c': '1'}
PASSED                                                                   [ 61%]
------------------------------ live log teardown -------------------------------
16:44:26 [INFO] functional.conftest: [basalt] Quitting app after test: test_auto_flip_countdown_to_chrono_editsec[basalt]

test/functional/test_edit_timer_direction.py::TestAutoDirectionFlip::test_continued_editing_after_auto_flip_new_mode[basalt] 
-------------------------------- live log setup --------------------------------
16:44:28 [INFO] functional.conftest: [basalt] Opening app for test: test_continued_editing_after_auto_flip_new_mode[basalt]
16:44:28 [INFO] functional.conftest: [basalt] Opening app via install (preserving state)
16:44:28 [INFO] functional.conftest: [basalt] Installing app on emulator
16:44:31 [INFO] functional.conftest: [basalt] App installed and transport connected
16:44:31 [INFO] functional.conftest: [basalt] App opened via install
-------------------------------- live log call ---------------------------------
16:44:39 [INFO] functional.test_edit_timer_direction: After adding 1 minute state: {'event': 'button_down', 't': '1:52', 'm': 'New', 'r': '0', 'p': '0', 'v': '0', 'd': '1', 'l': '1', 'c': '0'}
PASSED                                                                   [ 62%]
------------------------------ live log teardown -------------------------------
16:44:39 [INFO] functional.conftest: [basalt] Quitting app after test: test_continued_editing_after_auto_flip_new_mode[basalt]

test/functional/test_edit_timer_direction.py::TestAutoDirectionFlip::test_round_trip_zero_crossing_editsec[basalt] 
-------------------------------- live log setup --------------------------------
16:44:41 [INFO] functional.conftest: [basalt] Opening app for test: test_round_trip_zero_crossing_editsec[basalt]
16:44:41 [INFO] functional.conftest: [basalt] Opening app via install (preserving state)
16:44:41 [INFO] functional.conftest: [basalt] Installing app on emulator
16:44:44 [INFO] functional.conftest: [basalt] App installed and transport connected
16:44:44 [INFO] functional.conftest: [basalt] App opened via install
-------------------------------- live log call ---------------------------------
16:44:56 [INFO] functional.test_edit_timer_direction: After 2nd zero-crossing state: {'event': 'button_back', 't': '0:05', 'm': 'EditSec', 'r': '0', 'p': '1', 'v': '0', 'd': '1', 'l': '1', 'c': '0'}
PASSED                                                                   [ 62%]
------------------------------ live log teardown -------------------------------
16:44:56 [INFO] functional.conftest: [basalt] Quitting app after test: test_round_trip_zero_crossing_editsec[basalt]

test/functional/test_edit_timer_direction.py::TestZeroCrossingTypeConversion::test_countdown_to_chrono_via_subtraction_new_mode[chalk] 
-------------------------------- live log setup --------------------------------
16:44:58 [INFO] functional.conftest: [basalt] Tearing down - killing emulator
SKIPPED (Skipping test for chalk since --platform=basalt was specified.) [ 62%]
test/functional/test_edit_timer_direction.py::TestZeroCrossingTypeConversion::test_countdown_to_chrono_via_subtraction_editsec[chalk] SKIPPED [ 62%]
test/functional/test_edit_timer_direction.py::TestAutoDirectionFlip::test_auto_flip_countdown_to_chrono_new_mode[chalk] SKIPPED [ 62%]
test/functional/test_edit_timer_direction.py::TestAutoDirectionFlip::test_auto_flip_countdown_to_chrono_editsec[chalk] SKIPPED [ 63%]
test/functional/test_edit_timer_direction.py::TestAutoDirectionFlip::test_continued_editing_after_auto_flip_new_mode[chalk] SKIPPED [ 63%]
test/functional/test_edit_timer_direction.py::TestAutoDirectionFlip::test_round_trip_zero_crossing_editsec[chalk] SKIPPED [ 63%]
test/functional/test_edit_timer_direction.py::TestZeroCrossingTypeConversion::test_countdown_to_chrono_via_subtraction_new_mode[diorite] SKIPPED [ 63%]
test/functional/test_edit_timer_direction.py::TestZeroCrossingTypeConversion::test_countdown_to_chrono_via_subtraction_editsec[diorite] SKIPPED [ 64%]
test/functional/test_edit_timer_direction.py::TestAutoDirectionFlip::test_auto_flip_countdown_to_chrono_new_mode[diorite] SKIPPED [ 64%]
test/functional/test_edit_timer_direction.py::TestAutoDirectionFlip::test_auto_flip_countdown_to_chrono_editsec[diorite] SKIPPED [ 64%]
test/functional/test_edit_timer_direction.py::TestAutoDirectionFlip::test_continued_editing_after_auto_flip_new_mode[diorite] SKIPPED [ 64%]
test/functional/test_edit_timer_direction.py::TestAutoDirectionFlip::test_round_trip_zero_crossing_editsec[diorite] SKIPPED [ 65%]
test/functional/test_hold_select_restart.py::TestRestartRunningCountdown::test_restart_running_countdown_preserves_running[aplite] SKIPPED [ 65%]
test/functional/test_hold_select_restart.py::TestRestartPausedCountdown::test_restart_paused_countdown_preserves_paused[aplite] SKIPPED [ 65%]
test/functional/test_hold_select_restart.py::TestRestartRunningChrono::test_restart_running_chrono_preserves_running[aplite] SKIPPED [ 65%]
test/functional/test_hold_select_restart.py::TestRestartPausedChrono::test_restart_paused_chrono_preserves_paused[aplite] SKIPPED [ 66%]
test/functional/test_hold_select_restart.py::TestRestartRepeatingTimerRestoresCount::test_restart_repeating_timer_restores_repeat_count[aplite] SKIPPED [ 66%]
test/functional/test_hold_select_restart.py::TestRestartDuringAlarm::test_restart_during_alarm[aplite] SKIPPED [ 66%]
test/functional/test_hold_select_restart.py::TestOtherModesUnchanged::test_other_modes_unchanged[aplite] SKIPPED [ 66%]
test/functional/test_hold_select_restart.py::TestRestartRunningCountdown::test_restart_running_countdown_preserves_running[basalt] 
-------------------------------- live log setup --------------------------------
16:44:59 [INFO] functional.test_hold_select_restart: [basalt] Starting warm-up cycle
16:45:02 [INFO] functional.conftest: [basalt] Installing app on emulator
16:45:11 [INFO] functional.conftest: [basalt] App installed and transport connected
16:45:15 [INFO] functional.test_hold_select_restart: [basalt] Emulator ready for tests
16:45:15 [INFO] functional.conftest: [basalt] Opening app for test: test_restart_running_countdown_preserves_running[basalt]
16:45:15 [INFO] functional.conftest: [basalt] Opening app via install (preserving state)
16:45:15 [INFO] functional.conftest: [basalt] Installing app on emulator
16:45:18 [INFO] functional.conftest: [basalt] App installed and transport connected
16:45:18 [INFO] functional.conftest: [basalt] App opened via install
-------------------------------- live log call ---------------------------------
16:45:27 [INFO] functional.test_hold_select_restart: After restart state: {'event': 'long_press_select', 't': '0:58', 'm': 'Counting', 'r': '0', 'p': '0', 'v': '0', 'd': '1', 'l': '0', 'c': '0'}
PASSED                                                                   [ 66%]
------------------------------ live log teardown -------------------------------
16:45:27 [INFO] functional.conftest: [basalt] Quitting app after test: test_restart_running_countdown_preserves_running[basalt]

test/functional/test_hold_select_restart.py::TestRestartPausedCountdown::test_restart_paused_countdown_preserves_paused[basalt] 
-------------------------------- live log setup --------------------------------
16:45:29 [INFO] functional.conftest: [basalt] Opening app for test: test_restart_paused_countdown_preserves_paused[basalt]
16:45:29 [INFO] functional.conftest: [basalt] Opening app via install (preserving state)
16:45:29 [INFO] functional.conftest: [basalt] Installing app on emulator
16:45:31 [INFO] functional.conftest: [basalt] App installed and transport connected
16:45:31 [INFO] functional.conftest: [basalt] App opened via install
-------------------------------- live log call ---------------------------------
16:45:40 [INFO] functional.test_hold_select_restart: After restart state: {'event': 'long_press_select', 't': '0:57', 'm': 'Counting', 'r': '0', 'p': '1', 'v': '0', 'd': '1', 'l': '0', 'c': '0'}
PASSED                                                                   [ 67%]
------------------------------ live log teardown -------------------------------
16:45:40 [INFO] functional.conftest: [basalt] Quitting app after test: test_restart_paused_countdown_preserves_paused[basalt]

test/functional/test_hold_select_restart.py::TestRestartRunningChrono::test_restart_running_chrono_preserves_running[basalt] 
-------------------------------- live log setup --------------------------------
16:45:42 [INFO] functional.conftest: [basalt] Opening app for test: test_restart_running_chrono_preserves_running[basalt]
16:45:42 [INFO] functional.conftest: [basalt] Opening app via install (preserving state)
16:45:42 [INFO] functional.conftest: [basalt] Installing app on emulator
16:45:44 [INFO] functional.conftest: [basalt] App installed and transport connected
16:45:44 [INFO] functional.conftest: [basalt] App opened via install
-------------------------------- live log call ---------------------------------
16:45:54 [INFO] functional.test_hold_select_restart: After restart state: {'event': 'long_press_select', 't': '0:00', 'm': 'Counting', 'r': '0', 'p': '0', 'v': '0', 'd': '1', 'l': '0', 'c': '1'}
PASSED                                                                   [ 67%]
------------------------------ live log teardown -------------------------------
16:45:54 [INFO] functional.conftest: [basalt] Quitting app after test: test_restart_running_chrono_preserves_running[basalt]

test/functional/test_hold_select_restart.py::TestRestartPausedChrono::test_restart_paused_chrono_preserves_paused[basalt] 
-------------------------------- live log setup --------------------------------
16:45:56 [INFO] functional.conftest: [basalt] Opening app for test: test_restart_paused_chrono_preserves_paused[basalt]
16:45:56 [INFO] functional.conftest: [basalt] Opening app via install (preserving state)
16:45:56 [INFO] functional.conftest: [basalt] Installing app on emulator
16:45:58 [INFO] functional.conftest: [basalt] App installed and transport connected
16:45:58 [INFO] functional.conftest: [basalt] App opened via install
-------------------------------- live log call ---------------------------------
16:46:08 [INFO] functional.test_hold_select_restart: After restart state: {'event': 'long_press_select', 't': '0:00', 'm': 'Counting', 'r': '0', 'p': '1', 'v': '0', 'd': '1', 'l': '0', 'c': '1'}
PASSED                                                                   [ 67%]
------------------------------ live log teardown -------------------------------
16:46:08 [INFO] functional.conftest: [basalt] Quitting app after test: test_restart_paused_chrono_preserves_paused[basalt]

test/functional/test_hold_select_restart.py::TestRestartRepeatingTimerRestoresCount::test_restart_repeating_timer_restores_repeat_count[basalt] 
-------------------------------- live log setup --------------------------------
16:46:10 [INFO] functional.conftest: [basalt] Opening app for test: test_restart_repeating_timer_restores_repeat_count[basalt]
16:46:10 [INFO] functional.conftest: [basalt] Opening app via install (preserving state)
16:46:10 [INFO] functional.conftest: [basalt] Installing app on emulator
16:46:13 [INFO] functional.conftest: [basalt] App installed and transport connected
16:46:13 [INFO] functional.conftest: [basalt] App opened via install
-------------------------------- live log call ---------------------------------
16:46:14 [INFO] functional.test_timer_workflows: [basalt] Setting up 15s timer: waiting for chrono mode
16:46:28 [INFO] functional.test_timer_workflows: [basalt] Short timer set to 15s, waiting for expire
16:46:32 [INFO] functional.test_timer_workflows: [basalt] Short timer started, counting down from 15s
16:46:48 [INFO] functional.test_hold_select_restart: After restart state: {'event': 'long_press_select', 't': '0:15', 'm': 'Counting', 'r': '3', 'p': '0', 'v': '0', 'd': '1', 'l': '0', 'c': '0'}
PASSED                                                                   [ 67%]
------------------------------ live log teardown -------------------------------
16:46:48 [INFO] functional.conftest: [basalt] Quitting app after test: test_restart_repeating_timer_restores_repeat_count[basalt]

test/functional/test_hold_select_restart.py::TestRestartDuringAlarm::test_restart_during_alarm[basalt] 
-------------------------------- live log setup --------------------------------
16:46:50 [INFO] functional.conftest: [basalt] Opening app for test: test_restart_during_alarm[basalt]
16:46:50 [INFO] functional.conftest: [basalt] Opening app via install (preserving state)
16:46:50 [INFO] functional.conftest: [basalt] Installing app on emulator
16:46:53 [INFO] functional.conftest: [basalt] App installed and transport connected
16:46:53 [INFO] functional.conftest: [basalt] App opened via install
-------------------------------- live log call ---------------------------------
16:46:54 [INFO] functional.test_timer_workflows: [basalt] Setting up 4s timer: waiting for chrono mode
16:47:02 [INFO] functional.test_timer_workflows: [basalt] Short timer set to 4s, waiting for expire
16:47:06 [INFO] functional.test_timer_workflows: [basalt] Short timer started, counting down from 4s
16:47:11 [INFO] functional.test_hold_select_restart: After restart state: {'event': 'long_press_select', 't': '0:04', 'm': 'Counting', 'r': '0', 'p': '0', 'v': '0', 'd': '1', 'l': '0', 'c': '0'}
PASSED                                                                   [ 68%]
------------------------------ live log teardown -------------------------------
16:47:11 [INFO] functional.conftest: [basalt] Quitting app after test: test_restart_during_alarm[basalt]

test/functional/test_hold_select_restart.py::TestOtherModesUnchanged::test_other_modes_unchanged[basalt] 
-------------------------------- live log setup --------------------------------
16:47:13 [INFO] functional.conftest: [basalt] Opening app for test: test_other_modes_unchanged[basalt]
16:47:13 [INFO] functional.conftest: [basalt] Opening app via install (preserving state)
16:47:13 [INFO] functional.conftest: [basalt] Installing app on emulator
16:47:15 [INFO] functional.conftest: [basalt] App installed and transport connected
16:47:15 [INFO] functional.conftest: [basalt] App opened via install
PASSED                                                                   [ 68%]
------------------------------ live log teardown -------------------------------
16:47:24 [INFO] functional.conftest: [basalt] Quitting app after test: test_other_modes_unchanged[basalt]

test/functional/test_hold_select_restart.py::TestRestartRunningCountdown::test_restart_running_countdown_preserves_running[chalk] SKIPPED [ 68%]
test/functional/test_hold_select_restart.py::TestRestartPausedCountdown::test_restart_paused_countdown_preserves_paused[chalk] SKIPPED [ 68%]
test/functional/test_hold_select_restart.py::TestRestartRunningChrono::test_restart_running_chrono_preserves_running[chalk] SKIPPED [ 69%]
test/functional/test_hold_select_restart.py::TestRestartPausedChrono::test_restart_paused_chrono_preserves_paused[chalk] SKIPPED [ 69%]
test/functional/test_hold_select_restart.py::TestRestartRepeatingTimerRestoresCount::test_restart_repeating_timer_restores_repeat_count[chalk] SKIPPED [ 69%]
test/functional/test_hold_select_restart.py::TestRestartDuringAlarm::test_restart_during_alarm[chalk] SKIPPED [ 69%]
test/functional/test_hold_select_restart.py::TestOtherModesUnchanged::test_other_modes_unchanged[chalk] SKIPPED [ 70%]
test/functional/test_hold_select_restart.py::TestRestartRunningCountdown::test_restart_running_countdown_preserves_running[diorite] SKIPPED [ 70%]
test/functional/test_hold_select_restart.py::TestRestartPausedCountdown::test_restart_paused_countdown_preserves_paused[diorite] SKIPPED [ 70%]
test/functional/test_hold_select_restart.py::TestRestartRunningChrono::test_restart_running_chrono_preserves_running[diorite] SKIPPED [ 70%]
test/functional/test_hold_select_restart.py::TestRestartPausedChrono::test_restart_paused_chrono_preserves_paused[diorite] SKIPPED [ 70%]
test/functional/test_hold_select_restart.py::TestRestartRepeatingTimerRestoresCount::test_restart_repeating_timer_restores_repeat_count[diorite] SKIPPED [ 71%]
test/functional/test_hold_select_restart.py::TestRestartDuringAlarm::test_restart_during_alarm[diorite] SKIPPED [ 71%]
test/functional/test_hold_select_restart.py::TestOtherModesUnchanged::test_other_modes_unchanged[diorite] SKIPPED [ 71%]
test/functional/test_log_based.py::TestLogBasedAssertions::test_up_button_increments_20_minutes_log_based[aplite] SKIPPED [ 71%]
test/functional/test_log_based.py::TestLogBasedAssertions::test_init_state_log[aplite] SKIPPED [ 72%]
test/functional/test_log_based.py::TestLogBasedAssertions::test_multiple_button_presses_log_sequence[aplite] SKIPPED [ 72%]
test/functional/test_log_based.py::TestLogBasedAssertions::test_mode_transition_via_logs[aplite] SKIPPED [ 72%]
test/functional/test_log_based.py::TestLogBasedAssertions::test_up_button_increments_20_minutes_log_based[basalt] 
-------------------------------- live log setup --------------------------------
16:47:26 [INFO] functional.conftest: [basalt] Starting warm-up cycle to clear stale state
16:47:30 [INFO] functional.conftest: [basalt] Installing app on emulator
16:47:39 [INFO] functional.conftest: [basalt] App installed and transport connected
16:47:39 [INFO] functional.conftest: [basalt] Waiting for emulator to stabilize (2s)
16:47:41 [INFO] functional.conftest: [basalt] Holding down button to quit app and set persist state
16:47:42 [INFO] functional.conftest: [basalt] App quit via long press, persist state set
16:47:42 [INFO] functional.conftest: [basalt] Emulator ready for tests
16:47:42 [INFO] functional.conftest: [basalt] Opening app for test: test_up_button_increments_20_minutes_log_based[basalt]
16:47:42 [INFO] functional.conftest: [basalt] Opening app via install (preserving state)
16:47:42 [INFO] functional.conftest: [basalt] Installing app on emulator
16:47:45 [INFO] functional.conftest: [basalt] App installed and transport connected
16:47:45 [INFO] functional.conftest: [basalt] App opened via install
-------------------------------- live log call ---------------------------------
16:47:47 [INFO] functional.test_log_based: All captured logs: ['[16:47:47] utility.c:56> TEST_STATE:button_up,t=19:58,m=New,r=0,p=0,v=0,d=1,l=1,c=0']
16:47:47 [INFO] functional.test_log_based: Received state: {'event': 'button_up', 't': '19:58', 'm': 'New', 'r': '0', 'p': '0', 'v': '0', 'd': '1', 'l': '1', 'c': '0'}
PASSED                                                                   [ 72%]
------------------------------ live log teardown -------------------------------
16:47:47 [INFO] functional.conftest: [basalt] Quitting app after test: test_up_button_increments_20_minutes_log_based[basalt]

test/functional/test_log_based.py::TestLogBasedAssertions::test_init_state_log[basalt] 
-------------------------------- live log setup --------------------------------
16:47:49 [INFO] functional.conftest: [basalt] Opening app for test: test_init_state_log[basalt]
16:47:49 [INFO] functional.conftest: [basalt] Opening app via install (preserving state)
16:47:49 [INFO] functional.conftest: [basalt] Installing app on emulator
16:47:52 [INFO] functional.conftest: [basalt] App installed and transport connected
16:47:52 [INFO] functional.conftest: [basalt] App opened via install
-------------------------------- live log call ---------------------------------
16:47:53 [INFO] functional.test_log_based: All captured states: []
16:47:53 [INFO] functional.test_log_based: Init log was likely emitted before capture started (expected)
PASSED                                                                   [ 73%]
------------------------------ live log teardown -------------------------------
16:47:53 [INFO] functional.conftest: [basalt] Quitting app after test: test_init_state_log[basalt]

test/functional/test_log_based.py::TestLogBasedAssertions::test_multiple_button_presses_log_sequence[basalt] 
-------------------------------- live log setup --------------------------------
16:47:55 [INFO] functional.conftest: [basalt] Opening app for test: test_multiple_button_presses_log_sequence[basalt]
16:47:55 [INFO] functional.conftest: [basalt] Opening app via install (preserving state)
16:47:55 [INFO] functional.conftest: [basalt] Installing app on emulator
16:47:58 [INFO] functional.conftest: [basalt] App installed and transport connected
16:47:58 [INFO] functional.conftest: [basalt] App opened via install
-------------------------------- live log call ---------------------------------
16:48:00 [INFO] functional.test_log_based: State after first Down: {'event': 'button_down', 't': '0:58', 'm': 'New', 'r': '0', 'p': '0', 'v': '0', 'd': '1', 'l': '1', 'c': '0'}
16:48:00 [INFO] functional.test_log_based: State after second Down: {'event': 'button_down', 't': '1:57', 'm': 'New', 'r': '0', 'p': '0', 'v': '0', 'd': '1', 'l': '1', 'c': '0'}
PASSED                                                                   [ 73%]
------------------------------ live log teardown -------------------------------
16:48:00 [INFO] functional.conftest: [basalt] Quitting app after test: test_multiple_button_presses_log_sequence[basalt]

test/functional/test_log_based.py::TestLogBasedAssertions::test_mode_transition_via_logs[basalt] 
-------------------------------- live log setup --------------------------------
16:48:02 [INFO] functional.conftest: [basalt] Opening app for test: test_mode_transition_via_logs[basalt]
16:48:02 [INFO] functional.conftest: [basalt] Opening app via install (preserving state)
16:48:02 [INFO] functional.conftest: [basalt] Installing app on emulator
16:48:05 [INFO] functional.conftest: [basalt] App installed and transport connected
16:48:05 [INFO] functional.conftest: [basalt] App opened via install
-------------------------------- live log call ---------------------------------
16:48:09 [INFO] functional.test_log_based: Mode change state: {'event': 'mode_change', 't': '0:55', 'm': 'Counting', 'r': '0', 'p': '0', 'v': '0', 'd': '1', 'l': '0', 'c': '0'}
PASSED                                                                   [ 73%]
------------------------------ live log teardown -------------------------------
16:48:09 [INFO] functional.conftest: [basalt] Quitting app after test: test_mode_transition_via_logs[basalt]

test/functional/test_log_based.py::TestLogBasedAssertions::test_up_button_increments_20_minutes_log_based[chalk] 
-------------------------------- live log setup --------------------------------
16:48:11 [INFO] functional.conftest: [basalt] Tearing down - killing emulator
SKIPPED (Skipping test for chalk since --platform=basalt was specified.) [ 73%]
test/functional/test_log_based.py::TestLogBasedAssertions::test_init_state_log[chalk] SKIPPED [ 74%]
test/functional/test_log_based.py::TestLogBasedAssertions::test_multiple_button_presses_log_sequence[chalk] SKIPPED [ 74%]
test/functional/test_log_based.py::TestLogBasedAssertions::test_mode_transition_via_logs[chalk] SKIPPED [ 74%]
test/functional/test_log_based.py::TestLogBasedAssertions::test_up_button_increments_20_minutes_log_based[diorite] SKIPPED [ 74%]
test/functional/test_log_based.py::TestLogBasedAssertions::test_init_state_log[diorite] SKIPPED [ 75%]
test/functional/test_log_based.py::TestLogBasedAssertions::test_multiple_button_presses_log_sequence[diorite] SKIPPED [ 75%]
test/functional/test_log_based.py::TestLogBasedAssertions::test_mode_transition_via_logs[diorite] SKIPPED [ 75%]
test/functional/test_repeat_counter_visibility.py::TestRepeatCounterVisibility::test_editrepeat_shows_repeat_counter[aplite] SKIPPED [ 75%]
test/functional/test_repeat_counter_visibility.py::TestRepeatCounterVisibility::test_counting_mode_up_region_with_repeats[aplite] SKIPPED [ 75%]
test/functional/test_repeat_counter_visibility.py::TestRepeatCounterVisibility::test_new_mode_baseline_has_plus_20_icon[aplite] SKIPPED [ 76%]
test/functional/test_repeat_counter_visibility.py::TestRepeatCounterVisibility::test_new_mode_with_repeats_hides_plus_20_icon[aplite] SKIPPED [ 76%]
test/functional/test_repeat_counter_visibility.py::TestRepeatCounterVisibility::test_editsec_mode_with_repeats_hides_plus_20_icon[aplite] SKIPPED [ 76%]
test/functional/test_repeat_counter_visibility.py::TestRepeatCounterVisibility::test_new_mode_reverse_with_repeats_hides_minus_20_icon[aplite] SKIPPED [ 76%]
test/functional/test_repeat_counter_visibility.py::TestIconOverlapPrevention::test_editrepeat_up_region_empty_during_flash_off[aplite] SKIPPED [ 77%]
test/functional/test_repeat_counter_visibility.py::TestRepeatCounterVisibility::test_editrepeat_shows_repeat_counter[basalt] 
-------------------------------- live log setup --------------------------------
16:48:12 [INFO] functional.conftest: [basalt] Starting warm-up cycle to clear stale state
16:48:16 [INFO] functional.conftest: [basalt] Installing app on emulator
16:48:24 [INFO] functional.conftest: [basalt] App installed and transport connected
16:48:24 [INFO] functional.conftest: [basalt] Waiting for emulator to stabilize (2s)
16:48:26 [INFO] functional.conftest: [basalt] Holding down button to quit app and set persist state
16:48:28 [INFO] functional.conftest: [basalt] App quit via long press, persist state set
16:48:28 [INFO] functional.conftest: [basalt] Emulator ready for tests
16:48:28 [INFO] functional.conftest: [basalt] Opening app for test: test_editrepeat_shows_repeat_counter[basalt]
16:48:28 [INFO] functional.conftest: [basalt] Opening app via install (preserving state)
16:48:28 [INFO] functional.conftest: [basalt] Installing app on emulator
16:48:31 [INFO] functional.conftest: [basalt] App installed and transport connected
16:48:31 [INFO] functional.conftest: [basalt] App opened via install
-------------------------------- live log call ---------------------------------
16:48:40 [INFO] functional.test_repeat_counter_visibility: Screenshot saved: /home/jared/Workspace/pebble-timer-quick/test/functional/screenshots/test_repeat_counter_basalt_editrepeat.png
FAILED                                                                   [ 77%]
------------------------------ live log teardown -------------------------------
16:48:40 [INFO] functional.conftest: [basalt] Quitting app after test: test_editrepeat_shows_repeat_counter[basalt]

test/functional/test_repeat_counter_visibility.py::TestRepeatCounterVisibility::test_counting_mode_up_region_with_repeats[basalt] 
-------------------------------- live log setup --------------------------------
16:48:42 [INFO] functional.conftest: [basalt] Opening app for test: test_counting_mode_up_region_with_repeats[basalt]
16:48:42 [INFO] functional.conftest: [basalt] Opening app via install (preserving state)
16:48:42 [INFO] functional.conftest: [basalt] Installing app on emulator
16:48:45 [INFO] functional.conftest: [basalt] App installed and transport connected
16:48:45 [INFO] functional.conftest: [basalt] App opened via install
-------------------------------- live log call ---------------------------------
16:48:55 [INFO] functional.test_repeat_counter_visibility: Screenshot saved: /home/jared/Workspace/pebble-timer-quick/test/functional/screenshots/test_repeat_counter_basalt_counting_repeats.png
16:48:55 [INFO] functional.test_repeat_counter_visibility: UP region has content: True
16:48:55 [WARNING] functional.test_button_icons: Icon mask mismatch for 'counting_up' on basalt: 177 pixels differ (tolerance=10)
PASSED                                                                   [ 77%]
------------------------------ live log teardown -------------------------------
16:48:55 [INFO] functional.conftest: [basalt] Quitting app after test: test_counting_mode_up_region_with_repeats[basalt]

test/functional/test_repeat_counter_visibility.py::TestRepeatCounterVisibility::test_new_mode_baseline_has_plus_20_icon[basalt] 
-------------------------------- live log setup --------------------------------
16:48:57 [INFO] functional.conftest: [basalt] Opening app for test: test_new_mode_baseline_has_plus_20_icon[basalt]
16:48:57 [INFO] functional.conftest: [basalt] Opening app via install (preserving state)
16:48:57 [INFO] functional.conftest: [basalt] Installing app on emulator
16:49:00 [INFO] functional.conftest: [basalt] App installed and transport connected
16:49:00 [INFO] functional.conftest: [basalt] App opened via install
-------------------------------- live log call ---------------------------------
16:49:03 [INFO] functional.test_repeat_counter_visibility: Screenshot saved: /home/jared/Workspace/pebble-timer-quick/test/functional/screenshots/test_repeat_counter_basalt_new_baseline.png
16:49:03 [INFO] functional.test_repeat_counter_visibility: New mode UP region non-bg pixels: 121
PASSED                                                                   [ 77%]
------------------------------ live log teardown -------------------------------
16:49:03 [INFO] functional.conftest: [basalt] Quitting app after test: test_new_mode_baseline_has_plus_20_icon[basalt]

test/functional/test_repeat_counter_visibility.py::TestRepeatCounterVisibility::test_new_mode_with_repeats_hides_plus_20_icon[basalt] 
-------------------------------- live log setup --------------------------------
16:49:05 [INFO] functional.conftest: [basalt] Opening app for test: test_new_mode_with_repeats_hides_plus_20_icon[basalt]
16:49:05 [INFO] functional.conftest: [basalt] Opening app via install (preserving state)
16:49:05 [INFO] functional.conftest: [basalt] Installing app on emulator
16:49:08 [INFO] functional.conftest: [basalt] App installed and transport connected
16:49:08 [INFO] functional.conftest: [basalt] App opened via install
-------------------------------- live log call ---------------------------------
16:49:19 [INFO] functional.test_repeat_counter_visibility: Screenshot saved: /home/jared/Workspace/pebble-timer-quick/test/functional/screenshots/test_repeat_counter_basalt_new_with_repeats.png
16:49:19 [INFO] functional.test_repeat_counter_visibility: New mode (with repeats) UP region non-bg pixels: 141
16:49:19 [WARNING] functional.test_button_icons: Icon mask mismatch for 'new_up' on basalt: 150 pixels differ (tolerance=10)
PASSED                                                                   [ 78%]
------------------------------ live log teardown -------------------------------
16:49:19 [INFO] functional.conftest: [basalt] Quitting app after test: test_new_mode_with_repeats_hides_plus_20_icon[basalt]

test/functional/test_repeat_counter_visibility.py::TestRepeatCounterVisibility::test_editsec_mode_with_repeats_hides_plus_20_icon[basalt] 
-------------------------------- live log setup --------------------------------
16:49:21 [INFO] functional.conftest: [basalt] Opening app for test: test_editsec_mode_with_repeats_hides_plus_20_icon[basalt]
16:49:21 [INFO] functional.conftest: [basalt] Opening app via install (preserving state)
16:49:21 [INFO] functional.conftest: [basalt] Installing app on emulator
16:49:23 [INFO] functional.conftest: [basalt] App installed and transport connected
16:49:23 [INFO] functional.conftest: [basalt] App opened via install
-------------------------------- live log call ---------------------------------
16:49:35 [INFO] functional.test_repeat_counter_visibility: Screenshot saved: /home/jared/Workspace/pebble-timer-quick/test/functional/screenshots/test_repeat_counter_basalt_editsec_with_repeats.png
16:49:35 [INFO] functional.test_repeat_counter_visibility: EditSec mode (with repeats) UP region non-bg pixels: 141
16:49:35 [WARNING] functional.test_button_icons: Icon mask mismatch for 'editsec_up' on basalt: 150 pixels differ (tolerance=10)
PASSED                                                                   [ 78%]
------------------------------ live log teardown -------------------------------
16:49:35 [INFO] functional.conftest: [basalt] Quitting app after test: test_editsec_mode_with_repeats_hides_plus_20_icon[basalt]

test/functional/test_repeat_counter_visibility.py::TestRepeatCounterVisibility::test_new_mode_reverse_with_repeats_hides_minus_20_icon[basalt] 
-------------------------------- live log setup --------------------------------
16:49:37 [INFO] functional.conftest: [basalt] Opening app for test: test_new_mode_reverse_with_repeats_hides_minus_20_icon[basalt]
16:49:37 [INFO] functional.conftest: [basalt] Opening app via install (preserving state)
16:49:37 [INFO] functional.conftest: [basalt] Installing app on emulator
16:49:40 [INFO] functional.conftest: [basalt] App installed and transport connected
16:49:40 [INFO] functional.conftest: [basalt] App opened via install
-------------------------------- live log call ---------------------------------
16:49:53 [INFO] functional.test_repeat_counter_visibility: Screenshot saved: /home/jared/Workspace/pebble-timer-quick/test/functional/screenshots/test_repeat_counter_basalt_new_reverse_with_repeats.png
16:49:53 [INFO] functional.test_repeat_counter_visibility: New mode reverse (with repeats) UP region non-bg pixels: 141
16:49:53 [WARNING] functional.test_button_icons: Icon mask mismatch for 'new_up_reverse' on basalt: 178 pixels differ (tolerance=10)
PASSED                                                                   [ 78%]
------------------------------ live log teardown -------------------------------
16:49:53 [INFO] functional.conftest: [basalt] Quitting app after test: test_new_mode_reverse_with_repeats_hides_minus_20_icon[basalt]

test/functional/test_repeat_counter_visibility.py::TestIconOverlapPrevention::test_editrepeat_up_region_empty_during_flash_off[basalt] 
-------------------------------- live log setup --------------------------------
16:49:55 [INFO] functional.conftest: [basalt] Opening app for test: test_editrepeat_up_region_empty_during_flash_off[basalt]
16:49:55 [INFO] functional.conftest: [basalt] Opening app via install (preserving state)
16:49:55 [INFO] functional.conftest: [basalt] Installing app on emulator
16:49:58 [INFO] functional.conftest: [basalt] App installed and transport connected
16:49:58 [INFO] functional.conftest: [basalt] App opened via install
-------------------------------- live log call ---------------------------------
16:50:18 [INFO] functional.test_repeat_counter_visibility: UP region pixel counts across 6 screenshots: [121, 34, 140, 34, 141, 34] (min=34, max=141)
PASSED                                                                   [ 78%]
------------------------------ live log teardown -------------------------------
16:50:18 [INFO] functional.conftest: [basalt] Quitting app after test: test_editrepeat_up_region_empty_during_flash_off[basalt]

test/functional/test_repeat_counter_visibility.py::TestRepeatCounterVisibility::test_editrepeat_shows_repeat_counter[chalk] 
-------------------------------- live log setup --------------------------------
16:50:20 [INFO] functional.conftest: [basalt] Tearing down - killing emulator
SKIPPED (Skipping test for chalk since --platform=basalt was specified.) [ 79%]
test/functional/test_repeat_counter_visibility.py::TestRepeatCounterVisibility::test_counting_mode_up_region_with_repeats[chalk] SKIPPED [ 79%]
test/functional/test_repeat_counter_visibility.py::TestRepeatCounterVisibility::test_new_mode_baseline_has_plus_20_icon[chalk] SKIPPED [ 79%]
test/functional/test_repeat_counter_visibility.py::TestRepeatCounterVisibility::test_new_mode_with_repeats_hides_plus_20_icon[chalk] SKIPPED [ 79%]
test/functional/test_repeat_counter_visibility.py::TestRepeatCounterVisibility::test_editsec_mode_with_repeats_hides_plus_20_icon[chalk] SKIPPED [ 79%]
test/functional/test_repeat_counter_visibility.py::TestRepeatCounterVisibility::test_new_mode_reverse_with_repeats_hides_minus_20_icon[chalk] SKIPPED [ 80%]
test/functional/test_repeat_counter_visibility.py::TestIconOverlapPrevention::test_editrepeat_up_region_empty_during_flash_off[chalk] SKIPPED [ 80%]
test/functional/test_repeat_counter_visibility.py::TestRepeatCounterVisibility::test_editrepeat_shows_repeat_counter[diorite] SKIPPED [ 80%]
test/functional/test_repeat_counter_visibility.py::TestRepeatCounterVisibility::test_counting_mode_up_region_with_repeats[diorite] SKIPPED [ 80%]
test/functional/test_repeat_counter_visibility.py::TestRepeatCounterVisibility::test_new_mode_baseline_has_plus_20_icon[diorite] SKIPPED [ 81%]
test/functional/test_repeat_counter_visibility.py::TestRepeatCounterVisibility::test_new_mode_with_repeats_hides_plus_20_icon[diorite] SKIPPED [ 81%]
test/functional/test_repeat_counter_visibility.py::TestRepeatCounterVisibility::test_editsec_mode_with_repeats_hides_plus_20_icon[diorite] SKIPPED [ 81%]
test/functional/test_repeat_counter_visibility.py::TestRepeatCounterVisibility::test_new_mode_reverse_with_repeats_hides_minus_20_icon[diorite] SKIPPED [ 81%]
test/functional/test_repeat_counter_visibility.py::TestIconOverlapPrevention::test_editrepeat_up_region_empty_during_flash_off[diorite] SKIPPED [ 82%]
test/functional/test_stopwatch_subtraction.py::TestStopwatchSubtraction::test_chrono_subtraction_converts_to_countdown[aplite] SKIPPED [ 82%]
test/functional/test_stopwatch_subtraction.py::TestStopwatchSubtraction::test_chrono_subtraction_multiple_minutes[aplite] SKIPPED [ 82%]
test/functional/test_stopwatch_subtraction.py::TestStopwatchSubtraction::test_chrono_add_then_subtract[aplite] SKIPPED [ 82%]
test/functional/test_stopwatch_subtraction.py::TestStopwatchSubtraction::test_chrono_subtraction_converts_to_countdown[basalt] 
-------------------------------- live log setup --------------------------------
16:50:21 [INFO] functional.conftest: [basalt] Starting warm-up cycle to clear stale state
16:50:24 [INFO] functional.conftest: [basalt] Installing app on emulator
16:50:32 [INFO] functional.conftest: [basalt] App installed and transport connected
16:50:32 [INFO] functional.conftest: [basalt] Waiting for emulator to stabilize (2s)
16:50:34 [INFO] functional.conftest: [basalt] Holding down button to quit app and set persist state
16:50:36 [INFO] functional.conftest: [basalt] App quit via long press, persist state set
16:50:36 [INFO] functional.conftest: [basalt] Emulator ready for tests
16:50:36 [INFO] functional.conftest: [basalt] Opening app for test: test_chrono_subtraction_converts_to_countdown[basalt]
16:50:36 [INFO] functional.conftest: [basalt] Opening app via install (preserving state)
16:50:36 [INFO] functional.conftest: [basalt] Installing app on emulator
16:50:39 [INFO] functional.conftest: [basalt] App installed and transport connected
16:50:39 [INFO] functional.conftest: [basalt] App opened via install
-------------------------------- live log call ---------------------------------
16:50:40 [INFO] functional.test_stopwatch_subtraction: Waiting for chrono mode...
16:50:47 [INFO] functional.test_stopwatch_subtraction: After subtraction state: {'event': 'button_down', 't': '0:54', 'm': 'New', 'r': '0', 'p': '1', 'v': '0', 'd': '1', 'l': '1', 'c': '0'}
PASSED                                                                   [ 83%]
------------------------------ live log teardown -------------------------------
16:50:47 [INFO] functional.conftest: [basalt] Quitting app after test: test_chrono_subtraction_converts_to_countdown[basalt]

test/functional/test_stopwatch_subtraction.py::TestStopwatchSubtraction::test_chrono_subtraction_multiple_minutes[basalt] 
-------------------------------- live log setup --------------------------------
16:50:49 [INFO] functional.conftest: [basalt] Opening app for test: test_chrono_subtraction_multiple_minutes[basalt]
16:50:49 [INFO] functional.conftest: [basalt] Opening app via install (preserving state)
16:50:49 [INFO] functional.conftest: [basalt] Installing app on emulator
16:50:51 [INFO] functional.conftest: [basalt] App installed and transport connected
16:50:51 [INFO] functional.conftest: [basalt] App opened via install
PASSED                                                                   [ 83%]
------------------------------ live log teardown -------------------------------
16:51:00 [INFO] functional.conftest: [basalt] Quitting app after test: test_chrono_subtraction_multiple_minutes[basalt]

test/functional/test_stopwatch_subtraction.py::TestStopwatchSubtraction::test_chrono_add_then_subtract[basalt] 
-------------------------------- live log setup --------------------------------
16:51:01 [INFO] functional.conftest: [basalt] Opening app for test: test_chrono_add_then_subtract[basalt]
16:51:01 [INFO] functional.conftest: [basalt] Opening app via install (preserving state)
16:51:01 [INFO] functional.conftest: [basalt] Installing app on emulator
16:51:04 [INFO] functional.conftest: [basalt] App installed and transport connected
16:51:04 [INFO] functional.conftest: [basalt] App opened via install
PASSED                                                                   [ 83%]
------------------------------ live log teardown -------------------------------
16:51:12 [INFO] functional.conftest: [basalt] Quitting app after test: test_chrono_add_then_subtract[basalt]

test/functional/test_stopwatch_subtraction.py::TestStopwatchSubtraction::test_chrono_subtraction_converts_to_countdown[chalk] 
-------------------------------- live log setup --------------------------------
16:51:14 [INFO] functional.conftest: [basalt] Tearing down - killing emulator
SKIPPED (Skipping test for chalk since --platform=basalt was specified.) [ 83%]
test/functional/test_stopwatch_subtraction.py::TestStopwatchSubtraction::test_chrono_subtraction_multiple_minutes[chalk] SKIPPED [ 83%]
test/functional/test_stopwatch_subtraction.py::TestStopwatchSubtraction::test_chrono_add_then_subtract[chalk] SKIPPED [ 84%]
test/functional/test_stopwatch_subtraction.py::TestStopwatchSubtraction::test_chrono_subtraction_converts_to_countdown[diorite] SKIPPED [ 84%]
test/functional/test_stopwatch_subtraction.py::TestStopwatchSubtraction::test_chrono_subtraction_multiple_minutes[diorite] SKIPPED [ 84%]
test/functional/test_stopwatch_subtraction.py::TestStopwatchSubtraction::test_chrono_add_then_subtract[diorite] SKIPPED [ 84%]
test/functional/test_timer_workflows.py::TestEditRunningTimer::test_edit_running_timer[aplite] SKIPPED [ 85%]
test/functional/test_timer_workflows.py::TestSetShortTimer::test_set_4_second_timer[aplite] SKIPPED [ 85%]
test/functional/test_timer_workflows.py::TestSnoozeCompletedTimer::test_snooze_completed_timer[aplite] SKIPPED [ 85%]
test/functional/test_timer_workflows.py::TestRepeatCompletedTimer::test_repeat_completed_timer[aplite] SKIPPED [ 85%]
test/functional/test_timer_workflows.py::TestQuietAlarmBackButton::test_quiet_alarm_with_back_button[aplite] SKIPPED [ 86%]
test/functional/test_timer_workflows.py::TestPauseCompletedTimer::test_pause_completed_timer[aplite] SKIPPED [ 86%]
test/functional/test_timer_workflows.py::TestEditCompletedTimer::test_edit_completed_timer_add_minute[aplite] SKIPPED [ 86%]
test/functional/test_timer_workflows.py::TestEnableRepeatingTimer::test_enable_repeating_timer[aplite] SKIPPED [ 86%]
test/functional/test_timer_workflows.py::TestEditModeReset::test_long_press_select_in_edit_mode_resets_to_edit_seconds[aplite] SKIPPED [ 87%]
test/functional/test_timer_workflows.py::TestEditSecModeNoOp::test_long_press_select_in_edit_sec_mode_does_nothing[aplite] SKIPPED [ 87%]
test/functional/test_timer_workflows.py::TestEditRepeatModeNoOp::test_long_press_select_in_edit_repeat_mode_does_nothing[aplite] SKIPPED [ 87%]
test/functional/test_timer_workflows.py::TestRepeatTimerDuringAlarm::test_hold_up_during_alarm_repeats_timer[aplite] SKIPPED [ 87%]
test/functional/test_timer_workflows.py::TestRepeatTimerDuringAlarm::test_hold_up_during_longer_alarm_repeats_timer[aplite] SKIPPED [ 87%]
test/functional/test_timer_workflows.py::TestRepeatTimerDuringAlarm::test_hold_up_during_longer_alarm_repeats_timer_old_method[aplite] SKIPPED [ 88%]
test/functional/test_timer_workflows.py::TestSubMinuteTimerStaysPaused::test_sub_minute_timer_stays_paused_after_edit_expires[aplite] SKIPPED [ 88%]
test/functional/test_timer_workflows.py::TestMinuteAndSecondsTimerStaysPaused::test_minute_and_seconds_timer_stays_paused[aplite] SKIPPED [ 88%]
test/functional/test_timer_workflows.py::TestEditRunningTimer::test_edit_running_timer[basalt] 
-------------------------------- live log setup --------------------------------
16:51:15 [INFO] functional.test_timer_workflows: [basalt] Starting warm-up cycle to clear stale state
16:51:18 [INFO] functional.conftest: [basalt] Installing app on emulator
16:51:27 [INFO] functional.conftest: [basalt] App installed and transport connected
16:51:27 [INFO] functional.test_timer_workflows: [basalt] Waiting for emulator to stabilize (2s)
16:51:29 [INFO] functional.test_timer_workflows: [basalt] Holding down button to quit app and set persist state
16:51:30 [INFO] functional.test_timer_workflows: [basalt] App quit via long press, persist state set
16:51:32 [INFO] functional.test_timer_workflows: [basalt] Emulator ready for tests
16:51:32 [INFO] functional.conftest: [basalt] Opening app for test: test_edit_running_timer[basalt]
16:51:32 [INFO] functional.conftest: [basalt] Opening app via install (preserving state)
16:51:32 [INFO] functional.conftest: [basalt] Installing app on emulator
16:51:34 [INFO] functional.conftest: [basalt] App installed and transport connected
16:51:34 [INFO] functional.conftest: [basalt] App opened via install
-------------------------------- live log call ---------------------------------
16:51:42 [INFO] functional.test_timer_workflows: Edit mode state: {'event': 'button_up', 't': '1:51', 'm': 'New', 'r': '0', 'p': '0', 'v': '0', 'd': '1', 'l': '1', 'c': '0'}
16:51:42 [INFO] functional.test_timer_workflows: After adding time state: {'event': 'button_down', 't': '2:51', 'm': 'New', 'r': '0', 'p': '0', 'v': '0', 'd': '1', 'l': '1', 'c': '0'}
16:51:45 [INFO] functional.test_timer_workflows: Resumed counting state: {'event': 'mode_change', 't': '2:48', 'm': 'Counting', 'r': '0', 'p': '0', 'v': '0', 'd': '1', 'l': '0', 'c': '0'}
PASSED                                                                   [ 88%]
------------------------------ live log teardown -------------------------------
16:51:45 [INFO] functional.conftest: [basalt] Quitting app after test: test_edit_running_timer[basalt]

test/functional/test_timer_workflows.py::TestSetShortTimer::test_set_4_second_timer[basalt] 
-------------------------------- live log setup --------------------------------
16:51:47 [INFO] functional.conftest: [basalt] Opening app for test: test_set_4_second_timer[basalt]
16:51:47 [INFO] functional.conftest: [basalt] Opening app via install (preserving state)
16:51:47 [INFO] functional.conftest: [basalt] Installing app on emulator
16:51:49 [INFO] functional.conftest: [basalt] App installed and transport connected
16:51:49 [INFO] functional.conftest: [basalt] App opened via install
-------------------------------- live log call ---------------------------------
16:51:50 [INFO] functional.test_timer_workflows: [basalt] Setting up 4s timer: waiting for chrono mode
16:51:57 [INFO] functional.test_timer_workflows: [basalt] Short timer set to 4s, waiting for expire
16:52:01 [INFO] functional.test_timer_workflows: [basalt] Short timer started, counting down from 4s
16:52:05 [INFO] functional.test_timer_workflows: Short timer running text:  e 00;04 pz 16,52 Ker M J
16:52:05 [INFO] functional.test_timer_workflows: Short timer normalized:   00:04  1652   
PASSED                                                                   [ 89%]
------------------------------ live log teardown -------------------------------
16:52:05 [INFO] functional.conftest: [basalt] Quitting app after test: test_set_4_second_timer[basalt]

test/functional/test_timer_workflows.py::TestSnoozeCompletedTimer::test_snooze_completed_timer[basalt] 
-------------------------------- live log setup --------------------------------
16:52:06 [INFO] functional.conftest: [basalt] Opening app for test: test_snooze_completed_timer[basalt]
16:52:06 [INFO] functional.conftest: [basalt] Opening app via install (preserving state)
16:52:06 [INFO] functional.conftest: [basalt] Installing app on emulator
16:52:09 [INFO] functional.conftest: [basalt] App installed and transport connected
16:52:09 [INFO] functional.conftest: [basalt] App opened via install
-------------------------------- live log call ---------------------------------
16:52:11 [INFO] functional.test_timer_workflows: [basalt] Setting up 4s timer: waiting for chrono mode
16:52:18 [INFO] functional.test_timer_workflows: [basalt] Short timer set to 4s, waiting for expire
16:52:22 [INFO] functional.test_timer_workflows: [basalt] Short timer started, counting down from 4s
16:52:22 [INFO] functional.test_timer_workflows: Waiting for alarm to start...
16:52:26 [INFO] functional.test_timer_workflows: Alarm started: {'event': 'alarm_start', 't': '0:00', 'm': 'Counting', 'r': '0', 'p': '0', 'v': '1', 'd': '1', 'l': '1', 'c': '1'}
16:52:26 [INFO] functional.test_timer_workflows: After snooze state: {'event': 'button_down', 't': '4:59', 'm': 'Counting', 'r': '0', 'p': '0', 'v': '0', 'd': '1', 'l': '0', 'c': '0'}
PASSED                                                                   [ 89%]
------------------------------ live log teardown -------------------------------
16:52:26 [INFO] functional.conftest: [basalt] Quitting app after test: test_snooze_completed_timer[basalt]

test/functional/test_timer_workflows.py::TestRepeatCompletedTimer::test_repeat_completed_timer[basalt] 
-------------------------------- live log setup --------------------------------
16:52:28 [INFO] functional.conftest: [basalt] Opening app for test: test_repeat_completed_timer[basalt]
16:52:28 [INFO] functional.conftest: [basalt] Opening app via install (preserving state)
16:52:28 [INFO] functional.conftest: [basalt] Installing app on emulator
16:52:31 [INFO] functional.conftest: [basalt] App installed and transport connected
16:52:31 [INFO] functional.conftest: [basalt] App opened via install
-------------------------------- live log call ---------------------------------
16:52:32 [INFO] functional.test_timer_workflows: [basalt] Setting up 4s timer: waiting for chrono mode
16:52:39 [INFO] functional.test_timer_workflows: [basalt] Short timer set to 4s, waiting for expire
16:52:44 [INFO] functional.test_timer_workflows: [basalt] Short timer started, counting down from 4s
16:52:49 [INFO] functional.test_timer_workflows: After repeat state: {'event': 'long_press_up', 't': '0:03', 'm': 'Counting', 'r': '0', 'p': '0', 'v': '0', 'd': '1', 'l': '0', 'c': '0'}
PASSED                                                                   [ 89%]
------------------------------ live log teardown -------------------------------
16:52:49 [INFO] functional.conftest: [basalt] Quitting app after test: test_repeat_completed_timer[basalt]

test/functional/test_timer_workflows.py::TestQuietAlarmBackButton::test_quiet_alarm_with_back_button[basalt] 
-------------------------------- live log setup --------------------------------
16:52:50 [INFO] functional.conftest: [basalt] Opening app for test: test_quiet_alarm_with_back_button[basalt]
16:52:50 [INFO] functional.conftest: [basalt] Opening app via install (preserving state)
16:52:50 [INFO] functional.conftest: [basalt] Installing app on emulator
16:52:53 [INFO] functional.conftest: [basalt] App installed and transport connected
16:52:53 [INFO] functional.conftest: [basalt] App opened via install
-------------------------------- live log call ---------------------------------
16:52:55 [INFO] functional.test_timer_workflows: [basalt] Setting up 4s timer: waiting for chrono mode
16:53:02 [INFO] functional.test_timer_workflows: [basalt] Short timer set to 4s, waiting for expire
16:53:06 [INFO] functional.test_timer_workflows: [basalt] Short timer started, counting down from 4s
16:53:10 [INFO] functional.test_timer_workflows: After silence state: {'event': 'button_back', 't': '0:00', 'm': 'Counting', 'r': '0', 'p': '0', 'v': '0', 'd': '1', 'l': '0', 'c': '1'}
PASSED                                                                   [ 89%]
------------------------------ live log teardown -------------------------------
16:53:10 [INFO] functional.conftest: [basalt] Quitting app after test: test_quiet_alarm_with_back_button[basalt]

test/functional/test_timer_workflows.py::TestPauseCompletedTimer::test_pause_completed_timer[basalt] 
-------------------------------- live log setup --------------------------------
16:53:12 [INFO] functional.conftest: [basalt] Opening app for test: test_pause_completed_timer[basalt]
16:53:12 [INFO] functional.conftest: [basalt] Opening app via install (preserving state)
16:53:12 [INFO] functional.conftest: [basalt] Installing app on emulator
16:53:15 [INFO] functional.conftest: [basalt] App installed and transport connected
16:53:15 [INFO] functional.conftest: [basalt] App opened via install
-------------------------------- live log call ---------------------------------
16:53:16 [INFO] functional.test_timer_workflows: [basalt] Setting up 4s timer: waiting for chrono mode
16:53:23 [INFO] functional.test_timer_workflows: [basalt] Short timer set to 4s, waiting for expire
16:53:28 [INFO] functional.test_timer_workflows: [basalt] Short timer started, counting down from 4s
16:53:31 [INFO] functional.test_timer_workflows: After pause state: {'event': 'button_select', 't': '0:00', 'm': 'Counting', 'r': '0', 'p': '1', 'v': '0', 'd': '1', 'l': '0', 'c': '1'}
PASSED                                                                   [ 90%]
------------------------------ live log teardown -------------------------------
16:53:31 [INFO] functional.conftest: [basalt] Quitting app after test: test_pause_completed_timer[basalt]

test/functional/test_timer_workflows.py::TestEditCompletedTimer::test_edit_completed_timer_add_minute[basalt] 
-------------------------------- live log setup --------------------------------
16:53:33 [INFO] functional.conftest: [basalt] Opening app for test: test_edit_completed_timer_add_minute[basalt]
16:53:33 [INFO] functional.conftest: [basalt] Opening app via install (preserving state)
16:53:33 [INFO] functional.conftest: [basalt] Installing app on emulator
16:53:36 [INFO] functional.conftest: [basalt] App installed and transport connected
16:53:36 [INFO] functional.conftest: [basalt] App opened via install
-------------------------------- live log call ---------------------------------
16:53:37 [INFO] functional.test_timer_workflows: [basalt] Setting up 4s timer: waiting for chrono mode
16:53:45 [INFO] functional.test_timer_workflows: [basalt] Short timer set to 4s, waiting for expire
16:53:49 [INFO] functional.test_timer_workflows: [basalt] Short timer started, counting down from 4s
16:53:53 [INFO] functional.test_timer_workflows: After adding minute state: {'event': 'button_down', 't': '0:59', 'm': 'New', 'r': '0', 'p': '0', 'v': '0', 'd': '1', 'l': '1', 'c': '0'}
PASSED                                                                   [ 90%]
------------------------------ live log teardown -------------------------------
16:53:53 [INFO] functional.conftest: [basalt] Quitting app after test: test_edit_completed_timer_add_minute[basalt]

test/functional/test_timer_workflows.py::TestEnableRepeatingTimer::test_enable_repeating_timer[basalt] 
-------------------------------- live log setup --------------------------------
16:53:55 [INFO] functional.conftest: [basalt] Opening app for test: test_enable_repeating_timer[basalt]
16:53:55 [INFO] functional.conftest: [basalt] Opening app via install (preserving state)
16:53:55 [INFO] functional.conftest: [basalt] Installing app on emulator
16:53:58 [INFO] functional.conftest: [basalt] App installed and transport connected
16:53:58 [INFO] functional.conftest: [basalt] App opened via install
-------------------------------- live log call ---------------------------------
16:53:59 [INFO] functional.test_timer_workflows: [basalt] Setting up 10s timer: waiting for chrono mode
16:54:10 [INFO] functional.test_timer_workflows: [basalt] Short timer set to 10s, waiting for expire
16:54:14 [INFO] functional.test_timer_workflows: [basalt] Short timer started, counting down from 10s
16:54:20 [INFO] functional.test_timer_workflows: Waiting for timer to expire and restart...
PASSED                                                                   [ 90%]
------------------------------ live log teardown -------------------------------
16:54:24 [INFO] functional.conftest: [basalt] Quitting app after test: test_enable_repeating_timer[basalt]

test/functional/test_timer_workflows.py::TestEditModeReset::test_long_press_select_in_edit_mode_resets_to_edit_seconds[basalt] 
-------------------------------- live log setup --------------------------------
16:54:26 [INFO] functional.conftest: [basalt] Opening app for test: test_long_press_select_in_edit_mode_resets_to_edit_seconds[basalt]
16:54:26 [INFO] functional.conftest: [basalt] Opening app via install (preserving state)
16:54:26 [INFO] functional.conftest: [basalt] Installing app on emulator
16:54:29 [INFO] functional.conftest: [basalt] App installed and transport connected
16:54:29 [INFO] functional.conftest: [basalt] App opened via install
PASSED                                                                   [ 90%]
------------------------------ live log teardown -------------------------------
16:54:36 [INFO] functional.conftest: [basalt] Quitting app after test: test_long_press_select_in_edit_mode_resets_to_edit_seconds[basalt]

test/functional/test_timer_workflows.py::TestEditSecModeNoOp::test_long_press_select_in_edit_sec_mode_does_nothing[basalt] 
-------------------------------- live log setup --------------------------------
16:54:38 [INFO] functional.conftest: [basalt] Opening app for test: test_long_press_select_in_edit_sec_mode_does_nothing[basalt]
16:54:38 [INFO] functional.conftest: [basalt] Opening app via install (preserving state)
16:54:38 [INFO] functional.conftest: [basalt] Installing app on emulator
16:54:40 [INFO] functional.conftest: [basalt] App installed and transport connected
16:54:40 [INFO] functional.conftest: [basalt] App opened via install
-------------------------------- live log call ---------------------------------
16:54:42 [INFO] functional.test_timer_workflows: Waiting for chrono mode (0:00 counting up)...
PASSED                                                                   [ 91%]
------------------------------ live log teardown -------------------------------
16:54:49 [INFO] functional.conftest: [basalt] Quitting app after test: test_long_press_select_in_edit_sec_mode_does_nothing[basalt]

test/functional/test_timer_workflows.py::TestEditRepeatModeNoOp::test_long_press_select_in_edit_repeat_mode_does_nothing[basalt] 
-------------------------------- live log setup --------------------------------
16:54:51 [INFO] functional.conftest: [basalt] Opening app for test: test_long_press_select_in_edit_repeat_mode_does_nothing[basalt]
16:54:51 [INFO] functional.conftest: [basalt] Opening app via install (preserving state)
16:54:51 [INFO] functional.conftest: [basalt] Installing app on emulator
16:54:54 [INFO] functional.conftest: [basalt] App installed and transport connected
16:54:54 [INFO] functional.conftest: [basalt] App opened via install
PASSED                                                                   [ 91%]
------------------------------ live log teardown -------------------------------
16:55:02 [INFO] functional.conftest: [basalt] Quitting app after test: test_long_press_select_in_edit_repeat_mode_does_nothing[basalt]

test/functional/test_timer_workflows.py::TestRepeatTimerDuringAlarm::test_hold_up_during_alarm_repeats_timer[basalt] 
-------------------------------- live log setup --------------------------------
16:55:04 [INFO] functional.conftest: [basalt] Opening app for test: test_hold_up_during_alarm_repeats_timer[basalt]
16:55:04 [INFO] functional.conftest: [basalt] Opening app via install (preserving state)
16:55:04 [INFO] functional.conftest: [basalt] Installing app on emulator
16:55:06 [INFO] functional.conftest: [basalt] App installed and transport connected
16:55:06 [INFO] functional.conftest: [basalt] App opened via install
-------------------------------- live log call ---------------------------------
16:55:08 [INFO] functional.test_timer_workflows: Waiting for chrono mode...
16:55:16 [INFO] functional.test_timer_workflows: Waiting for edit mode to expire...
16:55:20 [INFO] functional.test_timer_workflows: Pressing Select to start 4-second timer...
16:55:20 [INFO] functional.test_timer_workflows: Waiting for alarm to start...
16:55:24 [INFO] functional.test_timer_workflows: Alarm started: {'event': 'alarm_start', 't': '0:00', 'm': 'Counting', 'r': '0', 'p': '0', 'v': '1', 'd': '1', 'l': '1', 'c': '1'}
16:55:25 [INFO] functional.test_timer_workflows: After repeat state: {'event': 'long_press_up', 't': '0:03', 'm': 'Counting', 'r': '0', 'p': '0', 'v': '0', 'd': '1', 'l': '0', 'c': '0'}
PASSED                                                                   [ 91%]
------------------------------ live log teardown -------------------------------
16:55:25 [INFO] functional.conftest: [basalt] Quitting app after test: test_hold_up_during_alarm_repeats_timer[basalt]

test/functional/test_timer_workflows.py::TestRepeatTimerDuringAlarm::test_hold_up_during_longer_alarm_repeats_timer[basalt] 
-------------------------------- live log setup --------------------------------
16:55:27 [INFO] functional.conftest: [basalt] Opening app for test: test_hold_up_during_longer_alarm_repeats_timer[basalt]
16:55:27 [INFO] functional.conftest: [basalt] Opening app via install (preserving state)
16:55:27 [INFO] functional.conftest: [basalt] Installing app on emulator
16:55:30 [INFO] functional.conftest: [basalt] App installed and transport connected
16:55:30 [INFO] functional.conftest: [basalt] App opened via install
-------------------------------- live log call ---------------------------------
16:55:35 [INFO] functional.test_timer_workflows: Waiting for edit mode to expire...
16:55:38 [INFO] functional.test_timer_workflows: Pressing Select to start 5-second timer...
16:55:39 [INFO] functional.test_timer_workflows: Waiting for alarm to start...
16:55:49 [INFO] functional.test_timer_workflows: Alarm started: {'event': 'alarm_start', 't': '0:00', 'm': 'Counting', 'r': '0', 'p': '0', 'v': '1', 'd': '1', 'l': '1', 'c': '1'}
16:55:50 [INFO] functional.test_timer_workflows: After repeat state: {'event': 'long_press_up', 't': '0:09', 'm': 'Counting', 'r': '0', 'p': '0', 'v': '0', 'd': '1', 'l': '0', 'c': '0'}
PASSED                                                                   [ 91%]
------------------------------ live log teardown -------------------------------
16:55:50 [INFO] functional.conftest: [basalt] Quitting app after test: test_hold_up_during_longer_alarm_repeats_timer[basalt]

test/functional/test_timer_workflows.py::TestRepeatTimerDuringAlarm::test_hold_up_during_longer_alarm_repeats_timer_old_method[basalt] 
-------------------------------- live log setup --------------------------------
16:55:52 [INFO] functional.conftest: [basalt] Opening app for test: test_hold_up_during_longer_alarm_repeats_timer_old_method[basalt]
16:55:52 [INFO] functional.conftest: [basalt] Opening app via install (preserving state)
16:55:52 [INFO] functional.conftest: [basalt] Installing app on emulator
16:55:55 [INFO] functional.conftest: [basalt] App installed and transport connected
16:55:55 [INFO] functional.conftest: [basalt] App opened via install
-------------------------------- live log call ---------------------------------
16:55:56 [INFO] functional.test_timer_workflows: Waiting for chrono mode...
16:56:03 [INFO] functional.test_timer_workflows: Waiting for edit mode to expire...
16:56:06 [INFO] functional.test_timer_workflows: Pressing Select to start 10-second timer...
16:56:07 [INFO] functional.test_timer_workflows: Waiting for alarm to start...
16:56:17 [INFO] functional.test_timer_workflows: Alarm started: {'event': 'alarm_start', 't': '0:00', 'm': 'Counting', 'r': '0', 'p': '0', 'v': '1', 'd': '1', 'l': '1', 'c': '1'}
16:56:18 [INFO] functional.test_timer_workflows: After repeat state: {'event': 'long_press_up', 't': '0:09', 'm': 'Counting', 'r': '0', 'p': '0', 'v': '0', 'd': '1', 'l': '0', 'c': '0'}
PASSED                                                                   [ 91%]
------------------------------ live log teardown -------------------------------
16:56:18 [INFO] functional.conftest: [basalt] Quitting app after test: test_hold_up_during_longer_alarm_repeats_timer_old_method[basalt]

test/functional/test_timer_workflows.py::TestSubMinuteTimerStaysPaused::test_sub_minute_timer_stays_paused_after_edit_expires[basalt] 
-------------------------------- live log setup --------------------------------
16:56:20 [INFO] functional.conftest: [basalt] Opening app for test: test_sub_minute_timer_stays_paused_after_edit_expires[basalt]
16:56:20 [INFO] functional.conftest: [basalt] Opening app via install (preserving state)
16:56:20 [INFO] functional.conftest: [basalt] Installing app on emulator
16:56:23 [INFO] functional.conftest: [basalt] App installed and transport connected
16:56:23 [INFO] functional.conftest: [basalt] App opened via install
-------------------------------- live log call ---------------------------------
16:56:24 [INFO] functional.test_timer_workflows: Waiting for chrono mode...
16:56:28 [INFO] functional.test_timer_workflows: Entered New mode
16:56:29 [INFO] functional.test_timer_workflows: Entered EditSec mode
16:56:35 [INFO] functional.test_timer_workflows: Waiting for edit mode to expire...
16:56:38 [INFO] functional.test_timer_workflows: After edit expired: {'event': 'mode_change', 't': '0:10', 'm': 'Counting', 'r': '0', 'p': '1', 'v': '0', 'd': '1', 'l': '0', 'c': '0'}
PASSED                                                                   [ 92%]
------------------------------ live log teardown -------------------------------
16:56:38 [INFO] functional.conftest: [basalt] Quitting app after test: test_sub_minute_timer_stays_paused_after_edit_expires[basalt]

test/functional/test_timer_workflows.py::TestMinuteAndSecondsTimerStaysPaused::test_minute_and_seconds_timer_stays_paused[basalt] 
-------------------------------- live log setup --------------------------------
16:56:40 [INFO] functional.conftest: [basalt] Opening app for test: test_minute_and_seconds_timer_stays_paused[basalt]
16:56:40 [INFO] functional.conftest: [basalt] Opening app via install (preserving state)
16:56:40 [INFO] functional.conftest: [basalt] Installing app on emulator
16:56:43 [INFO] functional.conftest: [basalt] App installed and transport connected
16:56:43 [INFO] functional.conftest: [basalt] App opened via install
-------------------------------- live log call ---------------------------------
16:56:49 [INFO] functional.test_timer_workflows: Entered New (edit) mode
16:56:51 [INFO] functional.test_timer_workflows: Entered EditSec mode at 0:00
16:57:02 [INFO] functional.test_timer_workflows: Waiting for edit mode to expire...
16:57:05 [INFO] functional.test_timer_workflows: After edit expired: {'event': 'mode_change', 't': '0:20', 'm': 'Counting', 'r': '0', 'p': '1', 'v': '0', 'd': '1', 'l': '0', 'c': '0'}
PASSED                                                                   [ 92%]
------------------------------ live log teardown -------------------------------
16:57:05 [INFO] functional.conftest: [basalt] Quitting app after test: test_minute_and_seconds_timer_stays_paused[basalt]

test/functional/test_timer_workflows.py::TestEditRunningTimer::test_edit_running_timer[chalk] 
-------------------------------- live log setup --------------------------------
16:57:07 [INFO] functional.test_timer_workflows: [basalt] Tearing down - killing emulator
SKIPPED (Skipping test for chalk since --platform=basalt was specified.) [ 92%]
test/functional/test_timer_workflows.py::TestSetShortTimer::test_set_4_second_timer[chalk] SKIPPED [ 92%]
test/functional/test_timer_workflows.py::TestSnoozeCompletedTimer::test_snooze_completed_timer[chalk] SKIPPED [ 93%]
test/functional/test_timer_workflows.py::TestRepeatCompletedTimer::test_repeat_completed_timer[chalk] SKIPPED [ 93%]
test/functional/test_timer_workflows.py::TestQuietAlarmBackButton::test_quiet_alarm_with_back_button[chalk] SKIPPED [ 93%]
test/functional/test_timer_workflows.py::TestPauseCompletedTimer::test_pause_completed_timer[chalk] SKIPPED [ 93%]
test/functional/test_timer_workflows.py::TestEditCompletedTimer::test_edit_completed_timer_add_minute[chalk] SKIPPED [ 94%]
test/functional/test_timer_workflows.py::TestEnableRepeatingTimer::test_enable_repeating_timer[chalk] SKIPPED [ 94%]
test/functional/test_timer_workflows.py::TestEditModeReset::test_long_press_select_in_edit_mode_resets_to_edit_seconds[chalk] SKIPPED [ 94%]
test/functional/test_timer_workflows.py::TestEditSecModeNoOp::test_long_press_select_in_edit_sec_mode_does_nothing[chalk] SKIPPED [ 94%]
test/functional/test_timer_workflows.py::TestEditRepeatModeNoOp::test_long_press_select_in_edit_repeat_mode_does_nothing[chalk] SKIPPED [ 95%]
test/functional/test_timer_workflows.py::TestRepeatTimerDuringAlarm::test_hold_up_during_alarm_repeats_timer[chalk] SKIPPED [ 95%]
test/functional/test_timer_workflows.py::TestRepeatTimerDuringAlarm::test_hold_up_during_longer_alarm_repeats_timer[chalk] SKIPPED [ 95%]
test/functional/test_timer_workflows.py::TestRepeatTimerDuringAlarm::test_hold_up_during_longer_alarm_repeats_timer_old_method[chalk] SKIPPED [ 95%]
test/functional/test_timer_workflows.py::TestSubMinuteTimerStaysPaused::test_sub_minute_timer_stays_paused_after_edit_expires[chalk] SKIPPED [ 95%]
test/functional/test_timer_workflows.py::TestMinuteAndSecondsTimerStaysPaused::test_minute_and_seconds_timer_stays_paused[chalk] SKIPPED [ 96%]
test/functional/test_timer_workflows.py::TestEditRunningTimer::test_edit_running_timer[diorite] SKIPPED [ 96%]
test/functional/test_timer_workflows.py::TestSetShortTimer::test_set_4_second_timer[diorite] SKIPPED [ 96%]
test/functional/test_timer_workflows.py::TestSnoozeCompletedTimer::test_snooze_completed_timer[diorite] SKIPPED [ 96%]
test/functional/test_timer_workflows.py::TestRepeatCompletedTimer::test_repeat_completed_timer[diorite] SKIPPED [ 97%]
test/functional/test_timer_workflows.py::TestQuietAlarmBackButton::test_quiet_alarm_with_back_button[diorite] SKIPPED [ 97%]
test/functional/test_timer_workflows.py::TestPauseCompletedTimer::test_pause_completed_timer[diorite] SKIPPED [ 97%]
test/functional/test_timer_workflows.py::TestEditCompletedTimer::test_edit_completed_timer_add_minute[diorite] SKIPPED [ 97%]
test/functional/test_timer_workflows.py::TestEnableRepeatingTimer::test_enable_repeating_timer[diorite] SKIPPED [ 98%]
test/functional/test_timer_workflows.py::TestEditModeReset::test_long_press_select_in_edit_mode_resets_to_edit_seconds[diorite] SKIPPED [ 98%]
test/functional/test_timer_workflows.py::TestEditSecModeNoOp::test_long_press_select_in_edit_sec_mode_does_nothing[diorite] SKIPPED [ 98%]
test/functional/test_timer_workflows.py::TestEditRepeatModeNoOp::test_long_press_select_in_edit_repeat_mode_does_nothing[diorite] SKIPPED [ 98%]
test/functional/test_timer_workflows.py::TestRepeatTimerDuringAlarm::test_hold_up_during_alarm_repeats_timer[diorite] SKIPPED [ 99%]
test/functional/test_timer_workflows.py::TestRepeatTimerDuringAlarm::test_hold_up_during_longer_alarm_repeats_timer[diorite] SKIPPED [ 99%]
test/functional/test_timer_workflows.py::TestRepeatTimerDuringAlarm::test_hold_up_during_longer_alarm_repeats_timer_old_method[diorite] SKIPPED [ 99%]
test/functional/test_timer_workflows.py::TestSubMinuteTimerStaysPaused::test_sub_minute_timer_stays_paused_after_edit_expires[diorite] SKIPPED [ 99%]
test/functional/test_timer_workflows.py::TestMinuteAndSecondsTimerStaysPaused::test_minute_and_seconds_timer_stays_paused[diorite] SKIPPED [100%]

=================================== FAILURES ===================================
____ TestPlayPause.test_select_toggles_play_pause_in_counting_mode[basalt] _____

self = <functional.test_create_timer.TestPlayPause object at 0x7d14df405150>
persistent_emulator = <functional.conftest.EmulatorHelper object at 0x7d14dd464be0>

    def test_select_toggles_play_pause_in_counting_mode(self, persistent_emulator):
        """
        Test that pressing Select in counting mode toggles play/pause.
    
        In counting mode (after the 3-second timeout), pressing Select
        should pause/resume the timer.
    
        Note: All screenshots are taken first and OCR text extraction + assertions
        are deferred to the end, since OCR is slow and the elapsed time would
        interfere with the app's timing behavior.
        """
        emulator = persistent_emulator
    
        # --- Capture all screenshots first (OCR is deferred to avoid timing issues) ---
    
        # Set a timer and wait for it to start counting
        emulator.press_down()  # Add 1 minute
        time.sleep(4)  # Wait for counting mode
    
        # Take screenshot while running
        running = emulator.screenshot("playpause_running")
    
        # Press Select to pause
        emulator.press_select()
        time.sleep(0.5)
        paused = emulator.screenshot("playpause_paused")
    
        # Wait a moment - if paused, the time value shouldn't change
        time.sleep(2)
        still_paused = emulator.screenshot("playpause_still_paused")
    
        # Press Select again to resume
        emulator.press_select()
        time.sleep(2)
        resumed = emulator.screenshot("playpause_resumed")
    
        # --- Now perform OCR and assertions (after all screenshots captured) ---
    
        text_running = extract_text(running)
        logger.info(f"Running timer: {text_running}")
    
        text_paused = extract_text(paused)
        logger.info(f"Paused timer: {text_paused}")
    
        text_still_paused = extract_text(still_paused)
        logger.info(f"Still paused: {text_still_paused}")
    
        # The paused screenshots should show the same time (timer stopped)
>       assert paused.tobytes() == still_paused.tobytes(), (
            f"Display should not change while paused. Before: {text_paused}, After: {text_still_paused}"
        )
E       AssertionError: Display should not change while paused. Before: 9 e 00,59 0:64 16.38 Ker M J, After: 9 e 00,59 0:64 16.39 Ker M J
E       assert b'\x8e\xe3\x9...e\xe3\x91\xff' == b'\x8e\xe3\x9...e\xe3\x91\xff'
E         
E         At index 72344 diff: b'\xc7' != b'\x00'
E         
E         Full diff:
E           (b'\x8e\xe3\x91\xff\x8e\xe3\x91\xff\x8e\xe3\x91\xff\x8e\xe3\x91\xff'
E            b'\x8e\xe3\x91\xff\x8e\xe3\x91\xff\x8e\xe3\x91\xff\x8e\xe3\x91\xff'
E            b'\x8e\xe3\x91\xff\x8e\xe3\x91\xff\x8e\xe3\x91\xff\x8e\xe3\x91\xff'...
E         
E         ...Full output truncated (6052 lines hidden), use '-vv' to show

test/functional/test_create_timer.py:637: AssertionError
------------------------------ Captured log setup ------------------------------
16:38:48 [INFO] functional.conftest: [basalt] Opening app for test: test_select_toggles_play_pause_in_counting_mode[basalt]
16:38:48 [INFO] functional.conftest: [basalt] Opening app via install (preserving state)
16:38:48 [INFO] functional.conftest: [basalt] Installing app on emulator
16:38:51 [INFO] functional.conftest: [basalt] App installed and transport connected
16:38:51 [INFO] functional.conftest: [basalt] App opened via install
------------------------------ Captured log call -------------------------------
16:39:07 [INFO] functional.test_create_timer: Running timer: 09 e 00,59 0:64 16.38 Ker M J
16:39:09 [INFO] functional.test_create_timer: Paused timer: 9 e 00,59 0:64 16.38 Ker M J
16:39:11 [INFO] functional.test_create_timer: Still paused: 9 e 00,59 0:64 16.39 Ker M J
---------------------------- Captured log teardown -----------------------------
16:39:11 [INFO] functional.conftest: [basalt] Quitting app after test: test_select_toggles_play_pause_in_counting_mode[basalt]
___ TestRepeatCounterVisibility.test_editrepeat_shows_repeat_counter[basalt] ___

self = <functional.test_repeat_counter_visibility.TestRepeatCounterVisibility object at 0x7d14df2929e0>
persistent_emulator = <functional.conftest.EmulatorHelper object at 0x7d148fc4cfd0>

    def test_editrepeat_shows_repeat_counter(self, persistent_emulator):
        """Verify repeat counter indicator is visible in EditRepeat mode.
    
        When in EditRepeat mode, the repeat counter should be visible (flashing).
        This is a prerequisite for the icon overlap fix.
        """
        emulator = persistent_emulator
        platform = emulator.platform
    
        # Set up timer and enter EditRepeat with repeats
        screenshot = self._setup_repeating_timer(emulator)
    
        # Save screenshot for visual inspection
        screenshot_path = SCREENSHOTS_DIR / f"test_repeat_counter_{platform}_editrepeat.png"
        screenshot.save(screenshot_path)
        logger.info(f"Screenshot saved: {screenshot_path}")
    
        # In EditRepeat mode with repeat_count > 1, the UP region should show
        # the +20 repeats icon, NOT the +20 minutes icon
        region = get_region(platform, "UP")
    
        # Verify there's content in the UP region (either +20 repeats or repeat indicator)
>       assert has_icon_content(screenshot, region), (
            f"Expected icon content in UP region in EditRepeat mode with repeats"
        )
E       AssertionError: Expected icon content in UP region in EditRepeat mode with repeats
E       assert False
E        +  where False = has_icon_content(<PIL.PngImagePlugin.PngImageFile image mode=RGBA size=144x168 at 0x7D14DF290520>, (109, 5, 144, 40))

test/functional/test_repeat_counter_visibility.py:168: AssertionError
------------------------------ Captured log setup ------------------------------
16:48:12 [INFO] functional.conftest: [basalt] Starting warm-up cycle to clear stale state
16:48:16 [INFO] functional.conftest: [basalt] Installing app on emulator
16:48:24 [INFO] functional.conftest: [basalt] App installed and transport connected
16:48:24 [INFO] functional.conftest: [basalt] Waiting for emulator to stabilize (2s)
16:48:26 [INFO] functional.conftest: [basalt] Holding down button to quit app and set persist state
16:48:28 [INFO] functional.conftest: [basalt] App quit via long press, persist state set
16:48:28 [INFO] functional.conftest: [basalt] Emulator ready for tests
16:48:28 [INFO] functional.conftest: [basalt] Opening app for test: test_editrepeat_shows_repeat_counter[basalt]
16:48:28 [INFO] functional.conftest: [basalt] Opening app via install (preserving state)
16:48:28 [INFO] functional.conftest: [basalt] Installing app on emulator
16:48:31 [INFO] functional.conftest: [basalt] App installed and transport connected
16:48:31 [INFO] functional.conftest: [basalt] App opened via install
------------------------------ Captured log call -------------------------------
16:48:40 [INFO] functional.test_repeat_counter_visibility: Screenshot saved: /home/jared/Workspace/pebble-timer-quick/test/functional/screenshots/test_repeat_counter_basalt_editrepeat.png
---------------------------- Captured log teardown -----------------------------
16:48:40 [INFO] functional.conftest: [basalt] Quitting app after test: test_editrepeat_shows_repeat_counter[basalt]
=============================== warnings summary ===============================
test_create_timer.py::TestCreateTimer::test_initial_state_shows_new[basalt]
  /home/jared/Workspace/pebble-timer-quick/conda-env/lib/python3.10/site-packages/easyocr/detection.py:81: DeprecationWarning: torch.ao.quantization is deprecated and will be removed in 2.10. 
  For migrations of users: 
  1. Eager mode quantization (torch.ao.quantization.quantize, torch.ao.quantization.quantize_dynamic), please migrate to use torchao eager mode quantize_ API instead 
  2. FX graph mode quantization (torch.ao.quantization.quantize_fx.prepare_fx,torch.ao.quantization.quantize_fx.convert_fx, please migrate to use torchao pt2e quantization API instead (prepare_pt2e, convert_pt2e) 
  3. pt2e quantization has been migrated to torchao (https://github.com/pytorch/ao/tree/main/torchao/quantization/pt2e) 
  see https://github.com/pytorch/ao/issues/2259 for more details
    torch.quantization.quantize_dynamic(net, dtype=torch.qint8, inplace=True)

test_create_timer.py::TestCreateTimer::test_initial_state_shows_new[basalt]
test_create_timer.py::TestCreateTimer::test_initial_state_shows_new[basalt]
  /home/jared/Workspace/pebble-timer-quick/conda-env/lib/python3.10/site-packages/torch/ao/quantization/quantize.py:570: DeprecationWarning: torch.ao.quantization is deprecated and will be removed in 2.10. 
  For migrations of users: 
  1. Eager mode quantization (torch.ao.quantization.quantize, torch.ao.quantization.quantize_dynamic), please migrate to use torchao eager mode quantize_ API instead 
  2. FX graph mode quantization (torch.ao.quantization.quantize_fx.prepare_fx,torch.ao.quantization.quantize_fx.convert_fx, please migrate to use torchao pt2e quantization API instead (prepare_pt2e, convert_pt2e) 
  3. pt2e quantization has been migrated to torchao (https://github.com/pytorch/ao/tree/main/torchao/quantization/pt2e) 
  see https://github.com/pytorch/ao/issues/2259 for more details
    convert(model, mapping, inplace=True)

test_create_timer.py::TestCreateTimer::test_initial_state_shows_new[basalt]
  /home/jared/Workspace/pebble-timer-quick/conda-env/lib/python3.10/site-packages/easyocr/recognition.py:177: DeprecationWarning: torch.ao.quantization is deprecated and will be removed in 2.10. 
  For migrations of users: 
  1. Eager mode quantization (torch.ao.quantization.quantize, torch.ao.quantization.quantize_dynamic), please migrate to use torchao eager mode quantize_ API instead 
  2. FX graph mode quantization (torch.ao.quantization.quantize_fx.prepare_fx,torch.ao.quantization.quantize_fx.convert_fx, please migrate to use torchao pt2e quantization API instead (prepare_pt2e, convert_pt2e) 
  3. pt2e quantization has been migrated to torchao (https://github.com/pytorch/ao/tree/main/torchao/quantization/pt2e) 
  see https://github.com/pytorch/ao/issues/2259 for more details
    torch.quantization.quantize_dynamic(model, dtype=torch.qint8, inplace=True)

test_create_timer.py::TestCreateTimer::test_initial_state_shows_new[basalt]
test_create_timer.py::TestCreateTimer::test_down_button_increments_minutes[basalt]
test_create_timer.py::TestButtonPresses::test_select_button_increments_5_minutes[basalt]
test_create_timer.py::TestTimerCountdown::test_timer_counts_down[basalt]
test_create_timer.py::TestChronoMode::test_chrono_mode_counts_up[basalt]
test_create_timer.py::TestPlayPause::test_select_toggles_play_pause_in_counting_mode[basalt]
test_create_timer.py::TestLongPressReset::test_long_press_select_resets_timer[basalt]
test_timer_workflows.py::TestSetShortTimer::test_set_4_second_timer[basalt]
  /home/jared/Workspace/pebble-timer-quick/conda-env/lib/python3.10/site-packages/torch/utils/data/dataloader.py:775: UserWarning: 'pin_memory' argument is set as true but no accelerator is found, then device pinned memory won't be used.
    super().__init__(loader)

-- Docs: https://docs.pytest.org/en/stable/how-to/capture-warnings.html
=========================== short test summary info ============================
FAILED test/functional/test_create_timer.py::TestPlayPause::test_select_toggles_play_pause_in_counting_mode[basalt]
FAILED test/functional/test_repeat_counter_visibility.py::TestRepeatCounterVisibility::test_editrepeat_shows_repeat_counter[basalt]
===== 2 failed, 99 passed, 323 skipped, 12 warnings in 1692.48s (0:28:12) ======
