============================= test session starts ==============================
platform linux -- Python 3.10.19, pytest-9.0.2, pluggy-1.6.0 -- /home/jared/Workspace/pebble-timer-quick/conda-env/bin/python3.10
cachedir: .pytest_cache
rootdir: /home/jared/Workspace/pebble-timer-quick/test/functional
configfile: pytest.ini
plugins: anyio-4.12.1
collecting ... collected 400 items

test/functional/test_backlight.py::TestBacklight::test_backlight_on_in_edit_mode[aplite] SKIPPED [  0%]
test/functional/test_backlight.py::TestBacklight::test_backlight_off_in_counting_mode[aplite] SKIPPED [  0%]
test/functional/test_backlight.py::TestBacklight::test_backlight_on_during_alarm[aplite] SKIPPED [  0%]
test/functional/test_backlight.py::TestBacklight::test_backlight_on_in_edit_sec_mode[aplite] SKIPPED [  1%]
test/functional/test_backlight.py::TestBacklight::test_backlight_on_in_edit_repeat_mode[aplite] SKIPPED [  1%]
test/functional/test_backlight.py::TestBacklight::test_backlight_stays_on_when_silencing_to_edit_mode[aplite] SKIPPED [  1%]
test/functional/test_backlight.py::TestBacklight::test_backlight_on_in_edit_mode[basalt] 
-------------------------------- live log setup --------------------------------
07:39:42 [INFO] functional.conftest: [basalt] Starting warm-up cycle to clear stale state
07:39:46 [INFO] functional.conftest: [basalt] Installing app on emulator
07:39:54 [INFO] functional.conftest: [basalt] App installed and transport connected
07:39:54 [INFO] functional.conftest: [basalt] Waiting for emulator to stabilize (2s)
07:39:55 [INFO] pebble_tool.util.updates: Update check failed: 404 (Not Found)
07:39:56 [INFO] functional.conftest: [basalt] Holding down button to quit app and set persist state
07:39:58 [INFO] functional.conftest: [basalt] App quit via long press, persist state set
07:39:58 [INFO] functional.conftest: [basalt] Emulator ready for tests
07:39:58 [INFO] functional.conftest: [basalt] Opening app for test: test_backlight_on_in_edit_mode[basalt]
07:39:58 [INFO] functional.conftest: [basalt] Opening app via install (preserving state)
07:39:58 [INFO] functional.conftest: [basalt] Installing app on emulator
07:40:01 [INFO] functional.conftest: [basalt] App installed and transport connected
07:40:01 [INFO] functional.conftest: [basalt] App opened via install
PASSED                                                                   [  1%]
------------------------------ live log teardown -------------------------------
07:40:03 [INFO] functional.conftest: [basalt] Quitting app after test: test_backlight_on_in_edit_mode[basalt]

test/functional/test_backlight.py::TestBacklight::test_backlight_off_in_counting_mode[basalt] 
-------------------------------- live log setup --------------------------------
07:40:05 [INFO] functional.conftest: [basalt] Opening app for test: test_backlight_off_in_counting_mode[basalt]
07:40:05 [INFO] functional.conftest: [basalt] Opening app via install (preserving state)
07:40:05 [INFO] functional.conftest: [basalt] Installing app on emulator
07:40:07 [INFO] functional.conftest: [basalt] App installed and transport connected
07:40:07 [INFO] functional.conftest: [basalt] App opened via install
PASSED                                                                   [  2%]
------------------------------ live log teardown -------------------------------
07:40:12 [INFO] functional.conftest: [basalt] Quitting app after test: test_backlight_off_in_counting_mode[basalt]

test/functional/test_backlight.py::TestBacklight::test_backlight_on_during_alarm[basalt] 
-------------------------------- live log setup --------------------------------
07:40:14 [INFO] functional.conftest: [basalt] Opening app for test: test_backlight_on_during_alarm[basalt]
07:40:14 [INFO] functional.conftest: [basalt] Opening app via install (preserving state)
07:40:14 [INFO] functional.conftest: [basalt] Installing app on emulator
07:40:16 [INFO] functional.conftest: [basalt] App installed and transport connected
07:40:16 [INFO] functional.conftest: [basalt] App opened via install
PASSED                                                                   [  2%]
------------------------------ live log teardown -------------------------------
07:40:33 [INFO] functional.conftest: [basalt] Quitting app after test: test_backlight_on_during_alarm[basalt]

test/functional/test_backlight.py::TestBacklight::test_backlight_on_in_edit_sec_mode[basalt] 
-------------------------------- live log setup --------------------------------
07:40:35 [INFO] functional.conftest: [basalt] Opening app for test: test_backlight_on_in_edit_sec_mode[basalt]
07:40:35 [INFO] functional.conftest: [basalt] Opening app via install (preserving state)
07:40:35 [INFO] functional.conftest: [basalt] Installing app on emulator
07:40:38 [INFO] functional.conftest: [basalt] App installed and transport connected
07:40:38 [INFO] functional.conftest: [basalt] App opened via install
PASSED                                                                   [  2%]
------------------------------ live log teardown -------------------------------
07:40:40 [INFO] functional.conftest: [basalt] Quitting app after test: test_backlight_on_in_edit_sec_mode[basalt]

test/functional/test_backlight.py::TestBacklight::test_backlight_on_in_edit_repeat_mode[basalt] 
-------------------------------- live log setup --------------------------------
07:40:42 [INFO] functional.conftest: [basalt] Opening app for test: test_backlight_on_in_edit_repeat_mode[basalt]
07:40:42 [INFO] functional.conftest: [basalt] Opening app via install (preserving state)
07:40:42 [INFO] functional.conftest: [basalt] Installing app on emulator
07:40:45 [INFO] functional.conftest: [basalt] App installed and transport connected
07:40:45 [INFO] functional.conftest: [basalt] App opened via install
PASSED                                                                   [  2%]
------------------------------ live log teardown -------------------------------
07:40:50 [INFO] functional.conftest: [basalt] Quitting app after test: test_backlight_on_in_edit_repeat_mode[basalt]

test/functional/test_backlight.py::TestBacklight::test_backlight_stays_on_when_silencing_to_edit_mode[basalt] 
-------------------------------- live log setup --------------------------------
07:40:52 [INFO] functional.conftest: [basalt] Opening app for test: test_backlight_stays_on_when_silencing_to_edit_mode[basalt]
07:40:52 [INFO] functional.conftest: [basalt] Opening app via install (preserving state)
07:40:52 [INFO] functional.conftest: [basalt] Installing app on emulator
07:40:55 [INFO] functional.conftest: [basalt] App installed and transport connected
07:40:55 [INFO] functional.conftest: [basalt] App opened via install
PASSED                                                                   [  3%]
------------------------------ live log teardown -------------------------------
07:41:06 [INFO] functional.conftest: [basalt] Quitting app after test: test_backlight_stays_on_when_silencing_to_edit_mode[basalt]

test/functional/test_backlight.py::TestBacklight::test_backlight_on_in_edit_mode[chalk] 
-------------------------------- live log setup --------------------------------
07:41:08 [INFO] functional.conftest: [basalt] Tearing down - killing emulator
SKIPPED (Skipping test for chalk since --platform=basalt was specified.) [  3%]
test/functional/test_backlight.py::TestBacklight::test_backlight_off_in_counting_mode[chalk] SKIPPED [  3%]
test/functional/test_backlight.py::TestBacklight::test_backlight_on_during_alarm[chalk] SKIPPED [  3%]
test/functional/test_backlight.py::TestBacklight::test_backlight_on_in_edit_sec_mode[chalk] SKIPPED [  4%]
test/functional/test_backlight.py::TestBacklight::test_backlight_on_in_edit_repeat_mode[chalk] SKIPPED [  4%]
test/functional/test_backlight.py::TestBacklight::test_backlight_stays_on_when_silencing_to_edit_mode[chalk] SKIPPED [  4%]
test/functional/test_backlight.py::TestBacklight::test_backlight_on_in_edit_mode[diorite] SKIPPED [  4%]
test/functional/test_backlight.py::TestBacklight::test_backlight_off_in_counting_mode[diorite] SKIPPED [  5%]
test/functional/test_backlight.py::TestBacklight::test_backlight_on_during_alarm[diorite] SKIPPED [  5%]
test/functional/test_backlight.py::TestBacklight::test_backlight_on_in_edit_sec_mode[diorite] SKIPPED [  5%]
test/functional/test_backlight.py::TestBacklight::test_backlight_on_in_edit_repeat_mode[diorite] SKIPPED [  5%]
test/functional/test_backlight.py::TestBacklight::test_backlight_stays_on_when_silencing_to_edit_mode[diorite] SKIPPED [  6%]
test/functional/test_button_icons.py::TestAlarmIcons::test_alarm_back_icon_silence[aplite] SKIPPED [  6%]
test/functional/test_button_icons.py::TestAlarmIcons::test_alarm_up_icon_edit[aplite] SKIPPED [  6%]
test/functional/test_button_icons.py::TestAlarmIcons::test_alarm_long_up_icon_reset[aplite] SKIPPED [  6%]
test/functional/test_button_icons.py::TestAlarmIcons::test_alarm_select_icon_pause[aplite] SKIPPED [  7%]
test/functional/test_button_icons.py::TestAlarmIcons::test_alarm_down_icon_snooze[aplite] SKIPPED [  7%]
test/functional/test_button_icons.py::TestNewModeIcons::test_new_back_icon[aplite] SKIPPED [  7%]
test/functional/test_button_icons.py::TestNewModeIcons::test_new_up_icon[aplite] SKIPPED [  7%]
test/functional/test_button_icons.py::TestNewModeIcons::test_new_select_icon[aplite] SKIPPED [  8%]
test/functional/test_button_icons.py::TestNewModeIcons::test_new_down_icon[aplite] SKIPPED [  8%]
test/functional/test_button_icons.py::TestNewModeIcons::test_new_long_up_direction_toggle[aplite] SKIPPED [  8%]
test/functional/test_button_icons.py::TestNewModeIcons::test_new_long_select_icon[aplite] SKIPPED [  8%]
test/functional/test_button_icons.py::TestNewModeIcons::test_new_long_down_icon[aplite] SKIPPED [  9%]
test/functional/test_button_icons.py::TestEditSecIcons::test_editsec_back_icon[aplite] SKIPPED [  9%]
test/functional/test_button_icons.py::TestEditSecIcons::test_editsec_up_icon[aplite] SKIPPED [  9%]
test/functional/test_button_icons.py::TestEditSecIcons::test_editsec_select_icon[aplite] SKIPPED [  9%]
test/functional/test_button_icons.py::TestEditSecIcons::test_editsec_down_icon[aplite] SKIPPED [ 10%]
test/functional/test_button_icons.py::TestEditSecIcons::test_editsec_long_up_direction_toggle[aplite] SKIPPED [ 10%]
test/functional/test_button_icons.py::TestCountingIcons::test_counting_back_icon[aplite] SKIPPED [ 10%]
test/functional/test_button_icons.py::TestCountingIcons::test_counting_up_icon[aplite] SKIPPED [ 10%]
test/functional/test_button_icons.py::TestCountingIcons::test_counting_select_icon[aplite] SKIPPED [ 11%]
test/functional/test_button_icons.py::TestCountingIcons::test_counting_down_icon[aplite] SKIPPED [ 11%]
test/functional/test_button_icons.py::TestCountingIcons::test_counting_long_up_icon[aplite] SKIPPED [ 11%]
test/functional/test_button_icons.py::TestCountingIcons::test_counting_long_select_icon[aplite] SKIPPED [ 11%]
test/functional/test_button_icons.py::TestCountingIcons::test_counting_long_down_icon[aplite] SKIPPED [ 12%]
test/functional/test_button_icons.py::TestPausedIcons::test_paused_select_icon_play[aplite] SKIPPED [ 12%]
test/functional/test_button_icons.py::TestChronoIcons::test_chrono_select_icon[aplite] SKIPPED [ 12%]
test/functional/test_button_icons.py::TestChronoIcons::test_chrono_long_select_icon[aplite] SKIPPED [ 12%]
test/functional/test_button_icons.py::TestEditRepeatIcons::test_editrepeat_back_icon[aplite] SKIPPED [ 13%]
test/functional/test_button_icons.py::TestEditRepeatIcons::test_editrepeat_up_icon[aplite] SKIPPED [ 13%]
test/functional/test_button_icons.py::TestEditRepeatIcons::test_editrepeat_select_icon[aplite] SKIPPED [ 13%]
test/functional/test_button_icons.py::TestEditRepeatIcons::test_editrepeat_down_icon[aplite] SKIPPED [ 13%]
test/functional/test_button_icons.py::TestAlarmIcons::test_alarm_back_icon_silence[basalt] 
-------------------------------- live log setup --------------------------------
07:41:09 [INFO] functional.test_button_icons: [basalt] Starting warm-up cycle
07:41:13 [INFO] functional.conftest: [basalt] Installing app on emulator
07:41:21 [INFO] functional.conftest: [basalt] App installed and transport connected
07:41:21 [INFO] functional.test_button_icons: [basalt] Waiting for emulator to stabilize (2s)
07:41:23 [INFO] functional.test_button_icons: [basalt] Holding down button to quit app and set persist state
07:41:25 [INFO] functional.test_button_icons: [basalt] Emulator ready for tests
07:41:25 [INFO] functional.conftest: [basalt] Opening app for test: test_alarm_back_icon_silence[basalt]
07:41:25 [INFO] functional.conftest: [basalt] Opening app via install (preserving state)
07:41:25 [INFO] functional.conftest: [basalt] Installing app on emulator
07:41:28 [INFO] functional.conftest: [basalt] App installed and transport connected
07:41:28 [INFO] functional.conftest: [basalt] App opened via install
-------------------------------- live log call ---------------------------------
07:41:29 [INFO] functional.test_button_icons: [basalt] Setting up 4s timer for icon test
07:41:37 [INFO] functional.test_button_icons: [basalt] Short timer set to 4s, waiting for expire
07:41:41 [INFO] functional.test_button_icons: [basalt] Short timer started, counting down from 4s
07:41:47 [INFO] functional.test_button_icons: All captured states: [{'event': 'mode_change', 't': '0:03', 'm': 'Counting', 'r': '0', 'p': '0', 'v': '0', 'd': '1', 'l': '0'}, {'event': 'button_up', 't': '0:04', 'm': 'New', 'r': '0', 'p': '0', 'v': '0', 'd': '1', 'l': '1'}, {'event': 'long_press_select', 't': '0:00', 'm': 'EditSec', 'r': '0', 'p': '1', 'v': '0', 'd': '1', 'l': '1'}, {'event': 'button_down', 't': '0:01', 'm': 'EditSec', 'r': '0', 'p': '1', 'v': '0', 'd': '1', 'l': '1'}, {'event': 'button_down', 't': '0:02', 'm': 'EditSec', 'r': '0', 'p': '1', 'v': '0', 'd': '1', 'l': '1'}, {'event': 'button_down', 't': '0:03', 'm': 'EditSec', 'r': '0', 'p': '1', 'v': '0', 'd': '1', 'l': '1'}, {'event': 'button_down', 't': '0:04', 'm': 'EditSec', 'r': '0', 'p': '1', 'v': '0', 'd': '1', 'l': '1'}, {'event': 'mode_change', 't': '0:04', 'm': 'Counting', 'r': '0', 'p': '1', 'v': '0', 'd': '1', 'l': '0'}, {'event': 'button_select', 't': '0:04', 'm': 'Counting', 'r': '0', 'p': '0', 'v': '0', 'd': '1', 'l': '0'}, {'event': 'alarm_start', 't': '0:00', 'm': 'Counting', 'r': '0', 'p': '0', 'v': '1', 'd': '1', 'l': '1'}]
PASSED                                                                   [ 14%]
------------------------------ live log teardown -------------------------------
07:41:47 [INFO] functional.conftest: [basalt] Quitting app after test: test_alarm_back_icon_silence[basalt]

test/functional/test_button_icons.py::TestAlarmIcons::test_alarm_up_icon_edit[basalt] 
-------------------------------- live log setup --------------------------------
07:41:49 [INFO] functional.conftest: [basalt] Opening app for test: test_alarm_up_icon_edit[basalt]
07:41:49 [INFO] functional.conftest: [basalt] Opening app via install (preserving state)
07:41:49 [INFO] functional.conftest: [basalt] Installing app on emulator
07:41:52 [INFO] functional.conftest: [basalt] App installed and transport connected
07:41:52 [INFO] functional.conftest: [basalt] App opened via install
-------------------------------- live log call ---------------------------------
07:41:52 [INFO] functional.test_button_icons: [basalt] Setting up 4s timer for icon test
07:42:00 [INFO] functional.test_button_icons: [basalt] Short timer set to 4s, waiting for expire
07:42:04 [INFO] functional.test_button_icons: [basalt] Short timer started, counting down from 4s
PASSED                                                                   [ 14%]
------------------------------ live log teardown -------------------------------
07:42:10 [INFO] functional.conftest: [basalt] Quitting app after test: test_alarm_up_icon_edit[basalt]

test/functional/test_button_icons.py::TestAlarmIcons::test_alarm_long_up_icon_reset[basalt] 
-------------------------------- live log setup --------------------------------
07:42:12 [INFO] functional.conftest: [basalt] Opening app for test: test_alarm_long_up_icon_reset[basalt]
07:42:12 [INFO] functional.conftest: [basalt] Opening app via install (preserving state)
07:42:12 [INFO] functional.conftest: [basalt] Installing app on emulator
07:42:15 [INFO] functional.conftest: [basalt] App installed and transport connected
07:42:15 [INFO] functional.conftest: [basalt] App opened via install
-------------------------------- live log call ---------------------------------
07:42:15 [INFO] functional.test_button_icons: [basalt] Setting up 4s timer for icon test
07:42:23 [INFO] functional.test_button_icons: [basalt] Short timer set to 4s, waiting for expire
07:42:27 [INFO] functional.test_button_icons: [basalt] Short timer started, counting down from 4s
PASSED                                                                   [ 14%]
------------------------------ live log teardown -------------------------------
07:42:33 [INFO] functional.conftest: [basalt] Quitting app after test: test_alarm_long_up_icon_reset[basalt]

test/functional/test_button_icons.py::TestAlarmIcons::test_alarm_select_icon_pause[basalt] 
-------------------------------- live log setup --------------------------------
07:42:35 [INFO] functional.conftest: [basalt] Opening app for test: test_alarm_select_icon_pause[basalt]
07:42:35 [INFO] functional.conftest: [basalt] Opening app via install (preserving state)
07:42:35 [INFO] functional.conftest: [basalt] Installing app on emulator
07:42:38 [INFO] functional.conftest: [basalt] App installed and transport connected
07:42:38 [INFO] functional.conftest: [basalt] App opened via install
-------------------------------- live log call ---------------------------------
07:42:38 [INFO] functional.test_button_icons: [basalt] Setting up 4s timer for icon test
07:42:46 [INFO] functional.test_button_icons: [basalt] Short timer set to 4s, waiting for expire
07:42:50 [INFO] functional.test_button_icons: [basalt] Short timer started, counting down from 4s
PASSED                                                                   [ 14%]
------------------------------ live log teardown -------------------------------
07:42:56 [INFO] functional.conftest: [basalt] Quitting app after test: test_alarm_select_icon_pause[basalt]

test/functional/test_button_icons.py::TestAlarmIcons::test_alarm_down_icon_snooze[basalt] 
-------------------------------- live log setup --------------------------------
07:42:58 [INFO] functional.conftest: [basalt] Opening app for test: test_alarm_down_icon_snooze[basalt]
07:42:58 [INFO] functional.conftest: [basalt] Opening app via install (preserving state)
07:42:58 [INFO] functional.conftest: [basalt] Installing app on emulator
07:43:01 [INFO] functional.conftest: [basalt] App installed and transport connected
07:43:01 [INFO] functional.conftest: [basalt] App opened via install
-------------------------------- live log call ---------------------------------
07:43:01 [INFO] functional.test_button_icons: [basalt] Setting up 4s timer for icon test
07:43:08 [INFO] functional.test_button_icons: [basalt] Short timer set to 4s, waiting for expire
07:43:13 [INFO] functional.test_button_icons: [basalt] Short timer started, counting down from 4s
PASSED                                                                   [ 15%]
------------------------------ live log teardown -------------------------------
07:43:19 [INFO] functional.conftest: [basalt] Quitting app after test: test_alarm_down_icon_snooze[basalt]

test/functional/test_button_icons.py::TestNewModeIcons::test_new_back_icon[basalt] 
-------------------------------- live log setup --------------------------------
07:43:21 [INFO] functional.conftest: [basalt] Opening app for test: test_new_back_icon[basalt]
07:43:21 [INFO] functional.conftest: [basalt] Opening app via install (preserving state)
07:43:21 [INFO] functional.conftest: [basalt] Installing app on emulator
07:43:24 [INFO] functional.conftest: [basalt] App installed and transport connected
07:43:24 [INFO] functional.conftest: [basalt] App opened via install
PASSED                                                                   [ 15%]
------------------------------ live log teardown -------------------------------
07:43:25 [INFO] functional.conftest: [basalt] Quitting app after test: test_new_back_icon[basalt]

test/functional/test_button_icons.py::TestNewModeIcons::test_new_up_icon[basalt] 
-------------------------------- live log setup --------------------------------
07:43:27 [INFO] functional.conftest: [basalt] Opening app for test: test_new_up_icon[basalt]
07:43:27 [INFO] functional.conftest: [basalt] Opening app via install (preserving state)
07:43:27 [INFO] functional.conftest: [basalt] Installing app on emulator
07:43:30 [INFO] functional.conftest: [basalt] App installed and transport connected
07:43:30 [INFO] functional.conftest: [basalt] App opened via install
PASSED                                                                   [ 15%]
------------------------------ live log teardown -------------------------------
07:43:31 [INFO] functional.conftest: [basalt] Quitting app after test: test_new_up_icon[basalt]

test/functional/test_button_icons.py::TestNewModeIcons::test_new_select_icon[basalt] 
-------------------------------- live log setup --------------------------------
07:43:33 [INFO] functional.conftest: [basalt] Opening app for test: test_new_select_icon[basalt]
07:43:33 [INFO] functional.conftest: [basalt] Opening app via install (preserving state)
07:43:33 [INFO] functional.conftest: [basalt] Installing app on emulator
07:43:35 [INFO] functional.conftest: [basalt] App installed and transport connected
07:43:35 [INFO] functional.conftest: [basalt] App opened via install
PASSED                                                                   [ 15%]
------------------------------ live log teardown -------------------------------
07:43:37 [INFO] functional.conftest: [basalt] Quitting app after test: test_new_select_icon[basalt]

test/functional/test_button_icons.py::TestNewModeIcons::test_new_down_icon[basalt] 
-------------------------------- live log setup --------------------------------
07:43:39 [INFO] functional.conftest: [basalt] Opening app for test: test_new_down_icon[basalt]
07:43:39 [INFO] functional.conftest: [basalt] Opening app via install (preserving state)
07:43:39 [INFO] functional.conftest: [basalt] Installing app on emulator
07:43:41 [INFO] functional.conftest: [basalt] App installed and transport connected
07:43:41 [INFO] functional.conftest: [basalt] App opened via install
PASSED                                                                   [ 16%]
------------------------------ live log teardown -------------------------------
07:43:43 [INFO] functional.conftest: [basalt] Quitting app after test: test_new_down_icon[basalt]

test/functional/test_button_icons.py::TestNewModeIcons::test_new_long_up_direction_toggle[basalt] 
-------------------------------- live log setup --------------------------------
07:43:45 [INFO] functional.conftest: [basalt] Opening app for test: test_new_long_up_direction_toggle[basalt]
07:43:45 [INFO] functional.conftest: [basalt] Opening app via install (preserving state)
07:43:45 [INFO] functional.conftest: [basalt] Installing app on emulator
07:43:47 [INFO] functional.conftest: [basalt] App installed and transport connected
07:43:47 [INFO] functional.conftest: [basalt] App opened via install
PASSED                                                                   [ 16%]
------------------------------ live log teardown -------------------------------
07:43:49 [INFO] functional.conftest: [basalt] Quitting app after test: test_new_long_up_direction_toggle[basalt]

test/functional/test_button_icons.py::TestNewModeIcons::test_new_long_select_icon[basalt] 
-------------------------------- live log setup --------------------------------
07:43:51 [INFO] functional.conftest: [basalt] Opening app for test: test_new_long_select_icon[basalt]
07:43:51 [INFO] functional.conftest: [basalt] Opening app via install (preserving state)
07:43:51 [INFO] functional.conftest: [basalt] Installing app on emulator
07:43:53 [INFO] functional.conftest: [basalt] App installed and transport connected
07:43:53 [INFO] functional.conftest: [basalt] App opened via install
SKIPPED (Long press select icon disabled due to display overlap (see...) [ 16%]
------------------------------ live log teardown -------------------------------
07:43:54 [INFO] functional.conftest: [basalt] Quitting app after test: test_new_long_select_icon[basalt]

test/functional/test_button_icons.py::TestNewModeIcons::test_new_long_down_icon[basalt] 
-------------------------------- live log setup --------------------------------
07:43:56 [INFO] functional.conftest: [basalt] Opening app for test: test_new_long_down_icon[basalt]
07:43:56 [INFO] functional.conftest: [basalt] Opening app via install (preserving state)
07:43:56 [INFO] functional.conftest: [basalt] Installing app on emulator
07:43:58 [INFO] functional.conftest: [basalt] App installed and transport connected
07:43:58 [INFO] functional.conftest: [basalt] App opened via install
PASSED                                                                   [ 16%]
------------------------------ live log teardown -------------------------------
07:44:00 [INFO] functional.conftest: [basalt] Quitting app after test: test_new_long_down_icon[basalt]

test/functional/test_button_icons.py::TestEditSecIcons::test_editsec_back_icon[basalt] 
-------------------------------- live log setup --------------------------------
07:44:02 [INFO] functional.conftest: [basalt] Opening app for test: test_editsec_back_icon[basalt]
07:44:02 [INFO] functional.conftest: [basalt] Opening app via install (preserving state)
07:44:02 [INFO] functional.conftest: [basalt] Installing app on emulator
07:44:04 [INFO] functional.conftest: [basalt] App installed and transport connected
07:44:04 [INFO] functional.conftest: [basalt] App opened via install
PASSED                                                                   [ 17%]
------------------------------ live log teardown -------------------------------
07:44:11 [INFO] functional.conftest: [basalt] Quitting app after test: test_editsec_back_icon[basalt]

test/functional/test_button_icons.py::TestEditSecIcons::test_editsec_up_icon[basalt] 
-------------------------------- live log setup --------------------------------
07:44:12 [INFO] functional.conftest: [basalt] Opening app for test: test_editsec_up_icon[basalt]
07:44:12 [INFO] functional.conftest: [basalt] Opening app via install (preserving state)
07:44:12 [INFO] functional.conftest: [basalt] Installing app on emulator
07:44:15 [INFO] functional.conftest: [basalt] App installed and transport connected
07:44:15 [INFO] functional.conftest: [basalt] App opened via install
PASSED                                                                   [ 17%]
------------------------------ live log teardown -------------------------------
07:44:21 [INFO] functional.conftest: [basalt] Quitting app after test: test_editsec_up_icon[basalt]

test/functional/test_button_icons.py::TestEditSecIcons::test_editsec_select_icon[basalt] 
-------------------------------- live log setup --------------------------------
07:44:23 [INFO] functional.conftest: [basalt] Opening app for test: test_editsec_select_icon[basalt]
07:44:23 [INFO] functional.conftest: [basalt] Opening app via install (preserving state)
07:44:23 [INFO] functional.conftest: [basalt] Installing app on emulator
07:44:26 [INFO] functional.conftest: [basalt] App installed and transport connected
07:44:26 [INFO] functional.conftest: [basalt] App opened via install
PASSED                                                                   [ 17%]
------------------------------ live log teardown -------------------------------
07:44:32 [INFO] functional.conftest: [basalt] Quitting app after test: test_editsec_select_icon[basalt]

test/functional/test_button_icons.py::TestEditSecIcons::test_editsec_down_icon[basalt] 
-------------------------------- live log setup --------------------------------
07:44:34 [INFO] functional.conftest: [basalt] Opening app for test: test_editsec_down_icon[basalt]
07:44:34 [INFO] functional.conftest: [basalt] Opening app via install (preserving state)
07:44:34 [INFO] functional.conftest: [basalt] Installing app on emulator
07:44:37 [INFO] functional.conftest: [basalt] App installed and transport connected
07:44:37 [INFO] functional.conftest: [basalt] App opened via install
PASSED                                                                   [ 17%]
------------------------------ live log teardown -------------------------------
07:44:43 [INFO] functional.conftest: [basalt] Quitting app after test: test_editsec_down_icon[basalt]

test/functional/test_button_icons.py::TestEditSecIcons::test_editsec_long_up_direction_toggle[basalt] 
-------------------------------- live log setup --------------------------------
07:44:45 [INFO] functional.conftest: [basalt] Opening app for test: test_editsec_long_up_direction_toggle[basalt]
07:44:45 [INFO] functional.conftest: [basalt] Opening app via install (preserving state)
07:44:45 [INFO] functional.conftest: [basalt] Installing app on emulator
07:44:48 [INFO] functional.conftest: [basalt] App installed and transport connected
07:44:48 [INFO] functional.conftest: [basalt] App opened via install
PASSED                                                                   [ 18%]
------------------------------ live log teardown -------------------------------
07:44:54 [INFO] functional.conftest: [basalt] Quitting app after test: test_editsec_long_up_direction_toggle[basalt]

test/functional/test_button_icons.py::TestCountingIcons::test_counting_back_icon[basalt] 
-------------------------------- live log setup --------------------------------
07:44:56 [INFO] functional.conftest: [basalt] Opening app for test: test_counting_back_icon[basalt]
07:44:56 [INFO] functional.conftest: [basalt] Opening app via install (preserving state)
07:44:56 [INFO] functional.conftest: [basalt] Installing app on emulator
07:44:59 [INFO] functional.conftest: [basalt] App installed and transport connected
07:44:59 [INFO] functional.conftest: [basalt] App opened via install
PASSED                                                                   [ 18%]
------------------------------ live log teardown -------------------------------
07:45:05 [INFO] functional.conftest: [basalt] Quitting app after test: test_counting_back_icon[basalt]

test/functional/test_button_icons.py::TestCountingIcons::test_counting_up_icon[basalt] 
-------------------------------- live log setup --------------------------------
07:45:07 [INFO] functional.conftest: [basalt] Opening app for test: test_counting_up_icon[basalt]
07:45:07 [INFO] functional.conftest: [basalt] Opening app via install (preserving state)
07:45:07 [INFO] functional.conftest: [basalt] Installing app on emulator
07:45:09 [INFO] functional.conftest: [basalt] App installed and transport connected
07:45:09 [INFO] functional.conftest: [basalt] App opened via install
PASSED                                                                   [ 18%]
------------------------------ live log teardown -------------------------------
07:45:15 [INFO] functional.conftest: [basalt] Quitting app after test: test_counting_up_icon[basalt]

test/functional/test_button_icons.py::TestCountingIcons::test_counting_select_icon[basalt] 
-------------------------------- live log setup --------------------------------
07:45:17 [INFO] functional.conftest: [basalt] Opening app for test: test_counting_select_icon[basalt]
07:45:17 [INFO] functional.conftest: [basalt] Opening app via install (preserving state)
07:45:17 [INFO] functional.conftest: [basalt] Installing app on emulator
07:45:20 [INFO] functional.conftest: [basalt] App installed and transport connected
07:45:20 [INFO] functional.conftest: [basalt] App opened via install
PASSED                                                                   [ 18%]
------------------------------ live log teardown -------------------------------
07:45:26 [INFO] functional.conftest: [basalt] Quitting app after test: test_counting_select_icon[basalt]

test/functional/test_button_icons.py::TestCountingIcons::test_counting_down_icon[basalt] 
-------------------------------- live log setup --------------------------------
07:45:28 [INFO] functional.conftest: [basalt] Opening app for test: test_counting_down_icon[basalt]
07:45:28 [INFO] functional.conftest: [basalt] Opening app via install (preserving state)
07:45:28 [INFO] functional.conftest: [basalt] Installing app on emulator
07:45:30 [INFO] functional.conftest: [basalt] App installed and transport connected
07:45:30 [INFO] functional.conftest: [basalt] App opened via install
PASSED                                                                   [ 19%]
------------------------------ live log teardown -------------------------------
07:45:36 [INFO] functional.conftest: [basalt] Quitting app after test: test_counting_down_icon[basalt]

test/functional/test_button_icons.py::TestCountingIcons::test_counting_long_up_icon[basalt] 
-------------------------------- live log setup --------------------------------
07:45:38 [INFO] functional.conftest: [basalt] Opening app for test: test_counting_long_up_icon[basalt]
07:45:38 [INFO] functional.conftest: [basalt] Opening app via install (preserving state)
07:45:38 [INFO] functional.conftest: [basalt] Installing app on emulator
07:45:41 [INFO] functional.conftest: [basalt] App installed and transport connected
07:45:41 [INFO] functional.conftest: [basalt] App opened via install
PASSED                                                                   [ 19%]
------------------------------ live log teardown -------------------------------
07:45:46 [INFO] functional.conftest: [basalt] Quitting app after test: test_counting_long_up_icon[basalt]

test/functional/test_button_icons.py::TestCountingIcons::test_counting_long_select_icon[basalt] 
-------------------------------- live log setup --------------------------------
07:45:48 [INFO] functional.conftest: [basalt] Opening app for test: test_counting_long_select_icon[basalt]
07:45:48 [INFO] functional.conftest: [basalt] Opening app via install (preserving state)
07:45:48 [INFO] functional.conftest: [basalt] Installing app on emulator
07:45:51 [INFO] functional.conftest: [basalt] App installed and transport connected
07:45:51 [INFO] functional.conftest: [basalt] App opened via install
SKIPPED (Long press select icon disabled due to display overlap (see...) [ 19%]
------------------------------ live log teardown -------------------------------
07:45:51 [INFO] functional.conftest: [basalt] Quitting app after test: test_counting_long_select_icon[basalt]

test/functional/test_button_icons.py::TestCountingIcons::test_counting_long_down_icon[basalt] 
-------------------------------- live log setup --------------------------------
07:45:53 [INFO] functional.conftest: [basalt] Opening app for test: test_counting_long_down_icon[basalt]
07:45:53 [INFO] functional.conftest: [basalt] Opening app via install (preserving state)
07:45:53 [INFO] functional.conftest: [basalt] Installing app on emulator
07:45:56 [INFO] functional.conftest: [basalt] App installed and transport connected
07:45:56 [INFO] functional.conftest: [basalt] App opened via install
PASSED                                                                   [ 19%]
------------------------------ live log teardown -------------------------------
07:46:02 [INFO] functional.conftest: [basalt] Quitting app after test: test_counting_long_down_icon[basalt]

test/functional/test_button_icons.py::TestPausedIcons::test_paused_select_icon_play[basalt] 
-------------------------------- live log setup --------------------------------
07:46:04 [INFO] functional.conftest: [basalt] Opening app for test: test_paused_select_icon_play[basalt]
07:46:04 [INFO] functional.conftest: [basalt] Opening app via install (preserving state)
07:46:04 [INFO] functional.conftest: [basalt] Installing app on emulator
07:46:06 [INFO] functional.conftest: [basalt] App installed and transport connected
07:46:06 [INFO] functional.conftest: [basalt] App opened via install
PASSED                                                                   [ 20%]
------------------------------ live log teardown -------------------------------
07:46:13 [INFO] functional.conftest: [basalt] Quitting app after test: test_paused_select_icon_play[basalt]

test/functional/test_button_icons.py::TestChronoIcons::test_chrono_select_icon[basalt] 
-------------------------------- live log setup --------------------------------
07:46:15 [INFO] functional.conftest: [basalt] Opening app for test: test_chrono_select_icon[basalt]
07:46:15 [INFO] functional.conftest: [basalt] Opening app via install (preserving state)
07:46:15 [INFO] functional.conftest: [basalt] Installing app on emulator
07:46:18 [INFO] functional.conftest: [basalt] App installed and transport connected
07:46:18 [INFO] functional.conftest: [basalt] App opened via install
-------------------------------- live log call ---------------------------------
07:46:19 [INFO] functional.test_button_icons: [basalt] Setting up 4s timer for icon test
07:46:26 [INFO] functional.test_button_icons: [basalt] Short timer set to 4s, waiting for expire
07:46:31 [INFO] functional.test_button_icons: [basalt] Short timer started, counting down from 4s
07:46:39 [INFO] functional.test_button_icons: Chrono mode state: {'event': 'button_down', 't': '0:04', 'm': 'Counting', 'r': '0', 'p': '0', 'v': '0', 'd': '1', 'l': '0'}
PASSED                                                                   [ 20%]
------------------------------ live log teardown -------------------------------
07:46:39 [INFO] functional.conftest: [basalt] Quitting app after test: test_chrono_select_icon[basalt]

test/functional/test_button_icons.py::TestChronoIcons::test_chrono_long_select_icon[basalt] 
-------------------------------- live log setup --------------------------------
07:46:41 [INFO] functional.conftest: [basalt] Opening app for test: test_chrono_long_select_icon[basalt]
07:46:41 [INFO] functional.conftest: [basalt] Opening app via install (preserving state)
07:46:41 [INFO] functional.conftest: [basalt] Installing app on emulator
07:46:43 [INFO] functional.conftest: [basalt] App installed and transport connected
07:46:43 [INFO] functional.conftest: [basalt] App opened via install
SKIPPED (Long press select icon disabled due to display overlap (see...) [ 20%]
------------------------------ live log teardown -------------------------------
07:46:44 [INFO] functional.conftest: [basalt] Quitting app after test: test_chrono_long_select_icon[basalt]

test/functional/test_button_icons.py::TestEditRepeatIcons::test_editrepeat_back_icon[basalt] 
-------------------------------- live log setup --------------------------------
07:46:46 [INFO] functional.conftest: [basalt] Opening app for test: test_editrepeat_back_icon[basalt]
07:46:46 [INFO] functional.conftest: [basalt] Opening app via install (preserving state)
07:46:46 [INFO] functional.conftest: [basalt] Installing app on emulator
07:46:48 [INFO] functional.conftest: [basalt] App installed and transport connected
07:46:48 [INFO] functional.conftest: [basalt] App opened via install
PASSED                                                                   [ 20%]
------------------------------ live log teardown -------------------------------
07:46:57 [INFO] functional.conftest: [basalt] Quitting app after test: test_editrepeat_back_icon[basalt]

test/functional/test_button_icons.py::TestEditRepeatIcons::test_editrepeat_up_icon[basalt] 
-------------------------------- live log setup --------------------------------
07:46:59 [INFO] functional.conftest: [basalt] Opening app for test: test_editrepeat_up_icon[basalt]
07:46:59 [INFO] functional.conftest: [basalt] Opening app via install (preserving state)
07:46:59 [INFO] functional.conftest: [basalt] Installing app on emulator
07:47:01 [INFO] functional.conftest: [basalt] App installed and transport connected
07:47:01 [INFO] functional.conftest: [basalt] App opened via install
-------------------------------- live log call ---------------------------------
07:47:09 [INFO] functional.test_button_icons: No reference found for 'editrepeat_up' (auto_save=False)
PASSED                                                                   [ 21%]
------------------------------ live log teardown -------------------------------
07:47:09 [INFO] functional.conftest: [basalt] Quitting app after test: test_editrepeat_up_icon[basalt]

test/functional/test_button_icons.py::TestEditRepeatIcons::test_editrepeat_select_icon[basalt] 
-------------------------------- live log setup --------------------------------
07:47:11 [INFO] functional.conftest: [basalt] Opening app for test: test_editrepeat_select_icon[basalt]
07:47:11 [INFO] functional.conftest: [basalt] Opening app via install (preserving state)
07:47:11 [INFO] functional.conftest: [basalt] Installing app on emulator
07:47:14 [INFO] functional.conftest: [basalt] App installed and transport connected
07:47:14 [INFO] functional.conftest: [basalt] App opened via install
PASSED                                                                   [ 21%]
------------------------------ live log teardown -------------------------------
07:47:22 [INFO] functional.conftest: [basalt] Quitting app after test: test_editrepeat_select_icon[basalt]

test/functional/test_button_icons.py::TestEditRepeatIcons::test_editrepeat_down_icon[basalt] 
-------------------------------- live log setup --------------------------------
07:47:24 [INFO] functional.conftest: [basalt] Opening app for test: test_editrepeat_down_icon[basalt]
07:47:24 [INFO] functional.conftest: [basalt] Opening app via install (preserving state)
07:47:24 [INFO] functional.conftest: [basalt] Installing app on emulator
07:47:27 [INFO] functional.conftest: [basalt] App installed and transport connected
07:47:27 [INFO] functional.conftest: [basalt] App opened via install
PASSED                                                                   [ 21%]
------------------------------ live log teardown -------------------------------
07:47:35 [INFO] functional.conftest: [basalt] Quitting app after test: test_editrepeat_down_icon[basalt]

test/functional/test_button_icons.py::TestAlarmIcons::test_alarm_back_icon_silence[chalk] 
-------------------------------- live log setup --------------------------------
07:47:37 [INFO] functional.test_button_icons: [basalt] Tearing down - killing emulator
SKIPPED (Skipping test for chalk since --platform=basalt was specified.) [ 21%]
test/functional/test_button_icons.py::TestAlarmIcons::test_alarm_up_icon_edit[chalk] SKIPPED [ 22%]
test/functional/test_button_icons.py::TestAlarmIcons::test_alarm_long_up_icon_reset[chalk] SKIPPED [ 22%]
test/functional/test_button_icons.py::TestAlarmIcons::test_alarm_select_icon_pause[chalk] SKIPPED [ 22%]
test/functional/test_button_icons.py::TestAlarmIcons::test_alarm_down_icon_snooze[chalk] SKIPPED [ 22%]
test/functional/test_button_icons.py::TestNewModeIcons::test_new_back_icon[chalk] SKIPPED [ 23%]
test/functional/test_button_icons.py::TestNewModeIcons::test_new_up_icon[chalk] SKIPPED [ 23%]
test/functional/test_button_icons.py::TestNewModeIcons::test_new_select_icon[chalk] SKIPPED [ 23%]
test/functional/test_button_icons.py::TestNewModeIcons::test_new_down_icon[chalk] SKIPPED [ 23%]
test/functional/test_button_icons.py::TestNewModeIcons::test_new_long_up_direction_toggle[chalk] SKIPPED [ 24%]
test/functional/test_button_icons.py::TestNewModeIcons::test_new_long_select_icon[chalk] SKIPPED [ 24%]
test/functional/test_button_icons.py::TestNewModeIcons::test_new_long_down_icon[chalk] SKIPPED [ 24%]
test/functional/test_button_icons.py::TestEditSecIcons::test_editsec_back_icon[chalk] SKIPPED [ 24%]
test/functional/test_button_icons.py::TestEditSecIcons::test_editsec_up_icon[chalk] SKIPPED [ 25%]
test/functional/test_button_icons.py::TestEditSecIcons::test_editsec_select_icon[chalk] SKIPPED [ 25%]
test/functional/test_button_icons.py::TestEditSecIcons::test_editsec_down_icon[chalk] SKIPPED [ 25%]
test/functional/test_button_icons.py::TestEditSecIcons::test_editsec_long_up_direction_toggle[chalk] SKIPPED [ 25%]
test/functional/test_button_icons.py::TestCountingIcons::test_counting_back_icon[chalk] SKIPPED [ 26%]
test/functional/test_button_icons.py::TestCountingIcons::test_counting_up_icon[chalk] SKIPPED [ 26%]
test/functional/test_button_icons.py::TestCountingIcons::test_counting_select_icon[chalk] SKIPPED [ 26%]
test/functional/test_button_icons.py::TestCountingIcons::test_counting_down_icon[chalk] SKIPPED [ 26%]
test/functional/test_button_icons.py::TestCountingIcons::test_counting_long_up_icon[chalk] SKIPPED [ 27%]
test/functional/test_button_icons.py::TestCountingIcons::test_counting_long_select_icon[chalk] SKIPPED [ 27%]
test/functional/test_button_icons.py::TestCountingIcons::test_counting_long_down_icon[chalk] SKIPPED [ 27%]
test/functional/test_button_icons.py::TestPausedIcons::test_paused_select_icon_play[chalk] SKIPPED [ 27%]
test/functional/test_button_icons.py::TestChronoIcons::test_chrono_select_icon[chalk] SKIPPED [ 28%]
test/functional/test_button_icons.py::TestChronoIcons::test_chrono_long_select_icon[chalk] SKIPPED [ 28%]
test/functional/test_button_icons.py::TestEditRepeatIcons::test_editrepeat_back_icon[chalk] SKIPPED [ 28%]
test/functional/test_button_icons.py::TestEditRepeatIcons::test_editrepeat_up_icon[chalk] SKIPPED [ 28%]
test/functional/test_button_icons.py::TestEditRepeatIcons::test_editrepeat_select_icon[chalk] SKIPPED [ 29%]
test/functional/test_button_icons.py::TestEditRepeatIcons::test_editrepeat_down_icon[chalk] SKIPPED [ 29%]
test/functional/test_button_icons.py::TestAlarmIcons::test_alarm_back_icon_silence[diorite] SKIPPED [ 29%]
test/functional/test_button_icons.py::TestAlarmIcons::test_alarm_up_icon_edit[diorite] SKIPPED [ 29%]
test/functional/test_button_icons.py::TestAlarmIcons::test_alarm_long_up_icon_reset[diorite] SKIPPED [ 30%]
test/functional/test_button_icons.py::TestAlarmIcons::test_alarm_select_icon_pause[diorite] SKIPPED [ 30%]
test/functional/test_button_icons.py::TestAlarmIcons::test_alarm_down_icon_snooze[diorite] SKIPPED [ 30%]
test/functional/test_button_icons.py::TestNewModeIcons::test_new_back_icon[diorite] SKIPPED [ 30%]
test/functional/test_button_icons.py::TestNewModeIcons::test_new_up_icon[diorite] SKIPPED [ 31%]
test/functional/test_button_icons.py::TestNewModeIcons::test_new_select_icon[diorite] SKIPPED [ 31%]
test/functional/test_button_icons.py::TestNewModeIcons::test_new_down_icon[diorite] SKIPPED [ 31%]
test/functional/test_button_icons.py::TestNewModeIcons::test_new_long_up_direction_toggle[diorite] SKIPPED [ 31%]
test/functional/test_button_icons.py::TestNewModeIcons::test_new_long_select_icon[diorite] SKIPPED [ 32%]
test/functional/test_button_icons.py::TestNewModeIcons::test_new_long_down_icon[diorite] SKIPPED [ 32%]
test/functional/test_button_icons.py::TestEditSecIcons::test_editsec_back_icon[diorite] SKIPPED [ 32%]
test/functional/test_button_icons.py::TestEditSecIcons::test_editsec_up_icon[diorite] SKIPPED [ 32%]
test/functional/test_button_icons.py::TestEditSecIcons::test_editsec_select_icon[diorite] SKIPPED [ 33%]
test/functional/test_button_icons.py::TestEditSecIcons::test_editsec_down_icon[diorite] SKIPPED [ 33%]
test/functional/test_button_icons.py::TestEditSecIcons::test_editsec_long_up_direction_toggle[diorite] SKIPPED [ 33%]
test/functional/test_button_icons.py::TestCountingIcons::test_counting_back_icon[diorite] SKIPPED [ 33%]
test/functional/test_button_icons.py::TestCountingIcons::test_counting_up_icon[diorite] SKIPPED [ 34%]
test/functional/test_button_icons.py::TestCountingIcons::test_counting_select_icon[diorite] SKIPPED [ 34%]
test/functional/test_button_icons.py::TestCountingIcons::test_counting_down_icon[diorite] SKIPPED [ 34%]
test/functional/test_button_icons.py::TestCountingIcons::test_counting_long_up_icon[diorite] SKIPPED [ 34%]
test/functional/test_button_icons.py::TestCountingIcons::test_counting_long_select_icon[diorite] SKIPPED [ 35%]
test/functional/test_button_icons.py::TestCountingIcons::test_counting_long_down_icon[diorite] SKIPPED [ 35%]
test/functional/test_button_icons.py::TestPausedIcons::test_paused_select_icon_play[diorite] SKIPPED [ 35%]
test/functional/test_button_icons.py::TestChronoIcons::test_chrono_select_icon[diorite] SKIPPED [ 35%]
test/functional/test_button_icons.py::TestChronoIcons::test_chrono_long_select_icon[diorite] SKIPPED [ 36%]
test/functional/test_button_icons.py::TestEditRepeatIcons::test_editrepeat_back_icon[diorite] SKIPPED [ 36%]
test/functional/test_button_icons.py::TestEditRepeatIcons::test_editrepeat_up_icon[diorite] SKIPPED [ 36%]
test/functional/test_button_icons.py::TestEditRepeatIcons::test_editrepeat_select_icon[diorite] SKIPPED [ 36%]
test/functional/test_button_icons.py::TestEditRepeatIcons::test_editrepeat_down_icon[diorite] SKIPPED [ 37%]
test/functional/test_create_timer.py::TestCreateTimer::test_create_2_minute_timer[aplite] SKIPPED [ 37%]
test/functional/test_create_timer.py::TestCreateTimer::test_initial_state_shows_new[aplite] SKIPPED [ 37%]
test/functional/test_create_timer.py::TestCreateTimer::test_down_button_increments_minutes[aplite] SKIPPED [ 37%]
test/functional/test_create_timer.py::TestButtonPresses::test_up_button_increments_20_minutes[aplite] SKIPPED [ 38%]
test/functional/test_create_timer.py::TestButtonPresses::test_select_button_increments_5_minutes[aplite] SKIPPED [ 38%]
test/functional/test_create_timer.py::TestTimerCountdown::test_timer_counts_down[aplite] SKIPPED [ 38%]
test/functional/test_create_timer.py::TestTimerCountdown::test_timer_transitions_to_counting_mode[aplite] SKIPPED [ 38%]
test/functional/test_create_timer.py::TestChronoMode::test_chrono_mode_counts_up[aplite] SKIPPED [ 39%]
test/functional/test_create_timer.py::TestPlayPause::test_select_toggles_play_pause_in_counting_mode[aplite] SKIPPED [ 39%]
test/functional/test_create_timer.py::TestTimerStartsImmediately::test_timer_counts_down_during_setup[aplite] SKIPPED [ 39%]
test/functional/test_create_timer.py::TestTimerStartsImmediately::test_chrono_has_elapsed_time_when_mode_expires[aplite] SKIPPED [ 39%]
test/functional/test_create_timer.py::TestLongPressReset::test_long_press_select_resets_timer[aplite] SKIPPED [ 40%]
test/functional/test_create_timer.py::TestCreateTimer::test_create_2_minute_timer[basalt] 
-------------------------------- live log setup --------------------------------
07:47:37 [INFO] functional.conftest: [basalt] Starting warm-up cycle to clear stale state
07:47:41 [INFO] functional.conftest: [basalt] Installing app on emulator
07:47:49 [INFO] functional.conftest: [basalt] App installed and transport connected
07:47:49 [INFO] functional.conftest: [basalt] Waiting for emulator to stabilize (2s)
07:47:51 [INFO] functional.conftest: [basalt] Holding down button to quit app and set persist state
07:47:52 [INFO] functional.conftest: [basalt] App quit via long press, persist state set
07:47:53 [INFO] functional.conftest: [basalt] Emulator ready for tests
07:47:53 [INFO] functional.conftest: [basalt] Opening app for test: test_create_2_minute_timer[basalt]
07:47:53 [INFO] functional.conftest: [basalt] Opening app via install (preserving state)
07:47:53 [INFO] functional.conftest: [basalt] Installing app on emulator
07:47:55 [INFO] functional.conftest: [basalt] App installed and transport connected
07:47:55 [INFO] functional.conftest: [basalt] App opened via install
-------------------------------- live log call ---------------------------------
07:47:58 [INFO] functional.test_create_timer: After 2 Down presses - state: {'event': 'button_down', 't': '1:57', 'm': 'New', 'r': '0', 'p': '0', 'v': '0', 'd': '1', 'l': '1'}
PASSED                                                                   [ 40%]
------------------------------ live log teardown -------------------------------
07:47:58 [INFO] functional.conftest: [basalt] Quitting app after test: test_create_2_minute_timer[basalt]

test/functional/test_create_timer.py::TestCreateTimer::test_initial_state_shows_new[basalt] 
-------------------------------- live log setup --------------------------------
07:48:00 [INFO] functional.conftest: [basalt] Opening app for test: test_initial_state_shows_new[basalt]
07:48:00 [INFO] functional.conftest: [basalt] Opening app via install (preserving state)
07:48:00 [INFO] functional.conftest: [basalt] Installing app on emulator
07:48:02 [INFO] functional.conftest: [basalt] App installed and transport connected
07:48:02 [INFO] functional.conftest: [basalt] App opened via install
-------------------------------- live log call ---------------------------------
07:48:07 [INFO] functional.test_create_timer: Initial state text: +1h 1 +20 New -d:p1 7.48 +Im
PASSED                                                                   [ 40%]
------------------------------ live log teardown -------------------------------
07:48:07 [INFO] functional.conftest: [basalt] Quitting app after test: test_initial_state_shows_new[basalt]

test/functional/test_create_timer.py::TestCreateTimer::test_down_button_increments_minutes[basalt] 
-------------------------------- live log setup --------------------------------
07:48:09 [INFO] functional.conftest: [basalt] Opening app for test: test_down_button_increments_minutes[basalt]
07:48:09 [INFO] functional.conftest: [basalt] Opening app via install (preserving state)
07:48:09 [INFO] functional.conftest: [basalt] Installing app on emulator
07:48:11 [INFO] functional.conftest: [basalt] App installed and transport connected
07:48:11 [INFO] functional.conftest: [basalt] App opened via install
-------------------------------- live log call ---------------------------------
07:48:16 [INFO] functional.test_create_timer: After 3 Down presses: #1m 1 +20 New 2.57 6 7.51 #i III}
PASSED                                                                   [ 40%]
------------------------------ live log teardown -------------------------------
07:48:16 [INFO] functional.conftest: [basalt] Quitting app after test: test_down_button_increments_minutes[basalt]

test/functional/test_create_timer.py::TestButtonPresses::test_up_button_increments_20_minutes[basalt] 
-------------------------------- live log setup --------------------------------
07:48:18 [INFO] functional.conftest: [basalt] Opening app for test: test_up_button_increments_20_minutes[basalt]
07:48:18 [INFO] functional.conftest: [basalt] Opening app via install (preserving state)
07:48:18 [INFO] functional.conftest: [basalt] Installing app on emulator
07:48:20 [INFO] functional.conftest: [basalt] App installed and transport connected
07:48:20 [INFO] functional.conftest: [basalt] App opened via install
-------------------------------- live log call ---------------------------------
07:48:22 [INFO] functional.test_create_timer: After Up press - state: {'event': 'button_up', 't': '19:58', 'm': 'New', 'r': '0', 'p': '0', 'v': '0', 'd': '1', 'l': '1'}
PASSED                                                                   [ 41%]
------------------------------ live log teardown -------------------------------
07:48:22 [INFO] functional.conftest: [basalt] Quitting app after test: test_up_button_increments_20_minutes[basalt]

test/functional/test_create_timer.py::TestButtonPresses::test_select_button_increments_5_minutes[basalt] 
-------------------------------- live log setup --------------------------------
07:48:24 [INFO] functional.conftest: [basalt] Opening app for test: test_select_button_increments_5_minutes[basalt]
07:48:24 [INFO] functional.conftest: [basalt] Opening app via install (preserving state)
07:48:24 [INFO] functional.conftest: [basalt] Installing app on emulator
07:48:27 [INFO] functional.conftest: [basalt] App installed and transport connected
07:48:27 [INFO] functional.conftest: [basalt] App opened via install
-------------------------------- live log call ---------------------------------
07:48:31 [INFO] functional.test_create_timer: After Select press: #1m 1 +20 New 4.658 5 7*53 +Im III}
07:48:31 [INFO] functional.test_create_timer:   normalized: 1 1 20  4:658 5 753 1 111
PASSED                                                                   [ 41%]
------------------------------ live log teardown -------------------------------
07:48:31 [INFO] functional.conftest: [basalt] Quitting app after test: test_select_button_increments_5_minutes[basalt]

test/functional/test_create_timer.py::TestTimerCountdown::test_timer_counts_down[basalt] 
-------------------------------- live log setup --------------------------------
07:48:32 [INFO] functional.conftest: [basalt] Opening app for test: test_timer_counts_down[basalt]
07:48:32 [INFO] functional.conftest: [basalt] Opening app via install (preserving state)
07:48:32 [INFO] functional.conftest: [basalt] Installing app on emulator
07:48:35 [INFO] functional.conftest: [basalt] App installed and transport connected
07:48:35 [INFO] functional.conftest: [basalt] App opened via install
-------------------------------- live log call ---------------------------------
07:48:49 [INFO] functional.test_create_timer: Countdown start text: 9 e 01.00 0:64 7*48 Ker M J
07:48:50 [INFO] functional.test_create_timer: After 5s text: € e 01.00 0.4- 7*48 Ker M J
PASSED                                                                   [ 41%]
------------------------------ live log teardown -------------------------------
07:48:50 [INFO] functional.conftest: [basalt] Quitting app after test: test_timer_counts_down[basalt]

test/functional/test_create_timer.py::TestTimerCountdown::test_timer_transitions_to_counting_mode[basalt] 
-------------------------------- live log setup --------------------------------
07:48:52 [INFO] functional.conftest: [basalt] Opening app for test: test_timer_transitions_to_counting_mode[basalt]
07:48:52 [INFO] functional.conftest: [basalt] Opening app via install (preserving state)
07:48:52 [INFO] functional.conftest: [basalt] Installing app on emulator
07:48:55 [INFO] functional.conftest: [basalt] App installed and transport connected
07:48:55 [INFO] functional.conftest: [basalt] App opened via install
-------------------------------- live log call ---------------------------------
07:48:57 [INFO] functional.test_create_timer: After Down press state: {'event': 'button_down', 't': '0:58', 'm': 'New', 'r': '0', 'p': '0', 'v': '0', 'd': '1', 'l': '1'}
07:49:00 [INFO] functional.test_create_timer: After transition state: {'event': 'mode_change', 't': '0:55', 'm': 'Counting', 'r': '0', 'p': '0', 'v': '0', 'd': '1', 'l': '0'}
PASSED                                                                   [ 41%]
------------------------------ live log teardown -------------------------------
07:49:00 [INFO] functional.conftest: [basalt] Quitting app after test: test_timer_transitions_to_counting_mode[basalt]

test/functional/test_create_timer.py::TestChronoMode::test_chrono_mode_counts_up[basalt] 
-------------------------------- live log setup --------------------------------
07:49:01 [INFO] functional.conftest: [basalt] Opening app for test: test_chrono_mode_counts_up[basalt]
07:49:01 [INFO] functional.conftest: [basalt] Opening app via install (preserving state)
07:49:01 [INFO] functional.conftest: [basalt] Installing app on emulator
07:49:04 [INFO] functional.conftest: [basalt] App installed and transport connected
07:49:04 [INFO] functional.conftest: [basalt] App opened via install
-------------------------------- live log call ---------------------------------
07:49:14 [INFO] functional.test_create_timer: Chrono mode start: e O0;00--> 004 749 M %
07:49:16 [INFO] functional.test_create_timer: Chrono after 3s: @ Oo;00--> dE 7.49 M %
PASSED                                                                   [ 42%]
------------------------------ live log teardown -------------------------------
07:49:16 [INFO] functional.conftest: [basalt] Quitting app after test: test_chrono_mode_counts_up[basalt]

test/functional/test_create_timer.py::TestPlayPause::test_select_toggles_play_pause_in_counting_mode[basalt] 
-------------------------------- live log setup --------------------------------
07:49:18 [INFO] functional.conftest: [basalt] Opening app for test: test_select_toggles_play_pause_in_counting_mode[basalt]
07:49:18 [INFO] functional.conftest: [basalt] Opening app via install (preserving state)
07:49:18 [INFO] functional.conftest: [basalt] Installing app on emulator
07:49:21 [INFO] functional.conftest: [basalt] App installed and transport connected
07:49:21 [INFO] functional.conftest: [basalt] App opened via install
-------------------------------- live log call ---------------------------------
07:49:37 [INFO] functional.test_create_timer: Running timer: 9 e 01.00 0:64 7.49 Ker M J
07:49:38 [INFO] functional.test_create_timer: Paused timer: 9 e 01.00 0:64 7.49 Ker M J
07:49:40 [INFO] functional.test_create_timer: Still paused: 9 e 01.00 0:64 7.49 Ker M J
07:49:42 [INFO] functional.test_create_timer: Resumed timer: e 01.00 0:61 m 7.49 Ker M J
PASSED                                                                   [ 42%]
------------------------------ live log teardown -------------------------------
07:49:42 [INFO] functional.conftest: [basalt] Quitting app after test: test_select_toggles_play_pause_in_counting_mode[basalt]

test/functional/test_create_timer.py::TestTimerStartsImmediately::test_timer_counts_down_during_setup[basalt] 
-------------------------------- live log setup --------------------------------
07:49:44 [INFO] functional.conftest: [basalt] Opening app for test: test_timer_counts_down_during_setup[basalt]
07:49:44 [INFO] functional.conftest: [basalt] Opening app via install (preserving state)
07:49:44 [INFO] functional.conftest: [basalt] Installing app on emulator
07:49:47 [INFO] functional.conftest: [basalt] App installed and transport connected
07:49:47 [INFO] functional.conftest: [basalt] App opened via install
-------------------------------- live log call ---------------------------------
07:50:02 [INFO] functional.test_create_timer: After 6 Down presses with 2s delays - state: {'event': 'button_down', 't': '5:46', 'm': 'New', 'r': '0', 'p': '0', 'v': '0', 'd': '1', 'l': '1'}
PASSED                                                                   [ 42%]
------------------------------ live log teardown -------------------------------
07:50:02 [INFO] functional.conftest: [basalt] Quitting app after test: test_timer_counts_down_during_setup[basalt]

test/functional/test_create_timer.py::TestTimerStartsImmediately::test_chrono_has_elapsed_time_when_mode_expires[basalt] 
-------------------------------- live log setup --------------------------------
07:50:04 [INFO] functional.conftest: [basalt] Opening app for test: test_chrono_has_elapsed_time_when_mode_expires[basalt]
07:50:04 [INFO] functional.conftest: [basalt] Opening app via install (preserving state)
07:50:04 [INFO] functional.conftest: [basalt] Installing app on emulator
07:50:06 [INFO] functional.conftest: [basalt] App installed and transport connected
07:50:06 [INFO] functional.conftest: [basalt] App opened via install
-------------------------------- live log call ---------------------------------
07:50:09 [INFO] functional.test_create_timer: Mode change state: {'event': 'mode_change', 't': '0:03', 'm': 'Counting', 'r': '0', 'p': '0', 'v': '0', 'd': '1', 'l': '0'}
PASSED                                                                   [ 42%]
------------------------------ live log teardown -------------------------------
07:50:09 [INFO] functional.conftest: [basalt] Quitting app after test: test_chrono_has_elapsed_time_when_mode_expires[basalt]

test/functional/test_create_timer.py::TestLongPressReset::test_long_press_select_resets_timer[basalt] 
-------------------------------- live log setup --------------------------------
07:50:11 [INFO] functional.conftest: [basalt] Opening app for test: test_long_press_select_resets_timer[basalt]
07:50:11 [INFO] functional.conftest: [basalt] Opening app via install (preserving state)
07:50:11 [INFO] functional.conftest: [basalt] Installing app on emulator
07:50:13 [INFO] functional.conftest: [basalt] App installed and transport connected
07:50:13 [INFO] functional.conftest: [basalt] App opened via install
-------------------------------- live log call ---------------------------------
07:50:24 [INFO] functional.test_create_timer: Before reset: 9 e 20;00 19:64m 750 Ker M J
07:50:26 [INFO] functional.test_create_timer: After reset: 9 e 20;00 19:67 750 Ker M J
PASSED                                                                   [ 43%]
------------------------------ live log teardown -------------------------------
07:50:26 [INFO] functional.conftest: [basalt] Quitting app after test: test_long_press_select_resets_timer[basalt]

test/functional/test_create_timer.py::TestCreateTimer::test_create_2_minute_timer[chalk] 
-------------------------------- live log setup --------------------------------
07:50:28 [INFO] functional.conftest: [basalt] Tearing down - killing emulator
SKIPPED (Skipping test for chalk since --platform=basalt was specified.) [ 43%]
test/functional/test_create_timer.py::TestCreateTimer::test_initial_state_shows_new[chalk] SKIPPED [ 43%]
test/functional/test_create_timer.py::TestCreateTimer::test_down_button_increments_minutes[chalk] SKIPPED [ 43%]
test/functional/test_create_timer.py::TestButtonPresses::test_up_button_increments_20_minutes[chalk] SKIPPED [ 44%]
test/functional/test_create_timer.py::TestButtonPresses::test_select_button_increments_5_minutes[chalk] SKIPPED [ 44%]
test/functional/test_create_timer.py::TestTimerCountdown::test_timer_counts_down[chalk] SKIPPED [ 44%]
test/functional/test_create_timer.py::TestTimerCountdown::test_timer_transitions_to_counting_mode[chalk] SKIPPED [ 44%]
test/functional/test_create_timer.py::TestChronoMode::test_chrono_mode_counts_up[chalk] SKIPPED [ 45%]
test/functional/test_create_timer.py::TestPlayPause::test_select_toggles_play_pause_in_counting_mode[chalk] SKIPPED [ 45%]
test/functional/test_create_timer.py::TestTimerStartsImmediately::test_timer_counts_down_during_setup[chalk] SKIPPED [ 45%]
test/functional/test_create_timer.py::TestTimerStartsImmediately::test_chrono_has_elapsed_time_when_mode_expires[chalk] SKIPPED [ 45%]
test/functional/test_create_timer.py::TestLongPressReset::test_long_press_select_resets_timer[chalk] SKIPPED [ 46%]
test/functional/test_create_timer.py::TestCreateTimer::test_create_2_minute_timer[diorite] SKIPPED [ 46%]
test/functional/test_create_timer.py::TestCreateTimer::test_initial_state_shows_new[diorite] SKIPPED [ 46%]
test/functional/test_create_timer.py::TestCreateTimer::test_down_button_increments_minutes[diorite] SKIPPED [ 46%]
test/functional/test_create_timer.py::TestButtonPresses::test_up_button_increments_20_minutes[diorite] SKIPPED [ 47%]
test/functional/test_create_timer.py::TestButtonPresses::test_select_button_increments_5_minutes[diorite] SKIPPED [ 47%]
test/functional/test_create_timer.py::TestTimerCountdown::test_timer_counts_down[diorite] SKIPPED [ 47%]
test/functional/test_create_timer.py::TestTimerCountdown::test_timer_transitions_to_counting_mode[diorite] SKIPPED [ 47%]
test/functional/test_create_timer.py::TestChronoMode::test_chrono_mode_counts_up[diorite] SKIPPED [ 48%]
test/functional/test_create_timer.py::TestPlayPause::test_select_toggles_play_pause_in_counting_mode[diorite] SKIPPED [ 48%]
test/functional/test_create_timer.py::TestTimerStartsImmediately::test_timer_counts_down_during_setup[diorite] SKIPPED [ 48%]
test/functional/test_create_timer.py::TestTimerStartsImmediately::test_chrono_has_elapsed_time_when_mode_expires[diorite] SKIPPED [ 48%]
test/functional/test_create_timer.py::TestLongPressReset::test_long_press_select_resets_timer[diorite] SKIPPED [ 49%]
test/functional/test_directional_icons.py::TestNewModeForwardIcons::test_new_forward_has_icons[aplite] SKIPPED [ 49%]
test/functional/test_directional_icons.py::TestNewModeReverseIcons::test_new_reverse_back_icon[aplite] SKIPPED [ 49%]
test/functional/test_directional_icons.py::TestNewModeReverseIcons::test_new_reverse_up_icon[aplite] SKIPPED [ 49%]
test/functional/test_directional_icons.py::TestNewModeReverseIcons::test_new_reverse_select_icon[aplite] SKIPPED [ 50%]
test/functional/test_directional_icons.py::TestNewModeReverseIcons::test_new_reverse_down_icon[aplite] SKIPPED [ 50%]
test/functional/test_directional_icons.py::TestEditSecModeForwardIcons::test_editsec_forward_back_icon_plus60[aplite] SKIPPED [ 50%]
test/functional/test_directional_icons.py::TestEditSecModeForwardIcons::test_editsec_forward_has_icons[aplite] SKIPPED [ 50%]
test/functional/test_directional_icons.py::TestEditSecModeReverseIcons::test_editsec_reverse_back_icon[aplite] SKIPPED [ 51%]
test/functional/test_directional_icons.py::TestEditSecModeReverseIcons::test_editsec_reverse_up_icon[aplite] SKIPPED [ 51%]
test/functional/test_directional_icons.py::TestEditSecModeReverseIcons::test_editsec_reverse_select_icon[aplite] SKIPPED [ 51%]
test/functional/test_directional_icons.py::TestEditSecModeReverseIcons::test_editsec_reverse_down_icon[aplite] SKIPPED [ 51%]
test/functional/test_directional_icons.py::TestNewModeForwardIcons::test_new_forward_has_icons[basalt] 
-------------------------------- live log setup --------------------------------
07:50:29 [INFO] functional.test_directional_icons: [basalt] Starting warm-up cycle
07:50:32 [INFO] functional.conftest: [basalt] Installing app on emulator
07:50:40 [INFO] functional.conftest: [basalt] App installed and transport connected
07:50:40 [INFO] functional.test_directional_icons: [basalt] Waiting for emulator to stabilize (2s)
07:50:42 [INFO] functional.test_directional_icons: [basalt] Holding down button to quit app and set persist state
07:50:45 [INFO] functional.test_directional_icons: [basalt] Emulator ready for tests
07:50:45 [INFO] functional.conftest: [basalt] Opening app for test: test_new_forward_has_icons[basalt]
07:50:45 [INFO] functional.conftest: [basalt] Opening app via install (preserving state)
07:50:45 [INFO] functional.conftest: [basalt] Installing app on emulator
07:50:48 [INFO] functional.conftest: [basalt] App installed and transport connected
07:50:48 [INFO] functional.conftest: [basalt] App opened via install
PASSED                                                                   [ 52%]
------------------------------ live log teardown -------------------------------
07:50:51 [INFO] functional.conftest: [basalt] Quitting app after test: test_new_forward_has_icons[basalt]

test/functional/test_directional_icons.py::TestNewModeReverseIcons::test_new_reverse_back_icon[basalt] 
-------------------------------- live log setup --------------------------------
07:50:53 [INFO] functional.conftest: [basalt] Opening app for test: test_new_reverse_back_icon[basalt]
07:50:53 [INFO] functional.conftest: [basalt] Opening app via install (preserving state)
07:50:53 [INFO] functional.conftest: [basalt] Installing app on emulator
07:50:55 [INFO] functional.conftest: [basalt] App installed and transport connected
07:50:55 [INFO] functional.conftest: [basalt] App opened via install
PASSED                                                                   [ 52%]
------------------------------ live log teardown -------------------------------
07:51:01 [INFO] functional.conftest: [basalt] Quitting app after test: test_new_reverse_back_icon[basalt]

test/functional/test_directional_icons.py::TestNewModeReverseIcons::test_new_reverse_up_icon[basalt] 
-------------------------------- live log setup --------------------------------
07:51:03 [INFO] functional.conftest: [basalt] Opening app for test: test_new_reverse_up_icon[basalt]
07:51:03 [INFO] functional.conftest: [basalt] Opening app via install (preserving state)
07:51:03 [INFO] functional.conftest: [basalt] Installing app on emulator
07:51:06 [INFO] functional.conftest: [basalt] App installed and transport connected
07:51:06 [INFO] functional.conftest: [basalt] App opened via install
PASSED                                                                   [ 52%]
------------------------------ live log teardown -------------------------------
07:51:11 [INFO] functional.conftest: [basalt] Quitting app after test: test_new_reverse_up_icon[basalt]

test/functional/test_directional_icons.py::TestNewModeReverseIcons::test_new_reverse_select_icon[basalt] 
-------------------------------- live log setup --------------------------------
07:51:13 [INFO] functional.conftest: [basalt] Opening app for test: test_new_reverse_select_icon[basalt]
07:51:13 [INFO] functional.conftest: [basalt] Opening app via install (preserving state)
07:51:13 [INFO] functional.conftest: [basalt] Installing app on emulator
07:51:16 [INFO] functional.conftest: [basalt] App installed and transport connected
07:51:16 [INFO] functional.conftest: [basalt] App opened via install
PASSED                                                                   [ 52%]
------------------------------ live log teardown -------------------------------
07:51:22 [INFO] functional.conftest: [basalt] Quitting app after test: test_new_reverse_select_icon[basalt]

test/functional/test_directional_icons.py::TestNewModeReverseIcons::test_new_reverse_down_icon[basalt] 
-------------------------------- live log setup --------------------------------
07:51:24 [INFO] functional.conftest: [basalt] Opening app for test: test_new_reverse_down_icon[basalt]
07:51:24 [INFO] functional.conftest: [basalt] Opening app via install (preserving state)
07:51:24 [INFO] functional.conftest: [basalt] Installing app on emulator
07:51:26 [INFO] functional.conftest: [basalt] App installed and transport connected
07:51:26 [INFO] functional.conftest: [basalt] App opened via install
PASSED                                                                   [ 53%]
------------------------------ live log teardown -------------------------------
07:51:32 [INFO] functional.conftest: [basalt] Quitting app after test: test_new_reverse_down_icon[basalt]

test/functional/test_directional_icons.py::TestEditSecModeForwardIcons::test_editsec_forward_back_icon_plus60[basalt] 
-------------------------------- live log setup --------------------------------
07:51:34 [INFO] functional.conftest: [basalt] Opening app for test: test_editsec_forward_back_icon_plus60[basalt]
07:51:34 [INFO] functional.conftest: [basalt] Opening app via install (preserving state)
07:51:34 [INFO] functional.conftest: [basalt] Installing app on emulator
07:51:37 [INFO] functional.conftest: [basalt] App installed and transport connected
07:51:37 [INFO] functional.conftest: [basalt] App opened via install
PASSED                                                                   [ 53%]
------------------------------ live log teardown -------------------------------
07:51:44 [INFO] functional.conftest: [basalt] Quitting app after test: test_editsec_forward_back_icon_plus60[basalt]

test/functional/test_directional_icons.py::TestEditSecModeForwardIcons::test_editsec_forward_has_icons[basalt] 
-------------------------------- live log setup --------------------------------
07:51:46 [INFO] functional.conftest: [basalt] Opening app for test: test_editsec_forward_has_icons[basalt]
07:51:46 [INFO] functional.conftest: [basalt] Opening app via install (preserving state)
07:51:46 [INFO] functional.conftest: [basalt] Installing app on emulator
07:51:49 [INFO] functional.conftest: [basalt] App installed and transport connected
07:51:49 [INFO] functional.conftest: [basalt] App opened via install
PASSED                                                                   [ 53%]
------------------------------ live log teardown -------------------------------
07:51:56 [INFO] functional.conftest: [basalt] Quitting app after test: test_editsec_forward_has_icons[basalt]

test/functional/test_directional_icons.py::TestEditSecModeReverseIcons::test_editsec_reverse_back_icon[basalt] 
-------------------------------- live log setup --------------------------------
07:51:58 [INFO] functional.conftest: [basalt] Opening app for test: test_editsec_reverse_back_icon[basalt]
07:51:58 [INFO] functional.conftest: [basalt] Opening app via install (preserving state)
07:51:58 [INFO] functional.conftest: [basalt] Installing app on emulator
07:52:01 [INFO] functional.conftest: [basalt] App installed and transport connected
07:52:01 [INFO] functional.conftest: [basalt] App opened via install
PASSED                                                                   [ 53%]
------------------------------ live log teardown -------------------------------
07:52:12 [INFO] functional.conftest: [basalt] Quitting app after test: test_editsec_reverse_back_icon[basalt]

test/functional/test_directional_icons.py::TestEditSecModeReverseIcons::test_editsec_reverse_up_icon[basalt] 
-------------------------------- live log setup --------------------------------
07:52:14 [INFO] functional.conftest: [basalt] Opening app for test: test_editsec_reverse_up_icon[basalt]
07:52:14 [INFO] functional.conftest: [basalt] Opening app via install (preserving state)
07:52:14 [INFO] functional.conftest: [basalt] Installing app on emulator
07:52:16 [INFO] functional.conftest: [basalt] App installed and transport connected
07:52:16 [INFO] functional.conftest: [basalt] App opened via install
PASSED                                                                   [ 54%]
------------------------------ live log teardown -------------------------------
07:52:28 [INFO] functional.conftest: [basalt] Quitting app after test: test_editsec_reverse_up_icon[basalt]

test/functional/test_directional_icons.py::TestEditSecModeReverseIcons::test_editsec_reverse_select_icon[basalt] 
-------------------------------- live log setup --------------------------------
07:52:30 [INFO] functional.conftest: [basalt] Opening app for test: test_editsec_reverse_select_icon[basalt]
07:52:30 [INFO] functional.conftest: [basalt] Opening app via install (preserving state)
07:52:30 [INFO] functional.conftest: [basalt] Installing app on emulator
07:52:32 [INFO] functional.conftest: [basalt] App installed and transport connected
07:52:32 [INFO] functional.conftest: [basalt] App opened via install
PASSED                                                                   [ 54%]
------------------------------ live log teardown -------------------------------
07:52:44 [INFO] functional.conftest: [basalt] Quitting app after test: test_editsec_reverse_select_icon[basalt]

test/functional/test_directional_icons.py::TestEditSecModeReverseIcons::test_editsec_reverse_down_icon[basalt] 
-------------------------------- live log setup --------------------------------
07:52:46 [INFO] functional.conftest: [basalt] Opening app for test: test_editsec_reverse_down_icon[basalt]
07:52:46 [INFO] functional.conftest: [basalt] Opening app via install (preserving state)
07:52:46 [INFO] functional.conftest: [basalt] Installing app on emulator
07:52:48 [INFO] functional.conftest: [basalt] App installed and transport connected
07:52:48 [INFO] functional.conftest: [basalt] App opened via install
PASSED                                                                   [ 54%]
------------------------------ live log teardown -------------------------------
07:53:00 [INFO] functional.conftest: [basalt] Quitting app after test: test_editsec_reverse_down_icon[basalt]

test/functional/test_directional_icons.py::TestNewModeForwardIcons::test_new_forward_has_icons[chalk] 
-------------------------------- live log setup --------------------------------
[...]
08:02:37 [INFO] functional.test_timer_workflows: [basalt] Short timer set to 10s, waiting for expire
08:02:41 [INFO] functional.test_timer_workflows: [basalt] Short timer started, counting down from 10s
08:02:46 [INFO] functional.test_timer_workflows: Waiting for timer to expire and restart...
PASSED                                                                   [ 90%]
------------------------------ live log teardown -------------------------------
08:02:50 [INFO] functional.conftest: [basalt] Quitting app after test: test_enable_repeating_timer[basalt]

test/functional/test_timer_workflows.py::TestEditModeReset::test_long_press_select_in_edit_mode_resets_to_edit_seconds[basalt] 
-------------------------------- live log setup --------------------------------
08:02:52 [INFO] functional.conftest: [basalt] Opening app for test: test_long_press_select_in_edit_mode_resets_to_edit_seconds[basalt]
08:02:52 [INFO] functional.conftest: [basalt] Opening app via install (preserving state)
08:02:52 [INFO] functional.conftest: [basalt] Installing app on emulator
08:02:55 [INFO] functional.conftest: [basalt] App installed and transport connected
08:02:55 [INFO] functional.conftest: [basalt] App opened via install
PASSED                                                                   [ 90%]
------------------------------ live log teardown -------------------------------
08:03:02 [INFO] functional.conftest: [basalt] Quitting app after test: test_long_press_select_in_edit_mode_resets_to_edit_seconds[basalt]

test/functional/test_timer_workflows.py::TestEditSecModeNoOp::test_long_press_select_in_edit_sec_mode_does_nothing[basalt] 
-------------------------------- live log setup --------------------------------
08:03:04 [INFO] functional.conftest: [basalt] Opening app for test: test_long_press_select_in_edit_sec_mode_does_nothing[basalt]
08:03:04 [INFO] functional.conftest: [basalt] Opening app via install (preserving state)
08:03:04 [INFO] functional.conftest: [basalt] Installing app on emulator
08:03:07 [INFO] functional.conftest: [basalt] App installed and transport connected
08:03:07 [INFO] functional.conftest: [basalt] App opened via install
-------------------------------- live log call ---------------------------------
08:03:08 [INFO] functional.test_timer_workflows: Waiting for chrono mode (0:00 counting up)...
PASSED                                                                   [ 90%]
------------------------------ live log teardown -------------------------------
08:03:16 [INFO] functional.conftest: [basalt] Quitting app after test: test_long_press_select_in_edit_sec_mode_does_nothing[basalt]

test/functional/test_timer_workflows.py::TestEditRepeatModeNoOp::test_long_press_select_in_edit_repeat_mode_does_nothing[basalt] 
-------------------------------- live log setup --------------------------------
08:03:18 [INFO] functional.conftest: [basalt] Opening app for test: test_long_press_select_in_edit_repeat_mode_does_nothing[basalt]
08:03:18 [INFO] functional.conftest: [basalt] Opening app via install (preserving state)
08:03:18 [INFO] functional.conftest: [basalt] Installing app on emulator
08:03:20 [INFO] functional.conftest: [basalt] App installed and transport connected
08:03:20 [INFO] functional.conftest: [basalt] App opened via install
PASSED                                                                   [ 90%]
------------------------------ live log teardown -------------------------------
08:03:28 [INFO] functional.conftest: [basalt] Quitting app after test: test_long_press_select_in_edit_repeat_mode_does_nothing[basalt]

test/functional/test_timer_workflows.py::TestRepeatTimerDuringAlarm::test_hold_up_during_alarm_repeats_timer[basalt] 
-------------------------------- live log setup --------------------------------
08:03:30 [INFO] functional.conftest: [basalt] Opening app for test: test_hold_up_during_alarm_repeats_timer[basalt]
08:03:30 [INFO] functional.conftest: [basalt] Opening app via install (preserving state)
08:03:30 [INFO] functional.conftest: [basalt] Installing app on emulator
08:03:32 [INFO] functional.conftest: [basalt] App installed and transport connected
08:03:32 [INFO] functional.conftest: [basalt] App opened via install
-------------------------------- live log call ---------------------------------
08:03:34 [INFO] functional.test_timer_workflows: Waiting for chrono mode...
08:03:42 [INFO] functional.test_timer_workflows: Waiting for edit mode to expire...
08:03:46 [INFO] functional.test_timer_workflows: Pressing Select to start 4-second timer...
08:03:46 [INFO] functional.test_timer_workflows: Waiting for alarm to start...
08:03:50 [INFO] functional.test_timer_workflows: Alarm started: {'event': 'alarm_start', 't': '0:00', 'm': 'Counting', 'r': '0', 'p': '0', 'v': '1', 'd': '1', 'l': '1'}
08:03:51 [INFO] functional.test_timer_workflows: After repeat state: {'event': 'long_press_up', 't': '0:03', 'm': 'Counting', 'r': '0', 'p': '0', 'v': '0', 'd': '1', 'l': '0'}
PASSED                                                                   [ 91%]
------------------------------ live log teardown -------------------------------
08:03:51 [INFO] functional.conftest: [basalt] Quitting app after test: test_hold_up_during_alarm_repeats_timer[basalt]

test/functional/test_timer_workflows.py::TestRepeatTimerDuringAlarm::test_hold_up_during_longer_alarm_repeats_timer[basalt] 
-------------------------------- live log setup --------------------------------
08:03:53 [INFO] functional.conftest: [basalt] Opening app for test: test_hold_up_during_longer_alarm_repeats_timer[basalt]
08:03:53 [INFO] functional.conftest: [basalt] Opening app via install (preserving state)
08:03:53 [INFO] functional.conftest: [basalt] Installing app on emulator
08:03:56 [INFO] functional.conftest: [basalt] App installed and transport connected
08:03:56 [INFO] functional.conftest: [basalt] App opened via install
-------------------------------- live log call ---------------------------------
08:04:01 [INFO] functional.test_timer_workflows: Waiting for edit mode to expire...
08:04:04 [INFO] functional.test_timer_workflows: Pressing Select to start 5-second timer...
08:04:05 [INFO] functional.test_timer_workflows: Waiting for alarm to start...
08:04:15 [INFO] functional.test_timer_workflows: Alarm started: {'event': 'alarm_start', 't': '0:00', 'm': 'Counting', 'r': '0', 'p': '0', 'v': '1', 'd': '1', 'l': '1'}
08:04:16 [INFO] functional.test_timer_workflows: After repeat state: {'event': 'long_press_up', 't': '0:09', 'm': 'Counting', 'r': '0', 'p': '0', 'v': '0', 'd': '1', 'l': '0'}
PASSED                                                                   [ 91%]
------------------------------ live log teardown -------------------------------
08:04:16 [INFO] functional.conftest: [basalt] Quitting app after test: test_hold_up_during_longer_alarm_repeats_timer[basalt]

test/functional/test_timer_workflows.py::TestRepeatTimerDuringAlarm::test_hold_up_during_longer_alarm_repeats_timer_old_method[basalt] 
-------------------------------- live log setup --------------------------------
08:04:18 [INFO] functional.conftest: [basalt] Opening app for test: test_hold_up_during_longer_alarm_repeats_timer_old_method[basalt]
08:04:18 [INFO] functional.conftest: [basalt] Opening app via install (preserving state)
08:04:18 [INFO] functional.conftest: [basalt] Installing app on emulator
08:04:20 [INFO] functional.conftest: [basalt] App installed and transport connected
08:04:20 [INFO] functional.conftest: [basalt] App opened via install
-------------------------------- live log call ---------------------------------
08:04:22 [INFO] functional.test_timer_workflows: Waiting for chrono mode...
08:04:29 [INFO] functional.test_timer_workflows: Waiting for edit mode to expire...
08:04:32 [INFO] functional.test_timer_workflows: Pressing Select to start 10-second timer...
08:04:33 [INFO] functional.test_timer_workflows: Waiting for alarm to start...
08:04:42 [INFO] functional.test_timer_workflows: Alarm started: {'event': 'alarm_start', 't': '0:00', 'm': 'Counting', 'r': '0', 'p': '0', 'v': '1', 'd': '1', 'l': '1'}
08:04:44 [INFO] functional.test_timer_workflows: After repeat state: {'event': 'long_press_up', 't': '0:09', 'm': 'Counting', 'r': '0', 'p': '0', 'v': '0', 'd': '1', 'l': '0'}
PASSED                                                                   [ 91%]
------------------------------ live log teardown -------------------------------
08:04:44 [INFO] functional.conftest: [basalt] Quitting app after test: test_hold_up_during_longer_alarm_repeats_timer_old_method[basalt]

test/functional/test_timer_workflows.py::TestSubMinuteTimerStaysPaused::test_sub_minute_timer_stays_paused_after_edit_expires[basalt] 
-------------------------------- live log setup --------------------------------
08:04:46 [INFO] functional.conftest: [basalt] Opening app for test: test_sub_minute_timer_stays_paused_after_edit_expires[basalt]
08:04:46 [INFO] functional.conftest: [basalt] Opening app via install (preserving state)
08:04:46 [INFO] functional.conftest: [basalt] Installing app on emulator
08:04:48 [INFO] functional.conftest: [basalt] App installed and transport connected
08:04:48 [INFO] functional.conftest: [basalt] App opened via install
-------------------------------- live log call ---------------------------------
08:04:50 [INFO] functional.test_timer_workflows: Waiting for chrono mode...
08:04:54 [INFO] functional.test_timer_workflows: Entered New mode
08:04:55 [INFO] functional.test_timer_workflows: Entered EditSec mode
08:05:01 [INFO] functional.test_timer_workflows: Waiting for edit mode to expire...
08:05:04 [INFO] functional.test_timer_workflows: After edit expired: {'event': 'mode_change', 't': '0:10', 'm': 'Counting', 'r': '0', 'p': '1', 'v': '0', 'd': '1', 'l': '0'}
PASSED                                                                   [ 91%]
------------------------------ live log teardown -------------------------------
08:05:04 [INFO] functional.conftest: [basalt] Quitting app after test: test_sub_minute_timer_stays_paused_after_edit_expires[basalt]

test/functional/test_timer_workflows.py::TestMinuteAndSecondsTimerStaysPaused::test_minute_and_seconds_timer_stays_paused[basalt] 
-------------------------------- live log setup --------------------------------
08:05:06 [INFO] functional.conftest: [basalt] Opening app for test: test_minute_and_seconds_timer_stays_paused[basalt]
08:05:06 [INFO] functional.conftest: [basalt] Opening app via install (preserving state)
08:05:06 [INFO] functional.conftest: [basalt] Installing app on emulator
08:05:09 [INFO] functional.conftest: [basalt] App installed and transport connected
08:05:09 [INFO] functional.conftest: [basalt] App opened via install
-------------------------------- live log call ---------------------------------
08:05:15 [INFO] functional.test_timer_workflows: Entered New (edit) mode
08:05:16 [INFO] functional.test_timer_workflows: Entered EditSec mode at 0:00
08:05:27 [INFO] functional.test_timer_workflows: Waiting for edit mode to expire...
08:05:31 [INFO] functional.test_timer_workflows: After edit expired: {'event': 'mode_change', 't': '0:20', 'm': 'Counting', 'r': '0', 'p': '1', 'v': '0', 'd': '1', 'l': '0'}
PASSED                                                                   [ 92%]
------------------------------ live log teardown -------------------------------
08:05:31 [INFO] functional.conftest: [basalt] Quitting app after test: test_minute_and_seconds_timer_stays_paused[basalt]

test/functional/test_timer_workflows.py::TestEditRunningTimer::test_edit_running_timer[chalk] 
-------------------------------- live log setup --------------------------------
08:05:33 [INFO] functional.test_timer_workflows: [basalt] Tearing down - killing emulator
SKIPPED (Skipping test for chalk since --platform=basalt was specified.) [ 92%]
test/functional/test_timer_workflows.py::TestSetShortTimer::test_set_4_second_timer[chalk] SKIPPED [ 92%]
test/functional/test_timer_workflows.py::TestSnoozeCompletedTimer::test_snooze_completed_timer[chalk] SKIPPED [ 92%]
test/functional/test_timer_workflows.py::TestRepeatCompletedTimer::test_repeat_completed_timer[chalk] SKIPPED [ 93%]
test/functional/test_timer_workflows.py::TestQuietAlarmBackButton::test_quiet_alarm_with_back_button[chalk] SKIPPED [ 93%]
test/functional/test_timer_workflows.py::TestPauseCompletedTimer::test_pause_completed_timer[chalk] SKIPPED [ 93%]
test/functional/test_timer_workflows.py::TestEditCompletedTimer::test_edit_completed_timer_add_minute[chalk] SKIPPED [ 93%]
test/functional/test_timer_workflows.py::TestEnableRepeatingTimer::test_enable_repeating_timer[chalk] SKIPPED [ 94%]
test/functional/test_timer_workflows.py::TestEditModeReset::test_long_press_select_in_edit_mode_resets_to_edit_seconds[chalk] SKIPPED [ 94%]
test/functional/test_timer_workflows.py::TestEditSecModeNoOp::test_long_press_select_in_edit_sec_mode_does_nothing[chalk] SKIPPED [ 94%]
test/functional/test_timer_workflows.py::TestEditRepeatModeNoOp::test_long_press_select_in_edit_repeat_mode_does_nothing[chalk] SKIPPED [ 94%]
test/functional/test_timer_workflows.py::TestRepeatTimerDuringAlarm::test_hold_up_during_alarm_repeats_timer[chalk] SKIPPED [ 95%]
test/functional/test_timer_workflows.py::TestRepeatTimerDuringAlarm::test_hold_up_during_longer_alarm_repeats_timer[chalk] SKIPPED [ 95%]
test/functional/test_timer_workflows.py::TestRepeatTimerDuringAlarm::test_hold_up_during_longer_alarm_repeats_timer_old_method[chalk] SKIPPED [ 95%]
test/functional/test_timer_workflows.py::TestSubMinuteTimerStaysPaused::test_sub_minute_timer_stays_paused_after_edit_expires[chalk] SKIPPED [ 95%]
test/functional/test_timer_workflows.py::TestMinuteAndSecondsTimerStaysPaused::test_minute_and_seconds_timer_stays_paused[chalk] SKIPPED [ 96%]
test/functional/test_timer_workflows.py::TestEditRunningTimer::test_edit_running_timer[diorite] SKIPPED [ 96%]
test/functional/test_timer_workflows.py::TestSetShortTimer::test_set_4_second_timer[diorite] SKIPPED [ 96%]
test/functional/test_timer_workflows.py::TestSnoozeCompletedTimer::test_snooze_completed_timer[diorite] SKIPPED [ 96%]
test/functional/test_timer_workflows.py::TestRepeatCompletedTimer::test_repeat_completed_timer[diorite] SKIPPED [ 97%]
test/functional/test_timer_workflows.py::TestQuietAlarmBackButton::test_quiet_alarm_with_back_button[diorite] SKIPPED [ 97%]
test/functional/test_timer_workflows.py::TestPauseCompletedTimer::test_pause_completed_timer[diorite] SKIPPED [ 97%]
test/functional/test_timer_workflows.py::TestEditCompletedTimer::test_edit_completed_timer_add_minute[diorite] SKIPPED [ 97%]
test/functional/test_timer_workflows.py::TestEnableRepeatingTimer::test_enable_repeating_timer[diorite] SKIPPED [ 98%]
test/functional/test_timer_workflows.py::TestEditModeReset::test_long_press_select_in_edit_mode_resets_to_edit_seconds[diorite] SKIPPED [ 98%]
test/functional/test_timer_workflows.py::TestEditSecModeNoOp::test_long_press_select_in_edit_sec_mode_does_nothing[diorite] SKIPPED [ 98%]
test/functional/test_timer_workflows.py::TestEditRepeatModeNoOp::test_long_press_select_in_edit_repeat_mode_does_nothing[diorite] SKIPPED [ 98%]
test/functional/test_timer_workflows.py::TestRepeatTimerDuringAlarm::test_hold_up_during_alarm_repeats_timer[diorite] SKIPPED [ 99%]
test/functional/test_timer_workflows.py::TestRepeatTimerDuringAlarm::test_hold_up_during_longer_alarm_repeats_timer[diorite] SKIPPED [ 99%]
test/functional/test_timer_workflows.py::TestRepeatTimerDuringAlarm::test_hold_up_during_longer_alarm_repeats_timer_old_method[diorite] SKIPPED [ 99%]
test/functional/test_timer_workflows.py::TestSubMinuteTimerStaysPaused::test_sub_minute_timer_stays_paused_after_edit_expires[diorite] SKIPPED [ 99%]
test/functional/test_timer_workflows.py::TestMinuteAndSecondsTimerStaysPaused::test_minute_and_seconds_timer_stays_paused[diorite] SKIPPED [100%]

=============================== warnings summary ===============================
test_create_timer.py::TestCreateTimer::test_initial_state_shows_new[basalt]
  /home/jared/Workspace/pebble-timer-quick/conda-env/lib/python3.10/site-packages/easyocr/detection.py:81: DeprecationWarning: torch.ao.quantization is deprecated and will be removed in 2.10. 
  For migrations of users: 
  1. Eager mode quantization (torch.ao.quantization.quantize, torch.ao.quantization.quantize_dynamic), please migrate to use torchao eager mode quantize_ API instead 
  2. FX graph mode quantization (torch.ao.quantization.quantize_fx.prepare_fx,torch.ao.quantization.quantize_fx.convert_fx, please migrate to use torchao pt2e quantization API instead (prepare_pt2e, convert_pt2e) 
  3. pt2e quantization has been migrated to torchao (https://github.com/pytorch/ao/tree/main/torchao/quantization/pt2e) 
  see https://github.com/pytorch/ao/issues/2259 for more details
    torch.quantization.quantize_dynamic(net, dtype=torch.qint8, inplace=True)

test_create_timer.py::TestCreateTimer::test_initial_state_shows_new[basalt]
test_create_timer.py::TestCreateTimer::test_initial_state_shows_new[basalt]
  /home/jared/Workspace/pebble-timer-quick/conda-env/lib/python3.10/site-packages/torch/ao/quantization/quantize.py:570: DeprecationWarning: torch.ao.quantization is deprecated and will be removed in 2.10. 
  For migrations of users: 
  1. Eager mode quantization (torch.ao.quantization.quantize, torch.ao.quantization.quantize_dynamic), please migrate to use torchao eager mode quantize_ API instead 
  2. FX graph mode quantization (torch.ao.quantization.quantize_fx.prepare_fx,torch.ao.quantization.quantize_fx.convert_fx, please migrate to use torchao pt2e quantization API instead (prepare_pt2e, convert_pt2e) 
  3. pt2e quantization has been migrated to torchao (https://github.com/pytorch/ao/tree/main/torchao/quantization/pt2e) 
  see https://github.com/pytorch/ao/issues/2259 for more details
    convert(model, mapping, inplace=True)

test_create_timer.py::TestCreateTimer::test_initial_state_shows_new[basalt]
  /home/jared/Workspace/pebble-timer-quick/conda-env/lib/python3.10/site-packages/easyocr/recognition.py:177: DeprecationWarning: torch.ao.quantization is deprecated and will be removed in 2.10. 
  For migrations of users: 
  1. Eager mode quantization (torch.ao.quantization.quantize, torch.ao.quantization.quantize_dynamic), please migrate to use torchao eager mode quantize_ API instead 
  2. FX graph mode quantization (torch.ao.quantization.quantize_fx.prepare_fx,torch.ao.quantization.quantize_fx.convert_fx, please migrate to use torchao pt2e quantization API instead (prepare_pt2e, convert_pt2e) 
  3. pt2e quantization has been migrated to torchao (https://github.com/pytorch/ao/tree/main/torchao/quantization/pt2e) 
  see https://github.com/pytorch/ao/issues/2259 for more details
    torch.quantization.quantize_dynamic(model, dtype=torch.qint8, inplace=True)

test_create_timer.py::TestCreateTimer::test_initial_state_shows_new[basalt]
test_create_timer.py::TestCreateTimer::test_down_button_increments_minutes[basalt]
test_create_timer.py::TestButtonPresses::test_select_button_increments_5_minutes[basalt]
test_create_timer.py::TestTimerCountdown::test_timer_counts_down[basalt]
test_create_timer.py::TestChronoMode::test_chrono_mode_counts_up[basalt]
test_create_timer.py::TestPlayPause::test_select_toggles_play_pause_in_counting_mode[basalt]
test_create_timer.py::TestLongPressReset::test_long_press_select_resets_timer[basalt]
test_timer_workflows.py::TestSetShortTimer::test_set_4_second_timer[basalt]
  /home/jared/Workspace/pebble-timer-quick/conda-env/lib/python3.10/site-packages/torch/utils/data/dataloader.py:775: UserWarning: 'pin_memory' argument is set as true but no accelerator is found, then device pinned memory won't be used.
    super().__init__(loader)

-- Docs: https://docs.pytest.org/en/stable/how-to/capture-warnings.html
========== 95 passed, 305 skipped, 12 warnings in 1555.25s (0:25:55) ===========
