============================= test session starts ==============================
platform linux -- Python 3.10.19, pytest-9.0.2, pluggy-1.6.0 -- /home/jared/Workspace/pebble-timer-quick/conda-env/bin/python3.10
cachedir: .pytest_cache
rootdir: /home/jared/Workspace/pebble-timer-quick/test/functional
configfile: pytest.ini
plugins: anyio-4.12.1
collecting ... collected 440 items

test/functional/test_backlight.py::TestBacklight::test_backlight_on_in_edit_mode[aplite] SKIPPED [  0%]
test/functional/test_backlight.py::TestBacklight::test_backlight_off_in_counting_mode[aplite] SKIPPED [  0%]
test/functional/test_backlight.py::TestBacklight::test_backlight_on_during_alarm[aplite] SKIPPED [  0%]
test/functional/test_backlight.py::TestBacklight::test_backlight_on_in_edit_sec_mode[aplite] SKIPPED [  0%]
test/functional/test_backlight.py::TestBacklight::test_backlight_on_in_edit_repeat_mode[aplite] SKIPPED [  1%]
test/functional/test_backlight.py::TestBacklight::test_backlight_stays_on_when_silencing_to_edit_mode[aplite] SKIPPED [  1%]
test/functional/test_backlight.py::TestBacklight::test_backlight_on_in_edit_mode[basalt] 
-------------------------------- live log setup --------------------------------
14:15:54 [INFO] functional.conftest: [basalt] Starting warm-up cycle to clear stale state
14:15:58 [INFO] functional.conftest: [basalt] Installing app on emulator
14:16:06 [INFO] functional.conftest: [basalt] App installed and transport connected
14:16:06 [INFO] functional.conftest: [basalt] Waiting for emulator to stabilize (2s)
14:16:07 [INFO] pebble_tool.util.updates: Update check failed: 404 (Not Found)
14:16:08 [INFO] functional.conftest: [basalt] Holding down button to quit app and set persist state
14:16:10 [INFO] functional.conftest: [basalt] App quit via long press, persist state set
14:16:10 [INFO] functional.conftest: [basalt] Emulator ready for tests
14:16:10 [INFO] functional.conftest: [basalt] Opening app for test: test_backlight_on_in_edit_mode[basalt]
14:16:10 [INFO] functional.conftest: [basalt] Opening app via install (preserving state)
14:16:10 [INFO] functional.conftest: [basalt] Installing app on emulator
14:16:13 [INFO] functional.conftest: [basalt] App installed and transport connected
14:16:13 [INFO] functional.conftest: [basalt] App opened via install
PASSED                                                                   [  1%]
------------------------------ live log teardown -------------------------------
14:16:15 [INFO] functional.conftest: [basalt] Quitting app after test: test_backlight_on_in_edit_mode[basalt]

test/functional/test_backlight.py::TestBacklight::test_backlight_off_in_counting_mode[basalt] 
-------------------------------- live log setup --------------------------------
14:16:17 [INFO] functional.conftest: [basalt] Opening app for test: test_backlight_off_in_counting_mode[basalt]
14:16:17 [INFO] functional.conftest: [basalt] Opening app via install (preserving state)
14:16:17 [INFO] functional.conftest: [basalt] Installing app on emulator
14:16:19 [INFO] functional.conftest: [basalt] App installed and transport connected
14:16:19 [INFO] functional.conftest: [basalt] App opened via install
PASSED                                                                   [  1%]
------------------------------ live log teardown -------------------------------
14:16:24 [INFO] functional.conftest: [basalt] Quitting app after test: test_backlight_off_in_counting_mode[basalt]

test/functional/test_backlight.py::TestBacklight::test_backlight_on_during_alarm[basalt] 
-------------------------------- live log setup --------------------------------
14:16:26 [INFO] functional.conftest: [basalt] Opening app for test: test_backlight_on_during_alarm[basalt]
14:16:26 [INFO] functional.conftest: [basalt] Opening app via install (preserving state)
14:16:26 [INFO] functional.conftest: [basalt] Installing app on emulator
14:16:29 [INFO] functional.conftest: [basalt] App installed and transport connected
14:16:29 [INFO] functional.conftest: [basalt] App opened via install
PASSED                                                                   [  2%]
------------------------------ live log teardown -------------------------------
14:16:50 [INFO] functional.conftest: [basalt] Quitting app after test: test_backlight_on_during_alarm[basalt]

test/functional/test_backlight.py::TestBacklight::test_backlight_on_in_edit_sec_mode[basalt] 
-------------------------------- live log setup --------------------------------
14:16:52 [INFO] functional.conftest: [basalt] Opening app for test: test_backlight_on_in_edit_sec_mode[basalt]
14:16:52 [INFO] functional.conftest: [basalt] Opening app via install (preserving state)
14:16:52 [INFO] functional.conftest: [basalt] Installing app on emulator
14:16:54 [INFO] functional.conftest: [basalt] App installed and transport connected
14:16:54 [INFO] functional.conftest: [basalt] App opened via install
PASSED                                                                   [  2%]
------------------------------ live log teardown -------------------------------
14:16:57 [INFO] functional.conftest: [basalt] Quitting app after test: test_backlight_on_in_edit_sec_mode[basalt]

test/functional/test_backlight.py::TestBacklight::test_backlight_on_in_edit_repeat_mode[basalt] 
-------------------------------- live log setup --------------------------------
14:16:59 [INFO] functional.conftest: [basalt] Opening app for test: test_backlight_on_in_edit_repeat_mode[basalt]
14:16:59 [INFO] functional.conftest: [basalt] Opening app via install (preserving state)
14:16:59 [INFO] functional.conftest: [basalt] Installing app on emulator
14:17:01 [INFO] functional.conftest: [basalt] App installed and transport connected
14:17:01 [INFO] functional.conftest: [basalt] App opened via install
PASSED                                                                   [  2%]
------------------------------ live log teardown -------------------------------
14:17:07 [INFO] functional.conftest: [basalt] Quitting app after test: test_backlight_on_in_edit_repeat_mode[basalt]

test/functional/test_backlight.py::TestBacklight::test_backlight_stays_on_when_silencing_to_edit_mode[basalt] 
-------------------------------- live log setup --------------------------------
14:17:09 [INFO] functional.conftest: [basalt] Opening app for test: test_backlight_stays_on_when_silencing_to_edit_mode[basalt]
14:17:09 [INFO] functional.conftest: [basalt] Opening app via install (preserving state)
14:17:09 [INFO] functional.conftest: [basalt] Installing app on emulator
14:17:11 [INFO] functional.conftest: [basalt] App installed and transport connected
14:17:11 [INFO] functional.conftest: [basalt] App opened via install
PASSED                                                                   [  2%]
------------------------------ live log teardown -------------------------------
14:17:33 [INFO] functional.conftest: [basalt] Quitting app after test: test_backlight_stays_on_when_silencing_to_edit_mode[basalt]

test/functional/test_backlight.py::TestBacklight::test_backlight_on_in_edit_mode[chalk] 
-------------------------------- live log setup --------------------------------
14:17:35 [INFO] functional.conftest: [basalt] Tearing down - killing emulator
SKIPPED (Skipping test for chalk since --platform=basalt was specified.) [  2%]
test/functional/test_backlight.py::TestBacklight::test_backlight_off_in_counting_mode[chalk] SKIPPED [  3%]
test/functional/test_backlight.py::TestBacklight::test_backlight_on_during_alarm[chalk] SKIPPED [  3%]
test/functional/test_backlight.py::TestBacklight::test_backlight_on_in_edit_sec_mode[chalk] SKIPPED [  3%]
test/functional/test_backlight.py::TestBacklight::test_backlight_on_in_edit_repeat_mode[chalk] SKIPPED [  3%]
test/functional/test_backlight.py::TestBacklight::test_backlight_stays_on_when_silencing_to_edit_mode[chalk] SKIPPED [  4%]
test/functional/test_backlight.py::TestBacklight::test_backlight_on_in_edit_mode[diorite] SKIPPED [  4%]
test/functional/test_backlight.py::TestBacklight::test_backlight_off_in_counting_mode[diorite] SKIPPED [  4%]
test/functional/test_backlight.py::TestBacklight::test_backlight_on_during_alarm[diorite] SKIPPED [  4%]
test/functional/test_backlight.py::TestBacklight::test_backlight_on_in_edit_sec_mode[diorite] SKIPPED [  5%]
test/functional/test_backlight.py::TestBacklight::test_backlight_on_in_edit_repeat_mode[diorite] SKIPPED [  5%]
test/functional/test_backlight.py::TestBacklight::test_backlight_stays_on_when_silencing_to_edit_mode[diorite] SKIPPED [  5%]
test/functional/test_button_icons.py::TestAlarmIcons::test_alarm_back_icon_silence[aplite] SKIPPED [  5%]
test/functional/test_button_icons.py::TestAlarmIcons::test_alarm_up_icon_edit[aplite] SKIPPED [  5%]
test/functional/test_button_icons.py::TestAlarmIcons::test_alarm_long_up_icon_reset[aplite] SKIPPED [  6%]
test/functional/test_button_icons.py::TestAlarmIcons::test_alarm_select_icon_pause[aplite] SKIPPED [  6%]
test/functional/test_button_icons.py::TestAlarmIcons::test_alarm_down_icon_snooze[aplite] SKIPPED [  6%]
test/functional/test_button_icons.py::TestNewModeIcons::test_new_back_icon[aplite] SKIPPED [  6%]
test/functional/test_button_icons.py::TestNewModeIcons::test_new_up_icon[aplite] SKIPPED [  7%]
test/functional/test_button_icons.py::TestNewModeIcons::test_new_select_icon[aplite] SKIPPED [  7%]
test/functional/test_button_icons.py::TestNewModeIcons::test_new_down_icon[aplite] SKIPPED [  7%]
test/functional/test_button_icons.py::TestNewModeIcons::test_new_long_up_direction_toggle[aplite] SKIPPED [  7%]
test/functional/test_button_icons.py::TestNewModeIcons::test_new_long_select_icon[aplite] SKIPPED [  7%]
test/functional/test_button_icons.py::TestNewModeIcons::test_new_long_down_icon[aplite] SKIPPED [  8%]
test/functional/test_button_icons.py::TestEditSecIcons::test_editsec_back_icon[aplite] SKIPPED [  8%]
test/functional/test_button_icons.py::TestEditSecIcons::test_editsec_up_icon[aplite] SKIPPED [  8%]
test/functional/test_button_icons.py::TestEditSecIcons::test_editsec_select_icon[aplite] SKIPPED [  8%]
test/functional/test_button_icons.py::TestEditSecIcons::test_editsec_down_icon[aplite] SKIPPED [  9%]
test/functional/test_button_icons.py::TestEditSecIcons::test_editsec_long_up_direction_toggle[aplite] SKIPPED [  9%]
test/functional/test_button_icons.py::TestCountingIcons::test_counting_back_icon[aplite] SKIPPED [  9%]
test/functional/test_button_icons.py::TestCountingIcons::test_counting_up_icon[aplite] SKIPPED [  9%]
test/functional/test_button_icons.py::TestCountingIcons::test_counting_select_icon[aplite] SKIPPED [ 10%]
test/functional/test_button_icons.py::TestCountingIcons::test_counting_down_icon[aplite] SKIPPED [ 10%]
test/functional/test_button_icons.py::TestCountingIcons::test_counting_long_up_icon[aplite] SKIPPED [ 10%]
test/functional/test_button_icons.py::TestCountingIcons::test_counting_long_select_icon[aplite] SKIPPED [ 10%]
test/functional/test_button_icons.py::TestCountingIcons::test_counting_long_down_icon[aplite] SKIPPED [ 10%]
test/functional/test_button_icons.py::TestPausedIcons::test_paused_select_icon_play[aplite] SKIPPED [ 11%]
test/functional/test_button_icons.py::TestChronoIcons::test_chrono_select_icon[aplite] SKIPPED [ 11%]
test/functional/test_button_icons.py::TestChronoIcons::test_chrono_long_select_icon[aplite] SKIPPED [ 11%]
test/functional/test_button_icons.py::TestEditRepeatIcons::test_editrepeat_back_icon[aplite] SKIPPED [ 11%]
test/functional/test_button_icons.py::TestEditRepeatIcons::test_editrepeat_up_icon[aplite] SKIPPED [ 12%]
test/functional/test_button_icons.py::TestEditRepeatIcons::test_editrepeat_select_icon[aplite] SKIPPED [ 12%]
test/functional/test_button_icons.py::TestEditRepeatIcons::test_editrepeat_down_icon[aplite] SKIPPED [ 12%]
test/functional/test_button_icons.py::TestAlarmIcons::test_alarm_back_icon_silence[basalt] 
-------------------------------- live log setup --------------------------------
14:17:39 [INFO] functional.test_button_icons: [basalt] Starting warm-up cycle
14:17:42 [INFO] functional.conftest: [basalt] Installing app on emulator
14:17:51 [INFO] functional.conftest: [basalt] App installed and transport connected
14:17:51 [INFO] functional.test_button_icons: [basalt] Waiting for emulator to stabilize (2s)
14:17:53 [INFO] functional.test_button_icons: [basalt] Holding down button to quit app and set persist state
14:17:55 [INFO] functional.test_button_icons: [basalt] Emulator ready for tests
14:17:55 [INFO] functional.conftest: [basalt] Opening app for test: test_alarm_back_icon_silence[basalt]
14:17:55 [INFO] functional.conftest: [basalt] Opening app via install (preserving state)
14:17:55 [INFO] functional.conftest: [basalt] Installing app on emulator
14:17:58 [INFO] functional.conftest: [basalt] App installed and transport connected
14:17:58 [INFO] functional.conftest: [basalt] App opened via install
-------------------------------- live log call ---------------------------------
14:18:00 [INFO] functional.test_button_icons: [basalt] Setting up 4s timer for icon test
14:18:07 [INFO] functional.test_button_icons: [basalt] Short timer set to 4s, waiting for expire
14:18:11 [INFO] functional.test_button_icons: [basalt] Short timer started, counting down from 4s
14:18:18 [INFO] functional.test_button_icons: All captured states: [{'event': 'mode_change', 't': '0:02', 'm': 'Counting', 'r': '0', 'p': '0', 'v': '0', 'd': '1', 'l': '0', 'c': '1'}, {'event': 'button_select', 't': '0:04', 'm': 'Counting', 'r': '0', 'p': '1', 'v': '0', 'd': '1', 'l': '0', 'c': '1'}, {'event': 'long_press_select', 't': '0:00', 'm': 'EditSec', 'r': '0', 'p': '1', 'v': '0', 'd': '1', 'l': '1', 'c': '1'}, {'event': 'button_down', 't': '0:01', 'm': 'EditSec', 'r': '0', 'p': '1', 'v': '0', 'd': '1', 'l': '1', 'c': '0'}, {'event': 'button_down', 't': '0:02', 'm': 'EditSec', 'r': '0', 'p': '1', 'v': '0', 'd': '1', 'l': '1', 'c': '0'}, {'event': 'button_down', 't': '0:03', 'm': 'EditSec', 'r': '0', 'p': '1', 'v': '0', 'd': '1', 'l': '1', 'c': '0'}, {'event': 'button_down', 't': '0:04', 'm': 'EditSec', 'r': '0', 'p': '1', 'v': '0', 'd': '1', 'l': '1', 'c': '0'}, {'event': 'mode_change', 't': '0:04', 'm': 'Counting', 'r': '0', 'p': '1', 'v': '0', 'd': '1', 'l': '0', 'c': '0'}, {'event': 'button_select', 't': '0:03', 'm': 'Counting', 'r': '0', 'p': '0', 'v': '0', 'd': '1', 'l': '0', 'c': '0'}, {'event': 'alarm_start', 't': '0:00', 'm': 'Counting', 'r': '0', 'p': '0', 'v': '1', 'd': '1', 'l': '1', 'c': '1'}]
PASSED                                                                   [ 12%]
------------------------------ live log teardown -------------------------------
14:18:18 [INFO] functional.conftest: [basalt] Quitting app after test: test_alarm_back_icon_silence[basalt]

test/functional/test_button_icons.py::TestAlarmIcons::test_alarm_up_icon_edit[basalt] 
-------------------------------- live log setup --------------------------------
14:18:20 [INFO] functional.conftest: [basalt] Opening app for test: test_alarm_up_icon_edit[basalt]
14:18:20 [INFO] functional.conftest: [basalt] Opening app via install (preserving state)
14:18:20 [INFO] functional.conftest: [basalt] Installing app on emulator
14:18:22 [INFO] functional.conftest: [basalt] App installed and transport connected
14:18:22 [INFO] functional.conftest: [basalt] App opened via install
-------------------------------- live log call ---------------------------------
14:18:23 [INFO] functional.test_button_icons: [basalt] Setting up 4s timer for icon test
14:18:30 [INFO] functional.test_button_icons: [basalt] Short timer set to 4s, waiting for expire
14:18:34 [INFO] functional.test_button_icons: [basalt] Short timer started, counting down from 4s
PASSED                                                                   [ 12%]
------------------------------ live log teardown -------------------------------
14:18:41 [INFO] functional.conftest: [basalt] Quitting app after test: test_alarm_up_icon_edit[basalt]

test/functional/test_button_icons.py::TestAlarmIcons::test_alarm_long_up_icon_reset[basalt] 
-------------------------------- live log setup --------------------------------
14:18:43 [INFO] functional.conftest: [basalt] Opening app for test: test_alarm_long_up_icon_reset[basalt]
14:18:43 [INFO] functional.conftest: [basalt] Opening app via install (preserving state)
14:18:43 [INFO] functional.conftest: [basalt] Installing app on emulator
14:18:45 [INFO] functional.conftest: [basalt] App installed and transport connected
14:18:45 [INFO] functional.conftest: [basalt] App opened via install
-------------------------------- live log call ---------------------------------
14:18:46 [INFO] functional.test_button_icons: [basalt] Setting up 4s timer for icon test
14:18:53 [INFO] functional.test_button_icons: [basalt] Short timer set to 4s, waiting for expire
14:18:57 [INFO] functional.test_button_icons: [basalt] Short timer started, counting down from 4s
PASSED                                                                   [ 13%]
------------------------------ live log teardown -------------------------------
14:19:04 [INFO] functional.conftest: [basalt] Quitting app after test: test_alarm_long_up_icon_reset[basalt]

test/functional/test_button_icons.py::TestAlarmIcons::test_alarm_select_icon_pause[basalt] 
-------------------------------- live log setup --------------------------------
14:19:06 [INFO] functional.conftest: [basalt] Opening app for test: test_alarm_select_icon_pause[basalt]
14:19:06 [INFO] functional.conftest: [basalt] Opening app via install (preserving state)
14:19:06 [INFO] functional.conftest: [basalt] Installing app on emulator
14:19:08 [INFO] functional.conftest: [basalt] App installed and transport connected
14:19:08 [INFO] functional.conftest: [basalt] App opened via install
-------------------------------- live log call ---------------------------------
14:19:09 [INFO] functional.test_button_icons: [basalt] Setting up 4s timer for icon test
14:19:16 [INFO] functional.test_button_icons: [basalt] Short timer set to 4s, waiting for expire
14:19:21 [INFO] functional.test_button_icons: [basalt] Short timer started, counting down from 4s
PASSED                                                                   [ 13%]
------------------------------ live log teardown -------------------------------
14:19:27 [INFO] functional.conftest: [basalt] Quitting app after test: test_alarm_select_icon_pause[basalt]

test/functional/test_button_icons.py::TestAlarmIcons::test_alarm_down_icon_snooze[basalt] 
-------------------------------- live log setup --------------------------------
14:19:29 [INFO] functional.conftest: [basalt] Opening app for test: test_alarm_down_icon_snooze[basalt]
14:19:29 [INFO] functional.conftest: [basalt] Opening app via install (preserving state)
14:19:29 [INFO] functional.conftest: [basalt] Installing app on emulator
14:19:32 [INFO] functional.conftest: [basalt] App installed and transport connected
14:19:32 [INFO] functional.conftest: [basalt] App opened via install
-------------------------------- live log call ---------------------------------
14:19:32 [INFO] functional.test_button_icons: [basalt] Setting up 4s timer for icon test
14:19:39 [INFO] functional.test_button_icons: [basalt] Short timer set to 4s, waiting for expire
14:19:44 [INFO] functional.test_button_icons: [basalt] Short timer started, counting down from 4s
PASSED                                                                   [ 13%]
------------------------------ live log teardown -------------------------------
14:19:50 [INFO] functional.conftest: [basalt] Quitting app after test: test_alarm_down_icon_snooze[basalt]

test/functional/test_button_icons.py::TestNewModeIcons::test_new_back_icon[basalt] 
-------------------------------- live log setup --------------------------------
14:19:52 [INFO] functional.conftest: [basalt] Opening app for test: test_new_back_icon[basalt]
14:19:52 [INFO] functional.conftest: [basalt] Opening app via install (preserving state)
14:19:52 [INFO] functional.conftest: [basalt] Installing app on emulator
14:19:55 [INFO] functional.conftest: [basalt] App installed and transport connected
14:19:55 [INFO] functional.conftest: [basalt] App opened via install
PASSED                                                                   [ 13%]
------------------------------ live log teardown -------------------------------
14:19:56 [INFO] functional.conftest: [basalt] Quitting app after test: test_new_back_icon[basalt]

test/functional/test_button_icons.py::TestNewModeIcons::test_new_up_icon[basalt] 
-------------------------------- live log setup --------------------------------
14:19:58 [INFO] functional.conftest: [basalt] Opening app for test: test_new_up_icon[basalt]
14:19:58 [INFO] functional.conftest: [basalt] Opening app via install (preserving state)
14:19:58 [INFO] functional.conftest: [basalt] Installing app on emulator
14:20:01 [INFO] functional.conftest: [basalt] App installed and transport connected
14:20:01 [INFO] functional.conftest: [basalt] App opened via install
PASSED                                                                   [ 14%]
------------------------------ live log teardown -------------------------------
14:20:02 [INFO] functional.conftest: [basalt] Quitting app after test: test_new_up_icon[basalt]

test/functional/test_button_icons.py::TestNewModeIcons::test_new_select_icon[basalt] 
-------------------------------- live log setup --------------------------------
14:20:04 [INFO] functional.conftest: [basalt] Opening app for test: test_new_select_icon[basalt]
14:20:04 [INFO] functional.conftest: [basalt] Opening app via install (preserving state)
14:20:04 [INFO] functional.conftest: [basalt] Installing app on emulator
14:20:07 [INFO] functional.conftest: [basalt] App installed and transport connected
14:20:07 [INFO] functional.conftest: [basalt] App opened via install
PASSED                                                                   [ 14%]
------------------------------ live log teardown -------------------------------
14:20:08 [INFO] functional.conftest: [basalt] Quitting app after test: test_new_select_icon[basalt]

test/functional/test_button_icons.py::TestNewModeIcons::test_new_down_icon[basalt] 
-------------------------------- live log setup --------------------------------
14:20:10 [INFO] functional.conftest: [basalt] Opening app for test: test_new_down_icon[basalt]
14:20:10 [INFO] functional.conftest: [basalt] Opening app via install (preserving state)
14:20:10 [INFO] functional.conftest: [basalt] Installing app on emulator
14:20:13 [INFO] functional.conftest: [basalt] App installed and transport connected
14:20:13 [INFO] functional.conftest: [basalt] App opened via install
PASSED                                                                   [ 14%]
------------------------------ live log teardown -------------------------------
14:20:15 [INFO] functional.conftest: [basalt] Quitting app after test: test_new_down_icon[basalt]

test/functional/test_button_icons.py::TestNewModeIcons::test_new_long_up_direction_toggle[basalt] 
-------------------------------- live log setup --------------------------------
14:20:16 [INFO] functional.conftest: [basalt] Opening app for test: test_new_long_up_direction_toggle[basalt]
14:20:16 [INFO] functional.conftest: [basalt] Opening app via install (preserving state)
14:20:16 [INFO] functional.conftest: [basalt] Installing app on emulator
14:20:19 [INFO] functional.conftest: [basalt] App installed and transport connected
14:20:19 [INFO] functional.conftest: [basalt] App opened via install
PASSED                                                                   [ 14%]
------------------------------ live log teardown -------------------------------
14:20:21 [INFO] functional.conftest: [basalt] Quitting app after test: test_new_long_up_direction_toggle[basalt]

test/functional/test_button_icons.py::TestNewModeIcons::test_new_long_select_icon[basalt] 
-------------------------------- live log setup --------------------------------
14:20:23 [INFO] functional.conftest: [basalt] Opening app for test: test_new_long_select_icon[basalt]
14:20:23 [INFO] functional.conftest: [basalt] Opening app via install (preserving state)
14:20:23 [INFO] functional.conftest: [basalt] Installing app on emulator
14:20:25 [INFO] functional.conftest: [basalt] App installed and transport connected
14:20:25 [INFO] functional.conftest: [basalt] App opened via install
SKIPPED (Long press select icon disabled due to display overlap (see...) [ 15%]
------------------------------ live log teardown -------------------------------
14:20:26 [INFO] functional.conftest: [basalt] Quitting app after test: test_new_long_select_icon[basalt]

test/functional/test_button_icons.py::TestNewModeIcons::test_new_long_down_icon[basalt] 
-------------------------------- live log setup --------------------------------
14:20:28 [INFO] functional.conftest: [basalt] Opening app for test: test_new_long_down_icon[basalt]
14:20:28 [INFO] functional.conftest: [basalt] Opening app via install (preserving state)
14:20:28 [INFO] functional.conftest: [basalt] Installing app on emulator
14:20:30 [INFO] functional.conftest: [basalt] App installed and transport connected
14:20:30 [INFO] functional.conftest: [basalt] App opened via install
PASSED                                                                   [ 15%]
------------------------------ live log teardown -------------------------------
14:20:32 [INFO] functional.conftest: [basalt] Quitting app after test: test_new_long_down_icon[basalt]

test/functional/test_button_icons.py::TestEditSecIcons::test_editsec_back_icon[basalt] 
-------------------------------- live log setup --------------------------------
14:20:34 [INFO] functional.conftest: [basalt] Opening app for test: test_editsec_back_icon[basalt]
14:20:34 [INFO] functional.conftest: [basalt] Opening app via install (preserving state)
14:20:34 [INFO] functional.conftest: [basalt] Installing app on emulator
14:20:36 [INFO] functional.conftest: [basalt] App installed and transport connected
14:20:36 [INFO] functional.conftest: [basalt] App opened via install
PASSED                                                                   [ 15%]
------------------------------ live log teardown -------------------------------
14:20:43 [INFO] functional.conftest: [basalt] Quitting app after test: test_editsec_back_icon[basalt]

test/functional/test_button_icons.py::TestEditSecIcons::test_editsec_up_icon[basalt] 
-------------------------------- live log setup --------------------------------
14:20:45 [INFO] functional.conftest: [basalt] Opening app for test: test_editsec_up_icon[basalt]
14:20:45 [INFO] functional.conftest: [basalt] Opening app via install (preserving state)
14:20:45 [INFO] functional.conftest: [basalt] Installing app on emulator
14:20:47 [INFO] functional.conftest: [basalt] App installed and transport connected
14:20:47 [INFO] functional.conftest: [basalt] App opened via install
PASSED                                                                   [ 15%]
------------------------------ live log teardown -------------------------------
14:20:54 [INFO] functional.conftest: [basalt] Quitting app after test: test_editsec_up_icon[basalt]

test/functional/test_button_icons.py::TestEditSecIcons::test_editsec_select_icon[basalt] 
-------------------------------- live log setup --------------------------------
14:20:56 [INFO] functional.conftest: [basalt] Opening app for test: test_editsec_select_icon[basalt]
14:20:56 [INFO] functional.conftest: [basalt] Opening app via install (preserving state)
14:20:56 [INFO] functional.conftest: [basalt] Installing app on emulator
14:20:58 [INFO] functional.conftest: [basalt] App installed and transport connected
14:20:58 [INFO] functional.conftest: [basalt] App opened via install
PASSED                                                                   [ 15%]
------------------------------ live log teardown -------------------------------
14:21:05 [INFO] functional.conftest: [basalt] Quitting app after test: test_editsec_select_icon[basalt]

test/functional/test_button_icons.py::TestEditSecIcons::test_editsec_down_icon[basalt] 
-------------------------------- live log setup --------------------------------
14:21:07 [INFO] functional.conftest: [basalt] Opening app for test: test_editsec_down_icon[basalt]
14:21:07 [INFO] functional.conftest: [basalt] Opening app via install (preserving state)
14:21:07 [INFO] functional.conftest: [basalt] Installing app on emulator
14:21:10 [INFO] functional.conftest: [basalt] App installed and transport connected
14:21:10 [INFO] functional.conftest: [basalt] App opened via install
PASSED                                                                   [ 16%]
------------------------------ live log teardown -------------------------------
14:21:16 [INFO] functional.conftest: [basalt] Quitting app after test: test_editsec_down_icon[basalt]

test/functional/test_button_icons.py::TestEditSecIcons::test_editsec_long_up_direction_toggle[basalt] 
-------------------------------- live log setup --------------------------------
14:21:18 [INFO] functional.conftest: [basalt] Opening app for test: test_editsec_long_up_direction_toggle[basalt]
14:21:18 [INFO] functional.conftest: [basalt] Opening app via install (preserving state)
14:21:18 [INFO] functional.conftest: [basalt] Installing app on emulator
14:21:21 [INFO] functional.conftest: [basalt] App installed and transport connected
14:21:21 [INFO] functional.conftest: [basalt] App opened via install
PASSED                                                                   [ 16%]
------------------------------ live log teardown -------------------------------
14:21:27 [INFO] functional.conftest: [basalt] Quitting app after test: test_editsec_long_up_direction_toggle[basalt]

test/functional/test_button_icons.py::TestCountingIcons::test_counting_back_icon[basalt] 
-------------------------------- live log setup --------------------------------
14:21:29 [INFO] functional.conftest: [basalt] Opening app for test: test_counting_back_icon[basalt]
14:21:29 [INFO] functional.conftest: [basalt] Opening app via install (preserving state)
14:21:29 [INFO] functional.conftest: [basalt] Installing app on emulator
14:21:32 [INFO] functional.conftest: [basalt] App installed and transport connected
14:21:32 [INFO] functional.conftest: [basalt] App opened via install
PASSED                                                                   [ 16%]
------------------------------ live log teardown -------------------------------
14:21:38 [INFO] functional.conftest: [basalt] Quitting app after test: test_counting_back_icon[basalt]

test/functional/test_button_icons.py::TestCountingIcons::test_counting_up_icon[basalt] 
-------------------------------- live log setup --------------------------------
14:21:40 [INFO] functional.conftest: [basalt] Opening app for test: test_counting_up_icon[basalt]
14:21:40 [INFO] functional.conftest: [basalt] Opening app via install (preserving state)
14:21:40 [INFO] functional.conftest: [basalt] Installing app on emulator
14:21:43 [INFO] functional.conftest: [basalt] App installed and transport connected
14:21:43 [INFO] functional.conftest: [basalt] App opened via install
PASSED                                                                   [ 16%]
------------------------------ live log teardown -------------------------------
14:21:49 [INFO] functional.conftest: [basalt] Quitting app after test: test_counting_up_icon[basalt]

test/functional/test_button_icons.py::TestCountingIcons::test_counting_select_icon[basalt] 
-------------------------------- live log setup --------------------------------
14:21:51 [INFO] functional.conftest: [basalt] Opening app for test: test_counting_select_icon[basalt]
14:21:51 [INFO] functional.conftest: [basalt] Opening app via install (preserving state)
14:21:51 [INFO] functional.conftest: [basalt] Installing app on emulator
14:21:53 [INFO] functional.conftest: [basalt] App installed and transport connected
14:21:53 [INFO] functional.conftest: [basalt] App opened via install
PASSED                                                                   [ 17%]
------------------------------ live log teardown -------------------------------
14:21:59 [INFO] functional.conftest: [basalt] Quitting app after test: test_counting_select_icon[basalt]

test/functional/test_button_icons.py::TestCountingIcons::test_counting_down_icon[basalt] 
-------------------------------- live log setup --------------------------------
14:22:01 [INFO] functional.conftest: [basalt] Opening app for test: test_counting_down_icon[basalt]
14:22:01 [INFO] functional.conftest: [basalt] Opening app via install (preserving state)
14:22:01 [INFO] functional.conftest: [basalt] Installing app on emulator
14:22:04 [INFO] functional.conftest: [basalt] App installed and transport connected
14:22:04 [INFO] functional.conftest: [basalt] App opened via install
PASSED                                                                   [ 17%]
------------------------------ live log teardown -------------------------------
14:22:10 [INFO] functional.conftest: [basalt] Quitting app after test: test_counting_down_icon[basalt]

test/functional/test_button_icons.py::TestCountingIcons::test_counting_long_up_icon[basalt] 
-------------------------------- live log setup --------------------------------
14:22:12 [INFO] functional.conftest: [basalt] Opening app for test: test_counting_long_up_icon[basalt]
14:22:12 [INFO] functional.conftest: [basalt] Opening app via install (preserving state)
14:22:12 [INFO] functional.conftest: [basalt] Installing app on emulator
14:22:15 [INFO] functional.conftest: [basalt] App installed and transport connected
14:22:15 [INFO] functional.conftest: [basalt] App opened via install
PASSED                                                                   [ 17%]
------------------------------ live log teardown -------------------------------
14:22:20 [INFO] functional.conftest: [basalt] Quitting app after test: test_counting_long_up_icon[basalt]

test/functional/test_button_icons.py::TestCountingIcons::test_counting_long_select_icon[basalt] 
-------------------------------- live log setup --------------------------------
14:22:22 [INFO] functional.conftest: [basalt] Opening app for test: test_counting_long_select_icon[basalt]
14:22:22 [INFO] functional.conftest: [basalt] Opening app via install (preserving state)
14:22:22 [INFO] functional.conftest: [basalt] Installing app on emulator
14:22:25 [INFO] functional.conftest: [basalt] App installed and transport connected
14:22:25 [INFO] functional.conftest: [basalt] App opened via install
SKIPPED (Long press select icon disabled due to display overlap (see...) [ 17%]
------------------------------ live log teardown -------------------------------
14:22:26 [INFO] functional.conftest: [basalt] Quitting app after test: test_counting_long_select_icon[basalt]

test/functional/test_button_icons.py::TestCountingIcons::test_counting_long_down_icon[basalt] 
-------------------------------- live log setup --------------------------------
14:22:27 [INFO] functional.conftest: [basalt] Opening app for test: test_counting_long_down_icon[basalt]
14:22:27 [INFO] functional.conftest: [basalt] Opening app via install (preserving state)
14:22:27 [INFO] functional.conftest: [basalt] Installing app on emulator
14:22:30 [INFO] functional.conftest: [basalt] App installed and transport connected
14:22:30 [INFO] functional.conftest: [basalt] App opened via install
PASSED                                                                   [ 17%]
------------------------------ live log teardown -------------------------------
14:22:36 [INFO] functional.conftest: [basalt] Quitting app after test: test_counting_long_down_icon[basalt]

test/functional/test_button_icons.py::TestPausedIcons::test_paused_select_icon_play[basalt] 
-------------------------------- live log setup --------------------------------
14:22:38 [INFO] functional.conftest: [basalt] Opening app for test: test_paused_select_icon_play[basalt]
14:22:38 [INFO] functional.conftest: [basalt] Opening app via install (preserving state)
14:22:38 [INFO] functional.conftest: [basalt] Installing app on emulator
14:22:41 [INFO] functional.conftest: [basalt] App installed and transport connected
14:22:41 [INFO] functional.conftest: [basalt] App opened via install
PASSED                                                                   [ 18%]
------------------------------ live log teardown -------------------------------
14:22:48 [INFO] functional.conftest: [basalt] Quitting app after test: test_paused_select_icon_play[basalt]

test/functional/test_button_icons.py::TestChronoIcons::test_chrono_select_icon[basalt] 
-------------------------------- live log setup --------------------------------
14:22:49 [INFO] functional.conftest: [basalt] Opening app for test: test_chrono_select_icon[basalt]
14:22:49 [INFO] functional.conftest: [basalt] Opening app via install (preserving state)
14:22:49 [INFO] functional.conftest: [basalt] Installing app on emulator
14:22:52 [INFO] functional.conftest: [basalt] App installed and transport connected
14:22:52 [INFO] functional.conftest: [basalt] App opened via install
-------------------------------- live log call ---------------------------------
14:22:54 [INFO] functional.test_button_icons: [basalt] Setting up 4s timer for icon test
14:23:01 [INFO] functional.test_button_icons: [basalt] Short timer set to 4s, waiting for expire
14:23:05 [INFO] functional.test_button_icons: [basalt] Short timer started, counting down from 4s
14:23:14 [INFO] functional.test_button_icons: Chrono mode state: {'event': 'button_down', 't': '0:05', 'm': 'Counting', 'r': '0', 'p': '0', 'v': '0', 'd': '1', 'l': '0', 'c': '1'}
PASSED                                                                   [ 18%]
------------------------------ live log teardown -------------------------------
14:23:14 [INFO] functional.conftest: [basalt] Quitting app after test: test_chrono_select_icon[basalt]

test/functional/test_button_icons.py::TestChronoIcons::test_chrono_long_select_icon[basalt] 
-------------------------------- live log setup --------------------------------
14:23:15 [INFO] functional.conftest: [basalt] Opening app for test: test_chrono_long_select_icon[basalt]
14:23:15 [INFO] functional.conftest: [basalt] Opening app via install (preserving state)
14:23:15 [INFO] functional.conftest: [basalt] Installing app on emulator
14:23:18 [INFO] functional.conftest: [basalt] App installed and transport connected
14:23:18 [INFO] functional.conftest: [basalt] App opened via install
SKIPPED (Long press select icon disabled due to display overlap (see...) [ 18%]
------------------------------ live log teardown -------------------------------
14:23:19 [INFO] functional.conftest: [basalt] Quitting app after test: test_chrono_long_select_icon[basalt]

test/functional/test_button_icons.py::TestEditRepeatIcons::test_editrepeat_back_icon[basalt] 
-------------------------------- live log setup --------------------------------
14:23:21 [INFO] functional.conftest: [basalt] Opening app for test: test_editrepeat_back_icon[basalt]
14:23:21 [INFO] functional.conftest: [basalt] Opening app via install (preserving state)
14:23:21 [INFO] functional.conftest: [basalt] Installing app on emulator
14:23:23 [INFO] functional.conftest: [basalt] App installed and transport connected
14:23:23 [INFO] functional.conftest: [basalt] App opened via install
PASSED                                                                   [ 18%]
------------------------------ live log teardown -------------------------------
14:23:32 [INFO] functional.conftest: [basalt] Quitting app after test: test_editrepeat_back_icon[basalt]

test/functional/test_button_icons.py::TestEditRepeatIcons::test_editrepeat_up_icon[basalt] 
-------------------------------- live log setup --------------------------------
14:23:34 [INFO] functional.conftest: [basalt] Opening app for test: test_editrepeat_up_icon[basalt]
14:23:34 [INFO] functional.conftest: [basalt] Opening app via install (preserving state)
14:23:34 [INFO] functional.conftest: [basalt] Installing app on emulator
14:23:36 [INFO] functional.conftest: [basalt] App installed and transport connected
14:23:36 [INFO] functional.conftest: [basalt] App opened via install
-------------------------------- live log call ---------------------------------
14:23:45 [INFO] functional.test_button_icons: No reference found for 'editrepeat_up' (auto_save=False)
PASSED                                                                   [ 19%]
------------------------------ live log teardown -------------------------------
14:23:45 [INFO] functional.conftest: [basalt] Quitting app after test: test_editrepeat_up_icon[basalt]

test/functional/test_button_icons.py::TestEditRepeatIcons::test_editrepeat_select_icon[basalt] 
-------------------------------- live log setup --------------------------------
14:23:47 [INFO] functional.conftest: [basalt] Opening app for test: test_editrepeat_select_icon[basalt]
14:23:47 [INFO] functional.conftest: [basalt] Opening app via install (preserving state)
14:23:47 [INFO] functional.conftest: [basalt] Installing app on emulator
14:23:49 [INFO] functional.conftest: [basalt] App installed and transport connected
14:23:49 [INFO] functional.conftest: [basalt] App opened via install
PASSED                                                                   [ 19%]
------------------------------ live log teardown -------------------------------
14:23:57 [INFO] functional.conftest: [basalt] Quitting app after test: test_editrepeat_select_icon[basalt]

test/functional/test_button_icons.py::TestEditRepeatIcons::test_editrepeat_down_icon[basalt] 
-------------------------------- live log setup --------------------------------
14:23:59 [INFO] functional.conftest: [basalt] Opening app for test: test_editrepeat_down_icon[basalt]
14:23:59 [INFO] functional.conftest: [basalt] Opening app via install (preserving state)
14:23:59 [INFO] functional.conftest: [basalt] Installing app on emulator
14:24:02 [INFO] functional.conftest: [basalt] App installed and transport connected
14:24:02 [INFO] functional.conftest: [basalt] App opened via install
PASSED                                                                   [ 19%]
------------------------------ live log teardown -------------------------------
14:24:10 [INFO] functional.conftest: [basalt] Quitting app after test: test_editrepeat_down_icon[basalt]

test/functional/test_button_icons.py::TestAlarmIcons::test_alarm_back_icon_silence[chalk] 
-------------------------------- live log setup --------------------------------
14:24:12 [INFO] functional.test_button_icons: [basalt] Tearing down - killing emulator
SKIPPED (Skipping test for chalk since --platform=basalt was specified.) [ 19%]
test/functional/test_button_icons.py::TestAlarmIcons::test_alarm_up_icon_edit[chalk] SKIPPED [ 20%]
test/functional/test_button_icons.py::TestAlarmIcons::test_alarm_long_up_icon_reset[chalk] SKIPPED [ 20%]
test/functional/test_button_icons.py::TestAlarmIcons::test_alarm_select_icon_pause[chalk] SKIPPED [ 20%]
test/functional/test_button_icons.py::TestAlarmIcons::test_alarm_down_icon_snooze[chalk] SKIPPED [ 20%]
test/functional/test_button_icons.py::TestNewModeIcons::test_new_back_icon[chalk] SKIPPED [ 20%]
test/functional/test_button_icons.py::TestNewModeIcons::test_new_up_icon[chalk] SKIPPED [ 21%]
test/functional/test_button_icons.py::TestNewModeIcons::test_new_select_icon[chalk] SKIPPED [ 21%]
test/functional/test_button_icons.py::TestNewModeIcons::test_new_down_icon[chalk] SKIPPED [ 21%]
test/functional/test_button_icons.py::TestNewModeIcons::test_new_long_up_direction_toggle[chalk] SKIPPED [ 21%]
test/functional/test_button_icons.py::TestNewModeIcons::test_new_long_select_icon[chalk] SKIPPED [ 22%]
test/functional/test_button_icons.py::TestNewModeIcons::test_new_long_down_icon[chalk] SKIPPED [ 22%]
test/functional/test_button_icons.py::TestEditSecIcons::test_editsec_back_icon[chalk] SKIPPED [ 22%]
test/functional/test_button_icons.py::TestEditSecIcons::test_editsec_up_icon[chalk] SKIPPED [ 22%]
test/functional/test_button_icons.py::TestEditSecIcons::test_editsec_select_icon[chalk] SKIPPED [ 22%]
test/functional/test_button_icons.py::TestEditSecIcons::test_editsec_down_icon[chalk] SKIPPED [ 23%]
test/functional/test_button_icons.py::TestEditSecIcons::test_editsec_long_up_direction_toggle[chalk] SKIPPED [ 23%]
test/functional/test_button_icons.py::TestCountingIcons::test_counting_back_icon[chalk] SKIPPED [ 23%]
test/functional/test_button_icons.py::TestCountingIcons::test_counting_up_icon[chalk] SKIPPED [ 23%]
test/functional/test_button_icons.py::TestCountingIcons::test_counting_select_icon[chalk] SKIPPED [ 24%]
test/functional/test_button_icons.py::TestCountingIcons::test_counting_down_icon[chalk] SKIPPED [ 24%]
test/functional/test_button_icons.py::TestCountingIcons::test_counting_long_up_icon[chalk] SKIPPED [ 24%]
test/functional/test_button_icons.py::TestCountingIcons::test_counting_long_select_icon[chalk] SKIPPED [ 24%]
test/functional/test_button_icons.py::TestCountingIcons::test_counting_long_down_icon[chalk] SKIPPED [ 25%]
test/functional/test_button_icons.py::TestPausedIcons::test_paused_select_icon_play[chalk] SKIPPED [ 25%]
test/functional/test_button_icons.py::TestChronoIcons::test_chrono_select_icon[chalk] SKIPPED [ 25%]
test/functional/test_button_icons.py::TestChronoIcons::test_chrono_long_select_icon[chalk] SKIPPED [ 25%]
test/functional/test_button_icons.py::TestEditRepeatIcons::test_editrepeat_back_icon[chalk] SKIPPED [ 25%]
test/functional/test_button_icons.py::TestEditRepeatIcons::test_editrepeat_up_icon[chalk] SKIPPED [ 26%]
test/functional/test_button_icons.py::TestEditRepeatIcons::test_editrepeat_select_icon[chalk] SKIPPED [ 26%]
test/functional/test_button_icons.py::TestEditRepeatIcons::test_editrepeat_down_icon[chalk] SKIPPED [ 26%]
test/functional/test_button_icons.py::TestAlarmIcons::test_alarm_back_icon_silence[diorite] SKIPPED [ 26%]
test/functional/test_button_icons.py::TestAlarmIcons::test_alarm_up_icon_edit[diorite] SKIPPED [ 27%]
test/functional/test_button_icons.py::TestAlarmIcons::test_alarm_long_up_icon_reset[diorite] SKIPPED [ 27%]
test/functional/test_button_icons.py::TestAlarmIcons::test_alarm_select_icon_pause[diorite] SKIPPED [ 27%]
test/functional/test_button_icons.py::TestAlarmIcons::test_alarm_down_icon_snooze[diorite] SKIPPED [ 27%]
test/functional/test_button_icons.py::TestNewModeIcons::test_new_back_icon[diorite] SKIPPED [ 27%]
test/functional/test_button_icons.py::TestNewModeIcons::test_new_up_icon[diorite] SKIPPED [ 28%]
test/functional/test_button_icons.py::TestNewModeIcons::test_new_select_icon[diorite] SKIPPED [ 28%]
test/functional/test_button_icons.py::TestNewModeIcons::test_new_down_icon[diorite] SKIPPED [ 28%]
test/functional/test_button_icons.py::TestNewModeIcons::test_new_long_up_direction_toggle[diorite] SKIPPED [ 28%]
test/functional/test_button_icons.py::TestNewModeIcons::test_new_long_select_icon[diorite] SKIPPED [ 29%]
test/functional/test_button_icons.py::TestNewModeIcons::test_new_long_down_icon[diorite] SKIPPED [ 29%]
test/functional/test_button_icons.py::TestEditSecIcons::test_editsec_back_icon[diorite] SKIPPED [ 29%]
test/functional/test_button_icons.py::TestEditSecIcons::test_editsec_up_icon[diorite] SKIPPED [ 29%]
test/functional/test_button_icons.py::TestEditSecIcons::test_editsec_select_icon[diorite] SKIPPED [ 30%]
test/functional/test_button_icons.py::TestEditSecIcons::test_editsec_down_icon[diorite] SKIPPED [ 30%]
test/functional/test_button_icons.py::TestEditSecIcons::test_editsec_long_up_direction_toggle[diorite] SKIPPED [ 30%]
test/functional/test_button_icons.py::TestCountingIcons::test_counting_back_icon[diorite] SKIPPED [ 30%]
test/functional/test_button_icons.py::TestCountingIcons::test_counting_up_icon[diorite] SKIPPED [ 30%]
test/functional/test_button_icons.py::TestCountingIcons::test_counting_select_icon[diorite] SKIPPED [ 31%]
test/functional/test_button_icons.py::TestCountingIcons::test_counting_down_icon[diorite] SKIPPED [ 31%]
test/functional/test_button_icons.py::TestCountingIcons::test_counting_long_up_icon[diorite] SKIPPED [ 31%]
test/functional/test_button_icons.py::TestCountingIcons::test_counting_long_select_icon[diorite] SKIPPED [ 31%]
test/functional/test_button_icons.py::TestCountingIcons::test_counting_long_down_icon[diorite] SKIPPED [ 32%]
test/functional/test_button_icons.py::TestPausedIcons::test_paused_select_icon_play[diorite] SKIPPED [ 32%]
test/functional/test_button_icons.py::TestChronoIcons::test_chrono_select_icon[diorite] SKIPPED [ 32%]
test/functional/test_button_icons.py::TestChronoIcons::test_chrono_long_select_icon[diorite] SKIPPED [ 32%]
test/functional/test_button_icons.py::TestEditRepeatIcons::test_editrepeat_back_icon[diorite] SKIPPED [ 32%]
test/functional/test_button_icons.py::TestEditRepeatIcons::test_editrepeat_up_icon[diorite] SKIPPED [ 33%]
test/functional/test_button_icons.py::TestEditRepeatIcons::test_editrepeat_select_icon[diorite] SKIPPED [ 33%]
test/functional/test_button_icons.py::TestEditRepeatIcons::test_editrepeat_down_icon[diorite] SKIPPED [ 33%]
test/functional/test_create_timer.py::TestCreateTimer::test_create_2_minute_timer[aplite] SKIPPED [ 33%]
test/functional/test_create_timer.py::TestCreateTimer::test_initial_state_shows_new[aplite] SKIPPED [ 34%]
test/functional/test_create_timer.py::TestCreateTimer::test_down_button_increments_minutes[aplite] SKIPPED [ 34%]
test/functional/test_create_timer.py::TestButtonPresses::test_up_button_increments_20_minutes[aplite] SKIPPED [ 34%]
test/functional/test_create_timer.py::TestButtonPresses::test_select_button_increments_5_minutes[aplite] SKIPPED [ 34%]
test/functional/test_create_timer.py::TestTimerCountdown::test_timer_counts_down[aplite] SKIPPED [ 35%]
test/functional/test_create_timer.py::TestTimerCountdown::test_timer_transitions_to_counting_mode[aplite] SKIPPED [ 35%]
test/functional/test_create_timer.py::TestChronoMode::test_chrono_mode_counts_up[aplite] SKIPPED [ 35%]
test/functional/test_create_timer.py::TestPlayPause::test_select_toggles_play_pause_in_counting_mode[aplite] SKIPPED [ 35%]
test/functional/test_create_timer.py::TestTimerStartsImmediately::test_timer_counts_down_during_setup[aplite] SKIPPED [ 35%]
test/functional/test_create_timer.py::TestTimerStartsImmediately::test_chrono_has_elapsed_time_when_mode_expires[aplite] SKIPPED [ 36%]
test/functional/test_create_timer.py::TestLongPressReset::test_long_press_select_resets_timer[aplite] SKIPPED [ 36%]
test/functional/test_create_timer.py::TestCreateTimer::test_create_2_minute_timer[basalt] 
-------------------------------- live log setup --------------------------------
14:24:16 [INFO] functional.conftest: [basalt] Starting warm-up cycle to clear stale state
14:24:19 [INFO] functional.conftest: [basalt] Installing app on emulator
14:24:27 [INFO] functional.conftest: [basalt] App installed and transport connected
14:24:27 [INFO] functional.conftest: [basalt] Waiting for emulator to stabilize (2s)
14:24:29 [INFO] functional.conftest: [basalt] Holding down button to quit app and set persist state
14:24:31 [INFO] functional.conftest: [basalt] App quit via long press, persist state set
14:24:31 [INFO] functional.conftest: [basalt] Emulator ready for tests
14:24:31 [INFO] functional.conftest: [basalt] Opening app for test: test_create_2_minute_timer[basalt]
14:24:31 [INFO] functional.conftest: [basalt] Opening app via install (preserving state)
14:24:31 [INFO] functional.conftest: [basalt] Installing app on emulator
14:24:34 [INFO] functional.conftest: [basalt] App installed and transport connected
14:24:34 [INFO] functional.conftest: [basalt] App opened via install
-------------------------------- live log call ---------------------------------
14:24:36 [INFO] functional.test_create_timer: After 2 Down presses - state: {'event': 'button_down', 't': '1:57', 'm': 'New', 'r': '0', 'p': '0', 'v': '0', 'd': '1', 'l': '1', 'c': '0'}
PASSED                                                                   [ 36%]
------------------------------ live log teardown -------------------------------
14:24:36 [INFO] functional.conftest: [basalt] Quitting app after test: test_create_2_minute_timer[basalt]

test/functional/test_create_timer.py::TestCreateTimer::test_initial_state_shows_new[basalt] 
-------------------------------- live log setup --------------------------------
14:24:38 [INFO] functional.conftest: [basalt] Opening app for test: test_initial_state_shows_new[basalt]
14:24:38 [INFO] functional.conftest: [basalt] Opening app via install (preserving state)
14:24:38 [INFO] functional.conftest: [basalt] Installing app on emulator
14:24:41 [INFO] functional.conftest: [basalt] App installed and transport connected
14:24:41 [INFO] functional.conftest: [basalt] App opened via install
-------------------------------- live log call ---------------------------------
14:24:46 [INFO] functional.test_create_timer: Initial state text: +1h 1 +20 New -d:pi 1424 +Im
PASSED                                                                   [ 36%]
------------------------------ live log teardown -------------------------------
14:24:46 [INFO] functional.conftest: [basalt] Quitting app after test: test_initial_state_shows_new[basalt]

test/functional/test_create_timer.py::TestCreateTimer::test_down_button_increments_minutes[basalt] 
-------------------------------- live log setup --------------------------------
14:24:48 [INFO] functional.conftest: [basalt] Opening app for test: test_down_button_increments_minutes[basalt]
14:24:48 [INFO] functional.conftest: [basalt] Opening app via install (preserving state)
14:24:48 [INFO] functional.conftest: [basalt] Installing app on emulator
14:24:50 [INFO] functional.conftest: [basalt] App installed and transport connected
14:24:50 [INFO] functional.conftest: [basalt] App opened via install
-------------------------------- live log call ---------------------------------
14:24:55 [INFO] functional.test_create_timer: After 3 Down presses: #1m 1 +20 New 2.57 6 1427 #i II}
PASSED                                                                   [ 37%]
------------------------------ live log teardown -------------------------------
14:24:55 [INFO] functional.conftest: [basalt] Quitting app after test: test_down_button_increments_minutes[basalt]

test/functional/test_create_timer.py::TestButtonPresses::test_up_button_increments_20_minutes[basalt] 
-------------------------------- live log setup --------------------------------
14:24:57 [INFO] functional.conftest: [basalt] Opening app for test: test_up_button_increments_20_minutes[basalt]
14:24:57 [INFO] functional.conftest: [basalt] Opening app via install (preserving state)
14:24:57 [INFO] functional.conftest: [basalt] Installing app on emulator
14:25:00 [INFO] functional.conftest: [basalt] App installed and transport connected
14:25:00 [INFO] functional.conftest: [basalt] App opened via install
-------------------------------- live log call ---------------------------------
14:25:01 [INFO] functional.test_create_timer: After Up press - state: {'event': 'button_up', 't': '19:58', 'm': 'New', 'r': '0', 'p': '0', 'v': '0', 'd': '1', 'l': '1', 'c': '0'}
PASSED                                                                   [ 37%]
------------------------------ live log teardown -------------------------------
14:25:01 [INFO] functional.conftest: [basalt] Quitting app after test: test_up_button_increments_20_minutes[basalt]

test/functional/test_create_timer.py::TestButtonPresses::test_select_button_increments_5_minutes[basalt] 
-------------------------------- live log setup --------------------------------
14:25:03 [INFO] functional.conftest: [basalt] Opening app for test: test_select_button_increments_5_minutes[basalt]
14:25:03 [INFO] functional.conftest: [basalt] Opening app via install (preserving state)
14:25:03 [INFO] functional.conftest: [basalt] Installing app on emulator
14:25:06 [INFO] functional.conftest: [basalt] App installed and transport connected
14:25:06 [INFO] functional.conftest: [basalt] App opened via install
-------------------------------- live log call ---------------------------------
14:25:10 [INFO] functional.test_create_timer: After Select press: #1m 1 +20 New 4.58 5 1430 +Im III}
14:25:10 [INFO] functional.test_create_timer:   normalized: 1 1 20  4:58 5 1430 1 111
PASSED                                                                   [ 37%]
------------------------------ live log teardown -------------------------------
14:25:10 [INFO] functional.conftest: [basalt] Quitting app after test: test_select_button_increments_5_minutes[basalt]

test/functional/test_create_timer.py::TestTimerCountdown::test_timer_counts_down[basalt] 
-------------------------------- live log setup --------------------------------
14:25:12 [INFO] functional.conftest: [basalt] Opening app for test: test_timer_counts_down[basalt]
14:25:12 [INFO] functional.conftest: [basalt] Opening app via install (preserving state)
14:25:12 [INFO] functional.conftest: [basalt] Installing app on emulator
14:25:15 [INFO] functional.conftest: [basalt] App installed and transport connected
14:25:15 [INFO] functional.conftest: [basalt] App opened via install
-------------------------------- live log call ---------------------------------
14:25:28 [INFO] functional.test_create_timer: Countdown start text: 09 e 00,59 0:64 1425 Ker M J
14:25:30 [INFO] functional.test_create_timer: After 5s text: 4 e 00;59 0:4- 1425 Ker M J
PASSED                                                                   [ 37%]
------------------------------ live log teardown -------------------------------
14:25:30 [INFO] functional.conftest: [basalt] Quitting app after test: test_timer_counts_down[basalt]

test/functional/test_create_timer.py::TestTimerCountdown::test_timer_transitions_to_counting_mode[basalt] 
-------------------------------- live log setup --------------------------------
14:25:32 [INFO] functional.conftest: [basalt] Opening app for test: test_timer_transitions_to_counting_mode[basalt]
14:25:32 [INFO] functional.conftest: [basalt] Opening app via install (preserving state)
14:25:32 [INFO] functional.conftest: [basalt] Installing app on emulator
14:25:35 [INFO] functional.conftest: [basalt] App installed and transport connected
14:25:35 [INFO] functional.conftest: [basalt] App opened via install
-------------------------------- live log call ---------------------------------
14:25:37 [INFO] functional.test_create_timer: After Down press state: {'event': 'button_down', 't': '0:58', 'm': 'New', 'r': '0', 'p': '0', 'v': '0', 'd': '1', 'l': '1', 'c': '0'}
14:25:40 [INFO] functional.test_create_timer: After transition state: {'event': 'mode_change', 't': '0:55', 'm': 'Counting', 'r': '0', 'p': '0', 'v': '0', 'd': '1', 'l': '0', 'c': '0'}
PASSED                                                                   [ 37%]
------------------------------ live log teardown -------------------------------
14:25:40 [INFO] functional.conftest: [basalt] Quitting app after test: test_timer_transitions_to_counting_mode[basalt]

test/functional/test_create_timer.py::TestChronoMode::test_chrono_mode_counts_up[basalt] 
-------------------------------- live log setup --------------------------------
14:25:42 [INFO] functional.conftest: [basalt] Opening app for test: test_chrono_mode_counts_up[basalt]
14:25:42 [INFO] functional.conftest: [basalt] Opening app via install (preserving state)
14:25:42 [INFO] functional.conftest: [basalt] Installing app on emulator
14:25:44 [INFO] functional.conftest: [basalt] App installed and transport connected
14:25:44 [INFO] functional.conftest: [basalt] App opened via install
-------------------------------- live log call ---------------------------------
14:25:55 [INFO] functional.test_create_timer: Chrono mode start: e Oo;00--> 0:s 1425 M %
14:25:57 [INFO] functional.test_create_timer: Chrono after 3s: @ Oo;00--> d:E 1425 M %
PASSED                                                                   [ 38%]
------------------------------ live log teardown -------------------------------
14:25:57 [INFO] functional.conftest: [basalt] Quitting app after test: test_chrono_mode_counts_up[basalt]

test/functional/test_create_timer.py::TestPlayPause::test_select_toggles_play_pause_in_counting_mode[basalt] 
-------------------------------- live log setup --------------------------------
14:25:59 [INFO] functional.conftest: [basalt] Opening app for test: test_select_toggles_play_pause_in_counting_mode[basalt]
14:25:59 [INFO] functional.conftest: [basalt] Opening app via install (preserving state)
14:25:59 [INFO] functional.conftest: [basalt] Installing app on emulator
14:26:01 [INFO] functional.conftest: [basalt] App installed and transport connected
14:26:01 [INFO] functional.conftest: [basalt] App opened via install
-------------------------------- live log call ---------------------------------
14:26:06 [INFO] functional.test_create_timer: Paused at: 0:54
14:26:09 [INFO] functional.test_create_timer: Still paused at: 0:54
14:26:09 [INFO] functional.test_create_timer: Resumed at: 0:54
14:26:12 [INFO] functional.test_create_timer: After resume: 0:51
PASSED                                                                   [ 38%]
------------------------------ live log teardown -------------------------------
14:26:12 [INFO] functional.conftest: [basalt] Quitting app after test: test_select_toggles_play_pause_in_counting_mode[basalt]

test/functional/test_create_timer.py::TestTimerStartsImmediately::test_timer_counts_down_during_setup[basalt] 
-------------------------------- live log setup --------------------------------
14:26:13 [INFO] functional.conftest: [basalt] Opening app for test: test_timer_counts_down_during_setup[basalt]
14:26:13 [INFO] functional.conftest: [basalt] Opening app via install (preserving state)
14:26:13 [INFO] functional.conftest: [basalt] Installing app on emulator
14:26:16 [INFO] functional.conftest: [basalt] App installed and transport connected
14:26:16 [INFO] functional.conftest: [basalt] App opened via install
-------------------------------- live log call ---------------------------------
14:26:31 [INFO] functional.test_create_timer: After 6 Down presses with 2s delays - state: {'event': 'button_down', 't': '5:46', 'm': 'New', 'r': '0', 'p': '0', 'v': '0', 'd': '1', 'l': '1', 'c': '0'}
PASSED                                                                   [ 38%]
------------------------------ live log teardown -------------------------------
14:26:31 [INFO] functional.conftest: [basalt] Quitting app after test: test_timer_counts_down_during_setup[basalt]

test/functional/test_create_timer.py::TestTimerStartsImmediately::test_chrono_has_elapsed_time_when_mode_expires[basalt] 
-------------------------------- live log setup --------------------------------
14:26:33 [INFO] functional.conftest: [basalt] Opening app for test: test_chrono_has_elapsed_time_when_mode_expires[basalt]
14:26:33 [INFO] functional.conftest: [basalt] Opening app via install (preserving state)
14:26:33 [INFO] functional.conftest: [basalt] Installing app on emulator
14:26:36 [INFO] functional.conftest: [basalt] App installed and transport connected
14:26:36 [INFO] functional.conftest: [basalt] App opened via install
-------------------------------- live log call ---------------------------------
14:26:38 [INFO] functional.test_create_timer: Mode change state: {'event': 'mode_change', 't': '0:02', 'm': 'Counting', 'r': '0', 'p': '0', 'v': '0', 'd': '1', 'l': '0', 'c': '1'}
PASSED                                                                   [ 38%]
------------------------------ live log teardown -------------------------------
14:26:38 [INFO] functional.conftest: [basalt] Quitting app after test: test_chrono_has_elapsed_time_when_mode_expires[basalt]

test/functional/test_create_timer.py::TestLongPressReset::test_long_press_select_resets_timer[basalt] 
-------------------------------- live log setup --------------------------------
14:26:40 [INFO] functional.conftest: [basalt] Opening app for test: test_long_press_select_resets_timer[basalt]
14:26:40 [INFO] functional.conftest: [basalt] Opening app via install (preserving state)
14:26:40 [INFO] functional.conftest: [basalt] Installing app on emulator
14:26:43 [INFO] functional.conftest: [basalt] App installed and transport connected
14:26:43 [INFO] functional.conftest: [basalt] App opened via install
-------------------------------- live log call ---------------------------------
14:26:54 [INFO] functional.test_create_timer: Before reset: 9 e 19.59 19:64m 1426 Ker M J
14:26:56 [INFO] functional.test_create_timer: After reset: 9 e 19.59 19 66 1426 Ker M J
PASSED                                                                   [ 39%]
------------------------------ live log teardown -------------------------------
14:26:56 [INFO] functional.conftest: [basalt] Quitting app after test: test_long_press_select_resets_timer[basalt]

test/functional/test_create_timer.py::TestCreateTimer::test_create_2_minute_timer[chalk] 
-------------------------------- live log setup --------------------------------
14:26:58 [INFO] functional.conftest: [basalt] Tearing down - killing emulator
SKIPPED (Skipping test for chalk since --platform=basalt was specified.) [ 39%]
test/functional/test_create_timer.py::TestCreateTimer::test_initial_state_shows_new[chalk] SKIPPED [ 39%]
test/functional/test_create_timer.py::TestCreateTimer::test_down_button_increments_minutes[chalk] SKIPPED [ 39%]
test/functional/test_create_timer.py::TestButtonPresses::test_up_button_increments_20_minutes[chalk] SKIPPED [ 40%]
test/functional/test_create_timer.py::TestButtonPresses::test_select_button_increments_5_minutes[chalk] SKIPPED [ 40%]
test/functional/test_create_timer.py::TestTimerCountdown::test_timer_counts_down[chalk] SKIPPED [ 40%]
test/functional/test_create_timer.py::TestTimerCountdown::test_timer_transitions_to_counting_mode[chalk] SKIPPED [ 40%]
test/functional/test_create_timer.py::TestChronoMode::test_chrono_mode_counts_up[chalk] SKIPPED [ 40%]
test/functional/test_create_timer.py::TestPlayPause::test_select_toggles_play_pause_in_counting_mode[chalk] SKIPPED [ 41%]
test/functional/test_create_timer.py::TestTimerStartsImmediately::test_timer_counts_down_during_setup[chalk] SKIPPED [ 41%]
test/functional/test_create_timer.py::TestTimerStartsImmediately::test_chrono_has_elapsed_time_when_mode_expires[chalk] SKIPPED [ 41%]
test/functional/test_create_timer.py::TestLongPressReset::test_long_press_select_resets_timer[chalk] SKIPPED [ 41%]
test/functional/test_create_timer.py::TestCreateTimer::test_create_2_minute_timer[diorite] SKIPPED [ 42%]
test/functional/test_create_timer.py::TestCreateTimer::test_initial_state_shows_new[diorite] SKIPPED [ 42%]
test/functional/test_create_timer.py::TestCreateTimer::test_down_button_increments_minutes[diorite] SKIPPED [ 42%]
test/functional/test_create_timer.py::TestButtonPresses::test_up_button_increments_20_minutes[diorite] SKIPPED [ 42%]
test/functional/test_create_timer.py::TestButtonPresses::test_select_button_increments_5_minutes[diorite] SKIPPED [ 42%]
test/functional/test_create_timer.py::TestTimerCountdown::test_timer_counts_down[diorite] SKIPPED [ 43%]
test/functional/test_create_timer.py::TestTimerCountdown::test_timer_transitions_to_counting_mode[diorite] SKIPPED [ 43%]
test/functional/test_create_timer.py::TestChronoMode::test_chrono_mode_counts_up[diorite] SKIPPED [ 43%]
test/functional/test_create_timer.py::TestPlayPause::test_select_toggles_play_pause_in_counting_mode[diorite] SKIPPED [ 43%]
test/functional/test_create_timer.py::TestTimerStartsImmediately::test_timer_counts_down_during_setup[diorite] SKIPPED [ 44%]
test/functional/test_create_timer.py::TestTimerStartsImmediately::test_chrono_has_elapsed_time_when_mode_expires[diorite] SKIPPED [ 44%]
test/functional/test_create_timer.py::TestLongPressReset::test_long_press_select_resets_timer[diorite] SKIPPED [ 44%]
test/functional/test_directional_icons.py::TestNewModeForwardIcons::test_new_forward_has_icons[aplite] SKIPPED [ 44%]
test/functional/test_directional_icons.py::TestNewModeReverseIcons::test_new_reverse_back_icon[aplite] SKIPPED [ 45%]
test/functional/test_directional_icons.py::TestNewModeReverseIcons::test_new_reverse_up_icon[aplite] SKIPPED [ 45%]
test/functional/test_directional_icons.py::TestNewModeReverseIcons::test_new_reverse_select_icon[aplite] SKIPPED [ 45%]
test/functional/test_directional_icons.py::TestNewModeReverseIcons::test_new_reverse_down_icon[aplite] SKIPPED [ 45%]
test/functional/test_directional_icons.py::TestEditSecModeForwardIcons::test_editsec_forward_back_icon_plus60[aplite] SKIPPED [ 45%]
test/functional/test_directional_icons.py::TestEditSecModeForwardIcons::test_editsec_forward_has_icons[aplite] SKIPPED [ 46%]
test/functional/test_directional_icons.py::TestEditSecModeReverseIcons::test_editsec_reverse_back_icon[aplite] SKIPPED [ 46%]
test/functional/test_directional_icons.py::TestEditSecModeReverseIcons::test_editsec_reverse_up_icon[aplite] SKIPPED [ 46%]
test/functional/test_directional_icons.py::TestEditSecModeReverseIcons::test_editsec_reverse_select_icon[aplite] SKIPPED [ 46%]
test/functional/test_directional_icons.py::TestEditSecModeReverseIcons::test_editsec_reverse_down_icon[aplite] SKIPPED [ 47%]
test/functional/test_directional_icons.py::TestNewModeForwardIcons::test_new_forward_has_icons[basalt] 
-------------------------------- live log setup --------------------------------
14:27:02 [INFO] functional.test_directional_icons: [basalt] Starting warm-up cycle
14:27:05 [INFO] functional.conftest: [basalt] Installing app on emulator
14:27:14 [INFO] functional.conftest: [basalt] App installed and transport connected
14:27:14 [INFO] functional.test_directional_icons: [basalt] Waiting for emulator to stabilize (2s)
14:27:16 [INFO] functional.test_directional_icons: [basalt] Holding down button to quit app and set persist state
14:27:19 [INFO] functional.test_directional_icons: [basalt] Emulator ready for tests
14:27:19 [INFO] functional.conftest: [basalt] Opening app for test: test_new_forward_has_icons[basalt]
14:27:19 [INFO] functional.conftest: [basalt] Opening app via install (preserving state)
14:27:19 [INFO] functional.conftest: [basalt] Installing app on emulator
14:27:21 [INFO] functional.conftest: [basalt] App installed and transport connected
14:27:21 [INFO] functional.conftest: [basalt] App opened via install
PASSED                                                                   [ 47%]
------------------------------ live log teardown -------------------------------
14:27:24 [INFO] functional.conftest: [basalt] Quitting app after test: test_new_forward_has_icons[basalt]

test/functional/test_directional_icons.py::TestNewModeReverseIcons::test_new_reverse_back_icon[basalt] 
-------------------------------- live log setup --------------------------------
14:27:26 [INFO] functional.conftest: [basalt] Opening app for test: test_new_reverse_back_icon[basalt]
14:27:26 [INFO] functional.conftest: [basalt] Opening app via install (preserving state)
14:27:26 [INFO] functional.conftest: [basalt] Installing app on emulator
14:27:29 [INFO] functional.conftest: [basalt] App installed and transport connected
14:27:29 [INFO] functional.conftest: [basalt] App opened via install
PASSED                                                                   [ 47%]
------------------------------ live log teardown -------------------------------
14:27:35 [INFO] functional.conftest: [basalt] Quitting app after test: test_new_reverse_back_icon[basalt]

test/functional/test_directional_icons.py::TestNewModeReverseIcons::test_new_reverse_up_icon[basalt] 
-------------------------------- live log setup --------------------------------
14:27:37 [INFO] functional.conftest: [basalt] Opening app for test: test_new_reverse_up_icon[basalt]
14:27:37 [INFO] functional.conftest: [basalt] Opening app via install (preserving state)
14:27:37 [INFO] functional.conftest: [basalt] Installing app on emulator
14:27:40 [INFO] functional.conftest: [basalt] App installed and transport connected
14:27:40 [INFO] functional.conftest: [basalt] App opened via install
PASSED                                                                   [ 47%]
------------------------------ live log teardown -------------------------------
14:27:46 [INFO] functional.conftest: [basalt] Quitting app after test: test_new_reverse_up_icon[basalt]

test/functional/test_directional_icons.py::TestNewModeReverseIcons::test_new_reverse_select_icon[basalt] 
-------------------------------- live log setup --------------------------------
14:27:48 [INFO] functional.conftest: [basalt] Opening app for test: test_new_reverse_select_icon[basalt]
14:27:48 [INFO] functional.conftest: [basalt] Opening app via install (preserving state)
14:27:48 [INFO] functional.conftest: [basalt] Installing app on emulator
14:27:50 [INFO] functional.conftest: [basalt] App installed and transport connected
14:27:50 [INFO] functional.conftest: [basalt] App opened via install
PASSED                                                                   [ 47%]
------------------------------ live log teardown -------------------------------
14:27:56 [INFO] functional.conftest: [basalt] Quitting app after test: test_new_reverse_select_icon[basalt]

test/functional/test_directional_icons.py::TestNewModeReverseIcons::test_new_reverse_down_icon[basalt] 
-------------------------------- live log setup --------------------------------
14:27:58 [INFO] functional.conftest: [basalt] Opening app for test: test_new_reverse_down_icon[basalt]
14:27:58 [INFO] functional.conftest: [basalt] Opening app via install (preserving state)
14:27:58 [INFO] functional.conftest: [basalt] Installing app on emulator
14:28:01 [INFO] functional.conftest: [basalt] App installed and transport connected
14:28:01 [INFO] functional.conftest: [basalt] App opened via install
PASSED                                                                   [ 48%]
------------------------------ live log teardown -------------------------------
14:28:07 [INFO] functional.conftest: [basalt] Quitting app after test: test_new_reverse_down_icon[basalt]

test/functional/test_directional_icons.py::TestEditSecModeForwardIcons::test_editsec_forward_back_icon_plus60[basalt] 
-------------------------------- live log setup --------------------------------
14:28:09 [INFO] functional.conftest: [basalt] Opening app for test: test_editsec_forward_back_icon_plus60[basalt]
14:28:09 [INFO] functional.conftest: [basalt] Opening app via install (preserving state)
14:28:09 [INFO] functional.conftest: [basalt] Installing app on emulator
14:28:12 [INFO] functional.conftest: [basalt] App installed and transport connected
14:28:12 [INFO] functional.conftest: [basalt] App opened via install
PASSED                                                                   [ 48%]
------------------------------ live log teardown -------------------------------
14:28:19 [INFO] functional.conftest: [basalt] Quitting app after test: test_editsec_forward_back_icon_plus60[basalt]

test/functional/test_directional_icons.py::TestEditSecModeForwardIcons::test_editsec_forward_has_icons[basalt] 
-------------------------------- live log setup --------------------------------
14:28:21 [INFO] functional.conftest: [basalt] Opening app for test: test_editsec_forward_has_icons[basalt]
14:28:21 [INFO] functional.conftest: [basalt] Opening app via install (preserving state)
14:28:21 [INFO] functional.conftest: [basalt] Installing app on emulator
14:28:24 [INFO] functional.conftest: [basalt] App installed and transport connected
14:28:24 [INFO] functional.conftest: [basalt] App opened via install
PASSED                                                                   [ 48%]
------------------------------ live log teardown -------------------------------
14:28:32 [INFO] functional.conftest: [basalt] Quitting app after test: test_editsec_forward_has_icons[basalt]

test/functional/test_directional_icons.py::TestEditSecModeReverseIcons::test_editsec_reverse_back_icon[basalt] 
-------------------------------- live log setup --------------------------------
14:28:33 [INFO] functional.conftest: [basalt] Opening app for test: test_editsec_reverse_back_icon[basalt]
14:28:33 [INFO] functional.conftest: [basalt] Opening app via install (preserving state)
14:28:33 [INFO] functional.conftest: [basalt] Installing app on emulator
14:28:36 [INFO] functional.conftest: [basalt] App installed and transport connected
14:28:36 [INFO] functional.conftest: [basalt] App opened via install
PASSED                                                                   [ 48%]
------------------------------ live log teardown -------------------------------
14:28:48 [INFO] functional.conftest: [basalt] Quitting app after test: test_editsec_reverse_back_icon[basalt]

test/functional/test_directional_icons.py::TestEditSecModeReverseIcons::test_editsec_reverse_up_icon[basalt] 
-------------------------------- live log setup --------------------------------
14:28:50 [INFO] functional.conftest: [basalt] Opening app for test: test_editsec_reverse_up_icon[basalt]
14:28:50 [INFO] functional.conftest: [basalt] Opening app via install (preserving state)
14:28:50 [INFO] functional.conftest: [basalt] Installing app on emulator
14:28:52 [INFO] functional.conftest: [basalt] App installed and transport connected
14:28:52 [INFO] functional.conftest: [basalt] App opened via install
PASSED                                                                   [ 49%]
------------------------------ live log teardown -------------------------------
14:29:04 [INFO] functional.conftest: [basalt] Quitting app after test: test_editsec_reverse_up_icon[basalt]

test/functional/test_directional_icons.py::TestEditSecModeReverseIcons::test_editsec_reverse_select_icon[basalt] 
-------------------------------- live log setup --------------------------------
14:29:06 [INFO] functional.conftest: [basalt] Opening app for test: test_editsec_reverse_select_icon[basalt]
14:29:06 [INFO] functional.conftest: [basalt] Opening app via install (preserving state)
14:29:06 [INFO] functional.conftest: [basalt] Installing app on emulator
14:29:08 [INFO] functional.conftest: [basalt] App installed and transport connected
14:29:08 [INFO] functional.conftest: [basalt] App opened via install
PASSED                                                                   [ 49%]
------------------------------ live log teardown -------------------------------
14:29:20 [INFO] functional.conftest: [basalt] Quitting app after test: test_editsec_reverse_select_icon[basalt]

test/functional/test_directional_icons.py::TestEditSecModeReverseIcons::test_editsec_reverse_down_icon[basalt] 
-------------------------------- live log setup --------------------------------
14:29:22 [INFO] functional.conftest: [basalt] Opening app for test: test_editsec_reverse_down_icon[basalt]
14:29:22 [INFO] functional.conftest: [basalt] Opening app via install (preserving state)
14:29:22 [INFO] functional.conftest: [basalt] Installing app on emulator
14:29:25 [INFO] functional.conftest: [basalt] App installed and transport connected
14:29:25 [INFO] functional.conftest: [basalt] App opened via install
PASSED                                                                   [ 49%]
------------------------------ live log teardown -------------------------------
14:29:36 [INFO] functional.conftest: [basalt] Quitting app after test: test_editsec_reverse_down_icon[basalt]

test/functional/test_directional_icons.py::TestNewModeForwardIcons::test_new_forward_has_icons[chalk] 
[...]

test/functional/test_timer_workflows.py::TestRepeatTimerDuringAlarm::test_hold_up_during_longer_alarm_repeats_timer[basalt] 
-------------------------------- live log setup --------------------------------
14:43:40 [INFO] functional.conftest: [basalt] Opening app for test: test_hold_up_during_longer_alarm_repeats_timer[basalt]
14:43:40 [INFO] functional.conftest: [basalt] Opening app via install (preserving state)
14:43:40 [INFO] functional.conftest: [basalt] Installing app on emulator
14:43:43 [INFO] functional.conftest: [basalt] App installed and transport connected
14:43:43 [INFO] functional.conftest: [basalt] App opened via install
-------------------------------- live log call ---------------------------------
14:43:51 [INFO] functional.test_timer_workflows: Waiting for edit mode to expire...
14:43:55 [INFO] functional.test_timer_workflows: Pressing Select to start 10-second timer...
14:43:55 [INFO] functional.test_timer_workflows: Waiting for alarm to start...
14:44:05 [INFO] functional.test_timer_workflows: Alarm started: {'event': 'alarm_start', 't': '0:00', 'm': 'Counting', 'r': '0', 'p': '0', 'v': '1', 'd': '1', 'l': '1', 'c': '1'}
14:44:07 [INFO] functional.test_timer_workflows: After repeat state: {'event': 'long_press_up', 't': '0:09', 'm': 'Counting', 'r': '0', 'p': '0', 'v': '0', 'd': '1', 'l': '0', 'c': '0'}
PASSED                                                                   [ 90%]
------------------------------ live log teardown -------------------------------
14:44:07 [INFO] functional.conftest: [basalt] Quitting app after test: test_hold_up_during_longer_alarm_repeats_timer[basalt]

test/functional/test_timer_workflows.py::TestRepeatTimerDuringAlarm::test_hold_up_during_longer_alarm_repeats_timer_old_method[basalt] 
-------------------------------- live log setup --------------------------------
14:44:08 [INFO] functional.conftest: [basalt] Opening app for test: test_hold_up_during_longer_alarm_repeats_timer_old_method[basalt]
14:44:08 [INFO] functional.conftest: [basalt] Opening app via install (preserving state)
14:44:08 [INFO] functional.conftest: [basalt] Installing app on emulator
14:44:11 [INFO] functional.conftest: [basalt] App installed and transport connected
14:44:11 [INFO] functional.conftest: [basalt] App opened via install
-------------------------------- live log call ---------------------------------
14:44:13 [INFO] functional.test_timer_workflows: Waiting for chrono mode...
14:44:19 [INFO] functional.test_timer_workflows: Waiting for edit mode to expire...
14:44:23 [INFO] functional.test_timer_workflows: Pressing Select to start 10-second timer...
14:44:23 [INFO] functional.test_timer_workflows: Waiting for alarm to start...
14:44:33 [INFO] functional.test_timer_workflows: Alarm started: {'event': 'alarm_start', 't': '0:00', 'm': 'Counting', 'r': '0', 'p': '0', 'v': '1', 'd': '1', 'l': '1', 'c': '1'}
14:44:35 [INFO] functional.test_timer_workflows: After repeat state: {'event': 'long_press_up', 't': '0:09', 'm': 'Counting', 'r': '0', 'p': '0', 'v': '0', 'd': '1', 'l': '0', 'c': '0'}
PASSED                                                                   [ 91%]
------------------------------ live log teardown -------------------------------
14:44:35 [INFO] functional.conftest: [basalt] Quitting app after test: test_hold_up_during_longer_alarm_repeats_timer_old_method[basalt]

test/functional/test_timer_workflows.py::TestSubMinuteTimerStaysPaused::test_sub_minute_timer_stays_paused_after_edit_expires[basalt] 
-------------------------------- live log setup --------------------------------
14:44:36 [INFO] functional.conftest: [basalt] Opening app for test: test_sub_minute_timer_stays_paused_after_edit_expires[basalt]
14:44:36 [INFO] functional.conftest: [basalt] Opening app via install (preserving state)
14:44:36 [INFO] functional.conftest: [basalt] Installing app on emulator
14:44:39 [INFO] functional.conftest: [basalt] App installed and transport connected
14:44:39 [INFO] functional.conftest: [basalt] App opened via install
-------------------------------- live log call ---------------------------------
14:44:41 [INFO] functional.test_timer_workflows: Waiting for chrono mode...
14:44:46 [INFO] functional.test_timer_workflows: Entered EditSec mode
14:44:52 [INFO] functional.test_timer_workflows: Waiting for edit mode to expire...
14:44:56 [INFO] functional.test_timer_workflows: After edit expired: {'event': 'mode_change', 't': '0:10', 'm': 'Counting', 'r': '0', 'p': '1', 'v': '0', 'd': '1', 'l': '0', 'c': '0'}
PASSED                                                                   [ 91%]
------------------------------ live log teardown -------------------------------
14:44:56 [INFO] functional.conftest: [basalt] Quitting app after test: test_sub_minute_timer_stays_paused_after_edit_expires[basalt]

test/functional/test_timer_workflows.py::TestMinuteAndSecondsTimerStaysPaused::test_minute_and_seconds_timer_stays_paused[basalt] 
-------------------------------- live log setup --------------------------------
14:44:57 [INFO] functional.conftest: [basalt] Opening app for test: test_minute_and_seconds_timer_stays_paused[basalt]
14:44:57 [INFO] functional.conftest: [basalt] Opening app via install (preserving state)
14:44:57 [INFO] functional.conftest: [basalt] Installing app on emulator
14:45:00 [INFO] functional.conftest: [basalt] App installed and transport connected
14:45:00 [INFO] functional.conftest: [basalt] App opened via install
-------------------------------- live log call ---------------------------------
14:45:08 [INFO] functional.test_timer_workflows: Entered EditSec mode at 0:00
14:45:19 [INFO] functional.test_timer_workflows: Waiting for edit mode to expire...
14:45:22 [INFO] functional.test_timer_workflows: After edit expired: {'event': 'mode_change', 't': '0:20', 'm': 'Counting', 'r': '0', 'p': '1', 'v': '0', 'd': '1', 'l': '0', 'c': '0'}
PASSED                                                                   [ 91%]
------------------------------ live log teardown -------------------------------
14:45:22 [INFO] functional.conftest: [basalt] Quitting app after test: test_minute_and_seconds_timer_stays_paused[basalt]

test/functional/test_timer_workflows.py::TestEditRepeatBackButton::test_back_button_resets_repeat_count_to_zero[basalt] 
-------------------------------- live log setup --------------------------------
14:45:24 [INFO] functional.conftest: [basalt] Opening app for test: test_back_button_resets_repeat_count_to_zero[basalt]
14:45:24 [INFO] functional.conftest: [basalt] Opening app via install (preserving state)
14:45:24 [INFO] functional.conftest: [basalt] Installing app on emulator
14:45:27 [INFO] functional.conftest: [basalt] App installed and transport connected
14:45:27 [INFO] functional.conftest: [basalt] App opened via install
-------------------------------- live log call ---------------------------------
14:45:28 [INFO] functional.test_timer_workflows: [basalt] Setting up 10s timer: waiting for chrono mode
14:45:39 [INFO] functional.test_timer_workflows: [basalt] Short timer set to 10s, waiting for expire
14:45:43 [INFO] functional.test_timer_workflows: [basalt] Short timer started, counting down from 10s
PASSED                                                                   [ 91%]
------------------------------ live log teardown -------------------------------
14:45:46 [INFO] functional.conftest: [basalt] Quitting app after test: test_back_button_resets_repeat_count_to_zero[basalt]

test/functional/test_timer_workflows.py::TestEditRunningTimer::test_edit_running_timer[chalk] 
-------------------------------- live log setup --------------------------------
14:45:48 [INFO] functional.test_timer_workflows: [basalt] Tearing down - killing emulator
SKIPPED (Skipping test for chalk since --platform=basalt was specified.) [ 92%]
test/functional/test_timer_workflows.py::TestSetShortTimer::test_set_4_second_timer[chalk] SKIPPED [ 92%]
test/functional/test_timer_workflows.py::TestSnoozeCompletedTimer::test_snooze_completed_timer[chalk] SKIPPED [ 92%]
test/functional/test_timer_workflows.py::TestRepeatCompletedTimer::test_repeat_completed_timer[chalk] SKIPPED [ 92%]
test/functional/test_timer_workflows.py::TestQuietAlarmBackButton::test_quiet_alarm_with_back_button[chalk] SKIPPED [ 92%]
test/functional/test_timer_workflows.py::TestPauseCompletedTimer::test_pause_completed_timer[chalk] SKIPPED [ 93%]
test/functional/test_timer_workflows.py::TestEditCompletedTimer::test_edit_completed_timer_add_minute[chalk] SKIPPED [ 93%]
test/functional/test_timer_workflows.py::TestEnableRepeatingTimer::test_enable_repeating_timer[chalk] SKIPPED [ 93%]
test/functional/test_timer_workflows.py::TestEditModeToggle::test_long_press_select_toggles_new_to_editsec[chalk] SKIPPED [ 93%]
test/functional/test_timer_workflows.py::TestEditModeToggle::test_long_press_select_toggles_editsec_to_new[chalk] SKIPPED [ 94%]
test/functional/test_timer_workflows.py::TestEditSecModeToggle::test_long_press_select_in_edit_sec_mode_toggles_to_new[chalk] SKIPPED [ 94%]
test/functional/test_timer_workflows.py::TestEditRepeatModeNoOp::test_long_press_select_in_edit_repeat_mode_does_nothing[chalk] SKIPPED [ 94%]
test/functional/test_timer_workflows.py::TestRepeatTimerDuringAlarm::test_hold_up_during_alarm_repeats_timer[chalk] SKIPPED [ 94%]
test/functional/test_timer_workflows.py::TestRepeatTimerDuringAlarm::test_hold_up_during_longer_alarm_repeats_timer[chalk] SKIPPED [ 95%]
test/functional/test_timer_workflows.py::TestRepeatTimerDuringAlarm::test_hold_up_during_longer_alarm_repeats_timer_old_method[chalk] SKIPPED [ 95%]
test/functional/test_timer_workflows.py::TestSubMinuteTimerStaysPaused::test_sub_minute_timer_stays_paused_after_edit_expires[chalk] SKIPPED [ 95%]
test/functional/test_timer_workflows.py::TestMinuteAndSecondsTimerStaysPaused::test_minute_and_seconds_timer_stays_paused[chalk] SKIPPED [ 95%]
test/functional/test_timer_workflows.py::TestEditRepeatBackButton::test_back_button_resets_repeat_count_to_zero[chalk] SKIPPED [ 95%]
test/functional/test_timer_workflows.py::TestEditRunningTimer::test_edit_running_timer[diorite] SKIPPED [ 96%]
test/functional/test_timer_workflows.py::TestSetShortTimer::test_set_4_second_timer[diorite] SKIPPED [ 96%]
test/functional/test_timer_workflows.py::TestSnoozeCompletedTimer::test_snooze_completed_timer[diorite] SKIPPED [ 96%]
test/functional/test_timer_workflows.py::TestRepeatCompletedTimer::test_repeat_completed_timer[diorite] SKIPPED [ 96%]
test/functional/test_timer_workflows.py::TestQuietAlarmBackButton::test_quiet_alarm_with_back_button[diorite] SKIPPED [ 97%]
test/functional/test_timer_workflows.py::TestPauseCompletedTimer::test_pause_completed_timer[diorite] SKIPPED [ 97%]
test/functional/test_timer_workflows.py::TestEditCompletedTimer::test_edit_completed_timer_add_minute[diorite] SKIPPED [ 97%]
test/functional/test_timer_workflows.py::TestEnableRepeatingTimer::test_enable_repeating_timer[diorite] SKIPPED [ 97%]
test/functional/test_timer_workflows.py::TestEditModeToggle::test_long_press_select_toggles_new_to_editsec[diorite] SKIPPED [ 97%]
test/functional/test_timer_workflows.py::TestEditModeToggle::test_long_press_select_toggles_editsec_to_new[diorite] SKIPPED [ 98%]
test/functional/test_timer_workflows.py::TestEditSecModeToggle::test_long_press_select_in_edit_sec_mode_toggles_to_new[diorite] SKIPPED [ 98%]
test/functional/test_timer_workflows.py::TestEditRepeatModeNoOp::test_long_press_select_in_edit_repeat_mode_does_nothing[diorite] SKIPPED [ 98%]
test/functional/test_timer_workflows.py::TestRepeatTimerDuringAlarm::test_hold_up_during_alarm_repeats_timer[diorite] SKIPPED [ 98%]
test/functional/test_timer_workflows.py::TestRepeatTimerDuringAlarm::test_hold_up_during_longer_alarm_repeats_timer[diorite] SKIPPED [ 99%]
test/functional/test_timer_workflows.py::TestRepeatTimerDuringAlarm::test_hold_up_during_longer_alarm_repeats_timer_old_method[diorite] SKIPPED [ 99%]
test/functional/test_timer_workflows.py::TestSubMinuteTimerStaysPaused::test_sub_minute_timer_stays_paused_after_edit_expires[diorite] SKIPPED [ 99%]
test/functional/test_timer_workflows.py::TestMinuteAndSecondsTimerStaysPaused::test_minute_and_seconds_timer_stays_paused[diorite] SKIPPED [ 99%]
test/functional/test_timer_workflows.py::TestEditRepeatBackButton::test_back_button_resets_repeat_count_to_zero[diorite] SKIPPED [100%]

=================================== FAILURES ===================================
___ TestRepeatCounterVisibility.test_editrepeat_shows_repeat_counter[basalt] ___

self = <functional.test_repeat_counter_visibility.TestRepeatCounterVisibility object at 0x788c3aab33d0>
persistent_emulator = <functional.conftest.EmulatorHelper object at 0x788c38b69150>

    def test_editrepeat_shows_repeat_counter(self, persistent_emulator):
        """Verify repeat counter indicator is visible in EditRepeat mode.
    
        When in EditRepeat mode, the repeat counter should be visible (flashing).
        This is a prerequisite for the icon overlap fix.
        """
        emulator = persistent_emulator
        platform = emulator.platform
    
        # Set up timer and enter EditRepeat with repeats
        screenshot = self._setup_repeating_timer(emulator)
    
        # Save screenshot for visual inspection
        screenshot_path = SCREENSHOTS_DIR / f"test_repeat_counter_{platform}_editrepeat.png"
        screenshot.save(screenshot_path)
        logger.info(f"Screenshot saved: {screenshot_path}")
    
        # In EditRepeat mode with repeat_count > 1, the UP region should show
        # the +20 repeats icon, NOT the +20 minutes icon
        region = get_region(platform, "UP")
    
        # Verify there's content in the UP region (either +20 repeats or repeat indicator)
>       assert has_icon_content(screenshot, region), (
            f"Expected icon content in UP region in EditRepeat mode with repeats"
        )
E       AssertionError: Expected icon content in UP region in EditRepeat mode with repeats
E       assert False
E        +  where False = has_icon_content(<PIL.PngImagePlugin.PngImageFile image mode=RGBA size=144x168 at 0x788C3ADFF670>, (109, 5, 144, 40))

test/functional/test_repeat_counter_visibility.py:174: AssertionError
------------------------------ Captured log setup ------------------------------
14:36:06 [INFO] functional.conftest: [basalt] Starting warm-up cycle to clear stale state
14:36:11 [INFO] functional.conftest: [basalt] Installing app on emulator
14:36:19 [INFO] functional.conftest: [basalt] App installed and transport connected
14:36:19 [INFO] functional.conftest: [basalt] Waiting for emulator to stabilize (2s)
14:36:21 [INFO] functional.conftest: [basalt] Holding down button to quit app and set persist state
14:36:23 [INFO] functional.conftest: [basalt] App quit via long press, persist state set
14:36:23 [INFO] functional.conftest: [basalt] Emulator ready for tests
14:36:23 [INFO] functional.conftest: [basalt] Opening app for test: test_editrepeat_shows_repeat_counter[basalt]
14:36:23 [INFO] functional.conftest: [basalt] Opening app via install (preserving state)
14:36:23 [INFO] functional.conftest: [basalt] Installing app on emulator
14:36:26 [INFO] functional.conftest: [basalt] App installed and transport connected
14:36:26 [INFO] functional.conftest: [basalt] App opened via install
------------------------------ Captured log call -------------------------------
14:36:36 [INFO] functional.test_repeat_counter_visibility: Screenshot saved: /home/jared/Workspace/pebble-timer-quick/test/functional/screenshots/test_repeat_counter_basalt_editrepeat.png
---------------------------- Captured log teardown -----------------------------
14:36:36 [INFO] functional.conftest: [basalt] Quitting app after test: test_editrepeat_shows_repeat_counter[basalt]
=============================== warnings summary ===============================
test_create_timer.py::TestCreateTimer::test_initial_state_shows_new[basalt]
  /home/jared/Workspace/pebble-timer-quick/conda-env/lib/python3.10/site-packages/easyocr/detection.py:81: DeprecationWarning: torch.ao.quantization is deprecated and will be removed in 2.10. 
  For migrations of users: 
  1. Eager mode quantization (torch.ao.quantization.quantize, torch.ao.quantization.quantize_dynamic), please migrate to use torchao eager mode quantize_ API instead 
  2. FX graph mode quantization (torch.ao.quantization.quantize_fx.prepare_fx,torch.ao.quantization.quantize_fx.convert_fx, please migrate to use torchao pt2e quantization API instead (prepare_pt2e, convert_pt2e) 
  3. pt2e quantization has been migrated to torchao (https://github.com/pytorch/ao/tree/main/torchao/quantization/pt2e) 
  see https://github.com/pytorch/ao/issues/2259 for more details
    torch.quantization.quantize_dynamic(net, dtype=torch.qint8, inplace=True)

test_create_timer.py::TestCreateTimer::test_initial_state_shows_new[basalt]
test_create_timer.py::TestCreateTimer::test_initial_state_shows_new[basalt]
  /home/jared/Workspace/pebble-timer-quick/conda-env/lib/python3.10/site-packages/torch/ao/quantization/quantize.py:570: DeprecationWarning: torch.ao.quantization is deprecated and will be removed in 2.10. 
  For migrations of users: 
  1. Eager mode quantization (torch.ao.quantization.quantize, torch.ao.quantization.quantize_dynamic), please migrate to use torchao eager mode quantize_ API instead 
  2. FX graph mode quantization (torch.ao.quantization.quantize_fx.prepare_fx,torch.ao.quantization.quantize_fx.convert_fx, please migrate to use torchao pt2e quantization API instead (prepare_pt2e, convert_pt2e) 
  3. pt2e quantization has been migrated to torchao (https://github.com/pytorch/ao/tree/main/torchao/quantization/pt2e) 
  see https://github.com/pytorch/ao/issues/2259 for more details
    convert(model, mapping, inplace=True)

test_create_timer.py::TestCreateTimer::test_initial_state_shows_new[basalt]
  /home/jared/Workspace/pebble-timer-quick/conda-env/lib/python3.10/site-packages/easyocr/recognition.py:177: DeprecationWarning: torch.ao.quantization is deprecated and will be removed in 2.10. 
  For migrations of users: 
  1. Eager mode quantization (torch.ao.quantization.quantize, torch.ao.quantization.quantize_dynamic), please migrate to use torchao eager mode quantize_ API instead 
  2. FX graph mode quantization (torch.ao.quantization.quantize_fx.prepare_fx,torch.ao.quantization.quantize_fx.convert_fx, please migrate to use torchao pt2e quantization API instead (prepare_pt2e, convert_pt2e) 
  3. pt2e quantization has been migrated to torchao (https://github.com/pytorch/ao/tree/main/torchao/quantization/pt2e) 
  see https://github.com/pytorch/ao/issues/2259 for more details
    torch.quantization.quantize_dynamic(model, dtype=torch.qint8, inplace=True)

test_create_timer.py::TestCreateTimer::test_initial_state_shows_new[basalt]
test_create_timer.py::TestCreateTimer::test_down_button_increments_minutes[basalt]
test_create_timer.py::TestButtonPresses::test_select_button_increments_5_minutes[basalt]
test_create_timer.py::TestTimerCountdown::test_timer_counts_down[basalt]
test_create_timer.py::TestChronoMode::test_chrono_mode_counts_up[basalt]
test_create_timer.py::TestLongPressReset::test_long_press_select_resets_timer[basalt]
test_timer_workflows.py::TestSetShortTimer::test_set_4_second_timer[basalt]
  /home/jared/Workspace/pebble-timer-quick/conda-env/lib/python3.10/site-packages/torch/utils/data/dataloader.py:775: UserWarning: 'pin_memory' argument is set as true but no accelerator is found, then device pinned memory won't be used.
    super().__init__(loader)

-- Docs: https://docs.pytest.org/en/stable/how-to/capture-warnings.html
=========================== short test summary info ============================
FAILED test/functional/test_repeat_counter_visibility.py::TestRepeatCounterVisibility::test_editrepeat_shows_repeat_counter[basalt]
===== 1 failed, 105 passed, 334 skipped, 11 warnings in 1800.40s (0:30:00) =====
