============================= test session starts ==============================
platform linux -- Python 3.10.19, pytest-9.0.2, pluggy-1.6.0 -- /home/jared/Workspace/pebble-timer-quick/conda-env/bin/python3.10
cachedir: .pytest_cache
rootdir: /home/jared/Workspace/pebble-timer-quick/test/functional
configfile: pytest.ini
plugins: anyio-4.12.1
collecting ... collected 372 items

test/functional/test_backlight.py::TestBacklight::test_backlight_on_in_edit_mode[aplite] SKIPPED [  0%]
test/functional/test_backlight.py::TestBacklight::test_backlight_off_in_counting_mode[aplite] SKIPPED [  0%]
test/functional/test_backlight.py::TestBacklight::test_backlight_on_during_alarm[aplite] SKIPPED [  0%]
test/functional/test_backlight.py::TestBacklight::test_backlight_on_in_edit_sec_mode[aplite] SKIPPED [  1%]
test/functional/test_backlight.py::TestBacklight::test_backlight_on_in_edit_repeat_mode[aplite] SKIPPED [  1%]
test/functional/test_backlight.py::TestBacklight::test_backlight_stays_on_when_silencing_to_edit_mode[aplite] SKIPPED [  1%]
test/functional/test_backlight.py::TestBacklight::test_backlight_on_in_edit_mode[basalt] 
-------------------------------- live log setup --------------------------------
13:13:56 [INFO] functional.conftest: [basalt] Starting warm-up cycle to clear stale state
13:14:00 [INFO] functional.conftest: [basalt] Installing app on emulator
13:14:08 [INFO] functional.conftest: [basalt] App installed and transport connected
13:14:08 [INFO] functional.conftest: [basalt] Waiting for emulator to stabilize (2s)
13:14:09 [INFO] pebble_tool.util.updates: Update check failed: 404 (Not Found)
13:14:10 [INFO] functional.conftest: [basalt] Holding down button to quit app and set persist state
13:14:12 [INFO] functional.conftest: [basalt] App quit via long press, persist state set
13:14:12 [INFO] functional.conftest: [basalt] Emulator ready for tests
13:14:12 [INFO] functional.conftest: [basalt] Opening app for test: test_backlight_on_in_edit_mode[basalt]
13:14:12 [INFO] functional.conftest: [basalt] Opening app via install (preserving state)
13:14:12 [INFO] functional.conftest: [basalt] Installing app on emulator
13:14:15 [INFO] functional.conftest: [basalt] App installed and transport connected
13:14:15 [INFO] functional.conftest: [basalt] App opened via install
PASSED                                                                   [  1%]
------------------------------ live log teardown -------------------------------
13:14:17 [INFO] functional.conftest: [basalt] Quitting app after test: test_backlight_on_in_edit_mode[basalt]

test/functional/test_backlight.py::TestBacklight::test_backlight_off_in_counting_mode[basalt] 
-------------------------------- live log setup --------------------------------
13:14:19 [INFO] functional.conftest: [basalt] Opening app for test: test_backlight_off_in_counting_mode[basalt]
13:14:19 [INFO] functional.conftest: [basalt] Opening app via install (preserving state)
13:14:19 [INFO] functional.conftest: [basalt] Installing app on emulator
13:14:22 [INFO] functional.conftest: [basalt] App installed and transport connected
13:14:22 [INFO] functional.conftest: [basalt] App opened via install
PASSED                                                                   [  2%]
------------------------------ live log teardown -------------------------------
13:14:27 [INFO] functional.conftest: [basalt] Quitting app after test: test_backlight_off_in_counting_mode[basalt]

test/functional/test_backlight.py::TestBacklight::test_backlight_on_during_alarm[basalt] 
-------------------------------- live log setup --------------------------------
13:14:29 [INFO] functional.conftest: [basalt] Opening app for test: test_backlight_on_during_alarm[basalt]
13:14:29 [INFO] functional.conftest: [basalt] Opening app via install (preserving state)
13:14:29 [INFO] functional.conftest: [basalt] Installing app on emulator
13:14:32 [INFO] functional.conftest: [basalt] App installed and transport connected
13:14:32 [INFO] functional.conftest: [basalt] App opened via install
PASSED                                                                   [  2%]
------------------------------ live log teardown -------------------------------
13:14:49 [INFO] functional.conftest: [basalt] Quitting app after test: test_backlight_on_during_alarm[basalt]

test/functional/test_backlight.py::TestBacklight::test_backlight_on_in_edit_sec_mode[basalt] 
-------------------------------- live log setup --------------------------------
13:14:51 [INFO] functional.conftest: [basalt] Opening app for test: test_backlight_on_in_edit_sec_mode[basalt]
13:14:51 [INFO] functional.conftest: [basalt] Opening app via install (preserving state)
13:14:51 [INFO] functional.conftest: [basalt] Installing app on emulator
13:14:54 [INFO] functional.conftest: [basalt] App installed and transport connected
13:14:54 [INFO] functional.conftest: [basalt] App opened via install
PASSED                                                                   [  2%]
------------------------------ live log teardown -------------------------------
13:14:56 [INFO] functional.conftest: [basalt] Quitting app after test: test_backlight_on_in_edit_sec_mode[basalt]

test/functional/test_backlight.py::TestBacklight::test_backlight_on_in_edit_repeat_mode[basalt] 
-------------------------------- live log setup --------------------------------
13:14:58 [INFO] functional.conftest: [basalt] Opening app for test: test_backlight_on_in_edit_repeat_mode[basalt]
13:14:58 [INFO] functional.conftest: [basalt] Opening app via install (preserving state)
13:14:58 [INFO] functional.conftest: [basalt] Installing app on emulator
13:15:01 [INFO] functional.conftest: [basalt] App installed and transport connected
13:15:01 [INFO] functional.conftest: [basalt] App opened via install
PASSED                                                                   [  2%]
------------------------------ live log teardown -------------------------------
13:15:07 [INFO] functional.conftest: [basalt] Quitting app after test: test_backlight_on_in_edit_repeat_mode[basalt]

test/functional/test_backlight.py::TestBacklight::test_backlight_stays_on_when_silencing_to_edit_mode[basalt] 
-------------------------------- live log setup --------------------------------
13:15:09 [INFO] functional.conftest: [basalt] Opening app for test: test_backlight_stays_on_when_silencing_to_edit_mode[basalt]
13:15:09 [INFO] functional.conftest: [basalt] Opening app via install (preserving state)
13:15:09 [INFO] functional.conftest: [basalt] Installing app on emulator
13:15:12 [INFO] functional.conftest: [basalt] App installed and transport connected
13:15:12 [INFO] functional.conftest: [basalt] App opened via install
PASSED                                                                   [  3%]
------------------------------ live log teardown -------------------------------
13:15:24 [INFO] functional.conftest: [basalt] Quitting app after test: test_backlight_stays_on_when_silencing_to_edit_mode[basalt]

test/functional/test_backlight.py::TestBacklight::test_backlight_on_in_edit_mode[chalk] 
-------------------------------- live log setup --------------------------------
13:15:25 [INFO] functional.conftest: [basalt] Tearing down - killing emulator
SKIPPED (Skipping test for chalk since --platform=basalt was specified.) [  3%]
test/functional/test_backlight.py::TestBacklight::test_backlight_off_in_counting_mode[chalk] SKIPPED [  3%]
test/functional/test_backlight.py::TestBacklight::test_backlight_on_during_alarm[chalk] SKIPPED [  4%]
test/functional/test_backlight.py::TestBacklight::test_backlight_on_in_edit_sec_mode[chalk] SKIPPED [  4%]
test/functional/test_backlight.py::TestBacklight::test_backlight_on_in_edit_repeat_mode[chalk] SKIPPED [  4%]
test/functional/test_backlight.py::TestBacklight::test_backlight_stays_on_when_silencing_to_edit_mode[chalk] SKIPPED [  4%]
test/functional/test_backlight.py::TestBacklight::test_backlight_on_in_edit_mode[diorite] SKIPPED [  5%]
test/functional/test_backlight.py::TestBacklight::test_backlight_off_in_counting_mode[diorite] SKIPPED [  5%]
test/functional/test_backlight.py::TestBacklight::test_backlight_on_during_alarm[diorite] SKIPPED [  5%]
test/functional/test_backlight.py::TestBacklight::test_backlight_on_in_edit_sec_mode[diorite] SKIPPED [  5%]
test/functional/test_backlight.py::TestBacklight::test_backlight_on_in_edit_repeat_mode[diorite] SKIPPED [  6%]
test/functional/test_backlight.py::TestBacklight::test_backlight_stays_on_when_silencing_to_edit_mode[diorite] SKIPPED [  6%]
test/functional/test_button_icons.py::TestAlarmIcons::test_alarm_back_icon_silence[aplite] SKIPPED [  6%]
test/functional/test_button_icons.py::TestAlarmIcons::test_alarm_up_icon_edit[aplite] SKIPPED [  6%]
test/functional/test_button_icons.py::TestAlarmIcons::test_alarm_long_up_icon_reset[aplite] SKIPPED [  7%]
test/functional/test_button_icons.py::TestAlarmIcons::test_alarm_select_icon_pause[aplite] SKIPPED [  7%]
test/functional/test_button_icons.py::TestAlarmIcons::test_alarm_down_icon_snooze[aplite] SKIPPED [  7%]
test/functional/test_button_icons.py::TestNewModeIcons::test_new_back_icon[aplite] SKIPPED [  8%]
test/functional/test_button_icons.py::TestNewModeIcons::test_new_up_icon[aplite] SKIPPED [  8%]
test/functional/test_button_icons.py::TestNewModeIcons::test_new_select_icon[aplite] SKIPPED [  8%]
test/functional/test_button_icons.py::TestNewModeIcons::test_new_down_icon[aplite] SKIPPED [  8%]
test/functional/test_button_icons.py::TestNewModeIcons::test_new_long_up_direction_toggle[aplite] SKIPPED [  9%]
test/functional/test_button_icons.py::TestNewModeIcons::test_new_long_select_icon[aplite] SKIPPED [  9%]
test/functional/test_button_icons.py::TestNewModeIcons::test_new_long_down_icon[aplite] SKIPPED [  9%]
test/functional/test_button_icons.py::TestEditSecIcons::test_editsec_back_icon[aplite] SKIPPED [  9%]
test/functional/test_button_icons.py::TestEditSecIcons::test_editsec_up_icon[aplite] SKIPPED [ 10%]
test/functional/test_button_icons.py::TestEditSecIcons::test_editsec_select_icon[aplite] SKIPPED [ 10%]
test/functional/test_button_icons.py::TestEditSecIcons::test_editsec_down_icon[aplite] SKIPPED [ 10%]
test/functional/test_button_icons.py::TestEditSecIcons::test_editsec_long_up_direction_toggle[aplite] SKIPPED [ 11%]
test/functional/test_button_icons.py::TestCountingIcons::test_counting_back_icon[aplite] SKIPPED [ 11%]
test/functional/test_button_icons.py::TestCountingIcons::test_counting_up_icon[aplite] SKIPPED [ 11%]
test/functional/test_button_icons.py::TestCountingIcons::test_counting_select_icon[aplite] SKIPPED [ 11%]
test/functional/test_button_icons.py::TestCountingIcons::test_counting_down_icon[aplite] SKIPPED [ 12%]
test/functional/test_button_icons.py::TestCountingIcons::test_counting_long_up_icon[aplite] SKIPPED [ 12%]
test/functional/test_button_icons.py::TestCountingIcons::test_counting_long_select_icon[aplite] SKIPPED [ 12%]
test/functional/test_button_icons.py::TestCountingIcons::test_counting_long_down_icon[aplite] SKIPPED [ 12%]
test/functional/test_button_icons.py::TestPausedIcons::test_paused_select_icon_play[aplite] SKIPPED [ 13%]
test/functional/test_button_icons.py::TestChronoIcons::test_chrono_select_icon[aplite] SKIPPED [ 13%]
test/functional/test_button_icons.py::TestChronoIcons::test_chrono_long_select_icon[aplite] SKIPPED [ 13%]
test/functional/test_button_icons.py::TestEditRepeatIcons::test_editrepeat_back_icon[aplite] SKIPPED [ 13%]
test/functional/test_button_icons.py::TestEditRepeatIcons::test_editrepeat_up_icon[aplite] SKIPPED [ 14%]
test/functional/test_button_icons.py::TestEditRepeatIcons::test_editrepeat_select_icon[aplite] SKIPPED [ 14%]
test/functional/test_button_icons.py::TestEditRepeatIcons::test_editrepeat_down_icon[aplite] SKIPPED [ 14%]
test/functional/test_button_icons.py::TestAlarmIcons::test_alarm_back_icon_silence[basalt] 
-------------------------------- live log setup --------------------------------
13:15:26 [INFO] functional.test_button_icons: [basalt] Starting warm-up cycle
13:15:30 [INFO] functional.conftest: [basalt] Installing app on emulator
13:15:38 [INFO] functional.conftest: [basalt] App installed and transport connected
13:15:38 [INFO] functional.test_button_icons: [basalt] Waiting for emulator to stabilize (2s)
13:15:40 [INFO] functional.test_button_icons: [basalt] Holding down button to quit app and set persist state
13:15:42 [INFO] functional.test_button_icons: [basalt] Emulator ready for tests
13:15:42 [INFO] functional.conftest: [basalt] Opening app for test: test_alarm_back_icon_silence[basalt]
13:15:42 [INFO] functional.conftest: [basalt] Opening app via install (preserving state)
13:15:42 [INFO] functional.conftest: [basalt] Installing app on emulator
13:15:46 [INFO] functional.conftest: [basalt] App installed and transport connected
13:15:46 [INFO] functional.conftest: [basalt] App opened via install
-------------------------------- live log call ---------------------------------
13:15:47 [INFO] functional.test_button_icons: [basalt] Setting up 4s timer for icon test
13:15:54 [INFO] functional.test_button_icons: [basalt] Short timer set to 4s, waiting for expire
13:15:59 [INFO] functional.test_button_icons: [basalt] Short timer started, counting down from 4s
13:16:05 [INFO] functional.test_button_icons: All captured states: [{'event': 'mode_change', 't': '0:03', 'm': 'Counting', 'r': '0', 'p': '0', 'v': '0', 'd': '1', 'l': '0'}, {'event': 'button_up', 't': '0:05', 'm': 'New', 'r': '0', 'p': '0', 'v': '0', 'd': '1', 'l': '1'}, {'event': 'long_press_select', 't': '0:00', 'm': 'EditSec', 'r': '0', 'p': '1', 'v': '0', 'd': '1', 'l': '1'}, {'event': 'button_down', 't': '0:01', 'm': 'EditSec', 'r': '0', 'p': '1', 'v': '0', 'd': '1', 'l': '1'}, {'event': 'button_down', 't': '0:02', 'm': 'EditSec', 'r': '0', 'p': '1', 'v': '0', 'd': '1', 'l': '1'}, {'event': 'button_down', 't': '0:03', 'm': 'EditSec', 'r': '0', 'p': '1', 'v': '0', 'd': '1', 'l': '1'}, {'event': 'button_down', 't': '0:04', 'm': 'EditSec', 'r': '0', 'p': '1', 'v': '0', 'd': '1', 'l': '1'}, {'event': 'mode_change', 't': '0:04', 'm': 'Counting', 'r': '0', 'p': '1', 'v': '0', 'd': '1', 'l': '0'}, {'event': 'button_select', 't': '0:04', 'm': 'Counting', 'r': '0', 'p': '0', 'v': '0', 'd': '1', 'l': '0'}, {'event': 'alarm_start', 't': '0:00', 'm': 'Counting', 'r': '0', 'p': '0', 'v': '1', 'd': '1', 'l': '1'}]
PASSED                                                                   [ 15%]
------------------------------ live log teardown -------------------------------
13:16:05 [INFO] functional.conftest: [basalt] Quitting app after test: test_alarm_back_icon_silence[basalt]

test/functional/test_button_icons.py::TestAlarmIcons::test_alarm_up_icon_edit[basalt] 
-------------------------------- live log setup --------------------------------
13:16:07 [INFO] functional.conftest: [basalt] Opening app for test: test_alarm_up_icon_edit[basalt]
13:16:07 [INFO] functional.conftest: [basalt] Opening app via install (preserving state)
13:16:07 [INFO] functional.conftest: [basalt] Installing app on emulator
13:16:10 [INFO] functional.conftest: [basalt] App installed and transport connected
13:16:10 [INFO] functional.conftest: [basalt] App opened via install
-------------------------------- live log call ---------------------------------
13:16:11 [INFO] functional.test_button_icons: [basalt] Setting up 4s timer for icon test
13:16:18 [INFO] functional.test_button_icons: [basalt] Short timer set to 4s, waiting for expire
13:16:22 [INFO] functional.test_button_icons: [basalt] Short timer started, counting down from 4s
PASSED                                                                   [ 15%]
------------------------------ live log teardown -------------------------------
13:16:29 [INFO] functional.conftest: [basalt] Quitting app after test: test_alarm_up_icon_edit[basalt]

test/functional/test_button_icons.py::TestAlarmIcons::test_alarm_long_up_icon_reset[basalt] 
-------------------------------- live log setup --------------------------------
13:16:30 [INFO] functional.conftest: [basalt] Opening app for test: test_alarm_long_up_icon_reset[basalt]
13:16:30 [INFO] functional.conftest: [basalt] Opening app via install (preserving state)
13:16:30 [INFO] functional.conftest: [basalt] Installing app on emulator
13:16:34 [INFO] functional.conftest: [basalt] App installed and transport connected
13:16:34 [INFO] functional.conftest: [basalt] App opened via install
-------------------------------- live log call ---------------------------------
13:16:34 [INFO] functional.test_button_icons: [basalt] Setting up 4s timer for icon test
13:16:41 [INFO] functional.test_button_icons: [basalt] Short timer set to 4s, waiting for expire
13:16:46 [INFO] functional.test_button_icons: [basalt] Short timer started, counting down from 4s
PASSED                                                                   [ 15%]
------------------------------ live log teardown -------------------------------
13:16:52 [INFO] functional.conftest: [basalt] Quitting app after test: test_alarm_long_up_icon_reset[basalt]

test/functional/test_button_icons.py::TestAlarmIcons::test_alarm_select_icon_pause[basalt] 
-------------------------------- live log setup --------------------------------
13:16:54 [INFO] functional.conftest: [basalt] Opening app for test: test_alarm_select_icon_pause[basalt]
13:16:54 [INFO] functional.conftest: [basalt] Opening app via install (preserving state)
13:16:54 [INFO] functional.conftest: [basalt] Installing app on emulator
13:16:57 [INFO] functional.conftest: [basalt] App installed and transport connected
13:16:57 [INFO] functional.conftest: [basalt] App opened via install
-------------------------------- live log call ---------------------------------
13:16:58 [INFO] functional.test_button_icons: [basalt] Setting up 4s timer for icon test
13:17:05 [INFO] functional.test_button_icons: [basalt] Short timer set to 4s, waiting for expire
13:17:09 [INFO] functional.test_button_icons: [basalt] Short timer started, counting down from 4s
PASSED                                                                   [ 15%]
------------------------------ live log teardown -------------------------------
13:17:16 [INFO] functional.conftest: [basalt] Quitting app after test: test_alarm_select_icon_pause[basalt]

test/functional/test_button_icons.py::TestAlarmIcons::test_alarm_down_icon_snooze[basalt] 
-------------------------------- live log setup --------------------------------
13:17:17 [INFO] functional.conftest: [basalt] Opening app for test: test_alarm_down_icon_snooze[basalt]
13:17:17 [INFO] functional.conftest: [basalt] Opening app via install (preserving state)
13:17:17 [INFO] functional.conftest: [basalt] Installing app on emulator
13:17:21 [INFO] functional.conftest: [basalt] App installed and transport connected
13:17:21 [INFO] functional.conftest: [basalt] App opened via install
-------------------------------- live log call ---------------------------------
13:17:21 [INFO] functional.test_button_icons: [basalt] Setting up 4s timer for icon test
13:17:28 [INFO] functional.test_button_icons: [basalt] Short timer set to 4s, waiting for expire
13:17:33 [INFO] functional.test_button_icons: [basalt] Short timer started, counting down from 4s
PASSED                                                                   [ 16%]
------------------------------ live log teardown -------------------------------
13:17:39 [INFO] functional.conftest: [basalt] Quitting app after test: test_alarm_down_icon_snooze[basalt]

test/functional/test_button_icons.py::TestNewModeIcons::test_new_back_icon[basalt] 
-------------------------------- live log setup --------------------------------
13:17:41 [INFO] functional.conftest: [basalt] Opening app for test: test_new_back_icon[basalt]
13:17:41 [INFO] functional.conftest: [basalt] Opening app via install (preserving state)
13:17:41 [INFO] functional.conftest: [basalt] Installing app on emulator
13:17:44 [INFO] functional.conftest: [basalt] App installed and transport connected
13:17:44 [INFO] functional.conftest: [basalt] App opened via install
PASSED                                                                   [ 16%]
------------------------------ live log teardown -------------------------------
13:17:46 [INFO] functional.conftest: [basalt] Quitting app after test: test_new_back_icon[basalt]

test/functional/test_button_icons.py::TestNewModeIcons::test_new_up_icon[basalt] 
-------------------------------- live log setup --------------------------------
13:17:48 [INFO] functional.conftest: [basalt] Opening app for test: test_new_up_icon[basalt]
13:17:48 [INFO] functional.conftest: [basalt] Opening app via install (preserving state)
13:17:48 [INFO] functional.conftest: [basalt] Installing app on emulator
13:17:51 [INFO] functional.conftest: [basalt] App installed and transport connected
13:17:51 [INFO] functional.conftest: [basalt] App opened via install
PASSED                                                                   [ 16%]
------------------------------ live log teardown -------------------------------
13:17:52 [INFO] functional.conftest: [basalt] Quitting app after test: test_new_up_icon[basalt]

test/functional/test_button_icons.py::TestNewModeIcons::test_new_select_icon[basalt] 
-------------------------------- live log setup --------------------------------
13:17:54 [INFO] functional.conftest: [basalt] Opening app for test: test_new_select_icon[basalt]
13:17:54 [INFO] functional.conftest: [basalt] Opening app via install (preserving state)
13:17:54 [INFO] functional.conftest: [basalt] Installing app on emulator
13:17:57 [INFO] functional.conftest: [basalt] App installed and transport connected
13:17:57 [INFO] functional.conftest: [basalt] App opened via install
PASSED                                                                   [ 16%]
------------------------------ live log teardown -------------------------------
13:17:59 [INFO] functional.conftest: [basalt] Quitting app after test: test_new_select_icon[basalt]

test/functional/test_button_icons.py::TestNewModeIcons::test_new_down_icon[basalt] 
-------------------------------- live log setup --------------------------------
13:18:01 [INFO] functional.conftest: [basalt] Opening app for test: test_new_down_icon[basalt]
13:18:01 [INFO] functional.conftest: [basalt] Opening app via install (preserving state)
13:18:01 [INFO] functional.conftest: [basalt] Installing app on emulator
13:18:04 [INFO] functional.conftest: [basalt] App installed and transport connected
13:18:04 [INFO] functional.conftest: [basalt] App opened via install
PASSED                                                                   [ 17%]
------------------------------ live log teardown -------------------------------
13:18:05 [INFO] functional.conftest: [basalt] Quitting app after test: test_new_down_icon[basalt]

test/functional/test_button_icons.py::TestNewModeIcons::test_new_long_up_direction_toggle[basalt] 
-------------------------------- live log setup --------------------------------
13:18:07 [INFO] functional.conftest: [basalt] Opening app for test: test_new_long_up_direction_toggle[basalt]
13:18:07 [INFO] functional.conftest: [basalt] Opening app via install (preserving state)
13:18:07 [INFO] functional.conftest: [basalt] Installing app on emulator
13:18:10 [INFO] functional.conftest: [basalt] App installed and transport connected
13:18:10 [INFO] functional.conftest: [basalt] App opened via install
PASSED                                                                   [ 17%]
------------------------------ live log teardown -------------------------------
13:18:12 [INFO] functional.conftest: [basalt] Quitting app after test: test_new_long_up_direction_toggle[basalt]

test/functional/test_button_icons.py::TestNewModeIcons::test_new_long_select_icon[basalt] 
-------------------------------- live log setup --------------------------------
13:18:14 [INFO] functional.conftest: [basalt] Opening app for test: test_new_long_select_icon[basalt]
13:18:14 [INFO] functional.conftest: [basalt] Opening app via install (preserving state)
13:18:14 [INFO] functional.conftest: [basalt] Installing app on emulator
13:18:17 [INFO] functional.conftest: [basalt] App installed and transport connected
13:18:17 [INFO] functional.conftest: [basalt] App opened via install
SKIPPED (Long press select icon disabled due to display overlap (see...) [ 17%]
------------------------------ live log teardown -------------------------------
13:18:17 [INFO] functional.conftest: [basalt] Quitting app after test: test_new_long_select_icon[basalt]

test/functional/test_button_icons.py::TestNewModeIcons::test_new_long_down_icon[basalt] 
-------------------------------- live log setup --------------------------------
13:18:19 [INFO] functional.conftest: [basalt] Opening app for test: test_new_long_down_icon[basalt]
13:18:19 [INFO] functional.conftest: [basalt] Opening app via install (preserving state)
13:18:19 [INFO] functional.conftest: [basalt] Installing app on emulator
13:18:22 [INFO] functional.conftest: [basalt] App installed and transport connected
13:18:22 [INFO] functional.conftest: [basalt] App opened via install
PASSED                                                                   [ 18%]
------------------------------ live log teardown -------------------------------
13:18:24 [INFO] functional.conftest: [basalt] Quitting app after test: test_new_long_down_icon[basalt]

test/functional/test_button_icons.py::TestEditSecIcons::test_editsec_back_icon[basalt] 
-------------------------------- live log setup --------------------------------
13:18:26 [INFO] functional.conftest: [basalt] Opening app for test: test_editsec_back_icon[basalt]
13:18:26 [INFO] functional.conftest: [basalt] Opening app via install (preserving state)
13:18:26 [INFO] functional.conftest: [basalt] Installing app on emulator
13:18:29 [INFO] functional.conftest: [basalt] App installed and transport connected
13:18:29 [INFO] functional.conftest: [basalt] App opened via install
PASSED                                                                   [ 18%]
------------------------------ live log teardown -------------------------------
13:18:35 [INFO] functional.conftest: [basalt] Quitting app after test: test_editsec_back_icon[basalt]

test/functional/test_button_icons.py::TestEditSecIcons::test_editsec_up_icon[basalt] 
-------------------------------- live log setup --------------------------------
13:18:37 [INFO] functional.conftest: [basalt] Opening app for test: test_editsec_up_icon[basalt]
13:18:37 [INFO] functional.conftest: [basalt] Opening app via install (preserving state)
13:18:37 [INFO] functional.conftest: [basalt] Installing app on emulator
13:18:40 [INFO] functional.conftest: [basalt] App installed and transport connected
13:18:40 [INFO] functional.conftest: [basalt] App opened via install
PASSED                                                                   [ 18%]
------------------------------ live log teardown -------------------------------
13:18:46 [INFO] functional.conftest: [basalt] Quitting app after test: test_editsec_up_icon[basalt]

test/functional/test_button_icons.py::TestEditSecIcons::test_editsec_select_icon[basalt] 
-------------------------------- live log setup --------------------------------
13:18:48 [INFO] functional.conftest: [basalt] Opening app for test: test_editsec_select_icon[basalt]
13:18:48 [INFO] functional.conftest: [basalt] Opening app via install (preserving state)
13:18:48 [INFO] functional.conftest: [basalt] Installing app on emulator
13:18:51 [INFO] functional.conftest: [basalt] App installed and transport connected
13:18:51 [INFO] functional.conftest: [basalt] App opened via install
PASSED                                                                   [ 18%]
------------------------------ live log teardown -------------------------------
13:18:58 [INFO] functional.conftest: [basalt] Quitting app after test: test_editsec_select_icon[basalt]

test/functional/test_button_icons.py::TestEditSecIcons::test_editsec_down_icon[basalt] 
-------------------------------- live log setup --------------------------------
13:19:00 [INFO] functional.conftest: [basalt] Opening app for test: test_editsec_down_icon[basalt]
13:19:00 [INFO] functional.conftest: [basalt] Opening app via install (preserving state)
13:19:00 [INFO] functional.conftest: [basalt] Installing app on emulator
13:19:03 [INFO] functional.conftest: [basalt] App installed and transport connected
13:19:03 [INFO] functional.conftest: [basalt] App opened via install
PASSED                                                                   [ 19%]
------------------------------ live log teardown -------------------------------
13:19:09 [INFO] functional.conftest: [basalt] Quitting app after test: test_editsec_down_icon[basalt]

test/functional/test_button_icons.py::TestEditSecIcons::test_editsec_long_up_direction_toggle[basalt] 
-------------------------------- live log setup --------------------------------
13:19:11 [INFO] functional.conftest: [basalt] Opening app for test: test_editsec_long_up_direction_toggle[basalt]
13:19:11 [INFO] functional.conftest: [basalt] Opening app via install (preserving state)
13:19:11 [INFO] functional.conftest: [basalt] Installing app on emulator
13:19:15 [INFO] functional.conftest: [basalt] App installed and transport connected
13:19:15 [INFO] functional.conftest: [basalt] App opened via install
PASSED                                                                   [ 19%]
------------------------------ live log teardown -------------------------------
13:19:21 [INFO] functional.conftest: [basalt] Quitting app after test: test_editsec_long_up_direction_toggle[basalt]

test/functional/test_button_icons.py::TestCountingIcons::test_counting_back_icon[basalt] 
-------------------------------- live log setup --------------------------------
13:19:23 [INFO] functional.conftest: [basalt] Opening app for test: test_counting_back_icon[basalt]
13:19:23 [INFO] functional.conftest: [basalt] Opening app via install (preserving state)
13:19:23 [INFO] functional.conftest: [basalt] Installing app on emulator
13:19:26 [INFO] functional.conftest: [basalt] App installed and transport connected
13:19:26 [INFO] functional.conftest: [basalt] App opened via install
PASSED                                                                   [ 19%]
------------------------------ live log teardown -------------------------------
13:19:32 [INFO] functional.conftest: [basalt] Quitting app after test: test_counting_back_icon[basalt]

test/functional/test_button_icons.py::TestCountingIcons::test_counting_up_icon[basalt] 
-------------------------------- live log setup --------------------------------
13:19:34 [INFO] functional.conftest: [basalt] Opening app for test: test_counting_up_icon[basalt]
13:19:34 [INFO] functional.conftest: [basalt] Opening app via install (preserving state)
13:19:34 [INFO] functional.conftest: [basalt] Installing app on emulator
13:19:37 [INFO] functional.conftest: [basalt] App installed and transport connected
13:19:37 [INFO] functional.conftest: [basalt] App opened via install
PASSED                                                                   [ 19%]
------------------------------ live log teardown -------------------------------
13:19:43 [INFO] functional.conftest: [basalt] Quitting app after test: test_counting_up_icon[basalt]

test/functional/test_button_icons.py::TestCountingIcons::test_counting_select_icon[basalt] 
-------------------------------- live log setup --------------------------------
13:19:45 [INFO] functional.conftest: [basalt] Opening app for test: test_counting_select_icon[basalt]
13:19:45 [INFO] functional.conftest: [basalt] Opening app via install (preserving state)
13:19:45 [INFO] functional.conftest: [basalt] Installing app on emulator
13:19:48 [INFO] functional.conftest: [basalt] App installed and transport connected
13:19:48 [INFO] functional.conftest: [basalt] App opened via install
PASSED                                                                   [ 20%]
------------------------------ live log teardown -------------------------------
13:19:54 [INFO] functional.conftest: [basalt] Quitting app after test: test_counting_select_icon[basalt]

test/functional/test_button_icons.py::TestCountingIcons::test_counting_down_icon[basalt] 
-------------------------------- live log setup --------------------------------
13:19:55 [INFO] functional.conftest: [basalt] Opening app for test: test_counting_down_icon[basalt]
13:19:55 [INFO] functional.conftest: [basalt] Opening app via install (preserving state)
13:19:55 [INFO] functional.conftest: [basalt] Installing app on emulator
13:19:59 [INFO] functional.conftest: [basalt] App installed and transport connected
13:19:59 [INFO] functional.conftest: [basalt] App opened via install
PASSED                                                                   [ 20%]
------------------------------ live log teardown -------------------------------
13:20:04 [INFO] functional.conftest: [basalt] Quitting app after test: test_counting_down_icon[basalt]

test/functional/test_button_icons.py::TestCountingIcons::test_counting_long_up_icon[basalt] 
-------------------------------- live log setup --------------------------------
13:20:06 [INFO] functional.conftest: [basalt] Opening app for test: test_counting_long_up_icon[basalt]
13:20:06 [INFO] functional.conftest: [basalt] Opening app via install (preserving state)
13:20:06 [INFO] functional.conftest: [basalt] Installing app on emulator
13:20:09 [INFO] functional.conftest: [basalt] App installed and transport connected
13:20:09 [INFO] functional.conftest: [basalt] App opened via install
PASSED                                                                   [ 20%]
------------------------------ live log teardown -------------------------------
13:20:16 [INFO] functional.conftest: [basalt] Quitting app after test: test_counting_long_up_icon[basalt]

test/functional/test_button_icons.py::TestCountingIcons::test_counting_long_select_icon[basalt] 
-------------------------------- live log setup --------------------------------
13:20:18 [INFO] functional.conftest: [basalt] Opening app for test: test_counting_long_select_icon[basalt]
13:20:18 [INFO] functional.conftest: [basalt] Opening app via install (preserving state)
13:20:18 [INFO] functional.conftest: [basalt] Installing app on emulator
13:20:22 [INFO] functional.conftest: [basalt] App installed and transport connected
13:20:22 [INFO] functional.conftest: [basalt] App opened via install
SKIPPED (Long press select icon disabled due to display overlap (see...) [ 20%]
------------------------------ live log teardown -------------------------------
13:20:22 [INFO] functional.conftest: [basalt] Quitting app after test: test_counting_long_select_icon[basalt]

test/functional/test_button_icons.py::TestCountingIcons::test_counting_long_down_icon[basalt] 
-------------------------------- live log setup --------------------------------
13:20:24 [INFO] functional.conftest: [basalt] Opening app for test: test_counting_long_down_icon[basalt]
13:20:24 [INFO] functional.conftest: [basalt] Opening app via install (preserving state)
13:20:24 [INFO] functional.conftest: [basalt] Installing app on emulator
13:20:27 [INFO] functional.conftest: [basalt] App installed and transport connected
13:20:27 [INFO] functional.conftest: [basalt] App opened via install
PASSED                                                                   [ 21%]
------------------------------ live log teardown -------------------------------
13:20:33 [INFO] functional.conftest: [basalt] Quitting app after test: test_counting_long_down_icon[basalt]

test/functional/test_button_icons.py::TestPausedIcons::test_paused_select_icon_play[basalt] 
-------------------------------- live log setup --------------------------------
13:20:35 [INFO] functional.conftest: [basalt] Opening app for test: test_paused_select_icon_play[basalt]
13:20:35 [INFO] functional.conftest: [basalt] Opening app via install (preserving state)
13:20:35 [INFO] functional.conftest: [basalt] Installing app on emulator
13:20:38 [INFO] functional.conftest: [basalt] App installed and transport connected
13:20:38 [INFO] functional.conftest: [basalt] App opened via install
PASSED                                                                   [ 21%]
------------------------------ live log teardown -------------------------------
13:20:45 [INFO] functional.conftest: [basalt] Quitting app after test: test_paused_select_icon_play[basalt]

test/functional/test_button_icons.py::TestChronoIcons::test_chrono_select_icon[basalt] 
-------------------------------- live log setup --------------------------------
13:20:47 [INFO] functional.conftest: [basalt] Opening app for test: test_chrono_select_icon[basalt]
13:20:47 [INFO] functional.conftest: [basalt] Opening app via install (preserving state)
13:20:47 [INFO] functional.conftest: [basalt] Installing app on emulator
13:20:50 [INFO] functional.conftest: [basalt] App installed and transport connected
13:20:50 [INFO] functional.conftest: [basalt] App opened via install
-------------------------------- live log call ---------------------------------
13:20:51 [INFO] functional.test_button_icons: [basalt] Setting up 4s timer for icon test
13:20:58 [INFO] functional.test_button_icons: [basalt] Short timer set to 4s, waiting for expire
13:21:03 [INFO] functional.test_button_icons: [basalt] Short timer started, counting down from 4s
13:21:11 [INFO] functional.test_button_icons: Chrono mode state: {'event': 'button_down', 't': '0:04', 'm': 'Counting', 'r': '0', 'p': '0', 'v': '0', 'd': '1', 'l': '0'}
PASSED                                                                   [ 21%]
------------------------------ live log teardown -------------------------------
13:21:11 [INFO] functional.conftest: [basalt] Quitting app after test: test_chrono_select_icon[basalt]

test/functional/test_button_icons.py::TestChronoIcons::test_chrono_long_select_icon[basalt] 
-------------------------------- live log setup --------------------------------
13:21:13 [INFO] functional.conftest: [basalt] Opening app for test: test_chrono_long_select_icon[basalt]
13:21:13 [INFO] functional.conftest: [basalt] Opening app via install (preserving state)
13:21:13 [INFO] functional.conftest: [basalt] Installing app on emulator
13:21:16 [INFO] functional.conftest: [basalt] App installed and transport connected
13:21:16 [INFO] functional.conftest: [basalt] App opened via install
SKIPPED (Long press select icon disabled due to display overlap (see...) [ 22%]
------------------------------ live log teardown -------------------------------
13:21:17 [INFO] functional.conftest: [basalt] Quitting app after test: test_chrono_long_select_icon[basalt]

test/functional/test_button_icons.py::TestEditRepeatIcons::test_editrepeat_back_icon[basalt] 
-------------------------------- live log setup --------------------------------
13:21:19 [INFO] functional.conftest: [basalt] Opening app for test: test_editrepeat_back_icon[basalt]
13:21:19 [INFO] functional.conftest: [basalt] Opening app via install (preserving state)
13:21:19 [INFO] functional.conftest: [basalt] Installing app on emulator
13:21:22 [INFO] functional.conftest: [basalt] App installed and transport connected
13:21:22 [INFO] functional.conftest: [basalt] App opened via install
-------------------------------- live log call ---------------------------------
13:21:30 [WARNING] functional.test_button_icons: Icon mask mismatch for 'editrepeat_back' on basalt: 47 pixels differ (tolerance=30)
FAILED                                                                   [ 22%]
------------------------------ live log teardown -------------------------------
13:21:30 [INFO] functional.conftest: [basalt] Quitting app after test: test_editrepeat_back_icon[basalt]

test/functional/test_button_icons.py::TestEditRepeatIcons::test_editrepeat_up_icon[basalt] 
-------------------------------- live log setup --------------------------------
13:21:32 [INFO] functional.conftest: [basalt] Opening app for test: test_editrepeat_up_icon[basalt]
13:21:32 [INFO] functional.conftest: [basalt] Opening app via install (preserving state)
13:21:32 [INFO] functional.conftest: [basalt] Installing app on emulator
13:21:35 [INFO] functional.conftest: [basalt] App installed and transport connected
13:21:35 [INFO] functional.conftest: [basalt] App opened via install
-------------------------------- live log call ---------------------------------
13:21:43 [INFO] functional.test_button_icons: No reference found for 'editrepeat_up' (auto_save=False)
PASSED                                                                   [ 22%]
------------------------------ live log teardown -------------------------------
13:21:43 [INFO] functional.conftest: [basalt] Quitting app after test: test_editrepeat_up_icon[basalt]

test/functional/test_button_icons.py::TestEditRepeatIcons::test_editrepeat_select_icon[basalt] 
-------------------------------- live log setup --------------------------------
13:21:45 [INFO] functional.conftest: [basalt] Opening app for test: test_editrepeat_select_icon[basalt]
13:21:45 [INFO] functional.conftest: [basalt] Opening app via install (preserving state)
13:21:45 [INFO] functional.conftest: [basalt] Installing app on emulator
13:21:48 [INFO] functional.conftest: [basalt] App installed and transport connected
13:21:48 [INFO] functional.conftest: [basalt] App opened via install
PASSED                                                                   [ 22%]
------------------------------ live log teardown -------------------------------
13:21:56 [INFO] functional.conftest: [basalt] Quitting app after test: test_editrepeat_select_icon[basalt]

test/functional/test_button_icons.py::TestEditRepeatIcons::test_editrepeat_down_icon[basalt] 
-------------------------------- live log setup --------------------------------
13:21:58 [INFO] functional.conftest: [basalt] Opening app for test: test_editrepeat_down_icon[basalt]
13:21:58 [INFO] functional.conftest: [basalt] Opening app via install (preserving state)
13:21:58 [INFO] functional.conftest: [basalt] Installing app on emulator
13:22:01 [INFO] functional.conftest: [basalt] App installed and transport connected
13:22:01 [INFO] functional.conftest: [basalt] App opened via install
PASSED                                                                   [ 23%]
------------------------------ live log teardown -------------------------------
13:22:09 [INFO] functional.conftest: [basalt] Quitting app after test: test_editrepeat_down_icon[basalt]

test/functional/test_button_icons.py::TestAlarmIcons::test_alarm_back_icon_silence[chalk] 
-------------------------------- live log setup --------------------------------
13:22:11 [INFO] functional.test_button_icons: [basalt] Tearing down - killing emulator
SKIPPED (Skipping test for chalk since --platform=basalt was specified.) [ 23%]
test/functional/test_button_icons.py::TestAlarmIcons::test_alarm_up_icon_edit[chalk] SKIPPED [ 23%]
test/functional/test_button_icons.py::TestAlarmIcons::test_alarm_long_up_icon_reset[chalk] SKIPPED [ 23%]
test/functional/test_button_icons.py::TestAlarmIcons::test_alarm_select_icon_pause[chalk] SKIPPED [ 24%]
test/functional/test_button_icons.py::TestAlarmIcons::test_alarm_down_icon_snooze[chalk] SKIPPED [ 24%]
test/functional/test_button_icons.py::TestNewModeIcons::test_new_back_icon[chalk] SKIPPED [ 24%]
test/functional/test_button_icons.py::TestNewModeIcons::test_new_up_icon[chalk] SKIPPED [ 25%]
test/functional/test_button_icons.py::TestNewModeIcons::test_new_select_icon[chalk] SKIPPED [ 25%]
test/functional/test_button_icons.py::TestNewModeIcons::test_new_down_icon[chalk] SKIPPED [ 25%]
test/functional/test_button_icons.py::TestNewModeIcons::test_new_long_up_direction_toggle[chalk] SKIPPED [ 25%]
test/functional/test_button_icons.py::TestNewModeIcons::test_new_long_select_icon[chalk] SKIPPED [ 26%]
test/functional/test_button_icons.py::TestNewModeIcons::test_new_long_down_icon[chalk] SKIPPED [ 26%]
test/functional/test_button_icons.py::TestEditSecIcons::test_editsec_back_icon[chalk] SKIPPED [ 26%]
test/functional/test_button_icons.py::TestEditSecIcons::test_editsec_up_icon[chalk] SKIPPED [ 26%]
test/functional/test_button_icons.py::TestEditSecIcons::test_editsec_select_icon[chalk] SKIPPED [ 27%]
test/functional/test_button_icons.py::TestEditSecIcons::test_editsec_down_icon[chalk] SKIPPED [ 27%]
test/functional/test_button_icons.py::TestEditSecIcons::test_editsec_long_up_direction_toggle[chalk] SKIPPED [ 27%]
test/functional/test_button_icons.py::TestCountingIcons::test_counting_back_icon[chalk] SKIPPED [ 27%]
test/functional/test_button_icons.py::TestCountingIcons::test_counting_up_icon[chalk] SKIPPED [ 28%]
test/functional/test_button_icons.py::TestCountingIcons::test_counting_select_icon[chalk] SKIPPED [ 28%]
test/functional/test_button_icons.py::TestCountingIcons::test_counting_down_icon[chalk] SKIPPED [ 28%]
test/functional/test_button_icons.py::TestCountingIcons::test_counting_long_up_icon[chalk] SKIPPED [ 29%]
test/functional/test_button_icons.py::TestCountingIcons::test_counting_long_select_icon[chalk] SKIPPED [ 29%]
test/functional/test_button_icons.py::TestCountingIcons::test_counting_long_down_icon[chalk] SKIPPED [ 29%]
test/functional/test_button_icons.py::TestPausedIcons::test_paused_select_icon_play[chalk] SKIPPED [ 29%]
test/functional/test_button_icons.py::TestChronoIcons::test_chrono_select_icon[chalk] SKIPPED [ 30%]
test/functional/test_button_icons.py::TestChronoIcons::test_chrono_long_select_icon[chalk] SKIPPED [ 30%]
test/functional/test_button_icons.py::TestEditRepeatIcons::test_editrepeat_back_icon[chalk] SKIPPED [ 30%]
test/functional/test_button_icons.py::TestEditRepeatIcons::test_editrepeat_up_icon[chalk] SKIPPED [ 30%]
test/functional/test_button_icons.py::TestEditRepeatIcons::test_editrepeat_select_icon[chalk] SKIPPED [ 31%]
test/functional/test_button_icons.py::TestEditRepeatIcons::test_editrepeat_down_icon[chalk] SKIPPED [ 31%]
test/functional/test_button_icons.py::TestAlarmIcons::test_alarm_back_icon_silence[diorite] SKIPPED [ 31%]
test/functional/test_button_icons.py::TestAlarmIcons::test_alarm_up_icon_edit[diorite] SKIPPED [ 31%]
test/functional/test_button_icons.py::TestAlarmIcons::test_alarm_long_up_icon_reset[diorite] SKIPPED [ 32%]
test/functional/test_button_icons.py::TestAlarmIcons::test_alarm_select_icon_pause[diorite] SKIPPED [ 32%]
test/functional/test_button_icons.py::TestAlarmIcons::test_alarm_down_icon_snooze[diorite] SKIPPED [ 32%]
test/functional/test_button_icons.py::TestNewModeIcons::test_new_back_icon[diorite] SKIPPED [ 33%]
test/functional/test_button_icons.py::TestNewModeIcons::test_new_up_icon[diorite] SKIPPED [ 33%]
test/functional/test_button_icons.py::TestNewModeIcons::test_new_select_icon[diorite] SKIPPED [ 33%]
test/functional/test_button_icons.py::TestNewModeIcons::test_new_down_icon[diorite] SKIPPED [ 33%]
test/functional/test_button_icons.py::TestNewModeIcons::test_new_long_up_direction_toggle[diorite] SKIPPED [ 34%]
test/functional/test_button_icons.py::TestNewModeIcons::test_new_long_select_icon[diorite] SKIPPED [ 34%]
test/functional/test_button_icons.py::TestNewModeIcons::test_new_long_down_icon[diorite] SKIPPED [ 34%]
test/functional/test_button_icons.py::TestEditSecIcons::test_editsec_back_icon[diorite] SKIPPED [ 34%]
test/functional/test_button_icons.py::TestEditSecIcons::test_editsec_up_icon[diorite] SKIPPED [ 35%]
test/functional/test_button_icons.py::TestEditSecIcons::test_editsec_select_icon[diorite] SKIPPED [ 35%]
test/functional/test_button_icons.py::TestEditSecIcons::test_editsec_down_icon[diorite] SKIPPED [ 35%]
test/functional/test_button_icons.py::TestEditSecIcons::test_editsec_long_up_direction_toggle[diorite] SKIPPED [ 36%]
test/functional/test_button_icons.py::TestCountingIcons::test_counting_back_icon[diorite] SKIPPED [ 36%]
test/functional/test_button_icons.py::TestCountingIcons::test_counting_up_icon[diorite] SKIPPED [ 36%]
test/functional/test_button_icons.py::TestCountingIcons::test_counting_select_icon[diorite] SKIPPED [ 36%]
test/functional/test_button_icons.py::TestCountingIcons::test_counting_down_icon[diorite] SKIPPED [ 37%]
test/functional/test_button_icons.py::TestCountingIcons::test_counting_long_up_icon[diorite] SKIPPED [ 37%]
test/functional/test_button_icons.py::TestCountingIcons::test_counting_long_select_icon[diorite] SKIPPED [ 37%]
test/functional/test_button_icons.py::TestCountingIcons::test_counting_long_down_icon[diorite] SKIPPED [ 37%]
test/functional/test_button_icons.py::TestPausedIcons::test_paused_select_icon_play[diorite] SKIPPED [ 38%]
test/functional/test_button_icons.py::TestChronoIcons::test_chrono_select_icon[diorite] SKIPPED [ 38%]
test/functional/test_button_icons.py::TestChronoIcons::test_chrono_long_select_icon[diorite] SKIPPED [ 38%]
test/functional/test_button_icons.py::TestEditRepeatIcons::test_editrepeat_back_icon[diorite] SKIPPED [ 38%]
test/functional/test_button_icons.py::TestEditRepeatIcons::test_editrepeat_up_icon[diorite] SKIPPED [ 39%]
test/functional/test_button_icons.py::TestEditRepeatIcons::test_editrepeat_select_icon[diorite] SKIPPED [ 39%]
test/functional/test_button_icons.py::TestEditRepeatIcons::test_editrepeat_down_icon[diorite] SKIPPED [ 39%]
test/functional/test_create_timer.py::TestCreateTimer::test_create_2_minute_timer[aplite] SKIPPED [ 40%]
test/functional/test_create_timer.py::TestCreateTimer::test_initial_state_shows_new[aplite] SKIPPED [ 40%]
test/functional/test_create_timer.py::TestCreateTimer::test_down_button_increments_minutes[aplite] SKIPPED [ 40%]
test/functional/test_create_timer.py::TestButtonPresses::test_up_button_increments_20_minutes[aplite] SKIPPED [ 40%]
test/functional/test_create_timer.py::TestButtonPresses::test_select_button_increments_5_minutes[aplite] SKIPPED [ 41%]
test/functional/test_create_timer.py::TestTimerCountdown::test_timer_counts_down[aplite] SKIPPED [ 41%]
test/functional/test_create_timer.py::TestTimerCountdown::test_timer_transitions_to_counting_mode[aplite] SKIPPED [ 41%]
test/functional/test_create_timer.py::TestChronoMode::test_chrono_mode_counts_up[aplite] SKIPPED [ 41%]
test/functional/test_create_timer.py::TestPlayPause::test_select_toggles_play_pause_in_counting_mode[aplite] SKIPPED [ 42%]
test/functional/test_create_timer.py::TestTimerStartsImmediately::test_timer_counts_down_during_setup[aplite] SKIPPED [ 42%]
test/functional/test_create_timer.py::TestTimerStartsImmediately::test_chrono_has_elapsed_time_when_mode_expires[aplite] SKIPPED [ 42%]
test/functional/test_create_timer.py::TestLongPressReset::test_long_press_select_resets_timer[aplite] SKIPPED [ 43%]
test/functional/test_create_timer.py::TestCreateTimer::test_create_2_minute_timer[basalt] 
-------------------------------- live log setup --------------------------------
13:22:12 [INFO] functional.conftest: [basalt] Starting warm-up cycle to clear stale state
13:22:17 [INFO] functional.conftest: [basalt] Installing app on emulator
13:22:25 [INFO] functional.conftest: [basalt] App installed and transport connected
13:22:25 [INFO] functional.conftest: [basalt] Waiting for emulator to stabilize (2s)
13:22:27 [INFO] functional.conftest: [basalt] Holding down button to quit app and set persist state
13:22:28 [INFO] functional.conftest: [basalt] App quit via long press, persist state set
13:22:29 [INFO] functional.conftest: [basalt] Emulator ready for tests
13:22:29 [INFO] functional.conftest: [basalt] Opening app for test: test_create_2_minute_timer[basalt]
13:22:29 [INFO] functional.conftest: [basalt] Opening app via install (preserving state)
13:22:29 [INFO] functional.conftest: [basalt] Installing app on emulator
13:22:32 [INFO] functional.conftest: [basalt] App installed and transport connected
13:22:32 [INFO] functional.conftest: [basalt] App opened via install
-------------------------------- live log call ---------------------------------
13:22:34 [INFO] functional.test_create_timer: After 2 Down presses - state: {'event': 'button_down', 't': '1:56', 'm': 'New', 'r': '0', 'p': '0', 'v': '0', 'd': '1', 'l': '1'}
PASSED                                                                   [ 43%]
------------------------------ live log teardown -------------------------------
13:22:34 [INFO] functional.conftest: [basalt] Quitting app after test: test_create_2_minute_timer[basalt]

test/functional/test_create_timer.py::TestCreateTimer::test_initial_state_shows_new[basalt] 
-------------------------------- live log setup --------------------------------
13:22:36 [INFO] functional.conftest: [basalt] Opening app for test: test_initial_state_shows_new[basalt]
13:22:36 [INFO] functional.conftest: [basalt] Opening app via install (preserving state)
13:22:36 [INFO] functional.conftest: [basalt] Installing app on emulator
13:22:39 [INFO] functional.conftest: [basalt] App installed and transport connected
13:22:39 [INFO] functional.conftest: [basalt] App opened via install
-------------------------------- live log call ---------------------------------
13:22:44 [INFO] functional.test_create_timer: Initial state text: +1h 1 +20 New -0;z 13.22 +Im
PASSED                                                                   [ 43%]
------------------------------ live log teardown -------------------------------
13:22:44 [INFO] functional.conftest: [basalt] Quitting app after test: test_initial_state_shows_new[basalt]

test/functional/test_create_timer.py::TestCreateTimer::test_down_button_increments_minutes[basalt] 
-------------------------------- live log setup --------------------------------
13:22:46 [INFO] functional.conftest: [basalt] Opening app for test: test_down_button_increments_minutes[basalt]
13:22:46 [INFO] functional.conftest: [basalt] Opening app via install (preserving state)
13:22:46 [INFO] functional.conftest: [basalt] Installing app on emulator
13:22:49 [INFO] functional.conftest: [basalt] App installed and transport connected
13:22:49 [INFO] functional.conftest: [basalt] App opened via install
-------------------------------- live log call ---------------------------------
13:22:54 [INFO] functional.test_create_timer: After 3 Down presses: #1m 1 +20 New 2.56 5 13.25 +Im III}
PASSED                                                                   [ 43%]
------------------------------ live log teardown -------------------------------
13:22:54 [INFO] functional.conftest: [basalt] Quitting app after test: test_down_button_increments_minutes[basalt]

test/functional/test_create_timer.py::TestButtonPresses::test_up_button_increments_20_minutes[basalt] 
-------------------------------- live log setup --------------------------------
13:22:56 [INFO] functional.conftest: [basalt] Opening app for test: test_up_button_increments_20_minutes[basalt]
13:22:56 [INFO] functional.conftest: [basalt] Opening app via install (preserving state)
13:22:56 [INFO] functional.conftest: [basalt] Installing app on emulator
13:22:59 [INFO] functional.conftest: [basalt] App installed and transport connected
13:22:59 [INFO] functional.conftest: [basalt] App opened via install
-------------------------------- live log call ---------------------------------
13:23:01 [INFO] functional.test_create_timer: After Up press - state: {'event': 'button_up', 't': '19:57', 'm': 'New', 'r': '0', 'p': '0', 'v': '0', 'd': '1', 'l': '1'}
PASSED                                                                   [ 44%]
------------------------------ live log teardown -------------------------------
13:23:01 [INFO] functional.conftest: [basalt] Quitting app after test: test_up_button_increments_20_minutes[basalt]

test/functional/test_create_timer.py::TestButtonPresses::test_select_button_increments_5_minutes[basalt] 
-------------------------------- live log setup --------------------------------
13:23:03 [INFO] functional.conftest: [basalt] Opening app for test: test_select_button_increments_5_minutes[basalt]
13:23:03 [INFO] functional.conftest: [basalt] Opening app via install (preserving state)
13:23:03 [INFO] functional.conftest: [basalt] Installing app on emulator
13:23:06 [INFO] functional.conftest: [basalt] App installed and transport connected
13:23:06 [INFO] functional.conftest: [basalt] App opened via install
-------------------------------- live log call ---------------------------------
13:23:10 [INFO] functional.test_create_timer: After Select press: #1m 1 +20 New 4657 6 13.28 +Im M
13:23:10 [INFO] functional.test_create_timer:   normalized: 1 1 20  4657 6 13:28 1 
PASSED                                                                   [ 44%]
------------------------------ live log teardown -------------------------------
13:23:10 [INFO] functional.conftest: [basalt] Quitting app after test: test_select_button_increments_5_minutes[basalt]

test/functional/test_create_timer.py::TestTimerCountdown::test_timer_counts_down[basalt] 
-------------------------------- live log setup --------------------------------
13:23:12 [INFO] functional.conftest: [basalt] Opening app for test: test_timer_counts_down[basalt]
13:23:12 [INFO] functional.conftest: [basalt] Opening app via install (preserving state)
13:23:12 [INFO] functional.conftest: [basalt] Installing app on emulator
13:23:15 [INFO] functional.conftest: [basalt] App installed and transport connected
13:23:15 [INFO] functional.conftest: [basalt] App opened via install
-------------------------------- live log call ---------------------------------
13:23:29 [INFO] functional.test_create_timer: Countdown start text: 0 e 01.00 0:63  13.23 Ker M J
13:23:31 [INFO] functional.test_create_timer: After 5s text: € e 01.00 0:4 13.23 Ker M J
PASSED                                                                   [ 44%]
------------------------------ live log teardown -------------------------------
13:23:31 [INFO] functional.conftest: [basalt] Quitting app after test: test_timer_counts_down[basalt]

test/functional/test_create_timer.py::TestTimerCountdown::test_timer_transitions_to_counting_mode[basalt] 
-------------------------------- live log setup --------------------------------
13:23:33 [INFO] functional.conftest: [basalt] Opening app for test: test_timer_transitions_to_counting_mode[basalt]
13:23:33 [INFO] functional.conftest: [basalt] Opening app via install (preserving state)
13:23:33 [INFO] functional.conftest: [basalt] Installing app on emulator
13:23:36 [INFO] functional.conftest: [basalt] App installed and transport connected
13:23:36 [INFO] functional.conftest: [basalt] App opened via install
-------------------------------- live log call ---------------------------------
13:23:38 [INFO] functional.test_create_timer: After Down press state: {'event': 'button_down', 't': '0:58', 'm': 'New', 'r': '0', 'p': '0', 'v': '0', 'd': '1', 'l': '1'}
13:23:41 [INFO] functional.test_create_timer: After transition state: {'event': 'mode_change', 't': '0:55', 'm': 'Counting', 'r': '0', 'p': '0', 'v': '0', 'd': '1', 'l': '0'}
PASSED                                                                   [ 44%]
------------------------------ live log teardown -------------------------------
13:23:41 [INFO] functional.conftest: [basalt] Quitting app after test: test_timer_transitions_to_counting_mode[basalt]

test/functional/test_create_timer.py::TestChronoMode::test_chrono_mode_counts_up[basalt] 
-------------------------------- live log setup --------------------------------
13:23:43 [INFO] functional.conftest: [basalt] Opening app for test: test_chrono_mode_counts_up[basalt]
13:23:43 [INFO] functional.conftest: [basalt] Opening app via install (preserving state)
13:23:43 [INFO] functional.conftest: [basalt] Installing app on emulator
13:23:46 [INFO] functional.conftest: [basalt] App installed and transport connected
13:23:46 [INFO] functional.conftest: [basalt] App opened via install
-------------------------------- live log call ---------------------------------
13:23:56 [INFO] functional.test_create_timer: Chrono mode start: e Oo;00--> 0.s 13.23 M %
13:23:58 [INFO] functional.test_create_timer: Chrono after 3s: @ Oo;00--> d:E 13.23 M %
PASSED                                                                   [ 45%]
------------------------------ live log teardown -------------------------------
13:23:58 [INFO] functional.conftest: [basalt] Quitting app after test: test_chrono_mode_counts_up[basalt]

test/functional/test_create_timer.py::TestPlayPause::test_select_toggles_play_pause_in_counting_mode[basalt] 
-------------------------------- live log setup --------------------------------
13:24:00 [INFO] functional.conftest: [basalt] Opening app for test: test_select_toggles_play_pause_in_counting_mode[basalt]
13:24:00 [INFO] functional.conftest: [basalt] Opening app via install (preserving state)
13:24:00 [INFO] functional.conftest: [basalt] Installing app on emulator
13:24:04 [INFO] functional.conftest: [basalt] App installed and transport connected
13:24:04 [INFO] functional.conftest: [basalt] App opened via install
-------------------------------- live log call ---------------------------------
13:24:20 [INFO] functional.test_create_timer: Running timer: 0 e 01.00 0:63  13.24 Ker M 4
13:24:22 [INFO] functional.test_create_timer: Paused timer: e 01.00 0:623 13.24 Ker M 4
13:24:24 [INFO] functional.test_create_timer: Still paused: e 01.00 0:623 13.24 Ker M 4
13:24:26 [INFO] functional.test_create_timer: Resumed timer: e 01.00 dE0 13.24 Ker M 4
PASSED                                                                   [ 45%]
------------------------------ live log teardown -------------------------------
13:24:26 [INFO] functional.conftest: [basalt] Quitting app after test: test_select_toggles_play_pause_in_counting_mode[basalt]

test/functional/test_create_timer.py::TestTimerStartsImmediately::test_timer_counts_down_during_setup[basalt] 
-------------------------------- live log setup --------------------------------
13:24:28 [INFO] functional.conftest: [basalt] Opening app for test: test_timer_counts_down_during_setup[basalt]
13:24:28 [INFO] functional.conftest: [basalt] Opening app via install (preserving state)
13:24:28 [INFO] functional.conftest: [basalt] Installing app on emulator
13:24:31 [INFO] functional.conftest: [basalt] App installed and transport connected
13:24:31 [INFO] functional.conftest: [basalt] App opened via install
-------------------------------- live log call ---------------------------------
13:24:46 [INFO] functional.test_create_timer: After 6 Down presses with 2s delays - state: {'event': 'button_down', 't': '5:46', 'm': 'New', 'r': '0', 'p': '0', 'v': '0', 'd': '1', 'l': '1'}
PASSED                                                                   [ 45%]
------------------------------ live log teardown -------------------------------
13:24:46 [INFO] functional.conftest: [basalt] Quitting app after test: test_timer_counts_down_during_setup[basalt]

test/functional/test_create_timer.py::TestTimerStartsImmediately::test_chrono_has_elapsed_time_when_mode_expires[basalt] 
-------------------------------- live log setup --------------------------------
13:24:48 [INFO] functional.conftest: [basalt] Opening app for test: test_chrono_has_elapsed_time_when_mode_expires[basalt]
13:24:48 [INFO] functional.conftest: [basalt] Opening app via install (preserving state)
13:24:48 [INFO] functional.conftest: [basalt] Installing app on emulator
13:24:51 [INFO] functional.conftest: [basalt] App installed and transport connected
13:24:51 [INFO] functional.conftest: [basalt] App opened via install
-------------------------------- live log call ---------------------------------
13:24:53 [INFO] functional.test_create_timer: Mode change state: {'event': 'mode_change', 't': '0:02', 'm': 'Counting', 'r': '0', 'p': '0', 'v': '0', 'd': '1', 'l': '0'}
PASSED                                                                   [ 45%]
------------------------------ live log teardown -------------------------------
13:24:53 [INFO] functional.conftest: [basalt] Quitting app after test: test_chrono_has_elapsed_time_when_mode_expires[basalt]

test/functional/test_create_timer.py::TestLongPressReset::test_long_press_select_resets_timer[basalt] 
-------------------------------- live log setup --------------------------------
13:24:55 [INFO] functional.conftest: [basalt] Opening app for test: test_long_press_select_resets_timer[basalt]
13:24:55 [INFO] functional.conftest: [basalt] Opening app via install (preserving state)
13:24:55 [INFO] functional.conftest: [basalt] Installing app on emulator
13:24:59 [INFO] functional.conftest: [basalt] App installed and transport connected
13:24:59 [INFO] functional.conftest: [basalt] App opened via install
-------------------------------- live log call ---------------------------------
13:25:10 [INFO] functional.test_create_timer: Before reset: 9 e 20;00 19:630 13.25 Ker M J
13:25:12 [INFO] functional.test_create_timer: After reset: 9 e 20;00 19:67 13.25 Ker M J
PASSED                                                                   [ 46%]
------------------------------ live log teardown -------------------------------
13:25:12 [INFO] functional.conftest: [basalt] Quitting app after test: test_long_press_select_resets_timer[basalt]

test/functional/test_create_timer.py::TestCreateTimer::test_create_2_minute_timer[chalk] 
-------------------------------- live log setup --------------------------------
13:25:14 [INFO] functional.conftest: [basalt] Tearing down - killing emulator
SKIPPED (Skipping test for chalk since --platform=basalt was specified.) [ 46%]
test/functional/test_create_timer.py::TestCreateTimer::test_initial_state_shows_new[chalk] SKIPPED [ 46%]
test/functional/test_create_timer.py::TestCreateTimer::test_down_button_increments_minutes[chalk] SKIPPED [ 47%]
test/functional/test_create_timer.py::TestButtonPresses::test_up_button_increments_20_minutes[chalk] SKIPPED [ 47%]
test/functional/test_create_timer.py::TestButtonPresses::test_select_button_increments_5_minutes[chalk] SKIPPED [ 47%]
test/functional/test_create_timer.py::TestTimerCountdown::test_timer_counts_down[chalk] SKIPPED [ 47%]
test/functional/test_create_timer.py::TestTimerCountdown::test_timer_transitions_to_counting_mode[chalk] SKIPPED [ 48%]
test/functional/test_create_timer.py::TestChronoMode::test_chrono_mode_counts_up[chalk] SKIPPED [ 48%]
test/functional/test_create_timer.py::TestPlayPause::test_select_toggles_play_pause_in_counting_mode[chalk] SKIPPED [ 48%]
test/functional/test_create_timer.py::TestTimerStartsImmediately::test_timer_counts_down_during_setup[chalk] SKIPPED [ 48%]
test/functional/test_create_timer.py::TestTimerStartsImmediately::test_chrono_has_elapsed_time_when_mode_expires[chalk] SKIPPED [ 49%]
test/functional/test_create_timer.py::TestLongPressReset::test_long_press_select_resets_timer[chalk] SKIPPED [ 49%]
test/functional/test_create_timer.py::TestCreateTimer::test_create_2_minute_timer[diorite] SKIPPED [ 49%]
test/functional/test_create_timer.py::TestCreateTimer::test_initial_state_shows_new[diorite] SKIPPED [ 50%]
test/functional/test_create_timer.py::TestCreateTimer::test_down_button_increments_minutes[diorite] SKIPPED [ 50%]
test/functional/test_create_timer.py::TestButtonPresses::test_up_button_increments_20_minutes[diorite] SKIPPED [ 50%]
test/functional/test_create_timer.py::TestButtonPresses::test_select_button_increments_5_minutes[diorite] SKIPPED [ 50%]
test/functional/test_create_timer.py::TestTimerCountdown::test_timer_counts_down[diorite] SKIPPED [ 51%]
test/functional/test_create_timer.py::TestTimerCountdown::test_timer_transitions_to_counting_mode[diorite] SKIPPED [ 51%]
test/functional/test_create_timer.py::TestChronoMode::test_chrono_mode_counts_up[diorite] SKIPPED [ 51%]
test/functional/test_create_timer.py::TestPlayPause::test_select_toggles_play_pause_in_counting_mode[diorite] SKIPPED [ 51%]
test/functional/test_create_timer.py::TestTimerStartsImmediately::test_timer_counts_down_during_setup[diorite] SKIPPED [ 52%]
test/functional/test_create_timer.py::TestTimerStartsImmediately::test_chrono_has_elapsed_time_when_mode_expires[diorite] SKIPPED [ 52%]
test/functional/test_create_timer.py::TestLongPressReset::test_long_press_select_resets_timer[diorite] SKIPPED [ 52%]
test/functional/test_directional_icons.py::TestNewModeForwardIcons::test_new_forward_has_icons[aplite] SKIPPED [ 52%]
test/functional/test_directional_icons.py::TestNewModeReverseIcons::test_new_reverse_back_icon[aplite] SKIPPED [ 53%]
test/functional/test_directional_icons.py::TestNewModeReverseIcons::test_new_reverse_up_icon[aplite] SKIPPED [ 53%]
test/functional/test_directional_icons.py::TestNewModeReverseIcons::test_new_reverse_select_icon[aplite] SKIPPED [ 53%]
test/functional/test_directional_icons.py::TestNewModeReverseIcons::test_new_reverse_down_icon[aplite] SKIPPED [ 54%]
test/functional/test_directional_icons.py::TestEditSecModeForwardIcons::test_editsec_forward_back_icon_plus60[aplite] SKIPPED [ 54%]
test/functional/test_directional_icons.py::TestEditSecModeForwardIcons::test_editsec_forward_has_icons[aplite] SKIPPED [ 54%]
test/functional/test_directional_icons.py::TestEditSecModeReverseIcons::test_editsec_reverse_back_icon[aplite] SKIPPED [ 54%]
test/functional/test_directional_icons.py::TestEditSecModeReverseIcons::test_editsec_reverse_up_icon[aplite] SKIPPED [ 55%]
test/functional/test_directional_icons.py::TestEditSecModeReverseIcons::test_editsec_reverse_select_icon[aplite] SKIPPED [ 55%]
test/functional/test_directional_icons.py::TestEditSecModeReverseIcons::test_editsec_reverse_down_icon[aplite] SKIPPED [ 55%]
test/functional/test_directional_icons.py::TestNewModeForwardIcons::test_new_forward_has_icons[basalt] 
-------------------------------- live log setup --------------------------------
13:25:15 [INFO] functional.test_directional_icons: [basalt] Starting warm-up cycle
13:25:19 [INFO] functional.conftest: [basalt] Installing app on emulator
13:25:27 [INFO] functional.conftest: [basalt] App installed and transport connected
13:25:27 [INFO] functional.test_directional_icons: [basalt] Waiting for emulator to stabilize (2s)
13:25:29 [INFO] functional.test_directional_icons: [basalt] Holding down button to quit app and set persist state
13:25:32 [INFO] functional.test_directional_icons: [basalt] Emulator ready for tests
13:25:32 [INFO] functional.conftest: [basalt] Opening app for test: test_new_forward_has_icons[basalt]
13:25:32 [INFO] functional.conftest: [basalt] Opening app via install (preserving state)
13:25:32 [INFO] functional.conftest: [basalt] Installing app on emulator
13:25:35 [INFO] functional.conftest: [basalt] App installed and transport connected
13:25:35 [INFO] functional.conftest: [basalt] App opened via install
PASSED                                                                   [ 55%]
------------------------------ live log teardown -------------------------------
13:25:37 [INFO] functional.conftest: [basalt] Quitting app after test: test_new_forward_has_icons[basalt]

test/functional/test_directional_icons.py::TestNewModeReverseIcons::test_new_reverse_back_icon[basalt] 
-------------------------------- live log setup --------------------------------
13:25:39 [INFO] functional.conftest: [basalt] Opening app for test: test_new_reverse_back_icon[basalt]
13:25:39 [INFO] functional.conftest: [basalt] Opening app via install (preserving state)
13:25:39 [INFO] functional.conftest: [basalt] Installing app on emulator
13:25:42 [INFO] functional.conftest: [basalt] App installed and transport connected
13:25:42 [INFO] functional.conftest: [basalt] App opened via install
PASSED                                                                   [ 56%]
------------------------------ live log teardown -------------------------------
13:25:48 [INFO] functional.conftest: [basalt] Quitting app after test: test_new_reverse_back_icon[basalt]

test/functional/test_directional_icons.py::TestNewModeReverseIcons::test_new_reverse_up_icon[basalt] 
-------------------------------- live log setup --------------------------------
13:25:50 [INFO] functional.conftest: [basalt] Opening app for test: test_new_reverse_up_icon[basalt]
13:25:50 [INFO] functional.conftest: [basalt] Opening app via install (preserving state)
13:25:50 [INFO] functional.conftest: [basalt] Installing app on emulator
13:25:53 [INFO] functional.conftest: [basalt] App installed and transport connected
13:25:53 [INFO] functional.conftest: [basalt] App opened via install
PASSED                                                                   [ 56%]
------------------------------ live log teardown -------------------------------
13:26:00 [INFO] functional.conftest: [basalt] Quitting app after test: test_new_reverse_up_icon[basalt]

test/functional/test_directional_icons.py::TestNewModeReverseIcons::test_new_reverse_select_icon[basalt] 
-------------------------------- live log setup --------------------------------
13:26:01 [INFO] functional.conftest: [basalt] Opening app for test: test_new_reverse_select_icon[basalt]
13:26:01 [INFO] functional.conftest: [basalt] Opening app via install (preserving state)
13:26:01 [INFO] functional.conftest: [basalt] Installing app on emulator
13:26:05 [INFO] functional.conftest: [basalt] App installed and transport connected
13:26:05 [INFO] functional.conftest: [basalt] App opened via install
PASSED                                                                   [ 56%]
------------------------------ live log teardown -------------------------------
13:26:11 [INFO] functional.conftest: [basalt] Quitting app after test: test_new_reverse_select_icon[basalt]

test/functional/test_directional_icons.py::TestNewModeReverseIcons::test_new_reverse_down_icon[basalt] 
-------------------------------- live log setup --------------------------------
13:26:13 [INFO] functional.conftest: [basalt] Opening app for test: test_new_reverse_down_icon[basalt]
13:26:13 [INFO] functional.conftest: [basalt] Opening app via install (preserving state)
13:26:13 [INFO] functional.conftest: [basalt] Installing app on emulator
13:26:16 [INFO] functional.conftest: [basalt] App installed and transport connected
13:26:16 [INFO] functional.conftest: [basalt] App opened via install
PASSED                                                                   [ 56%]
------------------------------ live log teardown -------------------------------
13:26:22 [INFO] functional.conftest: [basalt] Quitting app after test: test_new_reverse_down_icon[basalt]

test/functional/test_directional_icons.py::TestEditSecModeForwardIcons::test_editsec_forward_back_icon_plus60[basalt] 
-------------------------------- live log setup --------------------------------
13:26:24 [INFO] functional.conftest: [basalt] Opening app for test: test_editsec_forward_back_icon_plus60[basalt]
13:26:24 [INFO] functional.conftest: [basalt] Opening app via install (preserving state)
13:26:24 [INFO] functional.conftest: [basalt] Installing app on emulator
13:26:27 [INFO] functional.conftest: [basalt] App installed and transport connected
13:26:27 [INFO] functional.conftest: [basalt] App opened via install
PASSED                                                                   [ 57%]
------------------------------ live log teardown -------------------------------
13:26:35 [INFO] functional.conftest: [basalt] Quitting app after test: test_editsec_forward_back_icon_plus60[basalt]

test/functional/test_directional_icons.py::TestEditSecModeForwardIcons::test_editsec_forward_has_icons[basalt] 
-------------------------------- live log setup --------------------------------
13:26:37 [INFO] functional.conftest: [basalt] Opening app for test: test_editsec_forward_has_icons[basalt]
13:26:37 [INFO] functional.conftest: [basalt] Opening app via install (preserving state)
13:26:37 [INFO] functional.conftest: [basalt] Installing app on emulator
13:26:40 [INFO] functional.conftest: [basalt] App installed and transport connected
13:26:40 [INFO] functional.conftest: [basalt] App opened via install
PASSED                                                                   [ 57%]
------------------------------ live log teardown -------------------------------
13:26:47 [INFO] functional.conftest: [basalt] Quitting app after test: test_editsec_forward_has_icons[basalt]

test/functional/test_directional_icons.py::TestEditSecModeReverseIcons::test_editsec_reverse_back_icon[basalt] 
-------------------------------- live log setup --------------------------------
13:26:49 [INFO] functional.conftest: [basalt] Opening app for test: test_editsec_reverse_back_icon[basalt]
13:26:49 [INFO] functional.conftest: [basalt] Opening app via install (preserving state)
13:26:49 [INFO] functional.conftest: [basalt] Installing app on emulator
13:26:52 [INFO] functional.conftest: [basalt] App installed and transport connected
13:26:52 [INFO] functional.conftest: [basalt] App opened via install
PASSED                                                                   [ 57%]
------------------------------ live log teardown -------------------------------
13:27:04 [INFO] functional.conftest: [basalt] Quitting app after test: test_editsec_reverse_back_icon[basalt]

test/functional/test_directional_icons.py::TestEditSecModeReverseIcons::test_editsec_reverse_up_icon[basalt] 
-------------------------------- live log setup --------------------------------
13:27:06 [INFO] functional.conftest: [basalt] Opening app for test: test_editsec_reverse_up_icon[basalt]
13:27:06 [INFO] functional.conftest: [basalt] Opening app via install (preserving state)
13:27:06 [INFO] functional.conftest: [basalt] Installing app on emulator
13:27:09 [INFO] functional.conftest: [basalt] App installed and transport connected
13:27:09 [INFO] functional.conftest: [basalt] App opened via install
PASSED                                                                   [ 58%]
------------------------------ live log teardown -------------------------------
13:27:21 [INFO] functional.conftest: [basalt] Quitting app after test: test_editsec_reverse_up_icon[basalt]

test/functional/test_directional_icons.py::TestEditSecModeReverseIcons::test_editsec_reverse_select_icon[basalt] 
-------------------------------- live log setup --------------------------------
13:27:23 [INFO] functional.conftest: [basalt] Opening app for test: test_editsec_reverse_select_icon[basalt]
13:27:23 [INFO] functional.conftest: [basalt] Opening app via install (preserving state)
13:27:23 [INFO] functional.conftest: [basalt] Installing app on emulator
13:27:26 [INFO] functional.conftest: [basalt] App installed and transport connected
13:27:26 [INFO] functional.conftest: [basalt] App opened via install
PASSED                                                                   [ 58%]
------------------------------ live log teardown -------------------------------
13:27:38 [INFO] functional.conftest: [basalt] Quitting app after test: test_editsec_reverse_select_icon[basalt]

test/functional/test_directional_icons.py::TestEditSecModeReverseIcons::test_editsec_reverse_down_icon[basalt] 
-------------------------------- live log setup --------------------------------
13:27:40 [INFO] functional.conftest: [basalt] Opening app for test: test_editsec_reverse_down_icon[basalt]
13:27:40 [INFO] functional.conftest: [basalt] Opening app via install (preserving state)
13:27:40 [INFO] functional.conftest: [basalt] Installing app on emulator
13:27:43 [INFO] functional.conftest: [basalt] App installed and transport connected
13:27:43 [INFO] functional.conftest: [basalt] App opened via install
PASSED                                                                   [ 58%]
------------------------------ live log teardown -------------------------------
[...]

test/functional/test_timer_workflows.py::TestEditRepeatModeNoOp::test_long_press_select_in_edit_repeat_mode_does_nothing[basalt] 
-------------------------------- live log setup --------------------------------
13:36:06 [INFO] functional.conftest: [basalt] Opening app for test: test_long_press_select_in_edit_repeat_mode_does_nothing[basalt]
13:36:06 [INFO] functional.conftest: [basalt] Opening app via install (preserving state)
13:36:06 [INFO] functional.conftest: [basalt] Installing app on emulator
13:36:09 [INFO] functional.conftest: [basalt] App installed and transport connected
13:36:09 [INFO] functional.conftest: [basalt] App opened via install
PASSED                                                                   [ 90%]
------------------------------ live log teardown -------------------------------
13:36:17 [INFO] functional.conftest: [basalt] Quitting app after test: test_long_press_select_in_edit_repeat_mode_does_nothing[basalt]

test/functional/test_timer_workflows.py::TestRepeatTimerDuringAlarm::test_hold_up_during_alarm_repeats_timer[basalt] 
-------------------------------- live log setup --------------------------------
13:36:18 [INFO] functional.conftest: [basalt] Opening app for test: test_hold_up_during_alarm_repeats_timer[basalt]
13:36:18 [INFO] functional.conftest: [basalt] Opening app via install (preserving state)
13:36:18 [INFO] functional.conftest: [basalt] Installing app on emulator
13:36:22 [INFO] functional.conftest: [basalt] App installed and transport connected
13:36:22 [INFO] functional.conftest: [basalt] App opened via install
-------------------------------- live log call ---------------------------------
13:36:23 [INFO] functional.test_timer_workflows: Waiting for chrono mode...
13:36:31 [INFO] functional.test_timer_workflows: Waiting for edit mode to expire...
13:36:35 [INFO] functional.test_timer_workflows: Pressing Select to start 4-second timer...
13:36:35 [INFO] functional.test_timer_workflows: Waiting for alarm to start...
13:36:39 [INFO] functional.test_timer_workflows: Alarm started: {'event': 'alarm_start', 't': '0:00', 'm': 'Counting', 'r': '0', 'p': '0', 'v': '1', 'd': '1', 'l': '1'}
13:36:40 [INFO] functional.test_timer_workflows: After repeat state: {'event': 'long_press_up', 't': '0:03', 'm': 'Counting', 'r': '0', 'p': '0', 'v': '0', 'd': '1', 'l': '0'}
PASSED                                                                   [ 90%]
------------------------------ live log teardown -------------------------------
13:36:40 [INFO] functional.conftest: [basalt] Quitting app after test: test_hold_up_during_alarm_repeats_timer[basalt]

test/functional/test_timer_workflows.py::TestRepeatTimerDuringAlarm::test_hold_up_during_longer_alarm_repeats_timer[basalt] 
-------------------------------- live log setup --------------------------------
13:36:42 [INFO] functional.conftest: [basalt] Opening app for test: test_hold_up_during_longer_alarm_repeats_timer[basalt]
13:36:42 [INFO] functional.conftest: [basalt] Opening app via install (preserving state)
13:36:42 [INFO] functional.conftest: [basalt] Installing app on emulator
13:36:45 [INFO] functional.conftest: [basalt] App installed and transport connected
13:36:45 [INFO] functional.conftest: [basalt] App opened via install
-------------------------------- live log call ---------------------------------
13:36:50 [INFO] functional.test_timer_workflows: Waiting for edit mode to expire...
13:36:54 [INFO] functional.test_timer_workflows: Pressing Select to start 5-second timer...
13:36:54 [INFO] functional.test_timer_workflows: Waiting for alarm to start...
13:37:04 [INFO] functional.test_timer_workflows: Alarm started: {'event': 'alarm_start', 't': '0:00', 'm': 'Counting', 'r': '0', 'p': '0', 'v': '1', 'd': '1', 'l': '1'}
13:37:06 [INFO] functional.test_timer_workflows: After repeat state: {'event': 'long_press_up', 't': '0:09', 'm': 'Counting', 'r': '0', 'p': '0', 'v': '0', 'd': '1', 'l': '0'}
PASSED                                                                   [ 90%]
------------------------------ live log teardown -------------------------------
13:37:06 [INFO] functional.conftest: [basalt] Quitting app after test: test_hold_up_during_longer_alarm_repeats_timer[basalt]

test/functional/test_timer_workflows.py::TestRepeatTimerDuringAlarm::test_hold_up_during_longer_alarm_repeats_timer_old_method[basalt] 
-------------------------------- live log setup --------------------------------
13:37:07 [INFO] functional.conftest: [basalt] Opening app for test: test_hold_up_during_longer_alarm_repeats_timer_old_method[basalt]
13:37:07 [INFO] functional.conftest: [basalt] Opening app via install (preserving state)
13:37:07 [INFO] functional.conftest: [basalt] Installing app on emulator
13:37:11 [INFO] functional.conftest: [basalt] App installed and transport connected
13:37:11 [INFO] functional.conftest: [basalt] App opened via install
-------------------------------- live log call ---------------------------------
13:37:12 [INFO] functional.test_timer_workflows: Waiting for chrono mode...
13:37:19 [INFO] functional.test_timer_workflows: Waiting for edit mode to expire...
13:37:22 [INFO] functional.test_timer_workflows: Pressing Select to start 10-second timer...
13:37:23 [INFO] functional.test_timer_workflows: Waiting for alarm to start...
13:37:33 [INFO] functional.test_timer_workflows: Alarm started: {'event': 'alarm_start', 't': '0:00', 'm': 'Counting', 'r': '0', 'p': '0', 'v': '1', 'd': '1', 'l': '1'}
13:37:34 [INFO] functional.test_timer_workflows: After repeat state: {'event': 'long_press_up', 't': '0:09', 'm': 'Counting', 'r': '0', 'p': '0', 'v': '0', 'd': '1', 'l': '0'}
PASSED                                                                   [ 90%]
------------------------------ live log teardown -------------------------------
13:37:34 [INFO] functional.conftest: [basalt] Quitting app after test: test_hold_up_during_longer_alarm_repeats_timer_old_method[basalt]

test/functional/test_timer_workflows.py::TestSubMinuteTimerStaysPaused::test_sub_minute_timer_stays_paused_after_edit_expires[basalt] 
-------------------------------- live log setup --------------------------------
13:37:36 [INFO] functional.conftest: [basalt] Opening app for test: test_sub_minute_timer_stays_paused_after_edit_expires[basalt]
13:37:36 [INFO] functional.conftest: [basalt] Opening app via install (preserving state)
13:37:36 [INFO] functional.conftest: [basalt] Installing app on emulator
13:37:39 [INFO] functional.conftest: [basalt] App installed and transport connected
13:37:39 [INFO] functional.conftest: [basalt] App opened via install
-------------------------------- live log call ---------------------------------
13:37:40 [INFO] functional.test_timer_workflows: Waiting for chrono mode...
13:37:44 [INFO] functional.test_timer_workflows: Entered New mode
13:37:46 [INFO] functional.test_timer_workflows: Entered EditSec mode
13:37:51 [INFO] functional.test_timer_workflows: Waiting for edit mode to expire...
13:37:55 [INFO] functional.test_timer_workflows: After edit expired: {'event': 'mode_change', 't': '0:10', 'm': 'Counting', 'r': '0', 'p': '1', 'v': '0', 'd': '1', 'l': '0'}
PASSED                                                                   [ 91%]
------------------------------ live log teardown -------------------------------
13:37:55 [INFO] functional.conftest: [basalt] Quitting app after test: test_sub_minute_timer_stays_paused_after_edit_expires[basalt]

test/functional/test_timer_workflows.py::TestMinuteAndSecondsTimerStaysPaused::test_minute_and_seconds_timer_stays_paused[basalt] 
-------------------------------- live log setup --------------------------------
13:37:57 [INFO] functional.conftest: [basalt] Opening app for test: test_minute_and_seconds_timer_stays_paused[basalt]
13:37:57 [INFO] functional.conftest: [basalt] Opening app via install (preserving state)
13:37:57 [INFO] functional.conftest: [basalt] Installing app on emulator
13:38:00 [INFO] functional.conftest: [basalt] App installed and transport connected
13:38:00 [INFO] functional.conftest: [basalt] App opened via install
-------------------------------- live log call ---------------------------------
13:38:06 [INFO] functional.test_timer_workflows: Entered New (edit) mode
13:38:07 [INFO] functional.test_timer_workflows: Entered EditSec mode at 0:00
13:38:18 [INFO] functional.test_timer_workflows: Waiting for edit mode to expire...
13:38:22 [INFO] functional.test_timer_workflows: After edit expired: {'event': 'mode_change', 't': '0:20', 'm': 'Counting', 'r': '0', 'p': '1', 'v': '0', 'd': '1', 'l': '0'}
PASSED                                                                   [ 91%]
------------------------------ live log teardown -------------------------------
13:38:22 [INFO] functional.conftest: [basalt] Quitting app after test: test_minute_and_seconds_timer_stays_paused[basalt]

test/functional/test_timer_workflows.py::TestEditRunningTimer::test_edit_running_timer[chalk] 
-------------------------------- live log setup --------------------------------
13:38:24 [INFO] functional.test_timer_workflows: [basalt] Tearing down - killing emulator
SKIPPED (Skipping test for chalk since --platform=basalt was specified.) [ 91%]
test/functional/test_timer_workflows.py::TestSetShortTimer::test_set_4_second_timer[chalk] SKIPPED [ 91%]
test/functional/test_timer_workflows.py::TestSnoozeCompletedTimer::test_snooze_completed_timer[chalk] SKIPPED [ 92%]
test/functional/test_timer_workflows.py::TestRepeatCompletedTimer::test_repeat_completed_timer[chalk] SKIPPED [ 92%]
test/functional/test_timer_workflows.py::TestQuietAlarmBackButton::test_quiet_alarm_with_back_button[chalk] SKIPPED [ 92%]
test/functional/test_timer_workflows.py::TestPauseCompletedTimer::test_pause_completed_timer[chalk] SKIPPED [ 93%]
test/functional/test_timer_workflows.py::TestEditCompletedTimer::test_edit_completed_timer_add_minute[chalk] SKIPPED [ 93%]
test/functional/test_timer_workflows.py::TestEnableRepeatingTimer::test_enable_repeating_timer[chalk] SKIPPED [ 93%]
test/functional/test_timer_workflows.py::TestEditModeReset::test_long_press_select_in_edit_mode_resets_to_edit_seconds[chalk] SKIPPED [ 93%]
test/functional/test_timer_workflows.py::TestEditSecModeNoOp::test_long_press_select_in_edit_sec_mode_does_nothing[chalk] SKIPPED [ 94%]
test/functional/test_timer_workflows.py::TestEditRepeatModeNoOp::test_long_press_select_in_edit_repeat_mode_does_nothing[chalk] SKIPPED [ 94%]
test/functional/test_timer_workflows.py::TestRepeatTimerDuringAlarm::test_hold_up_during_alarm_repeats_timer[chalk] SKIPPED [ 94%]
test/functional/test_timer_workflows.py::TestRepeatTimerDuringAlarm::test_hold_up_during_longer_alarm_repeats_timer[chalk] SKIPPED [ 94%]
test/functional/test_timer_workflows.py::TestRepeatTimerDuringAlarm::test_hold_up_during_longer_alarm_repeats_timer_old_method[chalk] SKIPPED [ 95%]
test/functional/test_timer_workflows.py::TestSubMinuteTimerStaysPaused::test_sub_minute_timer_stays_paused_after_edit_expires[chalk] SKIPPED [ 95%]
test/functional/test_timer_workflows.py::TestMinuteAndSecondsTimerStaysPaused::test_minute_and_seconds_timer_stays_paused[chalk] SKIPPED [ 95%]
test/functional/test_timer_workflows.py::TestEditRunningTimer::test_edit_running_timer[diorite] SKIPPED [ 95%]
test/functional/test_timer_workflows.py::TestSetShortTimer::test_set_4_second_timer[diorite] SKIPPED [ 96%]
test/functional/test_timer_workflows.py::TestSnoozeCompletedTimer::test_snooze_completed_timer[diorite] SKIPPED [ 96%]
test/functional/test_timer_workflows.py::TestRepeatCompletedTimer::test_repeat_completed_timer[diorite] SKIPPED [ 96%]
test/functional/test_timer_workflows.py::TestQuietAlarmBackButton::test_quiet_alarm_with_back_button[diorite] SKIPPED [ 97%]
test/functional/test_timer_workflows.py::TestPauseCompletedTimer::test_pause_completed_timer[diorite] SKIPPED [ 97%]
test/functional/test_timer_workflows.py::TestEditCompletedTimer::test_edit_completed_timer_add_minute[diorite] SKIPPED [ 97%]
test/functional/test_timer_workflows.py::TestEnableRepeatingTimer::test_enable_repeating_timer[diorite] SKIPPED [ 97%]
test/functional/test_timer_workflows.py::TestEditModeReset::test_long_press_select_in_edit_mode_resets_to_edit_seconds[diorite] SKIPPED [ 98%]
test/functional/test_timer_workflows.py::TestEditSecModeNoOp::test_long_press_select_in_edit_sec_mode_does_nothing[diorite] SKIPPED [ 98%]
test/functional/test_timer_workflows.py::TestEditRepeatModeNoOp::test_long_press_select_in_edit_repeat_mode_does_nothing[diorite] SKIPPED [ 98%]
test/functional/test_timer_workflows.py::TestRepeatTimerDuringAlarm::test_hold_up_during_alarm_repeats_timer[diorite] SKIPPED [ 98%]
test/functional/test_timer_workflows.py::TestRepeatTimerDuringAlarm::test_hold_up_during_longer_alarm_repeats_timer[diorite] SKIPPED [ 99%]
test/functional/test_timer_workflows.py::TestRepeatTimerDuringAlarm::test_hold_up_during_longer_alarm_repeats_timer_old_method[diorite] SKIPPED [ 99%]
test/functional/test_timer_workflows.py::TestSubMinuteTimerStaysPaused::test_sub_minute_timer_stays_paused_after_edit_expires[diorite] SKIPPED [ 99%]
test/functional/test_timer_workflows.py::TestMinuteAndSecondsTimerStaysPaused::test_minute_and_seconds_timer_stays_paused[diorite] SKIPPED [100%]

=================================== FAILURES ===================================
____________ TestEditRepeatIcons.test_editrepeat_back_icon[basalt] _____________

self = <functional.test_button_icons.TestEditRepeatIcons object at 0x775440e406d0>
persistent_emulator = <functional.conftest.EmulatorHelper object at 0x77543f026500>

    def test_editrepeat_back_icon(self, persistent_emulator):
        """Verify reset count indicator for Back button in EditRepeat mode.
    
        Note: has_icon_content threshold check skipped because the icon
        may have fewer non-bg pixels than the default threshold of 100.
        """
        emulator = persistent_emulator
        platform = emulator.platform
        screenshot = self._enter_editrepeat(emulator)
        region = get_region(platform, "BACK")
        # Verify it has some content
        assert has_icon_content(screenshot, region, threshold=50), (
            "Expected Reset Count icon content in Back button region in EditRepeat mode"
        )
>       assert matches_icon_reference(screenshot, region, "editrepeat_back", platform=platform, tolerance=30), (
            "Reset Count icon does not match reference mask"
        )
E       AssertionError: Reset Count icon does not match reference mask
E       assert False
E        +  where False = matches_icon_reference(<PIL.PngImagePlugin.PngImageFile image mode=RGBA size=144x168 at 0x775440E1EF20>, (0, 5, 35, 40), 'editrepeat_back', platform='basalt', tolerance=30)

test/functional/test_button_icons.py:827: AssertionError
------------------------------ Captured log setup ------------------------------
13:21:19 [INFO] functional.conftest: [basalt] Opening app for test: test_editrepeat_back_icon[basalt]
13:21:19 [INFO] functional.conftest: [basalt] Opening app via install (preserving state)
13:21:19 [INFO] functional.conftest: [basalt] Installing app on emulator
13:21:22 [INFO] functional.conftest: [basalt] App installed and transport connected
13:21:22 [INFO] functional.conftest: [basalt] App opened via install
------------------------------ Captured log call -------------------------------
13:21:30 [WARNING] functional.test_button_icons: Icon mask mismatch for 'editrepeat_back' on basalt: 47 pixels differ (tolerance=30)
---------------------------- Captured log teardown -----------------------------
13:21:30 [INFO] functional.conftest: [basalt] Quitting app after test: test_editrepeat_back_icon[basalt]
=============================== warnings summary ===============================
test_create_timer.py::TestCreateTimer::test_initial_state_shows_new[basalt]
  /home/jared/Workspace/pebble-timer-quick/conda-env/lib/python3.10/site-packages/easyocr/detection.py:81: DeprecationWarning: torch.ao.quantization is deprecated and will be removed in 2.10. 
  For migrations of users: 
  1. Eager mode quantization (torch.ao.quantization.quantize, torch.ao.quantization.quantize_dynamic), please migrate to use torchao eager mode quantize_ API instead 
  2. FX graph mode quantization (torch.ao.quantization.quantize_fx.prepare_fx,torch.ao.quantization.quantize_fx.convert_fx, please migrate to use torchao pt2e quantization API instead (prepare_pt2e, convert_pt2e) 
  3. pt2e quantization has been migrated to torchao (https://github.com/pytorch/ao/tree/main/torchao/quantization/pt2e) 
  see https://github.com/pytorch/ao/issues/2259 for more details
    torch.quantization.quantize_dynamic(net, dtype=torch.qint8, inplace=True)

test_create_timer.py::TestCreateTimer::test_initial_state_shows_new[basalt]
test_create_timer.py::TestCreateTimer::test_initial_state_shows_new[basalt]
  /home/jared/Workspace/pebble-timer-quick/conda-env/lib/python3.10/site-packages/torch/ao/quantization/quantize.py:570: DeprecationWarning: torch.ao.quantization is deprecated and will be removed in 2.10. 
  For migrations of users: 
  1. Eager mode quantization (torch.ao.quantization.quantize, torch.ao.quantization.quantize_dynamic), please migrate to use torchao eager mode quantize_ API instead 
  2. FX graph mode quantization (torch.ao.quantization.quantize_fx.prepare_fx,torch.ao.quantization.quantize_fx.convert_fx, please migrate to use torchao pt2e quantization API instead (prepare_pt2e, convert_pt2e) 
  3. pt2e quantization has been migrated to torchao (https://github.com/pytorch/ao/tree/main/torchao/quantization/pt2e) 
  see https://github.com/pytorch/ao/issues/2259 for more details
    convert(model, mapping, inplace=True)

test_create_timer.py::TestCreateTimer::test_initial_state_shows_new[basalt]
  /home/jared/Workspace/pebble-timer-quick/conda-env/lib/python3.10/site-packages/easyocr/recognition.py:177: DeprecationWarning: torch.ao.quantization is deprecated and will be removed in 2.10. 
  For migrations of users: 
  1. Eager mode quantization (torch.ao.quantization.quantize, torch.ao.quantization.quantize_dynamic), please migrate to use torchao eager mode quantize_ API instead 
  2. FX graph mode quantization (torch.ao.quantization.quantize_fx.prepare_fx,torch.ao.quantization.quantize_fx.convert_fx, please migrate to use torchao pt2e quantization API instead (prepare_pt2e, convert_pt2e) 
  3. pt2e quantization has been migrated to torchao (https://github.com/pytorch/ao/tree/main/torchao/quantization/pt2e) 
  see https://github.com/pytorch/ao/issues/2259 for more details
    torch.quantization.quantize_dynamic(model, dtype=torch.qint8, inplace=True)

test_create_timer.py::TestCreateTimer::test_initial_state_shows_new[basalt]
test_create_timer.py::TestCreateTimer::test_down_button_increments_minutes[basalt]
test_create_timer.py::TestButtonPresses::test_select_button_increments_5_minutes[basalt]
test_create_timer.py::TestTimerCountdown::test_timer_counts_down[basalt]
test_create_timer.py::TestChronoMode::test_chrono_mode_counts_up[basalt]
test_create_timer.py::TestPlayPause::test_select_toggles_play_pause_in_counting_mode[basalt]
test_create_timer.py::TestLongPressReset::test_long_press_select_resets_timer[basalt]
test_timer_workflows.py::TestSetShortTimer::test_set_4_second_timer[basalt]
  /home/jared/Workspace/pebble-timer-quick/conda-env/lib/python3.10/site-packages/torch/utils/data/dataloader.py:775: UserWarning: 'pin_memory' argument is set as true but no accelerator is found, then device pinned memory won't be used.
    super().__init__(loader)

-- Docs: https://docs.pytest.org/en/stable/how-to/capture-warnings.html
=========================== short test summary info ============================
FAILED test/functional/test_button_icons.py::TestEditRepeatIcons::test_editrepeat_back_icon[basalt]
===== 1 failed, 87 passed, 284 skipped, 12 warnings in 1471.17s (0:24:31) ======
