============================= test session starts ==============================
platform linux -- Python 3.10.19, pytest-9.0.2, pluggy-1.6.0 -- /home/jared/Workspace/pebble-timer-quick/conda-env/bin/python3.10
cachedir: .pytest_cache
rootdir: /home/jared/Workspace/pebble-timer-quick/test/functional
configfile: pytest.ini
plugins: anyio-4.12.1
collecting ... collected 435 items

test/functional/test_button_icons.py::TestAlarmIcons::test_alarm_back_icon_silence[aplite] SKIPPED [  0%]
test/functional/test_button_icons.py::TestAlarmIcons::test_alarm_up_icon_edit[aplite] SKIPPED [  0%]
test/functional/test_button_icons.py::TestAlarmIcons::test_alarm_long_up_icon_reset[aplite] SKIPPED [  0%]
test/functional/test_button_icons.py::TestAlarmIcons::test_alarm_select_icon_pause[aplite] SKIPPED [  0%]
test/functional/test_button_icons.py::TestAlarmIcons::test_alarm_down_icon_snooze[aplite] SKIPPED [  1%]
test/functional/test_button_icons.py::TestNewModeIcons::test_new_back_icon[aplite] SKIPPED [  1%]
test/functional/test_button_icons.py::TestNewModeIcons::test_new_up_icon[aplite] SKIPPED [  1%]
test/functional/test_button_icons.py::TestNewModeIcons::test_new_select_icon[aplite] SKIPPED [  1%]
test/functional/test_button_icons.py::TestNewModeIcons::test_new_down_icon[aplite] SKIPPED [  2%]
test/functional/test_button_icons.py::TestNewModeIcons::test_new_long_up_direction_toggle[aplite] SKIPPED [  2%]
test/functional/test_button_icons.py::TestNewModeIcons::test_new_long_select_icon[aplite] SKIPPED [  2%]
test/functional/test_button_icons.py::TestNewModeIcons::test_new_long_down_icon[aplite] SKIPPED [  2%]
test/functional/test_button_icons.py::TestEditSecIcons::test_editsec_back_icon[aplite] SKIPPED [  2%]
test/functional/test_button_icons.py::TestEditSecIcons::test_editsec_up_icon[aplite] SKIPPED [  3%]
test/functional/test_button_icons.py::TestEditSecIcons::test_editsec_select_icon[aplite] SKIPPED [  3%]
test/functional/test_button_icons.py::TestEditSecIcons::test_editsec_down_icon[aplite] SKIPPED [  3%]
test/functional/test_button_icons.py::TestEditSecIcons::test_editsec_long_up_direction_toggle[aplite] SKIPPED [  3%]
test/functional/test_button_icons.py::TestCountingIcons::test_counting_back_icon[aplite] SKIPPED [  4%]
test/functional/test_button_icons.py::TestCountingIcons::test_counting_up_icon[aplite] SKIPPED [  4%]
test/functional/test_button_icons.py::TestCountingIcons::test_counting_select_icon[aplite] SKIPPED [  4%]
test/functional/test_button_icons.py::TestCountingIcons::test_counting_down_icon[aplite] SKIPPED [  4%]
test/functional/test_button_icons.py::TestCountingIcons::test_counting_long_up_icon[aplite] SKIPPED [  5%]
test/functional/test_button_icons.py::TestCountingIcons::test_counting_long_select_icon[aplite] SKIPPED [  5%]
test/functional/test_button_icons.py::TestCountingIcons::test_counting_long_down_icon[aplite] SKIPPED [  5%]
test/functional/test_button_icons.py::TestPausedIcons::test_paused_select_icon_play[aplite] SKIPPED [  5%]
test/functional/test_button_icons.py::TestChronoIcons::test_chrono_select_icon[aplite] SKIPPED [  5%]
test/functional/test_button_icons.py::TestChronoIcons::test_chrono_long_select_icon[aplite] SKIPPED [  6%]
test/functional/test_button_icons.py::TestEditRepeatIcons::test_editrepeat_back_icon[aplite] SKIPPED [  6%]
test/functional/test_button_icons.py::TestEditRepeatIcons::test_editrepeat_up_icon[aplite] SKIPPED [  6%]
test/functional/test_button_icons.py::TestEditRepeatIcons::test_editrepeat_select_icon[aplite] SKIPPED [  6%]
test/functional/test_button_icons.py::TestEditRepeatIcons::test_editrepeat_down_icon[aplite] SKIPPED [  7%]
test/functional/test_button_icons.py::TestAlarmIcons::test_alarm_back_icon_silence[basalt] 
-------------------------------- live log setup --------------------------------
10:35:45 [INFO] functional.test_button_icons: [basalt] Starting warm-up cycle
10:35:49 [INFO] functional.conftest: [basalt] Installing app on emulator
10:35:57 [INFO] functional.conftest: [basalt] App installed and transport connected
10:35:57 [INFO] functional.test_button_icons: [basalt] Waiting for emulator to stabilize (2s)
10:35:58 [INFO] pebble_tool.util.updates: Update check failed: 404 (Not Found)
10:35:59 [INFO] functional.test_button_icons: [basalt] Holding down button to quit app and set persist state
10:36:02 [INFO] functional.test_button_icons: [basalt] Emulator ready for tests
10:36:02 [INFO] functional.conftest: [basalt] Opening app for test: test_alarm_back_icon_silence[basalt]
10:36:02 [INFO] functional.conftest: [basalt] Opening app via install (preserving state)
10:36:02 [INFO] functional.conftest: [basalt] Installing app on emulator
10:36:05 [INFO] functional.conftest: [basalt] App installed and transport connected
10:36:05 [INFO] functional.conftest: [basalt] App opened via install
-------------------------------- live log call ---------------------------------
10:36:07 [INFO] functional.test_button_icons: [basalt] Setting up 4s timer for icon test
10:36:14 [INFO] functional.test_button_icons: [basalt] Short timer set to 4s, waiting for expire
10:36:18 [INFO] functional.test_button_icons: [basalt] Short timer started, counting down from 4s
10:36:25 [INFO] functional.test_button_icons: All captured states: [{'event': 'mode_change', 't': '0:03', 'm': 'Counting', 'r': '0', 'p': '0', 'v': '0', 'd': '1'}, {'event': 'button_up', 't': '0:05', 'm': 'New', 'r': '0', 'p': '0', 'v': '0', 'd': '1'}, {'event': 'long_press_select', 't': '0:00', 'm': 'EditSec', 'r': '0', 'p': '1', 'v': '0', 'd': '1'}, {'event': 'button_down', 't': '0:01', 'm': 'EditSec', 'r': '0', 'p': '1', 'v': '0', 'd': '1'}, {'event': 'button_down', 't': '0:02', 'm': 'EditSec', 'r': '0', 'p': '1', 'v': '0', 'd': '1'}, {'event': 'button_down', 't': '0:03', 'm': 'EditSec', 'r': '0', 'p': '1', 'v': '0', 'd': '1'}, {'event': 'button_down', 't': '0:04', 'm': 'EditSec', 'r': '0', 'p': '1', 'v': '0', 'd': '1'}, {'event': 'mode_change', 't': '0:04', 'm': 'Counting', 'r': '0', 'p': '1', 'v': '0', 'd': '1'}, {'event': 'button_select', 't': '0:04', 'm': 'Counting', 'r': '0', 'p': '0', 'v': '0', 'd': '1'}, {'event': 'alarm_start', 't': '0:00', 'm': 'Counting', 'r': '0', 'p': '0', 'v': '1', 'd': '1'}]
PASSED                                                                   [  7%]
------------------------------ live log teardown -------------------------------
10:36:25 [INFO] functional.conftest: [basalt] Quitting app after test: test_alarm_back_icon_silence[basalt]

test/functional/test_button_icons.py::TestAlarmIcons::test_alarm_up_icon_edit[basalt] 
-------------------------------- live log setup --------------------------------
10:36:27 [INFO] functional.conftest: [basalt] Opening app for test: test_alarm_up_icon_edit[basalt]
10:36:27 [INFO] functional.conftest: [basalt] Opening app via install (preserving state)
10:36:27 [INFO] functional.conftest: [basalt] Installing app on emulator
10:36:30 [INFO] functional.conftest: [basalt] App installed and transport connected
10:36:30 [INFO] functional.conftest: [basalt] App opened via install
-------------------------------- live log call ---------------------------------
10:36:30 [INFO] functional.test_button_icons: [basalt] Setting up 4s timer for icon test
10:36:38 [INFO] functional.test_button_icons: [basalt] Short timer set to 4s, waiting for expire
10:36:42 [INFO] functional.test_button_icons: [basalt] Short timer started, counting down from 4s
PASSED                                                                   [  7%]
------------------------------ live log teardown -------------------------------
10:36:48 [INFO] functional.conftest: [basalt] Quitting app after test: test_alarm_up_icon_edit[basalt]

test/functional/test_button_icons.py::TestAlarmIcons::test_alarm_long_up_icon_reset[basalt] 
-------------------------------- live log setup --------------------------------
10:36:50 [INFO] functional.conftest: [basalt] Opening app for test: test_alarm_long_up_icon_reset[basalt]
10:36:50 [INFO] functional.conftest: [basalt] Opening app via install (preserving state)
10:36:50 [INFO] functional.conftest: [basalt] Installing app on emulator
10:36:53 [INFO] functional.conftest: [basalt] App installed and transport connected
10:36:53 [INFO] functional.conftest: [basalt] App opened via install
-------------------------------- live log call ---------------------------------
10:36:54 [INFO] functional.test_button_icons: [basalt] Setting up 4s timer for icon test
10:37:01 [INFO] functional.test_button_icons: [basalt] Short timer set to 4s, waiting for expire
10:37:05 [INFO] functional.test_button_icons: [basalt] Short timer started, counting down from 4s
PASSED                                                                   [  7%]
------------------------------ live log teardown -------------------------------
10:37:12 [INFO] functional.conftest: [basalt] Quitting app after test: test_alarm_long_up_icon_reset[basalt]

test/functional/test_button_icons.py::TestAlarmIcons::test_alarm_select_icon_pause[basalt] 
-------------------------------- live log setup --------------------------------
10:37:14 [INFO] functional.conftest: [basalt] Opening app for test: test_alarm_select_icon_pause[basalt]
10:37:14 [INFO] functional.conftest: [basalt] Opening app via install (preserving state)
10:37:14 [INFO] functional.conftest: [basalt] Installing app on emulator
10:37:17 [INFO] functional.conftest: [basalt] App installed and transport connected
10:37:17 [INFO] functional.conftest: [basalt] App opened via install
-------------------------------- live log call ---------------------------------
10:37:17 [INFO] functional.test_button_icons: [basalt] Setting up 4s timer for icon test
10:37:25 [INFO] functional.test_button_icons: [basalt] Short timer set to 4s, waiting for expire
10:37:29 [INFO] functional.test_button_icons: [basalt] Short timer started, counting down from 4s
PASSED                                                                   [  8%]
------------------------------ live log teardown -------------------------------
10:37:36 [INFO] functional.conftest: [basalt] Quitting app after test: test_alarm_select_icon_pause[basalt]

test/functional/test_button_icons.py::TestAlarmIcons::test_alarm_down_icon_snooze[basalt] 
-------------------------------- live log setup --------------------------------
10:37:38 [INFO] functional.conftest: [basalt] Opening app for test: test_alarm_down_icon_snooze[basalt]
10:37:38 [INFO] functional.conftest: [basalt] Opening app via install (preserving state)
10:37:38 [INFO] functional.conftest: [basalt] Installing app on emulator
10:37:41 [INFO] functional.conftest: [basalt] App installed and transport connected
10:37:41 [INFO] functional.conftest: [basalt] App opened via install
-------------------------------- live log call ---------------------------------
10:37:41 [INFO] functional.test_button_icons: [basalt] Setting up 4s timer for icon test
10:37:49 [INFO] functional.test_button_icons: [basalt] Short timer set to 4s, waiting for expire
10:37:53 [INFO] functional.test_button_icons: [basalt] Short timer started, counting down from 4s
PASSED                                                                   [  8%]
------------------------------ live log teardown -------------------------------
10:37:59 [INFO] functional.conftest: [basalt] Quitting app after test: test_alarm_down_icon_snooze[basalt]

test/functional/test_button_icons.py::TestNewModeIcons::test_new_back_icon[basalt] 
-------------------------------- live log setup --------------------------------
10:38:01 [INFO] functional.conftest: [basalt] Opening app for test: test_new_back_icon[basalt]
10:38:01 [INFO] functional.conftest: [basalt] Opening app via install (preserving state)
10:38:01 [INFO] functional.conftest: [basalt] Installing app on emulator
10:38:04 [INFO] functional.conftest: [basalt] App installed and transport connected
10:38:04 [INFO] functional.conftest: [basalt] App opened via install
PASSED                                                                   [  8%]
------------------------------ live log teardown -------------------------------
10:38:06 [INFO] functional.conftest: [basalt] Quitting app after test: test_new_back_icon[basalt]

test/functional/test_button_icons.py::TestNewModeIcons::test_new_up_icon[basalt] 
-------------------------------- live log setup --------------------------------
10:38:08 [INFO] functional.conftest: [basalt] Opening app for test: test_new_up_icon[basalt]
10:38:08 [INFO] functional.conftest: [basalt] Opening app via install (preserving state)
10:38:08 [INFO] functional.conftest: [basalt] Installing app on emulator
10:38:11 [INFO] functional.conftest: [basalt] App installed and transport connected
10:38:11 [INFO] functional.conftest: [basalt] App opened via install
PASSED                                                                   [  8%]
------------------------------ live log teardown -------------------------------
10:38:12 [INFO] functional.conftest: [basalt] Quitting app after test: test_new_up_icon[basalt]

test/functional/test_button_icons.py::TestNewModeIcons::test_new_select_icon[basalt] 
-------------------------------- live log setup --------------------------------
10:38:14 [INFO] functional.conftest: [basalt] Opening app for test: test_new_select_icon[basalt]
10:38:14 [INFO] functional.conftest: [basalt] Opening app via install (preserving state)
10:38:14 [INFO] functional.conftest: [basalt] Installing app on emulator
10:38:17 [INFO] functional.conftest: [basalt] App installed and transport connected
10:38:17 [INFO] functional.conftest: [basalt] App opened via install
PASSED                                                                   [  8%]
------------------------------ live log teardown -------------------------------
10:38:19 [INFO] functional.conftest: [basalt] Quitting app after test: test_new_select_icon[basalt]

test/functional/test_button_icons.py::TestNewModeIcons::test_new_down_icon[basalt] 
-------------------------------- live log setup --------------------------------
10:38:21 [INFO] functional.conftest: [basalt] Opening app for test: test_new_down_icon[basalt]
10:38:21 [INFO] functional.conftest: [basalt] Opening app via install (preserving state)
10:38:21 [INFO] functional.conftest: [basalt] Installing app on emulator
10:38:24 [INFO] functional.conftest: [basalt] App installed and transport connected
10:38:24 [INFO] functional.conftest: [basalt] App opened via install
PASSED                                                                   [  9%]
------------------------------ live log teardown -------------------------------
10:38:25 [INFO] functional.conftest: [basalt] Quitting app after test: test_new_down_icon[basalt]

test/functional/test_button_icons.py::TestNewModeIcons::test_new_long_up_direction_toggle[basalt] 
-------------------------------- live log setup --------------------------------
10:38:27 [INFO] functional.conftest: [basalt] Opening app for test: test_new_long_up_direction_toggle[basalt]
10:38:27 [INFO] functional.conftest: [basalt] Opening app via install (preserving state)
10:38:27 [INFO] functional.conftest: [basalt] Installing app on emulator
10:38:30 [INFO] functional.conftest: [basalt] App installed and transport connected
10:38:30 [INFO] functional.conftest: [basalt] App opened via install
PASSED                                                                   [  9%]
------------------------------ live log teardown -------------------------------
10:38:33 [INFO] functional.conftest: [basalt] Quitting app after test: test_new_long_up_direction_toggle[basalt]

test/functional/test_button_icons.py::TestNewModeIcons::test_new_long_select_icon[basalt] 
-------------------------------- live log setup --------------------------------
10:38:35 [INFO] functional.conftest: [basalt] Opening app for test: test_new_long_select_icon[basalt]
10:38:35 [INFO] functional.conftest: [basalt] Opening app via install (preserving state)
10:38:35 [INFO] functional.conftest: [basalt] Installing app on emulator
10:38:38 [INFO] functional.conftest: [basalt] App installed and transport connected
10:38:38 [INFO] functional.conftest: [basalt] App opened via install
SKIPPED (Long press select icon disabled due to display overlap (see...) [  9%]
------------------------------ live log teardown -------------------------------
10:38:38 [INFO] functional.conftest: [basalt] Quitting app after test: test_new_long_select_icon[basalt]

test/functional/test_button_icons.py::TestNewModeIcons::test_new_long_down_icon[basalt] 
-------------------------------- live log setup --------------------------------
10:38:40 [INFO] functional.conftest: [basalt] Opening app for test: test_new_long_down_icon[basalt]
10:38:40 [INFO] functional.conftest: [basalt] Opening app via install (preserving state)
10:38:40 [INFO] functional.conftest: [basalt] Installing app on emulator
10:38:43 [INFO] functional.conftest: [basalt] App installed and transport connected
10:38:43 [INFO] functional.conftest: [basalt] App opened via install
PASSED                                                                   [  9%]
------------------------------ live log teardown -------------------------------
10:38:45 [INFO] functional.conftest: [basalt] Quitting app after test: test_new_long_down_icon[basalt]

test/functional/test_button_icons.py::TestEditSecIcons::test_editsec_back_icon[basalt] 
-------------------------------- live log setup --------------------------------
10:38:47 [INFO] functional.conftest: [basalt] Opening app for test: test_editsec_back_icon[basalt]
10:38:47 [INFO] functional.conftest: [basalt] Opening app via install (preserving state)
10:38:47 [INFO] functional.conftest: [basalt] Installing app on emulator
10:38:50 [INFO] functional.conftest: [basalt] App installed and transport connected
10:38:50 [INFO] functional.conftest: [basalt] App opened via install
PASSED                                                                   [ 10%]
------------------------------ live log teardown -------------------------------
10:38:56 [INFO] functional.conftest: [basalt] Quitting app after test: test_editsec_back_icon[basalt]

test/functional/test_button_icons.py::TestEditSecIcons::test_editsec_up_icon[basalt] 
-------------------------------- live log setup --------------------------------
10:38:58 [INFO] functional.conftest: [basalt] Opening app for test: test_editsec_up_icon[basalt]
10:38:58 [INFO] functional.conftest: [basalt] Opening app via install (preserving state)
10:38:58 [INFO] functional.conftest: [basalt] Installing app on emulator
10:39:01 [INFO] functional.conftest: [basalt] App installed and transport connected
10:39:01 [INFO] functional.conftest: [basalt] App opened via install
PASSED                                                                   [ 10%]
------------------------------ live log teardown -------------------------------
10:39:08 [INFO] functional.conftest: [basalt] Quitting app after test: test_editsec_up_icon[basalt]

test/functional/test_button_icons.py::TestEditSecIcons::test_editsec_select_icon[basalt] 
-------------------------------- live log setup --------------------------------
10:39:09 [INFO] functional.conftest: [basalt] Opening app for test: test_editsec_select_icon[basalt]
10:39:09 [INFO] functional.conftest: [basalt] Opening app via install (preserving state)
10:39:09 [INFO] functional.conftest: [basalt] Installing app on emulator
10:39:13 [INFO] functional.conftest: [basalt] App installed and transport connected
10:39:13 [INFO] functional.conftest: [basalt] App opened via install
PASSED                                                                   [ 10%]
------------------------------ live log teardown -------------------------------
10:39:19 [INFO] functional.conftest: [basalt] Quitting app after test: test_editsec_select_icon[basalt]

test/functional/test_button_icons.py::TestEditSecIcons::test_editsec_down_icon[basalt] 
-------------------------------- live log setup --------------------------------
10:39:21 [INFO] functional.conftest: [basalt] Opening app for test: test_editsec_down_icon[basalt]
10:39:21 [INFO] functional.conftest: [basalt] Opening app via install (preserving state)
10:39:21 [INFO] functional.conftest: [basalt] Installing app on emulator
10:39:24 [INFO] functional.conftest: [basalt] App installed and transport connected
10:39:24 [INFO] functional.conftest: [basalt] App opened via install
PASSED                                                                   [ 10%]
------------------------------ live log teardown -------------------------------
10:39:31 [INFO] functional.conftest: [basalt] Quitting app after test: test_editsec_down_icon[basalt]

test/functional/test_button_icons.py::TestEditSecIcons::test_editsec_long_up_direction_toggle[basalt] 
-------------------------------- live log setup --------------------------------
10:39:33 [INFO] functional.conftest: [basalt] Opening app for test: test_editsec_long_up_direction_toggle[basalt]
10:39:33 [INFO] functional.conftest: [basalt] Opening app via install (preserving state)
10:39:33 [INFO] functional.conftest: [basalt] Installing app on emulator
10:39:36 [INFO] functional.conftest: [basalt] App installed and transport connected
10:39:36 [INFO] functional.conftest: [basalt] App opened via install
PASSED                                                                   [ 11%]
------------------------------ live log teardown -------------------------------
10:39:42 [INFO] functional.conftest: [basalt] Quitting app after test: test_editsec_long_up_direction_toggle[basalt]

test/functional/test_button_icons.py::TestCountingIcons::test_counting_back_icon[basalt] 
-------------------------------- live log setup --------------------------------
10:39:44 [INFO] functional.conftest: [basalt] Opening app for test: test_counting_back_icon[basalt]
10:39:44 [INFO] functional.conftest: [basalt] Opening app via install (preserving state)
10:39:44 [INFO] functional.conftest: [basalt] Installing app on emulator
10:39:47 [INFO] functional.conftest: [basalt] App installed and transport connected
10:39:47 [INFO] functional.conftest: [basalt] App opened via install
PASSED                                                                   [ 11%]
------------------------------ live log teardown -------------------------------
10:39:53 [INFO] functional.conftest: [basalt] Quitting app after test: test_counting_back_icon[basalt]

test/functional/test_button_icons.py::TestCountingIcons::test_counting_up_icon[basalt] 
-------------------------------- live log setup --------------------------------
10:39:55 [INFO] functional.conftest: [basalt] Opening app for test: test_counting_up_icon[basalt]
10:39:55 [INFO] functional.conftest: [basalt] Opening app via install (preserving state)
10:39:55 [INFO] functional.conftest: [basalt] Installing app on emulator
10:39:58 [INFO] functional.conftest: [basalt] App installed and transport connected
10:39:58 [INFO] functional.conftest: [basalt] App opened via install
PASSED                                                                   [ 11%]
------------------------------ live log teardown -------------------------------
10:40:04 [INFO] functional.conftest: [basalt] Quitting app after test: test_counting_up_icon[basalt]

test/functional/test_button_icons.py::TestCountingIcons::test_counting_select_icon[basalt] 
-------------------------------- live log setup --------------------------------
10:40:06 [INFO] functional.conftest: [basalt] Opening app for test: test_counting_select_icon[basalt]
10:40:06 [INFO] functional.conftest: [basalt] Opening app via install (preserving state)
10:40:06 [INFO] functional.conftest: [basalt] Installing app on emulator
10:40:09 [INFO] functional.conftest: [basalt] App installed and transport connected
10:40:09 [INFO] functional.conftest: [basalt] App opened via install
PASSED                                                                   [ 11%]
------------------------------ live log teardown -------------------------------
10:40:15 [INFO] functional.conftest: [basalt] Quitting app after test: test_counting_select_icon[basalt]

test/functional/test_button_icons.py::TestCountingIcons::test_counting_down_icon[basalt] 
-------------------------------- live log setup --------------------------------
10:40:17 [INFO] functional.conftest: [basalt] Opening app for test: test_counting_down_icon[basalt]
10:40:17 [INFO] functional.conftest: [basalt] Opening app via install (preserving state)
10:40:17 [INFO] functional.conftest: [basalt] Installing app on emulator
10:40:20 [INFO] functional.conftest: [basalt] App installed and transport connected
10:40:20 [INFO] functional.conftest: [basalt] App opened via install
PASSED                                                                   [ 11%]
------------------------------ live log teardown -------------------------------
10:40:26 [INFO] functional.conftest: [basalt] Quitting app after test: test_counting_down_icon[basalt]

test/functional/test_button_icons.py::TestCountingIcons::test_counting_long_up_icon[basalt] 
-------------------------------- live log setup --------------------------------
10:40:28 [INFO] functional.conftest: [basalt] Opening app for test: test_counting_long_up_icon[basalt]
10:40:28 [INFO] functional.conftest: [basalt] Opening app via install (preserving state)
10:40:28 [INFO] functional.conftest: [basalt] Installing app on emulator
10:40:31 [INFO] functional.conftest: [basalt] App installed and transport connected
10:40:31 [INFO] functional.conftest: [basalt] App opened via install
PASSED                                                                   [ 12%]
------------------------------ live log teardown -------------------------------
10:40:37 [INFO] functional.conftest: [basalt] Quitting app after test: test_counting_long_up_icon[basalt]

test/functional/test_button_icons.py::TestCountingIcons::test_counting_long_select_icon[basalt] 
-------------------------------- live log setup --------------------------------
10:40:39 [INFO] functional.conftest: [basalt] Opening app for test: test_counting_long_select_icon[basalt]
10:40:39 [INFO] functional.conftest: [basalt] Opening app via install (preserving state)
10:40:39 [INFO] functional.conftest: [basalt] Installing app on emulator
10:40:42 [INFO] functional.conftest: [basalt] App installed and transport connected
10:40:42 [INFO] functional.conftest: [basalt] App opened via install
SKIPPED (Long press select icon disabled due to display overlap (see...) [ 12%]
------------------------------ live log teardown -------------------------------
10:40:42 [INFO] functional.conftest: [basalt] Quitting app after test: test_counting_long_select_icon[basalt]

test/functional/test_button_icons.py::TestCountingIcons::test_counting_long_down_icon[basalt] 
-------------------------------- live log setup --------------------------------
10:40:44 [INFO] functional.conftest: [basalt] Opening app for test: test_counting_long_down_icon[basalt]
10:40:44 [INFO] functional.conftest: [basalt] Opening app via install (preserving state)
10:40:44 [INFO] functional.conftest: [basalt] Installing app on emulator
10:40:47 [INFO] functional.conftest: [basalt] App installed and transport connected
10:40:47 [INFO] functional.conftest: [basalt] App opened via install
PASSED                                                                   [ 12%]
------------------------------ live log teardown -------------------------------
10:40:53 [INFO] functional.conftest: [basalt] Quitting app after test: test_counting_long_down_icon[basalt]

test/functional/test_button_icons.py::TestPausedIcons::test_paused_select_icon_play[basalt] 
-------------------------------- live log setup --------------------------------
10:40:55 [INFO] functional.conftest: [basalt] Opening app for test: test_paused_select_icon_play[basalt]
10:40:55 [INFO] functional.conftest: [basalt] Opening app via install (preserving state)
10:40:55 [INFO] functional.conftest: [basalt] Installing app on emulator
10:40:58 [INFO] functional.conftest: [basalt] App installed and transport connected
10:40:58 [INFO] functional.conftest: [basalt] App opened via install
PASSED                                                                   [ 12%]
------------------------------ live log teardown -------------------------------
10:41:05 [INFO] functional.conftest: [basalt] Quitting app after test: test_paused_select_icon_play[basalt]

test/functional/test_button_icons.py::TestChronoIcons::test_chrono_select_icon[basalt] 
-------------------------------- live log setup --------------------------------
10:41:07 [INFO] functional.conftest: [basalt] Opening app for test: test_chrono_select_icon[basalt]
10:41:07 [INFO] functional.conftest: [basalt] Opening app via install (preserving state)
10:41:07 [INFO] functional.conftest: [basalt] Installing app on emulator
10:41:10 [INFO] functional.conftest: [basalt] App installed and transport connected
10:41:10 [INFO] functional.conftest: [basalt] App opened via install
-------------------------------- live log call ---------------------------------
10:41:11 [INFO] functional.test_button_icons: [basalt] Setting up 4s timer for icon test
10:41:19 [INFO] functional.test_button_icons: [basalt] Short timer set to 4s, waiting for expire
10:41:23 [INFO] functional.test_button_icons: [basalt] Short timer started, counting down from 4s
10:41:31 [INFO] functional.test_button_icons: Chrono mode state: {'event': 'button_down', 't': '0:04', 'm': 'Counting', 'r': '0', 'p': '0', 'v': '0', 'd': '1'}
PASSED                                                                   [ 13%]
------------------------------ live log teardown -------------------------------
10:41:31 [INFO] functional.conftest: [basalt] Quitting app after test: test_chrono_select_icon[basalt]

test/functional/test_button_icons.py::TestChronoIcons::test_chrono_long_select_icon[basalt] 
-------------------------------- live log setup --------------------------------
10:41:33 [INFO] functional.conftest: [basalt] Opening app for test: test_chrono_long_select_icon[basalt]
10:41:33 [INFO] functional.conftest: [basalt] Opening app via install (preserving state)
10:41:33 [INFO] functional.conftest: [basalt] Installing app on emulator
10:41:36 [INFO] functional.conftest: [basalt] App installed and transport connected
10:41:36 [INFO] functional.conftest: [basalt] App opened via install
SKIPPED (Long press select icon disabled due to display overlap (see...) [ 13%]
------------------------------ live log teardown -------------------------------
10:41:37 [INFO] functional.conftest: [basalt] Quitting app after test: test_chrono_long_select_icon[basalt]

test/functional/test_button_icons.py::TestEditRepeatIcons::test_editrepeat_back_icon[basalt] 
-------------------------------- live log setup --------------------------------
10:41:39 [INFO] functional.conftest: [basalt] Opening app for test: test_editrepeat_back_icon[basalt]
10:41:39 [INFO] functional.conftest: [basalt] Opening app via install (preserving state)
10:41:39 [INFO] functional.conftest: [basalt] Installing app on emulator
10:41:42 [INFO] functional.conftest: [basalt] App installed and transport connected
10:41:42 [INFO] functional.conftest: [basalt] App opened via install
-------------------------------- live log call ---------------------------------
10:41:50 [WARNING] functional.test_button_icons: Icon mask mismatch for 'editrepeat_back' on basalt: 51 pixels differ (tolerance=30)
FAILED                                                                   [ 13%]
------------------------------ live log teardown -------------------------------
10:41:50 [INFO] functional.conftest: [basalt] Quitting app after test: test_editrepeat_back_icon[basalt]

test/functional/test_button_icons.py::TestEditRepeatIcons::test_editrepeat_up_icon[basalt] 
-------------------------------- live log setup --------------------------------
10:41:52 [INFO] functional.conftest: [basalt] Opening app for test: test_editrepeat_up_icon[basalt]
10:41:52 [INFO] functional.conftest: [basalt] Opening app via install (preserving state)
10:41:52 [INFO] functional.conftest: [basalt] Installing app on emulator
10:41:55 [INFO] functional.conftest: [basalt] App installed and transport connected
10:41:55 [INFO] functional.conftest: [basalt] App opened via install
-------------------------------- live log call ---------------------------------
10:42:03 [INFO] functional.test_button_icons: No reference found for 'editrepeat_up' (auto_save=False)
PASSED                                                                   [ 13%]
------------------------------ live log teardown -------------------------------
10:42:03 [INFO] functional.conftest: [basalt] Quitting app after test: test_editrepeat_up_icon[basalt]

test/functional/test_button_icons.py::TestEditRepeatIcons::test_editrepeat_select_icon[basalt] 
-------------------------------- live log setup --------------------------------
10:42:05 [INFO] functional.conftest: [basalt] Opening app for test: test_editrepeat_select_icon[basalt]
10:42:05 [INFO] functional.conftest: [basalt] Opening app via install (preserving state)
10:42:05 [INFO] functional.conftest: [basalt] Installing app on emulator
10:42:08 [INFO] functional.conftest: [basalt] App installed and transport connected
10:42:08 [INFO] functional.conftest: [basalt] App opened via install
PASSED                                                                   [ 14%]
------------------------------ live log teardown -------------------------------
10:42:16 [INFO] functional.conftest: [basalt] Quitting app after test: test_editrepeat_select_icon[basalt]

test/functional/test_button_icons.py::TestEditRepeatIcons::test_editrepeat_down_icon[basalt] 
-------------------------------- live log setup --------------------------------
10:42:18 [INFO] functional.conftest: [basalt] Opening app for test: test_editrepeat_down_icon[basalt]
10:42:18 [INFO] functional.conftest: [basalt] Opening app via install (preserving state)
10:42:18 [INFO] functional.conftest: [basalt] Installing app on emulator
10:42:21 [INFO] functional.conftest: [basalt] App installed and transport connected
10:42:21 [INFO] functional.conftest: [basalt] App opened via install
PASSED                                                                   [ 14%]
------------------------------ live log teardown -------------------------------
10:42:29 [INFO] functional.conftest: [basalt] Quitting app after test: test_editrepeat_down_icon[basalt]

test/functional/test_button_icons.py::TestAlarmIcons::test_alarm_back_icon_silence[chalk] 
-------------------------------- live log setup --------------------------------
10:42:31 [INFO] functional.test_button_icons: [basalt] Tearing down - killing emulator
SKIPPED (Skipping test for chalk since --platform=basalt was specified.) [ 14%]
test/functional/test_button_icons.py::TestAlarmIcons::test_alarm_up_icon_edit[chalk] SKIPPED [ 14%]
test/functional/test_button_icons.py::TestAlarmIcons::test_alarm_long_up_icon_reset[chalk] SKIPPED [ 14%]
test/functional/test_button_icons.py::TestAlarmIcons::test_alarm_select_icon_pause[chalk] SKIPPED [ 15%]
test/functional/test_button_icons.py::TestAlarmIcons::test_alarm_down_icon_snooze[chalk] SKIPPED [ 15%]
test/functional/test_button_icons.py::TestNewModeIcons::test_new_back_icon[chalk] SKIPPED [ 15%]
test/functional/test_button_icons.py::TestNewModeIcons::test_new_up_icon[chalk] SKIPPED [ 15%]
test/functional/test_button_icons.py::TestNewModeIcons::test_new_select_icon[chalk] SKIPPED [ 16%]
test/functional/test_button_icons.py::TestNewModeIcons::test_new_down_icon[chalk] SKIPPED [ 16%]
test/functional/test_button_icons.py::TestNewModeIcons::test_new_long_up_direction_toggle[chalk] SKIPPED [ 16%]
test/functional/test_button_icons.py::TestNewModeIcons::test_new_long_select_icon[chalk] SKIPPED [ 16%]
test/functional/test_button_icons.py::TestNewModeIcons::test_new_long_down_icon[chalk] SKIPPED [ 17%]
test/functional/test_button_icons.py::TestEditSecIcons::test_editsec_back_icon[chalk] SKIPPED [ 17%]
test/functional/test_button_icons.py::TestEditSecIcons::test_editsec_up_icon[chalk] SKIPPED [ 17%]
test/functional/test_button_icons.py::TestEditSecIcons::test_editsec_select_icon[chalk] SKIPPED [ 17%]
test/functional/test_button_icons.py::TestEditSecIcons::test_editsec_down_icon[chalk] SKIPPED [ 17%]
test/functional/test_button_icons.py::TestEditSecIcons::test_editsec_long_up_direction_toggle[chalk] SKIPPED [ 18%]
test/functional/test_button_icons.py::TestCountingIcons::test_counting_back_icon[chalk] SKIPPED [ 18%]
test/functional/test_button_icons.py::TestCountingIcons::test_counting_up_icon[chalk] SKIPPED [ 18%]
test/functional/test_button_icons.py::TestCountingIcons::test_counting_select_icon[chalk] SKIPPED [ 18%]
test/functional/test_button_icons.py::TestCountingIcons::test_counting_down_icon[chalk] SKIPPED [ 19%]
test/functional/test_button_icons.py::TestCountingIcons::test_counting_long_up_icon[chalk] SKIPPED [ 19%]
test/functional/test_button_icons.py::TestCountingIcons::test_counting_long_select_icon[chalk] SKIPPED [ 19%]
test/functional/test_button_icons.py::TestCountingIcons::test_counting_long_down_icon[chalk] SKIPPED [ 19%]
test/functional/test_button_icons.py::TestPausedIcons::test_paused_select_icon_play[chalk] SKIPPED [ 20%]
test/functional/test_button_icons.py::TestChronoIcons::test_chrono_select_icon[chalk] SKIPPED [ 20%]
test/functional/test_button_icons.py::TestChronoIcons::test_chrono_long_select_icon[chalk] SKIPPED [ 20%]
test/functional/test_button_icons.py::TestEditRepeatIcons::test_editrepeat_back_icon[chalk] SKIPPED [ 20%]
test/functional/test_button_icons.py::TestEditRepeatIcons::test_editrepeat_up_icon[chalk] SKIPPED [ 20%]
test/functional/test_button_icons.py::TestEditRepeatIcons::test_editrepeat_select_icon[chalk] SKIPPED [ 21%]
test/functional/test_button_icons.py::TestEditRepeatIcons::test_editrepeat_down_icon[chalk] SKIPPED [ 21%]
test/functional/test_button_icons.py::TestAlarmIcons::test_alarm_back_icon_silence[diorite] SKIPPED [ 21%]
test/functional/test_button_icons.py::TestAlarmIcons::test_alarm_up_icon_edit[diorite] SKIPPED [ 21%]
test/functional/test_button_icons.py::TestAlarmIcons::test_alarm_long_up_icon_reset[diorite] SKIPPED [ 22%]
test/functional/test_button_icons.py::TestAlarmIcons::test_alarm_select_icon_pause[diorite] SKIPPED [ 22%]
test/functional/test_button_icons.py::TestAlarmIcons::test_alarm_down_icon_snooze[diorite] SKIPPED [ 22%]
test/functional/test_button_icons.py::TestNewModeIcons::test_new_back_icon[diorite] SKIPPED [ 22%]
test/functional/test_button_icons.py::TestNewModeIcons::test_new_up_icon[diorite] SKIPPED [ 22%]
test/functional/test_button_icons.py::TestNewModeIcons::test_new_select_icon[diorite] SKIPPED [ 23%]
test/functional/test_button_icons.py::TestNewModeIcons::test_new_down_icon[diorite] SKIPPED [ 23%]
test/functional/test_button_icons.py::TestNewModeIcons::test_new_long_up_direction_toggle[diorite] SKIPPED [ 23%]
test/functional/test_button_icons.py::TestNewModeIcons::test_new_long_select_icon[diorite] SKIPPED [ 23%]
test/functional/test_button_icons.py::TestNewModeIcons::test_new_long_down_icon[diorite] SKIPPED [ 24%]
test/functional/test_button_icons.py::TestEditSecIcons::test_editsec_back_icon[diorite] SKIPPED [ 24%]
test/functional/test_button_icons.py::TestEditSecIcons::test_editsec_up_icon[diorite] SKIPPED [ 24%]
test/functional/test_button_icons.py::TestEditSecIcons::test_editsec_select_icon[diorite] SKIPPED [ 24%]
test/functional/test_button_icons.py::TestEditSecIcons::test_editsec_down_icon[diorite] SKIPPED [ 25%]
test/functional/test_button_icons.py::TestEditSecIcons::test_editsec_long_up_direction_toggle[diorite] SKIPPED [ 25%]
test/functional/test_button_icons.py::TestCountingIcons::test_counting_back_icon[diorite] SKIPPED [ 25%]
test/functional/test_button_icons.py::TestCountingIcons::test_counting_up_icon[diorite] SKIPPED [ 25%]
test/functional/test_button_icons.py::TestCountingIcons::test_counting_select_icon[diorite] SKIPPED [ 25%]
test/functional/test_button_icons.py::TestCountingIcons::test_counting_down_icon[diorite] SKIPPED [ 26%]
test/functional/test_button_icons.py::TestCountingIcons::test_counting_long_up_icon[diorite] SKIPPED [ 26%]
test/functional/test_button_icons.py::TestCountingIcons::test_counting_long_select_icon[diorite] SKIPPED [ 26%]
test/functional/test_button_icons.py::TestCountingIcons::test_counting_long_down_icon[diorite] SKIPPED [ 26%]
test/functional/test_button_icons.py::TestPausedIcons::test_paused_select_icon_play[diorite] SKIPPED [ 27%]
test/functional/test_button_icons.py::TestChronoIcons::test_chrono_select_icon[diorite] SKIPPED [ 27%]
test/functional/test_button_icons.py::TestChronoIcons::test_chrono_long_select_icon[diorite] SKIPPED [ 27%]
test/functional/test_button_icons.py::TestEditRepeatIcons::test_editrepeat_back_icon[diorite] SKIPPED [ 27%]
test/functional/test_button_icons.py::TestEditRepeatIcons::test_editrepeat_up_icon[diorite] SKIPPED [ 28%]
test/functional/test_button_icons.py::TestEditRepeatIcons::test_editrepeat_select_icon[diorite] SKIPPED [ 28%]
test/functional/test_button_icons.py::TestEditRepeatIcons::test_editrepeat_down_icon[diorite] SKIPPED [ 28%]
test/functional/test_button_icons.py::TestAlarmIcons::test_alarm_back_icon_silence[emery] SKIPPED [ 28%]
test/functional/test_button_icons.py::TestAlarmIcons::test_alarm_up_icon_edit[emery] SKIPPED [ 28%]
test/functional/test_button_icons.py::TestAlarmIcons::test_alarm_long_up_icon_reset[emery] SKIPPED [ 29%]
test/functional/test_button_icons.py::TestAlarmIcons::test_alarm_select_icon_pause[emery] SKIPPED [ 29%]
test/functional/test_button_icons.py::TestAlarmIcons::test_alarm_down_icon_snooze[emery] SKIPPED [ 29%]
test/functional/test_button_icons.py::TestNewModeIcons::test_new_back_icon[emery] SKIPPED [ 29%]
test/functional/test_button_icons.py::TestNewModeIcons::test_new_up_icon[emery] SKIPPED [ 30%]
test/functional/test_button_icons.py::TestNewModeIcons::test_new_select_icon[emery] SKIPPED [ 30%]
test/functional/test_button_icons.py::TestNewModeIcons::test_new_down_icon[emery] SKIPPED [ 30%]
test/functional/test_button_icons.py::TestNewModeIcons::test_new_long_up_direction_toggle[emery] SKIPPED [ 30%]
test/functional/test_button_icons.py::TestNewModeIcons::test_new_long_select_icon[emery] SKIPPED [ 31%]
test/functional/test_button_icons.py::TestNewModeIcons::test_new_long_down_icon[emery] SKIPPED [ 31%]
test/functional/test_button_icons.py::TestEditSecIcons::test_editsec_back_icon[emery] SKIPPED [ 31%]
test/functional/test_button_icons.py::TestEditSecIcons::test_editsec_up_icon[emery] SKIPPED [ 31%]
test/functional/test_button_icons.py::TestEditSecIcons::test_editsec_select_icon[emery] SKIPPED [ 31%]
test/functional/test_button_icons.py::TestEditSecIcons::test_editsec_down_icon[emery] SKIPPED [ 32%]
test/functional/test_button_icons.py::TestEditSecIcons::test_editsec_long_up_direction_toggle[emery] SKIPPED [ 32%]
test/functional/test_button_icons.py::TestCountingIcons::test_counting_back_icon[emery] SKIPPED [ 32%]
test/functional/test_button_icons.py::TestCountingIcons::test_counting_up_icon[emery] SKIPPED [ 32%]
test/functional/test_button_icons.py::TestCountingIcons::test_counting_select_icon[emery] SKIPPED [ 33%]
test/functional/test_button_icons.py::TestCountingIcons::test_counting_down_icon[emery] SKIPPED [ 33%]
test/functional/test_button_icons.py::TestCountingIcons::test_counting_long_up_icon[emery] SKIPPED [ 33%]
test/functional/test_button_icons.py::TestCountingIcons::test_counting_long_select_icon[emery] SKIPPED [ 33%]
test/functional/test_button_icons.py::TestCountingIcons::test_counting_long_down_icon[emery] SKIPPED [ 34%]
test/functional/test_button_icons.py::TestPausedIcons::test_paused_select_icon_play[emery] SKIPPED [ 34%]
test/functional/test_button_icons.py::TestChronoIcons::test_chrono_select_icon[emery] SKIPPED [ 34%]
test/functional/test_button_icons.py::TestChronoIcons::test_chrono_long_select_icon[emery] SKIPPED [ 34%]
test/functional/test_button_icons.py::TestEditRepeatIcons::test_editrepeat_back_icon[emery] SKIPPED [ 34%]
test/functional/test_button_icons.py::TestEditRepeatIcons::test_editrepeat_up_icon[emery] SKIPPED [ 35%]
test/functional/test_button_icons.py::TestEditRepeatIcons::test_editrepeat_select_icon[emery] SKIPPED [ 35%]
test/functional/test_button_icons.py::TestEditRepeatIcons::test_editrepeat_down_icon[emery] SKIPPED [ 35%]
test/functional/test_create_timer.py::TestCreateTimer::test_create_2_minute_timer[aplite] SKIPPED [ 35%]
test/functional/test_create_timer.py::TestCreateTimer::test_initial_state_shows_new[aplite] SKIPPED [ 36%]
test/functional/test_create_timer.py::TestCreateTimer::test_down_button_increments_minutes[aplite] SKIPPED [ 36%]
test/functional/test_create_timer.py::TestButtonPresses::test_up_button_increments_20_minutes[aplite] SKIPPED [ 36%]
test/functional/test_create_timer.py::TestButtonPresses::test_select_button_increments_5_minutes[aplite] SKIPPED [ 36%]
test/functional/test_create_timer.py::TestTimerCountdown::test_timer_counts_down[aplite] SKIPPED [ 37%]
test/functional/test_create_timer.py::TestTimerCountdown::test_timer_transitions_to_counting_mode[aplite] SKIPPED [ 37%]
test/functional/test_create_timer.py::TestChronoMode::test_chrono_mode_counts_up[aplite] SKIPPED [ 37%]
test/functional/test_create_timer.py::TestPlayPause::test_select_toggles_play_pause_in_counting_mode[aplite] SKIPPED [ 37%]
test/functional/test_create_timer.py::TestTimerStartsImmediately::test_timer_counts_down_during_setup[aplite] SKIPPED [ 37%]
test/functional/test_create_timer.py::TestTimerStartsImmediately::test_chrono_has_elapsed_time_when_mode_expires[aplite] SKIPPED [ 38%]
test/functional/test_create_timer.py::TestLongPressReset::test_long_press_select_resets_timer[aplite] SKIPPED [ 38%]
test/functional/test_create_timer.py::TestCreateTimer::test_create_2_minute_timer[basalt] 
-------------------------------- live log setup --------------------------------
10:42:32 [INFO] functional.conftest: [basalt] Starting warm-up cycle to clear stale state
10:42:37 [INFO] functional.conftest: [basalt] Installing app on emulator
10:42:45 [INFO] functional.conftest: [basalt] App installed and transport connected
10:42:45 [INFO] functional.conftest: [basalt] Waiting for emulator to stabilize (2s)
10:42:47 [INFO] functional.conftest: [basalt] Holding down button to quit app and set persist state
10:42:49 [INFO] functional.conftest: [basalt] App quit via long press, persist state set
10:42:49 [INFO] functional.conftest: [basalt] Emulator ready for tests
10:42:49 [INFO] functional.conftest: [basalt] Opening app for test: test_create_2_minute_timer[basalt]
10:42:49 [INFO] functional.conftest: [basalt] Opening app via install (preserving state)
10:42:49 [INFO] functional.conftest: [basalt] Installing app on emulator
10:42:52 [INFO] functional.conftest: [basalt] App installed and transport connected
10:42:52 [INFO] functional.conftest: [basalt] App opened via install
-------------------------------- live log call ---------------------------------
10:42:55 [INFO] functional.test_create_timer: After 2 Down presses - state: {'event': 'button_down', 't': '1:57', 'm': 'New', 'r': '0', 'p': '0', 'v': '0', 'd': '1'}
PASSED                                                                   [ 38%]
------------------------------ live log teardown -------------------------------
10:42:55 [INFO] functional.conftest: [basalt] Quitting app after test: test_create_2_minute_timer[basalt]

test/functional/test_create_timer.py::TestCreateTimer::test_initial_state_shows_new[basalt] 
-------------------------------- live log setup --------------------------------
10:42:56 [INFO] functional.conftest: [basalt] Opening app for test: test_initial_state_shows_new[basalt]
10:42:56 [INFO] functional.conftest: [basalt] Opening app via install (preserving state)
10:42:56 [INFO] functional.conftest: [basalt] Installing app on emulator
10:43:00 [INFO] functional.conftest: [basalt] App installed and transport connected
10:43:00 [INFO] functional.conftest: [basalt] App opened via install
-------------------------------- live log call ---------------------------------
10:43:04 [INFO] functional.test_create_timer: Initial state text: +1h 1 +20 New -d:p1 10.42 +Im
PASSED                                                                   [ 38%]
------------------------------ live log teardown -------------------------------
10:43:04 [INFO] functional.conftest: [basalt] Quitting app after test: test_initial_state_shows_new[basalt]

test/functional/test_create_timer.py::TestCreateTimer::test_down_button_increments_minutes[basalt] 
-------------------------------- live log setup --------------------------------
10:43:06 [INFO] functional.conftest: [basalt] Opening app for test: test_down_button_increments_minutes[basalt]
10:43:06 [INFO] functional.conftest: [basalt] Opening app via install (preserving state)
10:43:06 [INFO] functional.conftest: [basalt] Installing app on emulator
10:43:09 [INFO] functional.conftest: [basalt] App installed and transport connected
10:43:09 [INFO] functional.conftest: [basalt] App opened via install
-------------------------------- live log call ---------------------------------
10:43:14 [INFO] functional.test_create_timer: After 3 Down presses: #1m 1 +20 New 2.56 5 10.46 +Im III}
PASSED                                                                   [ 39%]
------------------------------ live log teardown -------------------------------
10:43:14 [INFO] functional.conftest: [basalt] Quitting app after test: test_down_button_increments_minutes[basalt]

test/functional/test_create_timer.py::TestButtonPresses::test_up_button_increments_20_minutes[basalt] 
-------------------------------- live log setup --------------------------------
10:43:16 [INFO] functional.conftest: [basalt] Opening app for test: test_up_button_increments_20_minutes[basalt]
10:43:16 [INFO] functional.conftest: [basalt] Opening app via install (preserving state)
10:43:16 [INFO] functional.conftest: [basalt] Installing app on emulator
10:43:19 [INFO] functional.conftest: [basalt] App installed and transport connected
10:43:19 [INFO] functional.conftest: [basalt] App opened via install
-------------------------------- live log call ---------------------------------
10:43:21 [INFO] functional.test_create_timer: After Up press - state: {'event': 'button_up', 't': '19:57', 'm': 'New', 'r': '0', 'p': '0', 'v': '0', 'd': '1'}
PASSED                                                                   [ 39%]
------------------------------ live log teardown -------------------------------
10:43:21 [INFO] functional.conftest: [basalt] Quitting app after test: test_up_button_increments_20_minutes[basalt]

test/functional/test_create_timer.py::TestButtonPresses::test_select_button_increments_5_minutes[basalt] 
-------------------------------- live log setup --------------------------------
10:43:23 [INFO] functional.conftest: [basalt] Opening app for test: test_select_button_increments_5_minutes[basalt]
10:43:23 [INFO] functional.conftest: [basalt] Opening app via install (preserving state)
10:43:23 [INFO] functional.conftest: [basalt] Installing app on emulator
10:43:26 [INFO] functional.conftest: [basalt] App installed and transport connected
10:43:26 [INFO] functional.conftest: [basalt] App opened via install
-------------------------------- live log call ---------------------------------
10:43:30 [INFO] functional.test_create_timer: After Select press: #1m 1 +20 New 4657 6 10*48 +Im III}
10:43:30 [INFO] functional.test_create_timer:   normalized: 1 1 20  4657 6 1048 1 111
PASSED                                                                   [ 39%]
------------------------------ live log teardown -------------------------------
10:43:30 [INFO] functional.conftest: [basalt] Quitting app after test: test_select_button_increments_5_minutes[basalt]

test/functional/test_create_timer.py::TestTimerCountdown::test_timer_counts_down[basalt] 
-------------------------------- live log setup --------------------------------
10:43:31 [INFO] functional.conftest: [basalt] Opening app for test: test_timer_counts_down[basalt]
10:43:31 [INFO] functional.conftest: [basalt] Opening app via install (preserving state)
10:43:31 [INFO] functional.conftest: [basalt] Installing app on emulator
10:43:35 [INFO] functional.conftest: [basalt] App installed and transport connected
10:43:35 [INFO] functional.conftest: [basalt] App opened via install
-------------------------------- live log call ---------------------------------
10:43:49 [INFO] functional.test_create_timer: Countdown start text: 0 e 01.00 0:63 10.43 Ker M J
10:43:51 [INFO] functional.test_create_timer: After 5s text:  e 01.00 0:4 10.43 Ker M J
PASSED                                                                   [ 39%]
------------------------------ live log teardown -------------------------------
10:43:51 [INFO] functional.conftest: [basalt] Quitting app after test: test_timer_counts_down[basalt]

test/functional/test_create_timer.py::TestTimerCountdown::test_timer_transitions_to_counting_mode[basalt] 
-------------------------------- live log setup --------------------------------
10:43:53 [INFO] functional.conftest: [basalt] Opening app for test: test_timer_transitions_to_counting_mode[basalt]
10:43:53 [INFO] functional.conftest: [basalt] Opening app via install (preserving state)
10:43:53 [INFO] functional.conftest: [basalt] Installing app on emulator
10:43:56 [INFO] functional.conftest: [basalt] App installed and transport connected
10:43:56 [INFO] functional.conftest: [basalt] App opened via install
-------------------------------- live log call ---------------------------------
10:43:58 [INFO] functional.test_create_timer: After Down press state: {'event': 'button_down', 't': '0:57', 'm': 'New', 'r': '0', 'p': '0', 'v': '0', 'd': '1'}
10:44:00 [INFO] functional.test_create_timer: After transition state: {'event': 'mode_change', 't': '0:54', 'm': 'Counting', 'r': '0', 'p': '0', 'v': '0', 'd': '1'}
PASSED                                                                   [ 40%]
------------------------------ live log teardown -------------------------------
10:44:00 [INFO] functional.conftest: [basalt] Quitting app after test: test_timer_transitions_to_counting_mode[basalt]

test/functional/test_create_timer.py::TestChronoMode::test_chrono_mode_counts_up[basalt] 
-------------------------------- live log setup --------------------------------
10:44:02 [INFO] functional.conftest: [basalt] Opening app for test: test_chrono_mode_counts_up[basalt]
10:44:02 [INFO] functional.conftest: [basalt] Opening app via install (preserving state)
10:44:02 [INFO] functional.conftest: [basalt] Installing app on emulator
10:44:05 [INFO] functional.conftest: [basalt] App installed and transport connected
10:44:05 [INFO] functional.conftest: [basalt] App opened via install
-------------------------------- live log call ---------------------------------
10:44:16 [INFO] functional.test_create_timer: Chrono mode start: e Oo;00--> 0:s 10.44 M Y
10:44:18 [INFO] functional.test_create_timer: Chrono after 3s: @ Oo;00--> d:E 10.44 M Y
PASSED                                                                   [ 40%]
------------------------------ live log teardown -------------------------------
10:44:18 [INFO] functional.conftest: [basalt] Quitting app after test: test_chrono_mode_counts_up[basalt]

test/functional/test_create_timer.py::TestPlayPause::test_select_toggles_play_pause_in_counting_mode[basalt] 
-------------------------------- live log setup --------------------------------
10:44:19 [INFO] functional.conftest: [basalt] Opening app for test: test_select_toggles_play_pause_in_counting_mode[basalt]
10:44:19 [INFO] functional.conftest: [basalt] Opening app via install (preserving state)
10:44:19 [INFO] functional.conftest: [basalt] Installing app on emulator
10:44:23 [INFO] functional.conftest: [basalt] App installed and transport connected
10:44:23 [INFO] functional.conftest: [basalt] App opened via install
-------------------------------- live log call ---------------------------------
10:44:39 [INFO] functional.test_create_timer: Running timer: 0 e 01.00 0:63 10.44 Ker M J
10:44:41 [INFO] functional.test_create_timer: Paused timer: e 01.00 0:6z 10.44 Ker M J
10:44:43 [INFO] functional.test_create_timer: Still paused: e 01.00 0:6z 10.44 Ker M J
10:44:44 [INFO] functional.test_create_timer: Resumed timer: e 01.00 dE0 10.44 Ker M J
PASSED                                                                   [ 40%]
------------------------------ live log teardown -------------------------------
10:44:44 [INFO] functional.conftest: [basalt] Quitting app after test: test_select_toggles_play_pause_in_counting_mode[basalt]

test/functional/test_create_timer.py::TestTimerStartsImmediately::test_timer_counts_down_during_setup[basalt] 
-------------------------------- live log setup --------------------------------
10:44:46 [INFO] functional.conftest: [basalt] Opening app for test: test_timer_counts_down_during_setup[basalt]
10:44:46 [INFO] functional.conftest: [basalt] Opening app via install (preserving state)
10:44:46 [INFO] functional.conftest: [basalt] Installing app on emulator
10:44:49 [INFO] functional.conftest: [basalt] App installed and transport connected
10:44:49 [INFO] functional.conftest: [basalt] App opened via install
-------------------------------- live log call ---------------------------------
10:45:04 [INFO] functional.test_create_timer: After 6 Down presses with 2s delays - state: {'event': 'button_down', 't': '5:45', 'm': 'New', 'r': '0', 'p': '0', 'v': '0', 'd': '1'}
PASSED                                                                   [ 40%]
------------------------------ live log teardown -------------------------------
10:45:04 [INFO] functional.conftest: [basalt] Quitting app after test: test_timer_counts_down_during_setup[basalt]

test/functional/test_create_timer.py::TestTimerStartsImmediately::test_chrono_has_elapsed_time_when_mode_expires[basalt] 
-------------------------------- live log setup --------------------------------
10:45:06 [INFO] functional.conftest: [basalt] Opening app for test: test_chrono_has_elapsed_time_when_mode_expires[basalt]
10:45:06 [INFO] functional.conftest: [basalt] Opening app via install (preserving state)
10:45:06 [INFO] functional.conftest: [basalt] Installing app on emulator
10:45:09 [INFO] functional.conftest: [basalt] App installed and transport connected
10:45:09 [INFO] functional.conftest: [basalt] App opened via install
-------------------------------- live log call ---------------------------------
10:45:12 [INFO] functional.test_create_timer: Mode change state: {'event': 'mode_change', 't': '0:03', 'm': 'Counting', 'r': '0', 'p': '0', 'v': '0', 'd': '1'}
PASSED                                                                   [ 40%]
------------------------------ live log teardown -------------------------------
10:45:12 [INFO] functional.conftest: [basalt] Quitting app after test: test_chrono_has_elapsed_time_when_mode_expires[basalt]

test/functional/test_create_timer.py::TestLongPressReset::test_long_press_select_resets_timer[basalt] 
-------------------------------- live log setup --------------------------------
10:45:14 [INFO] functional.conftest: [basalt] Opening app for test: test_long_press_select_resets_timer[basalt]
10:45:14 [INFO] functional.conftest: [basalt] Opening app via install (preserving state)
10:45:14 [INFO] functional.conftest: [basalt] Installing app on emulator
10:45:17 [INFO] functional.conftest: [basalt] App installed and transport connected
10:45:17 [INFO] functional.conftest: [basalt] App opened via install
-------------------------------- live log call ---------------------------------
10:45:29 [INFO] functional.test_create_timer: Before reset: 9 e 20;00 19:630 10.45 Ker M 4
10:45:30 [INFO] functional.test_create_timer: After reset: 9 e 20;00 19:67 10.45 Ker M 4
PASSED                                                                   [ 41%]
------------------------------ live log teardown -------------------------------
10:45:30 [INFO] functional.conftest: [basalt] Quitting app after test: test_long_press_select_resets_timer[basalt]

test/functional/test_create_timer.py::TestCreateTimer::test_create_2_minute_timer[chalk] 
-------------------------------- live log setup --------------------------------
10:45:32 [INFO] functional.conftest: [basalt] Tearing down - killing emulator
SKIPPED (Skipping test for chalk since --platform=basalt was specified.) [ 41%]
test/functional/test_create_timer.py::TestCreateTimer::test_initial_state_shows_new[chalk] SKIPPED [ 41%]
test/functional/test_create_timer.py::TestCreateTimer::test_down_button_increments_minutes[chalk] SKIPPED [ 41%]
test/functional/test_create_timer.py::TestButtonPresses::test_up_button_increments_20_minutes[chalk] SKIPPED [ 42%]
test/functional/test_create_timer.py::TestButtonPresses::test_select_button_increments_5_minutes[chalk] SKIPPED [ 42%]
test/functional/test_create_timer.py::TestTimerCountdown::test_timer_counts_down[chalk] SKIPPED [ 42%]
test/functional/test_create_timer.py::TestTimerCountdown::test_timer_transitions_to_counting_mode[chalk] SKIPPED [ 42%]
test/functional/test_create_timer.py::TestChronoMode::test_chrono_mode_counts_up[chalk] SKIPPED [ 42%]
test/functional/test_create_timer.py::TestPlayPause::test_select_toggles_play_pause_in_counting_mode[chalk] SKIPPED [ 43%]
test/functional/test_create_timer.py::TestTimerStartsImmediately::test_timer_counts_down_during_setup[chalk] SKIPPED [ 43%]
test/functional/test_create_timer.py::TestTimerStartsImmediately::test_chrono_has_elapsed_time_when_mode_expires[chalk] SKIPPED [ 43%]
test/functional/test_create_timer.py::TestLongPressReset::test_long_press_select_resets_timer[chalk] SKIPPED [ 43%]
test/functional/test_create_timer.py::TestCreateTimer::test_create_2_minute_timer[diorite] SKIPPED [ 44%]
test/functional/test_create_timer.py::TestCreateTimer::test_initial_state_shows_new[diorite] SKIPPED [ 44%]
test/functional/test_create_timer.py::TestCreateTimer::test_down_button_increments_minutes[diorite] SKIPPED [ 44%]
test/functional/test_create_timer.py::TestButtonPresses::test_up_button_increments_20_minutes[diorite] SKIPPED [ 44%]
test/functional/test_create_timer.py::TestButtonPresses::test_select_button_increments_5_minutes[diorite] SKIPPED [ 45%]
test/functional/test_create_timer.py::TestTimerCountdown::test_timer_counts_down[diorite] SKIPPED [ 45%]
test/functional/test_create_timer.py::TestTimerCountdown::test_timer_transitions_to_counting_mode[diorite] SKIPPED [ 45%]
test/functional/test_create_timer.py::TestChronoMode::test_chrono_mode_counts_up[diorite] SKIPPED [ 45%]
test/functional/test_create_timer.py::TestPlayPause::test_select_toggles_play_pause_in_counting_mode[diorite] SKIPPED [ 45%]
test/functional/test_create_timer.py::TestTimerStartsImmediately::test_timer_counts_down_during_setup[diorite] SKIPPED [ 46%]
test/functional/test_create_timer.py::TestTimerStartsImmediately::test_chrono_has_elapsed_time_when_mode_expires[diorite] SKIPPED [ 46%]
test/functional/test_create_timer.py::TestLongPressReset::test_long_press_select_resets_timer[diorite] SKIPPED [ 46%]
test/functional/test_create_timer.py::TestCreateTimer::test_create_2_minute_timer[emery] SKIPPED [ 46%]
test/functional/test_create_timer.py::TestCreateTimer::test_initial_state_shows_new[emery] SKIPPED [ 47%]
test/functional/test_create_timer.py::TestCreateTimer::test_down_button_increments_minutes[emery] SKIPPED [ 47%]
test/functional/test_create_timer.py::TestButtonPresses::test_up_button_increments_20_minutes[emery] SKIPPED [ 47%]
test/functional/test_create_timer.py::TestButtonPresses::test_select_button_increments_5_minutes[emery] SKIPPED [ 47%]
test/functional/test_create_timer.py::TestTimerCountdown::test_timer_counts_down[emery] SKIPPED [ 48%]
test/functional/test_create_timer.py::TestTimerCountdown::test_timer_transitions_to_counting_mode[emery] SKIPPED [ 48%]
test/functional/test_create_timer.py::TestChronoMode::test_chrono_mode_counts_up[emery] SKIPPED [ 48%]
test/functional/test_create_timer.py::TestPlayPause::test_select_toggles_play_pause_in_counting_mode[emery] SKIPPED [ 48%]
test/functional/test_create_timer.py::TestTimerStartsImmediately::test_timer_counts_down_during_setup[emery] SKIPPED [ 48%]
test/functional/test_create_timer.py::TestTimerStartsImmediately::test_chrono_has_elapsed_time_when_mode_expires[emery] SKIPPED [ 49%]
test/functional/test_create_timer.py::TestLongPressReset::test_long_press_select_resets_timer[emery] SKIPPED [ 49%]
test/functional/test_directional_icons.py::TestNewModeForwardIcons::test_new_forward_has_icons[aplite] SKIPPED [ 49%]
test/functional/test_directional_icons.py::TestNewModeReverseIcons::test_new_reverse_back_icon[aplite] SKIPPED [ 49%]
test/functional/test_directional_icons.py::TestNewModeReverseIcons::test_new_reverse_up_icon[aplite] SKIPPED [ 50%]
test/functional/test_directional_icons.py::TestNewModeReverseIcons::test_new_reverse_select_icon[aplite] SKIPPED [ 50%]
test/functional/test_directional_icons.py::TestNewModeReverseIcons::test_new_reverse_down_icon[aplite] SKIPPED [ 50%]
test/functional/test_directional_icons.py::TestEditSecModeForwardIcons::test_editsec_forward_back_icon_plus60[aplite] SKIPPED [ 50%]
test/functional/test_directional_icons.py::TestEditSecModeForwardIcons::test_editsec_forward_has_icons[aplite] SKIPPED [ 51%]
test/functional/test_directional_icons.py::TestEditSecModeReverseIcons::test_editsec_reverse_back_icon[aplite] SKIPPED [ 51%]
test/functional/test_directional_icons.py::TestEditSecModeReverseIcons::test_editsec_reverse_up_icon[aplite] SKIPPED [ 51%]
test/functional/test_directional_icons.py::TestEditSecModeReverseIcons::test_editsec_reverse_select_icon[aplite] SKIPPED [ 51%]
test/functional/test_directional_icons.py::TestEditSecModeReverseIcons::test_editsec_reverse_down_icon[aplite] SKIPPED [ 51%]
test/functional/test_directional_icons.py::TestNewModeForwardIcons::test_new_forward_has_icons[basalt] 
-------------------------------- live log setup --------------------------------
10:45:33 [INFO] functional.test_directional_icons: [basalt] Starting warm-up cycle
10:45:37 [INFO] functional.conftest: [basalt] Installing app on emulator
10:45:45 [INFO] functional.conftest: [basalt] App installed and transport connected
10:45:45 [INFO] functional.test_directional_icons: [basalt] Waiting for emulator to stabilize (2s)
10:45:47 [INFO] functional.test_directional_icons: [basalt] Holding down button to quit app and set persist state
10:45:49 [INFO] functional.test_directional_icons: [basalt] Emulator ready for tests
10:45:49 [INFO] functional.conftest: [basalt] Opening app for test: test_new_forward_has_icons[basalt]
10:45:49 [INFO] functional.conftest: [basalt] Opening app via install (preserving state)
10:45:49 [INFO] functional.conftest: [basalt] Installing app on emulator
10:45:52 [INFO] functional.conftest: [basalt] App installed and transport connected
10:45:52 [INFO] functional.conftest: [basalt] App opened via install
PASSED                                                                   [ 52%]
------------------------------ live log teardown -------------------------------
10:45:55 [INFO] functional.conftest: [basalt] Quitting app after test: test_new_forward_has_icons[basalt]

test/functional/test_directional_icons.py::TestNewModeReverseIcons::test_new_reverse_back_icon[basalt] 
-------------------------------- live log setup --------------------------------
10:45:57 [INFO] functional.conftest: [basalt] Opening app for test: test_new_reverse_back_icon[basalt]
10:45:57 [INFO] functional.conftest: [basalt] Opening app via install (preserving state)
10:45:57 [INFO] functional.conftest: [basalt] Installing app on emulator
10:46:00 [INFO] functional.conftest: [basalt] App installed and transport connected
10:46:00 [INFO] functional.conftest: [basalt] App opened via install
PASSED                                                                   [ 52%]
------------------------------ live log teardown -------------------------------
10:46:06 [INFO] functional.conftest: [basalt] Quitting app after test: test_new_reverse_back_icon[basalt]

test/functional/test_directional_icons.py::TestNewModeReverseIcons::test_new_reverse_up_icon[basalt] 
-------------------------------- live log setup --------------------------------
10:46:07 [INFO] functional.conftest: [basalt] Opening app for test: test_new_reverse_up_icon[basalt]
10:46:07 [INFO] functional.conftest: [basalt] Opening app via install (preserving state)
10:46:07 [INFO] functional.conftest: [basalt] Installing app on emulator
10:46:11 [INFO] functional.conftest: [basalt] App installed and transport connected
10:46:11 [INFO] functional.conftest: [basalt] App opened via install
PASSED                                                                   [ 52%]
------------------------------ live log teardown -------------------------------
10:46:17 [INFO] functional.conftest: [basalt] Quitting app after test: test_new_reverse_up_icon[basalt]

test/functional/test_directional_icons.py::TestNewModeReverseIcons::test_new_reverse_select_icon[basalt] 
-------------------------------- live log setup --------------------------------
10:46:19 [INFO] functional.conftest: [basalt] Opening app for test: test_new_reverse_select_icon[basalt]
10:46:19 [INFO] functional.conftest: [basalt] Opening app via install (preserving state)
10:46:19 [INFO] functional.conftest: [basalt] Installing app on emulator
10:46:22 [INFO] functional.conftest: [basalt] App installed and transport connected
10:46:22 [INFO] functional.conftest: [basalt] App opened via install
-------------------------------- live log call ---------------------------------
10:46:29 [WARNING] functional.test_button_icons: Icon mask mismatch for 'new_select_reverse' on basalt: 131 pixels differ (tolerance=10)
FAILED                                                                   [ 52%]
------------------------------ live log teardown -------------------------------
10:46:29 [INFO] functional.conftest: [basalt] Quitting app after test: test_new_reverse_select_icon[basalt]

test/functional/test_directional_icons.py::TestNewModeReverseIcons::test_new_reverse_down_icon[basalt] 
-------------------------------- live log setup --------------------------------
10:46:31 [INFO] functional.conftest: [basalt] Opening app for test: test_new_reverse_down_icon[basalt]
10:46:31 [INFO] functional.conftest: [basalt] Opening app via install (preserving state)
10:46:31 [INFO] functional.conftest: [basalt] Installing app on emulator
10:46:36 [INFO] functional.conftest: [basalt] App installed and transport connected
10:46:36 [INFO] functional.conftest: [basalt] App opened via install
-------------------------------- live log call ---------------------------------
10:46:42 [WARNING] functional.test_button_icons: Icon mask mismatch for 'new_down_reverse' on basalt: 161 pixels differ (tolerance=10)
FAILED                                                                   [ 53%]
------------------------------ live log teardown -------------------------------
10:46:42 [INFO] functional.conftest: [basalt] Quitting app after test: test_new_reverse_down_icon[basalt]

test/functional/test_directional_icons.py::TestEditSecModeForwardIcons::test_editsec_forward_back_icon_plus60[basalt] 
-------------------------------- live log setup --------------------------------
10:46:44 [INFO] functional.conftest: [basalt] Opening app for test: test_editsec_forward_back_icon_plus60[basalt]
10:46:44 [INFO] functional.conftest: [basalt] Opening app via install (preserving state)
10:46:44 [INFO] functional.conftest: [basalt] Installing app on emulator
10:46:47 [INFO] functional.conftest: [basalt] App installed and transport connected
10:46:47 [INFO] functional.conftest: [basalt] App opened via install
PASSED                                                                   [ 53%]
------------------------------ live log teardown -------------------------------
10:46:54 [INFO] functional.conftest: [basalt] Quitting app after test: test_editsec_forward_back_icon_plus60[basalt]

test/functional/test_directional_icons.py::TestEditSecModeForwardIcons::test_editsec_forward_has_icons[basalt] 
-------------------------------- live log setup --------------------------------
10:46:56 [INFO] functional.conftest: [basalt] Opening app for test: test_editsec_forward_has_icons[basalt]
10:46:56 [INFO] functional.conftest: [basalt] Opening app via install (preserving state)
10:46:56 [INFO] functional.conftest: [basalt] Installing app on emulator
10:46:59 [INFO] functional.conftest: [basalt] App installed and transport connected
10:46:59 [INFO] functional.conftest: [basalt] App opened via install
PASSED                                                                   [ 53%]
------------------------------ live log teardown -------------------------------
10:47:07 [INFO] functional.conftest: [basalt] Quitting app after test: test_editsec_forward_has_icons[basalt]

test/functional/test_directional_icons.py::TestEditSecModeReverseIcons::test_editsec_reverse_back_icon[basalt] 
-------------------------------- live log setup --------------------------------
10:47:09 [INFO] functional.conftest: [basalt] Opening app for test: test_editsec_reverse_back_icon[basalt]
10:47:09 [INFO] functional.conftest: [basalt] Opening app via install (preserving state)
10:47:09 [INFO] functional.conftest: [basalt] Installing app on emulator
10:47:12 [INFO] functional.conftest: [basalt] App installed and transport connected
10:47:12 [INFO] functional.conftest: [basalt] App opened via install
PASSED                                                                   [ 53%]
------------------------------ live log teardown -------------------------------
10:47:24 [INFO] functional.conftest: [basalt] Quitting app after test: test_editsec_reverse_back_icon[basalt]

test/functional/test_directional_icons.py::TestEditSecModeReverseIcons::test_editsec_reverse_up_icon[basalt] 
-------------------------------- live log setup --------------------------------
10:47:26 [INFO] functional.conftest: [basalt] Opening app for test: test_editsec_reverse_up_icon[basalt]
10:47:26 [INFO] functional.conftest: [basalt] Opening app via install (preserving state)
10:47:26 [INFO] functional.conftest: [basalt] Installing app on emulator
10:47:29 [INFO] functional.conftest: [basalt] App installed and transport connected
10:47:29 [INFO] functional.conftest: [basalt] App opened via install
PASSED                                                                   [ 54%]
------------------------------ live log teardown -------------------------------
10:47:41 [INFO] functional.conftest: [basalt] Quitting app after test: test_editsec_reverse_up_icon[basalt]

test/functional/test_directional_icons.py::TestEditSecModeReverseIcons::test_editsec_reverse_select_icon[basalt] 
-------------------------------- live log setup --------------------------------
10:47:43 [INFO] functional.conftest: [basalt] Opening app for test: test_editsec_reverse_select_icon[basalt]
10:47:43 [INFO] functional.conftest: [basalt] Opening app via install (preserving state)
10:47:43 [INFO] functional.conftest: [basalt] Installing app on emulator
10:47:46 [INFO] functional.conftest: [basalt] App installed and transport connected
10:47:46 [INFO] functional.conftest: [basalt] App opened via install
PASSED                                                                   [ 54%]
------------------------------ live log teardown -------------------------------
10:47:58 [INFO] functional.conftest: [basalt] Quitting app after test: test_editsec_reverse_select_icon[basalt]

test/functional/test_directional_icons.py::TestEditSecModeReverseIcons::test_editsec_reverse_down_icon[basalt] 
-------------------------------- live log setup --------------------------------
10:47:59 [INFO] functional.conftest: [basalt] Opening app for test: test_editsec_reverse_down_icon[basalt]
10:47:59 [INFO] functional.conftest: [basalt] Opening app via install (preserving state)
10:47:59 [INFO] functional.conftest: [basalt] Installing app on emulator
10:48:03 [INFO] functional.conftest: [basalt] App installed and transport connected
10:48:03 [INFO] functional.conftest: [basalt] App opened via install
PASSED                                                                   [ 54%]
------------------------------ live log teardown -------------------------------
10:48:16 [INFO] functional.conftest: [basalt] Quitting app after test: test_editsec_reverse_down_icon[basalt]

test/functional/test_directional_icons.py::TestNewModeForwardIcons::test_new_forward_has_icons[chalk] 
-------------------------------- live log setup --------------------------------
10:48:18 [INFO] functional.test_directional_icons: [basalt] Tearing down - killing emulator
SKIPPED (Skipping test for chalk since --platform=basalt was specified.) [ 54%]
test/functional/test_directional_icons.py::TestNewModeReverseIcons::test_new_reverse_back_icon[chalk] SKIPPED [ 54%]
test/functional/test_directional_icons.py::TestNewModeReverseIcons::test_new_reverse_up_icon[chalk] SKIPPED [ 55%]
test/functional/test_directional_icons.py::TestNewModeReverseIcons::test_new_reverse_select_icon[chalk] SKIPPED [ 55%]
test/functional/test_directional_icons.py::TestNewModeReverseIcons::test_new_reverse_down_icon[chalk] SKIPPED [ 55%]
test/functional/test_directional_icons.py::TestEditSecModeForwardIcons::test_editsec_forward_back_icon_plus60[chalk] SKIPPED [ 55%]
test/functional/test_directional_icons.py::TestEditSecModeForwardIcons::test_editsec_forward_has_icons[chalk] SKIPPED [ 56%]
test/functional/test_directional_icons.py::TestEditSecModeReverseIcons::test_editsec_reverse_back_icon[chalk] SKIPPED [ 56%]
test/functional/test_directional_icons.py::TestEditSecModeReverseIcons::test_editsec_reverse_up_icon[chalk] SKIPPED [ 56%]
test/functional/test_directional_icons.py::TestEditSecModeReverseIcons::test_editsec_reverse_select_icon[chalk] SKIPPED [ 56%]
test/functional/test_directional_icons.py::TestEditSecModeReverseIcons::test_editsec_reverse_down_icon[chalk] SKIPPED [ 57%]
test/functional/test_directional_icons.py::TestNewModeForwardIcons::test_new_forward_has_icons[diorite] SKIPPED [ 57%]
test/functional/test_directional_icons.py::TestNewModeReverseIcons::test_new_reverse_back_icon[diorite] SKIPPED [ 57%]
test/functional/test_directional_icons.py::TestNewModeReverseIcons::test_new_reverse_up_icon[diorite] SKIPPED [ 57%]
test/functional/test_directional_icons.py::TestNewModeReverseIcons::test_new_reverse_select_icon[diorite] SKIPPED [ 57%]
test/functional/test_directional_icons.py::TestNewModeReverseIcons::test_new_reverse_down_icon[diorite] SKIPPED [ 58%]
test/functional/test_directional_icons.py::TestEditSecModeForwardIcons::test_editsec_forward_back_icon_plus60[diorite] SKIPPED [ 58%]
test/functional/test_directional_icons.py::TestEditSecModeForwardIcons::test_editsec_forward_has_icons[diorite] SKIPPED [ 58%]
test/functional/test_directional_icons.py::TestEditSecModeReverseIcons::test_editsec_reverse_back_icon[diorite] SKIPPED [ 58%]
test/functional/test_directional_icons.py::TestEditSecModeReverseIcons::test_editsec_reverse_up_icon[diorite] SKIPPED [ 59%]
test/functional/test_directional_icons.py::TestEditSecModeReverseIcons::test_editsec_reverse_select_icon[diorite] SKIPPED [ 59%]
test/functional/test_directional_icons.py::TestEditSecModeReverseIcons::test_editsec_reverse_down_icon[diorite] SKIPPED [ 59%]
test/functional/test_directional_icons.py::TestNewModeForwardIcons::test_new_forward_has_icons[emery] SKIPPED [ 59%]
test/functional/test_directional_icons.py::TestNewModeReverseIcons::test_new_reverse_back_icon[emery] SKIPPED [ 60%]
test/functional/test_directional_icons.py::TestNewModeReverseIcons::test_new_reverse_up_icon[emery] SKIPPED [ 60%]
test/functional/test_directional_icons.py::TestNewModeReverseIcons::test_new_reverse_select_icon[emery] SKIPPED [ 60%]
test/functional/test_directional_icons.py::TestNewModeReverseIcons::test_new_reverse_down_icon[emery] SKIPPED [ 60%]
test/functional/test_directional_icons.py::TestEditSecModeForwardIcons::test_editsec_forward_back_icon_plus60[emery] SKIPPED [ 60%]
test/functional/test_directional_icons.py::TestEditSecModeForwardIcons::test_editsec_forward_has_icons[emery] SKIPPED [ 61%]
test/functional/test_directional_icons.py::TestEditSecModeReverseIcons::test_editsec_reverse_back_icon[emery] SKIPPED [ 61%]
test/functional/test_directional_icons.py::TestEditSecModeReverseIcons::test_editsec_reverse_up_icon[emery] SKIPPED [ 61%]
test/functional/test_directional_icons.py::TestEditSecModeReverseIcons::test_editsec_reverse_select_icon[emery] SKIPPED [ 61%]
test/functional/test_directional_icons.py::TestEditSecModeReverseIcons::test_editsec_reverse_down_icon[emery] SKIPPED [ 62%]
test/functional/test_edit_mode_reset.py::TestEditModeReset::test_long_press_select_resets_in_control_mode_new[aplite] SKIPPED [ 62%]
test/functional/test_edit_mode_reset.py::TestEditModeReset::test_long_press_select_no_op_in_edit_sec[aplite] SKIPPED [ 62%]
test/functional/test_edit_mode_reset.py::TestEditModeReset::test_long_press_select_no_op_in_edit_repeat[aplite] SKIPPED [ 62%]
test/functional/test_edit_mode_reset.py::TestEditModeReset::test_long_press_select_resets_in_control_mode_new[basalt] 
-------------------------------- live log setup --------------------------------
10:48:18 [INFO] functional.conftest: [basalt] Starting warm-up cycle to clear stale state
10:48:22 [INFO] functional.conftest: [basalt] Installing app on emulator
10:48:30 [INFO] functional.conftest: [basalt] App installed and transport connected
10:48:30 [INFO] functional.conftest: [basalt] Waiting for emulator to stabilize (2s)
10:48:32 [INFO] functional.conftest: [basalt] Holding down button to quit app and set persist state
10:48:33 [INFO] functional.conftest: [basalt] App quit via long press, persist state set
10:48:34 [INFO] functional.conftest: [basalt] Emulator ready for tests
10:48:34 [INFO] functional.conftest: [basalt] Opening app for test: test_long_press_select_resets_in_control_mode_new[basalt]
10:48:34 [INFO] functional.conftest: [basalt] Opening app via install (preserving state)
10:48:34 [INFO] functional.conftest: [basalt] Installing app on emulator
10:48:37 [INFO] functional.conftest: [basalt] App installed and transport connected
10:48:37 [INFO] functional.conftest: [basalt] App opened via install
-------------------------------- live log call ---------------------------------
10:48:44 [INFO] functional.test_edit_mode_reset: After Up press state: {'event': 'button_up', 't': '1:53', 'm': 'New', 'r': '0', 'p': '0', 'v': '0', 'd': '1'}
10:48:46 [INFO] functional.test_edit_mode_reset: After long press Select state: {'event': 'long_press_select', 't': '0:00', 'm': 'EditSec', 'r': '0', 'p': '1', 'v': '0', 'd': '1'}
10:48:47 [INFO] functional.test_edit_mode_reset: After Back press state: {'event': 'button_back', 't': '1:00', 'm': 'EditSec', 'r': '0', 'p': '1', 'v': '0', 'd': '1'}
PASSED                                                                   [ 62%]
------------------------------ live log teardown -------------------------------
10:48:47 [INFO] functional.conftest: [basalt] Quitting app after test: test_long_press_select_resets_in_control_mode_new[basalt]

test/functional/test_edit_mode_reset.py::TestEditModeReset::test_long_press_select_no_op_in_edit_sec[basalt] SKIPPED [ 63%]
test/functional/test_edit_mode_reset.py::TestEditModeReset::test_long_press_select_no_op_in_edit_repeat[basalt] SKIPPED [ 63%]
test/functional/test_edit_mode_reset.py::TestEditModeReset::test_long_press_select_resets_in_control_mode_new[chalk] 
-------------------------------- live log setup --------------------------------
10:48:49 [INFO] functional.conftest: [basalt] Tearing down - killing emulator
SKIPPED (Skipping test for chalk since --platform=basalt was specified.) [ 63%]
test/functional/test_edit_mode_reset.py::TestEditModeReset::test_long_press_select_no_op_in_edit_sec[chalk] SKIPPED [ 63%]
test/functional/test_edit_mode_reset.py::TestEditModeReset::test_long_press_select_no_op_in_edit_repeat[chalk] SKIPPED [ 64%]
test/functional/test_edit_mode_reset.py::TestEditModeReset::test_long_press_select_resets_in_control_mode_new[diorite] SKIPPED [ 64%]
test/functional/test_edit_mode_reset.py::TestEditModeReset::test_long_press_select_no_op_in_edit_sec[diorite] SKIPPED [ 64%]
test/functional/test_edit_mode_reset.py::TestEditModeReset::test_long_press_select_no_op_in_edit_repeat[diorite] SKIPPED [ 64%]
test/functional/test_edit_mode_reset.py::TestEditModeReset::test_long_press_select_resets_in_control_mode_new[emery] SKIPPED [ 65%]
test/functional/test_edit_mode_reset.py::TestEditModeReset::test_long_press_select_no_op_in_edit_sec[emery] SKIPPED [ 65%]
test/functional/test_edit_mode_reset.py::TestEditModeReset::test_long_press_select_no_op_in_edit_repeat[emery] SKIPPED [ 65%]
test/functional/test_log_based.py::TestLogBasedAssertions::test_up_button_increments_20_minutes_log_based[aplite] SKIPPED [ 65%]
test/functional/test_log_based.py::TestLogBasedAssertions::test_init_state_log[aplite] SKIPPED [ 65%]
test/functional/test_log_based.py::TestLogBasedAssertions::test_multiple_button_presses_log_sequence[aplite] SKIPPED [ 66%]
test/functional/test_log_based.py::TestLogBasedAssertions::test_mode_transition_via_logs[aplite] SKIPPED [ 66%]
test/functional/test_log_based.py::TestLogBasedAssertions::test_up_button_increments_20_minutes_log_based[basalt] 
-------------------------------- live log setup --------------------------------
10:48:51 [INFO] functional.conftest: [basalt] Starting warm-up cycle to clear stale state
10:48:54 [INFO] functional.conftest: [basalt] Installing app on emulator
10:49:02 [INFO] functional.conftest: [basalt] App installed and transport connected
10:49:02 [INFO] functional.conftest: [basalt] Waiting for emulator to stabilize (2s)
10:49:04 [INFO] functional.conftest: [basalt] Holding down button to quit app and set persist state
10:49:06 [INFO] functional.conftest: [basalt] App quit via long press, persist state set
10:49:06 [INFO] functional.conftest: [basalt] Emulator ready for tests
10:49:06 [INFO] functional.conftest: [basalt] Opening app for test: test_up_button_increments_20_minutes_log_based[basalt]
10:49:06 [INFO] functional.conftest: [basalt] Opening app via install (preserving state)
10:49:06 [INFO] functional.conftest: [basalt] Installing app on emulator
10:49:09 [INFO] functional.conftest: [basalt] App installed and transport connected
10:49:09 [INFO] functional.conftest: [basalt] App opened via install
-------------------------------- live log call ---------------------------------
10:49:11 [INFO] functional.test_log_based: All captured logs: ['[10:49:11] main.c:234> Up button handler', '[10:49:11] utility.c:54> TEST_STATE:button_up,t=19:57,m=New,r=0,p=0,v=0,d=1']
10:49:11 [INFO] functional.test_log_based: Received state: {'event': 'button_up', 't': '19:57', 'm': 'New', 'r': '0', 'p': '0', 'v': '0', 'd': '1'}
PASSED                                                                   [ 66%]
------------------------------ live log teardown -------------------------------
10:49:11 [INFO] functional.conftest: [basalt] Quitting app after test: test_up_button_increments_20_minutes_log_based[basalt]

test/functional/test_log_based.py::TestLogBasedAssertions::test_init_state_log[basalt] 
-------------------------------- live log setup --------------------------------
10:49:13 [INFO] functional.conftest: [basalt] Opening app for test: test_init_state_log[basalt]
10:49:13 [INFO] functional.conftest: [basalt] Opening app via install (preserving state)
10:49:13 [INFO] functional.conftest: [basalt] Installing app on emulator
10:49:16 [INFO] functional.conftest: [basalt] App installed and transport connected
10:49:16 [INFO] functional.conftest: [basalt] App opened via install
-------------------------------- live log call ---------------------------------
10:49:18 [INFO] functional.test_log_based: All captured states: []
10:49:18 [INFO] functional.test_log_based: Init log was likely emitted before capture started (expected)
PASSED                                                                   [ 66%]
------------------------------ live log teardown -------------------------------
10:49:18 [INFO] functional.conftest: [basalt] Quitting app after test: test_init_state_log[basalt]

test/functional/test_log_based.py::TestLogBasedAssertions::test_multiple_button_presses_log_sequence[basalt] 
-------------------------------- live log setup --------------------------------
10:49:20 [INFO] functional.conftest: [basalt] Opening app for test: test_multiple_button_presses_log_sequence[basalt]
10:49:20 [INFO] functional.conftest: [basalt] Opening app via install (preserving state)
10:49:20 [INFO] functional.conftest: [basalt] Installing app on emulator
10:49:23 [INFO] functional.conftest: [basalt] App installed and transport connected
10:49:23 [INFO] functional.conftest: [basalt] App opened via install
-------------------------------- live log call ---------------------------------
10:49:25 [INFO] functional.test_log_based: State after first Down: {'event': 'button_down', 't': '0:57', 'm': 'New', 'r': '0', 'p': '0', 'v': '0', 'd': '1'}
10:49:25 [INFO] functional.test_log_based: State after second Down: {'event': 'button_down', 't': '1:56', 'm': 'New', 'r': '0', 'p': '0', 'v': '0', 'd': '1'}
PASSED                                                                   [ 67%]
------------------------------ live log teardown -------------------------------
10:49:25 [INFO] functional.conftest: [basalt] Quitting app after test: test_multiple_button_presses_log_sequence[basalt]

test/functional/test_log_based.py::TestLogBasedAssertions::test_mode_transition_via_logs[basalt] 
-------------------------------- live log setup --------------------------------
10:49:27 [INFO] functional.conftest: [basalt] Opening app for test: test_mode_transition_via_logs[basalt]
10:49:27 [INFO] functional.conftest: [basalt] Opening app via install (preserving state)
10:49:27 [INFO] functional.conftest: [basalt] Installing app on emulator
10:49:30 [INFO] functional.conftest: [basalt] App installed and transport connected
10:49:30 [INFO] functional.conftest: [basalt] App opened via install
-------------------------------- live log call ---------------------------------
10:49:35 [INFO] functional.test_log_based: Mode change state: {'event': 'mode_change', 't': '0:55', 'm': 'Counting', 'r': '0', 'p': '0', 'v': '0', 'd': '1'}
PASSED                                                                   [ 67%]
------------------------------ live log teardown -------------------------------
10:49:35 [INFO] functional.conftest: [basalt] Quitting app after test: test_mode_transition_via_logs[basalt]

test/functional/test_log_based.py::TestLogBasedAssertions::test_up_button_increments_20_minutes_log_based[chalk] 
-------------------------------- live log setup --------------------------------
10:49:37 [INFO] functional.conftest: [basalt] Tearing down - killing emulator
SKIPPED (Skipping test for chalk since --platform=basalt was specified.) [ 67%]
test/functional/test_log_based.py::TestLogBasedAssertions::test_init_state_log[chalk] SKIPPED [ 67%]
test/functional/test_log_based.py::TestLogBasedAssertions::test_multiple_button_presses_log_sequence[chalk] SKIPPED [ 68%]
test/functional/test_log_based.py::TestLogBasedAssertions::test_mode_transition_via_logs[chalk] SKIPPED [ 68%]
test/functional/test_log_based.py::TestLogBasedAssertions::test_up_button_increments_20_minutes_log_based[diorite] SKIPPED [ 68%]
test/functional/test_log_based.py::TestLogBasedAssertions::test_init_state_log[diorite] SKIPPED [ 68%]
test/functional/test_log_based.py::TestLogBasedAssertions::test_multiple_button_presses_log_sequence[diorite] SKIPPED [ 68%]
test/functional/test_log_based.py::TestLogBasedAssertions::test_mode_transition_via_logs[diorite] SKIPPED [ 69%]
test/functional/test_log_based.py::TestLogBasedAssertions::test_up_button_increments_20_minutes_log_based[emery] SKIPPED [ 69%]
test/functional/test_log_based.py::TestLogBasedAssertions::test_init_state_log[emery] SKIPPED [ 69%]
test/functional/test_log_based.py::TestLogBasedAssertions::test_multiple_button_presses_log_sequence[emery] SKIPPED [ 69%]
test/functional/test_log_based.py::TestLogBasedAssertions::test_mode_transition_via_logs[emery] SKIPPED [ 70%]
test/functional/test_repeat_counter_visibility.py::TestRepeatCounterVisibility::test_editrepeat_shows_repeat_counter[aplite] SKIPPED [ 70%]
test/functional/test_repeat_counter_visibility.py::TestRepeatCounterVisibility::test_counting_mode_up_region_with_repeats[aplite] SKIPPED [ 70%]
test/functional/test_repeat_counter_visibility.py::TestRepeatCounterVisibility::test_new_mode_baseline_has_plus_20_icon[aplite] SKIPPED [ 70%]
test/functional/test_repeat_counter_visibility.py::TestRepeatCounterVisibility::test_new_mode_with_repeats_hides_plus_20_icon[aplite] SKIPPED [ 71%]
test/functional/test_repeat_counter_visibility.py::TestRepeatCounterVisibility::test_editsec_mode_with_repeats_hides_plus_20_icon[aplite] SKIPPED [ 71%]
test/functional/test_repeat_counter_visibility.py::TestRepeatCounterVisibility::test_new_mode_reverse_with_repeats_hides_minus_20_icon[aplite] SKIPPED [ 71%]
test/functional/test_repeat_counter_visibility.py::TestIconOverlapPrevention::test_editrepeat_up_region_empty_during_flash_off[aplite] SKIPPED [ 71%]
test/functional/test_repeat_counter_visibility.py::TestRepeatCounterVisibility::test_editrepeat_shows_repeat_counter[basalt] 
-------------------------------- live log setup --------------------------------
10:49:37 [INFO] functional.conftest: [basalt] Starting warm-up cycle to clear stale state
10:49:42 [INFO] functional.conftest: [basalt] Installing app on emulator
10:49:50 [INFO] functional.conftest: [basalt] App installed and transport connected
10:49:50 [INFO] functional.conftest: [basalt] Waiting for emulator to stabilize (2s)
10:49:52 [INFO] functional.conftest: [basalt] Holding down button to quit app and set persist state
10:49:53 [INFO] functional.conftest: [basalt] App quit via long press, persist state set
10:49:53 [INFO] functional.conftest: [basalt] Emulator ready for tests
10:49:53 [INFO] functional.conftest: [basalt] Opening app for test: test_editrepeat_shows_repeat_counter[basalt]
10:49:53 [INFO] functional.conftest: [basalt] Opening app via install (preserving state)
10:49:53 [INFO] functional.conftest: [basalt] Installing app on emulator
10:49:57 [INFO] functional.conftest: [basalt] App installed and transport connected
10:49:57 [INFO] functional.conftest: [basalt] App opened via install
-------------------------------- live log call ---------------------------------
10:50:06 [INFO] functional.test_repeat_counter_visibility: Screenshot saved: /home/jared/Workspace/pebble-timer-quick/test/functional/screenshots/test_repeat_counter_basalt_editrepeat.png
PASSED                                                                   [ 71%]
------------------------------ live log teardown -------------------------------
10:50:06 [INFO] functional.conftest: [basalt] Quitting app after test: test_editrepeat_shows_repeat_counter[basalt]

test/functional/test_repeat_counter_visibility.py::TestRepeatCounterVisibility::test_counting_mode_up_region_with_repeats[basalt] 
-------------------------------- live log setup --------------------------------
10:50:08 [INFO] functional.conftest: [basalt] Opening app for test: test_counting_mode_up_region_with_repeats[basalt]
10:50:08 [INFO] functional.conftest: [basalt] Opening app via install (preserving state)
10:50:08 [INFO] functional.conftest: [basalt] Installing app on emulator
10:50:11 [INFO] functional.conftest: [basalt] App installed and transport connected
10:50:11 [INFO] functional.conftest: [basalt] App opened via install
-------------------------------- live log call ---------------------------------
10:50:21 [INFO] functional.test_repeat_counter_visibility: Screenshot saved: /home/jared/Workspace/pebble-timer-quick/test/functional/screenshots/test_repeat_counter_basalt_counting_repeats.png
10:50:21 [INFO] functional.test_repeat_counter_visibility: UP region has content: True
10:50:21 [WARNING] functional.test_button_icons: Icon mask mismatch for 'counting_up' on basalt: 177 pixels differ (tolerance=10)
PASSED                                                                   [ 72%]
------------------------------ live log teardown -------------------------------
10:50:21 [INFO] functional.conftest: [basalt] Quitting app after test: test_counting_mode_up_region_with_repeats[basalt]

test/functional/test_repeat_counter_visibility.py::TestRepeatCounterVisibility::test_new_mode_baseline_has_plus_20_icon[basalt] 
-------------------------------- live log setup --------------------------------
10:50:23 [INFO] functional.conftest: [basalt] Opening app for test: test_new_mode_baseline_has_plus_20_icon[basalt]
10:50:23 [INFO] functional.conftest: [basalt] Opening app via install (preserving state)
10:50:23 [INFO] functional.conftest: [basalt] Installing app on emulator
10:50:26 [INFO] functional.conftest: [basalt] App installed and transport connected
10:50:26 [INFO] functional.conftest: [basalt] App opened via install
-------------------------------- live log call ---------------------------------
10:50:29 [INFO] functional.test_repeat_counter_visibility: Screenshot saved: /home/jared/Workspace/pebble-timer-quick/test/functional/screenshots/test_repeat_counter_basalt_new_baseline.png
10:50:29 [INFO] functional.test_repeat_counter_visibility: New mode UP region non-bg pixels: 121
PASSED                                                                   [ 72%]
------------------------------ live log teardown -------------------------------
10:50:29 [INFO] functional.conftest: [basalt] Quitting app after test: test_new_mode_baseline_has_plus_20_icon[basalt]

test/functional/test_repeat_counter_visibility.py::TestRepeatCounterVisibility::test_new_mode_with_repeats_hides_plus_20_icon[basalt] 
-------------------------------- live log setup --------------------------------
10:50:31 [INFO] functional.conftest: [basalt] Opening app for test: test_new_mode_with_repeats_hides_plus_20_icon[basalt]
10:50:31 [INFO] functional.conftest: [basalt] Opening app via install (preserving state)
10:50:31 [INFO] functional.conftest: [basalt] Installing app on emulator
10:50:34 [INFO] functional.conftest: [basalt] App installed and transport connected
10:50:34 [INFO] functional.conftest: [basalt] App opened via install
-------------------------------- live log call ---------------------------------
10:50:46 [INFO] functional.test_repeat_counter_visibility: Screenshot saved: /home/jared/Workspace/pebble-timer-quick/test/functional/screenshots/test_repeat_counter_basalt_new_with_repeats.png
10:50:46 [INFO] functional.test_repeat_counter_visibility: New mode (with repeats) UP region non-bg pixels: 141
10:50:46 [WARNING] functional.test_button_icons: Icon mask mismatch for 'new_up' on basalt: 150 pixels differ (tolerance=10)
PASSED                                                                   [ 72%]
------------------------------ live log teardown -------------------------------
10:50:46 [INFO] functional.conftest: [basalt] Quitting app after test: test_new_mode_with_repeats_hides_plus_20_icon[basalt]

test/functional/test_repeat_counter_visibility.py::TestRepeatCounterVisibility::test_editsec_mode_with_repeats_hides_plus_20_icon[basalt] 
-------------------------------- live log setup --------------------------------
10:50:48 [INFO] functional.conftest: [basalt] Opening app for test: test_editsec_mode_with_repeats_hides_plus_20_icon[basalt]
10:50:48 [INFO] functional.conftest: [basalt] Opening app via install (preserving state)
10:50:48 [INFO] functional.conftest: [basalt] Installing app on emulator
10:50:51 [INFO] functional.conftest: [basalt] App installed and transport connected
10:50:51 [INFO] functional.conftest: [basalt] App opened via install
-------------------------------- live log call ---------------------------------
10:51:03 [INFO] functional.test_repeat_counter_visibility: Screenshot saved: /home/jared/Workspace/pebble-timer-quick/test/functional/screenshots/test_repeat_counter_basalt_editsec_with_repeats.png
10:51:03 [INFO] functional.test_repeat_counter_visibility: EditSec mode (with repeats) UP region non-bg pixels: 141
10:51:03 [WARNING] functional.test_button_icons: Icon mask mismatch for 'editsec_up' on basalt: 150 pixels differ (tolerance=10)
PASSED                                                                   [ 72%]
------------------------------ live log teardown -------------------------------
10:51:03 [INFO] functional.conftest: [basalt] Quitting app after test: test_editsec_mode_with_repeats_hides_plus_20_icon[basalt]

test/functional/test_repeat_counter_visibility.py::TestRepeatCounterVisibility::test_new_mode_reverse_with_repeats_hides_minus_20_icon[basalt] 
-------------------------------- live log setup --------------------------------
10:51:05 [INFO] functional.conftest: [basalt] Opening app for test: test_new_mode_reverse_with_repeats_hides_minus_20_icon[basalt]
10:51:05 [INFO] functional.conftest: [basalt] Opening app via install (preserving state)
10:51:05 [INFO] functional.conftest: [basalt] Installing app on emulator
10:51:09 [INFO] functional.conftest: [basalt] App installed and transport connected
10:51:09 [INFO] functional.conftest: [basalt] App opened via install
FAILED                                                                   [ 73%]
------------------------------ live log teardown -------------------------------
10:51:17 [INFO] functional.conftest: [basalt] Quitting app after test: test_new_mode_reverse_with_repeats_hides_minus_20_icon[basalt]

test/functional/test_repeat_counter_visibility.py::TestIconOverlapPrevention::test_editrepeat_up_region_empty_during_flash_off[basalt] 
-------------------------------- live log setup --------------------------------
10:51:19 [INFO] functional.conftest: [basalt] Opening app for test: test_editrepeat_up_region_empty_during_flash_off[basalt]
10:51:19 [INFO] functional.conftest: [basalt] Opening app via install (preserving state)
10:51:19 [INFO] functional.conftest: [basalt] Installing app on emulator
10:51:22 [INFO] functional.conftest: [basalt] App installed and transport connected
10:51:22 [INFO] functional.conftest: [basalt] App opened via install
-------------------------------- live log call ---------------------------------
10:51:43 [WARNING] functional.test_repeat_counter_visibility: Left EditRepeat at iteration 5: {'event': 'button_down', 't': '0:39', 'm': 'Counting', 'r': '5', 'p': '0', 'v': '0', 'd': '1'}. Recent logs: ['[10:51:40] pkjs> [PHONESIM] [WARNING] Exception decoding QemuInboundPacket.footer', '[10:51:40] pkjs> [PHONESIM] [WARNING] Exception decoding QemuInboundPacket.footer', '[10:51:42] utility.c:54> TEST_STATE:mode_change,t=0:39,m=Counting,r=5,p=0,v=0,d=1', '[10:51:42] main.c:485> Down button pressed', '[10:51:42] utility.c:54> TEST_STATE:button_down,t=0:39,m=Counting,r=5,p=0,v=0,d=1']
FAILED                                                                   [ 73%]
------------------------------ live log teardown -------------------------------
10:51:43 [INFO] functional.conftest: [basalt] Quitting app after test: test_editrepeat_up_region_empty_during_flash_off[basalt]

test/functional/test_repeat_counter_visibility.py::TestRepeatCounterVisibility::test_editrepeat_shows_repeat_counter[chalk] 
-------------------------------- live log setup --------------------------------
10:51:45 [INFO] functional.conftest: [basalt] Tearing down - killing emulator
SKIPPED (Skipping test for chalk since --platform=basalt was specified.) [ 73%]
test/functional/test_repeat_counter_visibility.py::TestRepeatCounterVisibility::test_counting_mode_up_region_with_repeats[chalk] SKIPPED [ 73%]
test/functional/test_repeat_counter_visibility.py::TestRepeatCounterVisibility::test_new_mode_baseline_has_plus_20_icon[chalk] SKIPPED [ 74%]
test/functional/test_repeat_counter_visibility.py::TestRepeatCounterVisibility::test_new_mode_with_repeats_hides_plus_20_icon[chalk] SKIPPED [ 74%]
test/functional/test_repeat_counter_visibility.py::TestRepeatCounterVisibility::test_editsec_mode_with_repeats_hides_plus_20_icon[chalk] SKIPPED [ 74%]
test/functional/test_repeat_counter_visibility.py::TestRepeatCounterVisibility::test_new_mode_reverse_with_repeats_hides_minus_20_icon[chalk] SKIPPED [ 74%]
test/functional/test_repeat_counter_visibility.py::TestIconOverlapPrevention::test_editrepeat_up_region_empty_during_flash_off[chalk] SKIPPED [ 74%]
test/functional/test_repeat_counter_visibility.py::TestRepeatCounterVisibility::test_editrepeat_shows_repeat_counter[diorite] SKIPPED [ 75%]
test/functional/test_repeat_counter_visibility.py::TestRepeatCounterVisibility::test_counting_mode_up_region_with_repeats[diorite] SKIPPED [ 75%]
test/functional/test_repeat_counter_visibility.py::TestRepeatCounterVisibility::test_new_mode_baseline_has_plus_20_icon[diorite] SKIPPED [ 75%]
test/functional/test_repeat_counter_visibility.py::TestRepeatCounterVisibility::test_new_mode_with_repeats_hides_plus_20_icon[diorite] SKIPPED [ 75%]
test/functional/test_repeat_counter_visibility.py::TestRepeatCounterVisibility::test_editsec_mode_with_repeats_hides_plus_20_icon[diorite] SKIPPED [ 76%]
test/functional/test_repeat_counter_visibility.py::TestRepeatCounterVisibility::test_new_mode_reverse_with_repeats_hides_minus_20_icon[diorite] SKIPPED [ 76%]
test/functional/test_repeat_counter_visibility.py::TestIconOverlapPrevention::test_editrepeat_up_region_empty_during_flash_off[diorite] SKIPPED [ 76%]
test/functional/test_repeat_counter_visibility.py::TestRepeatCounterVisibility::test_editrepeat_shows_repeat_counter[emery] SKIPPED [ 76%]
test/functional/test_repeat_counter_visibility.py::TestRepeatCounterVisibility::test_counting_mode_up_region_with_repeats[emery] SKIPPED [ 77%]
test/functional/test_repeat_counter_visibility.py::TestRepeatCounterVisibility::test_new_mode_baseline_has_plus_20_icon[emery] SKIPPED [ 77%]
test/functional/test_repeat_counter_visibility.py::TestRepeatCounterVisibility::test_new_mode_with_repeats_hides_plus_20_icon[emery] SKIPPED [ 77%]
test/functional/test_repeat_counter_visibility.py::TestRepeatCounterVisibility::test_editsec_mode_with_repeats_hides_plus_20_icon[emery] SKIPPED [ 77%]
test/functional/test_repeat_counter_visibility.py::TestRepeatCounterVisibility::test_new_mode_reverse_with_repeats_hides_minus_20_icon[emery] SKIPPED [ 77%]
test/functional/test_repeat_counter_visibility.py::TestIconOverlapPrevention::test_editrepeat_up_region_empty_during_flash_off[emery] SKIPPED [ 78%]
test/functional/test_stopwatch_subtraction.py::TestStopwatchSubtraction::test_chrono_subtraction_converts_to_countdown[aplite] SKIPPED [ 78%]
test/functional/test_stopwatch_subtraction.py::TestStopwatchSubtraction::test_chrono_subtraction_multiple_minutes[aplite] SKIPPED [ 78%]
test/functional/test_stopwatch_subtraction.py::TestStopwatchSubtraction::test_chrono_add_then_subtract[aplite] SKIPPED [ 78%]
test/functional/test_stopwatch_subtraction.py::TestStopwatchSubtraction::test_chrono_subtraction_converts_to_countdown[basalt] 
-------------------------------- live log setup --------------------------------
10:51:46 [INFO] functional.conftest: [basalt] Starting warm-up cycle to clear stale state
10:51:49 [INFO] functional.conftest: [basalt] Installing app on emulator
10:51:57 [INFO] functional.conftest: [basalt] App installed and transport connected
10:51:57 [INFO] functional.conftest: [basalt] Waiting for emulator to stabilize (2s)
10:51:59 [INFO] functional.conftest: [basalt] Holding down button to quit app and set persist state
10:52:01 [INFO] functional.conftest: [basalt] App quit via long press, persist state set
10:52:01 [INFO] functional.conftest: [basalt] Emulator ready for tests
10:52:01 [INFO] functional.conftest: [basalt] Opening app for test: test_chrono_subtraction_converts_to_countdown[basalt]
10:52:01 [INFO] functional.conftest: [basalt] Opening app via install (preserving state)
10:52:01 [INFO] functional.conftest: [basalt] Installing app on emulator
10:52:04 [INFO] functional.conftest: [basalt] App installed and transport connected
10:52:04 [INFO] functional.conftest: [basalt] App opened via install
-------------------------------- live log call ---------------------------------
10:52:06 [INFO] functional.test_stopwatch_subtraction: Waiting for chrono mode...
10:52:12 [INFO] functional.test_stopwatch_subtraction: After subtraction state: {'event': 'button_down', 't': '0:53', 'm': 'New', 'r': '0', 'p': '1', 'v': '0', 'd': '-1'}
PASSED                                                                   [ 79%]
------------------------------ live log teardown -------------------------------
10:52:12 [INFO] functional.conftest: [basalt] Quitting app after test: test_chrono_subtraction_converts_to_countdown[basalt]

test/functional/test_stopwatch_subtraction.py::TestStopwatchSubtraction::test_chrono_subtraction_multiple_minutes[basalt] 
-------------------------------- live log setup --------------------------------
10:52:14 [INFO] functional.conftest: [basalt] Opening app for test: test_chrono_subtraction_multiple_minutes[basalt]
10:52:14 [INFO] functional.conftest: [basalt] Opening app via install (preserving state)
10:52:14 [INFO] functional.conftest: [basalt] Installing app on emulator
10:52:17 [INFO] functional.conftest: [basalt] App installed and transport connected
10:52:17 [INFO] functional.conftest: [basalt] App opened via install
PASSED                                                                   [ 79%]
------------------------------ live log teardown -------------------------------
10:52:25 [INFO] functional.conftest: [basalt] Quitting app after test: test_chrono_subtraction_multiple_minutes[basalt]

test/functional/test_stopwatch_subtraction.py::TestStopwatchSubtraction::test_chrono_add_then_subtract[basalt] 
-------------------------------- live log setup --------------------------------
10:52:27 [INFO] functional.conftest: [basalt] Opening app for test: test_chrono_add_then_subtract[basalt]
10:52:27 [INFO] functional.conftest: [basalt] Opening app via install (preserving state)
10:52:27 [INFO] functional.conftest: [basalt] Installing app on emulator
10:52:30 [INFO] functional.conftest: [basalt] App installed and transport connected
10:52:30 [INFO] functional.conftest: [basalt] App opened via install
PASSED                                                                   [ 79%]
------------------------------ live log teardown -------------------------------
10:52:38 [INFO] functional.conftest: [basalt] Quitting app after test: test_chrono_add_then_subtract[basalt]

test/functional/test_stopwatch_subtraction.py::TestStopwatchSubtraction::test_chrono_subtraction_converts_to_countdown[chalk] 
-------------------------------- live log setup --------------------------------
10:52:40 [INFO] functional.conftest: [basalt] Tearing down - killing emulator
SKIPPED (Skipping test for chalk since --platform=basalt was specified.) [ 79%]
test/functional/test_stopwatch_subtraction.py::TestStopwatchSubtraction::test_chrono_subtraction_multiple_minutes[chalk] SKIPPED [ 80%]
test/functional/test_stopwatch_subtraction.py::TestStopwatchSubtraction::test_chrono_add_then_subtract[chalk] SKIPPED [ 80%]
test/functional/test_stopwatch_subtraction.py::TestStopwatchSubtraction::test_chrono_subtraction_converts_to_countdown[diorite] SKIPPED [ 80%]
test/functional/test_stopwatch_subtraction.py::TestStopwatchSubtraction::test_chrono_subtraction_multiple_minutes[diorite] SKIPPED [ 80%]
test/functional/test_stopwatch_subtraction.py::TestStopwatchSubtraction::test_chrono_add_then_subtract[diorite] SKIPPED [ 80%]
test/functional/test_stopwatch_subtraction.py::TestStopwatchSubtraction::test_chrono_subtraction_converts_to_countdown[emery] SKIPPED [ 81%]
test/functional/test_stopwatch_subtraction.py::TestStopwatchSubtraction::test_chrono_subtraction_multiple_minutes[emery] SKIPPED [ 81%]
test/functional/test_stopwatch_subtraction.py::TestStopwatchSubtraction::test_chrono_add_then_subtract[emery] SKIPPED [ 81%]
test/functional/test_timer_workflows.py::TestEditRunningTimer::test_edit_running_timer[aplite] SKIPPED [ 81%]
test/functional/test_timer_workflows.py::TestSetShortTimer::test_set_4_second_timer[aplite] SKIPPED [ 82%]
test/functional/test_timer_workflows.py::TestSnoozeCompletedTimer::test_snooze_completed_timer[aplite] SKIPPED [ 82%]
test/functional/test_timer_workflows.py::TestRepeatCompletedTimer::test_repeat_completed_timer[aplite] SKIPPED [ 82%]
test/functional/test_timer_workflows.py::TestQuietAlarmBackButton::test_quiet_alarm_with_back_button[aplite] SKIPPED [ 82%]
test/functional/test_timer_workflows.py::TestPauseCompletedTimer::test_pause_completed_timer[aplite] SKIPPED [ 82%]
test/functional/test_timer_workflows.py::TestEditCompletedTimer::test_edit_completed_timer_add_minute[aplite] SKIPPED [ 83%]
test/functional/test_timer_workflows.py::TestEnableRepeatingTimer::test_enable_repeating_timer[aplite] SKIPPED [ 83%]
test/functional/test_timer_workflows.py::TestEditModeReset::test_long_press_select_in_edit_mode_resets_to_edit_seconds[aplite] SKIPPED [ 83%]
test/functional/test_timer_workflows.py::TestEditSecModeNoOp::test_long_press_select_in_edit_sec_mode_does_nothing[aplite] SKIPPED [ 83%]
test/functional/test_timer_workflows.py::TestEditRepeatModeNoOp::test_long_press_select_in_edit_repeat_mode_does_nothing[aplite] SKIPPED [ 84%]
test/functional/test_timer_workflows.py::TestRepeatTimerDuringAlarm::test_hold_up_during_alarm_repeats_timer[aplite] SKIPPED [ 84%]
test/functional/test_timer_workflows.py::TestRepeatTimerDuringAlarm::test_hold_up_during_longer_alarm_repeats_timer[aplite] SKIPPED [ 84%]
test/functional/test_timer_workflows.py::TestRepeatTimerDuringAlarm::test_hold_up_during_longer_alarm_repeats_timer_old_method[aplite] SKIPPED [ 84%]
test/functional/test_timer_workflows.py::TestSubMinuteTimerStaysPaused::test_sub_minute_timer_stays_paused_after_edit_expires[aplite] SKIPPED [ 85%]
test/functional/test_timer_workflows.py::TestMinuteAndSecondsTimerStaysPaused::test_minute_and_seconds_timer_stays_paused[aplite] SKIPPED [ 85%]
test/functional/test_timer_workflows.py::TestEditRunningTimer::test_edit_running_timer[basalt] 
-------------------------------- live log setup --------------------------------
10:52:41 [INFO] functional.test_timer_workflows: [basalt] Starting warm-up cycle to clear stale state
10:52:45 [INFO] functional.conftest: [basalt] Installing app on emulator
10:52:54 [INFO] functional.conftest: [basalt] App installed and transport connected
10:52:54 [INFO] functional.test_timer_workflows: [basalt] Waiting for emulator to stabilize (2s)
10:52:56 [INFO] functional.test_timer_workflows: [basalt] Holding down button to quit app and set persist state
10:52:57 [INFO] functional.test_timer_workflows: [basalt] App quit via long press, persist state set
10:52:58 [INFO] functional.test_timer_workflows: [basalt] Emulator ready for tests
10:52:58 [INFO] functional.conftest: [basalt] Opening app for test: test_edit_running_timer[basalt]
10:52:58 [INFO] functional.conftest: [basalt] Opening app via install (preserving state)
10:52:58 [INFO] functional.conftest: [basalt] Installing app on emulator
10:53:01 [INFO] functional.conftest: [basalt] App installed and transport connected
10:53:01 [INFO] functional.conftest: [basalt] App opened via install
-------------------------------- live log call ---------------------------------
10:53:09 [INFO] functional.test_timer_workflows: Edit mode state: {'event': 'button_up', 't': '1:51', 'm': 'New', 'r': '0', 'p': '0', 'v': '0', 'd': '1'}
10:53:09 [INFO] functional.test_timer_workflows: After adding time state: {'event': 'button_down', 't': '2:51', 'm': 'New', 'r': '0', 'p': '0', 'v': '0', 'd': '1'}
10:53:12 [INFO] functional.test_timer_workflows: Resumed counting state: {'event': 'mode_change', 't': '2:48', 'm': 'Counting', 'r': '0', 'p': '0', 'v': '0', 'd': '1'}
PASSED                                                                   [ 85%]
------------------------------ live log teardown -------------------------------
10:53:12 [INFO] functional.conftest: [basalt] Quitting app after test: test_edit_running_timer[basalt]

test/functional/test_timer_workflows.py::TestSetShortTimer::test_set_4_second_timer[basalt] 
-------------------------------- live log setup --------------------------------
10:53:14 [INFO] functional.conftest: [basalt] Opening app for test: test_set_4_second_timer[basalt]
10:53:14 [INFO] functional.conftest: [basalt] Opening app via install (preserving state)
10:53:14 [INFO] functional.conftest: [basalt] Installing app on emulator
10:53:17 [INFO] functional.conftest: [basalt] App installed and transport connected
10:53:17 [INFO] functional.conftest: [basalt] App opened via install
-------------------------------- live log call ---------------------------------
10:53:18 [INFO] functional.test_timer_workflows: [basalt] Setting up 4s timer: waiting for chrono mode
10:53:25 [INFO] functional.test_timer_workflows: [basalt] Short timer set to 4s, waiting for expire
10:53:29 [INFO] functional.test_timer_workflows: [basalt] Short timer started, counting down from 4s
10:53:32 [INFO] functional.test_timer_workflows: Short timer running text:  e 00;04 pz 10.53 Ker M J
10:53:32 [INFO] functional.test_timer_workflows: Short timer normalized:   00:04  10:53   
PASSED                                                                   [ 85%]
------------------------------ live log teardown -------------------------------
10:53:32 [INFO] functional.conftest: [basalt] Quitting app after test: test_set_4_second_timer[basalt]

test/functional/test_timer_workflows.py::TestSnoozeCompletedTimer::test_snooze_completed_timer[basalt] 
-------------------------------- live log setup --------------------------------
10:53:34 [INFO] functional.conftest: [basalt] Opening app for test: test_snooze_completed_timer[basalt]
10:53:34 [INFO] functional.conftest: [basalt] Opening app via install (preserving state)
10:53:34 [INFO] functional.conftest: [basalt] Installing app on emulator
10:53:37 [INFO] functional.conftest: [basalt] App installed and transport connected
10:53:37 [INFO] functional.conftest: [basalt] App opened via install
-------------------------------- live log call ---------------------------------
10:53:39 [INFO] functional.test_timer_workflows: [basalt] Setting up 4s timer: waiting for chrono mode
10:53:46 [INFO] functional.test_timer_workflows: [basalt] Short timer set to 4s, waiting for expire
10:53:50 [INFO] functional.test_timer_workflows: [basalt] Short timer started, counting down from 4s
10:53:50 [INFO] functional.test_timer_workflows: Waiting for alarm to start...
10:53:54 [INFO] functional.test_timer_workflows: Alarm started: {'event': 'alarm_start', 't': '0:00', 'm': 'Counting', 'r': '0', 'p': '0', 'v': '1', 'd': '1'}
10:53:54 [INFO] functional.test_timer_workflows: After snooze state: {'event': 'button_down', 't': '4:59', 'm': 'Counting', 'r': '0', 'p': '0', 'v': '0', 'd': '1'}
PASSED                                                                   [ 85%]
------------------------------ live log teardown -------------------------------
10:53:54 [INFO] functional.conftest: [basalt] Quitting app after test: test_snooze_completed_timer[basalt]

test/functional/test_timer_workflows.py::TestRepeatCompletedTimer::test_repeat_completed_timer[basalt] 
-------------------------------- live log setup --------------------------------
10:53:56 [INFO] functional.conftest: [basalt] Opening app for test: test_repeat_completed_timer[basalt]
10:53:56 [INFO] functional.conftest: [basalt] Opening app via install (preserving state)
10:53:56 [INFO] functional.conftest: [basalt] Installing app on emulator
10:53:59 [INFO] functional.conftest: [basalt] App installed and transport connected
10:53:59 [INFO] functional.conftest: [basalt] App opened via install
-------------------------------- live log call ---------------------------------
10:54:00 [INFO] functional.test_timer_workflows: [basalt] Setting up 4s timer: waiting for chrono mode
10:54:08 [INFO] functional.test_timer_workflows: [basalt] Short timer set to 4s, waiting for expire
10:54:12 [INFO] functional.test_timer_workflows: [basalt] Short timer started, counting down from 4s
10:54:17 [INFO] functional.test_timer_workflows: After repeat state: {'event': 'long_press_up', 't': '0:03', 'm': 'Counting', 'r': '0', 'p': '0', 'v': '0', 'd': '1'}
PASSED                                                                   [ 86%]
------------------------------ live log teardown -------------------------------
10:54:17 [INFO] functional.conftest: [basalt] Quitting app after test: test_repeat_completed_timer[basalt]

test/functional/test_timer_workflows.py::TestQuietAlarmBackButton::test_quiet_alarm_with_back_button[basalt] 
-------------------------------- live log setup --------------------------------
10:54:19 [INFO] functional.conftest: [basalt] Opening app for test: test_quiet_alarm_with_back_button[basalt]
10:54:19 [INFO] functional.conftest: [basalt] Opening app via install (preserving state)
10:54:19 [INFO] functional.conftest: [basalt] Installing app on emulator
10:54:22 [INFO] functional.conftest: [basalt] App installed and transport connected
10:54:22 [INFO] functional.conftest: [basalt] App opened via install
-------------------------------- live log call ---------------------------------
10:54:23 [INFO] functional.test_timer_workflows: [basalt] Setting up 4s timer: waiting for chrono mode
10:54:31 [INFO] functional.test_timer_workflows: [basalt] Short timer set to 4s, waiting for expire
10:54:35 [INFO] functional.test_timer_workflows: [basalt] Short timer started, counting down from 4s
10:54:39 [INFO] functional.test_timer_workflows: After silence state: {'event': 'button_back', 't': '0:00', 'm': 'Counting', 'r': '0', 'p': '0', 'v': '0', 'd': '1'}
PASSED                                                                   [ 86%]
------------------------------ live log teardown -------------------------------
10:54:39 [INFO] functional.conftest: [basalt] Quitting app after test: test_quiet_alarm_with_back_button[basalt]

test/functional/test_timer_workflows.py::TestPauseCompletedTimer::test_pause_completed_timer[basalt] 
-------------------------------- live log setup --------------------------------
10:54:41 [INFO] functional.conftest: [basalt] Opening app for test: test_pause_completed_timer[basalt]
10:54:41 [INFO] functional.conftest: [basalt] Opening app via install (preserving state)
10:54:41 [INFO] functional.conftest: [basalt] Installing app on emulator
10:54:44 [INFO] functional.conftest: [basalt] App installed and transport connected
10:54:44 [INFO] functional.conftest: [basalt] App opened via install
-------------------------------- live log call ---------------------------------
10:54:45 [INFO] functional.test_timer_workflows: [basalt] Setting up 4s timer: waiting for chrono mode
10:54:52 [INFO] functional.test_timer_workflows: [basalt] Short timer set to 4s, waiting for expire
10:54:57 [INFO] functional.test_timer_workflows: [basalt] Short timer started, counting down from 4s
10:55:01 [INFO] functional.test_timer_workflows: After pause state: {'event': 'button_select', 't': '0:00', 'm': 'Counting', 'r': '0', 'p': '1', 'v': '0', 'd': '1'}
PASSED                                                                   [ 86%]
------------------------------ live log teardown -------------------------------
10:55:01 [INFO] functional.conftest: [basalt] Quitting app after test: test_pause_completed_timer[basalt]

test/functional/test_timer_workflows.py::TestEditCompletedTimer::test_edit_completed_timer_add_minute[basalt] 
-------------------------------- live log setup --------------------------------
10:55:02 [INFO] functional.conftest: [basalt] Opening app for test: test_edit_completed_timer_add_minute[basalt]
10:55:02 [INFO] functional.conftest: [basalt] Opening app via install (preserving state)
10:55:02 [INFO] functional.conftest: [basalt] Installing app on emulator
10:55:06 [INFO] functional.conftest: [basalt] App installed and transport connected
10:55:06 [INFO] functional.conftest: [basalt] App opened via install
-------------------------------- live log call ---------------------------------
10:55:07 [INFO] functional.test_timer_workflows: [basalt] Setting up 4s timer: waiting for chrono mode
10:55:14 [INFO] functional.test_timer_workflows: [basalt] Short timer set to 4s, waiting for expire
10:55:19 [INFO] functional.test_timer_workflows: [basalt] Short timer started, counting down from 4s
10:55:23 [INFO] functional.test_timer_workflows: After adding minute state: {'event': 'button_down', 't': '0:59', 'm': 'New', 'r': '0', 'p': '0', 'v': '0', 'd': '1'}
PASSED                                                                   [ 86%]
------------------------------ live log teardown -------------------------------
10:55:23 [INFO] functional.conftest: [basalt] Quitting app after test: test_edit_completed_timer_add_minute[basalt]

test/functional/test_timer_workflows.py::TestEnableRepeatingTimer::test_enable_repeating_timer[basalt] 
-------------------------------- live log setup --------------------------------
10:55:25 [INFO] functional.conftest: [basalt] Opening app for test: test_enable_repeating_timer[basalt]
10:55:25 [INFO] functional.conftest: [basalt] Opening app via install (preserving state)
10:55:25 [INFO] functional.conftest: [basalt] Installing app on emulator
10:55:28 [INFO] functional.conftest: [basalt] App installed and transport connected
10:55:28 [INFO] functional.conftest: [basalt] App opened via install
-------------------------------- live log call ---------------------------------
10:55:29 [INFO] functional.test_timer_workflows: [basalt] Setting up 10s timer: waiting for chrono mode
10:55:40 [INFO] functional.test_timer_workflows: [basalt] Short timer set to 10s, waiting for expire
10:55:44 [INFO] functional.test_timer_workflows: [basalt] Short timer started, counting down from 10s
10:55:50 [INFO] functional.test_timer_workflows: Waiting for timer to expire and restart...
PASSED                                                                   [ 87%]
------------------------------ live log teardown -------------------------------
10:55:54 [INFO] functional.conftest: [basalt] Quitting app after test: test_enable_repeating_timer[basalt]

test/functional/test_timer_workflows.py::TestEditModeReset::test_long_press_select_in_edit_mode_resets_to_edit_seconds[basalt] 
-------------------------------- live log setup --------------------------------
10:55:56 [INFO] functional.conftest: [basalt] Opening app for test: test_long_press_select_in_edit_mode_resets_to_edit_seconds[basalt]
10:55:56 [INFO] functional.conftest: [basalt] Opening app via install (preserving state)
10:55:56 [INFO] functional.conftest: [basalt] Installing app on emulator
10:55:59 [INFO] functional.conftest: [basalt] App installed and transport connected
10:55:59 [INFO] functional.conftest: [basalt] App opened via install
PASSED                                                                   [ 87%]
------------------------------ live log teardown -------------------------------
10:56:06 [INFO] functional.conftest: [basalt] Quitting app after test: test_long_press_select_in_edit_mode_resets_to_edit_seconds[basalt]

test/functional/test_timer_workflows.py::TestEditSecModeNoOp::test_long_press_select_in_edit_sec_mode_does_nothing[basalt] 
-------------------------------- live log setup --------------------------------
10:56:08 [INFO] functional.conftest: [basalt] Opening app for test: test_long_press_select_in_edit_sec_mode_does_nothing[basalt]
10:56:08 [INFO] functional.conftest: [basalt] Opening app via install (preserving state)
10:56:08 [INFO] functional.conftest: [basalt] Installing app on emulator
10:56:11 [INFO] functional.conftest: [basalt] App installed and transport connected
10:56:11 [INFO] functional.conftest: [basalt] App opened via install
-------------------------------- live log call ---------------------------------
10:56:13 [INFO] functional.test_timer_workflows: Waiting for chrono mode (0:00 counting up)...
PASSED                                                                   [ 87%]
------------------------------ live log teardown -------------------------------
10:56:20 [INFO] functional.conftest: [basalt] Quitting app after test: test_long_press_select_in_edit_sec_mode_does_nothing[basalt]

test/functional/test_timer_workflows.py::TestEditRepeatModeNoOp::test_long_press_select_in_edit_repeat_mode_does_nothing[basalt] 
-------------------------------- live log setup --------------------------------
10:56:22 [INFO] functional.conftest: [basalt] Opening app for test: test_long_press_select_in_edit_repeat_mode_does_nothing[basalt]
10:56:22 [INFO] functional.conftest: [basalt] Opening app via install (preserving state)
10:56:22 [INFO] functional.conftest: [basalt] Installing app on emulator
10:56:25 [INFO] functional.conftest: [basalt] App installed and transport connected
10:56:25 [INFO] functional.conftest: [basalt] App opened via install
PASSED                                                                   [ 87%]
------------------------------ live log teardown -------------------------------
10:56:33 [INFO] functional.conftest: [basalt] Quitting app after test: test_long_press_select_in_edit_repeat_mode_does_nothing[basalt]

test/functional/test_timer_workflows.py::TestRepeatTimerDuringAlarm::test_hold_up_during_alarm_repeats_timer[basalt] 
-------------------------------- live log setup --------------------------------
10:56:35 [INFO] functional.conftest: [basalt] Opening app for test: test_hold_up_during_alarm_repeats_timer[basalt]
10:56:35 [INFO] functional.conftest: [basalt] Opening app via install (preserving state)
10:56:35 [INFO] functional.conftest: [basalt] Installing app on emulator
10:56:38 [INFO] functional.conftest: [basalt] App installed and transport connected
10:56:38 [INFO] functional.conftest: [basalt] App opened via install
-------------------------------- live log call ---------------------------------
10:56:40 [INFO] functional.test_timer_workflows: Waiting for chrono mode...
10:56:48 [INFO] functional.test_timer_workflows: Waiting for edit mode to expire...
10:56:51 [INFO] functional.test_timer_workflows: Pressing Select to start 4-second timer...
10:56:52 [INFO] functional.test_timer_workflows: Waiting for alarm to start...
10:56:56 [INFO] functional.test_timer_workflows: Alarm started: {'event': 'alarm_start', 't': '0:00', 'm': 'Counting', 'r': '0', 'p': '0', 'v': '1', 'd': '1'}
10:56:57 [INFO] functional.test_timer_workflows: After repeat state: {'event': 'long_press_up', 't': '0:03', 'm': 'Counting', 'r': '0', 'p': '0', 'v': '0', 'd': '1'}
PASSED                                                                   [ 88%]
------------------------------ live log teardown -------------------------------
10:56:57 [INFO] functional.conftest: [basalt] Quitting app after test: test_hold_up_during_alarm_repeats_timer[basalt]

test/functional/test_timer_workflows.py::TestRepeatTimerDuringAlarm::test_hold_up_during_longer_alarm_repeats_timer[basalt] 
-------------------------------- live log setup --------------------------------
10:56:59 [INFO] functional.conftest: [basalt] Opening app for test: test_hold_up_during_longer_alarm_repeats_timer[basalt]
10:56:59 [INFO] functional.conftest: [basalt] Opening app via install (preserving state)
10:56:59 [INFO] functional.conftest: [basalt] Installing app on emulator
10:57:02 [INFO] functional.conftest: [basalt] App installed and transport connected
10:57:02 [INFO] functional.conftest: [basalt] App opened via install
-------------------------------- live log call ---------------------------------
10:57:07 [INFO] functional.test_timer_workflows: Waiting for edit mode to expire...
10:57:11 [INFO] functional.test_timer_workflows: Pressing Select to start 5-second timer...
10:57:11 [INFO] functional.test_timer_workflows: Waiting for alarm to start...
10:57:21 [INFO] functional.test_timer_workflows: Alarm started: {'event': 'alarm_start', 't': '0:00', 'm': 'Counting', 'r': '0', 'p': '0', 'v': '1', 'd': '1'}
10:57:22 [INFO] functional.test_timer_workflows: After repeat state: {'event': 'long_press_up', 't': '0:09', 'm': 'Counting', 'r': '0', 'p': '0', 'v': '0', 'd': '1'}
PASSED                                                                   [ 88%]
------------------------------ live log teardown -------------------------------
10:57:22 [INFO] functional.conftest: [basalt] Quitting app after test: test_hold_up_during_longer_alarm_repeats_timer[basalt]

test/functional/test_timer_workflows.py::TestRepeatTimerDuringAlarm::test_hold_up_during_longer_alarm_repeats_timer_old_method[basalt] 
-------------------------------- live log setup --------------------------------
10:57:24 [INFO] functional.conftest: [basalt] Opening app for test: test_hold_up_during_longer_alarm_repeats_timer_old_method[basalt]
10:57:24 [INFO] functional.conftest: [basalt] Opening app via install (preserving state)
10:57:24 [INFO] functional.conftest: [basalt] Installing app on emulator
10:57:27 [INFO] functional.conftest: [basalt] App installed and transport connected
10:57:27 [INFO] functional.conftest: [basalt] App opened via install
-------------------------------- live log call ---------------------------------
10:57:29 [INFO] functional.test_timer_workflows: Waiting for chrono mode...
10:57:36 [INFO] functional.test_timer_workflows: Waiting for edit mode to expire...
10:57:39 [INFO] functional.test_timer_workflows: Pressing Select to start 10-second timer...
10:57:39 [INFO] functional.test_timer_workflows: Waiting for alarm to start...
10:57:49 [INFO] functional.test_timer_workflows: Alarm started: {'event': 'alarm_start', 't': '0:00', 'm': 'Counting', 'r': '0', 'p': '0', 'v': '1', 'd': '1'}
10:57:51 [INFO] functional.test_timer_workflows: After repeat state: {'event': 'long_press_up', 't': '0:09', 'm': 'Counting', 'r': '0', 'p': '0', 'v': '0', 'd': '1'}
PASSED                                                                   [ 88%]
------------------------------ live log teardown -------------------------------
10:57:51 [INFO] functional.conftest: [basalt] Quitting app after test: test_hold_up_during_longer_alarm_repeats_timer_old_method[basalt]

test/functional/test_timer_workflows.py::TestSubMinuteTimerStaysPaused::test_sub_minute_timer_stays_paused_after_edit_expires[basalt] 
-------------------------------- live log setup --------------------------------
10:57:53 [INFO] functional.conftest: [basalt] Opening app for test: test_sub_minute_timer_stays_paused_after_edit_expires[basalt]
10:57:53 [INFO] functional.conftest: [basalt] Opening app via install (preserving state)
10:57:53 [INFO] functional.conftest: [basalt] Installing app on emulator
10:57:56 [INFO] functional.conftest: [basalt] App installed and transport connected
10:57:56 [INFO] functional.conftest: [basalt] App opened via install
-------------------------------- live log call ---------------------------------
10:57:57 [INFO] functional.test_timer_workflows: Waiting for chrono mode...
10:58:01 [INFO] functional.test_timer_workflows: Entered New mode
10:58:03 [INFO] functional.test_timer_workflows: Entered EditSec mode
10:58:08 [INFO] functional.test_timer_workflows: Waiting for edit mode to expire...
10:58:12 [INFO] functional.test_timer_workflows: After edit expired: {'event': 'mode_change', 't': '0:10', 'm': 'Counting', 'r': '0', 'p': '1', 'v': '0', 'd': '1'}
PASSED                                                                   [ 88%]
------------------------------ live log teardown -------------------------------
10:58:12 [INFO] functional.conftest: [basalt] Quitting app after test: test_sub_minute_timer_stays_paused_after_edit_expires[basalt]

test/functional/test_timer_workflows.py::TestMinuteAndSecondsTimerStaysPaused::test_minute_and_seconds_timer_stays_paused[basalt] 
-------------------------------- live log setup --------------------------------
10:58:13 [INFO] functional.conftest: [basalt] Opening app for test: test_minute_and_seconds_timer_stays_paused[basalt]
10:58:13 [INFO] functional.conftest: [basalt] Opening app via install (preserving state)
10:58:13 [INFO] functional.conftest: [basalt] Installing app on emulator
10:58:17 [INFO] functional.conftest: [basalt] App installed and transport connected
10:58:17 [INFO] functional.conftest: [basalt] App opened via install
-------------------------------- live log call ---------------------------------
10:58:23 [INFO] functional.test_timer_workflows: Entered New (edit) mode
10:58:24 [INFO] functional.test_timer_workflows: Entered EditSec mode at 0:00
10:58:35 [INFO] functional.test_timer_workflows: Waiting for edit mode to expire...
10:58:39 [INFO] functional.test_timer_workflows: After edit expired: {'event': 'mode_change', 't': '0:20', 'm': 'Counting', 'r': '0', 'p': '1', 'v': '0', 'd': '1'}
PASSED                                                                   [ 88%]
------------------------------ live log teardown -------------------------------
10:58:39 [INFO] functional.conftest: [basalt] Quitting app after test: test_minute_and_seconds_timer_stays_paused[basalt]

test/functional/test_timer_workflows.py::TestEditRunningTimer::test_edit_running_timer[chalk] 
-------------------------------- live log setup --------------------------------
10:58:41 [INFO] functional.test_timer_workflows: [basalt] Tearing down - killing emulator
SKIPPED (Skipping test for chalk since --platform=basalt was specified.) [ 89%]
test/functional/test_timer_workflows.py::TestSetShortTimer::test_set_4_second_timer[chalk] SKIPPED [ 89%]
test/functional/test_timer_workflows.py::TestSnoozeCompletedTimer::test_snooze_completed_timer[chalk] SKIPPED [ 89%]
test/functional/test_timer_workflows.py::TestRepeatCompletedTimer::test_repeat_completed_timer[chalk] SKIPPED [ 89%]
test/functional/test_timer_workflows.py::TestQuietAlarmBackButton::test_quiet_alarm_with_back_button[chalk] SKIPPED [ 90%]
test/functional/test_timer_workflows.py::TestPauseCompletedTimer::test_pause_completed_timer[chalk] SKIPPED [ 90%]
test/functional/test_timer_workflows.py::TestEditCompletedTimer::test_edit_completed_timer_add_minute[chalk] SKIPPED [ 90%]
test/functional/test_timer_workflows.py::TestEnableRepeatingTimer::test_enable_repeating_timer[chalk] SKIPPED [ 90%]
test/functional/test_timer_workflows.py::TestEditModeReset::test_long_press_select_in_edit_mode_resets_to_edit_seconds[chalk] SKIPPED [ 91%]
test/functional/test_timer_workflows.py::TestEditSecModeNoOp::test_long_press_select_in_edit_sec_mode_does_nothing[chalk] SKIPPED [ 91%]
test/functional/test_timer_workflows.py::TestEditRepeatModeNoOp::test_long_press_select_in_edit_repeat_mode_does_nothing[chalk] SKIPPED [ 91%]
test/functional/test_timer_workflows.py::TestRepeatTimerDuringAlarm::test_hold_up_during_alarm_repeats_timer[chalk] SKIPPED [ 91%]
test/functional/test_timer_workflows.py::TestRepeatTimerDuringAlarm::test_hold_up_during_longer_alarm_repeats_timer[chalk] SKIPPED [ 91%]
test/functional/test_timer_workflows.py::TestRepeatTimerDuringAlarm::test_hold_up_during_longer_alarm_repeats_timer_old_method[chalk] SKIPPED [ 92%]
test/functional/test_timer_workflows.py::TestSubMinuteTimerStaysPaused::test_sub_minute_timer_stays_paused_after_edit_expires[chalk] SKIPPED [ 92%]
test/functional/test_timer_workflows.py::TestMinuteAndSecondsTimerStaysPaused::test_minute_and_seconds_timer_stays_paused[chalk] SKIPPED [ 92%]
test/functional/test_timer_workflows.py::TestEditRunningTimer::test_edit_running_timer[diorite] SKIPPED [ 92%]
test/functional/test_timer_workflows.py::TestSetShortTimer::test_set_4_second_timer[diorite] SKIPPED [ 93%]
test/functional/test_timer_workflows.py::TestSnoozeCompletedTimer::test_snooze_completed_timer[diorite] SKIPPED [ 93%]
test/functional/test_timer_workflows.py::TestRepeatCompletedTimer::test_repeat_completed_timer[diorite] SKIPPED [ 93%]
test/functional/test_timer_workflows.py::TestQuietAlarmBackButton::test_quiet_alarm_with_back_button[diorite] SKIPPED [ 93%]
test/functional/test_timer_workflows.py::TestPauseCompletedTimer::test_pause_completed_timer[diorite] SKIPPED [ 94%]
test/functional/test_timer_workflows.py::TestEditCompletedTimer::test_edit_completed_timer_add_minute[diorite] SKIPPED [ 94%]
test/functional/test_timer_workflows.py::TestEnableRepeatingTimer::test_enable_repeating_timer[diorite] SKIPPED [ 94%]
test/functional/test_timer_workflows.py::TestEditModeReset::test_long_press_select_in_edit_mode_resets_to_edit_seconds[diorite] SKIPPED [ 94%]
test/functional/test_timer_workflows.py::TestEditSecModeNoOp::test_long_press_select_in_edit_sec_mode_does_nothing[diorite] SKIPPED [ 94%]
test/functional/test_timer_workflows.py::TestEditRepeatModeNoOp::test_long_press_select_in_edit_repeat_mode_does_nothing[diorite] SKIPPED [ 95%]
test/functional/test_timer_workflows.py::TestRepeatTimerDuringAlarm::test_hold_up_during_alarm_repeats_timer[diorite] SKIPPED [ 95%]
test/functional/test_timer_workflows.py::TestRepeatTimerDuringAlarm::test_hold_up_during_longer_alarm_repeats_timer[diorite] SKIPPED [ 95%]
test/functional/test_timer_workflows.py::TestRepeatTimerDuringAlarm::test_hold_up_during_longer_alarm_repeats_timer_old_method[diorite] SKIPPED [ 95%]
test/functional/test_timer_workflows.py::TestSubMinuteTimerStaysPaused::test_sub_minute_timer_stays_paused_after_edit_expires[diorite] SKIPPED [ 96%]
test/functional/test_timer_workflows.py::TestMinuteAndSecondsTimerStaysPaused::test_minute_and_seconds_timer_stays_paused[diorite] SKIPPED [ 96%]
test/functional/test_timer_workflows.py::TestEditRunningTimer::test_edit_running_timer[emery] SKIPPED [ 96%]
test/functional/test_timer_workflows.py::TestSetShortTimer::test_set_4_second_timer[emery] SKIPPED [ 96%]
test/functional/test_timer_workflows.py::TestSnoozeCompletedTimer::test_snooze_completed_timer[emery] SKIPPED [ 97%]
test/functional/test_timer_workflows.py::TestRepeatCompletedTimer::test_repeat_completed_timer[emery] SKIPPED [ 97%]
test/functional/test_timer_workflows.py::TestQuietAlarmBackButton::test_quiet_alarm_with_back_button[emery] SKIPPED [ 97%]
test/functional/test_timer_workflows.py::TestPauseCompletedTimer::test_pause_completed_timer[emery] SKIPPED [ 97%]
test/functional/test_timer_workflows.py::TestEditCompletedTimer::test_edit_completed_timer_add_minute[emery] SKIPPED [ 97%]
test/functional/test_timer_workflows.py::TestEnableRepeatingTimer::test_enable_repeating_timer[emery] SKIPPED [ 98%]
test/functional/test_timer_workflows.py::TestEditModeReset::test_long_press_select_in_edit_mode_resets_to_edit_seconds[emery] SKIPPED [ 98%]
test/functional/test_timer_workflows.py::TestEditSecModeNoOp::test_long_press_select_in_edit_sec_mode_does_nothing[emery] SKIPPED [ 98%]
test/functional/test_timer_workflows.py::TestEditRepeatModeNoOp::test_long_press_select_in_edit_repeat_mode_does_nothing[emery] SKIPPED [ 98%]
test/functional/test_timer_workflows.py::TestRepeatTimerDuringAlarm::test_hold_up_during_alarm_repeats_timer[emery] SKIPPED [ 99%]
test/functional/test_timer_workflows.py::TestRepeatTimerDuringAlarm::test_hold_up_during_longer_alarm_repeats_timer[emery] SKIPPED [ 99%]
test/functional/test_timer_workflows.py::TestRepeatTimerDuringAlarm::test_hold_up_during_longer_alarm_repeats_timer_old_method[emery] SKIPPED [ 99%]
test/functional/test_timer_workflows.py::TestSubMinuteTimerStaysPaused::test_sub_minute_timer_stays_paused_after_edit_expires[emery] SKIPPED [ 99%]
test/functional/test_timer_workflows.py::TestMinuteAndSecondsTimerStaysPaused::test_minute_and_seconds_timer_stays_paused[emery] SKIPPED [100%]

=================================== FAILURES ===================================
____________ TestEditRepeatIcons.test_editrepeat_back_icon[basalt] _____________

self = <functional.test_button_icons.TestEditRepeatIcons object at 0x7542b6e36e30>
persistent_emulator = <functional.conftest.EmulatorHelper object at 0x7542b6d77b80>

    def test_editrepeat_back_icon(self, persistent_emulator):
        """Verify reset count indicator for Back button in EditRepeat mode.
    
        Note: has_icon_content threshold check skipped because the icon
        may have fewer non-bg pixels than the default threshold of 100.
        """
        emulator = persistent_emulator
        platform = emulator.platform
        screenshot = self._enter_editrepeat(emulator)
        region = get_region(platform, "BACK")
        # Verify it has some content
        assert has_icon_content(screenshot, region, threshold=50), (
            "Expected Reset Count icon content in Back button region in EditRepeat mode"
        )
>       assert matches_icon_reference(screenshot, region, "editrepeat_back", platform=platform, tolerance=30), (
            "Reset Count icon does not match reference mask"
        )
E       AssertionError: Reset Count icon does not match reference mask
E       assert False
E        +  where False = matches_icon_reference(<PIL.PngImagePlugin.PngImageFile image mode=RGBA size=144x168 at 0x7542B6E11F60>, (0, 5, 35, 40), 'editrepeat_back', platform='basalt', tolerance=30)

test/functional/test_button_icons.py:827: AssertionError
------------------------------ Captured log setup ------------------------------
10:41:39 [INFO] functional.conftest: [basalt] Opening app for test: test_editrepeat_back_icon[basalt]
10:41:39 [INFO] functional.conftest: [basalt] Opening app via install (preserving state)
10:41:39 [INFO] functional.conftest: [basalt] Installing app on emulator
10:41:42 [INFO] functional.conftest: [basalt] App installed and transport connected
10:41:42 [INFO] functional.conftest: [basalt] App opened via install
------------------------------ Captured log call -------------------------------
10:41:50 [WARNING] functional.test_button_icons: Icon mask mismatch for 'editrepeat_back' on basalt: 51 pixels differ (tolerance=30)
---------------------------- Captured log teardown -----------------------------
10:41:50 [INFO] functional.conftest: [basalt] Quitting app after test: test_editrepeat_back_icon[basalt]
_________ TestNewModeReverseIcons.test_new_reverse_select_icon[basalt] _________

self = <functional.test_directional_icons.TestNewModeReverseIcons object at 0x7542b6eb4a30>
persistent_emulator = <functional.conftest.EmulatorHelper object at 0x7542b4ede950>

    def test_new_reverse_select_icon(self, persistent_emulator):
        """Verify -5min icon for Select button in New mode (reverse direction)."""
        emulator = persistent_emulator
        platform = emulator.platform
        enter_new_mode_forward(emulator)
        screenshot = toggle_to_reverse_mode(emulator)
        region = get_region(platform, "SELECT")
        assert has_icon_content(screenshot, region), (
            "Expected -5min icon content in Select button region"
        )
>       assert matches_icon_reference(screenshot, region, "new_select_reverse", platform=platform), (
            "-5min icon does not match reference mask"
        )
E       AssertionError: -5min icon does not match reference mask
E       assert False
E        +  where False = matches_icon_reference(<PIL.PngImagePlugin.PngImageFile image mode=RGBA size=144x168 at 0x7542B4E19D50>, (122, 71, 144, 96), 'new_select_reverse', platform='basalt')

test/functional/test_directional_icons.py:207: AssertionError
------------------------------ Captured log setup ------------------------------
10:46:19 [INFO] functional.conftest: [basalt] Opening app for test: test_new_reverse_select_icon[basalt]
10:46:19 [INFO] functional.conftest: [basalt] Opening app via install (preserving state)
10:46:19 [INFO] functional.conftest: [basalt] Installing app on emulator
10:46:22 [INFO] functional.conftest: [basalt] App installed and transport connected
10:46:22 [INFO] functional.conftest: [basalt] App opened via install
------------------------------ Captured log call -------------------------------
10:46:29 [WARNING] functional.test_button_icons: Icon mask mismatch for 'new_select_reverse' on basalt: 131 pixels differ (tolerance=10)
---------------------------- Captured log teardown -----------------------------
10:46:29 [INFO] functional.conftest: [basalt] Quitting app after test: test_new_reverse_select_icon[basalt]
__________ TestNewModeReverseIcons.test_new_reverse_down_icon[basalt] __________

self = <functional.test_directional_icons.TestNewModeReverseIcons object at 0x7542b6eb5240>
persistent_emulator = <functional.conftest.EmulatorHelper object at 0x7542b4ede950>

    def test_new_reverse_down_icon(self, persistent_emulator):
        """Verify -1min icon for Down button in New mode (reverse direction)."""
        emulator = persistent_emulator
        platform = emulator.platform
        enter_new_mode_forward(emulator)
        screenshot = toggle_to_reverse_mode(emulator)
        region = get_region(platform, "DOWN")
        assert has_icon_content(screenshot, region), (
            "Expected -1min icon content in Down button region"
        )
>       assert matches_icon_reference(screenshot, region, "new_down_reverse", platform=platform), (
            "-1min icon does not match reference mask"
        )
E       AssertionError: -1min icon does not match reference mask
E       assert False
E        +  where False = matches_icon_reference(<PIL.PngImagePlugin.PngImageFile image mode=RGBA size=144x168 at 0x7542B4ECF370>, (109, 128, 144, 163), 'new_down_reverse', platform='basalt')

test/functional/test_directional_icons.py:221: AssertionError
------------------------------ Captured log setup ------------------------------
10:46:31 [INFO] functional.conftest: [basalt] Opening app for test: test_new_reverse_down_icon[basalt]
10:46:31 [INFO] functional.conftest: [basalt] Opening app via install (preserving state)
10:46:31 [INFO] functional.conftest: [basalt] Installing app on emulator
10:46:36 [INFO] functional.conftest: [basalt] App installed and transport connected
10:46:36 [INFO] functional.conftest: [basalt] App opened via install
------------------------------ Captured log call -------------------------------
10:46:42 [WARNING] functional.test_button_icons: Icon mask mismatch for 'new_down_reverse' on basalt: 161 pixels differ (tolerance=10)
---------------------------- Captured log teardown -----------------------------
10:46:42 [INFO] functional.conftest: [basalt] Quitting app after test: test_new_reverse_down_icon[basalt]
_ TestRepeatCounterVisibility.test_new_mode_reverse_with_repeats_hides_minus_20_icon[basalt] _

self = <functional.test_repeat_counter_visibility.TestRepeatCounterVisibility object at 0x7542b6d15b10>
persistent_emulator = <functional.conftest.EmulatorHelper object at 0x7542b4ece890>

    def test_new_mode_reverse_with_repeats_hides_minus_20_icon(self, persistent_emulator):
        """Verify -20min icon is HIDDEN in New mode (reverse) when editing a repeating timer.
    
        When in New mode with reverse direction, is_repeating == true AND repeat_count > 1,
        the -20 minute icon should NOT be visible to prevent overlap with the
        repeat counter indicator.
    
        Steps:
        1. Set up a repeating timer (Counting mode with repeat_count > 1)
        2. Short-press Up to enter edit mode (New mode)
        3. Long-press Up to toggle to reverse direction
        4. Verify the -20min icon is NOT visible in UP region
        """
        emulator = persistent_emulator
        platform = emulator.platform
    
        # Set up repeating timer (this leaves us in Counting mode with repeats)
>       self._setup_repeating_timer(emulator)

test/functional/test_repeat_counter_visibility.py:391: 
_ _ _ _ _ _ _ _ _ _ _ _ _ _ _ _ _ _ _ _ _ _ _ _ _ _ _ _ _ _ _ _ _ _ _ _ _ _ _ _ 
test/functional/test_repeat_counter_visibility.py:93: in _setup_repeating_timer
    assert_mode(state_repeat, "EditRepeat")
_ _ _ _ _ _ _ _ _ _ _ _ _ _ _ _ _ _ _ _ _ _ _ _ _ _ _ _ _ _ _ _ _ _ _ _ _ _ _ _ 

state = {'d': '1', 'event': 'long_press_up', 'm': 'Counting', 'p': '0', ...}
mode = 'EditRepeat'

    def assert_mode(state: dict, mode: str):
        """Assert the control mode matches.
    
        Note: State uses short field name 'm' for mode.
        """
        actual = state.get('m', '')
>       assert actual == mode, f"Expected mode {mode}, got {actual}"
E       AssertionError: Expected mode EditRepeat, got Counting
E       assert 'Counting' == 'EditRepeat'
E         
E         - EditRepeat
E         + Counting

test/functional/conftest.py:712: AssertionError
------------------------------ Captured log setup ------------------------------
10:51:05 [INFO] functional.conftest: [basalt] Opening app for test: test_new_mode_reverse_with_repeats_hides_minus_20_icon[basalt]
10:51:05 [INFO] functional.conftest: [basalt] Opening app via install (preserving state)
10:51:05 [INFO] functional.conftest: [basalt] Installing app on emulator
10:51:09 [INFO] functional.conftest: [basalt] App installed and transport connected
10:51:09 [INFO] functional.conftest: [basalt] App opened via install
---------------------------- Captured log teardown -----------------------------
10:51:17 [INFO] functional.conftest: [basalt] Quitting app after test: test_new_mode_reverse_with_repeats_hides_minus_20_icon[basalt]
_ TestIconOverlapPrevention.test_editrepeat_up_region_empty_during_flash_off[basalt] _

self = <functional.test_repeat_counter_visibility.TestIconOverlapPrevention object at 0x7542b6d14190>
persistent_emulator = <functional.conftest.EmulatorHelper object at 0x7542b4ece890>

    def test_editrepeat_up_region_empty_during_flash_off(self, persistent_emulator):
        """Verify UP region is empty during flash OFF in EditRepeat mode.
    
        In EditRepeat mode, the +20 rep icon should NOT be displayed to prevent
        overlap with the repeat counter indicator. During flash OFF phase, both
        the repeat counter text AND the +20 rep icon should be hidden, resulting
        in an empty UP region.
    
        This test captures the bug where the +20 rep icon is drawn unconditionally.
    
        Approach:
        - Use time.sleep for initial setup (avoids log capture timing issues)
        - Start log capture just before entering EditRepeat for mode verification
        - Take screenshots in batches, pressing Down between batches to keep the
          3-second EditRepeat expire timer alive
        - Each button press resets the flash timer (last_interaction_time), and
          screenshots at varying offsets from the press sample different flash
          phases (500ms ON + 500ms OFF cycle)
        - Verify the minimum pixel count proves flash OFF is truly empty
        - Verify variation between screenshots proves repeat counter flashing
        """
        emulator = persistent_emulator
        platform = emulator.platform
    
        # Step 1: Set up timer using sleep-based timing (reliable, no log dependency)
        emulator.press_down()  # Add 1 minute
        time.sleep(4)  # Wait for auto-transition to counting mode
    
        # Step 2: Start log capture right before entering EditRepeat
        # Starting it late avoids missing logs due to pebble logs connection delay
        capture = LogCapture(emulator.platform)
        capture.start()
        time.sleep(1.5)  # Wait for pebble logs to connect
        capture.clear_state_queue()
    
        # Step 3: Enter EditRepeat mode via long press Up
        emulator.hold_button(Button.UP)
        time.sleep(1)
        emulator.release_buttons()
        state = capture.wait_for_state(event="long_press_up", timeout=5.0)
        assert state is not None, (
            f"Did not receive long_press_up log. "
            f"All logs: {capture.get_all_logs()[-5:]}"
        )
        assert_mode(state, "EditRepeat")
    
        # Step 4: Take screenshots, pressing Down before each one to keep
        # the 3-second expire timer alive.
        #
        # Each Down press resets both the expire timer and the flash timer
        # (last_interaction_time). A single screenshot takes ~1-1.5s, well
        # within the 3s window. We vary the delay between the Down press
        # and the screenshot to sample different offsets in the 1000ms flash
        # cycle (0-499ms = ON, 500-999ms = OFF).
        region = get_region(platform, "UP")
        pixel_counts = []
        # Delays between Down press and screenshot, chosen to sample
        # different phases of the 1000ms flash cycle
        pre_screenshot_delays = [0.0, 0.5, 0.2, 0.7, 0.0, 0.5, 0.2, 0.7, 0.3, 0.6]
        for i, delay in enumerate(pre_screenshot_delays):
            # Press Down to add +1 repeat and reset expire timer
            emulator.press_down()
            state = capture.wait_for_state(event="button_down", timeout=5.0)
            if state is None or state.get('m') != 'EditRepeat':
                logger.warning(
                    f"Left EditRepeat at iteration {i}: {state}. "
                    f"Recent logs: {capture.get_all_logs()[-5:]}"
                )
                break
    
            time.sleep(delay)
    
            screenshot = emulator.screenshot(f"editrepeat_burst_{i}")
            pixel_counts.append(count_non_bg_pixels(screenshot, region))
    
        capture.stop()
    
>       assert len(pixel_counts) >= 6, (
            f"Need at least 6 screenshots in EditRepeat mode, got {len(pixel_counts)}"
        )
E       AssertionError: Need at least 6 screenshots in EditRepeat mode, got 5
E       assert 5 >= 6
E        +  where 5 = len([121, 34, 140, 138, 141])

test/functional/test_repeat_counter_visibility.py:518: AssertionError
------------------------------ Captured log setup ------------------------------
10:51:19 [INFO] functional.conftest: [basalt] Opening app for test: test_editrepeat_up_region_empty_during_flash_off[basalt]
10:51:19 [INFO] functional.conftest: [basalt] Opening app via install (preserving state)
10:51:19 [INFO] functional.conftest: [basalt] Installing app on emulator
10:51:22 [INFO] functional.conftest: [basalt] App installed and transport connected
10:51:22 [INFO] functional.conftest: [basalt] App opened via install
------------------------------ Captured log call -------------------------------
10:51:43 [WARNING] functional.test_repeat_counter_visibility: Left EditRepeat at iteration 5: {'event': 'button_down', 't': '0:39', 'm': 'Counting', 'r': '5', 'p': '0', 'v': '0', 'd': '1'}. Recent logs: ['[10:51:40] pkjs> [PHONESIM] [WARNING] Exception decoding QemuInboundPacket.footer', '[10:51:40] pkjs> [PHONESIM] [WARNING] Exception decoding QemuInboundPacket.footer', '[10:51:42] utility.c:54> TEST_STATE:mode_change,t=0:39,m=Counting,r=5,p=0,v=0,d=1', '[10:51:42] main.c:485> Down button pressed', '[10:51:42] utility.c:54> TEST_STATE:button_down,t=0:39,m=Counting,r=5,p=0,v=0,d=1']
---------------------------- Captured log teardown -----------------------------
10:51:43 [INFO] functional.conftest: [basalt] Quitting app after test: test_editrepeat_up_region_empty_during_flash_off[basalt]
=============================== warnings summary ===============================
test_create_timer.py::TestCreateTimer::test_initial_state_shows_new[basalt]
  /home/jared/Workspace/pebble-timer-quick/conda-env/lib/python3.10/site-packages/easyocr/detection.py:81: DeprecationWarning: torch.ao.quantization is deprecated and will be removed in 2.10. 
  For migrations of users: 
  1. Eager mode quantization (torch.ao.quantization.quantize, torch.ao.quantization.quantize_dynamic), please migrate to use torchao eager mode quantize_ API instead 
  2. FX graph mode quantization (torch.ao.quantization.quantize_fx.prepare_fx,torch.ao.quantization.quantize_fx.convert_fx, please migrate to use torchao pt2e quantization API instead (prepare_pt2e, convert_pt2e) 
  3. pt2e quantization has been migrated to torchao (https://github.com/pytorch/ao/tree/main/torchao/quantization/pt2e) 
  see https://github.com/pytorch/ao/issues/2259 for more details
    torch.quantization.quantize_dynamic(net, dtype=torch.qint8, inplace=True)

test_create_timer.py::TestCreateTimer::test_initial_state_shows_new[basalt]
test_create_timer.py::TestCreateTimer::test_initial_state_shows_new[basalt]
  /home/jared/Workspace/pebble-timer-quick/conda-env/lib/python3.10/site-packages/torch/ao/quantization/quantize.py:570: DeprecationWarning: torch.ao.quantization is deprecated and will be removed in 2.10. 
  For migrations of users: 
  1. Eager mode quantization (torch.ao.quantization.quantize, torch.ao.quantization.quantize_dynamic), please migrate to use torchao eager mode quantize_ API instead 
  2. FX graph mode quantization (torch.ao.quantization.quantize_fx.prepare_fx,torch.ao.quantization.quantize_fx.convert_fx, please migrate to use torchao pt2e quantization API instead (prepare_pt2e, convert_pt2e) 
  3. pt2e quantization has been migrated to torchao (https://github.com/pytorch/ao/tree/main/torchao/quantization/pt2e) 
  see https://github.com/pytorch/ao/issues/2259 for more details
    convert(model, mapping, inplace=True)

test_create_timer.py::TestCreateTimer::test_initial_state_shows_new[basalt]
  /home/jared/Workspace/pebble-timer-quick/conda-env/lib/python3.10/site-packages/easyocr/recognition.py:177: DeprecationWarning: torch.ao.quantization is deprecated and will be removed in 2.10. 
  For migrations of users: 
  1. Eager mode quantization (torch.ao.quantization.quantize, torch.ao.quantization.quantize_dynamic), please migrate to use torchao eager mode quantize_ API instead 
  2. FX graph mode quantization (torch.ao.quantization.quantize_fx.prepare_fx,torch.ao.quantization.quantize_fx.convert_fx, please migrate to use torchao pt2e quantization API instead (prepare_pt2e, convert_pt2e) 
  3. pt2e quantization has been migrated to torchao (https://github.com/pytorch/ao/tree/main/torchao/quantization/pt2e) 
  see https://github.com/pytorch/ao/issues/2259 for more details
    torch.quantization.quantize_dynamic(model, dtype=torch.qint8, inplace=True)

test_create_timer.py::TestCreateTimer::test_initial_state_shows_new[basalt]
test_create_timer.py::TestCreateTimer::test_down_button_increments_minutes[basalt]
test_create_timer.py::TestButtonPresses::test_select_button_increments_5_minutes[basalt]
test_create_timer.py::TestTimerCountdown::test_timer_counts_down[basalt]
test_create_timer.py::TestChronoMode::test_chrono_mode_counts_up[basalt]
test_create_timer.py::TestPlayPause::test_select_toggles_play_pause_in_counting_mode[basalt]
test_create_timer.py::TestLongPressReset::test_long_press_select_resets_timer[basalt]
test_timer_workflows.py::TestSetShortTimer::test_set_4_second_timer[basalt]
  /home/jared/Workspace/pebble-timer-quick/conda-env/lib/python3.10/site-packages/torch/utils/data/dataloader.py:775: UserWarning: 'pin_memory' argument is set as true but no accelerator is found, then device pinned memory won't be used.
    super().__init__(loader)

-- Docs: https://docs.pytest.org/en/stable/how-to/capture-warnings.html
=========================== short test summary info ============================
FAILED test/functional/test_button_icons.py::TestEditRepeatIcons::test_editrepeat_back_icon[basalt]
FAILED test/functional/test_directional_icons.py::TestNewModeReverseIcons::test_new_reverse_select_icon[basalt]
FAILED test/functional/test_directional_icons.py::TestNewModeReverseIcons::test_new_reverse_down_icon[basalt]
FAILED test/functional/test_repeat_counter_visibility.py::TestRepeatCounterVisibility::test_new_mode_reverse_with_repeats_hides_minus_20_icon[basalt]
FAILED test/functional/test_repeat_counter_visibility.py::TestIconOverlapPrevention::test_editrepeat_up_region_empty_during_flash_off[basalt]
===== 5 failed, 77 passed, 353 skipped, 12 warnings in 1378.77s (0:22:58) ======
