============================= test session starts ==============================
platform linux -- Python 3.10.19, pytest-9.0.2, pluggy-1.6.0 -- /home/jared/Workspace/pebble-timer-quick/conda-env/bin/python3.10
cachedir: .pytest_cache
rootdir: /home/jared/Workspace/pebble-timer-quick/test/functional
configfile: pytest.ini
plugins: anyio-4.12.1
collecting ... collected 424 items

test/functional/test_backlight.py::TestBacklight::test_backlight_on_in_edit_mode[aplite] SKIPPED [  0%]
test/functional/test_backlight.py::TestBacklight::test_backlight_off_in_counting_mode[aplite] SKIPPED [  0%]
test/functional/test_backlight.py::TestBacklight::test_backlight_on_during_alarm[aplite] SKIPPED [  0%]
test/functional/test_backlight.py::TestBacklight::test_backlight_on_in_edit_sec_mode[aplite] SKIPPED [  0%]
test/functional/test_backlight.py::TestBacklight::test_backlight_on_in_edit_repeat_mode[aplite] SKIPPED [  1%]
test/functional/test_backlight.py::TestBacklight::test_backlight_stays_on_when_silencing_to_edit_mode[aplite] SKIPPED [  1%]
test/functional/test_backlight.py::TestBacklight::test_backlight_on_in_edit_mode[basalt] 
-------------------------------- live log setup --------------------------------
17:24:38 [INFO] functional.conftest: [basalt] Starting warm-up cycle to clear stale state
17:24:41 [INFO] functional.conftest: [basalt] Installing app on emulator
17:24:50 [INFO] functional.conftest: [basalt] App installed and transport connected
17:24:50 [INFO] functional.conftest: [basalt] Waiting for emulator to stabilize (2s)
17:24:51 [INFO] pebble_tool.util.updates: Update check failed: 404 (Not Found)
17:24:52 [INFO] functional.conftest: [basalt] Holding down button to quit app and set persist state
17:24:53 [INFO] functional.conftest: [basalt] App quit via long press, persist state set
17:24:54 [INFO] functional.conftest: [basalt] Emulator ready for tests
17:24:54 [INFO] functional.conftest: [basalt] Opening app for test: test_backlight_on_in_edit_mode[basalt]
17:24:54 [INFO] functional.conftest: [basalt] Opening app via install (preserving state)
17:24:54 [INFO] functional.conftest: [basalt] Installing app on emulator
17:24:57 [INFO] functional.conftest: [basalt] App installed and transport connected
17:24:57 [INFO] functional.conftest: [basalt] App opened via install
PASSED                                                                   [  1%]
------------------------------ live log teardown -------------------------------
17:24:58 [INFO] functional.conftest: [basalt] Quitting app after test: test_backlight_on_in_edit_mode[basalt]

test/functional/test_backlight.py::TestBacklight::test_backlight_off_in_counting_mode[basalt] 
-------------------------------- live log setup --------------------------------
17:25:00 [INFO] functional.conftest: [basalt] Opening app for test: test_backlight_off_in_counting_mode[basalt]
17:25:00 [INFO] functional.conftest: [basalt] Opening app via install (preserving state)
17:25:00 [INFO] functional.conftest: [basalt] Installing app on emulator
17:25:03 [INFO] functional.conftest: [basalt] App installed and transport connected
17:25:03 [INFO] functional.conftest: [basalt] App opened via install
PASSED                                                                   [  1%]
------------------------------ live log teardown -------------------------------
17:25:08 [INFO] functional.conftest: [basalt] Quitting app after test: test_backlight_off_in_counting_mode[basalt]

test/functional/test_backlight.py::TestBacklight::test_backlight_on_during_alarm[basalt] 
-------------------------------- live log setup --------------------------------
17:25:10 [INFO] functional.conftest: [basalt] Opening app for test: test_backlight_on_during_alarm[basalt]
17:25:10 [INFO] functional.conftest: [basalt] Opening app via install (preserving state)
17:25:10 [INFO] functional.conftest: [basalt] Installing app on emulator
17:25:12 [INFO] functional.conftest: [basalt] App installed and transport connected
17:25:12 [INFO] functional.conftest: [basalt] App opened via install
PASSED                                                                   [  2%]
------------------------------ live log teardown -------------------------------
17:25:29 [INFO] functional.conftest: [basalt] Quitting app after test: test_backlight_on_during_alarm[basalt]

test/functional/test_backlight.py::TestBacklight::test_backlight_on_in_edit_sec_mode[basalt] 
-------------------------------- live log setup --------------------------------
17:25:31 [INFO] functional.conftest: [basalt] Opening app for test: test_backlight_on_in_edit_sec_mode[basalt]
17:25:31 [INFO] functional.conftest: [basalt] Opening app via install (preserving state)
17:25:31 [INFO] functional.conftest: [basalt] Installing app on emulator
17:25:34 [INFO] functional.conftest: [basalt] App installed and transport connected
17:25:34 [INFO] functional.conftest: [basalt] App opened via install
PASSED                                                                   [  2%]
------------------------------ live log teardown -------------------------------
17:25:36 [INFO] functional.conftest: [basalt] Quitting app after test: test_backlight_on_in_edit_sec_mode[basalt]

test/functional/test_backlight.py::TestBacklight::test_backlight_on_in_edit_repeat_mode[basalt] 
-------------------------------- live log setup --------------------------------
17:25:38 [INFO] functional.conftest: [basalt] Opening app for test: test_backlight_on_in_edit_repeat_mode[basalt]
17:25:38 [INFO] functional.conftest: [basalt] Opening app via install (preserving state)
17:25:38 [INFO] functional.conftest: [basalt] Installing app on emulator
17:25:41 [INFO] functional.conftest: [basalt] App installed and transport connected
17:25:41 [INFO] functional.conftest: [basalt] App opened via install
PASSED                                                                   [  2%]
------------------------------ live log teardown -------------------------------
17:25:46 [INFO] functional.conftest: [basalt] Quitting app after test: test_backlight_on_in_edit_repeat_mode[basalt]

test/functional/test_backlight.py::TestBacklight::test_backlight_stays_on_when_silencing_to_edit_mode[basalt] 
-------------------------------- live log setup --------------------------------
17:25:48 [INFO] functional.conftest: [basalt] Opening app for test: test_backlight_stays_on_when_silencing_to_edit_mode[basalt]
17:25:48 [INFO] functional.conftest: [basalt] Opening app via install (preserving state)
17:25:48 [INFO] functional.conftest: [basalt] Installing app on emulator
17:25:51 [INFO] functional.conftest: [basalt] App installed and transport connected
17:25:51 [INFO] functional.conftest: [basalt] App opened via install
PASSED                                                                   [  2%]
------------------------------ live log teardown -------------------------------
17:26:02 [INFO] functional.conftest: [basalt] Quitting app after test: test_backlight_stays_on_when_silencing_to_edit_mode[basalt]

test/functional/test_backlight.py::TestBacklight::test_backlight_on_in_edit_mode[chalk] 
-------------------------------- live log setup --------------------------------
17:26:04 [INFO] functional.conftest: [basalt] Tearing down - killing emulator
SKIPPED (Skipping test for chalk since --platform=basalt was specified.) [  3%]
test/functional/test_backlight.py::TestBacklight::test_backlight_off_in_counting_mode[chalk] SKIPPED [  3%]
test/functional/test_backlight.py::TestBacklight::test_backlight_on_during_alarm[chalk] SKIPPED [  3%]
test/functional/test_backlight.py::TestBacklight::test_backlight_on_in_edit_sec_mode[chalk] SKIPPED [  3%]
test/functional/test_backlight.py::TestBacklight::test_backlight_on_in_edit_repeat_mode[chalk] SKIPPED [  4%]
test/functional/test_backlight.py::TestBacklight::test_backlight_stays_on_when_silencing_to_edit_mode[chalk] SKIPPED [  4%]
test/functional/test_backlight.py::TestBacklight::test_backlight_on_in_edit_mode[diorite] SKIPPED [  4%]
test/functional/test_backlight.py::TestBacklight::test_backlight_off_in_counting_mode[diorite] SKIPPED [  4%]
test/functional/test_backlight.py::TestBacklight::test_backlight_on_during_alarm[diorite] SKIPPED [  4%]
test/functional/test_backlight.py::TestBacklight::test_backlight_on_in_edit_sec_mode[diorite] SKIPPED [  5%]
test/functional/test_backlight.py::TestBacklight::test_backlight_on_in_edit_repeat_mode[diorite] SKIPPED [  5%]
test/functional/test_backlight.py::TestBacklight::test_backlight_stays_on_when_silencing_to_edit_mode[diorite] SKIPPED [  5%]
test/functional/test_button_icons.py::TestAlarmIcons::test_alarm_back_icon_silence[aplite] SKIPPED [  5%]
test/functional/test_button_icons.py::TestAlarmIcons::test_alarm_up_icon_edit[aplite] SKIPPED [  6%]
test/functional/test_button_icons.py::TestAlarmIcons::test_alarm_long_up_icon_reset[aplite] SKIPPED [  6%]
test/functional/test_button_icons.py::TestAlarmIcons::test_alarm_select_icon_pause[aplite] SKIPPED [  6%]
test/functional/test_button_icons.py::TestAlarmIcons::test_alarm_down_icon_snooze[aplite] SKIPPED [  6%]
test/functional/test_button_icons.py::TestNewModeIcons::test_new_back_icon[aplite] SKIPPED [  7%]
test/functional/test_button_icons.py::TestNewModeIcons::test_new_up_icon[aplite] SKIPPED [  7%]
test/functional/test_button_icons.py::TestNewModeIcons::test_new_select_icon[aplite] SKIPPED [  7%]
test/functional/test_button_icons.py::TestNewModeIcons::test_new_down_icon[aplite] SKIPPED [  7%]
test/functional/test_button_icons.py::TestNewModeIcons::test_new_long_up_direction_toggle[aplite] SKIPPED [  8%]
test/functional/test_button_icons.py::TestNewModeIcons::test_new_long_select_icon[aplite] SKIPPED [  8%]
test/functional/test_button_icons.py::TestNewModeIcons::test_new_long_down_icon[aplite] SKIPPED [  8%]
test/functional/test_button_icons.py::TestEditSecIcons::test_editsec_back_icon[aplite] SKIPPED [  8%]
test/functional/test_button_icons.py::TestEditSecIcons::test_editsec_up_icon[aplite] SKIPPED [  8%]
test/functional/test_button_icons.py::TestEditSecIcons::test_editsec_select_icon[aplite] SKIPPED [  9%]
test/functional/test_button_icons.py::TestEditSecIcons::test_editsec_down_icon[aplite] SKIPPED [  9%]
test/functional/test_button_icons.py::TestEditSecIcons::test_editsec_long_up_direction_toggle[aplite] SKIPPED [  9%]
test/functional/test_button_icons.py::TestCountingIcons::test_counting_back_icon[aplite] SKIPPED [  9%]
test/functional/test_button_icons.py::TestCountingIcons::test_counting_up_icon[aplite] SKIPPED [ 10%]
test/functional/test_button_icons.py::TestCountingIcons::test_counting_select_icon[aplite] SKIPPED [ 10%]
test/functional/test_button_icons.py::TestCountingIcons::test_counting_down_icon[aplite] SKIPPED [ 10%]
test/functional/test_button_icons.py::TestCountingIcons::test_counting_long_up_icon[aplite] SKIPPED [ 10%]
test/functional/test_button_icons.py::TestCountingIcons::test_counting_long_select_icon[aplite] SKIPPED [ 11%]
test/functional/test_button_icons.py::TestCountingIcons::test_counting_long_down_icon[aplite] SKIPPED [ 11%]
test/functional/test_button_icons.py::TestPausedIcons::test_paused_select_icon_play[aplite] SKIPPED [ 11%]
test/functional/test_button_icons.py::TestChronoIcons::test_chrono_select_icon[aplite] SKIPPED [ 11%]
test/functional/test_button_icons.py::TestChronoIcons::test_chrono_long_select_icon[aplite] SKIPPED [ 12%]
test/functional/test_button_icons.py::TestEditRepeatIcons::test_editrepeat_back_icon[aplite] SKIPPED [ 12%]
test/functional/test_button_icons.py::TestEditRepeatIcons::test_editrepeat_up_icon[aplite] SKIPPED [ 12%]
test/functional/test_button_icons.py::TestEditRepeatIcons::test_editrepeat_select_icon[aplite] SKIPPED [ 12%]
test/functional/test_button_icons.py::TestEditRepeatIcons::test_editrepeat_down_icon[aplite] SKIPPED [ 12%]
test/functional/test_button_icons.py::TestAlarmIcons::test_alarm_back_icon_silence[basalt] 
-------------------------------- live log setup --------------------------------
17:26:05 [INFO] functional.test_button_icons: [basalt] Starting warm-up cycle
17:26:08 [INFO] functional.conftest: [basalt] Installing app on emulator
17:26:17 [INFO] functional.conftest: [basalt] App installed and transport connected
17:26:17 [INFO] functional.test_button_icons: [basalt] Waiting for emulator to stabilize (2s)
17:26:19 [INFO] functional.test_button_icons: [basalt] Holding down button to quit app and set persist state
17:26:22 [INFO] functional.test_button_icons: [basalt] Emulator ready for tests
17:26:22 [INFO] functional.conftest: [basalt] Opening app for test: test_alarm_back_icon_silence[basalt]
17:26:22 [INFO] functional.conftest: [basalt] Opening app via install (preserving state)
17:26:22 [INFO] functional.conftest: [basalt] Installing app on emulator
17:26:24 [INFO] functional.conftest: [basalt] App installed and transport connected
17:26:24 [INFO] functional.conftest: [basalt] App opened via install
-------------------------------- live log call ---------------------------------
17:26:26 [INFO] functional.test_button_icons: [basalt] Setting up 4s timer for icon test
17:26:33 [INFO] functional.test_button_icons: [basalt] Short timer set to 4s, waiting for expire
17:26:37 [INFO] functional.test_button_icons: [basalt] Short timer started, counting down from 4s
17:26:44 [INFO] functional.test_button_icons: All captured states: [{'event': 'mode_change', 't': '0:02', 'm': 'Counting', 'r': '0', 'p': '0', 'v': '0', 'd': '1', 'l': '0', 'c': '1'}, {'event': 'button_up', 't': '0:04', 'm': 'New', 'r': '0', 'p': '0', 'v': '0', 'd': '1', 'l': '1', 'c': '1'}, {'event': 'long_press_select', 't': '0:00', 'm': 'EditSec', 'r': '0', 'p': '1', 'v': '0', 'd': '1', 'l': '1', 'c': '1'}, {'event': 'button_down', 't': '0:01', 'm': 'EditSec', 'r': '0', 'p': '1', 'v': '0', 'd': '1', 'l': '1', 'c': '0'}, {'event': 'button_down', 't': '0:02', 'm': 'EditSec', 'r': '0', 'p': '1', 'v': '0', 'd': '1', 'l': '1', 'c': '0'}, {'event': 'button_down', 't': '0:03', 'm': 'EditSec', 'r': '0', 'p': '1', 'v': '0', 'd': '1', 'l': '1', 'c': '0'}, {'event': 'button_down', 't': '0:04', 'm': 'EditSec', 'r': '0', 'p': '1', 'v': '0', 'd': '1', 'l': '1', 'c': '0'}, {'event': 'mode_change', 't': '0:04', 'm': 'Counting', 'r': '0', 'p': '1', 'v': '0', 'd': '1', 'l': '0', 'c': '0'}, {'event': 'button_select', 't': '0:04', 'm': 'Counting', 'r': '0', 'p': '0', 'v': '0', 'd': '1', 'l': '0', 'c': '0'}, {'event': 'alarm_start', 't': '0:00', 'm': 'Counting', 'r': '0', 'p': '0', 'v': '1', 'd': '1', 'l': '1', 'c': '1'}]
PASSED                                                                   [ 13%]
------------------------------ live log teardown -------------------------------
17:26:44 [INFO] functional.conftest: [basalt] Quitting app after test: test_alarm_back_icon_silence[basalt]

test/functional/test_button_icons.py::TestAlarmIcons::test_alarm_up_icon_edit[basalt] 
-------------------------------- live log setup --------------------------------
17:26:46 [INFO] functional.conftest: [basalt] Opening app for test: test_alarm_up_icon_edit[basalt]
17:26:46 [INFO] functional.conftest: [basalt] Opening app via install (preserving state)
17:26:46 [INFO] functional.conftest: [basalt] Installing app on emulator
17:26:48 [INFO] functional.conftest: [basalt] App installed and transport connected
17:26:48 [INFO] functional.conftest: [basalt] App opened via install
-------------------------------- live log call ---------------------------------
17:26:49 [INFO] functional.test_button_icons: [basalt] Setting up 4s timer for icon test
17:26:56 [INFO] functional.test_button_icons: [basalt] Short timer set to 4s, waiting for expire
17:27:00 [INFO] functional.test_button_icons: [basalt] Short timer started, counting down from 4s
PASSED                                                                   [ 13%]
------------------------------ live log teardown -------------------------------
17:27:07 [INFO] functional.conftest: [basalt] Quitting app after test: test_alarm_up_icon_edit[basalt]

test/functional/test_button_icons.py::TestAlarmIcons::test_alarm_long_up_icon_reset[basalt] 
-------------------------------- live log setup --------------------------------
17:27:09 [INFO] functional.conftest: [basalt] Opening app for test: test_alarm_long_up_icon_reset[basalt]
17:27:09 [INFO] functional.conftest: [basalt] Opening app via install (preserving state)
17:27:09 [INFO] functional.conftest: [basalt] Installing app on emulator
17:27:11 [INFO] functional.conftest: [basalt] App installed and transport connected
17:27:11 [INFO] functional.conftest: [basalt] App opened via install
-------------------------------- live log call ---------------------------------
17:27:12 [INFO] functional.test_button_icons: [basalt] Setting up 4s timer for icon test
17:27:19 [INFO] functional.test_button_icons: [basalt] Short timer set to 4s, waiting for expire
17:27:23 [INFO] functional.test_button_icons: [basalt] Short timer started, counting down from 4s
PASSED                                                                   [ 13%]
------------------------------ live log teardown -------------------------------
17:27:30 [INFO] functional.conftest: [basalt] Quitting app after test: test_alarm_long_up_icon_reset[basalt]

test/functional/test_button_icons.py::TestAlarmIcons::test_alarm_select_icon_pause[basalt] 
-------------------------------- live log setup --------------------------------
17:27:32 [INFO] functional.conftest: [basalt] Opening app for test: test_alarm_select_icon_pause[basalt]
17:27:32 [INFO] functional.conftest: [basalt] Opening app via install (preserving state)
17:27:32 [INFO] functional.conftest: [basalt] Installing app on emulator
17:27:35 [INFO] functional.conftest: [basalt] App installed and transport connected
17:27:35 [INFO] functional.conftest: [basalt] App opened via install
-------------------------------- live log call ---------------------------------
17:27:35 [INFO] functional.test_button_icons: [basalt] Setting up 4s timer for icon test
17:27:42 [INFO] functional.test_button_icons: [basalt] Short timer set to 4s, waiting for expire
17:27:47 [INFO] functional.test_button_icons: [basalt] Short timer started, counting down from 4s
PASSED                                                                   [ 13%]
------------------------------ live log teardown -------------------------------
17:27:53 [INFO] functional.conftest: [basalt] Quitting app after test: test_alarm_select_icon_pause[basalt]

test/functional/test_button_icons.py::TestAlarmIcons::test_alarm_down_icon_snooze[basalt] 
-------------------------------- live log setup --------------------------------
17:27:55 [INFO] functional.conftest: [basalt] Opening app for test: test_alarm_down_icon_snooze[basalt]
17:27:55 [INFO] functional.conftest: [basalt] Opening app via install (preserving state)
17:27:55 [INFO] functional.conftest: [basalt] Installing app on emulator
17:27:58 [INFO] functional.conftest: [basalt] App installed and transport connected
17:27:58 [INFO] functional.conftest: [basalt] App opened via install
-------------------------------- live log call ---------------------------------
17:27:58 [INFO] functional.test_button_icons: [basalt] Setting up 4s timer for icon test
17:28:05 [INFO] functional.test_button_icons: [basalt] Short timer set to 4s, waiting for expire
17:28:10 [INFO] functional.test_button_icons: [basalt] Short timer started, counting down from 4s
PASSED                                                                   [ 14%]
------------------------------ live log teardown -------------------------------
17:28:16 [INFO] functional.conftest: [basalt] Quitting app after test: test_alarm_down_icon_snooze[basalt]

test/functional/test_button_icons.py::TestNewModeIcons::test_new_back_icon[basalt] 
-------------------------------- live log setup --------------------------------
17:28:18 [INFO] functional.conftest: [basalt] Opening app for test: test_new_back_icon[basalt]
17:28:18 [INFO] functional.conftest: [basalt] Opening app via install (preserving state)
17:28:18 [INFO] functional.conftest: [basalt] Installing app on emulator
17:28:21 [INFO] functional.conftest: [basalt] App installed and transport connected
17:28:21 [INFO] functional.conftest: [basalt] App opened via install
PASSED                                                                   [ 14%]
------------------------------ live log teardown -------------------------------
17:28:22 [INFO] functional.conftest: [basalt] Quitting app after test: test_new_back_icon[basalt]

test/functional/test_button_icons.py::TestNewModeIcons::test_new_up_icon[basalt] 
-------------------------------- live log setup --------------------------------
17:28:24 [INFO] functional.conftest: [basalt] Opening app for test: test_new_up_icon[basalt]
17:28:24 [INFO] functional.conftest: [basalt] Opening app via install (preserving state)
17:28:24 [INFO] functional.conftest: [basalt] Installing app on emulator
17:28:27 [INFO] functional.conftest: [basalt] App installed and transport connected
17:28:27 [INFO] functional.conftest: [basalt] App opened via install
PASSED                                                                   [ 14%]
------------------------------ live log teardown -------------------------------
17:28:28 [INFO] functional.conftest: [basalt] Quitting app after test: test_new_up_icon[basalt]

test/functional/test_button_icons.py::TestNewModeIcons::test_new_select_icon[basalt] 
-------------------------------- live log setup --------------------------------
17:28:30 [INFO] functional.conftest: [basalt] Opening app for test: test_new_select_icon[basalt]
17:28:30 [INFO] functional.conftest: [basalt] Opening app via install (preserving state)
17:28:30 [INFO] functional.conftest: [basalt] Installing app on emulator
17:28:33 [INFO] functional.conftest: [basalt] App installed and transport connected
17:28:33 [INFO] functional.conftest: [basalt] App opened via install
PASSED                                                                   [ 14%]
------------------------------ live log teardown -------------------------------
17:28:34 [INFO] functional.conftest: [basalt] Quitting app after test: test_new_select_icon[basalt]

test/functional/test_button_icons.py::TestNewModeIcons::test_new_down_icon[basalt] 
-------------------------------- live log setup --------------------------------
17:28:36 [INFO] functional.conftest: [basalt] Opening app for test: test_new_down_icon[basalt]
17:28:36 [INFO] functional.conftest: [basalt] Opening app via install (preserving state)
17:28:36 [INFO] functional.conftest: [basalt] Installing app on emulator
17:28:39 [INFO] functional.conftest: [basalt] App installed and transport connected
17:28:39 [INFO] functional.conftest: [basalt] App opened via install
PASSED                                                                   [ 15%]
------------------------------ live log teardown -------------------------------
17:28:40 [INFO] functional.conftest: [basalt] Quitting app after test: test_new_down_icon[basalt]

test/functional/test_button_icons.py::TestNewModeIcons::test_new_long_up_direction_toggle[basalt] 
-------------------------------- live log setup --------------------------------
17:28:42 [INFO] functional.conftest: [basalt] Opening app for test: test_new_long_up_direction_toggle[basalt]
17:28:42 [INFO] functional.conftest: [basalt] Opening app via install (preserving state)
17:28:42 [INFO] functional.conftest: [basalt] Installing app on emulator
17:28:45 [INFO] functional.conftest: [basalt] App installed and transport connected
17:28:45 [INFO] functional.conftest: [basalt] App opened via install
PASSED                                                                   [ 15%]
------------------------------ live log teardown -------------------------------
17:28:46 [INFO] functional.conftest: [basalt] Quitting app after test: test_new_long_up_direction_toggle[basalt]

test/functional/test_button_icons.py::TestNewModeIcons::test_new_long_select_icon[basalt] 
-------------------------------- live log setup --------------------------------
17:28:48 [INFO] functional.conftest: [basalt] Opening app for test: test_new_long_select_icon[basalt]
17:28:48 [INFO] functional.conftest: [basalt] Opening app via install (preserving state)
17:28:48 [INFO] functional.conftest: [basalt] Installing app on emulator
17:28:51 [INFO] functional.conftest: [basalt] App installed and transport connected
17:28:51 [INFO] functional.conftest: [basalt] App opened via install
SKIPPED (Long press select icon disabled due to display overlap (see...) [ 15%]
------------------------------ live log teardown -------------------------------
17:28:51 [INFO] functional.conftest: [basalt] Quitting app after test: test_new_long_select_icon[basalt]

test/functional/test_button_icons.py::TestNewModeIcons::test_new_long_down_icon[basalt] 
-------------------------------- live log setup --------------------------------
17:28:53 [INFO] functional.conftest: [basalt] Opening app for test: test_new_long_down_icon[basalt]
17:28:53 [INFO] functional.conftest: [basalt] Opening app via install (preserving state)
17:28:53 [INFO] functional.conftest: [basalt] Installing app on emulator
17:28:56 [INFO] functional.conftest: [basalt] App installed and transport connected
17:28:56 [INFO] functional.conftest: [basalt] App opened via install
PASSED                                                                   [ 15%]
------------------------------ live log teardown -------------------------------
17:28:58 [INFO] functional.conftest: [basalt] Quitting app after test: test_new_long_down_icon[basalt]

test/functional/test_button_icons.py::TestEditSecIcons::test_editsec_back_icon[basalt] 
-------------------------------- live log setup --------------------------------
17:28:59 [INFO] functional.conftest: [basalt] Opening app for test: test_editsec_back_icon[basalt]
17:28:59 [INFO] functional.conftest: [basalt] Opening app via install (preserving state)
17:28:59 [INFO] functional.conftest: [basalt] Installing app on emulator
17:29:02 [INFO] functional.conftest: [basalt] App installed and transport connected
17:29:02 [INFO] functional.conftest: [basalt] App opened via install
PASSED                                                                   [ 16%]
------------------------------ live log teardown -------------------------------
17:29:09 [INFO] functional.conftest: [basalt] Quitting app after test: test_editsec_back_icon[basalt]

test/functional/test_button_icons.py::TestEditSecIcons::test_editsec_up_icon[basalt] 
-------------------------------- live log setup --------------------------------
17:29:10 [INFO] functional.conftest: [basalt] Opening app for test: test_editsec_up_icon[basalt]
17:29:10 [INFO] functional.conftest: [basalt] Opening app via install (preserving state)
17:29:10 [INFO] functional.conftest: [basalt] Installing app on emulator
17:29:13 [INFO] functional.conftest: [basalt] App installed and transport connected
17:29:13 [INFO] functional.conftest: [basalt] App opened via install
PASSED                                                                   [ 16%]
------------------------------ live log teardown -------------------------------
17:29:19 [INFO] functional.conftest: [basalt] Quitting app after test: test_editsec_up_icon[basalt]

test/functional/test_button_icons.py::TestEditSecIcons::test_editsec_select_icon[basalt] 
-------------------------------- live log setup --------------------------------
17:29:21 [INFO] functional.conftest: [basalt] Opening app for test: test_editsec_select_icon[basalt]
17:29:21 [INFO] functional.conftest: [basalt] Opening app via install (preserving state)
17:29:21 [INFO] functional.conftest: [basalt] Installing app on emulator
17:29:24 [INFO] functional.conftest: [basalt] App installed and transport connected
17:29:24 [INFO] functional.conftest: [basalt] App opened via install
PASSED                                                                   [ 16%]
------------------------------ live log teardown -------------------------------
17:29:30 [INFO] functional.conftest: [basalt] Quitting app after test: test_editsec_select_icon[basalt]

test/functional/test_button_icons.py::TestEditSecIcons::test_editsec_down_icon[basalt] 
-------------------------------- live log setup --------------------------------
17:29:32 [INFO] functional.conftest: [basalt] Opening app for test: test_editsec_down_icon[basalt]
17:29:32 [INFO] functional.conftest: [basalt] Opening app via install (preserving state)
17:29:32 [INFO] functional.conftest: [basalt] Installing app on emulator
17:29:35 [INFO] functional.conftest: [basalt] App installed and transport connected
17:29:35 [INFO] functional.conftest: [basalt] App opened via install
PASSED                                                                   [ 16%]
------------------------------ live log teardown -------------------------------
17:29:42 [INFO] functional.conftest: [basalt] Quitting app after test: test_editsec_down_icon[basalt]

test/functional/test_button_icons.py::TestEditSecIcons::test_editsec_long_up_direction_toggle[basalt] 
-------------------------------- live log setup --------------------------------
17:29:44 [INFO] functional.conftest: [basalt] Opening app for test: test_editsec_long_up_direction_toggle[basalt]
17:29:44 [INFO] functional.conftest: [basalt] Opening app via install (preserving state)
17:29:44 [INFO] functional.conftest: [basalt] Installing app on emulator
17:29:46 [INFO] functional.conftest: [basalt] App installed and transport connected
17:29:46 [INFO] functional.conftest: [basalt] App opened via install
PASSED                                                                   [ 16%]
------------------------------ live log teardown -------------------------------
17:29:53 [INFO] functional.conftest: [basalt] Quitting app after test: test_editsec_long_up_direction_toggle[basalt]

test/functional/test_button_icons.py::TestCountingIcons::test_counting_back_icon[basalt] 
-------------------------------- live log setup --------------------------------
17:29:55 [INFO] functional.conftest: [basalt] Opening app for test: test_counting_back_icon[basalt]
17:29:55 [INFO] functional.conftest: [basalt] Opening app via install (preserving state)
17:29:55 [INFO] functional.conftest: [basalt] Installing app on emulator
17:29:57 [INFO] functional.conftest: [basalt] App installed and transport connected
17:29:57 [INFO] functional.conftest: [basalt] App opened via install
PASSED                                                                   [ 17%]
------------------------------ live log teardown -------------------------------
17:30:04 [INFO] functional.conftest: [basalt] Quitting app after test: test_counting_back_icon[basalt]

test/functional/test_button_icons.py::TestCountingIcons::test_counting_up_icon[basalt] 
-------------------------------- live log setup --------------------------------
17:30:06 [INFO] functional.conftest: [basalt] Opening app for test: test_counting_up_icon[basalt]
17:30:06 [INFO] functional.conftest: [basalt] Opening app via install (preserving state)
17:30:06 [INFO] functional.conftest: [basalt] Installing app on emulator
17:30:08 [INFO] functional.conftest: [basalt] App installed and transport connected
17:30:08 [INFO] functional.conftest: [basalt] App opened via install
PASSED                                                                   [ 17%]
------------------------------ live log teardown -------------------------------
17:30:14 [INFO] functional.conftest: [basalt] Quitting app after test: test_counting_up_icon[basalt]

test/functional/test_button_icons.py::TestCountingIcons::test_counting_select_icon[basalt] 
-------------------------------- live log setup --------------------------------
17:30:16 [INFO] functional.conftest: [basalt] Opening app for test: test_counting_select_icon[basalt]
17:30:16 [INFO] functional.conftest: [basalt] Opening app via install (preserving state)
17:30:16 [INFO] functional.conftest: [basalt] Installing app on emulator
17:30:19 [INFO] functional.conftest: [basalt] App installed and transport connected
17:30:19 [INFO] functional.conftest: [basalt] App opened via install
PASSED                                                                   [ 17%]
------------------------------ live log teardown -------------------------------
17:30:25 [INFO] functional.conftest: [basalt] Quitting app after test: test_counting_select_icon[basalt]

test/functional/test_button_icons.py::TestCountingIcons::test_counting_down_icon[basalt] 
-------------------------------- live log setup --------------------------------
17:30:26 [INFO] functional.conftest: [basalt] Opening app for test: test_counting_down_icon[basalt]
17:30:26 [INFO] functional.conftest: [basalt] Opening app via install (preserving state)
17:30:26 [INFO] functional.conftest: [basalt] Installing app on emulator
17:30:29 [INFO] functional.conftest: [basalt] App installed and transport connected
17:30:29 [INFO] functional.conftest: [basalt] App opened via install
PASSED                                                                   [ 17%]
------------------------------ live log teardown -------------------------------
17:30:35 [INFO] functional.conftest: [basalt] Quitting app after test: test_counting_down_icon[basalt]

test/functional/test_button_icons.py::TestCountingIcons::test_counting_long_up_icon[basalt] 
-------------------------------- live log setup --------------------------------
17:30:37 [INFO] functional.conftest: [basalt] Opening app for test: test_counting_long_up_icon[basalt]
17:30:37 [INFO] functional.conftest: [basalt] Opening app via install (preserving state)
17:30:37 [INFO] functional.conftest: [basalt] Installing app on emulator
17:30:40 [INFO] functional.conftest: [basalt] App installed and transport connected
17:30:40 [INFO] functional.conftest: [basalt] App opened via install
PASSED                                                                   [ 18%]
------------------------------ live log teardown -------------------------------
17:30:46 [INFO] functional.conftest: [basalt] Quitting app after test: test_counting_long_up_icon[basalt]

test/functional/test_button_icons.py::TestCountingIcons::test_counting_long_select_icon[basalt] 
-------------------------------- live log setup --------------------------------
17:30:47 [INFO] functional.conftest: [basalt] Opening app for test: test_counting_long_select_icon[basalt]
17:30:47 [INFO] functional.conftest: [basalt] Opening app via install (preserving state)
17:30:47 [INFO] functional.conftest: [basalt] Installing app on emulator
17:30:50 [INFO] functional.conftest: [basalt] App installed and transport connected
17:30:50 [INFO] functional.conftest: [basalt] App opened via install
SKIPPED (Long press select icon disabled due to display overlap (see...) [ 18%]
------------------------------ live log teardown -------------------------------
17:30:51 [INFO] functional.conftest: [basalt] Quitting app after test: test_counting_long_select_icon[basalt]

test/functional/test_button_icons.py::TestCountingIcons::test_counting_long_down_icon[basalt] 
-------------------------------- live log setup --------------------------------
17:30:53 [INFO] functional.conftest: [basalt] Opening app for test: test_counting_long_down_icon[basalt]
17:30:53 [INFO] functional.conftest: [basalt] Opening app via install (preserving state)
17:30:53 [INFO] functional.conftest: [basalt] Installing app on emulator
17:30:55 [INFO] functional.conftest: [basalt] App installed and transport connected
17:30:55 [INFO] functional.conftest: [basalt] App opened via install
PASSED                                                                   [ 18%]
------------------------------ live log teardown -------------------------------
17:31:01 [INFO] functional.conftest: [basalt] Quitting app after test: test_counting_long_down_icon[basalt]

test/functional/test_button_icons.py::TestPausedIcons::test_paused_select_icon_play[basalt] 
-------------------------------- live log setup --------------------------------
17:31:03 [INFO] functional.conftest: [basalt] Opening app for test: test_paused_select_icon_play[basalt]
17:31:03 [INFO] functional.conftest: [basalt] Opening app via install (preserving state)
17:31:03 [INFO] functional.conftest: [basalt] Installing app on emulator
17:31:06 [INFO] functional.conftest: [basalt] App installed and transport connected
17:31:06 [INFO] functional.conftest: [basalt] App opened via install
PASSED                                                                   [ 18%]
------------------------------ live log teardown -------------------------------
17:31:13 [INFO] functional.conftest: [basalt] Quitting app after test: test_paused_select_icon_play[basalt]

test/functional/test_button_icons.py::TestChronoIcons::test_chrono_select_icon[basalt] 
-------------------------------- live log setup --------------------------------
17:31:15 [INFO] functional.conftest: [basalt] Opening app for test: test_chrono_select_icon[basalt]
17:31:15 [INFO] functional.conftest: [basalt] Opening app via install (preserving state)
17:31:15 [INFO] functional.conftest: [basalt] Installing app on emulator
17:31:17 [INFO] functional.conftest: [basalt] App installed and transport connected
17:31:17 [INFO] functional.conftest: [basalt] App opened via install
-------------------------------- live log call ---------------------------------
17:31:19 [INFO] functional.test_button_icons: [basalt] Setting up 4s timer for icon test
17:31:26 [INFO] functional.test_button_icons: [basalt] Short timer set to 4s, waiting for expire
17:31:30 [INFO] functional.test_button_icons: [basalt] Short timer started, counting down from 4s
17:31:39 [INFO] functional.test_button_icons: Chrono mode state: {'event': 'button_down', 't': '0:05', 'm': 'Counting', 'r': '0', 'p': '0', 'v': '0', 'd': '1', 'l': '0', 'c': '1'}
PASSED                                                                   [ 19%]
------------------------------ live log teardown -------------------------------
17:31:39 [INFO] functional.conftest: [basalt] Quitting app after test: test_chrono_select_icon[basalt]

test/functional/test_button_icons.py::TestChronoIcons::test_chrono_long_select_icon[basalt] 
-------------------------------- live log setup --------------------------------
17:31:41 [INFO] functional.conftest: [basalt] Opening app for test: test_chrono_long_select_icon[basalt]
17:31:41 [INFO] functional.conftest: [basalt] Opening app via install (preserving state)
17:31:41 [INFO] functional.conftest: [basalt] Installing app on emulator
17:31:43 [INFO] functional.conftest: [basalt] App installed and transport connected
17:31:43 [INFO] functional.conftest: [basalt] App opened via install
SKIPPED (Long press select icon disabled due to display overlap (see...) [ 19%]
------------------------------ live log teardown -------------------------------
17:31:44 [INFO] functional.conftest: [basalt] Quitting app after test: test_chrono_long_select_icon[basalt]

test/functional/test_button_icons.py::TestEditRepeatIcons::test_editrepeat_back_icon[basalt] 
-------------------------------- live log setup --------------------------------
17:31:46 [INFO] functional.conftest: [basalt] Opening app for test: test_editrepeat_back_icon[basalt]
17:31:46 [INFO] functional.conftest: [basalt] Opening app via install (preserving state)
17:31:46 [INFO] functional.conftest: [basalt] Installing app on emulator
17:31:48 [INFO] functional.conftest: [basalt] App installed and transport connected
17:31:48 [INFO] functional.conftest: [basalt] App opened via install
PASSED                                                                   [ 19%]
------------------------------ live log teardown -------------------------------
17:31:57 [INFO] functional.conftest: [basalt] Quitting app after test: test_editrepeat_back_icon[basalt]

test/functional/test_button_icons.py::TestEditRepeatIcons::test_editrepeat_up_icon[basalt] 
-------------------------------- live log setup --------------------------------
17:31:59 [INFO] functional.conftest: [basalt] Opening app for test: test_editrepeat_up_icon[basalt]
17:31:59 [INFO] functional.conftest: [basalt] Opening app via install (preserving state)
17:31:59 [INFO] functional.conftest: [basalt] Installing app on emulator
17:32:02 [INFO] functional.conftest: [basalt] App installed and transport connected
17:32:02 [INFO] functional.conftest: [basalt] App opened via install
-------------------------------- live log call ---------------------------------
17:32:10 [INFO] functional.test_button_icons: No reference found for 'editrepeat_up' (auto_save=False)
PASSED                                                                   [ 19%]
------------------------------ live log teardown -------------------------------
17:32:10 [INFO] functional.conftest: [basalt] Quitting app after test: test_editrepeat_up_icon[basalt]

test/functional/test_button_icons.py::TestEditRepeatIcons::test_editrepeat_select_icon[basalt] 
-------------------------------- live log setup --------------------------------
17:32:12 [INFO] functional.conftest: [basalt] Opening app for test: test_editrepeat_select_icon[basalt]
17:32:12 [INFO] functional.conftest: [basalt] Opening app via install (preserving state)
17:32:12 [INFO] functional.conftest: [basalt] Installing app on emulator
17:32:14 [INFO] functional.conftest: [basalt] App installed and transport connected
17:32:14 [INFO] functional.conftest: [basalt] App opened via install
PASSED                                                                   [ 20%]
------------------------------ live log teardown -------------------------------
17:32:22 [INFO] functional.conftest: [basalt] Quitting app after test: test_editrepeat_select_icon[basalt]

test/functional/test_button_icons.py::TestEditRepeatIcons::test_editrepeat_down_icon[basalt] 
-------------------------------- live log setup --------------------------------
17:32:24 [INFO] functional.conftest: [basalt] Opening app for test: test_editrepeat_down_icon[basalt]
17:32:24 [INFO] functional.conftest: [basalt] Opening app via install (preserving state)
17:32:24 [INFO] functional.conftest: [basalt] Installing app on emulator
17:32:27 [INFO] functional.conftest: [basalt] App installed and transport connected
17:32:27 [INFO] functional.conftest: [basalt] App opened via install
PASSED                                                                   [ 20%]
------------------------------ live log teardown -------------------------------
17:32:35 [INFO] functional.conftest: [basalt] Quitting app after test: test_editrepeat_down_icon[basalt]

test/functional/test_button_icons.py::TestAlarmIcons::test_alarm_back_icon_silence[chalk] 
-------------------------------- live log setup --------------------------------
17:32:37 [INFO] functional.test_button_icons: [basalt] Tearing down - killing emulator
SKIPPED (Skipping test for chalk since --platform=basalt was specified.) [ 20%]
test/functional/test_button_icons.py::TestAlarmIcons::test_alarm_up_icon_edit[chalk] SKIPPED [ 20%]
test/functional/test_button_icons.py::TestAlarmIcons::test_alarm_long_up_icon_reset[chalk] SKIPPED [ 20%]
test/functional/test_button_icons.py::TestAlarmIcons::test_alarm_select_icon_pause[chalk] SKIPPED [ 21%]
test/functional/test_button_icons.py::TestAlarmIcons::test_alarm_down_icon_snooze[chalk] SKIPPED [ 21%]
test/functional/test_button_icons.py::TestNewModeIcons::test_new_back_icon[chalk] SKIPPED [ 21%]
test/functional/test_button_icons.py::TestNewModeIcons::test_new_up_icon[chalk] SKIPPED [ 21%]
test/functional/test_button_icons.py::TestNewModeIcons::test_new_select_icon[chalk] SKIPPED [ 22%]
test/functional/test_button_icons.py::TestNewModeIcons::test_new_down_icon[chalk] SKIPPED [ 22%]
test/functional/test_button_icons.py::TestNewModeIcons::test_new_long_up_direction_toggle[chalk] SKIPPED [ 22%]
test/functional/test_button_icons.py::TestNewModeIcons::test_new_long_select_icon[chalk] SKIPPED [ 22%]
test/functional/test_button_icons.py::TestNewModeIcons::test_new_long_down_icon[chalk] SKIPPED [ 23%]
test/functional/test_button_icons.py::TestEditSecIcons::test_editsec_back_icon[chalk] SKIPPED [ 23%]
test/functional/test_button_icons.py::TestEditSecIcons::test_editsec_up_icon[chalk] SKIPPED [ 23%]
test/functional/test_button_icons.py::TestEditSecIcons::test_editsec_select_icon[chalk] SKIPPED [ 23%]
test/functional/test_button_icons.py::TestEditSecIcons::test_editsec_down_icon[chalk] SKIPPED [ 24%]
test/functional/test_button_icons.py::TestEditSecIcons::test_editsec_long_up_direction_toggle[chalk] SKIPPED [ 24%]
test/functional/test_button_icons.py::TestCountingIcons::test_counting_back_icon[chalk] SKIPPED [ 24%]
test/functional/test_button_icons.py::TestCountingIcons::test_counting_up_icon[chalk] SKIPPED [ 24%]
test/functional/test_button_icons.py::TestCountingIcons::test_counting_select_icon[chalk] SKIPPED [ 25%]
test/functional/test_button_icons.py::TestCountingIcons::test_counting_down_icon[chalk] SKIPPED [ 25%]
test/functional/test_button_icons.py::TestCountingIcons::test_counting_long_up_icon[chalk] SKIPPED [ 25%]
test/functional/test_button_icons.py::TestCountingIcons::test_counting_long_select_icon[chalk] SKIPPED [ 25%]
test/functional/test_button_icons.py::TestCountingIcons::test_counting_long_down_icon[chalk] SKIPPED [ 25%]
test/functional/test_button_icons.py::TestPausedIcons::test_paused_select_icon_play[chalk] SKIPPED [ 26%]
test/functional/test_button_icons.py::TestChronoIcons::test_chrono_select_icon[chalk] SKIPPED [ 26%]
test/functional/test_button_icons.py::TestChronoIcons::test_chrono_long_select_icon[chalk] SKIPPED [ 26%]
test/functional/test_button_icons.py::TestEditRepeatIcons::test_editrepeat_back_icon[chalk] SKIPPED [ 26%]
test/functional/test_button_icons.py::TestEditRepeatIcons::test_editrepeat_up_icon[chalk] SKIPPED [ 27%]
test/functional/test_button_icons.py::TestEditRepeatIcons::test_editrepeat_select_icon[chalk] SKIPPED [ 27%]
test/functional/test_button_icons.py::TestEditRepeatIcons::test_editrepeat_down_icon[chalk] SKIPPED [ 27%]
test/functional/test_button_icons.py::TestAlarmIcons::test_alarm_back_icon_silence[diorite] SKIPPED [ 27%]
test/functional/test_button_icons.py::TestAlarmIcons::test_alarm_up_icon_edit[diorite] SKIPPED [ 28%]
test/functional/test_button_icons.py::TestAlarmIcons::test_alarm_long_up_icon_reset[diorite] SKIPPED [ 28%]
test/functional/test_button_icons.py::TestAlarmIcons::test_alarm_select_icon_pause[diorite] SKIPPED [ 28%]
test/functional/test_button_icons.py::TestAlarmIcons::test_alarm_down_icon_snooze[diorite] SKIPPED [ 28%]
test/functional/test_button_icons.py::TestNewModeIcons::test_new_back_icon[diorite] SKIPPED [ 29%]
test/functional/test_button_icons.py::TestNewModeIcons::test_new_up_icon[diorite] SKIPPED [ 29%]
test/functional/test_button_icons.py::TestNewModeIcons::test_new_select_icon[diorite] SKIPPED [ 29%]
test/functional/test_button_icons.py::TestNewModeIcons::test_new_down_icon[diorite] SKIPPED [ 29%]
test/functional/test_button_icons.py::TestNewModeIcons::test_new_long_up_direction_toggle[diorite] SKIPPED [ 29%]
test/functional/test_button_icons.py::TestNewModeIcons::test_new_long_select_icon[diorite] SKIPPED [ 30%]
test/functional/test_button_icons.py::TestNewModeIcons::test_new_long_down_icon[diorite] SKIPPED [ 30%]
test/functional/test_button_icons.py::TestEditSecIcons::test_editsec_back_icon[diorite] SKIPPED [ 30%]
test/functional/test_button_icons.py::TestEditSecIcons::test_editsec_up_icon[diorite] SKIPPED [ 30%]
test/functional/test_button_icons.py::TestEditSecIcons::test_editsec_select_icon[diorite] SKIPPED [ 31%]
test/functional/test_button_icons.py::TestEditSecIcons::test_editsec_down_icon[diorite] SKIPPED [ 31%]
test/functional/test_button_icons.py::TestEditSecIcons::test_editsec_long_up_direction_toggle[diorite] SKIPPED [ 31%]
test/functional/test_button_icons.py::TestCountingIcons::test_counting_back_icon[diorite] SKIPPED [ 31%]
test/functional/test_button_icons.py::TestCountingIcons::test_counting_up_icon[diorite] SKIPPED [ 32%]
test/functional/test_button_icons.py::TestCountingIcons::test_counting_select_icon[diorite] SKIPPED [ 32%]
test/functional/test_button_icons.py::TestCountingIcons::test_counting_down_icon[diorite] SKIPPED [ 32%]
test/functional/test_button_icons.py::TestCountingIcons::test_counting_long_up_icon[diorite] SKIPPED [ 32%]
test/functional/test_button_icons.py::TestCountingIcons::test_counting_long_select_icon[diorite] SKIPPED [ 33%]
test/functional/test_button_icons.py::TestCountingIcons::test_counting_long_down_icon[diorite] SKIPPED [ 33%]
test/functional/test_button_icons.py::TestPausedIcons::test_paused_select_icon_play[diorite] SKIPPED [ 33%]
test/functional/test_button_icons.py::TestChronoIcons::test_chrono_select_icon[diorite] SKIPPED [ 33%]
test/functional/test_button_icons.py::TestChronoIcons::test_chrono_long_select_icon[diorite] SKIPPED [ 33%]
test/functional/test_button_icons.py::TestEditRepeatIcons::test_editrepeat_back_icon[diorite] SKIPPED [ 34%]
test/functional/test_button_icons.py::TestEditRepeatIcons::test_editrepeat_up_icon[diorite] SKIPPED [ 34%]
test/functional/test_button_icons.py::TestEditRepeatIcons::test_editrepeat_select_icon[diorite] SKIPPED [ 34%]
test/functional/test_button_icons.py::TestEditRepeatIcons::test_editrepeat_down_icon[diorite] SKIPPED [ 34%]
test/functional/test_create_timer.py::TestCreateTimer::test_create_2_minute_timer[aplite] SKIPPED [ 35%]
test/functional/test_create_timer.py::TestCreateTimer::test_initial_state_shows_new[aplite] SKIPPED [ 35%]
test/functional/test_create_timer.py::TestCreateTimer::test_down_button_increments_minutes[aplite] SKIPPED [ 35%]
test/functional/test_create_timer.py::TestButtonPresses::test_up_button_increments_20_minutes[aplite] SKIPPED [ 35%]
test/functional/test_create_timer.py::TestButtonPresses::test_select_button_increments_5_minutes[aplite] SKIPPED [ 36%]
test/functional/test_create_timer.py::TestTimerCountdown::test_timer_counts_down[aplite] SKIPPED [ 36%]
test/functional/test_create_timer.py::TestTimerCountdown::test_timer_transitions_to_counting_mode[aplite] SKIPPED [ 36%]
test/functional/test_create_timer.py::TestChronoMode::test_chrono_mode_counts_up[aplite] SKIPPED [ 36%]
test/functional/test_create_timer.py::TestPlayPause::test_select_toggles_play_pause_in_counting_mode[aplite] SKIPPED [ 37%]
test/functional/test_create_timer.py::TestTimerStartsImmediately::test_timer_counts_down_during_setup[aplite] SKIPPED [ 37%]
test/functional/test_create_timer.py::TestTimerStartsImmediately::test_chrono_has_elapsed_time_when_mode_expires[aplite] SKIPPED [ 37%]
test/functional/test_create_timer.py::TestLongPressReset::test_long_press_select_resets_timer[aplite] SKIPPED [ 37%]
test/functional/test_create_timer.py::TestCreateTimer::test_create_2_minute_timer[basalt] 
-------------------------------- live log setup --------------------------------
17:32:38 [INFO] functional.conftest: [basalt] Starting warm-up cycle to clear stale state
17:32:41 [INFO] functional.conftest: [basalt] Installing app on emulator
17:32:50 [INFO] functional.conftest: [basalt] App installed and transport connected
17:32:50 [INFO] functional.conftest: [basalt] Waiting for emulator to stabilize (2s)
17:32:52 [INFO] functional.conftest: [basalt] Holding down button to quit app and set persist state
17:32:53 [INFO] functional.conftest: [basalt] App quit via long press, persist state set
17:32:54 [INFO] functional.conftest: [basalt] Emulator ready for tests
17:32:54 [INFO] functional.conftest: [basalt] Opening app for test: test_create_2_minute_timer[basalt]
17:32:54 [INFO] functional.conftest: [basalt] Opening app via install (preserving state)
17:32:54 [INFO] functional.conftest: [basalt] Installing app on emulator
17:32:56 [INFO] functional.conftest: [basalt] App installed and transport connected
17:32:56 [INFO] functional.conftest: [basalt] App opened via install
-------------------------------- live log call ---------------------------------
17:32:59 [INFO] functional.test_create_timer: After 2 Down presses - state: {'event': 'button_down', 't': '1:56', 'm': 'New', 'r': '0', 'p': '0', 'v': '0', 'd': '1', 'l': '1', 'c': '0'}
PASSED                                                                   [ 37%]
------------------------------ live log teardown -------------------------------
17:32:59 [INFO] functional.conftest: [basalt] Quitting app after test: test_create_2_minute_timer[basalt]

test/functional/test_create_timer.py::TestCreateTimer::test_initial_state_shows_new[basalt] 
-------------------------------- live log setup --------------------------------
17:33:01 [INFO] functional.conftest: [basalt] Opening app for test: test_initial_state_shows_new[basalt]
17:33:01 [INFO] functional.conftest: [basalt] Opening app via install (preserving state)
17:33:01 [INFO] functional.conftest: [basalt] Installing app on emulator
17:33:03 [INFO] functional.conftest: [basalt] App installed and transport connected
17:33:03 [INFO] functional.conftest: [basalt] App opened via install
-------------------------------- live log call ---------------------------------
17:33:08 [INFO] functional.test_create_timer: Initial state text: +1h 1 +20 New -d:p1 17.33 +Im
PASSED                                                                   [ 38%]
------------------------------ live log teardown -------------------------------
17:33:08 [INFO] functional.conftest: [basalt] Quitting app after test: test_initial_state_shows_new[basalt]

test/functional/test_create_timer.py::TestCreateTimer::test_down_button_increments_minutes[basalt] 
-------------------------------- live log setup --------------------------------
17:33:10 [INFO] functional.conftest: [basalt] Opening app for test: test_down_button_increments_minutes[basalt]
17:33:10 [INFO] functional.conftest: [basalt] Opening app via install (preserving state)
17:33:10 [INFO] functional.conftest: [basalt] Installing app on emulator
17:33:13 [INFO] functional.conftest: [basalt] App installed and transport connected
17:33:13 [INFO] functional.conftest: [basalt] App opened via install
-------------------------------- live log call ---------------------------------
17:33:17 [INFO] functional.test_create_timer: After 3 Down presses: #1m 1 +20 New 2.57 6 17.36 +Im M
PASSED                                                                   [ 38%]
------------------------------ live log teardown -------------------------------
17:33:17 [INFO] functional.conftest: [basalt] Quitting app after test: test_down_button_increments_minutes[basalt]

test/functional/test_create_timer.py::TestButtonPresses::test_up_button_increments_20_minutes[basalt] 
-------------------------------- live log setup --------------------------------
17:33:19 [INFO] functional.conftest: [basalt] Opening app for test: test_up_button_increments_20_minutes[basalt]
17:33:19 [INFO] functional.conftest: [basalt] Opening app via install (preserving state)
17:33:19 [INFO] functional.conftest: [basalt] Installing app on emulator
17:33:22 [INFO] functional.conftest: [basalt] App installed and transport connected
17:33:22 [INFO] functional.conftest: [basalt] App opened via install
-------------------------------- live log call ---------------------------------
17:33:24 [INFO] functional.test_create_timer: After Up press - state: {'event': 'button_up', 't': '19:58', 'm': 'New', 'r': '0', 'p': '0', 'v': '0', 'd': '1', 'l': '1', 'c': '0'}
PASSED                                                                   [ 38%]
------------------------------ live log teardown -------------------------------
17:33:24 [INFO] functional.conftest: [basalt] Quitting app after test: test_up_button_increments_20_minutes[basalt]

test/functional/test_create_timer.py::TestButtonPresses::test_select_button_increments_5_minutes[basalt] 
-------------------------------- live log setup --------------------------------
17:33:26 [INFO] functional.conftest: [basalt] Opening app for test: test_select_button_increments_5_minutes[basalt]
17:33:26 [INFO] functional.conftest: [basalt] Opening app via install (preserving state)
17:33:26 [INFO] functional.conftest: [basalt] Installing app on emulator
17:33:28 [INFO] functional.conftest: [basalt] App installed and transport connected
17:33:28 [INFO] functional.conftest: [basalt] App opened via install
-------------------------------- live log call ---------------------------------
17:33:32 [INFO] functional.test_create_timer: After Select press: #1m 1 +20 New 4.658 5 17.38 +Im III}
17:33:32 [INFO] functional.test_create_timer:   normalized: 1 1 20  4:658 5 17:38 1 111
PASSED                                                                   [ 38%]
------------------------------ live log teardown -------------------------------
17:33:32 [INFO] functional.conftest: [basalt] Quitting app after test: test_select_button_increments_5_minutes[basalt]

test/functional/test_create_timer.py::TestTimerCountdown::test_timer_counts_down[basalt] 
-------------------------------- live log setup --------------------------------
17:33:34 [INFO] functional.conftest: [basalt] Opening app for test: test_timer_counts_down[basalt]
17:33:34 [INFO] functional.conftest: [basalt] Opening app via install (preserving state)
17:33:34 [INFO] functional.conftest: [basalt] Installing app on emulator
17:33:37 [INFO] functional.conftest: [basalt] App installed and transport connected
17:33:37 [INFO] functional.conftest: [basalt] App opened via install
-------------------------------- live log call ---------------------------------
17:33:51 [INFO] functional.test_create_timer: Countdown start text: 09 e 00,59 0:64 17.33 Ker M J
17:33:53 [INFO] functional.test_create_timer: After 5s text: 4 e 00;59 0:4 17.33 Ker M J
PASSED                                                                   [ 39%]
------------------------------ live log teardown -------------------------------
17:33:53 [INFO] functional.conftest: [basalt] Quitting app after test: test_timer_counts_down[basalt]

test/functional/test_create_timer.py::TestTimerCountdown::test_timer_transitions_to_counting_mode[basalt] 
-------------------------------- live log setup --------------------------------
17:33:55 [INFO] functional.conftest: [basalt] Opening app for test: test_timer_transitions_to_counting_mode[basalt]
17:33:55 [INFO] functional.conftest: [basalt] Opening app via install (preserving state)
17:33:55 [INFO] functional.conftest: [basalt] Installing app on emulator
17:33:58 [INFO] functional.conftest: [basalt] App installed and transport connected
17:33:58 [INFO] functional.conftest: [basalt] App opened via install
-------------------------------- live log call ---------------------------------
17:33:59 [INFO] functional.test_create_timer: After Down press state: {'event': 'button_down', 't': '0:58', 'm': 'New', 'r': '0', 'p': '0', 'v': '0', 'd': '1', 'l': '1', 'c': '0'}
17:34:02 [INFO] functional.test_create_timer: After transition state: {'event': 'mode_change', 't': '0:55', 'm': 'Counting', 'r': '0', 'p': '0', 'v': '0', 'd': '1', 'l': '0', 'c': '0'}
PASSED                                                                   [ 39%]
------------------------------ live log teardown -------------------------------
17:34:02 [INFO] functional.conftest: [basalt] Quitting app after test: test_timer_transitions_to_counting_mode[basalt]

test/functional/test_create_timer.py::TestChronoMode::test_chrono_mode_counts_up[basalt] 
-------------------------------- live log setup --------------------------------
17:34:04 [INFO] functional.conftest: [basalt] Opening app for test: test_chrono_mode_counts_up[basalt]
17:34:04 [INFO] functional.conftest: [basalt] Opening app via install (preserving state)
17:34:04 [INFO] functional.conftest: [basalt] Installing app on emulator
17:34:07 [INFO] functional.conftest: [basalt] App installed and transport connected
17:34:07 [INFO] functional.conftest: [basalt] App opened via install
-------------------------------- live log call ---------------------------------
17:34:17 [INFO] functional.test_create_timer: Chrono mode start: e Oo;00--> 0.s 17.34 M Y
17:34:19 [INFO] functional.test_create_timer: Chrono after 3s: Oo;00--> oT 17.34 M Y
PASSED                                                                   [ 39%]
------------------------------ live log teardown -------------------------------
17:34:19 [INFO] functional.conftest: [basalt] Quitting app after test: test_chrono_mode_counts_up[basalt]

test/functional/test_create_timer.py::TestPlayPause::test_select_toggles_play_pause_in_counting_mode[basalt] 
-------------------------------- live log setup --------------------------------
17:34:21 [INFO] functional.conftest: [basalt] Opening app for test: test_select_toggles_play_pause_in_counting_mode[basalt]
17:34:21 [INFO] functional.conftest: [basalt] Opening app via install (preserving state)
17:34:21 [INFO] functional.conftest: [basalt] Installing app on emulator
17:34:24 [INFO] functional.conftest: [basalt] App installed and transport connected
17:34:24 [INFO] functional.conftest: [basalt] App opened via install
-------------------------------- live log call ---------------------------------
17:34:29 [INFO] functional.test_create_timer: Paused at: 0:55
17:34:31 [INFO] functional.test_create_timer: Still paused at: 0:55
17:34:32 [INFO] functional.test_create_timer: Resumed at: 0:55
17:34:34 [INFO] functional.test_create_timer: After resume: 0:52
PASSED                                                                   [ 39%]
------------------------------ live log teardown -------------------------------
17:34:34 [INFO] functional.conftest: [basalt] Quitting app after test: test_select_toggles_play_pause_in_counting_mode[basalt]

test/functional/test_create_timer.py::TestTimerStartsImmediately::test_timer_counts_down_during_setup[basalt] 
-------------------------------- live log setup --------------------------------
17:34:36 [INFO] functional.conftest: [basalt] Opening app for test: test_timer_counts_down_during_setup[basalt]
17:34:36 [INFO] functional.conftest: [basalt] Opening app via install (preserving state)
17:34:36 [INFO] functional.conftest: [basalt] Installing app on emulator
17:34:39 [INFO] functional.conftest: [basalt] App installed and transport connected
17:34:39 [INFO] functional.conftest: [basalt] App opened via install
-------------------------------- live log call ---------------------------------
17:34:54 [INFO] functional.test_create_timer: After 6 Down presses with 2s delays - state: {'event': 'button_down', 't': '5:46', 'm': 'New', 'r': '0', 'p': '0', 'v': '0', 'd': '1', 'l': '1', 'c': '0'}
PASSED                                                                   [ 40%]
------------------------------ live log teardown -------------------------------
17:34:54 [INFO] functional.conftest: [basalt] Quitting app after test: test_timer_counts_down_during_setup[basalt]

test/functional/test_create_timer.py::TestTimerStartsImmediately::test_chrono_has_elapsed_time_when_mode_expires[basalt] 
-------------------------------- live log setup --------------------------------
17:34:56 [INFO] functional.conftest: [basalt] Opening app for test: test_chrono_has_elapsed_time_when_mode_expires[basalt]
17:34:56 [INFO] functional.conftest: [basalt] Opening app via install (preserving state)
17:34:56 [INFO] functional.conftest: [basalt] Installing app on emulator
17:34:58 [INFO] functional.conftest: [basalt] App installed and transport connected
17:34:58 [INFO] functional.conftest: [basalt] App opened via install
-------------------------------- live log call ---------------------------------
17:35:01 [INFO] functional.test_create_timer: Mode change state: {'event': 'mode_change', 't': '0:03', 'm': 'Counting', 'r': '0', 'p': '0', 'v': '0', 'd': '1', 'l': '0', 'c': '1'}
PASSED                                                                   [ 40%]
------------------------------ live log teardown -------------------------------
17:35:01 [INFO] functional.conftest: [basalt] Quitting app after test: test_chrono_has_elapsed_time_when_mode_expires[basalt]

test/functional/test_create_timer.py::TestLongPressReset::test_long_press_select_resets_timer[basalt] 
-------------------------------- live log setup --------------------------------
17:35:03 [INFO] functional.conftest: [basalt] Opening app for test: test_long_press_select_resets_timer[basalt]
17:35:03 [INFO] functional.conftest: [basalt] Opening app via install (preserving state)
17:35:03 [INFO] functional.conftest: [basalt] Installing app on emulator
17:35:06 [INFO] functional.conftest: [basalt] App installed and transport connected
17:35:06 [INFO] functional.conftest: [basalt] App opened via install
-------------------------------- live log call ---------------------------------
17:35:17 [INFO] functional.test_create_timer: Before reset: 9 e 19.59 19:64m 17.35 Ker M J
17:35:19 [INFO] functional.test_create_timer: After reset: 9 e 19.59 19 66 17.35 Ker M J
PASSED                                                                   [ 40%]
------------------------------ live log teardown -------------------------------
17:35:19 [INFO] functional.conftest: [basalt] Quitting app after test: test_long_press_select_resets_timer[basalt]

test/functional/test_create_timer.py::TestCreateTimer::test_create_2_minute_timer[chalk] 
-------------------------------- live log setup --------------------------------
17:35:21 [INFO] functional.conftest: [basalt] Tearing down - killing emulator
SKIPPED (Skipping test for chalk since --platform=basalt was specified.) [ 40%]
test/functional/test_create_timer.py::TestCreateTimer::test_initial_state_shows_new[chalk] SKIPPED [ 41%]
test/functional/test_create_timer.py::TestCreateTimer::test_down_button_increments_minutes[chalk] SKIPPED [ 41%]
test/functional/test_create_timer.py::TestButtonPresses::test_up_button_increments_20_minutes[chalk] SKIPPED [ 41%]
test/functional/test_create_timer.py::TestButtonPresses::test_select_button_increments_5_minutes[chalk] SKIPPED [ 41%]
test/functional/test_create_timer.py::TestTimerCountdown::test_timer_counts_down[chalk] SKIPPED [ 41%]
test/functional/test_create_timer.py::TestTimerCountdown::test_timer_transitions_to_counting_mode[chalk] SKIPPED [ 42%]
test/functional/test_create_timer.py::TestChronoMode::test_chrono_mode_counts_up[chalk] SKIPPED [ 42%]
test/functional/test_create_timer.py::TestPlayPause::test_select_toggles_play_pause_in_counting_mode[chalk] SKIPPED [ 42%]
test/functional/test_create_timer.py::TestTimerStartsImmediately::test_timer_counts_down_during_setup[chalk] SKIPPED [ 42%]
test/functional/test_create_timer.py::TestTimerStartsImmediately::test_chrono_has_elapsed_time_when_mode_expires[chalk] SKIPPED [ 43%]
test/functional/test_create_timer.py::TestLongPressReset::test_long_press_select_resets_timer[chalk] SKIPPED [ 43%]
test/functional/test_create_timer.py::TestCreateTimer::test_create_2_minute_timer[diorite] SKIPPED [ 43%]
test/functional/test_create_timer.py::TestCreateTimer::test_initial_state_shows_new[diorite] SKIPPED [ 43%]
test/functional/test_create_timer.py::TestCreateTimer::test_down_button_increments_minutes[diorite] SKIPPED [ 44%]
test/functional/test_create_timer.py::TestButtonPresses::test_up_button_increments_20_minutes[diorite] SKIPPED [ 44%]
test/functional/test_create_timer.py::TestButtonPresses::test_select_button_increments_5_minutes[diorite] SKIPPED [ 44%]
test/functional/test_create_timer.py::TestTimerCountdown::test_timer_counts_down[diorite] SKIPPED [ 44%]
test/functional/test_create_timer.py::TestTimerCountdown::test_timer_transitions_to_counting_mode[diorite] SKIPPED [ 45%]
test/functional/test_create_timer.py::TestChronoMode::test_chrono_mode_counts_up[diorite] SKIPPED [ 45%]
test/functional/test_create_timer.py::TestPlayPause::test_select_toggles_play_pause_in_counting_mode[diorite] SKIPPED [ 45%]
test/functional/test_create_timer.py::TestTimerStartsImmediately::test_timer_counts_down_during_setup[diorite] SKIPPED [ 45%]
test/functional/test_create_timer.py::TestTimerStartsImmediately::test_chrono_has_elapsed_time_when_mode_expires[diorite] SKIPPED [ 45%]
test/functional/test_create_timer.py::TestLongPressReset::test_long_press_select_resets_timer[diorite] SKIPPED [ 46%]
test/functional/test_directional_icons.py::TestNewModeForwardIcons::test_new_forward_has_icons[aplite] SKIPPED [ 46%]
test/functional/test_directional_icons.py::TestNewModeReverseIcons::test_new_reverse_back_icon[aplite] SKIPPED [ 46%]
test/functional/test_directional_icons.py::TestNewModeReverseIcons::test_new_reverse_up_icon[aplite] SKIPPED [ 46%]
test/functional/test_directional_icons.py::TestNewModeReverseIcons::test_new_reverse_select_icon[aplite] SKIPPED [ 47%]
test/functional/test_directional_icons.py::TestNewModeReverseIcons::test_new_reverse_down_icon[aplite] SKIPPED [ 47%]
test/functional/test_directional_icons.py::TestEditSecModeForwardIcons::test_editsec_forward_back_icon_plus60[aplite] SKIPPED [ 47%]
test/functional/test_directional_icons.py::TestEditSecModeForwardIcons::test_editsec_forward_has_icons[aplite] SKIPPED [ 47%]
test/functional/test_directional_icons.py::TestEditSecModeReverseIcons::test_editsec_reverse_back_icon[aplite] SKIPPED [ 48%]
test/functional/test_directional_icons.py::TestEditSecModeReverseIcons::test_editsec_reverse_up_icon[aplite] SKIPPED [ 48%]
test/functional/test_directional_icons.py::TestEditSecModeReverseIcons::test_editsec_reverse_select_icon[aplite] SKIPPED [ 48%]
test/functional/test_directional_icons.py::TestEditSecModeReverseIcons::test_editsec_reverse_down_icon[aplite] SKIPPED [ 48%]
test/functional/test_directional_icons.py::TestNewModeForwardIcons::test_new_forward_has_icons[basalt] 
-------------------------------- live log setup --------------------------------
17:35:22 [INFO] functional.test_directional_icons: [basalt] Starting warm-up cycle
17:35:25 [INFO] functional.conftest: [basalt] Installing app on emulator
17:35:34 [INFO] functional.conftest: [basalt] App installed and transport connected
17:35:34 [INFO] functional.test_directional_icons: [basalt] Waiting for emulator to stabilize (2s)
17:35:36 [INFO] functional.test_directional_icons: [basalt] Holding down button to quit app and set persist state
17:35:38 [INFO] functional.test_directional_icons: [basalt] Emulator ready for tests
17:35:38 [INFO] functional.conftest: [basalt] Opening app for test: test_new_forward_has_icons[basalt]
17:35:38 [INFO] functional.conftest: [basalt] Opening app via install (preserving state)
17:35:38 [INFO] functional.conftest: [basalt] Installing app on emulator
17:35:41 [INFO] functional.conftest: [basalt] App installed and transport connected
17:35:41 [INFO] functional.conftest: [basalt] App opened via install
PASSED                                                                   [ 49%]
------------------------------ live log teardown -------------------------------
17:35:44 [INFO] functional.conftest: [basalt] Quitting app after test: test_new_forward_has_icons[basalt]

test/functional/test_directional_icons.py::TestNewModeReverseIcons::test_new_reverse_back_icon[basalt] 
-------------------------------- live log setup --------------------------------
17:35:46 [INFO] functional.conftest: [basalt] Opening app for test: test_new_reverse_back_icon[basalt]
17:35:46 [INFO] functional.conftest: [basalt] Opening app via install (preserving state)
17:35:46 [INFO] functional.conftest: [basalt] Installing app on emulator
17:35:49 [INFO] functional.conftest: [basalt] App installed and transport connected
17:35:49 [INFO] functional.conftest: [basalt] App opened via install
PASSED                                                                   [ 49%]
------------------------------ live log teardown -------------------------------
17:35:55 [INFO] functional.conftest: [basalt] Quitting app after test: test_new_reverse_back_icon[basalt]

test/functional/test_directional_icons.py::TestNewModeReverseIcons::test_new_reverse_up_icon[basalt] 
-------------------------------- live log setup --------------------------------
17:35:57 [INFO] functional.conftest: [basalt] Opening app for test: test_new_reverse_up_icon[basalt]
17:35:57 [INFO] functional.conftest: [basalt] Opening app via install (preserving state)
17:35:57 [INFO] functional.conftest: [basalt] Installing app on emulator
17:35:59 [INFO] functional.conftest: [basalt] App installed and transport connected
17:35:59 [INFO] functional.conftest: [basalt] App opened via install
PASSED                                                                   [ 49%]
------------------------------ live log teardown -------------------------------
17:36:06 [INFO] functional.conftest: [basalt] Quitting app after test: test_new_reverse_up_icon[basalt]

test/functional/test_directional_icons.py::TestNewModeReverseIcons::test_new_reverse_select_icon[basalt] 
-------------------------------- live log setup --------------------------------
17:36:07 [INFO] functional.conftest: [basalt] Opening app for test: test_new_reverse_select_icon[basalt]
17:36:07 [INFO] functional.conftest: [basalt] Opening app via install (preserving state)
17:36:07 [INFO] functional.conftest: [basalt] Installing app on emulator
17:36:10 [INFO] functional.conftest: [basalt] App installed and transport connected
17:36:10 [INFO] functional.conftest: [basalt] App opened via install
PASSED                                                                   [ 49%]
------------------------------ live log teardown -------------------------------
17:36:16 [INFO] functional.conftest: [basalt] Quitting app after test: test_new_reverse_select_icon[basalt]

test/functional/test_directional_icons.py::TestNewModeReverseIcons::test_new_reverse_down_icon[basalt] 
-------------------------------- live log setup --------------------------------
17:36:18 [INFO] functional.conftest: [basalt] Opening app for test: test_new_reverse_down_icon[basalt]
17:36:18 [INFO] functional.conftest: [basalt] Opening app via install (preserving state)
17:36:18 [INFO] functional.conftest: [basalt] Installing app on emulator
17:36:21 [INFO] functional.conftest: [basalt] App installed and transport connected
17:36:21 [INFO] functional.conftest: [basalt] App opened via install
PASSED                                                                   [ 50%]
------------------------------ live log teardown -------------------------------
17:36:27 [INFO] functional.conftest: [basalt] Quitting app after test: test_new_reverse_down_icon[basalt]

test/functional/test_directional_icons.py::TestEditSecModeForwardIcons::test_editsec_forward_back_icon_plus60[basalt] 
-------------------------------- live log setup --------------------------------
17:36:29 [INFO] functional.conftest: [basalt] Opening app for test: test_editsec_forward_back_icon_plus60[basalt]
17:36:29 [INFO] functional.conftest: [basalt] Opening app via install (preserving state)
17:36:29 [INFO] functional.conftest: [basalt] Installing app on emulator
17:36:31 [INFO] functional.conftest: [basalt] App installed and transport connected
17:36:31 [INFO] functional.conftest: [basalt] App opened via install
PASSED                                                                   [ 50%]
------------------------------ live log teardown -------------------------------
17:36:39 [INFO] functional.conftest: [basalt] Quitting app after test: test_editsec_forward_back_icon_plus60[basalt]

test/functional/test_directional_icons.py::TestEditSecModeForwardIcons::test_editsec_forward_has_icons[basalt] 
-------------------------------- live log setup --------------------------------
17:36:41 [INFO] functional.conftest: [basalt] Opening app for test: test_editsec_forward_has_icons[basalt]
17:36:41 [INFO] functional.conftest: [basalt] Opening app via install (preserving state)
17:36:41 [INFO] functional.conftest: [basalt] Installing app on emulator
17:36:44 [INFO] functional.conftest: [basalt] App installed and transport connected
17:36:44 [INFO] functional.conftest: [basalt] App opened via install
PASSED                                                                   [ 50%]
------------------------------ live log teardown -------------------------------
17:36:51 [INFO] functional.conftest: [basalt] Quitting app after test: test_editsec_forward_has_icons[basalt]

test/functional/test_directional_icons.py::TestEditSecModeReverseIcons::test_editsec_reverse_back_icon[basalt] 
-------------------------------- live log setup --------------------------------
17:36:53 [INFO] functional.conftest: [basalt] Opening app for test: test_editsec_reverse_back_icon[basalt]
17:36:53 [INFO] functional.conftest: [basalt] Opening app via install (preserving state)
17:36:53 [INFO] functional.conftest: [basalt] Installing app on emulator
17:36:56 [INFO] functional.conftest: [basalt] App installed and transport connected
17:36:56 [INFO] functional.conftest: [basalt] App opened via install
PASSED                                                                   [ 50%]
------------------------------ live log teardown -------------------------------
17:37:07 [INFO] functional.conftest: [basalt] Quitting app after test: test_editsec_reverse_back_icon[basalt]

test/functional/test_directional_icons.py::TestEditSecModeReverseIcons::test_editsec_reverse_up_icon[basalt] 
-------------------------------- live log setup --------------------------------
17:37:09 [INFO] functional.conftest: [basalt] Opening app for test: test_editsec_reverse_up_icon[basalt]
17:37:09 [INFO] functional.conftest: [basalt] Opening app via install (preserving state)
17:37:09 [INFO] functional.conftest: [basalt] Installing app on emulator
17:37:12 [INFO] functional.conftest: [basalt] App installed and transport connected
17:37:12 [INFO] functional.conftest: [basalt] App opened via install
PASSED                                                                   [ 50%]
------------------------------ live log teardown -------------------------------
17:37:23 [INFO] functional.conftest: [basalt] Quitting app after test: test_editsec_reverse_up_icon[basalt]

test/functional/test_directional_icons.py::TestEditSecModeReverseIcons::test_editsec_reverse_select_icon[basalt] 
-------------------------------- live log setup --------------------------------
17:37:25 [INFO] functional.conftest: [basalt] Opening app for test: test_editsec_reverse_select_icon[basalt]
17:37:25 [INFO] functional.conftest: [basalt] Opening app via install (preserving state)
17:37:25 [INFO] functional.conftest: [basalt] Installing app on emulator
17:37:28 [INFO] functional.conftest: [basalt] App installed and transport connected
17:37:28 [INFO] functional.conftest: [basalt] App opened via install
PASSED                                                                   [ 51%]
------------------------------ live log teardown -------------------------------
17:37:40 [INFO] functional.conftest: [basalt] Quitting app after test: test_editsec_reverse_select_icon[basalt]

test/functional/test_directional_icons.py::TestEditSecModeReverseIcons::test_editsec_reverse_down_icon[basalt] 
-------------------------------- live log setup --------------------------------
17:37:41 [INFO] functional.conftest: [basalt] Opening app for test: test_editsec_reverse_down_icon[basalt]
17:37:41 [INFO] functional.conftest: [basalt] Opening app via install (preserving state)
17:37:41 [INFO] functional.conftest: [basalt] Installing app on emulator
17:37:44 [INFO] functional.conftest: [basalt] App installed and transport connected
17:37:44 [INFO] functional.conftest: [basalt] App opened via install
PASSED                                                                   [ 51%]
------------------------------ live log teardown -------------------------------
17:37:56 [INFO] functional.conftest: [basalt] Quitting app after test: test_editsec_reverse_down_icon[basalt]

test/functional/test_directional_icons.py::TestNewModeForwardIcons::test_new_forward_has_icons[chalk] 
[...]
17:49:32 [INFO] functional.test_timer_workflows: [basalt] Short timer set to 10s, waiting for expire
17:49:36 [INFO] functional.test_timer_workflows: [basalt] Short timer started, counting down from 10s
17:49:42 [INFO] functional.test_timer_workflows: Waiting for timer to expire and restart...
PASSED                                                                   [ 90%]
------------------------------ live log teardown -------------------------------
17:49:46 [INFO] functional.conftest: [basalt] Quitting app after test: test_enable_repeating_timer[basalt]

test/functional/test_timer_workflows.py::TestEditModeReset::test_long_press_select_in_edit_mode_resets_to_edit_seconds[basalt] 
-------------------------------- live log setup --------------------------------
17:49:48 [INFO] functional.conftest: [basalt] Opening app for test: test_long_press_select_in_edit_mode_resets_to_edit_seconds[basalt]
17:49:48 [INFO] functional.conftest: [basalt] Opening app via install (preserving state)
17:49:48 [INFO] functional.conftest: [basalt] Installing app on emulator
17:49:50 [INFO] functional.conftest: [basalt] App installed and transport connected
17:49:50 [INFO] functional.conftest: [basalt] App opened via install
PASSED                                                                   [ 90%]
------------------------------ live log teardown -------------------------------
17:49:58 [INFO] functional.conftest: [basalt] Quitting app after test: test_long_press_select_in_edit_mode_resets_to_edit_seconds[basalt]

test/functional/test_timer_workflows.py::TestEditSecModeNoOp::test_long_press_select_in_edit_sec_mode_does_nothing[basalt] 
-------------------------------- live log setup --------------------------------
17:49:59 [INFO] functional.conftest: [basalt] Opening app for test: test_long_press_select_in_edit_sec_mode_does_nothing[basalt]
17:49:59 [INFO] functional.conftest: [basalt] Opening app via install (preserving state)
17:49:59 [INFO] functional.conftest: [basalt] Installing app on emulator
17:50:02 [INFO] functional.conftest: [basalt] App installed and transport connected
17:50:02 [INFO] functional.conftest: [basalt] App opened via install
-------------------------------- live log call ---------------------------------
17:50:04 [INFO] functional.test_timer_workflows: Waiting for chrono mode (0:00 counting up)...
PASSED                                                                   [ 91%]
------------------------------ live log teardown -------------------------------
17:50:11 [INFO] functional.conftest: [basalt] Quitting app after test: test_long_press_select_in_edit_sec_mode_does_nothing[basalt]

test/functional/test_timer_workflows.py::TestEditRepeatModeNoOp::test_long_press_select_in_edit_repeat_mode_does_nothing[basalt] 
-------------------------------- live log setup --------------------------------
17:50:13 [INFO] functional.conftest: [basalt] Opening app for test: test_long_press_select_in_edit_repeat_mode_does_nothing[basalt]
17:50:13 [INFO] functional.conftest: [basalt] Opening app via install (preserving state)
17:50:13 [INFO] functional.conftest: [basalt] Installing app on emulator
17:50:16 [INFO] functional.conftest: [basalt] App installed and transport connected
17:50:16 [INFO] functional.conftest: [basalt] App opened via install
PASSED                                                                   [ 91%]
------------------------------ live log teardown -------------------------------
17:50:24 [INFO] functional.conftest: [basalt] Quitting app after test: test_long_press_select_in_edit_repeat_mode_does_nothing[basalt]

test/functional/test_timer_workflows.py::TestRepeatTimerDuringAlarm::test_hold_up_during_alarm_repeats_timer[basalt] 
-------------------------------- live log setup --------------------------------
17:50:26 [INFO] functional.conftest: [basalt] Opening app for test: test_hold_up_during_alarm_repeats_timer[basalt]
17:50:26 [INFO] functional.conftest: [basalt] Opening app via install (preserving state)
17:50:26 [INFO] functional.conftest: [basalt] Installing app on emulator
17:50:28 [INFO] functional.conftest: [basalt] App installed and transport connected
17:50:28 [INFO] functional.conftest: [basalt] App opened via install
-------------------------------- live log call ---------------------------------
17:50:30 [INFO] functional.test_timer_workflows: Waiting for chrono mode...
17:50:38 [INFO] functional.test_timer_workflows: Waiting for edit mode to expire...
17:50:42 [INFO] functional.test_timer_workflows: Pressing Select to start 4-second timer...
17:50:42 [INFO] functional.test_timer_workflows: Waiting for alarm to start...
17:50:46 [INFO] functional.test_timer_workflows: Alarm started: {'event': 'alarm_start', 't': '0:00', 'm': 'Counting', 'r': '0', 'p': '0', 'v': '1', 'd': '1', 'l': '1', 'c': '1'}
17:50:47 [INFO] functional.test_timer_workflows: After repeat state: {'event': 'long_press_up', 't': '0:03', 'm': 'Counting', 'r': '0', 'p': '0', 'v': '0', 'd': '1', 'l': '0', 'c': '0'}
PASSED                                                                   [ 91%]
------------------------------ live log teardown -------------------------------
17:50:47 [INFO] functional.conftest: [basalt] Quitting app after test: test_hold_up_during_alarm_repeats_timer[basalt]

test/functional/test_timer_workflows.py::TestRepeatTimerDuringAlarm::test_hold_up_during_longer_alarm_repeats_timer[basalt] 
-------------------------------- live log setup --------------------------------
17:50:49 [INFO] functional.conftest: [basalt] Opening app for test: test_hold_up_during_longer_alarm_repeats_timer[basalt]
17:50:49 [INFO] functional.conftest: [basalt] Opening app via install (preserving state)
17:50:49 [INFO] functional.conftest: [basalt] Installing app on emulator
17:50:52 [INFO] functional.conftest: [basalt] App installed and transport connected
17:50:52 [INFO] functional.conftest: [basalt] App opened via install
-------------------------------- live log call ---------------------------------
17:50:57 [INFO] functional.test_timer_workflows: Waiting for edit mode to expire...
17:51:00 [INFO] functional.test_timer_workflows: Pressing Select to start 5-second timer...
17:51:01 [INFO] functional.test_timer_workflows: Waiting for alarm to start...
17:51:10 [INFO] functional.test_timer_workflows: Alarm started: {'event': 'alarm_start', 't': '0:00', 'm': 'Counting', 'r': '0', 'p': '0', 'v': '1', 'd': '1', 'l': '1', 'c': '1'}
17:51:12 [INFO] functional.test_timer_workflows: After repeat state: {'event': 'long_press_up', 't': '0:09', 'm': 'Counting', 'r': '0', 'p': '0', 'v': '0', 'd': '1', 'l': '0', 'c': '0'}
PASSED                                                                   [ 91%]
------------------------------ live log teardown -------------------------------
17:51:12 [INFO] functional.conftest: [basalt] Quitting app after test: test_hold_up_during_longer_alarm_repeats_timer[basalt]

test/functional/test_timer_workflows.py::TestRepeatTimerDuringAlarm::test_hold_up_during_longer_alarm_repeats_timer_old_method[basalt] 
-------------------------------- live log setup --------------------------------
17:51:14 [INFO] functional.conftest: [basalt] Opening app for test: test_hold_up_during_longer_alarm_repeats_timer_old_method[basalt]
17:51:14 [INFO] functional.conftest: [basalt] Opening app via install (preserving state)
17:51:14 [INFO] functional.conftest: [basalt] Installing app on emulator
17:51:16 [INFO] functional.conftest: [basalt] App installed and transport connected
17:51:16 [INFO] functional.conftest: [basalt] App opened via install
-------------------------------- live log call ---------------------------------
17:51:18 [INFO] functional.test_timer_workflows: Waiting for chrono mode...
17:51:25 [INFO] functional.test_timer_workflows: Waiting for edit mode to expire...
17:51:28 [INFO] functional.test_timer_workflows: Pressing Select to start 10-second timer...
17:51:29 [INFO] functional.test_timer_workflows: Waiting for alarm to start...
17:51:38 [INFO] functional.test_timer_workflows: Alarm started: {'event': 'alarm_start', 't': '0:00', 'm': 'Counting', 'r': '0', 'p': '0', 'v': '1', 'd': '1', 'l': '1', 'c': '1'}
17:51:40 [INFO] functional.test_timer_workflows: After repeat state: {'event': 'long_press_up', 't': '0:09', 'm': 'Counting', 'r': '0', 'p': '0', 'v': '0', 'd': '1', 'l': '0', 'c': '0'}
PASSED                                                                   [ 91%]
------------------------------ live log teardown -------------------------------
17:51:40 [INFO] functional.conftest: [basalt] Quitting app after test: test_hold_up_during_longer_alarm_repeats_timer_old_method[basalt]

test/functional/test_timer_workflows.py::TestSubMinuteTimerStaysPaused::test_sub_minute_timer_stays_paused_after_edit_expires[basalt] 
-------------------------------- live log setup --------------------------------
17:51:42 [INFO] functional.conftest: [basalt] Opening app for test: test_sub_minute_timer_stays_paused_after_edit_expires[basalt]
17:51:42 [INFO] functional.conftest: [basalt] Opening app via install (preserving state)
17:51:42 [INFO] functional.conftest: [basalt] Installing app on emulator
17:51:44 [INFO] functional.conftest: [basalt] App installed and transport connected
17:51:44 [INFO] functional.conftest: [basalt] App opened via install
-------------------------------- live log call ---------------------------------
17:51:46 [INFO] functional.test_timer_workflows: Waiting for chrono mode...
17:51:50 [INFO] functional.test_timer_workflows: Entered New mode
17:51:51 [INFO] functional.test_timer_workflows: Entered EditSec mode
17:51:57 [INFO] functional.test_timer_workflows: Waiting for edit mode to expire...
17:52:00 [INFO] functional.test_timer_workflows: After edit expired: {'event': 'mode_change', 't': '0:10', 'm': 'Counting', 'r': '0', 'p': '1', 'v': '0', 'd': '1', 'l': '0', 'c': '0'}
PASSED                                                                   [ 92%]
------------------------------ live log teardown -------------------------------
17:52:00 [INFO] functional.conftest: [basalt] Quitting app after test: test_sub_minute_timer_stays_paused_after_edit_expires[basalt]

test/functional/test_timer_workflows.py::TestMinuteAndSecondsTimerStaysPaused::test_minute_and_seconds_timer_stays_paused[basalt] 
-------------------------------- live log setup --------------------------------
17:52:02 [INFO] functional.conftest: [basalt] Opening app for test: test_minute_and_seconds_timer_stays_paused[basalt]
17:52:02 [INFO] functional.conftest: [basalt] Opening app via install (preserving state)
17:52:02 [INFO] functional.conftest: [basalt] Installing app on emulator
17:52:05 [INFO] functional.conftest: [basalt] App installed and transport connected
17:52:05 [INFO] functional.conftest: [basalt] App opened via install
-------------------------------- live log call ---------------------------------
17:52:11 [INFO] functional.test_timer_workflows: Entered New (edit) mode
17:52:12 [INFO] functional.test_timer_workflows: Entered EditSec mode at 0:00
17:52:23 [INFO] functional.test_timer_workflows: Waiting for edit mode to expire...
17:52:27 [INFO] functional.test_timer_workflows: After edit expired: {'event': 'mode_change', 't': '0:20', 'm': 'Counting', 'r': '0', 'p': '1', 'v': '0', 'd': '1', 'l': '0', 'c': '0'}
PASSED                                                                   [ 92%]
------------------------------ live log teardown -------------------------------
17:52:27 [INFO] functional.conftest: [basalt] Quitting app after test: test_minute_and_seconds_timer_stays_paused[basalt]

test/functional/test_timer_workflows.py::TestEditRunningTimer::test_edit_running_timer[chalk] 
-------------------------------- live log setup --------------------------------
17:52:29 [INFO] functional.test_timer_workflows: [basalt] Tearing down - killing emulator
SKIPPED (Skipping test for chalk since --platform=basalt was specified.) [ 92%]
test/functional/test_timer_workflows.py::TestSetShortTimer::test_set_4_second_timer[chalk] SKIPPED [ 92%]
test/functional/test_timer_workflows.py::TestSnoozeCompletedTimer::test_snooze_completed_timer[chalk] SKIPPED [ 93%]
test/functional/test_timer_workflows.py::TestRepeatCompletedTimer::test_repeat_completed_timer[chalk] SKIPPED [ 93%]
test/functional/test_timer_workflows.py::TestQuietAlarmBackButton::test_quiet_alarm_with_back_button[chalk] SKIPPED [ 93%]
test/functional/test_timer_workflows.py::TestPauseCompletedTimer::test_pause_completed_timer[chalk] SKIPPED [ 93%]
test/functional/test_timer_workflows.py::TestEditCompletedTimer::test_edit_completed_timer_add_minute[chalk] SKIPPED [ 94%]
test/functional/test_timer_workflows.py::TestEnableRepeatingTimer::test_enable_repeating_timer[chalk] SKIPPED [ 94%]
test/functional/test_timer_workflows.py::TestEditModeReset::test_long_press_select_in_edit_mode_resets_to_edit_seconds[chalk] SKIPPED [ 94%]
test/functional/test_timer_workflows.py::TestEditSecModeNoOp::test_long_press_select_in_edit_sec_mode_does_nothing[chalk] SKIPPED [ 94%]
test/functional/test_timer_workflows.py::TestEditRepeatModeNoOp::test_long_press_select_in_edit_repeat_mode_does_nothing[chalk] SKIPPED [ 95%]
test/functional/test_timer_workflows.py::TestRepeatTimerDuringAlarm::test_hold_up_during_alarm_repeats_timer[chalk] SKIPPED [ 95%]
test/functional/test_timer_workflows.py::TestRepeatTimerDuringAlarm::test_hold_up_during_longer_alarm_repeats_timer[chalk] SKIPPED [ 95%]
test/functional/test_timer_workflows.py::TestRepeatTimerDuringAlarm::test_hold_up_during_longer_alarm_repeats_timer_old_method[chalk] SKIPPED [ 95%]
test/functional/test_timer_workflows.py::TestSubMinuteTimerStaysPaused::test_sub_minute_timer_stays_paused_after_edit_expires[chalk] SKIPPED [ 95%]
test/functional/test_timer_workflows.py::TestMinuteAndSecondsTimerStaysPaused::test_minute_and_seconds_timer_stays_paused[chalk] SKIPPED [ 96%]
test/functional/test_timer_workflows.py::TestEditRunningTimer::test_edit_running_timer[diorite] SKIPPED [ 96%]
test/functional/test_timer_workflows.py::TestSetShortTimer::test_set_4_second_timer[diorite] SKIPPED [ 96%]
test/functional/test_timer_workflows.py::TestSnoozeCompletedTimer::test_snooze_completed_timer[diorite] SKIPPED [ 96%]
test/functional/test_timer_workflows.py::TestRepeatCompletedTimer::test_repeat_completed_timer[diorite] SKIPPED [ 97%]
test/functional/test_timer_workflows.py::TestQuietAlarmBackButton::test_quiet_alarm_with_back_button[diorite] SKIPPED [ 97%]
test/functional/test_timer_workflows.py::TestPauseCompletedTimer::test_pause_completed_timer[diorite] SKIPPED [ 97%]
test/functional/test_timer_workflows.py::TestEditCompletedTimer::test_edit_completed_timer_add_minute[diorite] SKIPPED [ 97%]
test/functional/test_timer_workflows.py::TestEnableRepeatingTimer::test_enable_repeating_timer[diorite] SKIPPED [ 98%]
test/functional/test_timer_workflows.py::TestEditModeReset::test_long_press_select_in_edit_mode_resets_to_edit_seconds[diorite] SKIPPED [ 98%]
test/functional/test_timer_workflows.py::TestEditSecModeNoOp::test_long_press_select_in_edit_sec_mode_does_nothing[diorite] SKIPPED [ 98%]
test/functional/test_timer_workflows.py::TestEditRepeatModeNoOp::test_long_press_select_in_edit_repeat_mode_does_nothing[diorite] SKIPPED [ 98%]
test/functional/test_timer_workflows.py::TestRepeatTimerDuringAlarm::test_hold_up_during_alarm_repeats_timer[diorite] SKIPPED [ 99%]
test/functional/test_timer_workflows.py::TestRepeatTimerDuringAlarm::test_hold_up_during_longer_alarm_repeats_timer[diorite] SKIPPED [ 99%]
test/functional/test_timer_workflows.py::TestRepeatTimerDuringAlarm::test_hold_up_during_longer_alarm_repeats_timer_old_method[diorite] SKIPPED [ 99%]
test/functional/test_timer_workflows.py::TestSubMinuteTimerStaysPaused::test_sub_minute_timer_stays_paused_after_edit_expires[diorite] SKIPPED [ 99%]
test/functional/test_timer_workflows.py::TestMinuteAndSecondsTimerStaysPaused::test_minute_and_seconds_timer_stays_paused[diorite] SKIPPED [100%]

=============================== warnings summary ===============================
test_create_timer.py::TestCreateTimer::test_initial_state_shows_new[basalt]
  /home/jared/Workspace/pebble-timer-quick/conda-env/lib/python3.10/site-packages/easyocr/detection.py:81: DeprecationWarning: torch.ao.quantization is deprecated and will be removed in 2.10. 
  For migrations of users: 
  1. Eager mode quantization (torch.ao.quantization.quantize, torch.ao.quantization.quantize_dynamic), please migrate to use torchao eager mode quantize_ API instead 
  2. FX graph mode quantization (torch.ao.quantization.quantize_fx.prepare_fx,torch.ao.quantization.quantize_fx.convert_fx, please migrate to use torchao pt2e quantization API instead (prepare_pt2e, convert_pt2e) 
  3. pt2e quantization has been migrated to torchao (https://github.com/pytorch/ao/tree/main/torchao/quantization/pt2e) 
  see https://github.com/pytorch/ao/issues/2259 for more details
    torch.quantization.quantize_dynamic(net, dtype=torch.qint8, inplace=True)

test_create_timer.py::TestCreateTimer::test_initial_state_shows_new[basalt]
test_create_timer.py::TestCreateTimer::test_initial_state_shows_new[basalt]
  /home/jared/Workspace/pebble-timer-quick/conda-env/lib/python3.10/site-packages/torch/ao/quantization/quantize.py:570: DeprecationWarning: torch.ao.quantization is deprecated and will be removed in 2.10. 
  For migrations of users: 
  1. Eager mode quantization (torch.ao.quantization.quantize, torch.ao.quantization.quantize_dynamic), please migrate to use torchao eager mode quantize_ API instead 
  2. FX graph mode quantization (torch.ao.quantization.quantize_fx.prepare_fx,torch.ao.quantization.quantize_fx.convert_fx, please migrate to use torchao pt2e quantization API instead (prepare_pt2e, convert_pt2e) 
  3. pt2e quantization has been migrated to torchao (https://github.com/pytorch/ao/tree/main/torchao/quantization/pt2e) 
  see https://github.com/pytorch/ao/issues/2259 for more details
    convert(model, mapping, inplace=True)

test_create_timer.py::TestCreateTimer::test_initial_state_shows_new[basalt]
  /home/jared/Workspace/pebble-timer-quick/conda-env/lib/python3.10/site-packages/easyocr/recognition.py:177: DeprecationWarning: torch.ao.quantization is deprecated and will be removed in 2.10. 
  For migrations of users: 
  1. Eager mode quantization (torch.ao.quantization.quantize, torch.ao.quantization.quantize_dynamic), please migrate to use torchao eager mode quantize_ API instead 
  2. FX graph mode quantization (torch.ao.quantization.quantize_fx.prepare_fx,torch.ao.quantization.quantize_fx.convert_fx, please migrate to use torchao pt2e quantization API instead (prepare_pt2e, convert_pt2e) 
  3. pt2e quantization has been migrated to torchao (https://github.com/pytorch/ao/tree/main/torchao/quantization/pt2e) 
  see https://github.com/pytorch/ao/issues/2259 for more details
    torch.quantization.quantize_dynamic(model, dtype=torch.qint8, inplace=True)

test_create_timer.py::TestCreateTimer::test_initial_state_shows_new[basalt]
test_create_timer.py::TestCreateTimer::test_down_button_increments_minutes[basalt]
test_create_timer.py::TestButtonPresses::test_select_button_increments_5_minutes[basalt]
test_create_timer.py::TestTimerCountdown::test_timer_counts_down[basalt]
test_create_timer.py::TestChronoMode::test_chrono_mode_counts_up[basalt]
test_create_timer.py::TestLongPressReset::test_long_press_select_resets_timer[basalt]
test_timer_workflows.py::TestSetShortTimer::test_set_4_second_timer[basalt]
  /home/jared/Workspace/pebble-timer-quick/conda-env/lib/python3.10/site-packages/torch/utils/data/dataloader.py:775: UserWarning: 'pin_memory' argument is set as true but no accelerator is found, then device pinned memory won't be used.
    super().__init__(loader)

-- Docs: https://docs.pytest.org/en/stable/how-to/capture-warnings.html
========== 101 passed, 323 skipped, 11 warnings in 1674.40s (0:27:54) ==========
