============================= test session starts ==============================
platform linux -- Python 3.10.19, pytest-9.0.2, pluggy-1.6.0 -- /home/jared/Workspace/pebble-timer-quick/conda-env/bin/python3.10
cachedir: .pytest_cache
rootdir: /home/jared/Workspace/pebble-timer-quick/test/functional
configfile: pytest.ini
plugins: anyio-4.12.1
collecting ... collected 440 items

test/functional/test_backlight.py::TestBacklight::test_backlight_on_in_edit_mode[aplite] SKIPPED [  0%]
test/functional/test_backlight.py::TestBacklight::test_backlight_off_in_counting_mode[aplite] SKIPPED [  0%]
test/functional/test_backlight.py::TestBacklight::test_backlight_on_during_alarm[aplite] SKIPPED [  0%]
test/functional/test_backlight.py::TestBacklight::test_backlight_on_in_edit_sec_mode[aplite] SKIPPED [  0%]
test/functional/test_backlight.py::TestBacklight::test_backlight_on_in_edit_repeat_mode[aplite] SKIPPED [  1%]
test/functional/test_backlight.py::TestBacklight::test_backlight_stays_on_when_silencing_to_edit_mode[aplite] SKIPPED [  1%]
test/functional/test_backlight.py::TestBacklight::test_backlight_on_in_edit_mode[basalt] 
-------------------------------- live log setup --------------------------------
15:30:19 [INFO] functional.conftest: [basalt] Starting warm-up cycle to clear stale state
15:30:22 [INFO] functional.conftest: [basalt] Installing app on emulator
15:30:31 [INFO] functional.conftest: [basalt] App installed and transport connected
15:30:31 [INFO] functional.conftest: [basalt] Waiting for emulator to stabilize (2s)
15:30:31 [INFO] pebble_tool.util.updates: Update check failed: 404 (Not Found)
15:30:33 [INFO] functional.conftest: [basalt] Holding down button to quit app and set persist state
15:30:34 [INFO] functional.conftest: [basalt] App quit via long press, persist state set
15:30:35 [INFO] functional.conftest: [basalt] Emulator ready for tests
15:30:35 [INFO] functional.conftest: [basalt] Opening app for test: test_backlight_on_in_edit_mode[basalt]
15:30:35 [INFO] functional.conftest: [basalt] Opening app via install (preserving state)
15:30:35 [INFO] functional.conftest: [basalt] Installing app on emulator
15:30:38 [INFO] functional.conftest: [basalt] App installed and transport connected
15:30:38 [INFO] functional.conftest: [basalt] App opened via install
PASSED                                                                   [  1%]
------------------------------ live log teardown -------------------------------
15:30:40 [INFO] functional.conftest: [basalt] Quitting app after test: test_backlight_on_in_edit_mode[basalt]

test/functional/test_backlight.py::TestBacklight::test_backlight_off_in_counting_mode[basalt] 
-------------------------------- live log setup --------------------------------
15:30:42 [INFO] functional.conftest: [basalt] Opening app for test: test_backlight_off_in_counting_mode[basalt]
15:30:42 [INFO] functional.conftest: [basalt] Opening app via install (preserving state)
15:30:42 [INFO] functional.conftest: [basalt] Installing app on emulator
15:30:44 [INFO] functional.conftest: [basalt] App installed and transport connected
15:30:44 [INFO] functional.conftest: [basalt] App opened via install
PASSED                                                                   [  1%]
------------------------------ live log teardown -------------------------------
15:30:49 [INFO] functional.conftest: [basalt] Quitting app after test: test_backlight_off_in_counting_mode[basalt]

test/functional/test_backlight.py::TestBacklight::test_backlight_on_during_alarm[basalt] 
-------------------------------- live log setup --------------------------------
15:30:51 [INFO] functional.conftest: [basalt] Opening app for test: test_backlight_on_during_alarm[basalt]
15:30:51 [INFO] functional.conftest: [basalt] Opening app via install (preserving state)
15:30:51 [INFO] functional.conftest: [basalt] Installing app on emulator
15:30:54 [INFO] functional.conftest: [basalt] App installed and transport connected
15:30:54 [INFO] functional.conftest: [basalt] App opened via install
PASSED                                                                   [  2%]
------------------------------ live log teardown -------------------------------
15:31:15 [INFO] functional.conftest: [basalt] Quitting app after test: test_backlight_on_during_alarm[basalt]

test/functional/test_backlight.py::TestBacklight::test_backlight_on_in_edit_sec_mode[basalt] 
-------------------------------- live log setup --------------------------------
15:31:17 [INFO] functional.conftest: [basalt] Opening app for test: test_backlight_on_in_edit_sec_mode[basalt]
15:31:17 [INFO] functional.conftest: [basalt] Opening app via install (preserving state)
15:31:17 [INFO] functional.conftest: [basalt] Installing app on emulator
15:31:19 [INFO] functional.conftest: [basalt] App installed and transport connected
15:31:19 [INFO] functional.conftest: [basalt] App opened via install
PASSED                                                                   [  2%]
------------------------------ live log teardown -------------------------------
15:31:22 [INFO] functional.conftest: [basalt] Quitting app after test: test_backlight_on_in_edit_sec_mode[basalt]

test/functional/test_backlight.py::TestBacklight::test_backlight_on_in_edit_repeat_mode[basalt] 
-------------------------------- live log setup --------------------------------
15:31:24 [INFO] functional.conftest: [basalt] Opening app for test: test_backlight_on_in_edit_repeat_mode[basalt]
15:31:24 [INFO] functional.conftest: [basalt] Opening app via install (preserving state)
15:31:24 [INFO] functional.conftest: [basalt] Installing app on emulator
15:31:26 [INFO] functional.conftest: [basalt] App installed and transport connected
15:31:26 [INFO] functional.conftest: [basalt] App opened via install
PASSED                                                                   [  2%]
------------------------------ live log teardown -------------------------------
15:31:32 [INFO] functional.conftest: [basalt] Quitting app after test: test_backlight_on_in_edit_repeat_mode[basalt]

test/functional/test_backlight.py::TestBacklight::test_backlight_stays_on_when_silencing_to_edit_mode[basalt] 
-------------------------------- live log setup --------------------------------
15:31:34 [INFO] functional.conftest: [basalt] Opening app for test: test_backlight_stays_on_when_silencing_to_edit_mode[basalt]
15:31:34 [INFO] functional.conftest: [basalt] Opening app via install (preserving state)
15:31:34 [INFO] functional.conftest: [basalt] Installing app on emulator
15:31:36 [INFO] functional.conftest: [basalt] App installed and transport connected
15:31:36 [INFO] functional.conftest: [basalt] App opened via install
PASSED                                                                   [  2%]
------------------------------ live log teardown -------------------------------
15:31:58 [INFO] functional.conftest: [basalt] Quitting app after test: test_backlight_stays_on_when_silencing_to_edit_mode[basalt]

test/functional/test_backlight.py::TestBacklight::test_backlight_on_in_edit_mode[chalk] 
-------------------------------- live log setup --------------------------------
15:32:00 [INFO] functional.conftest: [basalt] Tearing down - killing emulator
SKIPPED (Skipping test for chalk since --platform=basalt was specified.) [  2%]
test/functional/test_backlight.py::TestBacklight::test_backlight_off_in_counting_mode[chalk] SKIPPED [  3%]
test/functional/test_backlight.py::TestBacklight::test_backlight_on_during_alarm[chalk] SKIPPED [  3%]
test/functional/test_backlight.py::TestBacklight::test_backlight_on_in_edit_sec_mode[chalk] SKIPPED [  3%]
test/functional/test_backlight.py::TestBacklight::test_backlight_on_in_edit_repeat_mode[chalk] SKIPPED [  3%]
test/functional/test_backlight.py::TestBacklight::test_backlight_stays_on_when_silencing_to_edit_mode[chalk] SKIPPED [  4%]
test/functional/test_backlight.py::TestBacklight::test_backlight_on_in_edit_mode[diorite] SKIPPED [  4%]
test/functional/test_backlight.py::TestBacklight::test_backlight_off_in_counting_mode[diorite] SKIPPED [  4%]
test/functional/test_backlight.py::TestBacklight::test_backlight_on_during_alarm[diorite] SKIPPED [  4%]
test/functional/test_backlight.py::TestBacklight::test_backlight_on_in_edit_sec_mode[diorite] SKIPPED [  5%]
test/functional/test_backlight.py::TestBacklight::test_backlight_on_in_edit_repeat_mode[diorite] SKIPPED [  5%]
test/functional/test_backlight.py::TestBacklight::test_backlight_stays_on_when_silencing_to_edit_mode[diorite] SKIPPED [  5%]
test/functional/test_button_icons.py::TestAlarmIcons::test_alarm_back_icon_silence[aplite] SKIPPED [  5%]
test/functional/test_button_icons.py::TestAlarmIcons::test_alarm_up_icon_edit[aplite] SKIPPED [  5%]
test/functional/test_button_icons.py::TestAlarmIcons::test_alarm_long_up_icon_reset[aplite] SKIPPED [  6%]
test/functional/test_button_icons.py::TestAlarmIcons::test_alarm_select_icon_pause[aplite] SKIPPED [  6%]
test/functional/test_button_icons.py::TestAlarmIcons::test_alarm_down_icon_snooze[aplite] SKIPPED [  6%]
test/functional/test_button_icons.py::TestNewModeIcons::test_new_back_icon[aplite] SKIPPED [  6%]
test/functional/test_button_icons.py::TestNewModeIcons::test_new_up_icon[aplite] SKIPPED [  7%]
test/functional/test_button_icons.py::TestNewModeIcons::test_new_select_icon[aplite] SKIPPED [  7%]
test/functional/test_button_icons.py::TestNewModeIcons::test_new_down_icon[aplite] SKIPPED [  7%]
test/functional/test_button_icons.py::TestNewModeIcons::test_new_long_up_direction_toggle[aplite] SKIPPED [  7%]
test/functional/test_button_icons.py::TestNewModeIcons::test_new_long_select_icon[aplite] SKIPPED [  7%]
test/functional/test_button_icons.py::TestNewModeIcons::test_new_long_down_icon[aplite] SKIPPED [  8%]
test/functional/test_button_icons.py::TestEditSecIcons::test_editsec_back_icon[aplite] SKIPPED [  8%]
test/functional/test_button_icons.py::TestEditSecIcons::test_editsec_up_icon[aplite] SKIPPED [  8%]
test/functional/test_button_icons.py::TestEditSecIcons::test_editsec_select_icon[aplite] SKIPPED [  8%]
test/functional/test_button_icons.py::TestEditSecIcons::test_editsec_down_icon[aplite] SKIPPED [  9%]
test/functional/test_button_icons.py::TestEditSecIcons::test_editsec_long_up_direction_toggle[aplite] SKIPPED [  9%]
test/functional/test_button_icons.py::TestCountingIcons::test_counting_back_icon[aplite] SKIPPED [  9%]
test/functional/test_button_icons.py::TestCountingIcons::test_counting_up_icon[aplite] SKIPPED [  9%]
test/functional/test_button_icons.py::TestCountingIcons::test_counting_select_icon[aplite] SKIPPED [ 10%]
test/functional/test_button_icons.py::TestCountingIcons::test_counting_down_icon[aplite] SKIPPED [ 10%]
test/functional/test_button_icons.py::TestCountingIcons::test_counting_long_up_icon[aplite] SKIPPED [ 10%]
test/functional/test_button_icons.py::TestCountingIcons::test_counting_long_select_icon[aplite] SKIPPED [ 10%]
test/functional/test_button_icons.py::TestCountingIcons::test_counting_long_down_icon[aplite] SKIPPED [ 10%]
test/functional/test_button_icons.py::TestPausedIcons::test_paused_select_icon_play[aplite] SKIPPED [ 11%]
test/functional/test_button_icons.py::TestChronoIcons::test_chrono_select_icon[aplite] SKIPPED [ 11%]
test/functional/test_button_icons.py::TestChronoIcons::test_chrono_long_select_icon[aplite] SKIPPED [ 11%]
test/functional/test_button_icons.py::TestEditRepeatIcons::test_editrepeat_back_icon[aplite] SKIPPED [ 11%]
test/functional/test_button_icons.py::TestEditRepeatIcons::test_editrepeat_up_icon[aplite] SKIPPED [ 12%]
test/functional/test_button_icons.py::TestEditRepeatIcons::test_editrepeat_select_icon[aplite] SKIPPED [ 12%]
test/functional/test_button_icons.py::TestEditRepeatIcons::test_editrepeat_down_icon[aplite] SKIPPED [ 12%]
test/functional/test_button_icons.py::TestAlarmIcons::test_alarm_back_icon_silence[basalt] 
-------------------------------- live log setup --------------------------------
15:32:04 [INFO] functional.test_button_icons: [basalt] Starting warm-up cycle
15:32:09 [INFO] functional.conftest: [basalt] Installing app on emulator
15:32:17 [INFO] functional.conftest: [basalt] App installed and transport connected
15:32:17 [INFO] functional.test_button_icons: [basalt] Waiting for emulator to stabilize (2s)
15:32:19 [INFO] functional.test_button_icons: [basalt] Holding down button to quit app and set persist state
15:32:22 [INFO] functional.test_button_icons: [basalt] Emulator ready for tests
15:32:22 [INFO] functional.conftest: [basalt] Opening app for test: test_alarm_back_icon_silence[basalt]
15:32:22 [INFO] functional.conftest: [basalt] Opening app via install (preserving state)
15:32:22 [INFO] functional.conftest: [basalt] Installing app on emulator
15:32:25 [INFO] functional.conftest: [basalt] App installed and transport connected
15:32:25 [INFO] functional.conftest: [basalt] App opened via install
-------------------------------- live log call ---------------------------------
15:32:26 [INFO] functional.test_button_icons: [basalt] Setting up 4s timer for icon test
15:32:34 [INFO] functional.test_button_icons: [basalt] Short timer set to 4s, waiting for expire
15:32:38 [INFO] functional.test_button_icons: [basalt] Short timer started, counting down from 4s
15:32:44 [INFO] functional.test_button_icons: All captured states: [{'event': 'mode_change', 't': '0:02', 'm': 'Counting', 'r': '0', 'p': '0', 'v': '0', 'd': '1', 'l': '0', 'c': '1'}, {'event': 'button_select', 't': '0:04', 'm': 'Counting', 'r': '0', 'p': '1', 'v': '0', 'd': '1', 'l': '0', 'c': '1'}, {'event': 'long_press_select', 't': '0:00', 'm': 'EditSec', 'r': '0', 'p': '1', 'v': '0', 'd': '1', 'l': '1', 'c': '1'}, {'event': 'button_down', 't': '0:01', 'm': 'EditSec', 'r': '0', 'p': '1', 'v': '0', 'd': '1', 'l': '1', 'c': '0'}, {'event': 'button_down', 't': '0:02', 'm': 'EditSec', 'r': '0', 'p': '1', 'v': '0', 'd': '1', 'l': '1', 'c': '0'}, {'event': 'button_down', 't': '0:03', 'm': 'EditSec', 'r': '0', 'p': '1', 'v': '0', 'd': '1', 'l': '1', 'c': '0'}, {'event': 'button_down', 't': '0:04', 'm': 'EditSec', 'r': '0', 'p': '1', 'v': '0', 'd': '1', 'l': '1', 'c': '0'}, {'event': 'mode_change', 't': '0:04', 'm': 'Counting', 'r': '0', 'p': '1', 'v': '0', 'd': '1', 'l': '0', 'c': '0'}, {'event': 'button_select', 't': '0:04', 'm': 'Counting', 'r': '0', 'p': '0', 'v': '0', 'd': '1', 'l': '0', 'c': '0'}, {'event': 'alarm_start', 't': '0:00', 'm': 'Counting', 'r': '0', 'p': '0', 'v': '1', 'd': '1', 'l': '1', 'c': '1'}]
PASSED                                                                   [ 12%]
------------------------------ live log teardown -------------------------------
15:32:44 [INFO] functional.conftest: [basalt] Quitting app after test: test_alarm_back_icon_silence[basalt]

test/functional/test_button_icons.py::TestAlarmIcons::test_alarm_up_icon_edit[basalt] 
-------------------------------- live log setup --------------------------------
15:32:46 [INFO] functional.conftest: [basalt] Opening app for test: test_alarm_up_icon_edit[basalt]
15:32:46 [INFO] functional.conftest: [basalt] Opening app via install (preserving state)
15:32:46 [INFO] functional.conftest: [basalt] Installing app on emulator
15:32:49 [INFO] functional.conftest: [basalt] App installed and transport connected
15:32:49 [INFO] functional.conftest: [basalt] App opened via install
-------------------------------- live log call ---------------------------------
15:32:49 [INFO] functional.test_button_icons: [basalt] Setting up 4s timer for icon test
15:32:57 [INFO] functional.test_button_icons: [basalt] Short timer set to 4s, waiting for expire
15:33:01 [INFO] functional.test_button_icons: [basalt] Short timer started, counting down from 4s
PASSED                                                                   [ 12%]
------------------------------ live log teardown -------------------------------
15:33:07 [INFO] functional.conftest: [basalt] Quitting app after test: test_alarm_up_icon_edit[basalt]

test/functional/test_button_icons.py::TestAlarmIcons::test_alarm_long_up_icon_reset[basalt] 
-------------------------------- live log setup --------------------------------
15:33:09 [INFO] functional.conftest: [basalt] Opening app for test: test_alarm_long_up_icon_reset[basalt]
15:33:09 [INFO] functional.conftest: [basalt] Opening app via install (preserving state)
15:33:09 [INFO] functional.conftest: [basalt] Installing app on emulator
15:33:12 [INFO] functional.conftest: [basalt] App installed and transport connected
15:33:12 [INFO] functional.conftest: [basalt] App opened via install
-------------------------------- live log call ---------------------------------
15:33:12 [INFO] functional.test_button_icons: [basalt] Setting up 4s timer for icon test
15:33:20 [INFO] functional.test_button_icons: [basalt] Short timer set to 4s, waiting for expire
15:33:24 [INFO] functional.test_button_icons: [basalt] Short timer started, counting down from 4s
PASSED                                                                   [ 13%]
------------------------------ live log teardown -------------------------------
15:33:30 [INFO] functional.conftest: [basalt] Quitting app after test: test_alarm_long_up_icon_reset[basalt]

test/functional/test_button_icons.py::TestAlarmIcons::test_alarm_select_icon_pause[basalt] 
-------------------------------- live log setup --------------------------------
15:33:32 [INFO] functional.conftest: [basalt] Opening app for test: test_alarm_select_icon_pause[basalt]
15:33:32 [INFO] functional.conftest: [basalt] Opening app via install (preserving state)
15:33:32 [INFO] functional.conftest: [basalt] Installing app on emulator
15:33:35 [INFO] functional.conftest: [basalt] App installed and transport connected
15:33:35 [INFO] functional.conftest: [basalt] App opened via install
-------------------------------- live log call ---------------------------------
15:33:36 [INFO] functional.test_button_icons: [basalt] Setting up 4s timer for icon test
15:33:43 [INFO] functional.test_button_icons: [basalt] Short timer set to 4s, waiting for expire
15:33:47 [INFO] functional.test_button_icons: [basalt] Short timer started, counting down from 4s
PASSED                                                                   [ 13%]
------------------------------ live log teardown -------------------------------
15:33:54 [INFO] functional.conftest: [basalt] Quitting app after test: test_alarm_select_icon_pause[basalt]

test/functional/test_button_icons.py::TestAlarmIcons::test_alarm_down_icon_snooze[basalt] 
-------------------------------- live log setup --------------------------------
15:33:55 [INFO] functional.conftest: [basalt] Opening app for test: test_alarm_down_icon_snooze[basalt]
15:33:55 [INFO] functional.conftest: [basalt] Opening app via install (preserving state)
15:33:55 [INFO] functional.conftest: [basalt] Installing app on emulator
15:33:58 [INFO] functional.conftest: [basalt] App installed and transport connected
15:33:58 [INFO] functional.conftest: [basalt] App opened via install
-------------------------------- live log call ---------------------------------
15:33:59 [INFO] functional.test_button_icons: [basalt] Setting up 4s timer for icon test
15:34:06 [INFO] functional.test_button_icons: [basalt] Short timer set to 4s, waiting for expire
15:34:10 [INFO] functional.test_button_icons: [basalt] Short timer started, counting down from 4s
PASSED                                                                   [ 13%]
------------------------------ live log teardown -------------------------------
15:34:17 [INFO] functional.conftest: [basalt] Quitting app after test: test_alarm_down_icon_snooze[basalt]

test/functional/test_button_icons.py::TestNewModeIcons::test_new_back_icon[basalt] 
-------------------------------- live log setup --------------------------------
15:34:19 [INFO] functional.conftest: [basalt] Opening app for test: test_new_back_icon[basalt]
15:34:19 [INFO] functional.conftest: [basalt] Opening app via install (preserving state)
15:34:19 [INFO] functional.conftest: [basalt] Installing app on emulator
15:34:21 [INFO] functional.conftest: [basalt] App installed and transport connected
15:34:21 [INFO] functional.conftest: [basalt] App opened via install
PASSED                                                                   [ 13%]
------------------------------ live log teardown -------------------------------
15:34:23 [INFO] functional.conftest: [basalt] Quitting app after test: test_new_back_icon[basalt]

test/functional/test_button_icons.py::TestNewModeIcons::test_new_up_icon[basalt] 
-------------------------------- live log setup --------------------------------
15:34:25 [INFO] functional.conftest: [basalt] Opening app for test: test_new_up_icon[basalt]
15:34:25 [INFO] functional.conftest: [basalt] Opening app via install (preserving state)
15:34:25 [INFO] functional.conftest: [basalt] Installing app on emulator
15:34:28 [INFO] functional.conftest: [basalt] App installed and transport connected
15:34:28 [INFO] functional.conftest: [basalt] App opened via install
PASSED                                                                   [ 14%]
------------------------------ live log teardown -------------------------------
15:34:29 [INFO] functional.conftest: [basalt] Quitting app after test: test_new_up_icon[basalt]

test/functional/test_button_icons.py::TestNewModeIcons::test_new_select_icon[basalt] 
-------------------------------- live log setup --------------------------------
15:34:31 [INFO] functional.conftest: [basalt] Opening app for test: test_new_select_icon[basalt]
15:34:31 [INFO] functional.conftest: [basalt] Opening app via install (preserving state)
15:34:31 [INFO] functional.conftest: [basalt] Installing app on emulator
15:34:34 [INFO] functional.conftest: [basalt] App installed and transport connected
15:34:34 [INFO] functional.conftest: [basalt] App opened via install
PASSED                                                                   [ 14%]
------------------------------ live log teardown -------------------------------
15:34:35 [INFO] functional.conftest: [basalt] Quitting app after test: test_new_select_icon[basalt]

test/functional/test_button_icons.py::TestNewModeIcons::test_new_down_icon[basalt] 
-------------------------------- live log setup --------------------------------
15:34:37 [INFO] functional.conftest: [basalt] Opening app for test: test_new_down_icon[basalt]
15:34:37 [INFO] functional.conftest: [basalt] Opening app via install (preserving state)
15:34:37 [INFO] functional.conftest: [basalt] Installing app on emulator
15:34:40 [INFO] functional.conftest: [basalt] App installed and transport connected
15:34:40 [INFO] functional.conftest: [basalt] App opened via install
PASSED                                                                   [ 14%]
------------------------------ live log teardown -------------------------------
15:34:41 [INFO] functional.conftest: [basalt] Quitting app after test: test_new_down_icon[basalt]

test/functional/test_button_icons.py::TestNewModeIcons::test_new_long_up_direction_toggle[basalt] 
-------------------------------- live log setup --------------------------------
15:34:43 [INFO] functional.conftest: [basalt] Opening app for test: test_new_long_up_direction_toggle[basalt]
15:34:43 [INFO] functional.conftest: [basalt] Opening app via install (preserving state)
15:34:43 [INFO] functional.conftest: [basalt] Installing app on emulator
15:34:46 [INFO] functional.conftest: [basalt] App installed and transport connected
15:34:46 [INFO] functional.conftest: [basalt] App opened via install
PASSED                                                                   [ 14%]
------------------------------ live log teardown -------------------------------
15:34:48 [INFO] functional.conftest: [basalt] Quitting app after test: test_new_long_up_direction_toggle[basalt]

test/functional/test_button_icons.py::TestNewModeIcons::test_new_long_select_icon[basalt] 
-------------------------------- live log setup --------------------------------
15:34:49 [INFO] functional.conftest: [basalt] Opening app for test: test_new_long_select_icon[basalt]
15:34:49 [INFO] functional.conftest: [basalt] Opening app via install (preserving state)
15:34:49 [INFO] functional.conftest: [basalt] Installing app on emulator
15:34:52 [INFO] functional.conftest: [basalt] App installed and transport connected
15:34:52 [INFO] functional.conftest: [basalt] App opened via install
SKIPPED (Long press select icon disabled due to display overlap (see...) [ 15%]
------------------------------ live log teardown -------------------------------
15:34:53 [INFO] functional.conftest: [basalt] Quitting app after test: test_new_long_select_icon[basalt]

test/functional/test_button_icons.py::TestNewModeIcons::test_new_long_down_icon[basalt] 
-------------------------------- live log setup --------------------------------
15:34:55 [INFO] functional.conftest: [basalt] Opening app for test: test_new_long_down_icon[basalt]
15:34:55 [INFO] functional.conftest: [basalt] Opening app via install (preserving state)
15:34:55 [INFO] functional.conftest: [basalt] Installing app on emulator
15:34:59 [INFO] functional.conftest: [basalt] App installed and transport connected
15:34:59 [INFO] functional.conftest: [basalt] App opened via install
PASSED                                                                   [ 15%]
------------------------------ live log teardown -------------------------------
15:35:02 [INFO] functional.conftest: [basalt] Quitting app after test: test_new_long_down_icon[basalt]

test/functional/test_button_icons.py::TestEditSecIcons::test_editsec_back_icon[basalt] 
-------------------------------- live log setup --------------------------------
15:35:03 [INFO] functional.conftest: [basalt] Opening app for test: test_editsec_back_icon[basalt]
15:35:03 [INFO] functional.conftest: [basalt] Opening app via install (preserving state)
15:35:03 [INFO] functional.conftest: [basalt] Installing app on emulator
15:35:06 [INFO] functional.conftest: [basalt] App installed and transport connected
15:35:06 [INFO] functional.conftest: [basalt] App opened via install
PASSED                                                                   [ 15%]
------------------------------ live log teardown -------------------------------
15:35:13 [INFO] functional.conftest: [basalt] Quitting app after test: test_editsec_back_icon[basalt]

test/functional/test_button_icons.py::TestEditSecIcons::test_editsec_up_icon[basalt] 
-------------------------------- live log setup --------------------------------
15:35:15 [INFO] functional.conftest: [basalt] Opening app for test: test_editsec_up_icon[basalt]
15:35:15 [INFO] functional.conftest: [basalt] Opening app via install (preserving state)
15:35:15 [INFO] functional.conftest: [basalt] Installing app on emulator
15:35:17 [INFO] functional.conftest: [basalt] App installed and transport connected
15:35:17 [INFO] functional.conftest: [basalt] App opened via install
PASSED                                                                   [ 15%]
------------------------------ live log teardown -------------------------------
15:35:24 [INFO] functional.conftest: [basalt] Quitting app after test: test_editsec_up_icon[basalt]

test/functional/test_button_icons.py::TestEditSecIcons::test_editsec_select_icon[basalt] 
-------------------------------- live log setup --------------------------------
15:35:26 [INFO] functional.conftest: [basalt] Opening app for test: test_editsec_select_icon[basalt]
15:35:26 [INFO] functional.conftest: [basalt] Opening app via install (preserving state)
15:35:26 [INFO] functional.conftest: [basalt] Installing app on emulator
15:35:28 [INFO] functional.conftest: [basalt] App installed and transport connected
15:35:28 [INFO] functional.conftest: [basalt] App opened via install
PASSED                                                                   [ 15%]
------------------------------ live log teardown -------------------------------
15:35:35 [INFO] functional.conftest: [basalt] Quitting app after test: test_editsec_select_icon[basalt]

test/functional/test_button_icons.py::TestEditSecIcons::test_editsec_down_icon[basalt] 
-------------------------------- live log setup --------------------------------
15:35:37 [INFO] functional.conftest: [basalt] Opening app for test: test_editsec_down_icon[basalt]
15:35:37 [INFO] functional.conftest: [basalt] Opening app via install (preserving state)
15:35:37 [INFO] functional.conftest: [basalt] Installing app on emulator
15:35:40 [INFO] functional.conftest: [basalt] App installed and transport connected
15:35:40 [INFO] functional.conftest: [basalt] App opened via install
PASSED                                                                   [ 16%]
------------------------------ live log teardown -------------------------------
15:35:46 [INFO] functional.conftest: [basalt] Quitting app after test: test_editsec_down_icon[basalt]

test/functional/test_button_icons.py::TestEditSecIcons::test_editsec_long_up_direction_toggle[basalt] 
-------------------------------- live log setup --------------------------------
15:35:48 [INFO] functional.conftest: [basalt] Opening app for test: test_editsec_long_up_direction_toggle[basalt]
15:35:48 [INFO] functional.conftest: [basalt] Opening app via install (preserving state)
15:35:48 [INFO] functional.conftest: [basalt] Installing app on emulator
15:35:51 [INFO] functional.conftest: [basalt] App installed and transport connected
15:35:51 [INFO] functional.conftest: [basalt] App opened via install
PASSED                                                                   [ 16%]
------------------------------ live log teardown -------------------------------
15:35:57 [INFO] functional.conftest: [basalt] Quitting app after test: test_editsec_long_up_direction_toggle[basalt]

test/functional/test_button_icons.py::TestCountingIcons::test_counting_back_icon[basalt] 
-------------------------------- live log setup --------------------------------
15:35:59 [INFO] functional.conftest: [basalt] Opening app for test: test_counting_back_icon[basalt]
15:35:59 [INFO] functional.conftest: [basalt] Opening app via install (preserving state)
15:35:59 [INFO] functional.conftest: [basalt] Installing app on emulator
15:36:02 [INFO] functional.conftest: [basalt] App installed and transport connected
15:36:02 [INFO] functional.conftest: [basalt] App opened via install
PASSED                                                                   [ 16%]
------------------------------ live log teardown -------------------------------
15:36:08 [INFO] functional.conftest: [basalt] Quitting app after test: test_counting_back_icon[basalt]

test/functional/test_button_icons.py::TestCountingIcons::test_counting_up_icon[basalt] 
-------------------------------- live log setup --------------------------------
15:36:10 [INFO] functional.conftest: [basalt] Opening app for test: test_counting_up_icon[basalt]
15:36:10 [INFO] functional.conftest: [basalt] Opening app via install (preserving state)
15:36:10 [INFO] functional.conftest: [basalt] Installing app on emulator
15:36:13 [INFO] functional.conftest: [basalt] App installed and transport connected
15:36:13 [INFO] functional.conftest: [basalt] App opened via install
PASSED                                                                   [ 16%]
------------------------------ live log teardown -------------------------------
15:36:19 [INFO] functional.conftest: [basalt] Quitting app after test: test_counting_up_icon[basalt]

test/functional/test_button_icons.py::TestCountingIcons::test_counting_select_icon[basalt] 
-------------------------------- live log setup --------------------------------
15:36:21 [INFO] functional.conftest: [basalt] Opening app for test: test_counting_select_icon[basalt]
15:36:21 [INFO] functional.conftest: [basalt] Opening app via install (preserving state)
15:36:21 [INFO] functional.conftest: [basalt] Installing app on emulator
15:36:24 [INFO] functional.conftest: [basalt] App installed and transport connected
15:36:24 [INFO] functional.conftest: [basalt] App opened via install
PASSED                                                                   [ 17%]
------------------------------ live log teardown -------------------------------
15:36:30 [INFO] functional.conftest: [basalt] Quitting app after test: test_counting_select_icon[basalt]

test/functional/test_button_icons.py::TestCountingIcons::test_counting_down_icon[basalt] 
-------------------------------- live log setup --------------------------------
15:36:32 [INFO] functional.conftest: [basalt] Opening app for test: test_counting_down_icon[basalt]
15:36:32 [INFO] functional.conftest: [basalt] Opening app via install (preserving state)
15:36:32 [INFO] functional.conftest: [basalt] Installing app on emulator
15:36:34 [INFO] functional.conftest: [basalt] App installed and transport connected
15:36:34 [INFO] functional.conftest: [basalt] App opened via install
PASSED                                                                   [ 17%]
------------------------------ live log teardown -------------------------------
15:36:40 [INFO] functional.conftest: [basalt] Quitting app after test: test_counting_down_icon[basalt]

test/functional/test_button_icons.py::TestCountingIcons::test_counting_long_up_icon[basalt] 
-------------------------------- live log setup --------------------------------
15:36:42 [INFO] functional.conftest: [basalt] Opening app for test: test_counting_long_up_icon[basalt]
15:36:42 [INFO] functional.conftest: [basalt] Opening app via install (preserving state)
15:36:42 [INFO] functional.conftest: [basalt] Installing app on emulator
15:36:45 [INFO] functional.conftest: [basalt] App installed and transport connected
15:36:45 [INFO] functional.conftest: [basalt] App opened via install
PASSED                                                                   [ 17%]
------------------------------ live log teardown -------------------------------
15:36:51 [INFO] functional.conftest: [basalt] Quitting app after test: test_counting_long_up_icon[basalt]

test/functional/test_button_icons.py::TestCountingIcons::test_counting_long_select_icon[basalt] 
-------------------------------- live log setup --------------------------------
15:36:53 [INFO] functional.conftest: [basalt] Opening app for test: test_counting_long_select_icon[basalt]
15:36:53 [INFO] functional.conftest: [basalt] Opening app via install (preserving state)
15:36:53 [INFO] functional.conftest: [basalt] Installing app on emulator
15:36:55 [INFO] functional.conftest: [basalt] App installed and transport connected
15:36:55 [INFO] functional.conftest: [basalt] App opened via install
SKIPPED (Long press select icon disabled due to display overlap (see...) [ 17%]
------------------------------ live log teardown -------------------------------
15:36:56 [INFO] functional.conftest: [basalt] Quitting app after test: test_counting_long_select_icon[basalt]

test/functional/test_button_icons.py::TestCountingIcons::test_counting_long_down_icon[basalt] 
-------------------------------- live log setup --------------------------------
15:36:58 [INFO] functional.conftest: [basalt] Opening app for test: test_counting_long_down_icon[basalt]
15:36:58 [INFO] functional.conftest: [basalt] Opening app via install (preserving state)
15:36:58 [INFO] functional.conftest: [basalt] Installing app on emulator
15:37:01 [INFO] functional.conftest: [basalt] App installed and transport connected
15:37:01 [INFO] functional.conftest: [basalt] App opened via install
PASSED                                                                   [ 17%]
------------------------------ live log teardown -------------------------------
15:37:07 [INFO] functional.conftest: [basalt] Quitting app after test: test_counting_long_down_icon[basalt]

test/functional/test_button_icons.py::TestPausedIcons::test_paused_select_icon_play[basalt] 
-------------------------------- live log setup --------------------------------
15:37:08 [INFO] functional.conftest: [basalt] Opening app for test: test_paused_select_icon_play[basalt]
15:37:08 [INFO] functional.conftest: [basalt] Opening app via install (preserving state)
15:37:08 [INFO] functional.conftest: [basalt] Installing app on emulator
15:37:11 [INFO] functional.conftest: [basalt] App installed and transport connected
15:37:11 [INFO] functional.conftest: [basalt] App opened via install
PASSED                                                                   [ 18%]
------------------------------ live log teardown -------------------------------
15:37:18 [INFO] functional.conftest: [basalt] Quitting app after test: test_paused_select_icon_play[basalt]

test/functional/test_button_icons.py::TestChronoIcons::test_chrono_select_icon[basalt] 
-------------------------------- live log setup --------------------------------
15:37:20 [INFO] functional.conftest: [basalt] Opening app for test: test_chrono_select_icon[basalt]
15:37:20 [INFO] functional.conftest: [basalt] Opening app via install (preserving state)
15:37:20 [INFO] functional.conftest: [basalt] Installing app on emulator
15:37:23 [INFO] functional.conftest: [basalt] App installed and transport connected
15:37:23 [INFO] functional.conftest: [basalt] App opened via install
-------------------------------- live log call ---------------------------------
15:37:24 [INFO] functional.test_button_icons: [basalt] Setting up 4s timer for icon test
15:37:32 [INFO] functional.test_button_icons: [basalt] Short timer set to 4s, waiting for expire
15:37:36 [INFO] functional.test_button_icons: [basalt] Short timer started, counting down from 4s
15:37:44 [INFO] functional.test_button_icons: Chrono mode state: {'event': 'button_down', 't': '0:04', 'm': 'Counting', 'r': '0', 'p': '0', 'v': '0', 'd': '1', 'l': '0', 'c': '1'}
PASSED                                                                   [ 18%]
------------------------------ live log teardown -------------------------------
15:37:44 [INFO] functional.conftest: [basalt] Quitting app after test: test_chrono_select_icon[basalt]

test/functional/test_button_icons.py::TestChronoIcons::test_chrono_long_select_icon[basalt] 
-------------------------------- live log setup --------------------------------
15:37:46 [INFO] functional.conftest: [basalt] Opening app for test: test_chrono_long_select_icon[basalt]
15:37:46 [INFO] functional.conftest: [basalt] Opening app via install (preserving state)
15:37:46 [INFO] functional.conftest: [basalt] Installing app on emulator
15:37:49 [INFO] functional.conftest: [basalt] App installed and transport connected
15:37:49 [INFO] functional.conftest: [basalt] App opened via install
SKIPPED (Long press select icon disabled due to display overlap (see...) [ 18%]
------------------------------ live log teardown -------------------------------
15:37:49 [INFO] functional.conftest: [basalt] Quitting app after test: test_chrono_long_select_icon[basalt]

test/functional/test_button_icons.py::TestEditRepeatIcons::test_editrepeat_back_icon[basalt] 
-------------------------------- live log setup --------------------------------
15:37:51 [INFO] functional.conftest: [basalt] Opening app for test: test_editrepeat_back_icon[basalt]
15:37:51 [INFO] functional.conftest: [basalt] Opening app via install (preserving state)
15:37:51 [INFO] functional.conftest: [basalt] Installing app on emulator
15:37:54 [INFO] functional.conftest: [basalt] App installed and transport connected
15:37:54 [INFO] functional.conftest: [basalt] App opened via install
PASSED                                                                   [ 18%]
------------------------------ live log teardown -------------------------------
15:38:03 [INFO] functional.conftest: [basalt] Quitting app after test: test_editrepeat_back_icon[basalt]

test/functional/test_button_icons.py::TestEditRepeatIcons::test_editrepeat_up_icon[basalt] 
-------------------------------- live log setup --------------------------------
15:38:04 [INFO] functional.conftest: [basalt] Opening app for test: test_editrepeat_up_icon[basalt]
15:38:04 [INFO] functional.conftest: [basalt] Opening app via install (preserving state)
15:38:04 [INFO] functional.conftest: [basalt] Installing app on emulator
15:38:07 [INFO] functional.conftest: [basalt] App installed and transport connected
15:38:07 [INFO] functional.conftest: [basalt] App opened via install
-------------------------------- live log call ---------------------------------
15:38:15 [INFO] functional.test_button_icons: No reference found for 'editrepeat_up' (auto_save=False)
PASSED                                                                   [ 19%]
------------------------------ live log teardown -------------------------------
15:38:15 [INFO] functional.conftest: [basalt] Quitting app after test: test_editrepeat_up_icon[basalt]

test/functional/test_button_icons.py::TestEditRepeatIcons::test_editrepeat_select_icon[basalt] 
-------------------------------- live log setup --------------------------------
15:38:17 [INFO] functional.conftest: [basalt] Opening app for test: test_editrepeat_select_icon[basalt]
15:38:17 [INFO] functional.conftest: [basalt] Opening app via install (preserving state)
15:38:17 [INFO] functional.conftest: [basalt] Installing app on emulator
15:38:20 [INFO] functional.conftest: [basalt] App installed and transport connected
15:38:20 [INFO] functional.conftest: [basalt] App opened via install
PASSED                                                                   [ 19%]
------------------------------ live log teardown -------------------------------
15:38:28 [INFO] functional.conftest: [basalt] Quitting app after test: test_editrepeat_select_icon[basalt]

test/functional/test_button_icons.py::TestEditRepeatIcons::test_editrepeat_down_icon[basalt] 
-------------------------------- live log setup --------------------------------
15:38:30 [INFO] functional.conftest: [basalt] Opening app for test: test_editrepeat_down_icon[basalt]
15:38:30 [INFO] functional.conftest: [basalt] Opening app via install (preserving state)
15:38:30 [INFO] functional.conftest: [basalt] Installing app on emulator
15:38:33 [INFO] functional.conftest: [basalt] App installed and transport connected
15:38:33 [INFO] functional.conftest: [basalt] App opened via install
PASSED                                                                   [ 19%]
------------------------------ live log teardown -------------------------------
15:38:41 [INFO] functional.conftest: [basalt] Quitting app after test: test_editrepeat_down_icon[basalt]

test/functional/test_button_icons.py::TestAlarmIcons::test_alarm_back_icon_silence[chalk] 
-------------------------------- live log setup --------------------------------
15:38:43 [INFO] functional.test_button_icons: [basalt] Tearing down - killing emulator
SKIPPED (Skipping test for chalk since --platform=basalt was specified.) [ 19%]
test/functional/test_button_icons.py::TestAlarmIcons::test_alarm_up_icon_edit[chalk] SKIPPED [ 20%]
test/functional/test_button_icons.py::TestAlarmIcons::test_alarm_long_up_icon_reset[chalk] SKIPPED [ 20%]
test/functional/test_button_icons.py::TestAlarmIcons::test_alarm_select_icon_pause[chalk] SKIPPED [ 20%]
test/functional/test_button_icons.py::TestAlarmIcons::test_alarm_down_icon_snooze[chalk] SKIPPED [ 20%]
test/functional/test_button_icons.py::TestNewModeIcons::test_new_back_icon[chalk] SKIPPED [ 20%]
test/functional/test_button_icons.py::TestNewModeIcons::test_new_up_icon[chalk] SKIPPED [ 21%]
test/functional/test_button_icons.py::TestNewModeIcons::test_new_select_icon[chalk] SKIPPED [ 21%]
test/functional/test_button_icons.py::TestNewModeIcons::test_new_down_icon[chalk] SKIPPED [ 21%]
test/functional/test_button_icons.py::TestNewModeIcons::test_new_long_up_direction_toggle[chalk] SKIPPED [ 21%]
test/functional/test_button_icons.py::TestNewModeIcons::test_new_long_select_icon[chalk] SKIPPED [ 22%]
test/functional/test_button_icons.py::TestNewModeIcons::test_new_long_down_icon[chalk] SKIPPED [ 22%]
test/functional/test_button_icons.py::TestEditSecIcons::test_editsec_back_icon[chalk] SKIPPED [ 22%]
test/functional/test_button_icons.py::TestEditSecIcons::test_editsec_up_icon[chalk] SKIPPED [ 22%]
test/functional/test_button_icons.py::TestEditSecIcons::test_editsec_select_icon[chalk] SKIPPED [ 22%]
test/functional/test_button_icons.py::TestEditSecIcons::test_editsec_down_icon[chalk] SKIPPED [ 23%]
test/functional/test_button_icons.py::TestEditSecIcons::test_editsec_long_up_direction_toggle[chalk] SKIPPED [ 23%]
test/functional/test_button_icons.py::TestCountingIcons::test_counting_back_icon[chalk] SKIPPED [ 23%]
test/functional/test_button_icons.py::TestCountingIcons::test_counting_up_icon[chalk] SKIPPED [ 23%]
test/functional/test_button_icons.py::TestCountingIcons::test_counting_select_icon[chalk] SKIPPED [ 24%]
test/functional/test_button_icons.py::TestCountingIcons::test_counting_down_icon[chalk] SKIPPED [ 24%]
test/functional/test_button_icons.py::TestCountingIcons::test_counting_long_up_icon[chalk] SKIPPED [ 24%]
test/functional/test_button_icons.py::TestCountingIcons::test_counting_long_select_icon[chalk] SKIPPED [ 24%]
test/functional/test_button_icons.py::TestCountingIcons::test_counting_long_down_icon[chalk] SKIPPED [ 25%]
test/functional/test_button_icons.py::TestPausedIcons::test_paused_select_icon_play[chalk] SKIPPED [ 25%]
test/functional/test_button_icons.py::TestChronoIcons::test_chrono_select_icon[chalk] SKIPPED [ 25%]
test/functional/test_button_icons.py::TestChronoIcons::test_chrono_long_select_icon[chalk] SKIPPED [ 25%]
test/functional/test_button_icons.py::TestEditRepeatIcons::test_editrepeat_back_icon[chalk] SKIPPED [ 25%]
test/functional/test_button_icons.py::TestEditRepeatIcons::test_editrepeat_up_icon[chalk] SKIPPED [ 26%]
test/functional/test_button_icons.py::TestEditRepeatIcons::test_editrepeat_select_icon[chalk] SKIPPED [ 26%]
test/functional/test_button_icons.py::TestEditRepeatIcons::test_editrepeat_down_icon[chalk] SKIPPED [ 26%]
test/functional/test_button_icons.py::TestAlarmIcons::test_alarm_back_icon_silence[diorite] SKIPPED [ 26%]
test/functional/test_button_icons.py::TestAlarmIcons::test_alarm_up_icon_edit[diorite] SKIPPED [ 27%]
test/functional/test_button_icons.py::TestAlarmIcons::test_alarm_long_up_icon_reset[diorite] SKIPPED [ 27%]
test/functional/test_button_icons.py::TestAlarmIcons::test_alarm_select_icon_pause[diorite] SKIPPED [ 27%]
test/functional/test_button_icons.py::TestAlarmIcons::test_alarm_down_icon_snooze[diorite] SKIPPED [ 27%]
test/functional/test_button_icons.py::TestNewModeIcons::test_new_back_icon[diorite] SKIPPED [ 27%]
test/functional/test_button_icons.py::TestNewModeIcons::test_new_up_icon[diorite] SKIPPED [ 28%]
test/functional/test_button_icons.py::TestNewModeIcons::test_new_select_icon[diorite] SKIPPED [ 28%]
test/functional/test_button_icons.py::TestNewModeIcons::test_new_down_icon[diorite] SKIPPED [ 28%]
test/functional/test_button_icons.py::TestNewModeIcons::test_new_long_up_direction_toggle[diorite] SKIPPED [ 28%]
test/functional/test_button_icons.py::TestNewModeIcons::test_new_long_select_icon[diorite] SKIPPED [ 29%]
test/functional/test_button_icons.py::TestNewModeIcons::test_new_long_down_icon[diorite] SKIPPED [ 29%]
test/functional/test_button_icons.py::TestEditSecIcons::test_editsec_back_icon[diorite] SKIPPED [ 29%]
test/functional/test_button_icons.py::TestEditSecIcons::test_editsec_up_icon[diorite] SKIPPED [ 29%]
test/functional/test_button_icons.py::TestEditSecIcons::test_editsec_select_icon[diorite] SKIPPED [ 30%]
test/functional/test_button_icons.py::TestEditSecIcons::test_editsec_down_icon[diorite] SKIPPED [ 30%]
test/functional/test_button_icons.py::TestEditSecIcons::test_editsec_long_up_direction_toggle[diorite] SKIPPED [ 30%]
test/functional/test_button_icons.py::TestCountingIcons::test_counting_back_icon[diorite] SKIPPED [ 30%]
test/functional/test_button_icons.py::TestCountingIcons::test_counting_up_icon[diorite] SKIPPED [ 30%]
test/functional/test_button_icons.py::TestCountingIcons::test_counting_select_icon[diorite] SKIPPED [ 31%]
test/functional/test_button_icons.py::TestCountingIcons::test_counting_down_icon[diorite] SKIPPED [ 31%]
test/functional/test_button_icons.py::TestCountingIcons::test_counting_long_up_icon[diorite] SKIPPED [ 31%]
test/functional/test_button_icons.py::TestCountingIcons::test_counting_long_select_icon[diorite] SKIPPED [ 31%]
test/functional/test_button_icons.py::TestCountingIcons::test_counting_long_down_icon[diorite] SKIPPED [ 32%]
test/functional/test_button_icons.py::TestPausedIcons::test_paused_select_icon_play[diorite] SKIPPED [ 32%]
test/functional/test_button_icons.py::TestChronoIcons::test_chrono_select_icon[diorite] SKIPPED [ 32%]
test/functional/test_button_icons.py::TestChronoIcons::test_chrono_long_select_icon[diorite] SKIPPED [ 32%]
test/functional/test_button_icons.py::TestEditRepeatIcons::test_editrepeat_back_icon[diorite] SKIPPED [ 32%]
test/functional/test_button_icons.py::TestEditRepeatIcons::test_editrepeat_up_icon[diorite] SKIPPED [ 33%]
test/functional/test_button_icons.py::TestEditRepeatIcons::test_editrepeat_select_icon[diorite] SKIPPED [ 33%]
test/functional/test_button_icons.py::TestEditRepeatIcons::test_editrepeat_down_icon[diorite] SKIPPED [ 33%]
test/functional/test_create_timer.py::TestCreateTimer::test_create_2_minute_timer[aplite] SKIPPED [ 33%]
test/functional/test_create_timer.py::TestCreateTimer::test_initial_state_shows_new[aplite] SKIPPED [ 34%]
test/functional/test_create_timer.py::TestCreateTimer::test_down_button_increments_minutes[aplite] SKIPPED [ 34%]
test/functional/test_create_timer.py::TestButtonPresses::test_up_button_increments_20_minutes[aplite] SKIPPED [ 34%]
test/functional/test_create_timer.py::TestButtonPresses::test_select_button_increments_5_minutes[aplite] SKIPPED [ 34%]
test/functional/test_create_timer.py::TestTimerCountdown::test_timer_counts_down[aplite] SKIPPED [ 35%]
test/functional/test_create_timer.py::TestTimerCountdown::test_timer_transitions_to_counting_mode[aplite] SKIPPED [ 35%]
test/functional/test_create_timer.py::TestChronoMode::test_chrono_mode_counts_up[aplite] SKIPPED [ 35%]
test/functional/test_create_timer.py::TestPlayPause::test_select_toggles_play_pause_in_counting_mode[aplite] SKIPPED [ 35%]
test/functional/test_create_timer.py::TestTimerStartsImmediately::test_timer_counts_down_during_setup[aplite] SKIPPED [ 35%]
test/functional/test_create_timer.py::TestTimerStartsImmediately::test_chrono_has_elapsed_time_when_mode_expires[aplite] SKIPPED [ 36%]
test/functional/test_create_timer.py::TestLongPressReset::test_long_press_select_resets_timer[aplite] SKIPPED [ 36%]
test/functional/test_create_timer.py::TestCreateTimer::test_create_2_minute_timer[basalt] 
-------------------------------- live log setup --------------------------------
15:38:47 [INFO] functional.conftest: [basalt] Starting warm-up cycle to clear stale state
15:38:51 [INFO] functional.conftest: [basalt] Installing app on emulator
15:39:00 [INFO] functional.conftest: [basalt] App installed and transport connected
15:39:00 [INFO] functional.conftest: [basalt] Waiting for emulator to stabilize (2s)
15:39:02 [INFO] functional.conftest: [basalt] Holding down button to quit app and set persist state
15:39:03 [INFO] functional.conftest: [basalt] App quit via long press, persist state set
15:39:04 [INFO] functional.conftest: [basalt] Emulator ready for tests
15:39:04 [INFO] functional.conftest: [basalt] Opening app for test: test_create_2_minute_timer[basalt]
15:39:04 [INFO] functional.conftest: [basalt] Opening app via install (preserving state)
15:39:04 [INFO] functional.conftest: [basalt] Installing app on emulator
15:39:06 [INFO] functional.conftest: [basalt] App installed and transport connected
15:39:06 [INFO] functional.conftest: [basalt] App opened via install
-------------------------------- live log call ---------------------------------
15:39:09 [INFO] functional.test_create_timer: After 2 Down presses - state: {'event': 'button_down', 't': '1:56', 'm': 'New', 'r': '0', 'p': '0', 'v': '0', 'd': '1', 'l': '1', 'c': '0'}
PASSED                                                                   [ 36%]
------------------------------ live log teardown -------------------------------
15:39:09 [INFO] functional.conftest: [basalt] Quitting app after test: test_create_2_minute_timer[basalt]

test/functional/test_create_timer.py::TestCreateTimer::test_initial_state_shows_new[basalt] 
-------------------------------- live log setup --------------------------------
15:39:11 [INFO] functional.conftest: [basalt] Opening app for test: test_initial_state_shows_new[basalt]
15:39:11 [INFO] functional.conftest: [basalt] Opening app via install (preserving state)
15:39:11 [INFO] functional.conftest: [basalt] Installing app on emulator
15:39:13 [INFO] functional.conftest: [basalt] App installed and transport connected
15:39:13 [INFO] functional.conftest: [basalt] App opened via install
-------------------------------- live log call ---------------------------------
15:39:18 [INFO] functional.test_create_timer: Initial state text: +1h 1 +20 New -d:p1 15,39 +Im
PASSED                                                                   [ 36%]
------------------------------ live log teardown -------------------------------
15:39:18 [INFO] functional.conftest: [basalt] Quitting app after test: test_initial_state_shows_new[basalt]

test/functional/test_create_timer.py::TestCreateTimer::test_down_button_increments_minutes[basalt] 
-------------------------------- live log setup --------------------------------
15:39:20 [INFO] functional.conftest: [basalt] Opening app for test: test_down_button_increments_minutes[basalt]
15:39:20 [INFO] functional.conftest: [basalt] Opening app via install (preserving state)
15:39:20 [INFO] functional.conftest: [basalt] Installing app on emulator
15:39:22 [INFO] functional.conftest: [basalt] App installed and transport connected
15:39:22 [INFO] functional.conftest: [basalt] App opened via install
-------------------------------- live log call ---------------------------------
15:39:27 [INFO] functional.test_create_timer: After 3 Down presses: #1m 1 +20 New 2.57 6 15.42 +Im III
PASSED                                                                   [ 37%]
------------------------------ live log teardown -------------------------------
15:39:27 [INFO] functional.conftest: [basalt] Quitting app after test: test_down_button_increments_minutes[basalt]

test/functional/test_create_timer.py::TestButtonPresses::test_up_button_increments_20_minutes[basalt] 
-------------------------------- live log setup --------------------------------
15:39:29 [INFO] functional.conftest: [basalt] Opening app for test: test_up_button_increments_20_minutes[basalt]
15:39:29 [INFO] functional.conftest: [basalt] Opening app via install (preserving state)
15:39:29 [INFO] functional.conftest: [basalt] Installing app on emulator
15:39:32 [INFO] functional.conftest: [basalt] App installed and transport connected
15:39:32 [INFO] functional.conftest: [basalt] App opened via install
-------------------------------- live log call ---------------------------------
15:39:34 [INFO] functional.test_create_timer: After Up press - state: {'event': 'button_up', 't': '19:58', 'm': 'New', 'r': '0', 'p': '0', 'v': '0', 'd': '1', 'l': '1', 'c': '0'}
PASSED                                                                   [ 37%]
------------------------------ live log teardown -------------------------------
15:39:34 [INFO] functional.conftest: [basalt] Quitting app after test: test_up_button_increments_20_minutes[basalt]

test/functional/test_create_timer.py::TestButtonPresses::test_select_button_increments_5_minutes[basalt] 
-------------------------------- live log setup --------------------------------
15:39:36 [INFO] functional.conftest: [basalt] Opening app for test: test_select_button_increments_5_minutes[basalt]
15:39:36 [INFO] functional.conftest: [basalt] Opening app via install (preserving state)
15:39:36 [INFO] functional.conftest: [basalt] Installing app on emulator
15:39:38 [INFO] functional.conftest: [basalt] App installed and transport connected
15:39:38 [INFO] functional.conftest: [basalt] App opened via install
-------------------------------- live log call ---------------------------------
15:39:42 [INFO] functional.test_create_timer: After Select press: #1m 1 +20 New 4.658 5 15.44 +Im III}
15:39:42 [INFO] functional.test_create_timer:   normalized: 1 1 20  4:658 5 15:44 1 111
PASSED                                                                   [ 37%]
------------------------------ live log teardown -------------------------------
15:39:42 [INFO] functional.conftest: [basalt] Quitting app after test: test_select_button_increments_5_minutes[basalt]

test/functional/test_create_timer.py::TestTimerCountdown::test_timer_counts_down[basalt] 
-------------------------------- live log setup --------------------------------
15:39:44 [INFO] functional.conftest: [basalt] Opening app for test: test_timer_counts_down[basalt]
15:39:44 [INFO] functional.conftest: [basalt] Opening app via install (preserving state)
15:39:44 [INFO] functional.conftest: [basalt] Installing app on emulator
15:39:47 [INFO] functional.conftest: [basalt] App installed and transport connected
15:39:47 [INFO] functional.conftest: [basalt] App opened via install
-------------------------------- live log call ---------------------------------
15:40:01 [INFO] functional.test_create_timer: Countdown start text: 09 e 00,59 0:64 15,39 Ker M J
15:40:03 [INFO] functional.test_create_timer: After 5s text: 4 e 00;59 0:4 15,39 Ker M J
PASSED                                                                   [ 37%]
------------------------------ live log teardown -------------------------------
15:40:03 [INFO] functional.conftest: [basalt] Quitting app after test: test_timer_counts_down[basalt]

test/functional/test_create_timer.py::TestTimerCountdown::test_timer_transitions_to_counting_mode[basalt] 
-------------------------------- live log setup --------------------------------
15:40:05 [INFO] functional.conftest: [basalt] Opening app for test: test_timer_transitions_to_counting_mode[basalt]
15:40:05 [INFO] functional.conftest: [basalt] Opening app via install (preserving state)
15:40:05 [INFO] functional.conftest: [basalt] Installing app on emulator
15:40:07 [INFO] functional.conftest: [basalt] App installed and transport connected
15:40:07 [INFO] functional.conftest: [basalt] App opened via install
-------------------------------- live log call ---------------------------------
15:40:09 [INFO] functional.test_create_timer: After Down press state: {'event': 'button_down', 't': '0:58', 'm': 'New', 'r': '0', 'p': '0', 'v': '0', 'd': '1', 'l': '1', 'c': '0'}
15:40:12 [INFO] functional.test_create_timer: After transition state: {'event': 'mode_change', 't': '0:55', 'm': 'Counting', 'r': '0', 'p': '0', 'v': '0', 'd': '1', 'l': '0', 'c': '0'}
PASSED                                                                   [ 37%]
------------------------------ live log teardown -------------------------------
15:40:12 [INFO] functional.conftest: [basalt] Quitting app after test: test_timer_transitions_to_counting_mode[basalt]

test/functional/test_create_timer.py::TestChronoMode::test_chrono_mode_counts_up[basalt] 
-------------------------------- live log setup --------------------------------
15:40:14 [INFO] functional.conftest: [basalt] Opening app for test: test_chrono_mode_counts_up[basalt]
15:40:14 [INFO] functional.conftest: [basalt] Opening app via install (preserving state)
15:40:14 [INFO] functional.conftest: [basalt] Installing app on emulator
15:40:16 [INFO] functional.conftest: [basalt] App installed and transport connected
15:40:16 [INFO] functional.conftest: [basalt] App opened via install
-------------------------------- live log call ---------------------------------
15:40:27 [INFO] functional.test_create_timer: Chrono mode start: e Oo;00--> 0.s 15.40 M W
15:40:29 [INFO] functional.test_create_timer: Chrono after 3s: @ Oo;00--> dE 15.40 M W
PASSED                                                                   [ 38%]
------------------------------ live log teardown -------------------------------
15:40:29 [INFO] functional.conftest: [basalt] Quitting app after test: test_chrono_mode_counts_up[basalt]

test/functional/test_create_timer.py::TestPlayPause::test_select_toggles_play_pause_in_counting_mode[basalt] 
-------------------------------- live log setup --------------------------------
15:40:31 [INFO] functional.conftest: [basalt] Opening app for test: test_select_toggles_play_pause_in_counting_mode[basalt]
15:40:31 [INFO] functional.conftest: [basalt] Opening app via install (preserving state)
15:40:31 [INFO] functional.conftest: [basalt] Installing app on emulator
15:40:33 [INFO] functional.conftest: [basalt] App installed and transport connected
15:40:33 [INFO] functional.conftest: [basalt] App opened via install
-------------------------------- live log call ---------------------------------
15:40:39 [INFO] functional.test_create_timer: Paused at: 0:55
15:40:41 [INFO] functional.test_create_timer: Still paused at: 0:55
15:40:41 [INFO] functional.test_create_timer: Resumed at: 0:55
15:40:44 [INFO] functional.test_create_timer: After resume: 0:52
PASSED                                                                   [ 38%]
------------------------------ live log teardown -------------------------------
15:40:44 [INFO] functional.conftest: [basalt] Quitting app after test: test_select_toggles_play_pause_in_counting_mode[basalt]

test/functional/test_create_timer.py::TestTimerStartsImmediately::test_timer_counts_down_during_setup[basalt] 
-------------------------------- live log setup --------------------------------
15:40:46 [INFO] functional.conftest: [basalt] Opening app for test: test_timer_counts_down_during_setup[basalt]
15:40:46 [INFO] functional.conftest: [basalt] Opening app via install (preserving state)
15:40:46 [INFO] functional.conftest: [basalt] Installing app on emulator
15:40:48 [INFO] functional.conftest: [basalt] App installed and transport connected
15:40:48 [INFO] functional.conftest: [basalt] App opened via install
-------------------------------- live log call ---------------------------------
15:41:03 [INFO] functional.test_create_timer: After 6 Down presses with 2s delays - state: {'event': 'button_down', 't': '5:45', 'm': 'New', 'r': '0', 'p': '0', 'v': '0', 'd': '1', 'l': '1', 'c': '0'}
PASSED                                                                   [ 38%]
------------------------------ live log teardown -------------------------------
15:41:03 [INFO] functional.conftest: [basalt] Quitting app after test: test_timer_counts_down_during_setup[basalt]

test/functional/test_create_timer.py::TestTimerStartsImmediately::test_chrono_has_elapsed_time_when_mode_expires[basalt] 
-------------------------------- live log setup --------------------------------
15:41:05 [INFO] functional.conftest: [basalt] Opening app for test: test_chrono_has_elapsed_time_when_mode_expires[basalt]
15:41:05 [INFO] functional.conftest: [basalt] Opening app via install (preserving state)
15:41:05 [INFO] functional.conftest: [basalt] Installing app on emulator
15:41:08 [INFO] functional.conftest: [basalt] App installed and transport connected
15:41:08 [INFO] functional.conftest: [basalt] App opened via install
-------------------------------- live log call ---------------------------------
15:41:11 [INFO] functional.test_create_timer: Mode change state: {'event': 'mode_change', 't': '0:02', 'm': 'Counting', 'r': '0', 'p': '0', 'v': '0', 'd': '1', 'l': '0', 'c': '1'}
PASSED                                                                   [ 38%]
------------------------------ live log teardown -------------------------------
15:41:11 [INFO] functional.conftest: [basalt] Quitting app after test: test_chrono_has_elapsed_time_when_mode_expires[basalt]

test/functional/test_create_timer.py::TestLongPressReset::test_long_press_select_resets_timer[basalt] 
-------------------------------- live log setup --------------------------------
15:41:12 [INFO] functional.conftest: [basalt] Opening app for test: test_long_press_select_resets_timer[basalt]
15:41:12 [INFO] functional.conftest: [basalt] Opening app via install (preserving state)
15:41:12 [INFO] functional.conftest: [basalt] Installing app on emulator
15:41:15 [INFO] functional.conftest: [basalt] App installed and transport connected
15:41:15 [INFO] functional.conftest: [basalt] App opened via install
-------------------------------- live log call ---------------------------------
15:41:27 [INFO] functional.test_create_timer: Before reset: 9 e 19.59 19:64m 15.41 Ker M J
15:41:29 [INFO] functional.test_create_timer: After reset: 9 e 19.59 19 66 15.41 Ker M J
PASSED                                                                   [ 39%]
------------------------------ live log teardown -------------------------------
15:41:29 [INFO] functional.conftest: [basalt] Quitting app after test: test_long_press_select_resets_timer[basalt]

test/functional/test_create_timer.py::TestCreateTimer::test_create_2_minute_timer[chalk] 
-------------------------------- live log setup --------------------------------
15:41:31 [INFO] functional.conftest: [basalt] Tearing down - killing emulator
SKIPPED (Skipping test for chalk since --platform=basalt was specified.) [ 39%]
test/functional/test_create_timer.py::TestCreateTimer::test_initial_state_shows_new[chalk] SKIPPED [ 39%]
test/functional/test_create_timer.py::TestCreateTimer::test_down_button_increments_minutes[chalk] SKIPPED [ 39%]
test/functional/test_create_timer.py::TestButtonPresses::test_up_button_increments_20_minutes[chalk] SKIPPED [ 40%]
test/functional/test_create_timer.py::TestButtonPresses::test_select_button_increments_5_minutes[chalk] SKIPPED [ 40%]
test/functional/test_create_timer.py::TestTimerCountdown::test_timer_counts_down[chalk] SKIPPED [ 40%]
test/functional/test_create_timer.py::TestTimerCountdown::test_timer_transitions_to_counting_mode[chalk] SKIPPED [ 40%]
test/functional/test_create_timer.py::TestChronoMode::test_chrono_mode_counts_up[chalk] SKIPPED [ 40%]
test/functional/test_create_timer.py::TestPlayPause::test_select_toggles_play_pause_in_counting_mode[chalk] SKIPPED [ 41%]
test/functional/test_create_timer.py::TestTimerStartsImmediately::test_timer_counts_down_during_setup[chalk] SKIPPED [ 41%]
test/functional/test_create_timer.py::TestTimerStartsImmediately::test_chrono_has_elapsed_time_when_mode_expires[chalk] SKIPPED [ 41%]
test/functional/test_create_timer.py::TestLongPressReset::test_long_press_select_resets_timer[chalk] SKIPPED [ 41%]
test/functional/test_create_timer.py::TestCreateTimer::test_create_2_minute_timer[diorite] SKIPPED [ 42%]
test/functional/test_create_timer.py::TestCreateTimer::test_initial_state_shows_new[diorite] SKIPPED [ 42%]
test/functional/test_create_timer.py::TestCreateTimer::test_down_button_increments_minutes[diorite] SKIPPED [ 42%]
test/functional/test_create_timer.py::TestButtonPresses::test_up_button_increments_20_minutes[diorite] SKIPPED [ 42%]
test/functional/test_create_timer.py::TestButtonPresses::test_select_button_increments_5_minutes[diorite] SKIPPED [ 42%]
test/functional/test_create_timer.py::TestTimerCountdown::test_timer_counts_down[diorite] SKIPPED [ 43%]
test/functional/test_create_timer.py::TestTimerCountdown::test_timer_transitions_to_counting_mode[diorite] SKIPPED [ 43%]
test/functional/test_create_timer.py::TestChronoMode::test_chrono_mode_counts_up[diorite] SKIPPED [ 43%]
test/functional/test_create_timer.py::TestPlayPause::test_select_toggles_play_pause_in_counting_mode[diorite] SKIPPED [ 43%]
test/functional/test_create_timer.py::TestTimerStartsImmediately::test_timer_counts_down_during_setup[diorite] SKIPPED [ 44%]
test/functional/test_create_timer.py::TestTimerStartsImmediately::test_chrono_has_elapsed_time_when_mode_expires[diorite] SKIPPED [ 44%]
test/functional/test_create_timer.py::TestLongPressReset::test_long_press_select_resets_timer[diorite] SKIPPED [ 44%]
test/functional/test_directional_icons.py::TestNewModeForwardIcons::test_new_forward_has_icons[aplite] SKIPPED [ 44%]
test/functional/test_directional_icons.py::TestNewModeReverseIcons::test_new_reverse_back_icon[aplite] SKIPPED [ 45%]
test/functional/test_directional_icons.py::TestNewModeReverseIcons::test_new_reverse_up_icon[aplite] SKIPPED [ 45%]
test/functional/test_directional_icons.py::TestNewModeReverseIcons::test_new_reverse_select_icon[aplite] SKIPPED [ 45%]
test/functional/test_directional_icons.py::TestNewModeReverseIcons::test_new_reverse_down_icon[aplite] SKIPPED [ 45%]
test/functional/test_directional_icons.py::TestEditSecModeForwardIcons::test_editsec_forward_back_icon_plus60[aplite] SKIPPED [ 45%]
test/functional/test_directional_icons.py::TestEditSecModeForwardIcons::test_editsec_forward_has_icons[aplite] SKIPPED [ 46%]
test/functional/test_directional_icons.py::TestEditSecModeReverseIcons::test_editsec_reverse_back_icon[aplite] SKIPPED [ 46%]
test/functional/test_directional_icons.py::TestEditSecModeReverseIcons::test_editsec_reverse_up_icon[aplite] SKIPPED [ 46%]
test/functional/test_directional_icons.py::TestEditSecModeReverseIcons::test_editsec_reverse_select_icon[aplite] SKIPPED [ 46%]
test/functional/test_directional_icons.py::TestEditSecModeReverseIcons::test_editsec_reverse_down_icon[aplite] SKIPPED [ 47%]
test/functional/test_directional_icons.py::TestNewModeForwardIcons::test_new_forward_has_icons[basalt] 
-------------------------------- live log setup --------------------------------
15:41:34 [INFO] functional.test_directional_icons: [basalt] Starting warm-up cycle
15:41:38 [INFO] functional.conftest: [basalt] Installing app on emulator
15:41:46 [INFO] functional.conftest: [basalt] App installed and transport connected
15:41:46 [INFO] functional.test_directional_icons: [basalt] Waiting for emulator to stabilize (2s)
15:41:48 [INFO] functional.test_directional_icons: [basalt] Holding down button to quit app and set persist state
15:41:51 [INFO] functional.test_directional_icons: [basalt] Emulator ready for tests
15:41:51 [INFO] functional.conftest: [basalt] Opening app for test: test_new_forward_has_icons[basalt]
15:41:51 [INFO] functional.conftest: [basalt] Opening app via install (preserving state)
15:41:51 [INFO] functional.conftest: [basalt] Installing app on emulator
15:41:54 [INFO] functional.conftest: [basalt] App installed and transport connected
15:41:54 [INFO] functional.conftest: [basalt] App opened via install
PASSED                                                                   [ 47%]
------------------------------ live log teardown -------------------------------
15:41:57 [INFO] functional.conftest: [basalt] Quitting app after test: test_new_forward_has_icons[basalt]

test/functional/test_directional_icons.py::TestNewModeReverseIcons::test_new_reverse_back_icon[basalt] 
-------------------------------- live log setup --------------------------------
15:41:59 [INFO] functional.conftest: [basalt] Opening app for test: test_new_reverse_back_icon[basalt]
15:41:59 [INFO] functional.conftest: [basalt] Opening app via install (preserving state)
15:41:59 [INFO] functional.conftest: [basalt] Installing app on emulator
15:42:01 [INFO] functional.conftest: [basalt] App installed and transport connected
15:42:01 [INFO] functional.conftest: [basalt] App opened via install
PASSED                                                                   [ 47%]
------------------------------ live log teardown -------------------------------
15:42:07 [INFO] functional.conftest: [basalt] Quitting app after test: test_new_reverse_back_icon[basalt]

test/functional/test_directional_icons.py::TestNewModeReverseIcons::test_new_reverse_up_icon[basalt] 
-------------------------------- live log setup --------------------------------
15:42:09 [INFO] functional.conftest: [basalt] Opening app for test: test_new_reverse_up_icon[basalt]
15:42:09 [INFO] functional.conftest: [basalt] Opening app via install (preserving state)
15:42:09 [INFO] functional.conftest: [basalt] Installing app on emulator
15:42:12 [INFO] functional.conftest: [basalt] App installed and transport connected
15:42:12 [INFO] functional.conftest: [basalt] App opened via install
PASSED                                                                   [ 47%]
------------------------------ live log teardown -------------------------------
15:42:18 [INFO] functional.conftest: [basalt] Quitting app after test: test_new_reverse_up_icon[basalt]

test/functional/test_directional_icons.py::TestNewModeReverseIcons::test_new_reverse_select_icon[basalt] 
-------------------------------- live log setup --------------------------------
15:42:20 [INFO] functional.conftest: [basalt] Opening app for test: test_new_reverse_select_icon[basalt]
15:42:20 [INFO] functional.conftest: [basalt] Opening app via install (preserving state)
15:42:20 [INFO] functional.conftest: [basalt] Installing app on emulator
15:42:23 [INFO] functional.conftest: [basalt] App installed and transport connected
15:42:23 [INFO] functional.conftest: [basalt] App opened via install
PASSED                                                                   [ 47%]
------------------------------ live log teardown -------------------------------
15:42:29 [INFO] functional.conftest: [basalt] Quitting app after test: test_new_reverse_select_icon[basalt]

test/functional/test_directional_icons.py::TestNewModeReverseIcons::test_new_reverse_down_icon[basalt] 
-------------------------------- live log setup --------------------------------
15:42:31 [INFO] functional.conftest: [basalt] Opening app for test: test_new_reverse_down_icon[basalt]
15:42:31 [INFO] functional.conftest: [basalt] Opening app via install (preserving state)
15:42:31 [INFO] functional.conftest: [basalt] Installing app on emulator
15:42:33 [INFO] functional.conftest: [basalt] App installed and transport connected
15:42:33 [INFO] functional.conftest: [basalt] App opened via install
PASSED                                                                   [ 48%]
------------------------------ live log teardown -------------------------------
15:42:39 [INFO] functional.conftest: [basalt] Quitting app after test: test_new_reverse_down_icon[basalt]

test/functional/test_directional_icons.py::TestEditSecModeForwardIcons::test_editsec_forward_back_icon_plus60[basalt] 
-------------------------------- live log setup --------------------------------
15:42:41 [INFO] functional.conftest: [basalt] Opening app for test: test_editsec_forward_back_icon_plus60[basalt]
15:42:41 [INFO] functional.conftest: [basalt] Opening app via install (preserving state)
15:42:41 [INFO] functional.conftest: [basalt] Installing app on emulator
15:42:44 [INFO] functional.conftest: [basalt] App installed and transport connected
15:42:44 [INFO] functional.conftest: [basalt] App opened via install
PASSED                                                                   [ 48%]
------------------------------ live log teardown -------------------------------
15:42:51 [INFO] functional.conftest: [basalt] Quitting app after test: test_editsec_forward_back_icon_plus60[basalt]

test/functional/test_directional_icons.py::TestEditSecModeForwardIcons::test_editsec_forward_has_icons[basalt] 
-------------------------------- live log setup --------------------------------
15:42:53 [INFO] functional.conftest: [basalt] Opening app for test: test_editsec_forward_has_icons[basalt]
15:42:53 [INFO] functional.conftest: [basalt] Opening app via install (preserving state)
15:42:53 [INFO] functional.conftest: [basalt] Installing app on emulator
15:42:56 [INFO] functional.conftest: [basalt] App installed and transport connected
15:42:56 [INFO] functional.conftest: [basalt] App opened via install
PASSED                                                                   [ 48%]
------------------------------ live log teardown -------------------------------
15:43:04 [INFO] functional.conftest: [basalt] Quitting app after test: test_editsec_forward_has_icons[basalt]

test/functional/test_directional_icons.py::TestEditSecModeReverseIcons::test_editsec_reverse_back_icon[basalt] 
-------------------------------- live log setup --------------------------------
15:43:06 [INFO] functional.conftest: [basalt] Opening app for test: test_editsec_reverse_back_icon[basalt]
15:43:06 [INFO] functional.conftest: [basalt] Opening app via install (preserving state)
15:43:06 [INFO] functional.conftest: [basalt] Installing app on emulator
15:43:08 [INFO] functional.conftest: [basalt] App installed and transport connected
15:43:08 [INFO] functional.conftest: [basalt] App opened via install
PASSED                                                                   [ 48%]
------------------------------ live log teardown -------------------------------
15:43:20 [INFO] functional.conftest: [basalt] Quitting app after test: test_editsec_reverse_back_icon[basalt]

test/functional/test_directional_icons.py::TestEditSecModeReverseIcons::test_editsec_reverse_up_icon[basalt] 
-------------------------------- live log setup --------------------------------
15:43:22 [INFO] functional.conftest: [basalt] Opening app for test: test_editsec_reverse_up_icon[basalt]
15:43:22 [INFO] functional.conftest: [basalt] Opening app via install (preserving state)
15:43:22 [INFO] functional.conftest: [basalt] Installing app on emulator
15:43:24 [INFO] functional.conftest: [basalt] App installed and transport connected
15:43:24 [INFO] functional.conftest: [basalt] App opened via install
PASSED                                                                   [ 49%]
------------------------------ live log teardown -------------------------------
15:43:36 [INFO] functional.conftest: [basalt] Quitting app after test: test_editsec_reverse_up_icon[basalt]

test/functional/test_directional_icons.py::TestEditSecModeReverseIcons::test_editsec_reverse_select_icon[basalt] 
-------------------------------- live log setup --------------------------------
15:43:38 [INFO] functional.conftest: [basalt] Opening app for test: test_editsec_reverse_select_icon[basalt]
15:43:38 [INFO] functional.conftest: [basalt] Opening app via install (preserving state)
15:43:38 [INFO] functional.conftest: [basalt] Installing app on emulator
15:43:41 [INFO] functional.conftest: [basalt] App installed and transport connected
15:43:41 [INFO] functional.conftest: [basalt] App opened via install
PASSED                                                                   [ 49%]
------------------------------ live log teardown -------------------------------
15:43:52 [INFO] functional.conftest: [basalt] Quitting app after test: test_editsec_reverse_select_icon[basalt]

test/functional/test_directional_icons.py::TestEditSecModeReverseIcons::test_editsec_reverse_down_icon[basalt] 
-------------------------------- live log setup --------------------------------
15:43:54 [INFO] functional.conftest: [basalt] Opening app for test: test_editsec_reverse_down_icon[basalt]
15:43:54 [INFO] functional.conftest: [basalt] Opening app via install (preserving state)
15:43:54 [INFO] functional.conftest: [basalt] Installing app on emulator
15:43:57 [INFO] functional.conftest: [basalt] App installed and transport connected
15:43:57 [INFO] functional.conftest: [basalt] App opened via install
PASSED                                                                   [ 49%]
------------------------------ live log teardown -------------------------------
15:44:08 [INFO] functional.conftest: [basalt] Quitting app after test: test_editsec_reverse_down_icon[basalt]

test/functional/test_directional_icons.py::TestNewModeForwardIcons::test_new_forward_has_icons[chalk] 
[...]
-------------------------------- live log setup --------------------------------
15:57:35 [INFO] functional.conftest: [basalt] Opening app for test: test_long_press_select_in_edit_sec_mode_toggles_to_new[basalt]
15:57:35 [INFO] functional.conftest: [basalt] Opening app via install (preserving state)
15:57:35 [INFO] functional.conftest: [basalt] Installing app on emulator
15:57:38 [INFO] functional.conftest: [basalt] App installed and transport connected
15:57:38 [INFO] functional.conftest: [basalt] App opened via install
-------------------------------- live log call ---------------------------------
15:57:39 [INFO] functional.test_timer_workflows: Waiting for chrono mode (0:00 counting up)...
PASSED                                                                   [ 90%]
------------------------------ live log teardown -------------------------------
15:57:47 [INFO] functional.conftest: [basalt] Quitting app after test: test_long_press_select_in_edit_sec_mode_toggles_to_new[basalt]

test/functional/test_timer_workflows.py::TestEditRepeatModeNoOp::test_long_press_select_in_edit_repeat_mode_does_nothing[basalt] 
-------------------------------- live log setup --------------------------------
15:57:49 [INFO] functional.conftest: [basalt] Opening app for test: test_long_press_select_in_edit_repeat_mode_does_nothing[basalt]
15:57:49 [INFO] functional.conftest: [basalt] Opening app via install (preserving state)
15:57:49 [INFO] functional.conftest: [basalt] Installing app on emulator
15:57:52 [INFO] functional.conftest: [basalt] App installed and transport connected
15:57:52 [INFO] functional.conftest: [basalt] App opened via install
PASSED                                                                   [ 90%]
------------------------------ live log teardown -------------------------------
15:58:00 [INFO] functional.conftest: [basalt] Quitting app after test: test_long_press_select_in_edit_repeat_mode_does_nothing[basalt]

test/functional/test_timer_workflows.py::TestRepeatTimerDuringAlarm::test_hold_up_during_alarm_repeats_timer[basalt] 
-------------------------------- live log setup --------------------------------
15:58:02 [INFO] functional.conftest: [basalt] Opening app for test: test_hold_up_during_alarm_repeats_timer[basalt]
15:58:02 [INFO] functional.conftest: [basalt] Opening app via install (preserving state)
15:58:02 [INFO] functional.conftest: [basalt] Installing app on emulator
15:58:04 [INFO] functional.conftest: [basalt] App installed and transport connected
15:58:04 [INFO] functional.conftest: [basalt] App opened via install
-------------------------------- live log call ---------------------------------
15:58:06 [INFO] functional.test_timer_workflows: Waiting for chrono mode...
15:58:14 [INFO] functional.test_timer_workflows: Waiting for edit mode to expire...
15:58:18 [INFO] functional.test_timer_workflows: Pressing Select to start 4-second timer...
15:58:18 [INFO] functional.test_timer_workflows: Waiting for alarm to start...
15:58:22 [INFO] functional.test_timer_workflows: Alarm started: {'event': 'alarm_start', 't': '0:00', 'm': 'Counting', 'r': '0', 'p': '0', 'v': '1', 'd': '1', 'l': '1', 'c': '1'}
15:58:23 [INFO] functional.test_timer_workflows: After repeat state: {'event': 'long_press_up', 't': '0:03', 'm': 'Counting', 'r': '0', 'p': '0', 'v': '0', 'd': '1', 'l': '0', 'c': '0'}
PASSED                                                                   [ 90%]
------------------------------ live log teardown -------------------------------
15:58:23 [INFO] functional.conftest: [basalt] Quitting app after test: test_hold_up_during_alarm_repeats_timer[basalt]

test/functional/test_timer_workflows.py::TestRepeatTimerDuringAlarm::test_hold_up_during_longer_alarm_repeats_timer[basalt] 
-------------------------------- live log setup --------------------------------
15:58:25 [INFO] functional.conftest: [basalt] Opening app for test: test_hold_up_during_longer_alarm_repeats_timer[basalt]
15:58:25 [INFO] functional.conftest: [basalt] Opening app via install (preserving state)
15:58:25 [INFO] functional.conftest: [basalt] Installing app on emulator
15:58:28 [INFO] functional.conftest: [basalt] App installed and transport connected
15:58:28 [INFO] functional.conftest: [basalt] App opened via install
-------------------------------- live log call ---------------------------------
15:58:36 [INFO] functional.test_timer_workflows: Waiting for edit mode to expire...
15:58:40 [INFO] functional.test_timer_workflows: Pressing Select to start 10-second timer...
15:58:40 [INFO] functional.test_timer_workflows: Waiting for alarm to start...
15:58:50 [INFO] functional.test_timer_workflows: Alarm started: {'event': 'alarm_start', 't': '0:00', 'm': 'Counting', 'r': '0', 'p': '0', 'v': '1', 'd': '1', 'l': '1', 'c': '1'}
15:58:51 [INFO] functional.test_timer_workflows: After repeat state: {'event': 'long_press_up', 't': '0:09', 'm': 'Counting', 'r': '0', 'p': '0', 'v': '0', 'd': '1', 'l': '0', 'c': '0'}
PASSED                                                                   [ 90%]
------------------------------ live log teardown -------------------------------
15:58:51 [INFO] functional.conftest: [basalt] Quitting app after test: test_hold_up_during_longer_alarm_repeats_timer[basalt]

test/functional/test_timer_workflows.py::TestRepeatTimerDuringAlarm::test_hold_up_during_longer_alarm_repeats_timer_old_method[basalt] 
-------------------------------- live log setup --------------------------------
15:58:53 [INFO] functional.conftest: [basalt] Opening app for test: test_hold_up_during_longer_alarm_repeats_timer_old_method[basalt]
15:58:53 [INFO] functional.conftest: [basalt] Opening app via install (preserving state)
15:58:53 [INFO] functional.conftest: [basalt] Installing app on emulator
15:58:56 [INFO] functional.conftest: [basalt] App installed and transport connected
15:58:56 [INFO] functional.conftest: [basalt] App opened via install
-------------------------------- live log call ---------------------------------
15:58:57 [INFO] functional.test_timer_workflows: Waiting for chrono mode...
15:59:04 [INFO] functional.test_timer_workflows: Waiting for edit mode to expire...
15:59:08 [INFO] functional.test_timer_workflows: Pressing Select to start 10-second timer...
15:59:08 [INFO] functional.test_timer_workflows: Waiting for alarm to start...
15:59:18 [INFO] functional.test_timer_workflows: Alarm started: {'event': 'alarm_start', 't': '0:00', 'm': 'Counting', 'r': '0', 'p': '0', 'v': '1', 'd': '1', 'l': '1', 'c': '1'}
15:59:19 [INFO] functional.test_timer_workflows: After repeat state: {'event': 'long_press_up', 't': '0:09', 'm': 'Counting', 'r': '0', 'p': '0', 'v': '0', 'd': '1', 'l': '0', 'c': '0'}
PASSED                                                                   [ 91%]
------------------------------ live log teardown -------------------------------
15:59:19 [INFO] functional.conftest: [basalt] Quitting app after test: test_hold_up_during_longer_alarm_repeats_timer_old_method[basalt]

test/functional/test_timer_workflows.py::TestSubMinuteTimerStaysPaused::test_sub_minute_timer_stays_paused_after_edit_expires[basalt] 
-------------------------------- live log setup --------------------------------
15:59:21 [INFO] functional.conftest: [basalt] Opening app for test: test_sub_minute_timer_stays_paused_after_edit_expires[basalt]
15:59:21 [INFO] functional.conftest: [basalt] Opening app via install (preserving state)
15:59:21 [INFO] functional.conftest: [basalt] Installing app on emulator
15:59:24 [INFO] functional.conftest: [basalt] App installed and transport connected
15:59:24 [INFO] functional.conftest: [basalt] App opened via install
-------------------------------- live log call ---------------------------------
15:59:26 [INFO] functional.test_timer_workflows: Waiting for chrono mode...
15:59:31 [INFO] functional.test_timer_workflows: Entered EditSec mode
15:59:37 [INFO] functional.test_timer_workflows: Waiting for edit mode to expire...
15:59:40 [INFO] functional.test_timer_workflows: After edit expired: {'event': 'mode_change', 't': '0:10', 'm': 'Counting', 'r': '0', 'p': '1', 'v': '0', 'd': '1', 'l': '0', 'c': '0'}
PASSED                                                                   [ 91%]
------------------------------ live log teardown -------------------------------
15:59:40 [INFO] functional.conftest: [basalt] Quitting app after test: test_sub_minute_timer_stays_paused_after_edit_expires[basalt]

test/functional/test_timer_workflows.py::TestMinuteAndSecondsTimerStaysPaused::test_minute_and_seconds_timer_stays_paused[basalt] 
-------------------------------- live log setup --------------------------------
15:59:42 [INFO] functional.conftest: [basalt] Opening app for test: test_minute_and_seconds_timer_stays_paused[basalt]
15:59:42 [INFO] functional.conftest: [basalt] Opening app via install (preserving state)
15:59:42 [INFO] functional.conftest: [basalt] Installing app on emulator
15:59:45 [INFO] functional.conftest: [basalt] App installed and transport connected
15:59:45 [INFO] functional.conftest: [basalt] App opened via install
-------------------------------- live log call ---------------------------------
15:59:52 [INFO] functional.test_timer_workflows: Entered EditSec mode at 0:00
16:00:03 [INFO] functional.test_timer_workflows: Waiting for edit mode to expire...
16:00:07 [INFO] functional.test_timer_workflows: After edit expired: {'event': 'mode_change', 't': '0:20', 'm': 'Counting', 'r': '0', 'p': '1', 'v': '0', 'd': '1', 'l': '0', 'c': '0'}
PASSED                                                                   [ 91%]
------------------------------ live log teardown -------------------------------
16:00:07 [INFO] functional.conftest: [basalt] Quitting app after test: test_minute_and_seconds_timer_stays_paused[basalt]

test/functional/test_timer_workflows.py::TestEditRepeatBackButton::test_back_button_resets_repeat_count_to_zero[basalt] 
-------------------------------- live log setup --------------------------------
16:00:09 [INFO] functional.conftest: [basalt] Opening app for test: test_back_button_resets_repeat_count_to_zero[basalt]
16:00:09 [INFO] functional.conftest: [basalt] Opening app via install (preserving state)
16:00:09 [INFO] functional.conftest: [basalt] Installing app on emulator
16:00:12 [INFO] functional.conftest: [basalt] App installed and transport connected
16:00:12 [INFO] functional.conftest: [basalt] App opened via install
-------------------------------- live log call ---------------------------------
16:00:13 [INFO] functional.test_timer_workflows: [basalt] Setting up 10s timer: waiting for chrono mode
16:00:24 [INFO] functional.test_timer_workflows: [basalt] Short timer set to 10s, waiting for expire
16:00:28 [INFO] functional.test_timer_workflows: [basalt] Short timer started, counting down from 10s
PASSED                                                                   [ 91%]
------------------------------ live log teardown -------------------------------
16:00:31 [INFO] functional.conftest: [basalt] Quitting app after test: test_back_button_resets_repeat_count_to_zero[basalt]

test/functional/test_timer_workflows.py::TestEditRunningTimer::test_edit_running_timer[chalk] 
-------------------------------- live log setup --------------------------------
16:00:33 [INFO] functional.test_timer_workflows: [basalt] Tearing down - killing emulator
SKIPPED (Skipping test for chalk since --platform=basalt was specified.) [ 92%]
test/functional/test_timer_workflows.py::TestSetShortTimer::test_set_4_second_timer[chalk] SKIPPED [ 92%]
test/functional/test_timer_workflows.py::TestSnoozeCompletedTimer::test_snooze_completed_timer[chalk] SKIPPED [ 92%]
test/functional/test_timer_workflows.py::TestRepeatCompletedTimer::test_repeat_completed_timer[chalk] SKIPPED [ 92%]
test/functional/test_timer_workflows.py::TestQuietAlarmBackButton::test_quiet_alarm_with_back_button[chalk] SKIPPED [ 92%]
test/functional/test_timer_workflows.py::TestPauseCompletedTimer::test_pause_completed_timer[chalk] SKIPPED [ 93%]
test/functional/test_timer_workflows.py::TestEditCompletedTimer::test_edit_completed_timer_add_minute[chalk] SKIPPED [ 93%]
test/functional/test_timer_workflows.py::TestEnableRepeatingTimer::test_enable_repeating_timer[chalk] SKIPPED [ 93%]
test/functional/test_timer_workflows.py::TestEditModeToggle::test_long_press_select_toggles_new_to_editsec[chalk] SKIPPED [ 93%]
test/functional/test_timer_workflows.py::TestEditModeToggle::test_long_press_select_toggles_editsec_to_new[chalk] SKIPPED [ 94%]
test/functional/test_timer_workflows.py::TestEditSecModeToggle::test_long_press_select_in_edit_sec_mode_toggles_to_new[chalk] SKIPPED [ 94%]
test/functional/test_timer_workflows.py::TestEditRepeatModeNoOp::test_long_press_select_in_edit_repeat_mode_does_nothing[chalk] SKIPPED [ 94%]
test/functional/test_timer_workflows.py::TestRepeatTimerDuringAlarm::test_hold_up_during_alarm_repeats_timer[chalk] SKIPPED [ 94%]
test/functional/test_timer_workflows.py::TestRepeatTimerDuringAlarm::test_hold_up_during_longer_alarm_repeats_timer[chalk] SKIPPED [ 95%]
test/functional/test_timer_workflows.py::TestRepeatTimerDuringAlarm::test_hold_up_during_longer_alarm_repeats_timer_old_method[chalk] SKIPPED [ 95%]
test/functional/test_timer_workflows.py::TestSubMinuteTimerStaysPaused::test_sub_minute_timer_stays_paused_after_edit_expires[chalk] SKIPPED [ 95%]
test/functional/test_timer_workflows.py::TestMinuteAndSecondsTimerStaysPaused::test_minute_and_seconds_timer_stays_paused[chalk] SKIPPED [ 95%]
test/functional/test_timer_workflows.py::TestEditRepeatBackButton::test_back_button_resets_repeat_count_to_zero[chalk] SKIPPED [ 95%]
test/functional/test_timer_workflows.py::TestEditRunningTimer::test_edit_running_timer[diorite] SKIPPED [ 96%]
test/functional/test_timer_workflows.py::TestSetShortTimer::test_set_4_second_timer[diorite] SKIPPED [ 96%]
test/functional/test_timer_workflows.py::TestSnoozeCompletedTimer::test_snooze_completed_timer[diorite] SKIPPED [ 96%]
test/functional/test_timer_workflows.py::TestRepeatCompletedTimer::test_repeat_completed_timer[diorite] SKIPPED [ 96%]
test/functional/test_timer_workflows.py::TestQuietAlarmBackButton::test_quiet_alarm_with_back_button[diorite] SKIPPED [ 97%]
test/functional/test_timer_workflows.py::TestPauseCompletedTimer::test_pause_completed_timer[diorite] SKIPPED [ 97%]
test/functional/test_timer_workflows.py::TestEditCompletedTimer::test_edit_completed_timer_add_minute[diorite] SKIPPED [ 97%]
test/functional/test_timer_workflows.py::TestEnableRepeatingTimer::test_enable_repeating_timer[diorite] SKIPPED [ 97%]
test/functional/test_timer_workflows.py::TestEditModeToggle::test_long_press_select_toggles_new_to_editsec[diorite] SKIPPED [ 97%]
test/functional/test_timer_workflows.py::TestEditModeToggle::test_long_press_select_toggles_editsec_to_new[diorite] SKIPPED [ 98%]
test/functional/test_timer_workflows.py::TestEditSecModeToggle::test_long_press_select_in_edit_sec_mode_toggles_to_new[diorite] SKIPPED [ 98%]
test/functional/test_timer_workflows.py::TestEditRepeatModeNoOp::test_long_press_select_in_edit_repeat_mode_does_nothing[diorite] SKIPPED [ 98%]
test/functional/test_timer_workflows.py::TestRepeatTimerDuringAlarm::test_hold_up_during_alarm_repeats_timer[diorite] SKIPPED [ 98%]
test/functional/test_timer_workflows.py::TestRepeatTimerDuringAlarm::test_hold_up_during_longer_alarm_repeats_timer[diorite] SKIPPED [ 99%]
test/functional/test_timer_workflows.py::TestRepeatTimerDuringAlarm::test_hold_up_during_longer_alarm_repeats_timer_old_method[diorite] SKIPPED [ 99%]
test/functional/test_timer_workflows.py::TestSubMinuteTimerStaysPaused::test_sub_minute_timer_stays_paused_after_edit_expires[diorite] SKIPPED [ 99%]
test/functional/test_timer_workflows.py::TestMinuteAndSecondsTimerStaysPaused::test_minute_and_seconds_timer_stays_paused[diorite] SKIPPED [ 99%]
test/functional/test_timer_workflows.py::TestEditRepeatBackButton::test_back_button_resets_repeat_count_to_zero[diorite] SKIPPED [100%]

=============================== warnings summary ===============================
test_create_timer.py::TestCreateTimer::test_initial_state_shows_new[basalt]
  /home/jared/Workspace/pebble-timer-quick/conda-env/lib/python3.10/site-packages/easyocr/detection.py:81: DeprecationWarning: torch.ao.quantization is deprecated and will be removed in 2.10. 
  For migrations of users: 
  1. Eager mode quantization (torch.ao.quantization.quantize, torch.ao.quantization.quantize_dynamic), please migrate to use torchao eager mode quantize_ API instead 
  2. FX graph mode quantization (torch.ao.quantization.quantize_fx.prepare_fx,torch.ao.quantization.quantize_fx.convert_fx, please migrate to use torchao pt2e quantization API instead (prepare_pt2e, convert_pt2e) 
  3. pt2e quantization has been migrated to torchao (https://github.com/pytorch/ao/tree/main/torchao/quantization/pt2e) 
  see https://github.com/pytorch/ao/issues/2259 for more details
    torch.quantization.quantize_dynamic(net, dtype=torch.qint8, inplace=True)

test_create_timer.py::TestCreateTimer::test_initial_state_shows_new[basalt]
test_create_timer.py::TestCreateTimer::test_initial_state_shows_new[basalt]
  /home/jared/Workspace/pebble-timer-quick/conda-env/lib/python3.10/site-packages/torch/ao/quantization/quantize.py:570: DeprecationWarning: torch.ao.quantization is deprecated and will be removed in 2.10. 
  For migrations of users: 
  1. Eager mode quantization (torch.ao.quantization.quantize, torch.ao.quantization.quantize_dynamic), please migrate to use torchao eager mode quantize_ API instead 
  2. FX graph mode quantization (torch.ao.quantization.quantize_fx.prepare_fx,torch.ao.quantization.quantize_fx.convert_fx, please migrate to use torchao pt2e quantization API instead (prepare_pt2e, convert_pt2e) 
  3. pt2e quantization has been migrated to torchao (https://github.com/pytorch/ao/tree/main/torchao/quantization/pt2e) 
  see https://github.com/pytorch/ao/issues/2259 for more details
    convert(model, mapping, inplace=True)

test_create_timer.py::TestCreateTimer::test_initial_state_shows_new[basalt]
  /home/jared/Workspace/pebble-timer-quick/conda-env/lib/python3.10/site-packages/easyocr/recognition.py:177: DeprecationWarning: torch.ao.quantization is deprecated and will be removed in 2.10. 
  For migrations of users: 
  1. Eager mode quantization (torch.ao.quantization.quantize, torch.ao.quantization.quantize_dynamic), please migrate to use torchao eager mode quantize_ API instead 
  2. FX graph mode quantization (torch.ao.quantization.quantize_fx.prepare_fx,torch.ao.quantization.quantize_fx.convert_fx, please migrate to use torchao pt2e quantization API instead (prepare_pt2e, convert_pt2e) 
  3. pt2e quantization has been migrated to torchao (https://github.com/pytorch/ao/tree/main/torchao/quantization/pt2e) 
  see https://github.com/pytorch/ao/issues/2259 for more details
    torch.quantization.quantize_dynamic(model, dtype=torch.qint8, inplace=True)

test_create_timer.py::TestCreateTimer::test_initial_state_shows_new[basalt]
test_create_timer.py::TestCreateTimer::test_down_button_increments_minutes[basalt]
test_create_timer.py::TestButtonPresses::test_select_button_increments_5_minutes[basalt]
test_create_timer.py::TestTimerCountdown::test_timer_counts_down[basalt]
test_create_timer.py::TestChronoMode::test_chrono_mode_counts_up[basalt]
test_create_timer.py::TestLongPressReset::test_long_press_select_resets_timer[basalt]
test_timer_workflows.py::TestSetShortTimer::test_set_4_second_timer[basalt]
  /home/jared/Workspace/pebble-timer-quick/conda-env/lib/python3.10/site-packages/torch/utils/data/dataloader.py:775: UserWarning: 'pin_memory' argument is set as true but no accelerator is found, then device pinned memory won't be used.
    super().__init__(loader)

-- Docs: https://docs.pytest.org/en/stable/how-to/capture-warnings.html
========== 106 passed, 334 skipped, 11 warnings in 1820.35s (0:30:20) ==========
