============================= test session starts ==============================
platform linux -- Python 3.10.19, pytest-9.0.2, pluggy-1.6.0 -- /home/jared/Workspace/pebble-timer-quick/conda-env/bin/python3.10
cachedir: .pytest_cache
rootdir: /home/jared/Workspace/pebble-timer-quick/test/functional
configfile: pytest.ini
plugins: anyio-4.12.1
collecting ... collected 456 items

test/functional/test_backlight.py::TestBacklight::test_backlight_on_in_edit_mode[aplite] SKIPPED [  0%]
test/functional/test_backlight.py::TestBacklight::test_backlight_off_in_counting_mode[aplite] SKIPPED [  0%]
test/functional/test_backlight.py::TestBacklight::test_backlight_on_during_alarm[aplite] SKIPPED [  0%]
test/functional/test_backlight.py::TestBacklight::test_backlight_on_in_edit_sec_mode[aplite] SKIPPED [  0%]
test/functional/test_backlight.py::TestBacklight::test_backlight_on_in_edit_repeat_mode[aplite] SKIPPED [  1%]
test/functional/test_backlight.py::TestBacklight::test_backlight_stays_on_when_silencing_to_edit_mode[aplite] SKIPPED [  1%]
test/functional/test_backlight.py::TestBacklight::test_backlight_on_in_edit_mode[basalt] 
-------------------------------- live log setup --------------------------------
20:40:06 [INFO] functional.conftest: [basalt] Starting warm-up cycle to clear stale state
20:40:09 [INFO] functional.conftest: [basalt] Installing app on emulator
20:40:17 [INFO] functional.conftest: [basalt] App installed and transport connected
20:40:17 [INFO] functional.conftest: [basalt] Waiting for emulator to stabilize (2s)
20:40:18 [INFO] pebble_tool.util.updates: Update check failed: 404 (Not Found)
20:40:19 [INFO] functional.conftest: [basalt] Holding down button to quit app and set persist state
20:40:21 [INFO] functional.conftest: [basalt] App quit via long press, persist state set
20:40:21 [INFO] functional.conftest: [basalt] Emulator ready for tests
20:40:21 [INFO] functional.conftest: [basalt] Opening app for test: test_backlight_on_in_edit_mode[basalt]
20:40:21 [INFO] functional.conftest: [basalt] Opening app via install (preserving state)
20:40:21 [INFO] functional.conftest: [basalt] Installing app on emulator
20:40:24 [INFO] functional.conftest: [basalt] App installed and transport connected
20:40:24 [INFO] functional.conftest: [basalt] App opened via install
PASSED                                                                   [  1%]
------------------------------ live log teardown -------------------------------
20:40:26 [INFO] functional.conftest: [basalt] Quitting app after test: test_backlight_on_in_edit_mode[basalt]

test/functional/test_backlight.py::TestBacklight::test_backlight_off_in_counting_mode[basalt] 
-------------------------------- live log setup --------------------------------
20:40:28 [INFO] functional.conftest: [basalt] Opening app for test: test_backlight_off_in_counting_mode[basalt]
20:40:28 [INFO] functional.conftest: [basalt] Opening app via install (preserving state)
20:40:28 [INFO] functional.conftest: [basalt] Installing app on emulator
20:40:30 [INFO] functional.conftest: [basalt] App installed and transport connected
20:40:30 [INFO] functional.conftest: [basalt] App opened via install
PASSED                                                                   [  1%]
------------------------------ live log teardown -------------------------------
20:40:35 [INFO] functional.conftest: [basalt] Quitting app after test: test_backlight_off_in_counting_mode[basalt]

test/functional/test_backlight.py::TestBacklight::test_backlight_on_during_alarm[basalt] 
-------------------------------- live log setup --------------------------------
20:40:37 [INFO] functional.conftest: [basalt] Opening app for test: test_backlight_on_during_alarm[basalt]
20:40:37 [INFO] functional.conftest: [basalt] Opening app via install (preserving state)
20:40:37 [INFO] functional.conftest: [basalt] Installing app on emulator
20:40:39 [INFO] functional.conftest: [basalt] App installed and transport connected
20:40:39 [INFO] functional.conftest: [basalt] App opened via install
PASSED                                                                   [  1%]
------------------------------ live log teardown -------------------------------
20:41:01 [INFO] functional.conftest: [basalt] Quitting app after test: test_backlight_on_during_alarm[basalt]

test/functional/test_backlight.py::TestBacklight::test_backlight_on_in_edit_sec_mode[basalt] 
-------------------------------- live log setup --------------------------------
20:41:02 [INFO] functional.conftest: [basalt] Opening app for test: test_backlight_on_in_edit_sec_mode[basalt]
20:41:02 [INFO] functional.conftest: [basalt] Opening app via install (preserving state)
20:41:02 [INFO] functional.conftest: [basalt] Installing app on emulator
20:41:05 [INFO] functional.conftest: [basalt] App installed and transport connected
20:41:05 [INFO] functional.conftest: [basalt] App opened via install
PASSED                                                                   [  2%]
------------------------------ live log teardown -------------------------------
20:41:07 [INFO] functional.conftest: [basalt] Quitting app after test: test_backlight_on_in_edit_sec_mode[basalt]

test/functional/test_backlight.py::TestBacklight::test_backlight_on_in_edit_repeat_mode[basalt] 
-------------------------------- live log setup --------------------------------
20:41:09 [INFO] functional.conftest: [basalt] Opening app for test: test_backlight_on_in_edit_repeat_mode[basalt]
20:41:09 [INFO] functional.conftest: [basalt] Opening app via install (preserving state)
20:41:09 [INFO] functional.conftest: [basalt] Installing app on emulator
20:41:12 [INFO] functional.conftest: [basalt] App installed and transport connected
20:41:12 [INFO] functional.conftest: [basalt] App opened via install
PASSED                                                                   [  2%]
------------------------------ live log teardown -------------------------------
20:41:17 [INFO] functional.conftest: [basalt] Quitting app after test: test_backlight_on_in_edit_repeat_mode[basalt]

test/functional/test_backlight.py::TestBacklight::test_backlight_stays_on_when_silencing_to_edit_mode[basalt] 
-------------------------------- live log setup --------------------------------
20:41:19 [INFO] functional.conftest: [basalt] Opening app for test: test_backlight_stays_on_when_silencing_to_edit_mode[basalt]
20:41:19 [INFO] functional.conftest: [basalt] Opening app via install (preserving state)
20:41:19 [INFO] functional.conftest: [basalt] Installing app on emulator
20:41:22 [INFO] functional.conftest: [basalt] App installed and transport connected
20:41:22 [INFO] functional.conftest: [basalt] App opened via install
PASSED                                                                   [  2%]
------------------------------ live log teardown -------------------------------
20:41:44 [INFO] functional.conftest: [basalt] Quitting app after test: test_backlight_stays_on_when_silencing_to_edit_mode[basalt]

test/functional/test_backlight.py::TestBacklight::test_backlight_on_in_edit_mode[chalk] 
-------------------------------- live log setup --------------------------------
20:41:46 [INFO] functional.conftest: [basalt] Tearing down - killing emulator
SKIPPED (Skipping test for chalk since --platform=basalt was specified.) [  2%]
test/functional/test_backlight.py::TestBacklight::test_backlight_off_in_counting_mode[chalk] SKIPPED [  3%]
test/functional/test_backlight.py::TestBacklight::test_backlight_on_during_alarm[chalk] SKIPPED [  3%]
test/functional/test_backlight.py::TestBacklight::test_backlight_on_in_edit_sec_mode[chalk] SKIPPED [  3%]
test/functional/test_backlight.py::TestBacklight::test_backlight_on_in_edit_repeat_mode[chalk] SKIPPED [  3%]
test/functional/test_backlight.py::TestBacklight::test_backlight_stays_on_when_silencing_to_edit_mode[chalk] SKIPPED [  3%]
test/functional/test_backlight.py::TestBacklight::test_backlight_on_in_edit_mode[diorite] SKIPPED [  4%]
test/functional/test_backlight.py::TestBacklight::test_backlight_off_in_counting_mode[diorite] SKIPPED [  4%]
test/functional/test_backlight.py::TestBacklight::test_backlight_on_during_alarm[diorite] SKIPPED [  4%]
test/functional/test_backlight.py::TestBacklight::test_backlight_on_in_edit_sec_mode[diorite] SKIPPED [  4%]
test/functional/test_backlight.py::TestBacklight::test_backlight_on_in_edit_repeat_mode[diorite] SKIPPED [  5%]
test/functional/test_backlight.py::TestBacklight::test_backlight_stays_on_when_silencing_to_edit_mode[diorite] SKIPPED [  5%]
test/functional/test_base_length.py::TestBaseLength::test_20_second_timer_base_length[aplite] SKIPPED [  5%]
test/functional/test_base_length.py::TestBaseLength::test_5_minute_timer_base_length[aplite] SKIPPED [  5%]
test/functional/test_base_length.py::TestBaseLength::test_chrono_edit_then_countdown_ignores_chrono_elapsed[aplite] SKIPPED [  5%]
test/functional/test_base_length.py::TestBaseLength::test_20_second_timer_base_length[basalt] 
-------------------------------- live log setup --------------------------------
20:41:49 [INFO] functional.conftest: [basalt] Starting warm-up cycle to clear stale state
20:41:52 [INFO] functional.conftest: [basalt] Installing app on emulator
20:42:00 [INFO] functional.conftest: [basalt] App installed and transport connected
20:42:00 [INFO] functional.conftest: [basalt] Waiting for emulator to stabilize (2s)
20:42:02 [INFO] functional.conftest: [basalt] Holding down button to quit app and set persist state
20:42:04 [INFO] functional.conftest: [basalt] App quit via long press, persist state set
20:42:04 [INFO] functional.conftest: [basalt] Emulator ready for tests
20:42:04 [INFO] functional.conftest: [basalt] Opening app for test: test_20_second_timer_base_length[basalt]
20:42:04 [INFO] functional.conftest: [basalt] Opening app via install (preserving state)
20:42:04 [INFO] functional.conftest: [basalt] Installing app on emulator
20:42:07 [INFO] functional.conftest: [basalt] App installed and transport connected
20:42:07 [INFO] functional.conftest: [basalt] App opened via install
-------------------------------- live log call ---------------------------------
20:42:10 [INFO] functional.test_base_length: Entered EditSec: {'event': 'long_press_select', 't': '0:02', 'm': 'EditSec', 'r': '0', 'p': '0', 'v': '0', 'd': '1', 'l': '1', 'c': '1', 'bl': '0', 'tl': '0'}
20:42:11 [INFO] functional.test_base_length: After Up press in EditSec: {'event': 'button_up', 't': '0:16', 'm': 'EditSec', 'r': '0', 'p': '0', 'v': '0', 'd': '1', 'l': '1', 'c': '0', 'bl': '20000', 'tl': '20000'}
20:42:13 [INFO] functional.test_base_length: After mode change to Counting: {'event': 'mode_change', 't': '0:13', 'm': 'Counting', 'r': '0', 'p': '0', 'v': '0', 'd': '1', 'l': '0', 'c': '0', 'bl': '20000', 'tl': '20000'}
PASSED                                                                   [  6%]
------------------------------ live log teardown -------------------------------
20:42:13 [INFO] functional.conftest: [basalt] Quitting app after test: test_20_second_timer_base_length[basalt]

test/functional/test_base_length.py::TestBaseLength::test_5_minute_timer_base_length[basalt] 
-------------------------------- live log setup --------------------------------
20:42:15 [INFO] functional.conftest: [basalt] Opening app for test: test_5_minute_timer_base_length[basalt]
20:42:15 [INFO] functional.conftest: [basalt] Opening app via install (preserving state)
20:42:15 [INFO] functional.conftest: [basalt] Installing app on emulator
20:42:18 [INFO] functional.conftest: [basalt] App installed and transport connected
20:42:18 [INFO] functional.conftest: [basalt] App opened via install
-------------------------------- live log call ---------------------------------
20:42:20 [INFO] functional.test_base_length: After Down press 1: {'event': 'button_down', 't': '0:58', 'm': 'New', 'r': '0', 'p': '0', 'v': '0', 'd': '1', 'l': '1', 'c': '0', 'bl': '60000', 'tl': '60000'}
20:42:20 [INFO] functional.test_base_length: After Down press 2: {'event': 'button_down', 't': '1:57', 'm': 'New', 'r': '0', 'p': '0', 'v': '0', 'd': '1', 'l': '1', 'c': '0', 'bl': '60000', 'tl': '120000'}
20:42:21 [INFO] functional.test_base_length: After Down press 3: {'event': 'button_down', 't': '2:57', 'm': 'New', 'r': '0', 'p': '0', 'v': '0', 'd': '1', 'l': '1', 'c': '0', 'bl': '60000', 'tl': '180000'}
20:42:21 [INFO] functional.test_base_length: After Down press 4: {'event': 'button_down', 't': '3:56', 'm': 'New', 'r': '0', 'p': '0', 'v': '0', 'd': '1', 'l': '1', 'c': '0', 'bl': '60000', 'tl': '240000'}
20:42:21 [INFO] functional.test_base_length: After Down press 5: {'event': 'button_down', 't': '4:56', 'm': 'New', 'r': '0', 'p': '0', 'v': '0', 'd': '1', 'l': '1', 'c': '0', 'bl': '60000', 'tl': '300000'}
20:42:24 [INFO] functional.test_base_length: After mode change to Counting: {'event': 'mode_change', 't': '4:53', 'm': 'Counting', 'r': '0', 'p': '0', 'v': '0', 'd': '1', 'l': '0', 'c': '0', 'bl': '300000', 'tl': '300000'}
PASSED                                                                   [  6%]
------------------------------ live log teardown -------------------------------
20:42:24 [INFO] functional.conftest: [basalt] Quitting app after test: test_5_minute_timer_base_length[basalt]

test/functional/test_base_length.py::TestBaseLength::test_chrono_edit_then_countdown_ignores_chrono_elapsed[basalt] 
-------------------------------- live log setup --------------------------------
20:42:26 [INFO] functional.conftest: [basalt] Opening app for test: test_chrono_edit_then_countdown_ignores_chrono_elapsed[basalt]
20:42:26 [INFO] functional.conftest: [basalt] Opening app via install (preserving state)
20:42:26 [INFO] functional.conftest: [basalt] Installing app on emulator
20:42:29 [INFO] functional.conftest: [basalt] App installed and transport connected
20:42:29 [INFO] functional.conftest: [basalt] App opened via install
-------------------------------- live log call ---------------------------------
20:42:30 [INFO] functional.test_base_length: Waiting for chrono mode...
20:42:34 [INFO] functional.test_base_length: Entered New mode (editing chrono): {'event': 'button_up', 't': '0:05', 'm': 'New', 'r': '0', 'p': '0', 'v': '0', 'd': '1', 'l': '1', 'c': '1', 'bl': '0', 'tl': '0'}
20:42:36 [INFO] functional.test_base_length: Entered EditSec: {'event': 'long_press_select', 't': '0:06', 'm': 'EditSec', 'r': '0', 'p': '0', 'v': '0', 'd': '1', 'l': '1', 'c': '1', 'bl': '0', 'tl': '0'}
20:42:36 [INFO] functional.test_base_length: After +20s in EditSec (still chrono): {'event': 'button_up', 't': '0:27', 'm': 'EditSec', 'r': '0', 'p': '0', 'v': '0', 'd': '1', 'l': '1', 'c': '1', 'bl': '0', 'tl': '0'}
20:42:39 [INFO] functional.test_base_length: Back in Counting (chrono): {'event': 'mode_change', 't': '0:30', 'm': 'Counting', 'r': '0', 'p': '0', 'v': '0', 'd': '1', 'l': '0', 'c': '1', 'bl': '0', 'tl': '0'}
20:42:39 [INFO] functional.test_base_length: Entered New mode again: {'event': 'button_up', 't': '0:30', 'm': 'New', 'r': '0', 'p': '0', 'v': '0', 'd': '1', 'l': '1', 'c': '1', 'bl': '0', 'tl': '0'}
20:42:41 [INFO] functional.test_base_length: Toggled reverse direction: {'event': 'long_press_up', 't': '0:31', 'm': 'New', 'r': '0', 'p': '0', 'v': '0', 'd': '-1', 'l': '1', 'c': '1', 'bl': '0', 'tl': '0'}
20:42:41 [INFO] functional.test_base_length: After -20min (crossed zero to countdown): {'event': 'button_up', 't': '19:27', 'm': 'New', 'r': '0', 'p': '0', 'v': '0', 'd': '1', 'l': '1', 'c': '0', 'bl': '1200000', 'tl': '1200000'}
PASSED                                                                   [  6%]
------------------------------ live log teardown -------------------------------
20:42:41 [INFO] functional.conftest: [basalt] Quitting app after test: test_chrono_edit_then_countdown_ignores_chrono_elapsed[basalt]

test/functional/test_base_length.py::TestBaseLength::test_20_second_timer_base_length[chalk] 
-------------------------------- live log setup --------------------------------
20:42:43 [INFO] functional.conftest: [basalt] Tearing down - killing emulator
SKIPPED (Skipping test for chalk since --platform=basalt was specified.) [  6%]
test/functional/test_base_length.py::TestBaseLength::test_5_minute_timer_base_length[chalk] SKIPPED [  7%]
test/functional/test_base_length.py::TestBaseLength::test_chrono_edit_then_countdown_ignores_chrono_elapsed[chalk] SKIPPED [  7%]
test/functional/test_base_length.py::TestBaseLength::test_20_second_timer_base_length[diorite] SKIPPED [  7%]
test/functional/test_base_length.py::TestBaseLength::test_5_minute_timer_base_length[diorite] SKIPPED [  7%]
test/functional/test_base_length.py::TestBaseLength::test_chrono_edit_then_countdown_ignores_chrono_elapsed[diorite] SKIPPED [  7%]
test/functional/test_button_icons.py::TestAlarmIcons::test_alarm_back_icon_silence[aplite] SKIPPED [  8%]
test/functional/test_button_icons.py::TestAlarmIcons::test_alarm_up_icon_edit[aplite] SKIPPED [  8%]
test/functional/test_button_icons.py::TestAlarmIcons::test_alarm_long_up_icon_reset[aplite] SKIPPED [  8%]
test/functional/test_button_icons.py::TestAlarmIcons::test_alarm_select_icon_pause[aplite] SKIPPED [  8%]
test/functional/test_button_icons.py::TestAlarmIcons::test_alarm_down_icon_snooze[aplite] SKIPPED [  8%]
test/functional/test_button_icons.py::TestNewModeIcons::test_new_back_icon[aplite] SKIPPED [  9%]
test/functional/test_button_icons.py::TestNewModeIcons::test_new_up_icon[aplite] SKIPPED [  9%]
test/functional/test_button_icons.py::TestNewModeIcons::test_new_select_icon[aplite] SKIPPED [  9%]
test/functional/test_button_icons.py::TestNewModeIcons::test_new_down_icon[aplite] SKIPPED [  9%]
test/functional/test_button_icons.py::TestNewModeIcons::test_new_long_up_direction_toggle[aplite] SKIPPED [ 10%]
test/functional/test_button_icons.py::TestNewModeIcons::test_new_long_select_icon[aplite] SKIPPED [ 10%]
test/functional/test_button_icons.py::TestNewModeIcons::test_new_long_down_icon[aplite] SKIPPED [ 10%]
test/functional/test_button_icons.py::TestEditSecIcons::test_editsec_back_icon[aplite] SKIPPED [ 10%]
test/functional/test_button_icons.py::TestEditSecIcons::test_editsec_up_icon[aplite] SKIPPED [ 10%]
test/functional/test_button_icons.py::TestEditSecIcons::test_editsec_select_icon[aplite] SKIPPED [ 11%]
test/functional/test_button_icons.py::TestEditSecIcons::test_editsec_down_icon[aplite] SKIPPED [ 11%]
test/functional/test_button_icons.py::TestEditSecIcons::test_editsec_long_up_direction_toggle[aplite] SKIPPED [ 11%]
test/functional/test_button_icons.py::TestCountingIcons::test_counting_back_icon[aplite] SKIPPED [ 11%]
test/functional/test_button_icons.py::TestCountingIcons::test_counting_up_icon[aplite] SKIPPED [ 12%]
test/functional/test_button_icons.py::TestCountingIcons::test_counting_select_icon[aplite] SKIPPED [ 12%]
test/functional/test_button_icons.py::TestCountingIcons::test_counting_down_icon[aplite] SKIPPED [ 12%]
test/functional/test_button_icons.py::TestCountingIcons::test_counting_long_up_icon[aplite] SKIPPED [ 12%]
test/functional/test_button_icons.py::TestCountingIcons::test_counting_long_select_icon[aplite] SKIPPED [ 12%]
test/functional/test_button_icons.py::TestCountingIcons::test_counting_long_down_icon[aplite] SKIPPED [ 13%]
test/functional/test_button_icons.py::TestPausedIcons::test_paused_select_icon_play[aplite] SKIPPED [ 13%]
test/functional/test_button_icons.py::TestChronoIcons::test_chrono_select_icon[aplite] SKIPPED [ 13%]
test/functional/test_button_icons.py::TestChronoIcons::test_chrono_long_select_icon[aplite] SKIPPED [ 13%]
test/functional/test_button_icons.py::TestEditRepeatIcons::test_editrepeat_back_icon[aplite] SKIPPED [ 14%]
test/functional/test_button_icons.py::TestEditRepeatIcons::test_editrepeat_up_icon[aplite] SKIPPED [ 14%]
test/functional/test_button_icons.py::TestEditRepeatIcons::test_editrepeat_select_icon[aplite] SKIPPED [ 14%]
test/functional/test_button_icons.py::TestEditRepeatIcons::test_editrepeat_down_icon[aplite] SKIPPED [ 14%]
test/functional/test_button_icons.py::TestAlarmIcons::test_alarm_back_icon_silence[basalt] 
-------------------------------- live log setup --------------------------------
20:42:44 [INFO] functional.test_button_icons: [basalt] Starting warm-up cycle
20:42:47 [INFO] functional.conftest: [basalt] Installing app on emulator
20:42:55 [INFO] functional.conftest: [basalt] App installed and transport connected
20:42:55 [INFO] functional.test_button_icons: [basalt] Waiting for emulator to stabilize (2s)
20:42:57 [INFO] functional.test_button_icons: [basalt] Holding down button to quit app and set persist state
20:42:59 [INFO] functional.test_button_icons: [basalt] Emulator ready for tests
20:42:59 [INFO] functional.conftest: [basalt] Opening app for test: test_alarm_back_icon_silence[basalt]
20:42:59 [INFO] functional.conftest: [basalt] Opening app via install (preserving state)
20:42:59 [INFO] functional.conftest: [basalt] Installing app on emulator
20:43:02 [INFO] functional.conftest: [basalt] App installed and transport connected
20:43:02 [INFO] functional.conftest: [basalt] App opened via install
-------------------------------- live log call ---------------------------------
20:43:04 [INFO] functional.test_button_icons: [basalt] Setting up 4s timer for icon test
20:43:11 [INFO] functional.test_button_icons: [basalt] Short timer set to 4s, waiting for expire
20:43:15 [INFO] functional.test_button_icons: [basalt] Short timer started, counting down from 4s
20:43:22 [INFO] functional.test_button_icons: All captured states: [{'event': 'mode_change', 't': '0:02', 'm': 'Counting', 'r': '0', 'p': '0', 'v': '0', 'd': '1', 'l': '0', 'c': '1', 'bl': '0', 'tl': '0'}, {'event': 'button_select', 't': '0:04', 'm': 'Counting', 'r': '0', 'p': '1', 'v': '0', 'd': '1', 'l': '0', 'c': '1', 'bl': '0', 'tl': '0'}, {'event': 'long_press_select', 't': '0:00', 'm': 'EditSec', 'r': '0', 'p': '1', 'v': '0', 'd': '1', 'l': '1', 'c': '1', 'bl': '0', 'tl': '0'}, {'event': 'button_down', 't': '0:01', 'm': 'EditSec', 'r': '0', 'p': '1', 'v': '0', 'd': '1', 'l': '1', 'c': '0', 'bl': '1000', 'tl': '1000'}, {'event': 'button_down', 't': '0:02', 'm': 'EditSec', 'r': '0', 'p': '1', 'v': '0', 'd': '1', 'l': '1', 'c': '0', 'bl': '1000', 'tl': '2000'}, {'event': 'button_down', 't': '0:03', 'm': 'EditSec', 'r': '0', 'p': '1', 'v': '0', 'd': '1', 'l': '1', 'c': '0', 'bl': '1000', 'tl': '3000'}, {'event': 'button_down', 't': '0:04', 'm': 'EditSec', 'r': '0', 'p': '1', 'v': '0', 'd': '1', 'l': '1', 'c': '0', 'bl': '1000', 'tl': '4000'}, {'event': 'mode_change', 't': '0:04', 'm': 'Counting', 'r': '0', 'p': '1', 'v': '0', 'd': '1', 'l': '0', 'c': '0', 'bl': '4000', 'tl': '4000'}, {'event': 'button_select', 't': '0:04', 'm': 'Counting', 'r': '0', 'p': '0', 'v': '0', 'd': '1', 'l': '0', 'c': '0', 'bl': '4000', 'tl': '4000'}, {'event': 'alarm_start', 't': '0:00', 'm': 'Counting', 'r': '0', 'p': '0', 'v': '1', 'd': '1', 'l': '1', 'c': '1', 'bl': '4000', 'tl': '4000'}]
PASSED                                                                   [ 14%]
------------------------------ live log teardown -------------------------------
20:43:22 [INFO] functional.conftest: [basalt] Quitting app after test: test_alarm_back_icon_silence[basalt]

test/functional/test_button_icons.py::TestAlarmIcons::test_alarm_up_icon_edit[basalt] 
-------------------------------- live log setup --------------------------------
20:43:23 [INFO] functional.conftest: [basalt] Opening app for test: test_alarm_up_icon_edit[basalt]
20:43:23 [INFO] functional.conftest: [basalt] Opening app via install (preserving state)
20:43:23 [INFO] functional.conftest: [basalt] Installing app on emulator
20:43:26 [INFO] functional.conftest: [basalt] App installed and transport connected
20:43:26 [INFO] functional.conftest: [basalt] App opened via install
-------------------------------- live log call ---------------------------------
20:43:27 [INFO] functional.test_button_icons: [basalt] Setting up 4s timer for icon test
20:43:34 [INFO] functional.test_button_icons: [basalt] Short timer set to 4s, waiting for expire
20:43:38 [INFO] functional.test_button_icons: [basalt] Short timer started, counting down from 4s
PASSED                                                                   [ 15%]
------------------------------ live log teardown -------------------------------
20:43:45 [INFO] functional.conftest: [basalt] Quitting app after test: test_alarm_up_icon_edit[basalt]

test/functional/test_button_icons.py::TestAlarmIcons::test_alarm_long_up_icon_reset[basalt] 
-------------------------------- live log setup --------------------------------
20:43:46 [INFO] functional.conftest: [basalt] Opening app for test: test_alarm_long_up_icon_reset[basalt]
20:43:46 [INFO] functional.conftest: [basalt] Opening app via install (preserving state)
20:43:46 [INFO] functional.conftest: [basalt] Installing app on emulator
20:43:49 [INFO] functional.conftest: [basalt] App installed and transport connected
20:43:49 [INFO] functional.conftest: [basalt] App opened via install
-------------------------------- live log call ---------------------------------
20:43:50 [INFO] functional.test_button_icons: [basalt] Setting up 4s timer for icon test
20:43:57 [INFO] functional.test_button_icons: [basalt] Short timer set to 4s, waiting for expire
20:44:01 [INFO] functional.test_button_icons: [basalt] Short timer started, counting down from 4s
PASSED                                                                   [ 15%]
------------------------------ live log teardown -------------------------------
20:44:08 [INFO] functional.conftest: [basalt] Quitting app after test: test_alarm_long_up_icon_reset[basalt]

test/functional/test_button_icons.py::TestAlarmIcons::test_alarm_select_icon_pause[basalt] 
-------------------------------- live log setup --------------------------------
20:44:09 [INFO] functional.conftest: [basalt] Opening app for test: test_alarm_select_icon_pause[basalt]
20:44:09 [INFO] functional.conftest: [basalt] Opening app via install (preserving state)
20:44:09 [INFO] functional.conftest: [basalt] Installing app on emulator
20:44:12 [INFO] functional.conftest: [basalt] App installed and transport connected
20:44:12 [INFO] functional.conftest: [basalt] App opened via install
-------------------------------- live log call ---------------------------------
20:44:12 [INFO] functional.test_button_icons: [basalt] Setting up 4s timer for icon test
20:44:20 [INFO] functional.test_button_icons: [basalt] Short timer set to 4s, waiting for expire
20:44:24 [INFO] functional.test_button_icons: [basalt] Short timer started, counting down from 4s
PASSED                                                                   [ 15%]
------------------------------ live log teardown -------------------------------
20:44:30 [INFO] functional.conftest: [basalt] Quitting app after test: test_alarm_select_icon_pause[basalt]

test/functional/test_button_icons.py::TestAlarmIcons::test_alarm_down_icon_snooze[basalt] 
-------------------------------- live log setup --------------------------------
20:44:32 [INFO] functional.conftest: [basalt] Opening app for test: test_alarm_down_icon_snooze[basalt]
20:44:32 [INFO] functional.conftest: [basalt] Opening app via install (preserving state)
20:44:32 [INFO] functional.conftest: [basalt] Installing app on emulator
20:44:35 [INFO] functional.conftest: [basalt] App installed and transport connected
20:44:35 [INFO] functional.conftest: [basalt] App opened via install
-------------------------------- live log call ---------------------------------
20:44:35 [INFO] functional.test_button_icons: [basalt] Setting up 4s timer for icon test
20:44:43 [INFO] functional.test_button_icons: [basalt] Short timer set to 4s, waiting for expire
20:44:47 [INFO] functional.test_button_icons: [basalt] Short timer started, counting down from 4s
PASSED                                                                   [ 15%]
------------------------------ live log teardown -------------------------------
20:44:53 [INFO] functional.conftest: [basalt] Quitting app after test: test_alarm_down_icon_snooze[basalt]

test/functional/test_button_icons.py::TestNewModeIcons::test_new_back_icon[basalt] 
-------------------------------- live log setup --------------------------------
20:44:55 [INFO] functional.conftest: [basalt] Opening app for test: test_new_back_icon[basalt]
20:44:55 [INFO] functional.conftest: [basalt] Opening app via install (preserving state)
20:44:55 [INFO] functional.conftest: [basalt] Installing app on emulator
20:44:58 [INFO] functional.conftest: [basalt] App installed and transport connected
20:44:58 [INFO] functional.conftest: [basalt] App opened via install
PASSED                                                                   [ 16%]
------------------------------ live log teardown -------------------------------
20:44:59 [INFO] functional.conftest: [basalt] Quitting app after test: test_new_back_icon[basalt]

test/functional/test_button_icons.py::TestNewModeIcons::test_new_up_icon[basalt] 
-------------------------------- live log setup --------------------------------
20:45:01 [INFO] functional.conftest: [basalt] Opening app for test: test_new_up_icon[basalt]
20:45:01 [INFO] functional.conftest: [basalt] Opening app via install (preserving state)
20:45:01 [INFO] functional.conftest: [basalt] Installing app on emulator
20:45:04 [INFO] functional.conftest: [basalt] App installed and transport connected
20:45:04 [INFO] functional.conftest: [basalt] App opened via install
PASSED                                                                   [ 16%]
------------------------------ live log teardown -------------------------------
20:45:05 [INFO] functional.conftest: [basalt] Quitting app after test: test_new_up_icon[basalt]

test/functional/test_button_icons.py::TestNewModeIcons::test_new_select_icon[basalt] 
-------------------------------- live log setup --------------------------------
20:45:07 [INFO] functional.conftest: [basalt] Opening app for test: test_new_select_icon[basalt]
20:45:07 [INFO] functional.conftest: [basalt] Opening app via install (preserving state)
20:45:07 [INFO] functional.conftest: [basalt] Installing app on emulator
20:45:10 [INFO] functional.conftest: [basalt] App installed and transport connected
20:45:10 [INFO] functional.conftest: [basalt] App opened via install
PASSED                                                                   [ 16%]
------------------------------ live log teardown -------------------------------
20:45:11 [INFO] functional.conftest: [basalt] Quitting app after test: test_new_select_icon[basalt]

test/functional/test_button_icons.py::TestNewModeIcons::test_new_down_icon[basalt] 
-------------------------------- live log setup --------------------------------
20:45:13 [INFO] functional.conftest: [basalt] Opening app for test: test_new_down_icon[basalt]
20:45:13 [INFO] functional.conftest: [basalt] Opening app via install (preserving state)
20:45:13 [INFO] functional.conftest: [basalt] Installing app on emulator
20:45:16 [INFO] functional.conftest: [basalt] App installed and transport connected
20:45:16 [INFO] functional.conftest: [basalt] App opened via install
PASSED                                                                   [ 16%]
------------------------------ live log teardown -------------------------------
20:45:17 [INFO] functional.conftest: [basalt] Quitting app after test: test_new_down_icon[basalt]

test/functional/test_button_icons.py::TestNewModeIcons::test_new_long_up_direction_toggle[basalt] 
-------------------------------- live log setup --------------------------------
20:45:19 [INFO] functional.conftest: [basalt] Opening app for test: test_new_long_up_direction_toggle[basalt]
20:45:19 [INFO] functional.conftest: [basalt] Opening app via install (preserving state)
20:45:19 [INFO] functional.conftest: [basalt] Installing app on emulator
20:45:22 [INFO] functional.conftest: [basalt] App installed and transport connected
20:45:22 [INFO] functional.conftest: [basalt] App opened via install
PASSED                                                                   [ 16%]
------------------------------ live log teardown -------------------------------
20:45:23 [INFO] functional.conftest: [basalt] Quitting app after test: test_new_long_up_direction_toggle[basalt]

test/functional/test_button_icons.py::TestNewModeIcons::test_new_long_select_icon[basalt] 
-------------------------------- live log setup --------------------------------
20:45:25 [INFO] functional.conftest: [basalt] Opening app for test: test_new_long_select_icon[basalt]
20:45:25 [INFO] functional.conftest: [basalt] Opening app via install (preserving state)
20:45:25 [INFO] functional.conftest: [basalt] Installing app on emulator
20:45:28 [INFO] functional.conftest: [basalt] App installed and transport connected
20:45:28 [INFO] functional.conftest: [basalt] App opened via install
SKIPPED (Long press select icon disabled due to display overlap (see...) [ 17%]
------------------------------ live log teardown -------------------------------
20:45:28 [INFO] functional.conftest: [basalt] Quitting app after test: test_new_long_select_icon[basalt]

test/functional/test_button_icons.py::TestNewModeIcons::test_new_long_down_icon[basalt] 
-------------------------------- live log setup --------------------------------
20:45:30 [INFO] functional.conftest: [basalt] Opening app for test: test_new_long_down_icon[basalt]
20:45:30 [INFO] functional.conftest: [basalt] Opening app via install (preserving state)
20:45:30 [INFO] functional.conftest: [basalt] Installing app on emulator
20:45:33 [INFO] functional.conftest: [basalt] App installed and transport connected
20:45:33 [INFO] functional.conftest: [basalt] App opened via install
PASSED                                                                   [ 17%]
------------------------------ live log teardown -------------------------------
20:45:34 [INFO] functional.conftest: [basalt] Quitting app after test: test_new_long_down_icon[basalt]

test/functional/test_button_icons.py::TestEditSecIcons::test_editsec_back_icon[basalt] 
-------------------------------- live log setup --------------------------------
20:45:36 [INFO] functional.conftest: [basalt] Opening app for test: test_editsec_back_icon[basalt]
20:45:36 [INFO] functional.conftest: [basalt] Opening app via install (preserving state)
20:45:36 [INFO] functional.conftest: [basalt] Installing app on emulator
20:45:39 [INFO] functional.conftest: [basalt] App installed and transport connected
20:45:39 [INFO] functional.conftest: [basalt] App opened via install
PASSED                                                                   [ 17%]
------------------------------ live log teardown -------------------------------
20:45:45 [INFO] functional.conftest: [basalt] Quitting app after test: test_editsec_back_icon[basalt]

test/functional/test_button_icons.py::TestEditSecIcons::test_editsec_up_icon[basalt] 
-------------------------------- live log setup --------------------------------
20:45:47 [INFO] functional.conftest: [basalt] Opening app for test: test_editsec_up_icon[basalt]
20:45:47 [INFO] functional.conftest: [basalt] Opening app via install (preserving state)
20:45:47 [INFO] functional.conftest: [basalt] Installing app on emulator
20:45:50 [INFO] functional.conftest: [basalt] App installed and transport connected
20:45:50 [INFO] functional.conftest: [basalt] App opened via install
PASSED                                                                   [ 17%]
------------------------------ live log teardown -------------------------------
20:45:56 [INFO] functional.conftest: [basalt] Quitting app after test: test_editsec_up_icon[basalt]

test/functional/test_button_icons.py::TestEditSecIcons::test_editsec_select_icon[basalt] 
-------------------------------- live log setup --------------------------------
20:45:58 [INFO] functional.conftest: [basalt] Opening app for test: test_editsec_select_icon[basalt]
20:45:58 [INFO] functional.conftest: [basalt] Opening app via install (preserving state)
20:45:58 [INFO] functional.conftest: [basalt] Installing app on emulator
20:46:00 [INFO] functional.conftest: [basalt] App installed and transport connected
20:46:00 [INFO] functional.conftest: [basalt] App opened via install
PASSED                                                                   [ 17%]
------------------------------ live log teardown -------------------------------
20:46:07 [INFO] functional.conftest: [basalt] Quitting app after test: test_editsec_select_icon[basalt]

test/functional/test_button_icons.py::TestEditSecIcons::test_editsec_down_icon[basalt] 
-------------------------------- live log setup --------------------------------
20:46:09 [INFO] functional.conftest: [basalt] Opening app for test: test_editsec_down_icon[basalt]
20:46:09 [INFO] functional.conftest: [basalt] Opening app via install (preserving state)
20:46:09 [INFO] functional.conftest: [basalt] Installing app on emulator
20:46:12 [INFO] functional.conftest: [basalt] App installed and transport connected
20:46:12 [INFO] functional.conftest: [basalt] App opened via install
PASSED                                                                   [ 18%]
------------------------------ live log teardown -------------------------------
20:46:18 [INFO] functional.conftest: [basalt] Quitting app after test: test_editsec_down_icon[basalt]

test/functional/test_button_icons.py::TestEditSecIcons::test_editsec_long_up_direction_toggle[basalt] 
-------------------------------- live log setup --------------------------------
20:46:20 [INFO] functional.conftest: [basalt] Opening app for test: test_editsec_long_up_direction_toggle[basalt]
20:46:20 [INFO] functional.conftest: [basalt] Opening app via install (preserving state)
20:46:20 [INFO] functional.conftest: [basalt] Installing app on emulator
20:46:23 [INFO] functional.conftest: [basalt] App installed and transport connected
20:46:23 [INFO] functional.conftest: [basalt] App opened via install
PASSED                                                                   [ 18%]
------------------------------ live log teardown -------------------------------
20:46:29 [INFO] functional.conftest: [basalt] Quitting app after test: test_editsec_long_up_direction_toggle[basalt]

test/functional/test_button_icons.py::TestCountingIcons::test_counting_back_icon[basalt] 
-------------------------------- live log setup --------------------------------
20:46:31 [INFO] functional.conftest: [basalt] Opening app for test: test_counting_back_icon[basalt]
20:46:31 [INFO] functional.conftest: [basalt] Opening app via install (preserving state)
20:46:31 [INFO] functional.conftest: [basalt] Installing app on emulator
20:46:33 [INFO] functional.conftest: [basalt] App installed and transport connected
20:46:33 [INFO] functional.conftest: [basalt] App opened via install
PASSED                                                                   [ 18%]
------------------------------ live log teardown -------------------------------
20:46:40 [INFO] functional.conftest: [basalt] Quitting app after test: test_counting_back_icon[basalt]

test/functional/test_button_icons.py::TestCountingIcons::test_counting_up_icon[basalt] 
-------------------------------- live log setup --------------------------------
20:46:42 [INFO] functional.conftest: [basalt] Opening app for test: test_counting_up_icon[basalt]
20:46:42 [INFO] functional.conftest: [basalt] Opening app via install (preserving state)
20:46:42 [INFO] functional.conftest: [basalt] Installing app on emulator
20:46:44 [INFO] functional.conftest: [basalt] App installed and transport connected
20:46:44 [INFO] functional.conftest: [basalt] App opened via install
PASSED                                                                   [ 18%]
------------------------------ live log teardown -------------------------------
20:46:50 [INFO] functional.conftest: [basalt] Quitting app after test: test_counting_up_icon[basalt]

test/functional/test_button_icons.py::TestCountingIcons::test_counting_select_icon[basalt] 
-------------------------------- live log setup --------------------------------
20:46:52 [INFO] functional.conftest: [basalt] Opening app for test: test_counting_select_icon[basalt]
20:46:52 [INFO] functional.conftest: [basalt] Opening app via install (preserving state)
20:46:52 [INFO] functional.conftest: [basalt] Installing app on emulator
20:46:55 [INFO] functional.conftest: [basalt] App installed and transport connected
20:46:55 [INFO] functional.conftest: [basalt] App opened via install
PASSED                                                                   [ 19%]
------------------------------ live log teardown -------------------------------
20:47:01 [INFO] functional.conftest: [basalt] Quitting app after test: test_counting_select_icon[basalt]

test/functional/test_button_icons.py::TestCountingIcons::test_counting_down_icon[basalt] 
-------------------------------- live log setup --------------------------------
20:47:02 [INFO] functional.conftest: [basalt] Opening app for test: test_counting_down_icon[basalt]
20:47:02 [INFO] functional.conftest: [basalt] Opening app via install (preserving state)
20:47:02 [INFO] functional.conftest: [basalt] Installing app on emulator
20:47:05 [INFO] functional.conftest: [basalt] App installed and transport connected
20:47:05 [INFO] functional.conftest: [basalt] App opened via install
PASSED                                                                   [ 19%]
------------------------------ live log teardown -------------------------------
20:47:11 [INFO] functional.conftest: [basalt] Quitting app after test: test_counting_down_icon[basalt]

test/functional/test_button_icons.py::TestCountingIcons::test_counting_long_up_icon[basalt] 
-------------------------------- live log setup --------------------------------
20:47:13 [INFO] functional.conftest: [basalt] Opening app for test: test_counting_long_up_icon[basalt]
20:47:13 [INFO] functional.conftest: [basalt] Opening app via install (preserving state)
20:47:13 [INFO] functional.conftest: [basalt] Installing app on emulator
20:47:15 [INFO] functional.conftest: [basalt] App installed and transport connected
20:47:15 [INFO] functional.conftest: [basalt] App opened via install
PASSED                                                                   [ 19%]
------------------------------ live log teardown -------------------------------
20:47:21 [INFO] functional.conftest: [basalt] Quitting app after test: test_counting_long_up_icon[basalt]

test/functional/test_button_icons.py::TestCountingIcons::test_counting_long_select_icon[basalt] 
-------------------------------- live log setup --------------------------------
20:47:23 [INFO] functional.conftest: [basalt] Opening app for test: test_counting_long_select_icon[basalt]
20:47:23 [INFO] functional.conftest: [basalt] Opening app via install (preserving state)
20:47:23 [INFO] functional.conftest: [basalt] Installing app on emulator
20:47:26 [INFO] functional.conftest: [basalt] App installed and transport connected
20:47:26 [INFO] functional.conftest: [basalt] App opened via install
SKIPPED (Long press select icon disabled due to display overlap (see...) [ 19%]
------------------------------ live log teardown -------------------------------
20:47:26 [INFO] functional.conftest: [basalt] Quitting app after test: test_counting_long_select_icon[basalt]

test/functional/test_button_icons.py::TestCountingIcons::test_counting_long_down_icon[basalt] 
-------------------------------- live log setup --------------------------------
20:47:28 [INFO] functional.conftest: [basalt] Opening app for test: test_counting_long_down_icon[basalt]
20:47:28 [INFO] functional.conftest: [basalt] Opening app via install (preserving state)
20:47:28 [INFO] functional.conftest: [basalt] Installing app on emulator
20:47:31 [INFO] functional.conftest: [basalt] App installed and transport connected
20:47:31 [INFO] functional.conftest: [basalt] App opened via install
PASSED                                                                   [ 19%]
------------------------------ live log teardown -------------------------------
20:47:37 [INFO] functional.conftest: [basalt] Quitting app after test: test_counting_long_down_icon[basalt]

test/functional/test_button_icons.py::TestPausedIcons::test_paused_select_icon_play[basalt] 
-------------------------------- live log setup --------------------------------
20:47:39 [INFO] functional.conftest: [basalt] Opening app for test: test_paused_select_icon_play[basalt]
20:47:39 [INFO] functional.conftest: [basalt] Opening app via install (preserving state)
20:47:39 [INFO] functional.conftest: [basalt] Installing app on emulator
20:47:41 [INFO] functional.conftest: [basalt] App installed and transport connected
20:47:41 [INFO] functional.conftest: [basalt] App opened via install
PASSED                                                                   [ 20%]
------------------------------ live log teardown -------------------------------
20:47:48 [INFO] functional.conftest: [basalt] Quitting app after test: test_paused_select_icon_play[basalt]

test/functional/test_button_icons.py::TestChronoIcons::test_chrono_select_icon[basalt] 
-------------------------------- live log setup --------------------------------
20:47:50 [INFO] functional.conftest: [basalt] Opening app for test: test_chrono_select_icon[basalt]
20:47:50 [INFO] functional.conftest: [basalt] Opening app via install (preserving state)
20:47:50 [INFO] functional.conftest: [basalt] Installing app on emulator
20:47:53 [INFO] functional.conftest: [basalt] App installed and transport connected
20:47:53 [INFO] functional.conftest: [basalt] App opened via install
-------------------------------- live log call ---------------------------------
20:47:54 [INFO] functional.test_button_icons: [basalt] Setting up 4s timer for icon test
20:48:01 [INFO] functional.test_button_icons: [basalt] Short timer set to 4s, waiting for expire
20:48:06 [INFO] functional.test_button_icons: [basalt] Short timer started, counting down from 4s
20:48:14 [INFO] functional.test_button_icons: Chrono mode state: {'event': 'button_down', 't': '0:04', 'm': 'Counting', 'r': '0', 'p': '0', 'v': '0', 'd': '1', 'l': '0', 'c': '1', 'bl': '4000', 'tl': '4000'}
PASSED                                                                   [ 20%]
------------------------------ live log teardown -------------------------------
20:48:14 [INFO] functional.conftest: [basalt] Quitting app after test: test_chrono_select_icon[basalt]

test/functional/test_button_icons.py::TestChronoIcons::test_chrono_long_select_icon[basalt] 
-------------------------------- live log setup --------------------------------
20:48:16 [INFO] functional.conftest: [basalt] Opening app for test: test_chrono_long_select_icon[basalt]
20:48:16 [INFO] functional.conftest: [basalt] Opening app via install (preserving state)
20:48:16 [INFO] functional.conftest: [basalt] Installing app on emulator
20:48:19 [INFO] functional.conftest: [basalt] App installed and transport connected
20:48:19 [INFO] functional.conftest: [basalt] App opened via install
SKIPPED (Long press select icon disabled due to display overlap (see...) [ 20%]
------------------------------ live log teardown -------------------------------
20:48:19 [INFO] functional.conftest: [basalt] Quitting app after test: test_chrono_long_select_icon[basalt]

test/functional/test_button_icons.py::TestEditRepeatIcons::test_editrepeat_back_icon[basalt] 
-------------------------------- live log setup --------------------------------
20:48:21 [INFO] functional.conftest: [basalt] Opening app for test: test_editrepeat_back_icon[basalt]
20:48:21 [INFO] functional.conftest: [basalt] Opening app via install (preserving state)
20:48:21 [INFO] functional.conftest: [basalt] Installing app on emulator
20:48:24 [INFO] functional.conftest: [basalt] App installed and transport connected
20:48:24 [INFO] functional.conftest: [basalt] App opened via install
PASSED                                                                   [ 20%]
------------------------------ live log teardown -------------------------------
20:48:32 [INFO] functional.conftest: [basalt] Quitting app after test: test_editrepeat_back_icon[basalt]

test/functional/test_button_icons.py::TestEditRepeatIcons::test_editrepeat_up_icon[basalt] 
-------------------------------- live log setup --------------------------------
20:48:34 [INFO] functional.conftest: [basalt] Opening app for test: test_editrepeat_up_icon[basalt]
20:48:34 [INFO] functional.conftest: [basalt] Opening app via install (preserving state)
20:48:34 [INFO] functional.conftest: [basalt] Installing app on emulator
20:48:36 [INFO] functional.conftest: [basalt] App installed and transport connected
20:48:36 [INFO] functional.conftest: [basalt] App opened via install
-------------------------------- live log call ---------------------------------
20:48:45 [INFO] functional.test_button_icons: No reference found for 'editrepeat_up' (auto_save=False)
PASSED                                                                   [ 21%]
------------------------------ live log teardown -------------------------------
20:48:45 [INFO] functional.conftest: [basalt] Quitting app after test: test_editrepeat_up_icon[basalt]

test/functional/test_button_icons.py::TestEditRepeatIcons::test_editrepeat_select_icon[basalt] 
-------------------------------- live log setup --------------------------------
20:48:46 [INFO] functional.conftest: [basalt] Opening app for test: test_editrepeat_select_icon[basalt]
20:48:46 [INFO] functional.conftest: [basalt] Opening app via install (preserving state)
20:48:46 [INFO] functional.conftest: [basalt] Installing app on emulator
20:48:49 [INFO] functional.conftest: [basalt] App installed and transport connected
20:48:49 [INFO] functional.conftest: [basalt] App opened via install
PASSED                                                                   [ 21%]
------------------------------ live log teardown -------------------------------
20:48:57 [INFO] functional.conftest: [basalt] Quitting app after test: test_editrepeat_select_icon[basalt]

test/functional/test_button_icons.py::TestEditRepeatIcons::test_editrepeat_down_icon[basalt] 
-------------------------------- live log setup --------------------------------
20:48:59 [INFO] functional.conftest: [basalt] Opening app for test: test_editrepeat_down_icon[basalt]
20:48:59 [INFO] functional.conftest: [basalt] Opening app via install (preserving state)
20:48:59 [INFO] functional.conftest: [basalt] Installing app on emulator
20:49:02 [INFO] functional.conftest: [basalt] App installed and transport connected
20:49:02 [INFO] functional.conftest: [basalt] App opened via install
PASSED                                                                   [ 21%]
------------------------------ live log teardown -------------------------------
20:49:10 [INFO] functional.conftest: [basalt] Quitting app after test: test_editrepeat_down_icon[basalt]

test/functional/test_button_icons.py::TestAlarmIcons::test_alarm_back_icon_silence[chalk] 
-------------------------------- live log setup --------------------------------
20:49:11 [INFO] functional.test_button_icons: [basalt] Tearing down - killing emulator
SKIPPED (Skipping test for chalk since --platform=basalt was specified.) [ 21%]
test/functional/test_button_icons.py::TestAlarmIcons::test_alarm_up_icon_edit[chalk] SKIPPED [ 21%]
test/functional/test_button_icons.py::TestAlarmIcons::test_alarm_long_up_icon_reset[chalk] SKIPPED [ 22%]
test/functional/test_button_icons.py::TestAlarmIcons::test_alarm_select_icon_pause[chalk] SKIPPED [ 22%]
test/functional/test_button_icons.py::TestAlarmIcons::test_alarm_down_icon_snooze[chalk] SKIPPED [ 22%]
test/functional/test_button_icons.py::TestNewModeIcons::test_new_back_icon[chalk] SKIPPED [ 22%]
test/functional/test_button_icons.py::TestNewModeIcons::test_new_up_icon[chalk] SKIPPED [ 23%]
test/functional/test_button_icons.py::TestNewModeIcons::test_new_select_icon[chalk] SKIPPED [ 23%]
test/functional/test_button_icons.py::TestNewModeIcons::test_new_down_icon[chalk] SKIPPED [ 23%]
test/functional/test_button_icons.py::TestNewModeIcons::test_new_long_up_direction_toggle[chalk] SKIPPED [ 23%]
test/functional/test_button_icons.py::TestNewModeIcons::test_new_long_select_icon[chalk] SKIPPED [ 23%]
test/functional/test_button_icons.py::TestNewModeIcons::test_new_long_down_icon[chalk] SKIPPED [ 24%]
test/functional/test_button_icons.py::TestEditSecIcons::test_editsec_back_icon[chalk] SKIPPED [ 24%]
test/functional/test_button_icons.py::TestEditSecIcons::test_editsec_up_icon[chalk] SKIPPED [ 24%]
test/functional/test_button_icons.py::TestEditSecIcons::test_editsec_select_icon[chalk] SKIPPED [ 24%]
test/functional/test_button_icons.py::TestEditSecIcons::test_editsec_down_icon[chalk] SKIPPED [ 25%]
test/functional/test_button_icons.py::TestEditSecIcons::test_editsec_long_up_direction_toggle[chalk] SKIPPED [ 25%]
test/functional/test_button_icons.py::TestCountingIcons::test_counting_back_icon[chalk] SKIPPED [ 25%]
test/functional/test_button_icons.py::TestCountingIcons::test_counting_up_icon[chalk] SKIPPED [ 25%]
test/functional/test_button_icons.py::TestCountingIcons::test_counting_select_icon[chalk] SKIPPED [ 25%]
test/functional/test_button_icons.py::TestCountingIcons::test_counting_down_icon[chalk] SKIPPED [ 26%]
test/functional/test_button_icons.py::TestCountingIcons::test_counting_long_up_icon[chalk] SKIPPED [ 26%]
test/functional/test_button_icons.py::TestCountingIcons::test_counting_long_select_icon[chalk] SKIPPED [ 26%]
test/functional/test_button_icons.py::TestCountingIcons::test_counting_long_down_icon[chalk] SKIPPED [ 26%]
test/functional/test_button_icons.py::TestPausedIcons::test_paused_select_icon_play[chalk] SKIPPED [ 26%]
test/functional/test_button_icons.py::TestChronoIcons::test_chrono_select_icon[chalk] SKIPPED [ 27%]
test/functional/test_button_icons.py::TestChronoIcons::test_chrono_long_select_icon[chalk] SKIPPED [ 27%]
test/functional/test_button_icons.py::TestEditRepeatIcons::test_editrepeat_back_icon[chalk] SKIPPED [ 27%]
test/functional/test_button_icons.py::TestEditRepeatIcons::test_editrepeat_up_icon[chalk] SKIPPED [ 27%]
test/functional/test_button_icons.py::TestEditRepeatIcons::test_editrepeat_select_icon[chalk] SKIPPED [ 28%]
test/functional/test_button_icons.py::TestEditRepeatIcons::test_editrepeat_down_icon[chalk] SKIPPED [ 28%]
test/functional/test_button_icons.py::TestAlarmIcons::test_alarm_back_icon_silence[diorite] SKIPPED [ 28%]
test/functional/test_button_icons.py::TestAlarmIcons::test_alarm_up_icon_edit[diorite] SKIPPED [ 28%]
test/functional/test_button_icons.py::TestAlarmIcons::test_alarm_long_up_icon_reset[diorite] SKIPPED [ 28%]
test/functional/test_button_icons.py::TestAlarmIcons::test_alarm_select_icon_pause[diorite] SKIPPED [ 29%]
test/functional/test_button_icons.py::TestAlarmIcons::test_alarm_down_icon_snooze[diorite] SKIPPED [ 29%]
test/functional/test_button_icons.py::TestNewModeIcons::test_new_back_icon[diorite] SKIPPED [ 29%]
test/functional/test_button_icons.py::TestNewModeIcons::test_new_up_icon[diorite] SKIPPED [ 29%]
test/functional/test_button_icons.py::TestNewModeIcons::test_new_select_icon[diorite] SKIPPED [ 30%]
test/functional/test_button_icons.py::TestNewModeIcons::test_new_down_icon[diorite] SKIPPED [ 30%]
test/functional/test_button_icons.py::TestNewModeIcons::test_new_long_up_direction_toggle[diorite] SKIPPED [ 30%]
test/functional/test_button_icons.py::TestNewModeIcons::test_new_long_select_icon[diorite] SKIPPED [ 30%]
test/functional/test_button_icons.py::TestNewModeIcons::test_new_long_down_icon[diorite] SKIPPED [ 30%]
test/functional/test_button_icons.py::TestEditSecIcons::test_editsec_back_icon[diorite] SKIPPED [ 31%]
test/functional/test_button_icons.py::TestEditSecIcons::test_editsec_up_icon[diorite] SKIPPED [ 31%]
test/functional/test_button_icons.py::TestEditSecIcons::test_editsec_select_icon[diorite] SKIPPED [ 31%]
test/functional/test_button_icons.py::TestEditSecIcons::test_editsec_down_icon[diorite] SKIPPED [ 31%]
test/functional/test_button_icons.py::TestEditSecIcons::test_editsec_long_up_direction_toggle[diorite] SKIPPED [ 32%]
test/functional/test_button_icons.py::TestCountingIcons::test_counting_back_icon[diorite] SKIPPED [ 32%]
test/functional/test_button_icons.py::TestCountingIcons::test_counting_up_icon[diorite] SKIPPED [ 32%]
test/functional/test_button_icons.py::TestCountingIcons::test_counting_select_icon[diorite] SKIPPED [ 32%]
test/functional/test_button_icons.py::TestCountingIcons::test_counting_down_icon[diorite] SKIPPED [ 32%]
test/functional/test_button_icons.py::TestCountingIcons::test_counting_long_up_icon[diorite] SKIPPED [ 33%]
test/functional/test_button_icons.py::TestCountingIcons::test_counting_long_select_icon[diorite] SKIPPED [ 33%]
test/functional/test_button_icons.py::TestCountingIcons::test_counting_long_down_icon[diorite] SKIPPED [ 33%]
test/functional/test_button_icons.py::TestPausedIcons::test_paused_select_icon_play[diorite] SKIPPED [ 33%]
test/functional/test_button_icons.py::TestChronoIcons::test_chrono_select_icon[diorite] SKIPPED [ 33%]
test/functional/test_button_icons.py::TestChronoIcons::test_chrono_long_select_icon[diorite] SKIPPED [ 34%]
test/functional/test_button_icons.py::TestEditRepeatIcons::test_editrepeat_back_icon[diorite] SKIPPED [ 34%]
test/functional/test_button_icons.py::TestEditRepeatIcons::test_editrepeat_up_icon[diorite] SKIPPED [ 34%]
test/functional/test_button_icons.py::TestEditRepeatIcons::test_editrepeat_select_icon[diorite] SKIPPED [ 34%]
test/functional/test_button_icons.py::TestEditRepeatIcons::test_editrepeat_down_icon[diorite] SKIPPED [ 35%]
test/functional/test_create_timer.py::TestCreateTimer::test_create_2_minute_timer[aplite] SKIPPED [ 35%]
test/functional/test_create_timer.py::TestCreateTimer::test_initial_state_shows_new[aplite] SKIPPED [ 35%]
test/functional/test_create_timer.py::TestCreateTimer::test_down_button_increments_minutes[aplite] SKIPPED [ 35%]
test/functional/test_create_timer.py::TestButtonPresses::test_up_button_increments_20_minutes[aplite] SKIPPED [ 35%]
test/functional/test_create_timer.py::TestButtonPresses::test_select_button_increments_5_minutes[aplite] SKIPPED [ 36%]
test/functional/test_create_timer.py::TestTimerCountdown::test_timer_counts_down[aplite] SKIPPED [ 36%]
test/functional/test_create_timer.py::TestTimerCountdown::test_timer_transitions_to_counting_mode[aplite] SKIPPED [ 36%]
test/functional/test_create_timer.py::TestChronoMode::test_chrono_mode_counts_up[aplite] SKIPPED [ 36%]
test/functional/test_create_timer.py::TestPlayPause::test_select_toggles_play_pause_in_counting_mode[aplite] SKIPPED [ 37%]
test/functional/test_create_timer.py::TestTimerStartsImmediately::test_timer_counts_down_during_setup[aplite] SKIPPED [ 37%]
test/functional/test_create_timer.py::TestTimerStartsImmediately::test_chrono_has_elapsed_time_when_mode_expires[aplite] SKIPPED [ 37%]
test/functional/test_create_timer.py::TestLongPressReset::test_long_press_select_resets_timer[aplite] SKIPPED [ 37%]
test/functional/test_create_timer.py::TestCreateTimer::test_create_2_minute_timer[basalt] 
-------------------------------- live log setup --------------------------------
20:49:15 [INFO] functional.conftest: [basalt] Starting warm-up cycle to clear stale state
20:49:18 [INFO] functional.conftest: [basalt] Installing app on emulator
20:49:27 [INFO] functional.conftest: [basalt] App installed and transport connected
20:49:27 [INFO] functional.conftest: [basalt] Waiting for emulator to stabilize (2s)
20:49:29 [INFO] functional.conftest: [basalt] Holding down button to quit app and set persist state
20:49:30 [INFO] functional.conftest: [basalt] App quit via long press, persist state set
20:49:30 [INFO] functional.conftest: [basalt] Emulator ready for tests
20:49:30 [INFO] functional.conftest: [basalt] Opening app for test: test_create_2_minute_timer[basalt]
20:49:30 [INFO] functional.conftest: [basalt] Opening app via install (preserving state)
20:49:30 [INFO] functional.conftest: [basalt] Installing app on emulator
20:49:33 [INFO] functional.conftest: [basalt] App installed and transport connected
20:49:33 [INFO] functional.conftest: [basalt] App opened via install
-------------------------------- live log call ---------------------------------
20:49:35 [INFO] functional.test_create_timer: After 2 Down presses - state: {'event': 'button_down', 't': '1:57', 'm': 'New', 'r': '0', 'p': '0', 'v': '0', 'd': '1', 'l': '1', 'c': '0', 'bl': '60000', 'tl': '120000'}
PASSED                                                                   [ 37%]
------------------------------ live log teardown -------------------------------
20:49:35 [INFO] functional.conftest: [basalt] Quitting app after test: test_create_2_minute_timer[basalt]

test/functional/test_create_timer.py::TestCreateTimer::test_initial_state_shows_new[basalt] 
-------------------------------- live log setup --------------------------------
20:49:37 [INFO] functional.conftest: [basalt] Opening app for test: test_initial_state_shows_new[basalt]
20:49:37 [INFO] functional.conftest: [basalt] Opening app via install (preserving state)
20:49:37 [INFO] functional.conftest: [basalt] Installing app on emulator
20:49:40 [INFO] functional.conftest: [basalt] App installed and transport connected
20:49:40 [INFO] functional.conftest: [basalt] App opened via install
-------------------------------- live log call ---------------------------------
20:49:44 [INFO] functional.test_create_timer: Initial state text: +1h 1 +20 New -d:pi 20*49 +Im
PASSED                                                                   [ 38%]
------------------------------ live log teardown -------------------------------
20:49:44 [INFO] functional.conftest: [basalt] Quitting app after test: test_initial_state_shows_new[basalt]

test/functional/test_create_timer.py::TestCreateTimer::test_down_button_increments_minutes[basalt] 
-------------------------------- live log setup --------------------------------
20:49:46 [INFO] functional.conftest: [basalt] Opening app for test: test_down_button_increments_minutes[basalt]
20:49:46 [INFO] functional.conftest: [basalt] Opening app via install (preserving state)
20:49:46 [INFO] functional.conftest: [basalt] Installing app on emulator
20:49:49 [INFO] functional.conftest: [basalt] App installed and transport connected
20:49:49 [INFO] functional.conftest: [basalt] App opened via install
-------------------------------- live log call ---------------------------------
20:49:53 [INFO] functional.test_create_timer: After 3 Down presses: #1m 1 +20 New 2.57 6 20.52 +Im III
PASSED                                                                   [ 38%]
------------------------------ live log teardown -------------------------------
20:49:53 [INFO] functional.conftest: [basalt] Quitting app after test: test_down_button_increments_minutes[basalt]

test/functional/test_create_timer.py::TestButtonPresses::test_up_button_increments_20_minutes[basalt] 
-------------------------------- live log setup --------------------------------
20:49:55 [INFO] functional.conftest: [basalt] Opening app for test: test_up_button_increments_20_minutes[basalt]
20:49:55 [INFO] functional.conftest: [basalt] Opening app via install (preserving state)
20:49:55 [INFO] functional.conftest: [basalt] Installing app on emulator
20:49:58 [INFO] functional.conftest: [basalt] App installed and transport connected
20:49:58 [INFO] functional.conftest: [basalt] App opened via install
-------------------------------- live log call ---------------------------------
20:50:00 [INFO] functional.test_create_timer: After Up press - state: {'event': 'button_up', 't': '19:58', 'm': 'New', 'r': '0', 'p': '0', 'v': '0', 'd': '1', 'l': '1', 'c': '0', 'bl': '1200000', 'tl': '1200000'}
PASSED                                                                   [ 38%]
------------------------------ live log teardown -------------------------------
20:50:00 [INFO] functional.conftest: [basalt] Quitting app after test: test_up_button_increments_20_minutes[basalt]

test/functional/test_create_timer.py::TestButtonPresses::test_select_button_increments_5_minutes[basalt] 
-------------------------------- live log setup --------------------------------
20:50:02 [INFO] functional.conftest: [basalt] Opening app for test: test_select_button_increments_5_minutes[basalt]
20:50:02 [INFO] functional.conftest: [basalt] Opening app via install (preserving state)
20:50:02 [INFO] functional.conftest: [basalt] Installing app on emulator
20:50:04 [INFO] functional.conftest: [basalt] App installed and transport connected
20:50:04 [INFO] functional.conftest: [basalt] App opened via install
-------------------------------- live log call ---------------------------------
20:50:08 [INFO] functional.test_create_timer: After Select press: #1m 1 +20 New 4.658 5 20.55 i III}
20:50:08 [INFO] functional.test_create_timer:   normalized: 1 1 20  4:658 5 20:55  111
PASSED                                                                   [ 38%]
------------------------------ live log teardown -------------------------------
20:50:08 [INFO] functional.conftest: [basalt] Quitting app after test: test_select_button_increments_5_minutes[basalt]

test/functional/test_create_timer.py::TestTimerCountdown::test_timer_counts_down[basalt] 
-------------------------------- live log setup --------------------------------
20:50:10 [INFO] functional.conftest: [basalt] Opening app for test: test_timer_counts_down[basalt]
20:50:10 [INFO] functional.conftest: [basalt] Opening app via install (preserving state)
20:50:10 [INFO] functional.conftest: [basalt] Installing app on emulator
20:50:13 [INFO] functional.conftest: [basalt] App installed and transport connected
20:50:13 [INFO] functional.conftest: [basalt] App opened via install
-------------------------------- live log call ---------------------------------
20:50:26 [INFO] functional.test_create_timer: Countdown start text: 9 e 01.00 0:64 20.50 Ker M J
20:50:28 [INFO] functional.test_create_timer: After 5s text:  e 01.00 0:4 20.50 Ker M J
PASSED                                                                   [ 39%]
------------------------------ live log teardown -------------------------------
20:50:28 [INFO] functional.conftest: [basalt] Quitting app after test: test_timer_counts_down[basalt]

test/functional/test_create_timer.py::TestTimerCountdown::test_timer_transitions_to_counting_mode[basalt] 
-------------------------------- live log setup --------------------------------
20:50:30 [INFO] functional.conftest: [basalt] Opening app for test: test_timer_transitions_to_counting_mode[basalt]
20:50:30 [INFO] functional.conftest: [basalt] Opening app via install (preserving state)
20:50:30 [INFO] functional.conftest: [basalt] Installing app on emulator
20:50:33 [INFO] functional.conftest: [basalt] App installed and transport connected
20:50:33 [INFO] functional.conftest: [basalt] App opened via install
-------------------------------- live log call ---------------------------------
20:50:35 [INFO] functional.test_create_timer: After Down press state: {'event': 'button_down', 't': '0:58', 'm': 'New', 'r': '0', 'p': '0', 'v': '0', 'd': '1', 'l': '1', 'c': '0', 'bl': '60000', 'tl': '60000'}
20:50:37 [INFO] functional.test_create_timer: After transition state: {'event': 'mode_change', 't': '0:55', 'm': 'Counting', 'r': '0', 'p': '0', 'v': '0', 'd': '1', 'l': '0', 'c': '0', 'bl': '60000', 'tl': '60000'}
PASSED                                                                   [ 39%]
------------------------------ live log teardown -------------------------------
20:50:37 [INFO] functional.conftest: [basalt] Quitting app after test: test_timer_transitions_to_counting_mode[basalt]

test/functional/test_create_timer.py::TestChronoMode::test_chrono_mode_counts_up[basalt] 
-------------------------------- live log setup --------------------------------
20:50:39 [INFO] functional.conftest: [basalt] Opening app for test: test_chrono_mode_counts_up[basalt]
20:50:39 [INFO] functional.conftest: [basalt] Opening app via install (preserving state)
20:50:39 [INFO] functional.conftest: [basalt] Installing app on emulator
20:50:42 [INFO] functional.conftest: [basalt] App installed and transport connected
20:50:42 [INFO] functional.conftest: [basalt] App opened via install
-------------------------------- live log call ---------------------------------
20:50:52 [INFO] functional.test_create_timer: Chrono mode start: e O0;00--> 04 20.50 M %
20:50:54 [INFO] functional.test_create_timer: Chrono after 3s: @ Oo;00--> d:E 20.50 M %
PASSED                                                                   [ 39%]
------------------------------ live log teardown -------------------------------
20:50:54 [INFO] functional.conftest: [basalt] Quitting app after test: test_chrono_mode_counts_up[basalt]

test/functional/test_create_timer.py::TestPlayPause::test_select_toggles_play_pause_in_counting_mode[basalt] 
-------------------------------- live log setup --------------------------------
20:50:56 [INFO] functional.conftest: [basalt] Opening app for test: test_select_toggles_play_pause_in_counting_mode[basalt]
20:50:56 [INFO] functional.conftest: [basalt] Opening app via install (preserving state)
20:50:56 [INFO] functional.conftest: [basalt] Installing app on emulator
20:50:59 [INFO] functional.conftest: [basalt] App installed and transport connected
20:50:59 [INFO] functional.conftest: [basalt] App opened via install
-------------------------------- live log call ---------------------------------
20:51:04 [INFO] functional.test_create_timer: Paused at: 0:54
20:51:06 [INFO] functional.test_create_timer: Still paused at: 0:54
20:51:06 [INFO] functional.test_create_timer: Resumed at: 0:54
20:51:09 [INFO] functional.test_create_timer: After resume: 0:52
PASSED                                                                   [ 39%]
------------------------------ live log teardown -------------------------------
20:51:09 [INFO] functional.conftest: [basalt] Quitting app after test: test_select_toggles_play_pause_in_counting_mode[basalt]

test/functional/test_create_timer.py::TestTimerStartsImmediately::test_timer_counts_down_during_setup[basalt] 
-------------------------------- live log setup --------------------------------
20:51:11 [INFO] functional.conftest: [basalt] Opening app for test: test_timer_counts_down_during_setup[basalt]
20:51:11 [INFO] functional.conftest: [basalt] Opening app via install (preserving state)
20:51:11 [INFO] functional.conftest: [basalt] Installing app on emulator
20:51:13 [INFO] functional.conftest: [basalt] App installed and transport connected
20:51:13 [INFO] functional.conftest: [basalt] App opened via install
-------------------------------- live log call ---------------------------------
20:51:28 [INFO] functional.test_create_timer: After 6 Down presses with 2s delays - state: {'event': 'button_down', 't': '5:46', 'm': 'New', 'r': '0', 'p': '0', 'v': '0', 'd': '1', 'l': '1', 'c': '0', 'bl': '60000', 'tl': '360000'}
PASSED                                                                   [ 39%]
------------------------------ live log teardown -------------------------------
20:51:28 [INFO] functional.conftest: [basalt] Quitting app after test: test_timer_counts_down_during_setup[basalt]

test/functional/test_create_timer.py::TestTimerStartsImmediately::test_chrono_has_elapsed_time_when_mode_expires[basalt] 
-------------------------------- live log setup --------------------------------
20:51:30 [INFO] functional.conftest: [basalt] Opening app for test: test_chrono_has_elapsed_time_when_mode_expires[basalt]
20:51:30 [INFO] functional.conftest: [basalt] Opening app via install (preserving state)
20:51:30 [INFO] functional.conftest: [basalt] Installing app on emulator
20:51:33 [INFO] functional.conftest: [basalt] App installed and transport connected
20:51:33 [INFO] functional.conftest: [basalt] App opened via install
-------------------------------- live log call ---------------------------------
20:51:36 [INFO] functional.test_create_timer: Mode change state: {'event': 'mode_change', 't': '0:02', 'm': 'Counting', 'r': '0', 'p': '0', 'v': '0', 'd': '1', 'l': '0', 'c': '1', 'bl': '0', 'tl': '0'}
PASSED                                                                   [ 40%]
------------------------------ live log teardown -------------------------------
20:51:36 [INFO] functional.conftest: [basalt] Quitting app after test: test_chrono_has_elapsed_time_when_mode_expires[basalt]

test/functional/test_create_timer.py::TestLongPressReset::test_long_press_select_resets_timer[basalt] 
-------------------------------- live log setup --------------------------------
20:51:38 [INFO] functional.conftest: [basalt] Opening app for test: test_long_press_select_resets_timer[basalt]
20:51:38 [INFO] functional.conftest: [basalt] Opening app via install (preserving state)
20:51:38 [INFO] functional.conftest: [basalt] Installing app on emulator
20:51:40 [INFO] functional.conftest: [basalt] App installed and transport connected
20:51:40 [INFO] functional.conftest: [basalt] App opened via install
-------------------------------- live log call ---------------------------------
20:51:51 [INFO] functional.test_create_timer: Before reset: 9 e 20;00 19:64m 20.51 Ker M 4
20:51:53 [INFO] functional.test_create_timer: After reset: 9 e 20;00 19:67 20.51 Ker M 4
PASSED                                                                   [ 40%]
------------------------------ live log teardown -------------------------------
20:51:53 [INFO] functional.conftest: [basalt] Quitting app after test: test_long_press_select_resets_timer[basalt]

test/functional/test_create_timer.py::TestCreateTimer::test_create_2_minute_timer[chalk] 
-------------------------------- live log setup --------------------------------
20:51:55 [INFO] functional.conftest: [basalt] Tearing down - killing emulator
SKIPPED (Skipping test for chalk since --platform=basalt was specified.) [ 40%]
test/functional/test_create_timer.py::TestCreateTimer::test_initial_state_shows_new[chalk] SKIPPED [ 40%]
test/functional/test_create_timer.py::TestCreateTimer::test_down_button_increments_minutes[chalk] SKIPPED [ 41%]
test/functional/test_create_timer.py::TestButtonPresses::test_up_button_increments_20_minutes[chalk] SKIPPED [ 41%]
test/functional/test_create_timer.py::TestButtonPresses::test_select_button_increments_5_minutes[chalk] SKIPPED [ 41%]
test/functional/test_create_timer.py::TestTimerCountdown::test_timer_counts_down[chalk] SKIPPED [ 41%]
test/functional/test_create_timer.py::TestTimerCountdown::test_timer_transitions_to_counting_mode[chalk] SKIPPED [ 41%]
test/functional/test_create_timer.py::TestChronoMode::test_chrono_mode_counts_up[chalk] SKIPPED [ 42%]
test/functional/test_create_timer.py::TestPlayPause::test_select_toggles_play_pause_in_counting_mode[chalk] SKIPPED [ 42%]
test/functional/test_create_timer.py::TestTimerStartsImmediately::test_timer_counts_down_during_setup[chalk] SKIPPED [ 42%]
test/functional/test_create_timer.py::TestTimerStartsImmediately::test_chrono_has_elapsed_time_when_mode_expires[chalk] SKIPPED [ 42%]
test/functional/test_create_timer.py::TestLongPressReset::test_long_press_select_resets_timer[chalk] SKIPPED [ 42%]
test/functional/test_create_timer.py::TestCreateTimer::test_create_2_minute_timer[diorite] SKIPPED [ 43%]
test/functional/test_create_timer.py::TestCreateTimer::test_initial_state_shows_new[diorite] SKIPPED [ 43%]
test/functional/test_create_timer.py::TestCreateTimer::test_down_button_increments_minutes[diorite] SKIPPED [ 43%]
test/functional/test_create_timer.py::TestButtonPresses::test_up_button_increments_20_minutes[diorite] SKIPPED [ 43%]
test/functional/test_create_timer.py::TestButtonPresses::test_select_button_increments_5_minutes[diorite] SKIPPED [ 44%]
test/functional/test_create_timer.py::TestTimerCountdown::test_timer_counts_down[diorite] SKIPPED [ 44%]
test/functional/test_create_timer.py::TestTimerCountdown::test_timer_transitions_to_counting_mode[diorite] SKIPPED [ 44%]
test/functional/test_create_timer.py::TestChronoMode::test_chrono_mode_counts_up[diorite] SKIPPED [ 44%]
test/functional/test_create_timer.py::TestPlayPause::test_select_toggles_play_pause_in_counting_mode[diorite] SKIPPED [ 44%]
test/functional/test_create_timer.py::TestTimerStartsImmediately::test_timer_counts_down_during_setup[diorite] SKIPPED [ 45%]
test/functional/test_create_timer.py::TestTimerStartsImmediately::test_chrono_has_elapsed_time_when_mode_expires[diorite] SKIPPED [ 45%]
test/functional/test_create_timer.py::TestLongPressReset::test_long_press_select_resets_timer[diorite] SKIPPED [ 45%]
test/functional/test_directional_icons.py::TestNewModeForwardIcons::test_new_forward_has_icons[aplite] SKIPPED [ 45%]
test/functional/test_directional_icons.py::TestNewModeReverseIcons::test_new_reverse_back_icon[aplite] SKIPPED [ 46%]
test/functional/test_directional_icons.py::TestNewModeReverseIcons::test_new_reverse_up_icon[aplite] SKIPPED [ 46%]
test/functional/test_directional_icons.py::TestNewModeReverseIcons::test_new_reverse_select_icon[aplite] SKIPPED [ 46%]
test/functional/test_directional_icons.py::TestNewModeReverseIcons::test_new_reverse_down_icon[aplite] SKIPPED [ 46%]
test/functional/test_directional_icons.py::TestEditSecModeForwardIcons::test_editsec_forward_back_icon_plus60[aplite] SKIPPED [ 46%]
test/functional/test_directional_icons.py::TestEditSecModeForwardIcons::test_editsec_forward_has_icons[aplite] SKIPPED [ 47%]
test/functional/test_directional_icons.py::TestEditSecModeReverseIcons::test_editsec_reverse_back_icon[aplite] SKIPPED [ 47%]
test/functional/test_directional_icons.py::TestEditSecModeReverseIcons::test_editsec_reverse_up_icon[aplite] SKIPPED [ 47%]
test/functional/test_directional_icons.py::TestEditSecModeReverseIcons::test_editsec_reverse_select_icon[aplite] SKIPPED [ 47%]
test/functional/test_directional_icons.py::TestEditSecModeReverseIcons::test_editsec_reverse_down_icon[aplite] SKIPPED [ 48%]
test/functional/test_directional_icons.py::TestNewModeForwardIcons::test_new_forward_has_icons[basalt] 
-------------------------------- live log setup --------------------------------
20:51:59 [INFO] functional.test_directional_icons: [basalt] Starting warm-up cycle
20:52:02 [INFO] functional.conftest: [basalt] Installing app on emulator
20:52:10 [INFO] functional.conftest: [basalt] App installed and transport connected
20:52:10 [INFO] functional.test_directional_icons: [basalt] Waiting for emulator to stabilize (2s)
20:52:12 [INFO] functional.test_directional_icons: [basalt] Holding down button to quit app and set persist state
20:52:15 [INFO] functional.test_directional_icons: [basalt] Emulator ready for tests
20:52:15 [INFO] functional.conftest: [basalt] Opening app for test: test_new_forward_has_icons[basalt]
20:52:15 [INFO] functional.conftest: [basalt] Opening app via install (preserving state)
20:52:15 [INFO] functional.conftest: [basalt] Installing app on emulator
20:52:17 [INFO] functional.conftest: [basalt] App installed and transport connected
20:52:17 [INFO] functional.conftest: [basalt] App opened via install
PASSED                                                                   [ 48%]
------------------------------ live log teardown -------------------------------
20:52:20 [INFO] functional.conftest: [basalt] Quitting app after test: test_new_forward_has_icons[basalt]

test/functional/test_directional_icons.py::TestNewModeReverseIcons::test_new_reverse_back_icon[basalt] 
-------------------------------- live log setup --------------------------------
20:52:22 [INFO] functional.conftest: [basalt] Opening app for test: test_new_reverse_back_icon[basalt]
20:52:22 [INFO] functional.conftest: [basalt] Opening app via install (preserving state)
20:52:22 [INFO] functional.conftest: [basalt] Installing app on emulator
20:52:25 [INFO] functional.conftest: [basalt] App installed and transport connected
20:52:25 [INFO] functional.conftest: [basalt] App opened via install
PASSED                                                                   [ 48%]
------------------------------ live log teardown -------------------------------
20:52:31 [INFO] functional.conftest: [basalt] Quitting app after test: test_new_reverse_back_icon[basalt]

test/functional/test_directional_icons.py::TestNewModeReverseIcons::test_new_reverse_up_icon[basalt] 
-------------------------------- live log setup --------------------------------
20:52:32 [INFO] functional.conftest: [basalt] Opening app for test: test_new_reverse_up_icon[basalt]
20:52:32 [INFO] functional.conftest: [basalt] Opening app via install (preserving state)
20:52:32 [INFO] functional.conftest: [basalt] Installing app on emulator
20:52:35 [INFO] functional.conftest: [basalt] App installed and transport connected
20:52:35 [INFO] functional.conftest: [basalt] App opened via install
PASSED                                                                   [ 48%]
------------------------------ live log teardown -------------------------------
20:52:41 [INFO] functional.conftest: [basalt] Quitting app after test: test_new_reverse_up_icon[basalt]

test/functional/test_directional_icons.py::TestNewModeReverseIcons::test_new_reverse_select_icon[basalt] 
-------------------------------- live log setup --------------------------------
20:52:43 [INFO] functional.conftest: [basalt] Opening app for test: test_new_reverse_select_icon[basalt]
20:52:43 [INFO] functional.conftest: [basalt] Opening app via install (preserving state)
20:52:43 [INFO] functional.conftest: [basalt] Installing app on emulator
20:52:45 [INFO] functional.conftest: [basalt] App installed and transport connected
20:52:45 [INFO] functional.conftest: [basalt] App opened via install
PASSED                                                                   [ 48%]
------------------------------ live log teardown -------------------------------
20:52:51 [INFO] functional.conftest: [basalt] Quitting app after test: test_new_reverse_select_icon[basalt]

test/functional/test_directional_icons.py::TestNewModeReverseIcons::test_new_reverse_down_icon[basalt] 
-------------------------------- live log setup --------------------------------
20:52:53 [INFO] functional.conftest: [basalt] Opening app for test: test_new_reverse_down_icon[basalt]
20:52:53 [INFO] functional.conftest: [basalt] Opening app via install (preserving state)
20:52:53 [INFO] functional.conftest: [basalt] Installing app on emulator
20:52:56 [INFO] functional.conftest: [basalt] App installed and transport connected
20:52:56 [INFO] functional.conftest: [basalt] App opened via install
PASSED                                                                   [ 49%]
------------------------------ live log teardown -------------------------------
20:53:02 [INFO] functional.conftest: [basalt] Quitting app after test: test_new_reverse_down_icon[basalt]

test/functional/test_directional_icons.py::TestEditSecModeForwardIcons::test_editsec_forward_back_icon_plus60[basalt] 
-------------------------------- live log setup --------------------------------
20:53:04 [INFO] functional.conftest: [basalt] Opening app for test: test_editsec_forward_back_icon_plus60[basalt]
20:53:04 [INFO] functional.conftest: [basalt] Opening app via install (preserving state)
20:53:04 [INFO] functional.conftest: [basalt] Installing app on emulator
20:53:07 [INFO] functional.conftest: [basalt] App installed and transport connected
20:53:07 [INFO] functional.conftest: [basalt] App opened via install
PASSED                                                                   [ 49%]
------------------------------ live log teardown -------------------------------
20:53:15 [INFO] functional.conftest: [basalt] Quitting app after test: test_editsec_forward_back_icon_plus60[basalt]

test/functional/test_directional_icons.py::TestEditSecModeForwardIcons::test_editsec_forward_has_icons[basalt] 
-------------------------------- live log setup --------------------------------
20:53:16 [INFO] functional.conftest: [basalt] Opening app for test: test_editsec_forward_has_icons[basalt]
20:53:16 [INFO] functional.conftest: [basalt] Opening app via install (preserving state)
20:53:16 [INFO] functional.conftest: [basalt] Installing app on emulator
20:53:19 [INFO] functional.conftest: [basalt] App installed and transport connected
20:53:19 [INFO] functional.conftest: [basalt] App opened via install
PASSED                                                                   [ 49%]
------------------------------ live log teardown -------------------------------
20:53:27 [INFO] functional.conftest: [basalt] Quitting app after test: test_editsec_forward_has_icons[basalt]

test/functional/test_directional_icons.py::TestEditSecModeReverseIcons::test_editsec_reverse_back_icon[basalt] 
-------------------------------- live log setup --------------------------------
20:53:29 [INFO] functional.conftest: [basalt] Opening app for test: test_editsec_reverse_back_icon[basalt]
20:53:29 [INFO] functional.conftest: [basalt] Opening app via install (preserving state)
20:53:29 [INFO] functional.conftest: [basalt] Installing app on emulator
20:53:32 [INFO] functional.conftest: [basalt] App installed and transport connected
20:53:32 [INFO] functional.conftest: [basalt] App opened via install
PASSED                                                                   [ 49%]
------------------------------ live log teardown -------------------------------
20:53:43 [INFO] functional.conftest: [basalt] Quitting app after test: test_editsec_reverse_back_icon[basalt]

test/functional/test_directional_icons.py::TestEditSecModeReverseIcons::test_editsec_reverse_up_icon[basalt] 
-------------------------------- live log setup --------------------------------
20:53:45 [INFO] functional.conftest: [basalt] Opening app for test: test_editsec_reverse_up_icon[basalt]
20:53:45 [INFO] functional.conftest: [basalt] Opening app via install (preserving state)
20:53:45 [INFO] functional.conftest: [basalt] Installing app on emulator
20:53:48 [INFO] functional.conftest: [basalt] App installed and transport connected
20:53:48 [INFO] functional.conftest: [basalt] App opened via install
PASSED                                                                   [ 50%]
------------------------------ live log teardown -------------------------------
20:53:59 [INFO] functional.conftest: [basalt] Quitting app after test: test_editsec_reverse_up_icon[basalt]

test/functional/test_directional_icons.py::TestEditSecModeReverseIcons::test_editsec_reverse_select_icon[basalt] 
-------------------------------- live log setup --------------------------------
20:54:01 [INFO] functional.conftest: [basalt] Opening app for test: test_editsec_reverse_select_icon[basalt]
20:54:01 [INFO] functional.conftest: [basalt] Opening app via install (preserving state)
20:54:01 [INFO] functional.conftest: [basalt] Installing app on emulator
20:54:04 [INFO] functional.conftest: [basalt] App installed and transport connected
20:54:04 [INFO] functional.conftest: [basalt] App opened via install
PASSED                                                                   [ 50%]
------------------------------ live log teardown -------------------------------
20:54:16 [INFO] functional.conftest: [basalt] Quitting app after test: test_editsec_reverse_select_icon[basalt]

test/functional/test_directional_icons.py::TestEditSecModeReverseIcons::test_editsec_reverse_down_icon[basalt] 
-------------------------------- live log setup --------------------------------
20:54:17 [INFO] functional.conftest: [basalt] Opening app for test: test_editsec_reverse_down_icon[basalt]
20:54:17 [INFO] functional.conftest: [basalt] Opening app via install (preserving state)
20:54:17 [INFO] functional.conftest: [basalt] Installing app on emulator
20:54:20 [INFO] functional.conftest: [basalt] App installed and transport connected
20:54:20 [INFO] functional.conftest: [basalt] App opened via install
PASSED                                                                   [ 50%]
------------------------------ live log teardown -------------------------------
20:54:32 [INFO] functional.conftest: [basalt] Quitting app after test: test_editsec_reverse_down_icon[basalt]

test/functional/test_directional_icons.py::TestNewModeForwardIcons::test_new_forward_has_icons[chalk] 
-------------------------------- live log setup --------------------------------
20:54:34 [INFO] functional.test_directional_icons: [basalt] Tearing down - killing emulator
SKIPPED (Skipping test for chalk since --platform=basalt was specified.) [ 50%]
test/functional/test_directional_icons.py::TestNewModeReverseIcons::test_new_reverse_back_icon[chalk] SKIPPED [ 50%]
test/functional/test_directional_icons.py::TestNewModeReverseIcons::test_new_reverse_up_icon[chalk] SKIPPED [ 51%]
test/functional/test_directional_icons.py::TestNewModeReverseIcons::test_new_reverse_select_icon[chalk] SKIPPED [ 51%]
test/functional/test_directional_icons.py::TestNewModeReverseIcons::test_new_reverse_down_icon[chalk] SKIPPED [ 51%]
test/functional/test_directional_icons.py::TestEditSecModeForwardIcons::test_editsec_forward_back_icon_plus60[chalk] SKIPPED [ 51%]
test/functional/test_directional_icons.py::TestEditSecModeForwardIcons::test_editsec_forward_has_icons[chalk] SKIPPED [ 51%]
test/functional/test_directional_icons.py::TestEditSecModeReverseIcons::test_editsec_reverse_back_icon[chalk] SKIPPED [ 52%]
test/functional/test_directional_icons.py::TestEditSecModeReverseIcons::test_editsec_reverse_up_icon[chalk] SKIPPED [ 52%]
test/functional/test_directional_icons.py::TestEditSecModeReverseIcons::test_editsec_reverse_select_icon[chalk] SKIPPED [ 52%]
test/functional/test_directional_icons.py::TestEditSecModeReverseIcons::test_editsec_reverse_down_icon[chalk] SKIPPED [ 52%]
test/functional/test_directional_icons.py::TestNewModeForwardIcons::test_new_forward_has_icons[diorite] SKIPPED [ 53%]
test/functional/test_directional_icons.py::TestNewModeReverseIcons::test_new_reverse_back_icon[diorite] SKIPPED [ 53%]
test/functional/test_directional_icons.py::TestNewModeReverseIcons::test_new_reverse_up_icon[diorite] SKIPPED [ 53%]
test/functional/test_directional_icons.py::TestNewModeReverseIcons::test_new_reverse_select_icon[diorite] SKIPPED [ 53%]
test/functional/test_directional_icons.py::TestNewModeReverseIcons::test_new_reverse_down_icon[diorite] SKIPPED [ 53%]
test/functional/test_directional_icons.py::TestEditSecModeForwardIcons::test_editsec_forward_back_icon_plus60[diorite] SKIPPED [ 54%]
test/functional/test_directional_icons.py::TestEditSecModeForwardIcons::test_editsec_forward_has_icons[diorite] SKIPPED [ 54%]
test/functional/test_directional_icons.py::TestEditSecModeReverseIcons::test_editsec_reverse_back_icon[diorite] SKIPPED [ 54%]
test/functional/test_directional_icons.py::TestEditSecModeReverseIcons::test_editsec_reverse_up_icon[diorite] SKIPPED [ 54%]
test/functional/test_directional_icons.py::TestEditSecModeReverseIcons::test_editsec_reverse_select_icon[diorite] SKIPPED [ 55%]
test/functional/test_directional_icons.py::TestEditSecModeReverseIcons::test_editsec_reverse_down_icon[diorite] SKIPPED [ 55%]
test/functional/test_edit_elapsed_time.py::TestEditElapsedTime::test_chrono_edit_elapsed_time_deducted[aplite] SKIPPED [ 55%]
test/functional/test_edit_elapsed_time.py::TestEditElapsedTime::test_chrono_edit_elapsed_time_deducted[basalt] 
-------------------------------- live log setup --------------------------------
20:54:36 [INFO] functional.conftest: [basalt] Starting warm-up cycle to clear stale state
20:54:39 [INFO] functional.conftest: [basalt] Installing app on emulator
20:54:47 [INFO] functional.conftest: [basalt] App installed and transport connected
20:54:47 [INFO] functional.conftest: [basalt] Waiting for emulator to stabilize (2s)
20:54:49 [INFO] functional.conftest: [basalt] Holding down button to quit app and set persist state
20:54:51 [INFO] functional.conftest: [basalt] App quit via long press, persist state set
20:54:51 [INFO] functional.conftest: [basalt] Emulator ready for tests
20:54:51 [INFO] functional.conftest: [basalt] Opening app for test: test_chrono_edit_elapsed_time_deducted[basalt]
20:54:51 [INFO] functional.conftest: [basalt] Opening app via install (preserving state)
20:54:51 [INFO] functional.conftest: [basalt] Installing app on emulator
20:54:54 [INFO] functional.conftest: [basalt] App installed and transport connected
20:54:54 [INFO] functional.conftest: [basalt] App opened via install
PASSED                                                                   [ 55%]
------------------------------ live log teardown -------------------------------
20:54:59 [INFO] functional.conftest: [basalt] Quitting app after test: test_chrono_edit_elapsed_time_deducted[basalt]

test/functional/test_edit_elapsed_time.py::TestEditElapsedTime::test_chrono_edit_elapsed_time_deducted[chalk] 
-------------------------------- live log setup --------------------------------
20:55:01 [INFO] functional.conftest: [basalt] Tearing down - killing emulator
SKIPPED (Skipping test for chalk since --platform=basalt was specified.) [ 55%]
test/functional/test_edit_elapsed_time.py::TestEditElapsedTime::test_chrono_edit_elapsed_time_deducted[diorite] SKIPPED [ 56%]
test/functional/test_edit_mode_reset.py::TestEditModeToggle::test_long_press_select_toggles_new_to_editsec[aplite] SKIPPED [ 56%]
test/functional/test_edit_mode_reset.py::TestEditModeToggle::test_long_press_select_toggles_editsec_to_new[aplite] SKIPPED [ 56%]
test/functional/test_edit_mode_reset.py::TestEditModeToggle::test_toggle_new_to_editsec_preserves_reverse_direction[aplite] SKIPPED [ 56%]
test/functional/test_edit_mode_reset.py::TestEditModeToggle::test_toggle_editsec_to_new_preserves_reverse_direction[aplite] SKIPPED [ 57%]
test/functional/test_edit_mode_reset.py::TestEditModeToggle::test_long_press_select_no_op_in_edit_repeat[aplite] SKIPPED [ 57%]
test/functional/test_edit_mode_reset.py::TestEditModeToggle::test_long_press_select_toggles_new_to_editsec[basalt] 
-------------------------------- live log setup --------------------------------
20:55:02 [INFO] functional.conftest: [basalt] Starting warm-up cycle to clear stale state
20:55:05 [INFO] functional.conftest: [basalt] Installing app on emulator
20:55:13 [INFO] functional.conftest: [basalt] App installed and transport connected
20:55:13 [INFO] functional.conftest: [basalt] Waiting for emulator to stabilize (2s)
20:55:15 [INFO] functional.conftest: [basalt] Holding down button to quit app and set persist state
20:55:16 [INFO] functional.conftest: [basalt] App quit via long press, persist state set
20:55:17 [INFO] functional.conftest: [basalt] Emulator ready for tests
20:55:17 [INFO] functional.conftest: [basalt] Opening app for test: test_long_press_select_toggles_new_to_editsec[basalt]
20:55:17 [INFO] functional.conftest: [basalt] Opening app via install (preserving state)
20:55:17 [INFO] functional.conftest: [basalt] Installing app on emulator
20:55:19 [INFO] functional.conftest: [basalt] App installed and transport connected
20:55:19 [INFO] functional.conftest: [basalt] App opened via install
-------------------------------- live log call ---------------------------------
20:55:27 [INFO] functional.test_edit_mode_reset: After Up press state: {'event': 'button_up', 't': '1:53', 'm': 'New', 'r': '0', 'p': '0', 'v': '0', 'd': '1', 'l': '1', 'c': '0', 'bl': '120000', 'tl': '120000'}
20:55:29 [INFO] functional.test_edit_mode_reset: After long press Select state: {'event': 'long_press_select', 't': '1:51', 'm': 'EditSec', 'r': '0', 'p': '0', 'v': '0', 'd': '1', 'l': '1', 'c': '0', 'bl': '120000', 'tl': '1200'}
20:55:29 [INFO] functional.test_edit_mode_reset: After Back press state: {'event': 'button_back', 't': '2:50', 'm': 'EditSec', 'r': '0', 'p': '0', 'v': '0', 'd': '1', 'l': '1', 'c': '0', 'bl': '120000', 'tl': '180000'}
PASSED                                                                   [ 57%]
------------------------------ live log teardown -------------------------------
20:55:29 [INFO] functional.conftest: [basalt] Quitting app after test: test_long_press_select_toggles_new_to_editsec[basalt]

test/functional/test_edit_mode_reset.py::TestEditModeToggle::test_long_press_select_toggles_editsec_to_new[basalt] 
-------------------------------- live log setup --------------------------------
20:55:31 [INFO] functional.conftest: [basalt] Opening app for test: test_long_press_select_toggles_editsec_to_new[basalt]
20:55:31 [INFO] functional.conftest: [basalt] Opening app via install (preserving state)
20:55:31 [INFO] functional.conftest: [basalt] Installing app on emulator
20:55:33 [INFO] functional.conftest: [basalt] App installed and transport connected
20:55:33 [INFO] functional.conftest: [basalt] App opened via install
-------------------------------- live log call ---------------------------------
20:55:43 [INFO] functional.test_edit_mode_reset: After toggle to New: {'event': 'long_press_select', 't': '0:20', 'm': 'New', 'r': '0', 'p': '1', 'v': '0', 'd': '1', 'l': '1', 'c': '0', 'bl': '20000', 'tl': '20000'}
PASSED                                                                   [ 57%]
------------------------------ live log teardown -------------------------------
20:55:43 [INFO] functional.conftest: [basalt] Quitting app after test: test_long_press_select_toggles_editsec_to_new[basalt]

test/functional/test_edit_mode_reset.py::TestEditModeToggle::test_toggle_new_to_editsec_preserves_reverse_direction[basalt] 
-------------------------------- live log setup --------------------------------
20:55:45 [INFO] functional.conftest: [basalt] Opening app for test: test_toggle_new_to_editsec_preserves_reverse_direction[basalt]
20:55:45 [INFO] functional.conftest: [basalt] Opening app via install (preserving state)
20:55:45 [INFO] functional.conftest: [basalt] Installing app on emulator
20:55:48 [INFO] functional.conftest: [basalt] App installed and transport connected
20:55:48 [INFO] functional.conftest: [basalt] App opened via install
PASSED                                                                   [ 57%]
------------------------------ live log teardown -------------------------------
20:55:58 [INFO] functional.conftest: [basalt] Quitting app after test: test_toggle_new_to_editsec_preserves_reverse_direction[basalt]

test/functional/test_edit_mode_reset.py::TestEditModeToggle::test_toggle_editsec_to_new_preserves_reverse_direction[basalt] 
-------------------------------- live log setup --------------------------------
20:56:00 [INFO] functional.conftest: [basalt] Opening app for test: test_toggle_editsec_to_new_preserves_reverse_direction[basalt]
20:56:00 [INFO] functional.conftest: [basalt] Opening app via install (preserving state)
20:56:00 [INFO] functional.conftest: [basalt] Installing app on emulator
20:56:03 [INFO] functional.conftest: [basalt] App installed and transport connected
20:56:03 [INFO] functional.conftest: [basalt] App opened via install
PASSED                                                                   [ 58%]
------------------------------ live log teardown -------------------------------
20:56:13 [INFO] functional.conftest: [basalt] Quitting app after test: test_toggle_editsec_to_new_preserves_reverse_direction[basalt]

test/functional/test_edit_mode_reset.py::TestEditModeToggle::test_long_press_select_no_op_in_edit_repeat[basalt] SKIPPED [ 58%]
test/functional/test_edit_mode_reset.py::TestEditModeToggle::test_long_press_select_toggles_new_to_editsec[chalk] 
-------------------------------- live log setup --------------------------------
20:56:15 [INFO] functional.conftest: [basalt] Tearing down - killing emulator
SKIPPED (Skipping test for chalk since --platform=basalt was specified.) [ 58%]
test/functional/test_edit_mode_reset.py::TestEditModeToggle::test_long_press_select_toggles_editsec_to_new[chalk] SKIPPED [ 58%]
test/functional/test_edit_mode_reset.py::TestEditModeToggle::test_toggle_new_to_editsec_preserves_reverse_direction[chalk] SKIPPED [ 58%]
test/functional/test_edit_mode_reset.py::TestEditModeToggle::test_toggle_editsec_to_new_preserves_reverse_direction[chalk] SKIPPED [ 59%]
test/functional/test_edit_mode_reset.py::TestEditModeToggle::test_long_press_select_no_op_in_edit_repeat[chalk] SKIPPED [ 59%]
test/functional/test_edit_mode_reset.py::TestEditModeToggle::test_long_press_select_toggles_new_to_editsec[diorite] SKIPPED [ 59%]
test/functional/test_edit_mode_reset.py::TestEditModeToggle::test_long_press_select_toggles_editsec_to_new[diorite] SKIPPED [ 59%]
test/functional/test_edit_mode_reset.py::TestEditModeToggle::test_toggle_new_to_editsec_preserves_reverse_direction[diorite] SKIPPED [ 60%]
test/functional/test_edit_mode_reset.py::TestEditModeToggle::test_toggle_editsec_to_new_preserves_reverse_direction[diorite] SKIPPED [ 60%]
test/functional/test_edit_mode_reset.py::TestEditModeToggle::test_long_press_select_no_op_in_edit_repeat[diorite] SKIPPED [ 60%]
test/functional/test_edit_timer_direction.py::TestZeroCrossingTypeConversion::test_countdown_to_chrono_via_subtraction_new_mode[aplite] SKIPPED [ 60%]
test/functional/test_edit_timer_direction.py::TestZeroCrossingTypeConversion::test_countdown_to_chrono_via_subtraction_editsec[aplite] SKIPPED [ 60%]
test/functional/test_edit_timer_direction.py::TestAutoDirectionFlip::test_auto_flip_countdown_to_chrono_new_mode[aplite] SKIPPED [ 61%]
test/functional/test_edit_timer_direction.py::TestAutoDirectionFlip::test_auto_flip_countdown_to_chrono_editsec[aplite] SKIPPED [ 61%]
test/functional/test_edit_timer_direction.py::TestAutoDirectionFlip::test_continued_editing_after_auto_flip_new_mode[aplite] SKIPPED [ 61%]
test/functional/test_edit_timer_direction.py::TestAutoDirectionFlip::test_round_trip_zero_crossing_editsec[aplite] SKIPPED [ 61%]
test/functional/test_edit_timer_direction.py::TestZeroCrossingTypeConversion::test_countdown_to_chrono_via_subtraction_new_mode[basalt] 
-------------------------------- live log setup --------------------------------
20:56:16 [INFO] functional.conftest: [basalt] Starting warm-up cycle to clear stale state
20:56:19 [INFO] functional.conftest: [basalt] Installing app on emulator
20:56:27 [INFO] functional.conftest: [basalt] App installed and transport connected
20:56:27 [INFO] functional.conftest: [basalt] Waiting for emulator to stabilize (2s)
20:56:29 [INFO] functional.conftest: [basalt] Holding down button to quit app and set persist state
20:56:31 [INFO] functional.conftest: [basalt] App quit via long press, persist state set
20:56:31 [INFO] functional.conftest: [basalt] Emulator ready for tests
20:56:31 [INFO] functional.conftest: [basalt] Opening app for test: test_countdown_to_chrono_via_subtraction_new_mode[basalt]
20:56:31 [INFO] functional.conftest: [basalt] Opening app via install (preserving state)
20:56:31 [INFO] functional.conftest: [basalt] Installing app on emulator
20:56:34 [INFO] functional.conftest: [basalt] App installed and transport connected
20:56:34 [INFO] functional.conftest: [basalt] App opened via install
-------------------------------- live log call ---------------------------------
20:56:43 [INFO] functional.test_edit_timer_direction: After subtraction state: {'event': 'button_up', 't': '18:08', 'm': 'New', 'r': '0', 'p': '0', 'v': '0', 'd': '1', 'l': '1', 'c': '1', 'bl': '0', 'tl': '0'}
PASSED                                                                   [ 62%]
------------------------------ live log teardown -------------------------------
20:56:49 [INFO] functional.conftest: [basalt] Quitting app after test: test_countdown_to_chrono_via_subtraction_new_mode[basalt]

test/functional/test_edit_timer_direction.py::TestZeroCrossingTypeConversion::test_countdown_to_chrono_via_subtraction_editsec[basalt] 
-------------------------------- live log setup --------------------------------
20:56:51 [INFO] functional.conftest: [basalt] Opening app for test: test_countdown_to_chrono_via_subtraction_editsec[basalt]
20:56:51 [INFO] functional.conftest: [basalt] Opening app via install (preserving state)
20:56:51 [INFO] functional.conftest: [basalt] Installing app on emulator
20:56:53 [INFO] functional.conftest: [basalt] App installed and transport connected
20:56:53 [INFO] functional.conftest: [basalt] App opened via install
-------------------------------- live log call ---------------------------------
20:57:03 [INFO] functional.test_edit_timer_direction: After subtraction state: {'event': 'button_back', 't': '0:55', 'm': 'EditSec', 'r': '0', 'p': '1', 'v': '0', 'd': '1', 'l': '1', 'c': '1', 'bl': '0', 'tl': '0'}
PASSED                                                                   [ 62%]
------------------------------ live log teardown -------------------------------
20:57:03 [INFO] functional.conftest: [basalt] Quitting app after test: test_countdown_to_chrono_via_subtraction_editsec[basalt]

test/functional/test_edit_timer_direction.py::TestAutoDirectionFlip::test_auto_flip_countdown_to_chrono_new_mode[basalt] 
-------------------------------- live log setup --------------------------------
20:57:05 [INFO] functional.conftest: [basalt] Opening app for test: test_auto_flip_countdown_to_chrono_new_mode[basalt]
20:57:05 [INFO] functional.conftest: [basalt] Opening app via install (preserving state)
20:57:05 [INFO] functional.conftest: [basalt] Installing app on emulator
20:57:07 [INFO] functional.conftest: [basalt] App installed and transport connected
20:57:07 [INFO] functional.conftest: [basalt] App opened via install
-------------------------------- live log call ---------------------------------
20:57:16 [INFO] functional.test_edit_timer_direction: After zero-crossing state: {'event': 'button_up', 't': '18:09', 'm': 'New', 'r': '0', 'p': '0', 'v': '0', 'd': '1', 'l': '1', 'c': '1', 'bl': '0', 'tl': '0'}
PASSED                                                                   [ 62%]
------------------------------ live log teardown -------------------------------
20:57:16 [INFO] functional.conftest: [basalt] Quitting app after test: test_auto_flip_countdown_to_chrono_new_mode[basalt]

test/functional/test_edit_timer_direction.py::TestAutoDirectionFlip::test_auto_flip_countdown_to_chrono_editsec[basalt] 
-------------------------------- live log setup --------------------------------
20:57:18 [INFO] functional.conftest: [basalt] Opening app for test: test_auto_flip_countdown_to_chrono_editsec[basalt]
20:57:18 [INFO] functional.conftest: [basalt] Opening app via install (preserving state)
20:57:18 [INFO] functional.conftest: [basalt] Installing app on emulator
20:57:20 [INFO] functional.conftest: [basalt] App installed and transport connected
20:57:20 [INFO] functional.conftest: [basalt] App opened via install
-------------------------------- live log call ---------------------------------
20:57:29 [INFO] functional.test_edit_timer_direction: After zero-crossing state: {'event': 'button_back', 't': '0:55', 'm': 'EditSec', 'r': '0', 'p': '1', 'v': '0', 'd': '1', 'l': '1', 'c': '1', 'bl': '0', 'tl': '0'}
PASSED                                                                   [ 62%]
------------------------------ live log teardown -------------------------------
20:57:29 [INFO] functional.conftest: [basalt] Quitting app after test: test_auto_flip_countdown_to_chrono_editsec[basalt]

test/functional/test_edit_timer_direction.py::TestAutoDirectionFlip::test_continued_editing_after_auto_flip_new_mode[basalt] 
-------------------------------- live log setup --------------------------------
20:57:31 [INFO] functional.conftest: [basalt] Opening app for test: test_continued_editing_after_auto_flip_new_mode[basalt]
20:57:31 [INFO] functional.conftest: [basalt] Opening app via install (preserving state)
20:57:31 [INFO] functional.conftest: [basalt] Installing app on emulator
20:57:33 [INFO] functional.conftest: [basalt] App installed and transport connected
20:57:33 [INFO] functional.conftest: [basalt] App opened via install
-------------------------------- live log call ---------------------------------
20:57:41 [INFO] functional.test_edit_timer_direction: After adding 1 minute state: {'event': 'button_down', 't': '1:52', 'm': 'New', 'r': '0', 'p': '0', 'v': '0', 'd': '1', 'l': '1', 'c': '0', 'bl': '60000', 'tl': '120000'}
PASSED                                                                   [ 62%]
------------------------------ live log teardown -------------------------------
20:57:41 [INFO] functional.conftest: [basalt] Quitting app after test: test_continued_editing_after_auto_flip_new_mode[basalt]

test/functional/test_edit_timer_direction.py::TestAutoDirectionFlip::test_round_trip_zero_crossing_editsec[basalt] 
-------------------------------- live log setup --------------------------------
20:57:43 [INFO] functional.conftest: [basalt] Opening app for test: test_round_trip_zero_crossing_editsec[basalt]
20:57:43 [INFO] functional.conftest: [basalt] Opening app via install (preserving state)
20:57:43 [INFO] functional.conftest: [basalt] Installing app on emulator
20:57:46 [INFO] functional.conftest: [basalt] App installed and transport connected
20:57:46 [INFO] functional.conftest: [basalt] App opened via install
-------------------------------- live log call ---------------------------------
20:57:56 [INFO] functional.test_edit_timer_direction: After 2nd zero-crossing state: {'event': 'button_back', 't': '0:05', 'm': 'EditSec', 'r': '0', 'p': '1', 'v': '0', 'd': '1', 'l': '1', 'c': '0', 'bl': '60000', 'tl': '60000'}
PASSED                                                                   [ 63%]
------------------------------ live log teardown -------------------------------
20:57:56 [INFO] functional.conftest: [basalt] Quitting app after test: test_round_trip_zero_crossing_editsec[basalt]

test/functional/test_edit_timer_direction.py::TestZeroCrossingTypeConversion::test_countdown_to_chrono_via_subtraction_new_mode[chalk] 
-------------------------------- live log setup --------------------------------
20:57:58 [INFO] functional.conftest: [basalt] Tearing down - killing emulator
SKIPPED (Skipping test for chalk since --platform=basalt was specified.) [ 63%]
test/functional/test_edit_timer_direction.py::TestZeroCrossingTypeConversion::test_countdown_to_chrono_via_subtraction_editsec[chalk] SKIPPED [ 63%]
test/functional/test_edit_timer_direction.py::TestAutoDirectionFlip::test_auto_flip_countdown_to_chrono_new_mode[chalk] SKIPPED [ 63%]
test/functional/test_edit_timer_direction.py::TestAutoDirectionFlip::test_auto_flip_countdown_to_chrono_editsec[chalk] SKIPPED [ 64%]
test/functional/test_edit_timer_direction.py::TestAutoDirectionFlip::test_continued_editing_after_auto_flip_new_mode[chalk] SKIPPED [ 64%]
test/functional/test_edit_timer_direction.py::TestAutoDirectionFlip::test_round_trip_zero_crossing_editsec[chalk] SKIPPED [ 64%]
test/functional/test_edit_timer_direction.py::TestZeroCrossingTypeConversion::test_countdown_to_chrono_via_subtraction_new_mode[diorite] SKIPPED [ 64%]
test/functional/test_edit_timer_direction.py::TestZeroCrossingTypeConversion::test_countdown_to_chrono_via_subtraction_editsec[diorite] SKIPPED [ 64%]
test/functional/test_edit_timer_direction.py::TestAutoDirectionFlip::test_auto_flip_countdown_to_chrono_new_mode[diorite] SKIPPED [ 65%]
test/functional/test_edit_timer_direction.py::TestAutoDirectionFlip::test_auto_flip_countdown_to_chrono_editsec[diorite] SKIPPED [ 65%]
test/functional/test_edit_timer_direction.py::TestAutoDirectionFlip::test_continued_editing_after_auto_flip_new_mode[diorite] SKIPPED [ 65%]
test/functional/test_edit_timer_direction.py::TestAutoDirectionFlip::test_round_trip_zero_crossing_editsec[diorite] SKIPPED [ 65%]
test/functional/test_hold_select_restart.py::TestRestartRunningCountdown::test_restart_running_countdown_preserves_running[aplite] SKIPPED [ 66%]
test/functional/test_hold_select_restart.py::TestLongPressPausedCountdownResetsToEditSec::test_long_press_select_paused_countdown_resets_to_editsec[aplite] SKIPPED [ 66%]
test/functional/test_hold_select_restart.py::TestRestartRunningChrono::test_restart_running_chrono_preserves_running[aplite] SKIPPED [ 66%]
test/functional/test_hold_select_restart.py::TestLongPressPausedChronoResetsToEditSec::test_long_press_select_paused_chrono_resets_to_editsec[aplite] SKIPPED [ 66%]
test/functional/test_hold_select_restart.py::TestRestartRepeatingTimerRestoresCount::test_restart_repeating_timer_restores_repeat_count[aplite] SKIPPED [ 66%]
test/functional/test_hold_select_restart.py::TestRestartDuringAlarm::test_restart_during_alarm[aplite] SKIPPED [ 67%]
test/functional/test_hold_select_restart.py::TestEditModeToggle::test_toggle_new_editsec_preserves_value[aplite] SKIPPED [ 67%]
test/functional/test_hold_select_restart.py::TestRestartRunningCountdown::test_restart_running_countdown_preserves_running[basalt] 
-------------------------------- live log setup --------------------------------
20:58:02 [INFO] functional.test_hold_select_restart: [basalt] Starting warm-up cycle
20:58:05 [INFO] functional.conftest: [basalt] Installing app on emulator
20:58:13 [INFO] functional.conftest: [basalt] App installed and transport connected
20:58:17 [INFO] functional.test_hold_select_restart: [basalt] Emulator ready for tests
20:58:17 [INFO] functional.conftest: [basalt] Opening app for test: test_restart_running_countdown_preserves_running[basalt]
20:58:17 [INFO] functional.conftest: [basalt] Opening app via install (preserving state)
20:58:17 [INFO] functional.conftest: [basalt] Installing app on emulator
20:58:20 [INFO] functional.conftest: [basalt] App installed and transport connected
20:58:20 [INFO] functional.conftest: [basalt] App opened via install
-------------------------------- live log call ---------------------------------
20:58:29 [INFO] functional.test_hold_select_restart: After restart state: {'event': 'long_press_select', 't': '0:59', 'm': 'Counting', 'r': '0', 'p': '0', 'v': '0', 'd': '1', 'l': '0', 'c': '0', 'bl': '60000', 'tl': '6000'}
PASSED                                                                   [ 67%]
------------------------------ live log teardown -------------------------------
20:58:29 [INFO] functional.conftest: [basalt] Quitting app after test: test_restart_running_countdown_preserves_running[basalt]

test/functional/test_hold_select_restart.py::TestLongPressPausedCountdownResetsToEditSec::test_long_press_select_paused_countdown_resets_to_editsec[basalt] 
-------------------------------- live log setup --------------------------------
20:58:31 [INFO] functional.conftest: [basalt] Opening app for test: test_long_press_select_paused_countdown_resets_to_editsec[basalt]
20:58:31 [INFO] functional.conftest: [basalt] Opening app via install (preserving state)
20:58:31 [INFO] functional.conftest: [basalt] Installing app on emulator
20:58:33 [INFO] functional.conftest: [basalt] App installed and transport connected
20:58:33 [INFO] functional.conftest: [basalt] App opened via install
-------------------------------- live log call ---------------------------------
20:58:42 [INFO] functional.test_hold_select_restart: After reset state: {'event': 'long_press_select', 't': '0:00', 'm': 'EditSec', 'r': '0', 'p': '1', 'v': '0', 'd': '1', 'l': '1', 'c': '1', 'bl': '0', 'tl': '0'}
PASSED                                                                   [ 67%]
------------------------------ live log teardown -------------------------------
20:58:42 [INFO] functional.conftest: [basalt] Quitting app after test: test_long_press_select_paused_countdown_resets_to_editsec[basalt]

test/functional/test_hold_select_restart.py::TestRestartRunningChrono::test_restart_running_chrono_preserves_running[basalt] 
-------------------------------- live log setup --------------------------------
20:58:44 [INFO] functional.conftest: [basalt] Opening app for test: test_restart_running_chrono_preserves_running[basalt]
20:58:44 [INFO] functional.conftest: [basalt] Opening app via install (preserving state)
20:58:44 [INFO] functional.conftest: [basalt] Installing app on emulator
20:58:46 [INFO] functional.conftest: [basalt] App installed and transport connected
20:58:46 [INFO] functional.conftest: [basalt] App opened via install
-------------------------------- live log call ---------------------------------
20:58:56 [INFO] functional.test_hold_select_restart: After restart state: {'event': 'long_press_select', 't': '0:00', 'm': 'Counting', 'r': '0', 'p': '0', 'v': '0', 'd': '1', 'l': '0', 'c': '1', 'bl': '0', 'tl': '0'}
PASSED                                                                   [ 67%]
------------------------------ live log teardown -------------------------------
20:58:56 [INFO] functional.conftest: [basalt] Quitting app after test: test_restart_running_chrono_preserves_running[basalt]

test/functional/test_hold_select_restart.py::TestLongPressPausedChronoResetsToEditSec::test_long_press_select_paused_chrono_resets_to_editsec[basalt] 
-------------------------------- live log setup --------------------------------
20:58:58 [INFO] functional.conftest: [basalt] Opening app for test: test_long_press_select_paused_chrono_resets_to_editsec[basalt]
20:58:58 [INFO] functional.conftest: [basalt] Opening app via install (preserving state)
20:58:58 [INFO] functional.conftest: [basalt] Installing app on emulator
20:59:00 [INFO] functional.conftest: [basalt] App installed and transport connected
20:59:00 [INFO] functional.conftest: [basalt] App opened via install
-------------------------------- live log call ---------------------------------
20:59:10 [INFO] functional.test_hold_select_restart: After reset state: {'event': 'long_press_select', 't': '0:00', 'm': 'EditSec', 'r': '0', 'p': '1', 'v': '0', 'd': '1', 'l': '1', 'c': '1', 'bl': '0', 'tl': '0'}
PASSED                                                                   [ 68%]
------------------------------ live log teardown -------------------------------
20:59:10 [INFO] functional.conftest: [basalt] Quitting app after test: test_long_press_select_paused_chrono_resets_to_editsec[basalt]

test/functional/test_hold_select_restart.py::TestRestartRepeatingTimerRestoresCount::test_restart_repeating_timer_restores_repeat_count[basalt] 
-------------------------------- live log setup --------------------------------
20:59:12 [INFO] functional.conftest: [basalt] Opening app for test: test_restart_repeating_timer_restores_repeat_count[basalt]
20:59:12 [INFO] functional.conftest: [basalt] Opening app via install (preserving state)
20:59:12 [INFO] functional.conftest: [basalt] Installing app on emulator
20:59:15 [INFO] functional.conftest: [basalt] App installed and transport connected
20:59:15 [INFO] functional.conftest: [basalt] App opened via install
-------------------------------- live log call ---------------------------------
20:59:16 [INFO] functional.test_timer_workflows: [basalt] Setting up 15s timer: waiting for chrono mode
20:59:30 [INFO] functional.test_timer_workflows: [basalt] Short timer set to 15s, waiting for expire
20:59:34 [INFO] functional.test_timer_workflows: [basalt] Short timer started, counting down from 15s
20:59:50 [INFO] functional.test_hold_select_restart: After restart state: {'event': 'long_press_select', 't': '0:15', 'm': 'Counting', 'r': '3', 'p': '0', 'v': '0', 'd': '1', 'l': '0', 'c': '0', 'bl': '15000', 'tl': '1500'}
PASSED                                                                   [ 68%]
------------------------------ live log teardown -------------------------------
20:59:50 [INFO] functional.conftest: [basalt] Quitting app after test: test_restart_repeating_timer_restores_repeat_count[basalt]

test/functional/test_hold_select_restart.py::TestRestartDuringAlarm::test_restart_during_alarm[basalt] 
-------------------------------- live log setup --------------------------------
20:59:52 [INFO] functional.conftest: [basalt] Opening app for test: test_restart_during_alarm[basalt]
20:59:52 [INFO] functional.conftest: [basalt] Opening app via install (preserving state)
20:59:52 [INFO] functional.conftest: [basalt] Installing app on emulator
20:59:55 [INFO] functional.conftest: [basalt] App installed and transport connected
20:59:55 [INFO] functional.conftest: [basalt] App opened via install
-------------------------------- live log call ---------------------------------
20:59:56 [INFO] functional.test_timer_workflows: [basalt] Setting up 4s timer: waiting for chrono mode
21:00:03 [INFO] functional.test_timer_workflows: [basalt] Short timer set to 4s, waiting for expire
21:00:08 [INFO] functional.test_timer_workflows: [basalt] Short timer started, counting down from 4s
21:00:12 [INFO] functional.test_hold_select_restart: After restart state: {'event': 'long_press_select', 't': '0:04', 'm': 'Counting', 'r': '0', 'p': '0', 'v': '0', 'd': '1', 'l': '0', 'c': '0', 'bl': '4000', 'tl': '4000'}
PASSED                                                                   [ 68%]
------------------------------ live log teardown -------------------------------
21:00:12 [INFO] functional.conftest: [basalt] Quitting app after test: test_restart_during_alarm[basalt]

test/functional/test_hold_select_restart.py::TestEditModeToggle::test_toggle_new_editsec_preserves_value[basalt] 
-------------------------------- live log setup --------------------------------
21:00:14 [INFO] functional.conftest: [basalt] Opening app for test: test_toggle_new_editsec_preserves_value[basalt]
21:00:14 [INFO] functional.conftest: [basalt] Opening app via install (preserving state)
21:00:14 [INFO] functional.conftest: [basalt] Installing app on emulator
21:00:17 [INFO] functional.conftest: [basalt] App installed and transport connected
21:00:17 [INFO] functional.conftest: [basalt] App opened via install
PASSED                                                                   [ 68%]
------------------------------ live log teardown -------------------------------
21:00:25 [INFO] functional.conftest: [basalt] Quitting app after test: test_toggle_new_editsec_preserves_value[basalt]

test/functional/test_hold_select_restart.py::TestRestartRunningCountdown::test_restart_running_countdown_preserves_running[chalk] SKIPPED [ 69%]
test/functional/test_hold_select_restart.py::TestLongPressPausedCountdownResetsToEditSec::test_long_press_select_paused_countdown_resets_to_editsec[chalk] SKIPPED [ 69%]
test/functional/test_hold_select_restart.py::TestRestartRunningChrono::test_restart_running_chrono_preserves_running[chalk] SKIPPED [ 69%]
test/functional/test_hold_select_restart.py::TestLongPressPausedChronoResetsToEditSec::test_long_press_select_paused_chrono_resets_to_editsec[chalk] SKIPPED [ 69%]
test/functional/test_hold_select_restart.py::TestRestartRepeatingTimerRestoresCount::test_restart_repeating_timer_restores_repeat_count[chalk] SKIPPED [ 69%]
test/functional/test_hold_select_restart.py::TestRestartDuringAlarm::test_restart_during_alarm[chalk] SKIPPED [ 70%]
test/functional/test_hold_select_restart.py::TestEditModeToggle::test_toggle_new_editsec_preserves_value[chalk] SKIPPED [ 70%]
test/functional/test_hold_select_restart.py::TestRestartRunningCountdown::test_restart_running_countdown_preserves_running[diorite] SKIPPED [ 70%]
test/functional/test_hold_select_restart.py::TestLongPressPausedCountdownResetsToEditSec::test_long_press_select_paused_countdown_resets_to_editsec[diorite] SKIPPED [ 70%]
test/functional/test_hold_select_restart.py::TestRestartRunningChrono::test_restart_running_chrono_preserves_running[diorite] SKIPPED [ 71%]
test/functional/test_hold_select_restart.py::TestLongPressPausedChronoResetsToEditSec::test_long_press_select_paused_chrono_resets_to_editsec[diorite] SKIPPED [ 71%]
test/functional/test_hold_select_restart.py::TestRestartRepeatingTimerRestoresCount::test_restart_repeating_timer_restores_repeat_count[diorite] SKIPPED [ 71%]
test/functional/test_hold_select_restart.py::TestRestartDuringAlarm::test_restart_during_alarm[diorite] SKIPPED [ 71%]
test/functional/test_hold_select_restart.py::TestEditModeToggle::test_toggle_new_editsec_preserves_value[diorite] SKIPPED [ 71%]
test/functional/test_log_based.py::TestLogBasedAssertions::test_up_button_increments_20_minutes_log_based[aplite] SKIPPED [ 72%]
test/functional/test_log_based.py::TestLogBasedAssertions::test_init_state_log[aplite] SKIPPED [ 72%]
test/functional/test_log_based.py::TestLogBasedAssertions::test_multiple_button_presses_log_sequence[aplite] SKIPPED [ 72%]
test/functional/test_log_based.py::TestLogBasedAssertions::test_mode_transition_via_logs[aplite] SKIPPED [ 72%]
test/functional/test_log_based.py::TestLogBasedAssertions::test_up_button_increments_20_minutes_log_based[basalt] 
-------------------------------- live log setup --------------------------------
21:00:31 [INFO] functional.conftest: [basalt] Starting warm-up cycle to clear stale state
21:00:34 [INFO] functional.conftest: [basalt] Installing app on emulator
21:00:43 [INFO] functional.conftest: [basalt] App installed and transport connected
21:00:43 [INFO] functional.conftest: [basalt] Waiting for emulator to stabilize (2s)
21:00:45 [INFO] functional.conftest: [basalt] Holding down button to quit app and set persist state
21:00:46 [INFO] functional.conftest: [basalt] App quit via long press, persist state set
21:00:47 [INFO] functional.conftest: [basalt] Emulator ready for tests
21:00:47 [INFO] functional.conftest: [basalt] Opening app for test: test_up_button_increments_20_minutes_log_based[basalt]
21:00:47 [INFO] functional.conftest: [basalt] Opening app via install (preserving state)
21:00:47 [INFO] functional.conftest: [basalt] Installing app on emulator
21:00:49 [INFO] functional.conftest: [basalt] App installed and transport connected
21:00:49 [INFO] functional.conftest: [basalt] App opened via install
-------------------------------- live log call ---------------------------------
21:00:56 [INFO] functional.test_log_based: All captured logs: []
FAILED                                                                   [ 73%]
------------------------------ live log teardown -------------------------------
21:00:56 [INFO] functional.conftest: [basalt] Quitting app after test: test_up_button_increments_20_minutes_log_based[basalt]

test/functional/test_log_based.py::TestLogBasedAssertions::test_init_state_log[basalt] 
-------------------------------- live log setup --------------------------------
21:00:58 [INFO] functional.conftest: [basalt] Opening app for test: test_init_state_log[basalt]
21:00:58 [INFO] functional.conftest: [basalt] Opening app via install (preserving state)
21:00:58 [INFO] functional.conftest: [basalt] Installing app on emulator
ERROR                                                                    [ 73%]
test/functional/test_log_based.py::TestLogBasedAssertions::test_multiple_button_presses_log_sequence[basalt] 
-------------------------------- live log setup --------------------------------
21:02:58 [INFO] functional.conftest: [basalt] Opening app for test: test_multiple_button_presses_log_sequence[basalt]
21:02:58 [INFO] functional.conftest: [basalt] Opening app via install (preserving state)
21:02:58 [INFO] functional.conftest: [basalt] Installing app on emulator
21:03:02 [INFO] functional.conftest: [basalt] App installed and transport connected
21:03:02 [INFO] functional.conftest: [basalt] App opened via install
-------------------------------- live log call ---------------------------------
21:03:04 [WARNING] functional.conftest: [basalt] Attempt 1 failed: [Errno 32] Broken pipe
FAILED                                                                   [ 73%]
------------------------------ live log teardown -------------------------------
21:03:11 [INFO] functional.conftest: [basalt] Quitting app after test: test_multiple_button_presses_log_sequence[basalt]

test/functional/test_log_based.py::TestLogBasedAssertions::test_mode_transition_via_logs[basalt] 
-------------------------------- live log setup --------------------------------
21:03:13 [INFO] functional.conftest: [basalt] Opening app for test: test_mode_transition_via_logs[basalt]
21:03:13 [INFO] functional.conftest: [basalt] Opening app via install (preserving state)
21:03:13 [INFO] functional.conftest: [basalt] Installing app on emulator
21:03:15 [INFO] functional.conftest: [basalt] App installed and transport connected
21:03:15 [INFO] functional.conftest: [basalt] App opened via install
FAILED                                                                   [ 73%]
------------------------------ live log teardown -------------------------------
21:03:22 [INFO] functional.conftest: [basalt] Quitting app after test: test_mode_transition_via_logs[basalt]

test/functional/test_log_based.py::TestLogBasedAssertions::test_up_button_increments_20_minutes_log_based[chalk] 
-------------------------------- live log setup --------------------------------
21:03:24 [INFO] functional.conftest: [basalt] Tearing down - killing emulator
SKIPPED (Skipping test for chalk since --platform=basalt was specified.) [ 73%]
test/functional/test_log_based.py::TestLogBasedAssertions::test_init_state_log[chalk] SKIPPED [ 74%]
test/functional/test_log_based.py::TestLogBasedAssertions::test_multiple_button_presses_log_sequence[chalk] SKIPPED [ 74%]
test/functional/test_log_based.py::TestLogBasedAssertions::test_mode_transition_via_logs[chalk] SKIPPED [ 74%]
test/functional/test_log_based.py::TestLogBasedAssertions::test_up_button_increments_20_minutes_log_based[diorite] SKIPPED [ 74%]
test/functional/test_log_based.py::TestLogBasedAssertions::test_init_state_log[diorite] SKIPPED [ 75%]
test/functional/test_log_based.py::TestLogBasedAssertions::test_multiple_button_presses_log_sequence[diorite] SKIPPED [ 75%]
test/functional/test_log_based.py::TestLogBasedAssertions::test_mode_transition_via_logs[diorite] SKIPPED [ 75%]
test/functional/test_repeat_counter_visibility.py::TestRepeatCounterVisibility::test_editrepeat_shows_repeat_counter[aplite] SKIPPED [ 75%]
test/functional/test_repeat_counter_visibility.py::TestRepeatCounterVisibility::test_counting_mode_up_region_with_repeats[aplite] SKIPPED [ 75%]
test/functional/test_repeat_counter_visibility.py::TestRepeatCounterVisibility::test_new_mode_baseline_has_plus_20_icon[aplite] SKIPPED [ 76%]
test/functional/test_repeat_counter_visibility.py::TestRepeatCounterVisibility::test_new_mode_with_repeats_hides_plus_20_icon[aplite] SKIPPED [ 76%]
test/functional/test_repeat_counter_visibility.py::TestRepeatCounterVisibility::test_editsec_mode_with_repeats_hides_plus_20_icon[aplite] SKIPPED [ 76%]
test/functional/test_repeat_counter_visibility.py::TestRepeatCounterVisibility::test_new_mode_reverse_with_repeats_hides_minus_20_icon[aplite] SKIPPED [ 76%]
test/functional/test_repeat_counter_visibility.py::TestIconOverlapPrevention::test_editrepeat_up_region_empty_during_flash_off[aplite] SKIPPED [ 76%]
test/functional/test_repeat_counter_visibility.py::TestRepeatCounterVisibility::test_editrepeat_shows_repeat_counter[basalt] 
-------------------------------- live log setup --------------------------------
21:03:25 [INFO] functional.conftest: [basalt] Starting warm-up cycle to clear stale state
21:03:28 [INFO] functional.conftest: [basalt] Installing app on emulator
21:03:37 [INFO] functional.conftest: [basalt] App installed and transport connected
21:03:37 [INFO] functional.conftest: [basalt] Waiting for emulator to stabilize (2s)
21:03:39 [INFO] functional.conftest: [basalt] Holding down button to quit app and set persist state
21:03:40 [INFO] functional.conftest: [basalt] App quit via long press, persist state set
21:03:40 [INFO] functional.conftest: [basalt] Emulator ready for tests
21:03:40 [INFO] functional.conftest: [basalt] Opening app for test: test_editrepeat_shows_repeat_counter[basalt]
21:03:40 [INFO] functional.conftest: [basalt] Opening app via install (preserving state)
21:03:40 [INFO] functional.conftest: [basalt] Installing app on emulator
21:03:43 [INFO] functional.conftest: [basalt] App installed and transport connected
21:03:43 [INFO] functional.conftest: [basalt] App opened via install
-------------------------------- live log call ---------------------------------
21:03:56 [INFO] functional.test_repeat_counter_visibility: Screenshot saved: /home/jared/Workspace/pebble-timer-quick/test/functional/screenshots/test_repeat_counter_basalt_editrepeat.png
PASSED                                                                   [ 77%]
------------------------------ live log teardown -------------------------------
21:03:56 [INFO] functional.conftest: [basalt] Quitting app after test: test_editrepeat_shows_repeat_counter[basalt]

test/functional/test_repeat_counter_visibility.py::TestRepeatCounterVisibility::test_counting_mode_up_region_with_repeats[basalt] 
-------------------------------- live log setup --------------------------------
21:03:57 [INFO] functional.conftest: [basalt] Opening app for test: test_counting_mode_up_region_with_repeats[basalt]
21:03:57 [INFO] functional.conftest: [basalt] Opening app via install (preserving state)
21:03:57 [INFO] functional.conftest: [basalt] Installing app on emulator
21:04:00 [INFO] functional.conftest: [basalt] App installed and transport connected
21:04:00 [INFO] functional.conftest: [basalt] App opened via install
-------------------------------- live log call ---------------------------------
21:04:08 [WARNING] functional.conftest: [basalt] release_buttons attempt 1 failed: [Errno 104] Connection reset by peer
FAILED                                                                   [ 77%]
------------------------------ live log teardown -------------------------------
21:04:09 [INFO] functional.conftest: [basalt] Quitting app after test: test_counting_mode_up_region_with_repeats[basalt]

test/functional/test_repeat_counter_visibility.py::TestRepeatCounterVisibility::test_counting_mode_up_region_with_repeats[basalt] ERROR [ 77%]
test/functional/test_repeat_counter_visibility.py::TestRepeatCounterVisibility::test_new_mode_baseline_has_plus_20_icon[basalt] 
-------------------------------- live log setup --------------------------------
21:04:09 [INFO] functional.conftest: [basalt] Opening app for test: test_new_mode_baseline_has_plus_20_icon[basalt]
21:04:09 [INFO] functional.conftest: [basalt] Opening app via install (preserving state)
21:04:09 [INFO] functional.conftest: [basalt] Installing app on emulator
21:04:15 [INFO] functional.conftest: [basalt] App installed and transport connected
21:04:15 [INFO] functional.conftest: [basalt] App opened via install
-------------------------------- live log call ---------------------------------
21:04:18 [INFO] functional.test_repeat_counter_visibility: Screenshot saved: /home/jared/Workspace/pebble-timer-quick/test/functional/screenshots/test_repeat_counter_basalt_new_baseline.png
21:04:18 [INFO] functional.test_repeat_counter_visibility: New mode UP region non-bg pixels: 0
FAILED                                                                   [ 77%]
------------------------------ live log teardown -------------------------------
21:04:18 [INFO] functional.conftest: [basalt] Quitting app after test: test_new_mode_baseline_has_plus_20_icon[basalt]

test/functional/test_repeat_counter_visibility.py::TestRepeatCounterVisibility::test_new_mode_with_repeats_hides_plus_20_icon[basalt] 
-------------------------------- live log setup --------------------------------
21:04:20 [INFO] functional.conftest: [basalt] Opening app for test: test_new_mode_with_repeats_hides_plus_20_icon[basalt]
21:04:20 [INFO] functional.conftest: [basalt] Opening app via install (preserving state)
21:04:20 [INFO] functional.conftest: [basalt] Installing app on emulator
ERROR                                                                    [ 77%]
test/functional/test_repeat_counter_visibility.py::TestRepeatCounterVisibility::test_editsec_mode_with_repeats_hides_plus_20_icon[basalt] 
-------------------------------- live log setup --------------------------------
21:06:20 [INFO] functional.conftest: [basalt] Opening app for test: test_editsec_mode_with_repeats_hides_plus_20_icon[basalt]
21:06:20 [INFO] functional.conftest: [basalt] Opening app via install (preserving state)
21:06:20 [INFO] functional.conftest: [basalt] Installing app on emulator
21:06:24 [INFO] functional.conftest: [basalt] App installed and transport connected
21:06:24 [INFO] functional.conftest: [basalt] App opened via install
-------------------------------- live log call ---------------------------------
21:06:26 [WARNING] functional.conftest: [basalt] Attempt 1 failed: [Errno 32] Broken pipe
21:06:40 [INFO] functional.test_repeat_counter_visibility: Screenshot saved: /home/jared/Workspace/pebble-timer-quick/test/functional/screenshots/test_repeat_counter_basalt_editsec_with_repeats.png
21:06:40 [INFO] functional.test_repeat_counter_visibility: EditSec mode (with repeats) UP region non-bg pixels: 148
21:06:40 [WARNING] functional.test_button_icons: Icon mask mismatch for 'editsec_up' on basalt: 151 pixels differ (tolerance=10)
PASSED                                                                   [ 78%]
------------------------------ live log teardown -------------------------------
21:06:40 [INFO] functional.conftest: [basalt] Quitting app after test: test_editsec_mode_with_repeats_hides_plus_20_icon[basalt]

test/functional/test_repeat_counter_visibility.py::TestRepeatCounterVisibility::test_new_mode_reverse_with_repeats_hides_minus_20_icon[basalt] 
-------------------------------- live log setup --------------------------------
21:06:42 [INFO] functional.conftest: [basalt] Opening app for test: test_new_mode_reverse_with_repeats_hides_minus_20_icon[basalt]
21:06:42 [INFO] functional.conftest: [basalt] Opening app via install (preserving state)
21:06:42 [INFO] functional.conftest: [basalt] Installing app on emulator
21:06:45 [INFO] functional.conftest: [basalt] App installed and transport connected
21:06:45 [INFO] functional.conftest: [basalt] App opened via install
-------------------------------- live log call ---------------------------------
21:06:53 [WARNING] functional.conftest: [basalt] release_buttons attempt 1 failed: [Errno 104] Connection reset by peer
FAILED                                                                   [ 78%]
------------------------------ live log teardown -------------------------------
21:06:54 [INFO] functional.conftest: [basalt] Quitting app after test: test_new_mode_reverse_with_repeats_hides_minus_20_icon[basalt]

test/functional/test_repeat_counter_visibility.py::TestRepeatCounterVisibility::test_new_mode_reverse_with_repeats_hides_minus_20_icon[basalt] ERROR [ 78%]
test/functional/test_repeat_counter_visibility.py::TestIconOverlapPrevention::test_editrepeat_up_region_empty_during_flash_off[basalt] 
-------------------------------- live log setup --------------------------------
21:06:54 [INFO] functional.conftest: [basalt] Opening app for test: test_editrepeat_up_region_empty_during_flash_off[basalt]
21:06:54 [INFO] functional.conftest: [basalt] Opening app via install (preserving state)
21:06:54 [INFO] functional.conftest: [basalt] Installing app on emulator
21:06:59 [INFO] functional.conftest: [basalt] App installed and transport connected
21:06:59 [INFO] functional.conftest: [basalt] App opened via install
FAILED                                                                   [ 78%]
------------------------------ live log teardown -------------------------------
21:07:07 [INFO] functional.conftest: [basalt] Quitting app after test: test_editrepeat_up_region_empty_during_flash_off[basalt]

test/functional/test_repeat_counter_visibility.py::TestRepeatCounterVisibility::test_editrepeat_shows_repeat_counter[chalk] 
-------------------------------- live log setup --------------------------------
21:07:08 [INFO] functional.conftest: [basalt] Tearing down - killing emulator
SKIPPED (Skipping test for chalk since --platform=basalt was specified.) [ 78%]
test/functional/test_repeat_counter_visibility.py::TestRepeatCounterVisibility::test_counting_mode_up_region_with_repeats[chalk] SKIPPED [ 78%]
test/functional/test_repeat_counter_visibility.py::TestRepeatCounterVisibility::test_new_mode_baseline_has_plus_20_icon[chalk] SKIPPED [ 79%]
test/functional/test_repeat_counter_visibility.py::TestRepeatCounterVisibility::test_new_mode_with_repeats_hides_plus_20_icon[chalk] SKIPPED [ 79%]
test/functional/test_repeat_counter_visibility.py::TestRepeatCounterVisibility::test_editsec_mode_with_repeats_hides_plus_20_icon[chalk] SKIPPED [ 79%]
test/functional/test_repeat_counter_visibility.py::TestRepeatCounterVisibility::test_new_mode_reverse_with_repeats_hides_minus_20_icon[chalk] SKIPPED [ 79%]
test/functional/test_repeat_counter_visibility.py::TestIconOverlapPrevention::test_editrepeat_up_region_empty_during_flash_off[chalk] SKIPPED [ 80%]
test/functional/test_repeat_counter_visibility.py::TestRepeatCounterVisibility::test_editrepeat_shows_repeat_counter[diorite] SKIPPED [ 80%]
test/functional/test_repeat_counter_visibility.py::TestRepeatCounterVisibility::test_counting_mode_up_region_with_repeats[diorite] SKIPPED [ 80%]
test/functional/test_repeat_counter_visibility.py::TestRepeatCounterVisibility::test_new_mode_baseline_has_plus_20_icon[diorite] SKIPPED [ 80%]
test/functional/test_repeat_counter_visibility.py::TestRepeatCounterVisibility::test_new_mode_with_repeats_hides_plus_20_icon[diorite] SKIPPED [ 80%]
test/functional/test_repeat_counter_visibility.py::TestRepeatCounterVisibility::test_editsec_mode_with_repeats_hides_plus_20_icon[diorite] SKIPPED [ 81%]
test/functional/test_repeat_counter_visibility.py::TestRepeatCounterVisibility::test_new_mode_reverse_with_repeats_hides_minus_20_icon[diorite] SKIPPED [ 81%]
test/functional/test_repeat_counter_visibility.py::TestIconOverlapPrevention::test_editrepeat_up_region_empty_during_flash_off[diorite] SKIPPED [ 81%]
test/functional/test_stopwatch_subtraction.py::TestStopwatchSubtraction::test_chrono_subtraction_converts_to_countdown[aplite] SKIPPED [ 81%]
test/functional/test_stopwatch_subtraction.py::TestStopwatchSubtraction::test_chrono_subtraction_multiple_minutes[aplite] SKIPPED [ 82%]
test/functional/test_stopwatch_subtraction.py::TestStopwatchSubtraction::test_chrono_add_then_subtract[aplite] SKIPPED [ 82%]
test/functional/test_stopwatch_subtraction.py::TestStopwatchSubtraction::test_chrono_subtraction_converts_to_countdown[basalt] 
-------------------------------- live log setup --------------------------------
21:07:09 [INFO] functional.conftest: [basalt] Starting warm-up cycle to clear stale state
21:07:12 [INFO] functional.conftest: [basalt] Installing app on emulator
21:07:21 [INFO] functional.conftest: [basalt] App installed and transport connected
21:07:21 [INFO] functional.conftest: [basalt] Waiting for emulator to stabilize (2s)
21:07:23 [INFO] functional.conftest: [basalt] Holding down button to quit app and set persist state
21:07:24 [INFO] functional.conftest: [basalt] App quit via long press, persist state set
21:07:24 [INFO] functional.conftest: [basalt] Emulator ready for tests
21:07:24 [INFO] functional.conftest: [basalt] Opening app for test: test_chrono_subtraction_converts_to_countdown[basalt]
21:07:24 [INFO] functional.conftest: [basalt] Opening app via install (preserving state)
21:07:24 [INFO] functional.conftest: [basalt] Installing app on emulator
21:07:27 [INFO] functional.conftest: [basalt] App installed and transport connected
21:07:27 [INFO] functional.conftest: [basalt] App opened via install
-------------------------------- live log call ---------------------------------
21:07:29 [INFO] functional.test_stopwatch_subtraction: Waiting for chrono mode...
21:07:32 [WARNING] functional.conftest: [basalt] Attempt 1 failed: [Errno 32] Broken pipe
FAILED                                                                   [ 82%]
------------------------------ live log teardown -------------------------------
21:07:33 [INFO] functional.conftest: [basalt] Quitting app after test: test_chrono_subtraction_converts_to_countdown[basalt]

test/functional/test_stopwatch_subtraction.py::TestStopwatchSubtraction::test_chrono_subtraction_converts_to_countdown[basalt] ERROR [ 82%]
test/functional/test_stopwatch_subtraction.py::TestStopwatchSubtraction::test_chrono_subtraction_multiple_minutes[basalt] 
-------------------------------- live log setup --------------------------------
21:07:33 [INFO] functional.conftest: [basalt] Opening app for test: test_chrono_subtraction_multiple_minutes[basalt]
21:07:33 [INFO] functional.conftest: [basalt] Opening app via install (preserving state)
21:07:33 [INFO] functional.conftest: [basalt] Installing app on emulator
