============================= test session starts ==============================
platform linux -- Python 3.10.19, pytest-9.0.2, pluggy-1.6.0 -- /home/jared/Workspace/pebble-timer-quick/conda-env/bin/python3.10
cachedir: .pytest_cache
rootdir: /home/jared/Workspace/pebble-timer-quick/test/functional
configfile: pytest.ini
plugins: anyio-4.12.1
collecting ... collected 435 items

test/functional/test_button_icons.py::TestAlarmIcons::test_alarm_back_icon_silence[aplite] SKIPPED [  0%]
test/functional/test_button_icons.py::TestAlarmIcons::test_alarm_up_icon_edit[aplite] SKIPPED [  0%]
test/functional/test_button_icons.py::TestAlarmIcons::test_alarm_long_up_icon_reset[aplite] SKIPPED [  0%]
test/functional/test_button_icons.py::TestAlarmIcons::test_alarm_select_icon_pause[aplite] SKIPPED [  0%]
test/functional/test_button_icons.py::TestAlarmIcons::test_alarm_down_icon_snooze[aplite] SKIPPED [  1%]
test/functional/test_button_icons.py::TestNewModeIcons::test_new_back_icon[aplite] SKIPPED [  1%]
test/functional/test_button_icons.py::TestNewModeIcons::test_new_up_icon[aplite] SKIPPED [  1%]
test/functional/test_button_icons.py::TestNewModeIcons::test_new_select_icon[aplite] SKIPPED [  1%]
test/functional/test_button_icons.py::TestNewModeIcons::test_new_down_icon[aplite] SKIPPED [  2%]
test/functional/test_button_icons.py::TestNewModeIcons::test_new_long_up_direction_toggle[aplite] SKIPPED [  2%]
test/functional/test_button_icons.py::TestNewModeIcons::test_new_long_select_icon[aplite] SKIPPED [  2%]
test/functional/test_button_icons.py::TestNewModeIcons::test_new_long_down_icon[aplite] SKIPPED [  2%]
test/functional/test_button_icons.py::TestEditSecIcons::test_editsec_back_icon[aplite] SKIPPED [  2%]
test/functional/test_button_icons.py::TestEditSecIcons::test_editsec_up_icon[aplite] SKIPPED [  3%]
test/functional/test_button_icons.py::TestEditSecIcons::test_editsec_select_icon[aplite] SKIPPED [  3%]
test/functional/test_button_icons.py::TestEditSecIcons::test_editsec_down_icon[aplite] SKIPPED [  3%]
test/functional/test_button_icons.py::TestEditSecIcons::test_editsec_long_up_direction_toggle[aplite] SKIPPED [  3%]
test/functional/test_button_icons.py::TestCountingIcons::test_counting_back_icon[aplite] SKIPPED [  4%]
test/functional/test_button_icons.py::TestCountingIcons::test_counting_up_icon[aplite] SKIPPED [  4%]
test/functional/test_button_icons.py::TestCountingIcons::test_counting_select_icon[aplite] SKIPPED [  4%]
test/functional/test_button_icons.py::TestCountingIcons::test_counting_down_icon[aplite] SKIPPED [  4%]
test/functional/test_button_icons.py::TestCountingIcons::test_counting_long_up_icon[aplite] SKIPPED [  5%]
test/functional/test_button_icons.py::TestCountingIcons::test_counting_long_select_icon[aplite] SKIPPED [  5%]
test/functional/test_button_icons.py::TestCountingIcons::test_counting_long_down_icon[aplite] SKIPPED [  5%]
test/functional/test_button_icons.py::TestPausedIcons::test_paused_select_icon_play[aplite] SKIPPED [  5%]
test/functional/test_button_icons.py::TestChronoIcons::test_chrono_select_icon[aplite] SKIPPED [  5%]
test/functional/test_button_icons.py::TestChronoIcons::test_chrono_long_select_icon[aplite] SKIPPED [  6%]
test/functional/test_button_icons.py::TestEditRepeatIcons::test_editrepeat_back_icon[aplite] SKIPPED [  6%]
test/functional/test_button_icons.py::TestEditRepeatIcons::test_editrepeat_up_icon[aplite] SKIPPED [  6%]
test/functional/test_button_icons.py::TestEditRepeatIcons::test_editrepeat_select_icon[aplite] SKIPPED [  6%]
test/functional/test_button_icons.py::TestEditRepeatIcons::test_editrepeat_down_icon[aplite] SKIPPED [  7%]
test/functional/test_button_icons.py::TestAlarmIcons::test_alarm_back_icon_silence[basalt] 
-------------------------------- live log setup --------------------------------
07:37:21 [INFO] functional.test_button_icons: [basalt] Starting warm-up cycle
07:37:25 [INFO] functional.conftest: [basalt] Installing app on emulator
07:37:33 [INFO] functional.conftest: [basalt] App installed and transport connected
07:37:33 [INFO] functional.test_button_icons: [basalt] Waiting for emulator to stabilize (2s)
07:37:34 [INFO] pebble_tool.util.updates: Update check failed: 404 (Not Found)
07:37:35 [INFO] functional.test_button_icons: [basalt] Holding down button to quit app and set persist state
07:37:38 [INFO] functional.test_button_icons: [basalt] Emulator ready for tests
07:37:38 [INFO] functional.conftest: [basalt] Opening app for test: test_alarm_back_icon_silence[basalt]
07:37:38 [INFO] functional.conftest: [basalt] Opening app via install (preserving state)
07:37:38 [INFO] functional.conftest: [basalt] Installing app on emulator
07:37:41 [INFO] functional.conftest: [basalt] App installed and transport connected
07:37:41 [INFO] functional.conftest: [basalt] App opened via install
-------------------------------- live log call ---------------------------------
07:37:42 [INFO] functional.test_button_icons: [basalt] Setting up 4s timer for icon test
07:37:50 [INFO] functional.test_button_icons: [basalt] Short timer set to 4s, waiting for expire
07:37:54 [INFO] functional.test_button_icons: [basalt] Short timer started, counting down from 4s
07:38:00 [INFO] functional.test_button_icons: All captured states: [{'event': 'mode_change', 't': '0:02', 'm': 'Counting', 'r': '0', 'p': '0', 'v': '0', 'd': '1'}, {'event': 'button_select', 't': '0:04', 'm': 'Counting', 'r': '0', 'p': '1', 'v': '0', 'd': '1'}, {'event': 'long_press_select', 't': '0:00', 'm': 'Counting', 'r': '0', 'p': '1', 'v': '0', 'd': '1'}, {'event': 'button_down', 't': '0:00', 'm': 'Counting', 'r': '0', 'p': '1', 'v': '0', 'd': '1'}, {'event': 'button_down', 't': '0:00', 'm': 'Counting', 'r': '0', 'p': '1', 'v': '0', 'd': '1'}, {'event': 'button_down', 't': '0:00', 'm': 'Counting', 'r': '0', 'p': '1', 'v': '0', 'd': '1'}, {'event': 'button_down', 't': '0:00', 'm': 'Counting', 'r': '0', 'p': '1', 'v': '0', 'd': '1'}, {'event': 'button_select', 't': '0:00', 'm': 'Counting', 'r': '0', 'p': '0', 'v': '0', 'd': '1'}]
07:38:00 [WARNING] functional.test_button_icons: Icon mask mismatch for 'silence' on basalt: 247 pixels differ (tolerance=10)
FAILED                                                                   [  7%]
------------------------------ live log teardown -------------------------------
07:38:00 [INFO] functional.conftest: [basalt] Quitting app after test: test_alarm_back_icon_silence[basalt]

test/functional/test_button_icons.py::TestAlarmIcons::test_alarm_up_icon_edit[basalt] 
-------------------------------- live log setup --------------------------------
07:38:02 [INFO] functional.conftest: [basalt] Opening app for test: test_alarm_up_icon_edit[basalt]
07:38:02 [INFO] functional.conftest: [basalt] Opening app via install (preserving state)
07:38:02 [INFO] functional.conftest: [basalt] Installing app on emulator
07:38:05 [INFO] functional.conftest: [basalt] App installed and transport connected
07:38:05 [INFO] functional.conftest: [basalt] App opened via install
-------------------------------- live log call ---------------------------------
07:38:06 [INFO] functional.test_button_icons: [basalt] Setting up 4s timer for icon test
07:38:13 [INFO] functional.test_button_icons: [basalt] Short timer set to 4s, waiting for expire
07:38:17 [INFO] functional.test_button_icons: [basalt] Short timer started, counting down from 4s
07:38:24 [WARNING] functional.test_button_icons: Icon mask mismatch for 'alarm_edit' on basalt: 270 pixels differ (tolerance=10)
FAILED                                                                   [  7%]
------------------------------ live log teardown -------------------------------
07:38:24 [INFO] functional.conftest: [basalt] Quitting app after test: test_alarm_up_icon_edit[basalt]

test/functional/test_button_icons.py::TestAlarmIcons::test_alarm_long_up_icon_reset[basalt] 
-------------------------------- live log setup --------------------------------
07:38:26 [INFO] functional.conftest: [basalt] Opening app for test: test_alarm_long_up_icon_reset[basalt]
07:38:26 [INFO] functional.conftest: [basalt] Opening app via install (preserving state)
07:38:26 [INFO] functional.conftest: [basalt] Installing app on emulator
07:38:29 [INFO] functional.conftest: [basalt] App installed and transport connected
07:38:29 [INFO] functional.conftest: [basalt] App opened via install
-------------------------------- live log call ---------------------------------
07:38:29 [INFO] functional.test_button_icons: [basalt] Setting up 4s timer for icon test
07:38:37 [INFO] functional.test_button_icons: [basalt] Short timer set to 4s, waiting for expire
07:38:41 [INFO] functional.test_button_icons: [basalt] Short timer started, counting down from 4s
07:38:47 [WARNING] functional.test_button_icons: Icon mask mismatch for 'alarm_long_up' on basalt: 159 pixels differ (tolerance=10)
FAILED                                                                   [  7%]
------------------------------ live log teardown -------------------------------
07:38:47 [INFO] functional.conftest: [basalt] Quitting app after test: test_alarm_long_up_icon_reset[basalt]

test/functional/test_button_icons.py::TestAlarmIcons::test_alarm_select_icon_pause[basalt] 
-------------------------------- live log setup --------------------------------
07:38:49 [INFO] functional.conftest: [basalt] Opening app for test: test_alarm_select_icon_pause[basalt]
07:38:49 [INFO] functional.conftest: [basalt] Opening app via install (preserving state)
07:38:49 [INFO] functional.conftest: [basalt] Installing app on emulator
07:38:52 [INFO] functional.conftest: [basalt] App installed and transport connected
07:38:52 [INFO] functional.conftest: [basalt] App opened via install
-------------------------------- live log call ---------------------------------
07:38:53 [INFO] functional.test_button_icons: [basalt] Setting up 4s timer for icon test
07:39:00 [INFO] functional.test_button_icons: [basalt] Short timer set to 4s, waiting for expire
07:39:04 [INFO] functional.test_button_icons: [basalt] Short timer started, counting down from 4s
PASSED                                                                   [  8%]
------------------------------ live log teardown -------------------------------
07:39:11 [INFO] functional.conftest: [basalt] Quitting app after test: test_alarm_select_icon_pause[basalt]

test/functional/test_button_icons.py::TestAlarmIcons::test_alarm_down_icon_snooze[basalt] 
-------------------------------- live log setup --------------------------------
07:39:13 [INFO] functional.conftest: [basalt] Opening app for test: test_alarm_down_icon_snooze[basalt]
07:39:13 [INFO] functional.conftest: [basalt] Opening app via install (preserving state)
07:39:13 [INFO] functional.conftest: [basalt] Installing app on emulator
07:39:16 [INFO] functional.conftest: [basalt] App installed and transport connected
07:39:16 [INFO] functional.conftest: [basalt] App opened via install
-------------------------------- live log call ---------------------------------
07:39:16 [INFO] functional.test_button_icons: [basalt] Setting up 4s timer for icon test
07:39:24 [INFO] functional.test_button_icons: [basalt] Short timer set to 4s, waiting for expire
07:39:28 [INFO] functional.test_button_icons: [basalt] Short timer started, counting down from 4s
07:39:34 [WARNING] functional.test_button_icons: Icon mask mismatch for 'snooze' on basalt: 309 pixels differ (tolerance=10)
FAILED                                                                   [  8%]
------------------------------ live log teardown -------------------------------
07:39:34 [INFO] functional.conftest: [basalt] Quitting app after test: test_alarm_down_icon_snooze[basalt]

test/functional/test_button_icons.py::TestNewModeIcons::test_new_back_icon[basalt] 
-------------------------------- live log setup --------------------------------
07:39:36 [INFO] functional.conftest: [basalt] Opening app for test: test_new_back_icon[basalt]
07:39:36 [INFO] functional.conftest: [basalt] Opening app via install (preserving state)
07:39:36 [INFO] functional.conftest: [basalt] Installing app on emulator
07:39:39 [INFO] functional.conftest: [basalt] App installed and transport connected
07:39:39 [INFO] functional.conftest: [basalt] App opened via install
PASSED                                                                   [  8%]
------------------------------ live log teardown -------------------------------
07:39:41 [INFO] functional.conftest: [basalt] Quitting app after test: test_new_back_icon[basalt]

test/functional/test_button_icons.py::TestNewModeIcons::test_new_up_icon[basalt] 
-------------------------------- live log setup --------------------------------
07:39:43 [INFO] functional.conftest: [basalt] Opening app for test: test_new_up_icon[basalt]
07:39:43 [INFO] functional.conftest: [basalt] Opening app via install (preserving state)
07:39:43 [INFO] functional.conftest: [basalt] Installing app on emulator
07:39:46 [INFO] functional.conftest: [basalt] App installed and transport connected
07:39:46 [INFO] functional.conftest: [basalt] App opened via install
PASSED                                                                   [  8%]
------------------------------ live log teardown -------------------------------
07:39:47 [INFO] functional.conftest: [basalt] Quitting app after test: test_new_up_icon[basalt]

test/functional/test_button_icons.py::TestNewModeIcons::test_new_select_icon[basalt] 
-------------------------------- live log setup --------------------------------
07:39:49 [INFO] functional.conftest: [basalt] Opening app for test: test_new_select_icon[basalt]
07:39:49 [INFO] functional.conftest: [basalt] Opening app via install (preserving state)
07:39:49 [INFO] functional.conftest: [basalt] Installing app on emulator
07:39:52 [INFO] functional.conftest: [basalt] App installed and transport connected
07:39:52 [INFO] functional.conftest: [basalt] App opened via install
PASSED                                                                   [  8%]
------------------------------ live log teardown -------------------------------
07:39:54 [INFO] functional.conftest: [basalt] Quitting app after test: test_new_select_icon[basalt]

test/functional/test_button_icons.py::TestNewModeIcons::test_new_down_icon[basalt] 
-------------------------------- live log setup --------------------------------
07:39:56 [INFO] functional.conftest: [basalt] Opening app for test: test_new_down_icon[basalt]
07:39:56 [INFO] functional.conftest: [basalt] Opening app via install (preserving state)
07:39:56 [INFO] functional.conftest: [basalt] Installing app on emulator
07:39:59 [INFO] functional.conftest: [basalt] App installed and transport connected
07:39:59 [INFO] functional.conftest: [basalt] App opened via install
PASSED                                                                   [  9%]
------------------------------ live log teardown -------------------------------
07:40:00 [INFO] functional.conftest: [basalt] Quitting app after test: test_new_down_icon[basalt]

test/functional/test_button_icons.py::TestNewModeIcons::test_new_long_up_direction_toggle[basalt] 
-------------------------------- live log setup --------------------------------
07:40:02 [INFO] functional.conftest: [basalt] Opening app for test: test_new_long_up_direction_toggle[basalt]
07:40:02 [INFO] functional.conftest: [basalt] Opening app via install (preserving state)
07:40:02 [INFO] functional.conftest: [basalt] Installing app on emulator
07:40:05 [INFO] functional.conftest: [basalt] App installed and transport connected
07:40:05 [INFO] functional.conftest: [basalt] App opened via install
PASSED                                                                   [  9%]
------------------------------ live log teardown -------------------------------
07:40:07 [INFO] functional.conftest: [basalt] Quitting app after test: test_new_long_up_direction_toggle[basalt]

test/functional/test_button_icons.py::TestNewModeIcons::test_new_long_select_icon[basalt] 
-------------------------------- live log setup --------------------------------
07:40:08 [INFO] functional.conftest: [basalt] Opening app for test: test_new_long_select_icon[basalt]
07:40:08 [INFO] functional.conftest: [basalt] Opening app via install (preserving state)
07:40:08 [INFO] functional.conftest: [basalt] Installing app on emulator
07:40:11 [INFO] functional.conftest: [basalt] App installed and transport connected
07:40:11 [INFO] functional.conftest: [basalt] App opened via install
SKIPPED (Long press select icon disabled due to display overlap (see...) [  9%]
------------------------------ live log teardown -------------------------------
07:40:12 [INFO] functional.conftest: [basalt] Quitting app after test: test_new_long_select_icon[basalt]

test/functional/test_button_icons.py::TestNewModeIcons::test_new_long_down_icon[basalt] 
-------------------------------- live log setup --------------------------------
07:40:14 [INFO] functional.conftest: [basalt] Opening app for test: test_new_long_down_icon[basalt]
07:40:14 [INFO] functional.conftest: [basalt] Opening app via install (preserving state)
07:40:14 [INFO] functional.conftest: [basalt] Installing app on emulator
07:40:17 [INFO] functional.conftest: [basalt] App installed and transport connected
07:40:17 [INFO] functional.conftest: [basalt] App opened via install
PASSED                                                                   [  9%]
------------------------------ live log teardown -------------------------------
07:40:18 [INFO] functional.conftest: [basalt] Quitting app after test: test_new_long_down_icon[basalt]

test/functional/test_button_icons.py::TestEditSecIcons::test_editsec_back_icon[basalt] 
-------------------------------- live log setup --------------------------------
07:40:20 [INFO] functional.conftest: [basalt] Opening app for test: test_editsec_back_icon[basalt]
07:40:20 [INFO] functional.conftest: [basalt] Opening app via install (preserving state)
07:40:20 [INFO] functional.conftest: [basalt] Installing app on emulator
07:40:23 [INFO] functional.conftest: [basalt] App installed and transport connected
07:40:23 [INFO] functional.conftest: [basalt] App opened via install
-------------------------------- live log call ---------------------------------
07:40:30 [WARNING] functional.test_button_icons: Icon mask mismatch for 'editsec_back_plus60' on basalt: 166 pixels differ (tolerance=10)
FAILED                                                                   [ 10%]
------------------------------ live log teardown -------------------------------
07:40:30 [INFO] functional.conftest: [basalt] Quitting app after test: test_editsec_back_icon[basalt]

test/functional/test_button_icons.py::TestEditSecIcons::test_editsec_up_icon[basalt] 
-------------------------------- live log setup --------------------------------
07:40:32 [INFO] functional.conftest: [basalt] Opening app for test: test_editsec_up_icon[basalt]
07:40:32 [INFO] functional.conftest: [basalt] Opening app via install (preserving state)
07:40:32 [INFO] functional.conftest: [basalt] Installing app on emulator
07:40:35 [INFO] functional.conftest: [basalt] App installed and transport connected
07:40:35 [INFO] functional.conftest: [basalt] App opened via install
-------------------------------- live log call ---------------------------------
07:40:41 [WARNING] functional.test_button_icons: Icon mask mismatch for 'editsec_up' on basalt: 139 pixels differ (tolerance=10)
FAILED                                                                   [ 10%]
------------------------------ live log teardown -------------------------------
07:40:41 [INFO] functional.conftest: [basalt] Quitting app after test: test_editsec_up_icon[basalt]

test/functional/test_button_icons.py::TestEditSecIcons::test_editsec_select_icon[basalt] 
-------------------------------- live log setup --------------------------------
07:40:43 [INFO] functional.conftest: [basalt] Opening app for test: test_editsec_select_icon[basalt]
07:40:43 [INFO] functional.conftest: [basalt] Opening app via install (preserving state)
07:40:43 [INFO] functional.conftest: [basalt] Installing app on emulator
07:40:46 [INFO] functional.conftest: [basalt] App installed and transport connected
07:40:46 [INFO] functional.conftest: [basalt] App opened via install
-------------------------------- live log call ---------------------------------
07:40:53 [WARNING] functional.test_button_icons: Icon mask mismatch for 'editsec_select' on basalt: 137 pixels differ (tolerance=10)
FAILED                                                                   [ 10%]
------------------------------ live log teardown -------------------------------
07:40:53 [INFO] functional.conftest: [basalt] Quitting app after test: test_editsec_select_icon[basalt]

test/functional/test_button_icons.py::TestEditSecIcons::test_editsec_down_icon[basalt] 
-------------------------------- live log setup --------------------------------
07:40:54 [INFO] functional.conftest: [basalt] Opening app for test: test_editsec_down_icon[basalt]
07:40:54 [INFO] functional.conftest: [basalt] Opening app via install (preserving state)
07:40:54 [INFO] functional.conftest: [basalt] Installing app on emulator
07:40:58 [INFO] functional.conftest: [basalt] App installed and transport connected
07:40:58 [INFO] functional.conftest: [basalt] App opened via install
-------------------------------- live log call ---------------------------------
07:41:04 [WARNING] functional.test_button_icons: Icon mask mismatch for 'editsec_down' on basalt: 144 pixels differ (tolerance=10)
FAILED                                                                   [ 10%]
------------------------------ live log teardown -------------------------------
07:41:04 [INFO] functional.conftest: [basalt] Quitting app after test: test_editsec_down_icon[basalt]

test/functional/test_button_icons.py::TestEditSecIcons::test_editsec_long_up_direction_toggle[basalt] 
-------------------------------- live log setup --------------------------------
07:41:06 [INFO] functional.conftest: [basalt] Opening app for test: test_editsec_long_up_direction_toggle[basalt]
07:41:06 [INFO] functional.conftest: [basalt] Opening app via install (preserving state)
07:41:06 [INFO] functional.conftest: [basalt] Installing app on emulator
07:41:09 [INFO] functional.conftest: [basalt] App installed and transport connected
07:41:09 [INFO] functional.conftest: [basalt] App opened via install
-------------------------------- live log call ---------------------------------
07:41:16 [WARNING] functional.test_button_icons: Icon mask mismatch for 'editsec_long_up' on basalt: 71 pixels differ (tolerance=10)
FAILED                                                                   [ 11%]
------------------------------ live log teardown -------------------------------
07:41:16 [INFO] functional.conftest: [basalt] Quitting app after test: test_editsec_long_up_direction_toggle[basalt]

test/functional/test_button_icons.py::TestCountingIcons::test_counting_back_icon[basalt] 
-------------------------------- live log setup --------------------------------
07:41:17 [INFO] functional.conftest: [basalt] Opening app for test: test_counting_back_icon[basalt]
07:41:17 [INFO] functional.conftest: [basalt] Opening app via install (preserving state)
07:41:17 [INFO] functional.conftest: [basalt] Installing app on emulator
07:41:21 [INFO] functional.conftest: [basalt] App installed and transport connected
07:41:21 [INFO] functional.conftest: [basalt] App opened via install
PASSED                                                                   [ 11%]
------------------------------ live log teardown -------------------------------
07:41:26 [INFO] functional.conftest: [basalt] Quitting app after test: test_counting_back_icon[basalt]

test/functional/test_button_icons.py::TestCountingIcons::test_counting_up_icon[basalt] 
-------------------------------- live log setup --------------------------------
07:41:28 [INFO] functional.conftest: [basalt] Opening app for test: test_counting_up_icon[basalt]
07:41:28 [INFO] functional.conftest: [basalt] Opening app via install (preserving state)
07:41:28 [INFO] functional.conftest: [basalt] Installing app on emulator
07:41:31 [INFO] functional.conftest: [basalt] App installed and transport connected
07:41:31 [INFO] functional.conftest: [basalt] App opened via install
PASSED                                                                   [ 11%]
------------------------------ live log teardown -------------------------------
07:41:37 [INFO] functional.conftest: [basalt] Quitting app after test: test_counting_up_icon[basalt]

test/functional/test_button_icons.py::TestCountingIcons::test_counting_select_icon[basalt] 
-------------------------------- live log setup --------------------------------
07:41:39 [INFO] functional.conftest: [basalt] Opening app for test: test_counting_select_icon[basalt]
07:41:39 [INFO] functional.conftest: [basalt] Opening app via install (preserving state)
07:41:39 [INFO] functional.conftest: [basalt] Installing app on emulator
07:41:42 [INFO] functional.conftest: [basalt] App installed and transport connected
07:41:42 [INFO] functional.conftest: [basalt] App opened via install
PASSED                                                                   [ 11%]
------------------------------ live log teardown -------------------------------
07:41:48 [INFO] functional.conftest: [basalt] Quitting app after test: test_counting_select_icon[basalt]

test/functional/test_button_icons.py::TestCountingIcons::test_counting_down_icon[basalt] 
-------------------------------- live log setup --------------------------------
07:41:50 [INFO] functional.conftest: [basalt] Opening app for test: test_counting_down_icon[basalt]
07:41:50 [INFO] functional.conftest: [basalt] Opening app via install (preserving state)
07:41:50 [INFO] functional.conftest: [basalt] Installing app on emulator
07:41:53 [INFO] functional.conftest: [basalt] App installed and transport connected
07:41:53 [INFO] functional.conftest: [basalt] App opened via install
PASSED                                                                   [ 11%]
------------------------------ live log teardown -------------------------------
07:41:59 [INFO] functional.conftest: [basalt] Quitting app after test: test_counting_down_icon[basalt]

test/functional/test_button_icons.py::TestCountingIcons::test_counting_long_up_icon[basalt] 
-------------------------------- live log setup --------------------------------
07:42:01 [INFO] functional.conftest: [basalt] Opening app for test: test_counting_long_up_icon[basalt]
07:42:01 [INFO] functional.conftest: [basalt] Opening app via install (preserving state)
07:42:01 [INFO] functional.conftest: [basalt] Installing app on emulator
07:42:04 [INFO] functional.conftest: [basalt] App installed and transport connected
07:42:04 [INFO] functional.conftest: [basalt] App opened via install
PASSED                                                                   [ 12%]
------------------------------ live log teardown -------------------------------
07:42:10 [INFO] functional.conftest: [basalt] Quitting app after test: test_counting_long_up_icon[basalt]

test/functional/test_button_icons.py::TestCountingIcons::test_counting_long_select_icon[basalt] 
-------------------------------- live log setup --------------------------------
07:42:12 [INFO] functional.conftest: [basalt] Opening app for test: test_counting_long_select_icon[basalt]
07:42:12 [INFO] functional.conftest: [basalt] Opening app via install (preserving state)
07:42:12 [INFO] functional.conftest: [basalt] Installing app on emulator
07:42:15 [INFO] functional.conftest: [basalt] App installed and transport connected
07:42:15 [INFO] functional.conftest: [basalt] App opened via install
SKIPPED (Long press select icon disabled due to display overlap (see...) [ 12%]
------------------------------ live log teardown -------------------------------
07:42:15 [INFO] functional.conftest: [basalt] Quitting app after test: test_counting_long_select_icon[basalt]

test/functional/test_button_icons.py::TestCountingIcons::test_counting_long_down_icon[basalt] 
-------------------------------- live log setup --------------------------------
07:42:17 [INFO] functional.conftest: [basalt] Opening app for test: test_counting_long_down_icon[basalt]
07:42:17 [INFO] functional.conftest: [basalt] Opening app via install (preserving state)
07:42:17 [INFO] functional.conftest: [basalt] Installing app on emulator
07:42:20 [INFO] functional.conftest: [basalt] App installed and transport connected
07:42:20 [INFO] functional.conftest: [basalt] App opened via install
PASSED                                                                   [ 12%]
------------------------------ live log teardown -------------------------------
07:42:26 [INFO] functional.conftest: [basalt] Quitting app after test: test_counting_long_down_icon[basalt]

test/functional/test_button_icons.py::TestPausedIcons::test_paused_select_icon_play[basalt] 
-------------------------------- live log setup --------------------------------
07:42:28 [INFO] functional.conftest: [basalt] Opening app for test: test_paused_select_icon_play[basalt]
07:42:28 [INFO] functional.conftest: [basalt] Opening app via install (preserving state)
07:42:28 [INFO] functional.conftest: [basalt] Installing app on emulator
07:42:31 [INFO] functional.conftest: [basalt] App installed and transport connected
07:42:31 [INFO] functional.conftest: [basalt] App opened via install
PASSED                                                                   [ 12%]
------------------------------ live log teardown -------------------------------
07:42:38 [INFO] functional.conftest: [basalt] Quitting app after test: test_paused_select_icon_play[basalt]

test/functional/test_button_icons.py::TestChronoIcons::test_chrono_select_icon[basalt] 
-------------------------------- live log setup --------------------------------
07:42:40 [INFO] functional.conftest: [basalt] Opening app for test: test_chrono_select_icon[basalt]
07:42:40 [INFO] functional.conftest: [basalt] Opening app via install (preserving state)
07:42:40 [INFO] functional.conftest: [basalt] Installing app on emulator
07:42:43 [INFO] functional.conftest: [basalt] App installed and transport connected
07:42:43 [INFO] functional.conftest: [basalt] App opened via install
-------------------------------- live log call ---------------------------------
07:42:45 [INFO] functional.test_button_icons: [basalt] Setting up 4s timer for icon test
07:42:52 [INFO] functional.test_button_icons: [basalt] Short timer set to 4s, waiting for expire
07:42:56 [INFO] functional.test_button_icons: [basalt] Short timer started, counting down from 4s
FAILED                                                                   [ 13%]
------------------------------ live log teardown -------------------------------
07:43:09 [INFO] functional.conftest: [basalt] Quitting app after test: test_chrono_select_icon[basalt]

test/functional/test_button_icons.py::TestChronoIcons::test_chrono_long_select_icon[basalt] 
-------------------------------- live log setup --------------------------------
07:43:11 [INFO] functional.conftest: [basalt] Opening app for test: test_chrono_long_select_icon[basalt]
07:43:11 [INFO] functional.conftest: [basalt] Opening app via install (preserving state)
07:43:11 [INFO] functional.conftest: [basalt] Installing app on emulator
07:43:14 [INFO] functional.conftest: [basalt] App installed and transport connected
07:43:14 [INFO] functional.conftest: [basalt] App opened via install
SKIPPED (Long press select icon disabled due to display overlap (see...) [ 13%]
------------------------------ live log teardown -------------------------------
07:43:15 [INFO] functional.conftest: [basalt] Quitting app after test: test_chrono_long_select_icon[basalt]

test/functional/test_button_icons.py::TestEditRepeatIcons::test_editrepeat_back_icon[basalt] 
-------------------------------- live log setup --------------------------------
07:43:17 [INFO] functional.conftest: [basalt] Opening app for test: test_editrepeat_back_icon[basalt]
07:43:17 [INFO] functional.conftest: [basalt] Opening app via install (preserving state)
07:43:17 [INFO] functional.conftest: [basalt] Installing app on emulator
07:43:20 [INFO] functional.conftest: [basalt] App installed and transport connected
07:43:20 [INFO] functional.conftest: [basalt] App opened via install
-------------------------------- live log call ---------------------------------
07:43:28 [WARNING] functional.test_button_icons: Icon mask mismatch for 'editrepeat_back' on basalt: 30 pixels differ (tolerance=20)
FAILED                                                                   [ 13%]
------------------------------ live log teardown -------------------------------
07:43:28 [INFO] functional.conftest: [basalt] Quitting app after test: test_editrepeat_back_icon[basalt]

test/functional/test_button_icons.py::TestEditRepeatIcons::test_editrepeat_up_icon[basalt] 
-------------------------------- live log setup --------------------------------
07:43:30 [INFO] functional.conftest: [basalt] Opening app for test: test_editrepeat_up_icon[basalt]
07:43:30 [INFO] functional.conftest: [basalt] Opening app via install (preserving state)
07:43:30 [INFO] functional.conftest: [basalt] Installing app on emulator
07:43:33 [INFO] functional.conftest: [basalt] App installed and transport connected
07:43:33 [INFO] functional.conftest: [basalt] App opened via install
-------------------------------- live log call ---------------------------------
07:43:41 [INFO] functional.test_button_icons: No reference found for 'editrepeat_up' (auto_save=False)
PASSED                                                                   [ 13%]
------------------------------ live log teardown -------------------------------
07:43:41 [INFO] functional.conftest: [basalt] Quitting app after test: test_editrepeat_up_icon[basalt]

test/functional/test_button_icons.py::TestEditRepeatIcons::test_editrepeat_select_icon[basalt] 
-------------------------------- live log setup --------------------------------
07:43:43 [INFO] functional.conftest: [basalt] Opening app for test: test_editrepeat_select_icon[basalt]
07:43:43 [INFO] functional.conftest: [basalt] Opening app via install (preserving state)
07:43:43 [INFO] functional.conftest: [basalt] Installing app on emulator
07:43:46 [INFO] functional.conftest: [basalt] App installed and transport connected
07:43:46 [INFO] functional.conftest: [basalt] App opened via install
PASSED                                                                   [ 14%]
------------------------------ live log teardown -------------------------------
07:43:54 [INFO] functional.conftest: [basalt] Quitting app after test: test_editrepeat_select_icon[basalt]

test/functional/test_button_icons.py::TestEditRepeatIcons::test_editrepeat_down_icon[basalt] 
-------------------------------- live log setup --------------------------------
07:43:56 [INFO] functional.conftest: [basalt] Opening app for test: test_editrepeat_down_icon[basalt]
07:43:56 [INFO] functional.conftest: [basalt] Opening app via install (preserving state)
07:43:56 [INFO] functional.conftest: [basalt] Installing app on emulator
07:43:59 [INFO] functional.conftest: [basalt] App installed and transport connected
07:43:59 [INFO] functional.conftest: [basalt] App opened via install
PASSED                                                                   [ 14%]
------------------------------ live log teardown -------------------------------
07:44:07 [INFO] functional.conftest: [basalt] Quitting app after test: test_editrepeat_down_icon[basalt]

test/functional/test_button_icons.py::TestAlarmIcons::test_alarm_back_icon_silence[chalk] 
-------------------------------- live log setup --------------------------------
07:44:09 [INFO] functional.test_button_icons: [basalt] Tearing down - killing emulator
SKIPPED (Skipping test for chalk since --platform=basalt was specified.) [ 14%]
test/functional/test_button_icons.py::TestAlarmIcons::test_alarm_up_icon_edit[chalk] SKIPPED [ 14%]
test/functional/test_button_icons.py::TestAlarmIcons::test_alarm_long_up_icon_reset[chalk] SKIPPED [ 14%]
test/functional/test_button_icons.py::TestAlarmIcons::test_alarm_select_icon_pause[chalk] SKIPPED [ 15%]
test/functional/test_button_icons.py::TestAlarmIcons::test_alarm_down_icon_snooze[chalk] SKIPPED [ 15%]
test/functional/test_button_icons.py::TestNewModeIcons::test_new_back_icon[chalk] SKIPPED [ 15%]
test/functional/test_button_icons.py::TestNewModeIcons::test_new_up_icon[chalk] SKIPPED [ 15%]
test/functional/test_button_icons.py::TestNewModeIcons::test_new_select_icon[chalk] SKIPPED [ 16%]
test/functional/test_button_icons.py::TestNewModeIcons::test_new_down_icon[chalk] SKIPPED [ 16%]
test/functional/test_button_icons.py::TestNewModeIcons::test_new_long_up_direction_toggle[chalk] SKIPPED [ 16%]
test/functional/test_button_icons.py::TestNewModeIcons::test_new_long_select_icon[chalk] SKIPPED [ 16%]
test/functional/test_button_icons.py::TestNewModeIcons::test_new_long_down_icon[chalk] SKIPPED [ 17%]
test/functional/test_button_icons.py::TestEditSecIcons::test_editsec_back_icon[chalk] SKIPPED [ 17%]
test/functional/test_button_icons.py::TestEditSecIcons::test_editsec_up_icon[chalk] SKIPPED [ 17%]
test/functional/test_button_icons.py::TestEditSecIcons::test_editsec_select_icon[chalk] SKIPPED [ 17%]
test/functional/test_button_icons.py::TestEditSecIcons::test_editsec_down_icon[chalk] SKIPPED [ 17%]
test/functional/test_button_icons.py::TestEditSecIcons::test_editsec_long_up_direction_toggle[chalk] SKIPPED [ 18%]
test/functional/test_button_icons.py::TestCountingIcons::test_counting_back_icon[chalk] SKIPPED [ 18%]
test/functional/test_button_icons.py::TestCountingIcons::test_counting_up_icon[chalk] SKIPPED [ 18%]
test/functional/test_button_icons.py::TestCountingIcons::test_counting_select_icon[chalk] SKIPPED [ 18%]
test/functional/test_button_icons.py::TestCountingIcons::test_counting_down_icon[chalk] SKIPPED [ 19%]
test/functional/test_button_icons.py::TestCountingIcons::test_counting_long_up_icon[chalk] SKIPPED [ 19%]
test/functional/test_button_icons.py::TestCountingIcons::test_counting_long_select_icon[chalk] SKIPPED [ 19%]
test/functional/test_button_icons.py::TestCountingIcons::test_counting_long_down_icon[chalk] SKIPPED [ 19%]
test/functional/test_button_icons.py::TestPausedIcons::test_paused_select_icon_play[chalk] SKIPPED [ 20%]
test/functional/test_button_icons.py::TestChronoIcons::test_chrono_select_icon[chalk] SKIPPED [ 20%]
test/functional/test_button_icons.py::TestChronoIcons::test_chrono_long_select_icon[chalk] SKIPPED [ 20%]
test/functional/test_button_icons.py::TestEditRepeatIcons::test_editrepeat_back_icon[chalk] SKIPPED [ 20%]
test/functional/test_button_icons.py::TestEditRepeatIcons::test_editrepeat_up_icon[chalk] SKIPPED [ 20%]
test/functional/test_button_icons.py::TestEditRepeatIcons::test_editrepeat_select_icon[chalk] SKIPPED [ 21%]
test/functional/test_button_icons.py::TestEditRepeatIcons::test_editrepeat_down_icon[chalk] SKIPPED [ 21%]
test/functional/test_button_icons.py::TestAlarmIcons::test_alarm_back_icon_silence[diorite] SKIPPED [ 21%]
test/functional/test_button_icons.py::TestAlarmIcons::test_alarm_up_icon_edit[diorite] SKIPPED [ 21%]
test/functional/test_button_icons.py::TestAlarmIcons::test_alarm_long_up_icon_reset[diorite] SKIPPED [ 22%]
test/functional/test_button_icons.py::TestAlarmIcons::test_alarm_select_icon_pause[diorite] SKIPPED [ 22%]
test/functional/test_button_icons.py::TestAlarmIcons::test_alarm_down_icon_snooze[diorite] SKIPPED [ 22%]
test/functional/test_button_icons.py::TestNewModeIcons::test_new_back_icon[diorite] SKIPPED [ 22%]
test/functional/test_button_icons.py::TestNewModeIcons::test_new_up_icon[diorite] SKIPPED [ 22%]
test/functional/test_button_icons.py::TestNewModeIcons::test_new_select_icon[diorite] SKIPPED [ 23%]
test/functional/test_button_icons.py::TestNewModeIcons::test_new_down_icon[diorite] SKIPPED [ 23%]
test/functional/test_button_icons.py::TestNewModeIcons::test_new_long_up_direction_toggle[diorite] SKIPPED [ 23%]
test/functional/test_button_icons.py::TestNewModeIcons::test_new_long_select_icon[diorite] SKIPPED [ 23%]
test/functional/test_button_icons.py::TestNewModeIcons::test_new_long_down_icon[diorite] SKIPPED [ 24%]
test/functional/test_button_icons.py::TestEditSecIcons::test_editsec_back_icon[diorite] SKIPPED [ 24%]
test/functional/test_button_icons.py::TestEditSecIcons::test_editsec_up_icon[diorite] SKIPPED [ 24%]
test/functional/test_button_icons.py::TestEditSecIcons::test_editsec_select_icon[diorite] SKIPPED [ 24%]
test/functional/test_button_icons.py::TestEditSecIcons::test_editsec_down_icon[diorite] SKIPPED [ 25%]
test/functional/test_button_icons.py::TestEditSecIcons::test_editsec_long_up_direction_toggle[diorite] SKIPPED [ 25%]
test/functional/test_button_icons.py::TestCountingIcons::test_counting_back_icon[diorite] SKIPPED [ 25%]
test/functional/test_button_icons.py::TestCountingIcons::test_counting_up_icon[diorite] SKIPPED [ 25%]
test/functional/test_button_icons.py::TestCountingIcons::test_counting_select_icon[diorite] SKIPPED [ 25%]
test/functional/test_button_icons.py::TestCountingIcons::test_counting_down_icon[diorite] SKIPPED [ 26%]
test/functional/test_button_icons.py::TestCountingIcons::test_counting_long_up_icon[diorite] SKIPPED [ 26%]
test/functional/test_button_icons.py::TestCountingIcons::test_counting_long_select_icon[diorite] SKIPPED [ 26%]
test/functional/test_button_icons.py::TestCountingIcons::test_counting_long_down_icon[diorite] SKIPPED [ 26%]
test/functional/test_button_icons.py::TestPausedIcons::test_paused_select_icon_play[diorite] SKIPPED [ 27%]
test/functional/test_button_icons.py::TestChronoIcons::test_chrono_select_icon[diorite] SKIPPED [ 27%]
test/functional/test_button_icons.py::TestChronoIcons::test_chrono_long_select_icon[diorite] SKIPPED [ 27%]
test/functional/test_button_icons.py::TestEditRepeatIcons::test_editrepeat_back_icon[diorite] SKIPPED [ 27%]
test/functional/test_button_icons.py::TestEditRepeatIcons::test_editrepeat_up_icon[diorite] SKIPPED [ 28%]
test/functional/test_button_icons.py::TestEditRepeatIcons::test_editrepeat_select_icon[diorite] SKIPPED [ 28%]
test/functional/test_button_icons.py::TestEditRepeatIcons::test_editrepeat_down_icon[diorite] SKIPPED [ 28%]
test/functional/test_button_icons.py::TestAlarmIcons::test_alarm_back_icon_silence[emery] SKIPPED [ 28%]
test/functional/test_button_icons.py::TestAlarmIcons::test_alarm_up_icon_edit[emery] SKIPPED [ 28%]
test/functional/test_button_icons.py::TestAlarmIcons::test_alarm_long_up_icon_reset[emery] SKIPPED [ 29%]
test/functional/test_button_icons.py::TestAlarmIcons::test_alarm_select_icon_pause[emery] SKIPPED [ 29%]
test/functional/test_button_icons.py::TestAlarmIcons::test_alarm_down_icon_snooze[emery] SKIPPED [ 29%]
test/functional/test_button_icons.py::TestNewModeIcons::test_new_back_icon[emery] SKIPPED [ 29%]
test/functional/test_button_icons.py::TestNewModeIcons::test_new_up_icon[emery] SKIPPED [ 30%]
test/functional/test_button_icons.py::TestNewModeIcons::test_new_select_icon[emery] SKIPPED [ 30%]
test/functional/test_button_icons.py::TestNewModeIcons::test_new_down_icon[emery] SKIPPED [ 30%]
test/functional/test_button_icons.py::TestNewModeIcons::test_new_long_up_direction_toggle[emery] SKIPPED [ 30%]
test/functional/test_button_icons.py::TestNewModeIcons::test_new_long_select_icon[emery] SKIPPED [ 31%]
test/functional/test_button_icons.py::TestNewModeIcons::test_new_long_down_icon[emery] SKIPPED [ 31%]
test/functional/test_button_icons.py::TestEditSecIcons::test_editsec_back_icon[emery] SKIPPED [ 31%]
test/functional/test_button_icons.py::TestEditSecIcons::test_editsec_up_icon[emery] SKIPPED [ 31%]
test/functional/test_button_icons.py::TestEditSecIcons::test_editsec_select_icon[emery] SKIPPED [ 31%]
test/functional/test_button_icons.py::TestEditSecIcons::test_editsec_down_icon[emery] SKIPPED [ 32%]
test/functional/test_button_icons.py::TestEditSecIcons::test_editsec_long_up_direction_toggle[emery] SKIPPED [ 32%]
test/functional/test_button_icons.py::TestCountingIcons::test_counting_back_icon[emery] SKIPPED [ 32%]
test/functional/test_button_icons.py::TestCountingIcons::test_counting_up_icon[emery] SKIPPED [ 32%]
test/functional/test_button_icons.py::TestCountingIcons::test_counting_select_icon[emery] SKIPPED [ 33%]
test/functional/test_button_icons.py::TestCountingIcons::test_counting_down_icon[emery] SKIPPED [ 33%]
test/functional/test_button_icons.py::TestCountingIcons::test_counting_long_up_icon[emery] SKIPPED [ 33%]
test/functional/test_button_icons.py::TestCountingIcons::test_counting_long_select_icon[emery] SKIPPED [ 33%]
test/functional/test_button_icons.py::TestCountingIcons::test_counting_long_down_icon[emery] SKIPPED [ 34%]
test/functional/test_button_icons.py::TestPausedIcons::test_paused_select_icon_play[emery] SKIPPED [ 34%]
test/functional/test_button_icons.py::TestChronoIcons::test_chrono_select_icon[emery] SKIPPED [ 34%]
test/functional/test_button_icons.py::TestChronoIcons::test_chrono_long_select_icon[emery] SKIPPED [ 34%]
test/functional/test_button_icons.py::TestEditRepeatIcons::test_editrepeat_back_icon[emery] SKIPPED [ 34%]
test/functional/test_button_icons.py::TestEditRepeatIcons::test_editrepeat_up_icon[emery] SKIPPED [ 35%]
test/functional/test_button_icons.py::TestEditRepeatIcons::test_editrepeat_select_icon[emery] SKIPPED [ 35%]
test/functional/test_button_icons.py::TestEditRepeatIcons::test_editrepeat_down_icon[emery] SKIPPED [ 35%]
test/functional/test_create_timer.py::TestCreateTimer::test_create_2_minute_timer[aplite] SKIPPED [ 35%]
test/functional/test_create_timer.py::TestCreateTimer::test_initial_state_shows_new[aplite] SKIPPED [ 36%]
test/functional/test_create_timer.py::TestCreateTimer::test_down_button_increments_minutes[aplite] SKIPPED [ 36%]
test/functional/test_create_timer.py::TestButtonPresses::test_up_button_increments_20_minutes[aplite] SKIPPED [ 36%]
test/functional/test_create_timer.py::TestButtonPresses::test_select_button_increments_5_minutes[aplite] SKIPPED [ 36%]
test/functional/test_create_timer.py::TestTimerCountdown::test_timer_counts_down[aplite] SKIPPED [ 37%]
test/functional/test_create_timer.py::TestTimerCountdown::test_timer_transitions_to_counting_mode[aplite] SKIPPED [ 37%]
test/functional/test_create_timer.py::TestChronoMode::test_chrono_mode_counts_up[aplite] SKIPPED [ 37%]
test/functional/test_create_timer.py::TestPlayPause::test_select_toggles_play_pause_in_counting_mode[aplite] SKIPPED [ 37%]
test/functional/test_create_timer.py::TestTimerStartsImmediately::test_timer_counts_down_during_setup[aplite] SKIPPED [ 37%]
test/functional/test_create_timer.py::TestTimerStartsImmediately::test_chrono_has_elapsed_time_when_mode_expires[aplite] SKIPPED [ 38%]
test/functional/test_create_timer.py::TestLongPressReset::test_long_press_select_resets_timer[aplite] SKIPPED [ 38%]
test/functional/test_create_timer.py::TestCreateTimer::test_create_2_minute_timer[basalt] 
-------------------------------- live log setup --------------------------------
07:44:10 [INFO] functional.conftest: [basalt] Starting warm-up cycle to clear stale state
07:44:13 [INFO] functional.conftest: [basalt] Installing app on emulator
07:44:21 [INFO] functional.conftest: [basalt] App installed and transport connected
07:44:21 [INFO] functional.conftest: [basalt] Waiting for emulator to stabilize (2s)
07:44:23 [INFO] functional.conftest: [basalt] Holding down button to quit app and set persist state
07:44:25 [INFO] functional.conftest: [basalt] App quit via long press, persist state set
07:44:25 [INFO] functional.conftest: [basalt] Emulator ready for tests
07:44:25 [INFO] functional.conftest: [basalt] Opening app for test: test_create_2_minute_timer[basalt]
07:44:25 [INFO] functional.conftest: [basalt] Opening app via install (preserving state)
07:44:25 [INFO] functional.conftest: [basalt] Installing app on emulator
07:44:28 [INFO] functional.conftest: [basalt] App installed and transport connected
07:44:28 [INFO] functional.conftest: [basalt] App opened via install
-------------------------------- live log call ---------------------------------
07:44:37 [INFO] functional.test_create_timer: extracted text #1m 1 +20 New 155 7.46 +Im III}
PASSED                                                                   [ 38%]
------------------------------ live log teardown -------------------------------
07:44:37 [INFO] functional.conftest: [basalt] Quitting app after test: test_create_2_minute_timer[basalt]

test/functional/test_create_timer.py::TestCreateTimer::test_initial_state_shows_new[basalt] 
-------------------------------- live log setup --------------------------------
07:44:39 [INFO] functional.conftest: [basalt] Opening app for test: test_initial_state_shows_new[basalt]
07:44:39 [INFO] functional.conftest: [basalt] Opening app via install (preserving state)
07:44:39 [INFO] functional.conftest: [basalt] Installing app on emulator
07:44:42 [INFO] functional.conftest: [basalt] App installed and transport connected
07:44:42 [INFO] functional.conftest: [basalt] App opened via install
-------------------------------- live log call ---------------------------------
07:44:45 [INFO] functional.test_create_timer: Initial state text: +1h 1 +20 New -d:p1 7*44 +Im
PASSED                                                                   [ 38%]
------------------------------ live log teardown -------------------------------
07:44:45 [INFO] functional.conftest: [basalt] Quitting app after test: test_initial_state_shows_new[basalt]

test/functional/test_create_timer.py::TestCreateTimer::test_down_button_increments_minutes[basalt] 
-------------------------------- live log setup --------------------------------
07:44:47 [INFO] functional.conftest: [basalt] Opening app for test: test_down_button_increments_minutes[basalt]
07:44:47 [INFO] functional.conftest: [basalt] Opening app via install (preserving state)
07:44:47 [INFO] functional.conftest: [basalt] Installing app on emulator
07:44:50 [INFO] functional.conftest: [basalt] App installed and transport connected
07:44:50 [INFO] functional.conftest: [basalt] App opened via install
-------------------------------- live log call ---------------------------------
07:44:55 [INFO] functional.test_create_timer: After 3 Down presses: #1m 1 +20 New 2.56 5 7*47 #i III}
PASSED                                                                   [ 39%]
------------------------------ live log teardown -------------------------------
07:44:55 [INFO] functional.conftest: [basalt] Quitting app after test: test_down_button_increments_minutes[basalt]

test/functional/test_create_timer.py::TestButtonPresses::test_up_button_increments_20_minutes[basalt] 
-------------------------------- live log setup --------------------------------
07:44:57 [INFO] functional.conftest: [basalt] Opening app for test: test_up_button_increments_20_minutes[basalt]
07:44:57 [INFO] functional.conftest: [basalt] Opening app via install (preserving state)
07:44:57 [INFO] functional.conftest: [basalt] Installing app on emulator
07:45:00 [INFO] functional.conftest: [basalt] App installed and transport connected
07:45:00 [INFO] functional.conftest: [basalt] App opened via install
-------------------------------- live log call ---------------------------------
07:45:02 [INFO] functional.test_create_timer: After Up press - state: {'event': 'button_up', 't': '19:57', 'm': 'New', 'r': '0', 'p': '0', 'v': '0', 'd': '1'}
PASSED                                                                   [ 39%]
------------------------------ live log teardown -------------------------------
07:45:02 [INFO] functional.conftest: [basalt] Quitting app after test: test_up_button_increments_20_minutes[basalt]

test/functional/test_create_timer.py::TestButtonPresses::test_select_button_increments_5_minutes[basalt] 
-------------------------------- live log setup --------------------------------
07:45:04 [INFO] functional.conftest: [basalt] Opening app for test: test_select_button_increments_5_minutes[basalt]
07:45:04 [INFO] functional.conftest: [basalt] Opening app via install (preserving state)
07:45:04 [INFO] functional.conftest: [basalt] Installing app on emulator
07:45:07 [INFO] functional.conftest: [basalt] App installed and transport connected
07:45:07 [INFO] functional.conftest: [basalt] App opened via install
-------------------------------- live log call ---------------------------------
07:45:10 [INFO] functional.test_create_timer: After Select press: #1m 1 +20 New 4657 6 7*50 +Im III}
07:45:11 [INFO] functional.test_create_timer:   normalized: 1 1 20  4657 6 750 1 111
PASSED                                                                   [ 39%]
------------------------------ live log teardown -------------------------------
07:45:11 [INFO] functional.conftest: [basalt] Quitting app after test: test_select_button_increments_5_minutes[basalt]

test/functional/test_create_timer.py::TestTimerCountdown::test_timer_counts_down[basalt] 
-------------------------------- live log setup --------------------------------
07:45:12 [INFO] functional.conftest: [basalt] Opening app for test: test_timer_counts_down[basalt]
07:45:12 [INFO] functional.conftest: [basalt] Opening app via install (preserving state)
07:45:12 [INFO] functional.conftest: [basalt] Installing app on emulator
07:45:15 [INFO] functional.conftest: [basalt] App installed and transport connected
07:45:15 [INFO] functional.conftest: [basalt] App opened via install
-------------------------------- live log call ---------------------------------
07:45:29 [INFO] functional.test_create_timer: Countdown start text: 0 e 01.00 0.53 7*45 Ker M J
07:45:31 [INFO] functional.test_create_timer: After 5s text:  e 01.00 0.4- 7.45 Ker M J
PASSED                                                                   [ 39%]
------------------------------ live log teardown -------------------------------
07:45:31 [INFO] functional.conftest: [basalt] Quitting app after test: test_timer_counts_down[basalt]

test/functional/test_create_timer.py::TestTimerCountdown::test_timer_transitions_to_counting_mode[basalt] 
-------------------------------- live log setup --------------------------------
07:45:33 [INFO] functional.conftest: [basalt] Opening app for test: test_timer_transitions_to_counting_mode[basalt]
07:45:33 [INFO] functional.conftest: [basalt] Opening app via install (preserving state)
07:45:33 [INFO] functional.conftest: [basalt] Installing app on emulator
07:45:36 [INFO] functional.conftest: [basalt] App installed and transport connected
07:45:36 [INFO] functional.conftest: [basalt] App opened via install
-------------------------------- live log call ---------------------------------
07:45:38 [INFO] functional.test_create_timer: After Down press state: {'event': 'button_down', 't': '0:58', 'm': 'New', 'r': '0', 'p': '0', 'v': '0', 'd': '1'}
07:45:41 [INFO] functional.test_create_timer: After transition state: {'event': 'mode_change', 't': '0:55', 'm': 'Counting', 'r': '0', 'p': '0', 'v': '0', 'd': '1'}
PASSED                                                                   [ 40%]
------------------------------ live log teardown -------------------------------
07:45:41 [INFO] functional.conftest: [basalt] Quitting app after test: test_timer_transitions_to_counting_mode[basalt]

test/functional/test_create_timer.py::TestChronoMode::test_chrono_mode_counts_up[basalt] 
-------------------------------- live log setup --------------------------------
07:45:43 [INFO] functional.conftest: [basalt] Opening app for test: test_chrono_mode_counts_up[basalt]
07:45:43 [INFO] functional.conftest: [basalt] Opening app via install (preserving state)
07:45:43 [INFO] functional.conftest: [basalt] Installing app on emulator
07:45:46 [INFO] functional.conftest: [basalt] App installed and transport connected
07:45:46 [INFO] functional.conftest: [basalt] App opened via install
-------------------------------- live log call ---------------------------------
07:45:56 [INFO] functional.test_create_timer: Chrono mode start: e Oo;00--> 0:s 7*45 M %
07:45:58 [INFO] functional.test_create_timer: Chrono after 3s: @ Oo;00--> dB 7*45 M %
PASSED                                                                   [ 40%]
------------------------------ live log teardown -------------------------------
07:45:58 [INFO] functional.conftest: [basalt] Quitting app after test: test_chrono_mode_counts_up[basalt]

test/functional/test_create_timer.py::TestPlayPause::test_select_toggles_play_pause_in_counting_mode[basalt] 
-------------------------------- live log setup --------------------------------
07:46:00 [INFO] functional.conftest: [basalt] Opening app for test: test_select_toggles_play_pause_in_counting_mode[basalt]
07:46:00 [INFO] functional.conftest: [basalt] Opening app via install (preserving state)
07:46:00 [INFO] functional.conftest: [basalt] Installing app on emulator
07:46:03 [INFO] functional.conftest: [basalt] App installed and transport connected
07:46:03 [INFO] functional.conftest: [basalt] App opened via install
-------------------------------- live log call ---------------------------------
07:46:19 [INFO] functional.test_create_timer: Running timer: 49 e 01.00 0.53 7*46 Ker M J
07:46:21 [INFO] functional.test_create_timer: Paused timer: e 01.00 0:6z4 7*46 Ker M J
07:46:23 [INFO] functional.test_create_timer: Still paused: e 01.00 0:6z4 7*46 Ker M J
07:46:24 [INFO] functional.test_create_timer: Resumed timer: e 01.00 dE0 7*46 Ker M J
PASSED                                                                   [ 40%]
------------------------------ live log teardown -------------------------------
07:46:24 [INFO] functional.conftest: [basalt] Quitting app after test: test_select_toggles_play_pause_in_counting_mode[basalt]

test/functional/test_create_timer.py::TestTimerStartsImmediately::test_timer_counts_down_during_setup[basalt] 
-------------------------------- live log setup --------------------------------
07:46:26 [INFO] functional.conftest: [basalt] Opening app for test: test_timer_counts_down_during_setup[basalt]
07:46:26 [INFO] functional.conftest: [basalt] Opening app via install (preserving state)
07:46:26 [INFO] functional.conftest: [basalt] Installing app on emulator
07:46:29 [INFO] functional.conftest: [basalt] App installed and transport connected
07:46:29 [INFO] functional.conftest: [basalt] App opened via install
-------------------------------- live log call ---------------------------------
07:46:44 [INFO] functional.test_create_timer: After 6 Down presses with 2s delays - state: {'event': 'button_down', 't': '5:45', 'm': 'New', 'r': '0', 'p': '0', 'v': '0', 'd': '1'}
PASSED                                                                   [ 40%]
------------------------------ live log teardown -------------------------------
07:46:44 [INFO] functional.conftest: [basalt] Quitting app after test: test_timer_counts_down_during_setup[basalt]

test/functional/test_create_timer.py::TestTimerStartsImmediately::test_chrono_has_elapsed_time_when_mode_expires[basalt] 
-------------------------------- live log setup --------------------------------
07:46:46 [INFO] functional.conftest: [basalt] Opening app for test: test_chrono_has_elapsed_time_when_mode_expires[basalt]
07:46:46 [INFO] functional.conftest: [basalt] Opening app via install (preserving state)
07:46:46 [INFO] functional.conftest: [basalt] Installing app on emulator
07:46:49 [INFO] functional.conftest: [basalt] App installed and transport connected
07:46:49 [INFO] functional.conftest: [basalt] App opened via install
-------------------------------- live log call ---------------------------------
07:46:52 [INFO] functional.test_create_timer: Mode change state: {'event': 'mode_change', 't': '0:03', 'm': 'Counting', 'r': '0', 'p': '0', 'v': '0', 'd': '1'}
PASSED                                                                   [ 40%]
------------------------------ live log teardown -------------------------------
07:46:52 [INFO] functional.conftest: [basalt] Quitting app after test: test_chrono_has_elapsed_time_when_mode_expires[basalt]

test/functional/test_create_timer.py::TestLongPressReset::test_long_press_select_resets_timer[basalt] 
-------------------------------- live log setup --------------------------------
07:46:54 [INFO] functional.conftest: [basalt] Opening app for test: test_long_press_select_resets_timer[basalt]
07:46:54 [INFO] functional.conftest: [basalt] Opening app via install (preserving state)
07:46:54 [INFO] functional.conftest: [basalt] Installing app on emulator
07:46:57 [INFO] functional.conftest: [basalt] App installed and transport connected
07:46:57 [INFO] functional.conftest: [basalt] App opened via install
-------------------------------- live log call ---------------------------------
07:47:08 [INFO] functional.test_create_timer: Before reset: 9 e 20;00 19:630 7*47 Ker M 4
07:47:09 [INFO] functional.test_create_timer: After reset: 9 e 20;00 19:67 7*47 Ker M 4
PASSED                                                                   [ 41%]
------------------------------ live log teardown -------------------------------
07:47:09 [INFO] functional.conftest: [basalt] Quitting app after test: test_long_press_select_resets_timer[basalt]

test/functional/test_create_timer.py::TestCreateTimer::test_create_2_minute_timer[chalk] 
-------------------------------- live log setup --------------------------------
07:47:11 [INFO] functional.conftest: [basalt] Tearing down - killing emulator
SKIPPED (Skipping test for chalk since --platform=basalt was specified.) [ 41%]
test/functional/test_create_timer.py::TestCreateTimer::test_initial_state_shows_new[chalk] SKIPPED [ 41%]
test/functional/test_create_timer.py::TestCreateTimer::test_down_button_increments_minutes[chalk] SKIPPED [ 41%]
test/functional/test_create_timer.py::TestButtonPresses::test_up_button_increments_20_minutes[chalk] SKIPPED [ 42%]
test/functional/test_create_timer.py::TestButtonPresses::test_select_button_increments_5_minutes[chalk] SKIPPED [ 42%]
test/functional/test_create_timer.py::TestTimerCountdown::test_timer_counts_down[chalk] SKIPPED [ 42%]
test/functional/test_create_timer.py::TestTimerCountdown::test_timer_transitions_to_counting_mode[chalk] SKIPPED [ 42%]
test/functional/test_create_timer.py::TestChronoMode::test_chrono_mode_counts_up[chalk] SKIPPED [ 42%]
test/functional/test_create_timer.py::TestPlayPause::test_select_toggles_play_pause_in_counting_mode[chalk] SKIPPED [ 43%]
test/functional/test_create_timer.py::TestTimerStartsImmediately::test_timer_counts_down_during_setup[chalk] SKIPPED [ 43%]
test/functional/test_create_timer.py::TestTimerStartsImmediately::test_chrono_has_elapsed_time_when_mode_expires[chalk] SKIPPED [ 43%]
test/functional/test_create_timer.py::TestLongPressReset::test_long_press_select_resets_timer[chalk] SKIPPED [ 43%]
test/functional/test_create_timer.py::TestCreateTimer::test_create_2_minute_timer[diorite] SKIPPED [ 44%]
test/functional/test_create_timer.py::TestCreateTimer::test_initial_state_shows_new[diorite] SKIPPED [ 44%]
test/functional/test_create_timer.py::TestCreateTimer::test_down_button_increments_minutes[diorite] SKIPPED [ 44%]
test/functional/test_create_timer.py::TestButtonPresses::test_up_button_increments_20_minutes[diorite] SKIPPED [ 44%]
test/functional/test_create_timer.py::TestButtonPresses::test_select_button_increments_5_minutes[diorite] SKIPPED [ 45%]
test/functional/test_create_timer.py::TestTimerCountdown::test_timer_counts_down[diorite] SKIPPED [ 45%]
test/functional/test_create_timer.py::TestTimerCountdown::test_timer_transitions_to_counting_mode[diorite] SKIPPED [ 45%]
test/functional/test_create_timer.py::TestChronoMode::test_chrono_mode_counts_up[diorite] SKIPPED [ 45%]
test/functional/test_create_timer.py::TestPlayPause::test_select_toggles_play_pause_in_counting_mode[diorite] SKIPPED [ 45%]
test/functional/test_create_timer.py::TestTimerStartsImmediately::test_timer_counts_down_during_setup[diorite] SKIPPED [ 46%]
test/functional/test_create_timer.py::TestTimerStartsImmediately::test_chrono_has_elapsed_time_when_mode_expires[diorite] SKIPPED [ 46%]
test/functional/test_create_timer.py::TestLongPressReset::test_long_press_select_resets_timer[diorite] SKIPPED [ 46%]
test/functional/test_create_timer.py::TestCreateTimer::test_create_2_minute_timer[emery] SKIPPED [ 46%]
test/functional/test_create_timer.py::TestCreateTimer::test_initial_state_shows_new[emery] SKIPPED [ 47%]
test/functional/test_create_timer.py::TestCreateTimer::test_down_button_increments_minutes[emery] SKIPPED [ 47%]
test/functional/test_create_timer.py::TestButtonPresses::test_up_button_increments_20_minutes[emery] SKIPPED [ 47%]
test/functional/test_create_timer.py::TestButtonPresses::test_select_button_increments_5_minutes[emery] SKIPPED [ 47%]
test/functional/test_create_timer.py::TestTimerCountdown::test_timer_counts_down[emery] SKIPPED [ 48%]
test/functional/test_create_timer.py::TestTimerCountdown::test_timer_transitions_to_counting_mode[emery] SKIPPED [ 48%]
test/functional/test_create_timer.py::TestChronoMode::test_chrono_mode_counts_up[emery] SKIPPED [ 48%]
test/functional/test_create_timer.py::TestPlayPause::test_select_toggles_play_pause_in_counting_mode[emery] SKIPPED [ 48%]
test/functional/test_create_timer.py::TestTimerStartsImmediately::test_timer_counts_down_during_setup[emery] SKIPPED [ 48%]
test/functional/test_create_timer.py::TestTimerStartsImmediately::test_chrono_has_elapsed_time_when_mode_expires[emery] SKIPPED [ 49%]
test/functional/test_create_timer.py::TestLongPressReset::test_long_press_select_resets_timer[emery] SKIPPED [ 49%]
test/functional/test_directional_icons.py::TestNewModeForwardIcons::test_new_forward_has_icons[aplite] SKIPPED [ 49%]
test/functional/test_directional_icons.py::TestNewModeReverseIcons::test_new_reverse_back_icon[aplite] SKIPPED [ 49%]
test/functional/test_directional_icons.py::TestNewModeReverseIcons::test_new_reverse_up_icon[aplite] SKIPPED [ 50%]
test/functional/test_directional_icons.py::TestNewModeReverseIcons::test_new_reverse_select_icon[aplite] SKIPPED [ 50%]
test/functional/test_directional_icons.py::TestNewModeReverseIcons::test_new_reverse_down_icon[aplite] SKIPPED [ 50%]
test/functional/test_directional_icons.py::TestEditSecModeForwardIcons::test_editsec_forward_back_icon_plus60[aplite] SKIPPED [ 50%]
test/functional/test_directional_icons.py::TestEditSecModeForwardIcons::test_editsec_forward_has_icons[aplite] SKIPPED [ 51%]
test/functional/test_directional_icons.py::TestEditSecModeReverseIcons::test_editsec_reverse_back_icon[aplite] SKIPPED [ 51%]
test/functional/test_directional_icons.py::TestEditSecModeReverseIcons::test_editsec_reverse_up_icon[aplite] SKIPPED [ 51%]
test/functional/test_directional_icons.py::TestEditSecModeReverseIcons::test_editsec_reverse_select_icon[aplite] SKIPPED [ 51%]
test/functional/test_directional_icons.py::TestEditSecModeReverseIcons::test_editsec_reverse_down_icon[aplite] SKIPPED [ 51%]
test/functional/test_directional_icons.py::TestNewModeForwardIcons::test_new_forward_has_icons[basalt] 
-------------------------------- live log setup --------------------------------
07:47:12 [INFO] functional.test_directional_icons: [basalt] Starting warm-up cycle
07:47:16 [INFO] functional.conftest: [basalt] Installing app on emulator
07:47:24 [INFO] functional.conftest: [basalt] App installed and transport connected
07:47:24 [INFO] functional.test_directional_icons: [basalt] Waiting for emulator to stabilize (2s)
07:47:26 [INFO] functional.test_directional_icons: [basalt] Holding down button to quit app and set persist state
07:47:28 [INFO] functional.test_directional_icons: [basalt] Emulator ready for tests
07:47:28 [INFO] functional.conftest: [basalt] Opening app for test: test_new_forward_has_icons[basalt]
07:47:28 [INFO] functional.conftest: [basalt] Opening app via install (preserving state)
07:47:28 [INFO] functional.conftest: [basalt] Installing app on emulator
07:47:32 [INFO] functional.conftest: [basalt] App installed and transport connected
07:47:32 [INFO] functional.conftest: [basalt] App opened via install
PASSED                                                                   [ 52%]
------------------------------ live log teardown -------------------------------
07:47:33 [INFO] functional.conftest: [basalt] Quitting app after test: test_new_forward_has_icons[basalt]

test/functional/test_directional_icons.py::TestNewModeReverseIcons::test_new_reverse_back_icon[basalt] 
-------------------------------- live log setup --------------------------------
07:47:35 [INFO] functional.conftest: [basalt] Opening app for test: test_new_reverse_back_icon[basalt]
07:47:35 [INFO] functional.conftest: [basalt] Opening app via install (preserving state)
07:47:35 [INFO] functional.conftest: [basalt] Installing app on emulator
07:47:38 [INFO] functional.conftest: [basalt] App installed and transport connected
07:47:38 [INFO] functional.conftest: [basalt] App opened via install
PASSED                                                                   [ 52%]
------------------------------ live log teardown -------------------------------
07:47:44 [INFO] functional.conftest: [basalt] Quitting app after test: test_new_reverse_back_icon[basalt]

test/functional/test_directional_icons.py::TestNewModeReverseIcons::test_new_reverse_up_icon[basalt] 
-------------------------------- live log setup --------------------------------
07:47:46 [INFO] functional.conftest: [basalt] Opening app for test: test_new_reverse_up_icon[basalt]
07:47:46 [INFO] functional.conftest: [basalt] Opening app via install (preserving state)
07:47:46 [INFO] functional.conftest: [basalt] Installing app on emulator
07:47:49 [INFO] functional.conftest: [basalt] App installed and transport connected
07:47:49 [INFO] functional.conftest: [basalt] App opened via install
PASSED                                                                   [ 52%]
------------------------------ live log teardown -------------------------------
07:47:55 [INFO] functional.conftest: [basalt] Quitting app after test: test_new_reverse_up_icon[basalt]

test/functional/test_directional_icons.py::TestNewModeReverseIcons::test_new_reverse_select_icon[basalt] 
-------------------------------- live log setup --------------------------------
07:47:57 [INFO] functional.conftest: [basalt] Opening app for test: test_new_reverse_select_icon[basalt]
07:47:57 [INFO] functional.conftest: [basalt] Opening app via install (preserving state)
07:47:57 [INFO] functional.conftest: [basalt] Installing app on emulator
07:48:00 [INFO] functional.conftest: [basalt] App installed and transport connected
07:48:00 [INFO] functional.conftest: [basalt] App opened via install
PASSED                                                                   [ 52%]
------------------------------ live log teardown -------------------------------
07:48:06 [INFO] functional.conftest: [basalt] Quitting app after test: test_new_reverse_select_icon[basalt]

test/functional/test_directional_icons.py::TestNewModeReverseIcons::test_new_reverse_down_icon[basalt] 
-------------------------------- live log setup --------------------------------
07:48:08 [INFO] functional.conftest: [basalt] Opening app for test: test_new_reverse_down_icon[basalt]
07:48:08 [INFO] functional.conftest: [basalt] Opening app via install (preserving state)
07:48:08 [INFO] functional.conftest: [basalt] Installing app on emulator
07:48:11 [INFO] functional.conftest: [basalt] App installed and transport connected
07:48:11 [INFO] functional.conftest: [basalt] App opened via install
PASSED                                                                   [ 53%]
------------------------------ live log teardown -------------------------------
07:48:17 [INFO] functional.conftest: [basalt] Quitting app after test: test_new_reverse_down_icon[basalt]

test/functional/test_directional_icons.py::TestEditSecModeForwardIcons::test_editsec_forward_back_icon_plus60[basalt] 
-------------------------------- live log setup --------------------------------
07:48:19 [INFO] functional.conftest: [basalt] Opening app for test: test_editsec_forward_back_icon_plus60[basalt]
07:48:19 [INFO] functional.conftest: [basalt] Opening app via install (preserving state)
07:48:19 [INFO] functional.conftest: [basalt] Installing app on emulator
07:48:22 [INFO] functional.conftest: [basalt] App installed and transport connected
07:48:22 [INFO] functional.conftest: [basalt] App opened via install
-------------------------------- live log call ---------------------------------
07:48:29 [WARNING] functional.test_button_icons: Icon mask mismatch for 'editsec_back_plus60' on basalt: 166 pixels differ (tolerance=10)
FAILED                                                                   [ 53%]
------------------------------ live log teardown -------------------------------
07:48:29 [INFO] functional.conftest: [basalt] Quitting app after test: test_editsec_forward_back_icon_plus60[basalt]

test/functional/test_directional_icons.py::TestEditSecModeForwardIcons::test_editsec_forward_has_icons[basalt] 
-------------------------------- live log setup --------------------------------
07:48:31 [INFO] functional.conftest: [basalt] Opening app for test: test_editsec_forward_has_icons[basalt]
07:48:31 [INFO] functional.conftest: [basalt] Opening app via install (preserving state)
07:48:31 [INFO] functional.conftest: [basalt] Installing app on emulator
07:48:34 [INFO] functional.conftest: [basalt] App installed and transport connected
07:48:34 [INFO] functional.conftest: [basalt] App opened via install
PASSED                                                                   [ 53%]
------------------------------ live log teardown -------------------------------
07:48:42 [INFO] functional.conftest: [basalt] Quitting app after test: test_editsec_forward_has_icons[basalt]

test/functional/test_directional_icons.py::TestEditSecModeReverseIcons::test_editsec_reverse_back_icon[basalt] 
-------------------------------- live log setup --------------------------------
07:48:44 [INFO] functional.conftest: [basalt] Opening app for test: test_editsec_reverse_back_icon[basalt]
07:48:44 [INFO] functional.conftest: [basalt] Opening app via install (preserving state)
07:48:44 [INFO] functional.conftest: [basalt] Installing app on emulator
07:48:47 [INFO] functional.conftest: [basalt] App installed and transport connected
07:48:47 [INFO] functional.conftest: [basalt] App opened via install
-------------------------------- live log call ---------------------------------
07:48:58 [WARNING] functional.test_button_icons: Icon mask mismatch for 'editsec_back_reverse' on basalt: 180 pixels differ (tolerance=10)
FAILED                                                                   [ 53%]
------------------------------ live log teardown -------------------------------
07:48:58 [INFO] functional.conftest: [basalt] Quitting app after test: test_editsec_reverse_back_icon[basalt]

test/functional/test_directional_icons.py::TestEditSecModeReverseIcons::test_editsec_reverse_up_icon[basalt] 
-------------------------------- live log setup --------------------------------
07:49:00 [INFO] functional.conftest: [basalt] Opening app for test: test_editsec_reverse_up_icon[basalt]
07:49:00 [INFO] functional.conftest: [basalt] Opening app via install (preserving state)
07:49:00 [INFO] functional.conftest: [basalt] Installing app on emulator
07:49:03 [INFO] functional.conftest: [basalt] App installed and transport connected
07:49:03 [INFO] functional.conftest: [basalt] App opened via install
-------------------------------- live log call ---------------------------------
07:49:15 [WARNING] functional.test_button_icons: Icon mask mismatch for 'editsec_up_reverse' on basalt: 131 pixels differ (tolerance=10)
FAILED                                                                   [ 54%]
------------------------------ live log teardown -------------------------------
07:49:15 [INFO] functional.conftest: [basalt] Quitting app after test: test_editsec_reverse_up_icon[basalt]

test/functional/test_directional_icons.py::TestEditSecModeReverseIcons::test_editsec_reverse_select_icon[basalt] 
-------------------------------- live log setup --------------------------------
07:49:17 [INFO] functional.conftest: [basalt] Opening app for test: test_editsec_reverse_select_icon[basalt]
07:49:17 [INFO] functional.conftest: [basalt] Opening app via install (preserving state)
07:49:17 [INFO] functional.conftest: [basalt] Installing app on emulator
07:49:20 [INFO] functional.conftest: [basalt] App installed and transport connected
07:49:20 [INFO] functional.conftest: [basalt] App opened via install
-------------------------------- live log call ---------------------------------
07:49:31 [WARNING] functional.test_button_icons: Icon mask mismatch for 'editsec_select_reverse' on basalt: 137 pixels differ (tolerance=10)
FAILED                                                                   [ 54%]
------------------------------ live log teardown -------------------------------
07:49:31 [INFO] functional.conftest: [basalt] Quitting app after test: test_editsec_reverse_select_icon[basalt]

test/functional/test_directional_icons.py::TestEditSecModeReverseIcons::test_editsec_reverse_down_icon[basalt] 
-------------------------------- live log setup --------------------------------
07:49:33 [INFO] functional.conftest: [basalt] Opening app for test: test_editsec_reverse_down_icon[basalt]
07:49:33 [INFO] functional.conftest: [basalt] Opening app via install (preserving state)
07:49:33 [INFO] functional.conftest: [basalt] Installing app on emulator
07:49:36 [INFO] functional.conftest: [basalt] App installed and transport connected
07:49:36 [INFO] functional.conftest: [basalt] App opened via install
-------------------------------- live log call ---------------------------------
07:49:47 [WARNING] functional.test_button_icons: Icon mask mismatch for 'editsec_down_reverse' on basalt: 139 pixels differ (tolerance=10)
FAILED                                                                   [ 54%]
------------------------------ live log teardown -------------------------------
07:49:47 [INFO] functional.conftest: [basalt] Quitting app after test: test_editsec_reverse_down_icon[basalt]

test/functional/test_directional_icons.py::TestNewModeForwardIcons::test_new_forward_has_icons[chalk] 
-------------------------------- live log setup --------------------------------
07:49:49 [INFO] functional.test_directional_icons: [basalt] Tearing down - killing emulator
SKIPPED (Skipping test for chalk since --platform=basalt was specified.) [ 54%]
test/functional/test_directional_icons.py::TestNewModeReverseIcons::test_new_reverse_back_icon[chalk] SKIPPED [ 54%]
test/functional/test_directional_icons.py::TestNewModeReverseIcons::test_new_reverse_up_icon[chalk] SKIPPED [ 55%]
test/functional/test_directional_icons.py::TestNewModeReverseIcons::test_new_reverse_select_icon[chalk] SKIPPED [ 55%]
test/functional/test_directional_icons.py::TestNewModeReverseIcons::test_new_reverse_down_icon[chalk] SKIPPED [ 55%]
test/functional/test_directional_icons.py::TestEditSecModeForwardIcons::test_editsec_forward_back_icon_plus60[chalk] SKIPPED [ 55%]
test/functional/test_directional_icons.py::TestEditSecModeForwardIcons::test_editsec_forward_has_icons[chalk] SKIPPED [ 56%]
test/functional/test_directional_icons.py::TestEditSecModeReverseIcons::test_editsec_reverse_back_icon[chalk] SKIPPED [ 56%]
test/functional/test_directional_icons.py::TestEditSecModeReverseIcons::test_editsec_reverse_up_icon[chalk] SKIPPED [ 56%]
test/functional/test_directional_icons.py::TestEditSecModeReverseIcons::test_editsec_reverse_select_icon[chalk] SKIPPED [ 56%]
test/functional/test_directional_icons.py::TestEditSecModeReverseIcons::test_editsec_reverse_down_icon[chalk] SKIPPED [ 57%]
test/functional/test_directional_icons.py::TestNewModeForwardIcons::test_new_forward_has_icons[diorite] SKIPPED [ 57%]
test/functional/test_directional_icons.py::TestNewModeReverseIcons::test_new_reverse_back_icon[diorite] SKIPPED [ 57%]
test/functional/test_directional_icons.py::TestNewModeReverseIcons::test_new_reverse_up_icon[diorite] SKIPPED [ 57%]
test/functional/test_directional_icons.py::TestNewModeReverseIcons::test_new_reverse_select_icon[diorite] SKIPPED [ 57%]
test/functional/test_directional_icons.py::TestNewModeReverseIcons::test_new_reverse_down_icon[diorite] SKIPPED [ 58%]
test/functional/test_directional_icons.py::TestEditSecModeForwardIcons::test_editsec_forward_back_icon_plus60[diorite] SKIPPED [ 58%]
test/functional/test_directional_icons.py::TestEditSecModeForwardIcons::test_editsec_forward_has_icons[diorite] SKIPPED [ 58%]
test/functional/test_directional_icons.py::TestEditSecModeReverseIcons::test_editsec_reverse_back_icon[diorite] SKIPPED [ 58%]
test/functional/test_directional_icons.py::TestEditSecModeReverseIcons::test_editsec_reverse_up_icon[diorite] SKIPPED [ 59%]
test/functional/test_directional_icons.py::TestEditSecModeReverseIcons::test_editsec_reverse_select_icon[diorite] SKIPPED [ 59%]
test/functional/test_directional_icons.py::TestEditSecModeReverseIcons::test_editsec_reverse_down_icon[diorite] SKIPPED [ 59%]
test/functional/test_directional_icons.py::TestNewModeForwardIcons::test_new_forward_has_icons[emery] SKIPPED [ 59%]
test/functional/test_directional_icons.py::TestNewModeReverseIcons::test_new_reverse_back_icon[emery] SKIPPED [ 60%]
test/functional/test_directional_icons.py::TestNewModeReverseIcons::test_new_reverse_up_icon[emery] SKIPPED [ 60%]
test/functional/test_directional_icons.py::TestNewModeReverseIcons::test_new_reverse_select_icon[emery] SKIPPED [ 60%]
test/functional/test_directional_icons.py::TestNewModeReverseIcons::test_new_reverse_down_icon[emery] SKIPPED [ 60%]
test/functional/test_directional_icons.py::TestEditSecModeForwardIcons::test_editsec_forward_back_icon_plus60[emery] SKIPPED [ 60%]
test/functional/test_directional_icons.py::TestEditSecModeForwardIcons::test_editsec_forward_has_icons[emery] SKIPPED [ 61%]
test/functional/test_directional_icons.py::TestEditSecModeReverseIcons::test_editsec_reverse_back_icon[emery] SKIPPED [ 61%]
test/functional/test_directional_icons.py::TestEditSecModeReverseIcons::test_editsec_reverse_up_icon[emery] SKIPPED [ 61%]
test/functional/test_directional_icons.py::TestEditSecModeReverseIcons::test_editsec_reverse_select_icon[emery] SKIPPED [ 61%]
test/functional/test_directional_icons.py::TestEditSecModeReverseIcons::test_editsec_reverse_down_icon[emery] SKIPPED [ 62%]
test/functional/test_edit_mode_reset.py::TestEditModeReset::test_long_press_select_resets_in_control_mode_new[aplite] SKIPPED [ 62%]
test/functional/test_edit_mode_reset.py::TestEditModeReset::test_long_press_select_no_op_in_edit_sec[aplite] SKIPPED [ 62%]
test/functional/test_edit_mode_reset.py::TestEditModeReset::test_long_press_select_no_op_in_edit_repeat[aplite] SKIPPED [ 62%]
test/functional/test_edit_mode_reset.py::TestEditModeReset::test_long_press_select_resets_in_control_mode_new[basalt] 
-------------------------------- live log setup --------------------------------
07:49:50 [INFO] functional.conftest: [basalt] Starting warm-up cycle to clear stale state
07:49:54 [INFO] functional.conftest: [basalt] Installing app on emulator
07:50:02 [INFO] functional.conftest: [basalt] App installed and transport connected
07:50:02 [INFO] functional.conftest: [basalt] Waiting for emulator to stabilize (2s)
07:50:04 [INFO] functional.conftest: [basalt] Holding down button to quit app and set persist state
07:50:05 [INFO] functional.conftest: [basalt] App quit via long press, persist state set
07:50:05 [INFO] functional.conftest: [basalt] Emulator ready for tests
07:50:05 [INFO] functional.conftest: [basalt] Opening app for test: test_long_press_select_resets_in_control_mode_new[basalt]
07:50:05 [INFO] functional.conftest: [basalt] Opening app via install (preserving state)
07:50:05 [INFO] functional.conftest: [basalt] Installing app on emulator
07:50:09 [INFO] functional.conftest: [basalt] App installed and transport connected
07:50:09 [INFO] functional.conftest: [basalt] App opened via install
-------------------------------- live log call ---------------------------------
07:50:16 [INFO] functional.test_edit_mode_reset: After Up press state: {'event': 'button_up', 't': '1:52', 'm': 'New', 'r': '0', 'p': '0', 'v': '0', 'd': '1'}
07:50:18 [INFO] functional.test_edit_mode_reset: After long press Select state: {'event': 'long_press_select', 't': '0:00', 'm': 'EditSec', 'r': '0', 'p': '1', 'v': '0', 'd': '1'}
07:50:18 [INFO] functional.test_edit_mode_reset: After Back press state: {'event': 'button_back', 't': '1:00', 'm': 'EditSec', 'r': '0', 'p': '1', 'v': '0', 'd': '1'}
PASSED                                                                   [ 62%]
------------------------------ live log teardown -------------------------------
07:50:18 [INFO] functional.conftest: [basalt] Quitting app after test: test_long_press_select_resets_in_control_mode_new[basalt]

test/functional/test_edit_mode_reset.py::TestEditModeReset::test_long_press_select_no_op_in_edit_sec[basalt] SKIPPED [ 63%]
test/functional/test_edit_mode_reset.py::TestEditModeReset::test_long_press_select_no_op_in_edit_repeat[basalt] SKIPPED [ 63%]
test/functional/test_edit_mode_reset.py::TestEditModeReset::test_long_press_select_resets_in_control_mode_new[chalk] 
-------------------------------- live log setup --------------------------------
07:50:20 [INFO] functional.conftest: [basalt] Tearing down - killing emulator
SKIPPED (Skipping test for chalk since --platform=basalt was specified.) [ 63%]
test/functional/test_edit_mode_reset.py::TestEditModeReset::test_long_press_select_no_op_in_edit_sec[chalk] SKIPPED [ 63%]
test/functional/test_edit_mode_reset.py::TestEditModeReset::test_long_press_select_no_op_in_edit_repeat[chalk] SKIPPED [ 64%]
test/functional/test_edit_mode_reset.py::TestEditModeReset::test_long_press_select_resets_in_control_mode_new[diorite] SKIPPED [ 64%]
test/functional/test_edit_mode_reset.py::TestEditModeReset::test_long_press_select_no_op_in_edit_sec[diorite] SKIPPED [ 64%]
test/functional/test_edit_mode_reset.py::TestEditModeReset::test_long_press_select_no_op_in_edit_repeat[diorite] SKIPPED [ 64%]
test/functional/test_edit_mode_reset.py::TestEditModeReset::test_long_press_select_resets_in_control_mode_new[emery] SKIPPED [ 65%]
test/functional/test_edit_mode_reset.py::TestEditModeReset::test_long_press_select_no_op_in_edit_sec[emery] SKIPPED [ 65%]
test/functional/test_edit_mode_reset.py::TestEditModeReset::test_long_press_select_no_op_in_edit_repeat[emery] SKIPPED [ 65%]
test/functional/test_log_based.py::TestLogBasedAssertions::test_up_button_increments_20_minutes_log_based[aplite] SKIPPED [ 65%]
test/functional/test_log_based.py::TestLogBasedAssertions::test_init_state_log[aplite] SKIPPED [ 65%]
test/functional/test_log_based.py::TestLogBasedAssertions::test_multiple_button_presses_log_sequence[aplite] SKIPPED [ 66%]
test/functional/test_log_based.py::TestLogBasedAssertions::test_mode_transition_via_logs[aplite] SKIPPED [ 66%]
test/functional/test_log_based.py::TestLogBasedAssertions::test_up_button_increments_20_minutes_log_based[basalt] 
-------------------------------- live log setup --------------------------------
07:50:21 [INFO] functional.conftest: [basalt] Starting warm-up cycle to clear stale state
07:50:25 [INFO] functional.conftest: [basalt] Installing app on emulator
07:50:34 [INFO] functional.conftest: [basalt] App installed and transport connected
07:50:34 [INFO] functional.conftest: [basalt] Waiting for emulator to stabilize (2s)
07:50:36 [INFO] functional.conftest: [basalt] Holding down button to quit app and set persist state
07:50:37 [INFO] functional.conftest: [basalt] App quit via long press, persist state set
07:50:38 [INFO] functional.conftest: [basalt] Emulator ready for tests
07:50:38 [INFO] functional.conftest: [basalt] Opening app for test: test_up_button_increments_20_minutes_log_based[basalt]
07:50:38 [INFO] functional.conftest: [basalt] Opening app via install (preserving state)
07:50:38 [INFO] functional.conftest: [basalt] Installing app on emulator
07:50:41 [INFO] functional.conftest: [basalt] App installed and transport connected
07:50:41 [INFO] functional.conftest: [basalt] App opened via install
-------------------------------- live log call ---------------------------------
07:50:43 [INFO] functional.test_log_based: All captured logs: ['[07:50:43] main.c:234> Up button handler', '[07:50:43] utility.c:54> TEST_STATE:button_up,t=19:58,m=New,r=0,p=0,v=0,d=1']
07:50:43 [INFO] functional.test_log_based: Received state: {'event': 'button_up', 't': '19:58', 'm': 'New', 'r': '0', 'p': '0', 'v': '0', 'd': '1'}
PASSED                                                                   [ 66%]
------------------------------ live log teardown -------------------------------
07:50:43 [INFO] functional.conftest: [basalt] Quitting app after test: test_up_button_increments_20_minutes_log_based[basalt]

test/functional/test_log_based.py::TestLogBasedAssertions::test_init_state_log[basalt] 
-------------------------------- live log setup --------------------------------
07:50:45 [INFO] functional.conftest: [basalt] Opening app for test: test_init_state_log[basalt]
07:50:45 [INFO] functional.conftest: [basalt] Opening app via install (preserving state)
07:50:45 [INFO] functional.conftest: [basalt] Installing app on emulator
07:50:48 [INFO] functional.conftest: [basalt] App installed and transport connected
07:50:48 [INFO] functional.conftest: [basalt] App opened via install
-------------------------------- live log call ---------------------------------
07:50:49 [INFO] functional.test_log_based: All captured states: []
07:50:49 [INFO] functional.test_log_based: Init log was likely emitted before capture started (expected)
PASSED                                                                   [ 66%]
------------------------------ live log teardown -------------------------------
07:50:49 [INFO] functional.conftest: [basalt] Quitting app after test: test_init_state_log[basalt]

test/functional/test_log_based.py::TestLogBasedAssertions::test_multiple_button_presses_log_sequence[basalt] 
-------------------------------- live log setup --------------------------------
07:50:51 [INFO] functional.conftest: [basalt] Opening app for test: test_multiple_button_presses_log_sequence[basalt]
07:50:51 [INFO] functional.conftest: [basalt] Opening app via install (preserving state)
07:50:51 [INFO] functional.conftest: [basalt] Installing app on emulator
07:50:54 [INFO] functional.conftest: [basalt] App installed and transport connected
07:50:54 [INFO] functional.conftest: [basalt] App opened via install
-------------------------------- live log call ---------------------------------
07:50:57 [INFO] functional.test_log_based: State after first Down: {'event': 'button_down', 't': '0:57', 'm': 'New', 'r': '0', 'p': '0', 'v': '0', 'd': '1'}
07:50:57 [INFO] functional.test_log_based: State after second Down: {'event': 'button_down', 't': '1:56', 'm': 'New', 'r': '0', 'p': '0', 'v': '0', 'd': '1'}
PASSED                                                                   [ 67%]
------------------------------ live log teardown -------------------------------
07:50:57 [INFO] functional.conftest: [basalt] Quitting app after test: test_multiple_button_presses_log_sequence[basalt]

test/functional/test_log_based.py::TestLogBasedAssertions::test_mode_transition_via_logs[basalt] 
-------------------------------- live log setup --------------------------------
07:50:59 [INFO] functional.conftest: [basalt] Opening app for test: test_mode_transition_via_logs[basalt]
07:50:59 [INFO] functional.conftest: [basalt] Opening app via install (preserving state)
07:50:59 [INFO] functional.conftest: [basalt] Installing app on emulator
07:51:02 [INFO] functional.conftest: [basalt] App installed and transport connected
07:51:02 [INFO] functional.conftest: [basalt] App opened via install
-------------------------------- live log call ---------------------------------
07:51:06 [INFO] functional.test_log_based: Mode change state: {'event': 'mode_change', 't': '0:54', 'm': 'Counting', 'r': '0', 'p': '0', 'v': '0', 'd': '1'}
PASSED                                                                   [ 67%]
------------------------------ live log teardown -------------------------------
07:51:06 [INFO] functional.conftest: [basalt] Quitting app after test: test_mode_transition_via_logs[basalt]

test/functional/test_log_based.py::TestLogBasedAssertions::test_up_button_increments_20_minutes_log_based[chalk] 
-------------------------------- live log setup --------------------------------
07:51:08 [INFO] functional.conftest: [basalt] Tearing down - killing emulator
SKIPPED (Skipping test for chalk since --platform=basalt was specified.) [ 67%]
test/functional/test_log_based.py::TestLogBasedAssertions::test_init_state_log[chalk] SKIPPED [ 67%]
test/functional/test_log_based.py::TestLogBasedAssertions::test_multiple_button_presses_log_sequence[chalk] SKIPPED [ 68%]
test/functional/test_log_based.py::TestLogBasedAssertions::test_mode_transition_via_logs[chalk] SKIPPED [ 68%]
test/functional/test_log_based.py::TestLogBasedAssertions::test_up_button_increments_20_minutes_log_based[diorite] SKIPPED [ 68%]
test/functional/test_log_based.py::TestLogBasedAssertions::test_init_state_log[diorite] SKIPPED [ 68%]
test/functional/test_log_based.py::TestLogBasedAssertions::test_multiple_button_presses_log_sequence[diorite] SKIPPED [ 68%]
test/functional/test_log_based.py::TestLogBasedAssertions::test_mode_transition_via_logs[diorite] SKIPPED [ 69%]
test/functional/test_log_based.py::TestLogBasedAssertions::test_up_button_increments_20_minutes_log_based[emery] SKIPPED [ 69%]
test/functional/test_log_based.py::TestLogBasedAssertions::test_init_state_log[emery] SKIPPED [ 69%]
test/functional/test_log_based.py::TestLogBasedAssertions::test_multiple_button_presses_log_sequence[emery] SKIPPED [ 69%]
test/functional/test_log_based.py::TestLogBasedAssertions::test_mode_transition_via_logs[emery] SKIPPED [ 70%]
test/functional/test_repeat_counter_visibility.py::TestRepeatCounterVisibility::test_editrepeat_shows_repeat_counter[aplite] SKIPPED [ 70%]
test/functional/test_repeat_counter_visibility.py::TestRepeatCounterVisibility::test_counting_mode_up_region_with_repeats[aplite] SKIPPED [ 70%]
test/functional/test_repeat_counter_visibility.py::TestRepeatCounterVisibility::test_new_mode_baseline_has_plus_20_icon[aplite] SKIPPED [ 70%]
test/functional/test_repeat_counter_visibility.py::TestRepeatCounterVisibility::test_new_mode_with_repeats_hides_plus_20_icon[aplite] SKIPPED [ 71%]
test/functional/test_repeat_counter_visibility.py::TestRepeatCounterVisibility::test_editsec_mode_with_repeats_hides_plus_20_icon[aplite] SKIPPED [ 71%]
test/functional/test_repeat_counter_visibility.py::TestRepeatCounterVisibility::test_new_mode_reverse_with_repeats_hides_minus_20_icon[aplite] SKIPPED [ 71%]
test/functional/test_repeat_counter_visibility.py::TestIconOverlapPrevention::test_editrepeat_up_region_empty_during_flash_off[aplite] SKIPPED [ 71%]
test/functional/test_repeat_counter_visibility.py::TestRepeatCounterVisibility::test_editrepeat_shows_repeat_counter[basalt] 
-------------------------------- live log setup --------------------------------
07:51:09 [INFO] functional.conftest: [basalt] Starting warm-up cycle to clear stale state
07:51:13 [INFO] functional.conftest: [basalt] Installing app on emulator
07:51:21 [INFO] functional.conftest: [basalt] App installed and transport connected
07:51:21 [INFO] functional.conftest: [basalt] Waiting for emulator to stabilize (2s)
07:51:23 [INFO] functional.conftest: [basalt] Holding down button to quit app and set persist state
07:51:24 [INFO] functional.conftest: [basalt] App quit via long press, persist state set
07:51:24 [INFO] functional.conftest: [basalt] Emulator ready for tests
07:51:24 [INFO] functional.conftest: [basalt] Opening app for test: test_editrepeat_shows_repeat_counter[basalt]
07:51:24 [INFO] functional.conftest: [basalt] Opening app via install (preserving state)
07:51:24 [INFO] functional.conftest: [basalt] Installing app on emulator
07:51:28 [INFO] functional.conftest: [basalt] App installed and transport connected
07:51:28 [INFO] functional.conftest: [basalt] App opened via install
-------------------------------- live log call ---------------------------------
07:51:37 [INFO] functional.test_repeat_counter_visibility: Screenshot saved: /home/jared/Workspace/pebble-timer-quick/test/functional/screenshots/test_repeat_counter_basalt_editrepeat.png
PASSED                                                                   [ 71%]
------------------------------ live log teardown -------------------------------
07:51:37 [INFO] functional.conftest: [basalt] Quitting app after test: test_editrepeat_shows_repeat_counter[basalt]

test/functional/test_repeat_counter_visibility.py::TestRepeatCounterVisibility::test_counting_mode_up_region_with_repeats[basalt] 
-------------------------------- live log setup --------------------------------
07:51:39 [INFO] functional.conftest: [basalt] Opening app for test: test_counting_mode_up_region_with_repeats[basalt]
07:51:39 [INFO] functional.conftest: [basalt] Opening app via install (preserving state)
07:51:39 [INFO] functional.conftest: [basalt] Installing app on emulator
07:51:42 [INFO] functional.conftest: [basalt] App installed and transport connected
07:51:42 [INFO] functional.conftest: [basalt] App opened via install
-------------------------------- live log call ---------------------------------
07:51:52 [INFO] functional.test_repeat_counter_visibility: Screenshot saved: /home/jared/Workspace/pebble-timer-quick/test/functional/screenshots/test_repeat_counter_basalt_counting_repeats.png
07:51:52 [INFO] functional.test_repeat_counter_visibility: UP region has content: True
07:51:52 [WARNING] functional.test_button_icons: Icon mask mismatch for 'counting_up' on basalt: 177 pixels differ (tolerance=10)
PASSED                                                                   [ 72%]
------------------------------ live log teardown -------------------------------
07:51:52 [INFO] functional.conftest: [basalt] Quitting app after test: test_counting_mode_up_region_with_repeats[basalt]

test/functional/test_repeat_counter_visibility.py::TestRepeatCounterVisibility::test_new_mode_baseline_has_plus_20_icon[basalt] 
-------------------------------- live log setup --------------------------------
07:51:54 [INFO] functional.conftest: [basalt] Opening app for test: test_new_mode_baseline_has_plus_20_icon[basalt]
07:51:54 [INFO] functional.conftest: [basalt] Opening app via install (preserving state)
07:51:54 [INFO] functional.conftest: [basalt] Installing app on emulator
07:51:57 [INFO] functional.conftest: [basalt] App installed and transport connected
07:51:57 [INFO] functional.conftest: [basalt] App opened via install
-------------------------------- live log call ---------------------------------
07:52:00 [INFO] functional.test_repeat_counter_visibility: Screenshot saved: /home/jared/Workspace/pebble-timer-quick/test/functional/screenshots/test_repeat_counter_basalt_new_baseline.png
07:52:00 [INFO] functional.test_repeat_counter_visibility: New mode UP region non-bg pixels: 121
PASSED                                                                   [ 72%]
------------------------------ live log teardown -------------------------------
07:52:00 [INFO] functional.conftest: [basalt] Quitting app after test: test_new_mode_baseline_has_plus_20_icon[basalt]

test/functional/test_repeat_counter_visibility.py::TestRepeatCounterVisibility::test_new_mode_with_repeats_hides_plus_20_icon[basalt] 
-------------------------------- live log setup --------------------------------
07:52:02 [INFO] functional.conftest: [basalt] Opening app for test: test_new_mode_with_repeats_hides_plus_20_icon[basalt]
07:52:02 [INFO] functional.conftest: [basalt] Opening app via install (preserving state)
07:52:02 [INFO] functional.conftest: [basalt] Installing app on emulator
07:52:05 [INFO] functional.conftest: [basalt] App installed and transport connected
07:52:05 [INFO] functional.conftest: [basalt] App opened via install
-------------------------------- live log call ---------------------------------
07:52:16 [INFO] functional.test_repeat_counter_visibility: Screenshot saved: /home/jared/Workspace/pebble-timer-quick/test/functional/screenshots/test_repeat_counter_basalt_new_with_repeats.png
07:52:16 [INFO] functional.test_repeat_counter_visibility: New mode (with repeats) UP region non-bg pixels: 141
07:52:16 [WARNING] functional.test_button_icons: Icon mask mismatch for 'new_up' on basalt: 150 pixels differ (tolerance=10)
PASSED                                                                   [ 72%]
------------------------------ live log teardown -------------------------------
07:52:16 [INFO] functional.conftest: [basalt] Quitting app after test: test_new_mode_with_repeats_hides_plus_20_icon[basalt]

test/functional/test_repeat_counter_visibility.py::TestRepeatCounterVisibility::test_editsec_mode_with_repeats_hides_plus_20_icon[basalt] 
-------------------------------- live log setup --------------------------------
07:52:18 [INFO] functional.conftest: [basalt] Opening app for test: test_editsec_mode_with_repeats_hides_plus_20_icon[basalt]
07:52:18 [INFO] functional.conftest: [basalt] Opening app via install (preserving state)
07:52:18 [INFO] functional.conftest: [basalt] Installing app on emulator
07:52:21 [INFO] functional.conftest: [basalt] App installed and transport connected
07:52:21 [INFO] functional.conftest: [basalt] App opened via install
-------------------------------- live log call ---------------------------------
07:52:33 [INFO] functional.test_repeat_counter_visibility: Screenshot saved: /home/jared/Workspace/pebble-timer-quick/test/functional/screenshots/test_repeat_counter_basalt_editsec_with_repeats.png
07:52:33 [INFO] functional.test_repeat_counter_visibility: EditSec mode (with repeats) UP region non-bg pixels: 141
07:52:33 [WARNING] functional.test_button_icons: Icon mask mismatch for 'editsec_up' on basalt: 150 pixels differ (tolerance=10)
PASSED                                                                   [ 72%]
------------------------------ live log teardown -------------------------------
07:52:33 [INFO] functional.conftest: [basalt] Quitting app after test: test_editsec_mode_with_repeats_hides_plus_20_icon[basalt]

test/functional/test_repeat_counter_visibility.py::TestRepeatCounterVisibility::test_new_mode_reverse_with_repeats_hides_minus_20_icon[basalt] 
-------------------------------- live log setup --------------------------------
07:52:35 [INFO] functional.conftest: [basalt] Opening app for test: test_new_mode_reverse_with_repeats_hides_minus_20_icon[basalt]
07:52:35 [INFO] functional.conftest: [basalt] Opening app via install (preserving state)
07:52:35 [INFO] functional.conftest: [basalt] Installing app on emulator
07:52:38 [INFO] functional.conftest: [basalt] App installed and transport connected
07:52:38 [INFO] functional.conftest: [basalt] App opened via install
-------------------------------- live log call ---------------------------------
07:52:51 [INFO] functional.test_repeat_counter_visibility: Screenshot saved: /home/jared/Workspace/pebble-timer-quick/test/functional/screenshots/test_repeat_counter_basalt_new_reverse_with_repeats.png
07:52:51 [INFO] functional.test_repeat_counter_visibility: New mode reverse (with repeats) UP region non-bg pixels: 141
07:52:51 [WARNING] functional.test_button_icons: Icon mask mismatch for 'new_up_reverse' on basalt: 471 pixels differ (tolerance=10)
PASSED                                                                   [ 73%]
------------------------------ live log teardown -------------------------------
07:52:51 [INFO] functional.conftest: [basalt] Quitting app after test: test_new_mode_reverse_with_repeats_hides_minus_20_icon[basalt]

test/functional/test_repeat_counter_visibility.py::TestIconOverlapPrevention::test_editrepeat_up_region_empty_during_flash_off[basalt] 
-------------------------------- live log setup --------------------------------
07:52:53 [INFO] functional.conftest: [basalt] Opening app for test: test_editrepeat_up_region_empty_during_flash_off[basalt]
07:52:53 [INFO] functional.conftest: [basalt] Opening app via install (preserving state)
07:52:53 [INFO] functional.conftest: [basalt] Installing app on emulator
07:52:56 [INFO] functional.conftest: [basalt] App installed and transport connected
07:52:56 [INFO] functional.conftest: [basalt] App opened via install
PASSED                                                                   [ 73%]
------------------------------ live log teardown -------------------------------
07:53:04 [INFO] functional.conftest: [basalt] Quitting app after test: test_editrepeat_up_region_empty_during_flash_off[basalt]

test/functional/test_repeat_counter_visibility.py::TestRepeatCounterVisibility::test_editrepeat_shows_repeat_counter[chalk] 
-------------------------------- live log setup --------------------------------
07:53:06 [INFO] functional.conftest: [basalt] Tearing down - killing emulator
SKIPPED (Skipping test for chalk since --platform=basalt was specified.) [ 73%]
test/functional/test_repeat_counter_visibility.py::TestRepeatCounterVisibility::test_counting_mode_up_region_with_repeats[chalk] SKIPPED [ 73%]
test/functional/test_repeat_counter_visibility.py::TestRepeatCounterVisibility::test_new_mode_baseline_has_plus_20_icon[chalk] SKIPPED [ 74%]
test/functional/test_repeat_counter_visibility.py::TestRepeatCounterVisibility::test_new_mode_with_repeats_hides_plus_20_icon[chalk] SKIPPED [ 74%]
test/functional/test_repeat_counter_visibility.py::TestRepeatCounterVisibility::test_editsec_mode_with_repeats_hides_plus_20_icon[chalk] SKIPPED [ 74%]
test/functional/test_repeat_counter_visibility.py::TestRepeatCounterVisibility::test_new_mode_reverse_with_repeats_hides_minus_20_icon[chalk] SKIPPED [ 74%]
test/functional/test_repeat_counter_visibility.py::TestIconOverlapPrevention::test_editrepeat_up_region_empty_during_flash_off[chalk] SKIPPED [ 74%]
test/functional/test_repeat_counter_visibility.py::TestRepeatCounterVisibility::test_editrepeat_shows_repeat_counter[diorite] SKIPPED [ 75%]
test/functional/test_repeat_counter_visibility.py::TestRepeatCounterVisibility::test_counting_mode_up_region_with_repeats[diorite] SKIPPED [ 75%]
test/functional/test_repeat_counter_visibility.py::TestRepeatCounterVisibility::test_new_mode_baseline_has_plus_20_icon[diorite] SKIPPED [ 75%]
test/functional/test_repeat_counter_visibility.py::TestRepeatCounterVisibility::test_new_mode_with_repeats_hides_plus_20_icon[diorite] SKIPPED [ 75%]
test/functional/test_repeat_counter_visibility.py::TestRepeatCounterVisibility::test_editsec_mode_with_repeats_hides_plus_20_icon[diorite] SKIPPED [ 76%]
test/functional/test_repeat_counter_visibility.py::TestRepeatCounterVisibility::test_new_mode_reverse_with_repeats_hides_minus_20_icon[diorite] SKIPPED [ 76%]
test/functional/test_repeat_counter_visibility.py::TestIconOverlapPrevention::test_editrepeat_up_region_empty_during_flash_off[diorite] SKIPPED [ 76%]
test/functional/test_repeat_counter_visibility.py::TestRepeatCounterVisibility::test_editrepeat_shows_repeat_counter[emery] SKIPPED [ 76%]
test/functional/test_repeat_counter_visibility.py::TestRepeatCounterVisibility::test_counting_mode_up_region_with_repeats[emery] SKIPPED [ 77%]
test/functional/test_repeat_counter_visibility.py::TestRepeatCounterVisibility::test_new_mode_baseline_has_plus_20_icon[emery] SKIPPED [ 77%]
test/functional/test_repeat_counter_visibility.py::TestRepeatCounterVisibility::test_new_mode_with_repeats_hides_plus_20_icon[emery] SKIPPED [ 77%]
test/functional/test_repeat_counter_visibility.py::TestRepeatCounterVisibility::test_editsec_mode_with_repeats_hides_plus_20_icon[emery] SKIPPED [ 77%]
test/functional/test_repeat_counter_visibility.py::TestRepeatCounterVisibility::test_new_mode_reverse_with_repeats_hides_minus_20_icon[emery] SKIPPED [ 77%]
test/functional/test_repeat_counter_visibility.py::TestIconOverlapPrevention::test_editrepeat_up_region_empty_during_flash_off[emery] SKIPPED [ 78%]
test/functional/test_stopwatch_subtraction.py::TestStopwatchSubtraction::test_chrono_subtraction_converts_to_countdown[aplite] SKIPPED [ 78%]
test/functional/test_stopwatch_subtraction.py::TestStopwatchSubtraction::test_chrono_subtraction_multiple_minutes[aplite] SKIPPED [ 78%]
test/functional/test_stopwatch_subtraction.py::TestStopwatchSubtraction::test_chrono_add_then_subtract[aplite] SKIPPED [ 78%]
test/functional/test_stopwatch_subtraction.py::TestStopwatchSubtraction::test_chrono_subtraction_converts_to_countdown[basalt] 
-------------------------------- live log setup --------------------------------
07:53:07 [INFO] functional.conftest: [basalt] Starting warm-up cycle to clear stale state
07:53:11 [INFO] functional.conftest: [basalt] Installing app on emulator
07:53:19 [INFO] functional.conftest: [basalt] App installed and transport connected
07:53:19 [INFO] functional.conftest: [basalt] Waiting for emulator to stabilize (2s)
07:53:21 [INFO] functional.conftest: [basalt] Holding down button to quit app and set persist state
07:53:22 [INFO] functional.conftest: [basalt] App quit via long press, persist state set
07:53:22 [INFO] functional.conftest: [basalt] Emulator ready for tests
07:53:22 [INFO] functional.conftest: [basalt] Opening app for test: test_chrono_subtraction_converts_to_countdown[basalt]
07:53:22 [INFO] functional.conftest: [basalt] Opening app via install (preserving state)
07:53:22 [INFO] functional.conftest: [basalt] Installing app on emulator
07:53:26 [INFO] functional.conftest: [basalt] App installed and transport connected
07:53:26 [INFO] functional.conftest: [basalt] App opened via install
-------------------------------- live log call ---------------------------------
07:53:27 [INFO] functional.test_stopwatch_subtraction: Waiting for chrono mode...
07:53:33 [INFO] functional.test_stopwatch_subtraction: After subtraction state: {'event': 'button_down', 't': '0:53', 'm': 'New', 'r': '0', 'p': '1', 'v': '0', 'd': '-1'}
PASSED                                                                   [ 79%]
------------------------------ live log teardown -------------------------------
07:53:33 [INFO] functional.conftest: [basalt] Quitting app after test: test_chrono_subtraction_converts_to_countdown[basalt]

test/functional/test_stopwatch_subtraction.py::TestStopwatchSubtraction::test_chrono_subtraction_multiple_minutes[basalt] 
-------------------------------- live log setup --------------------------------
07:53:35 [INFO] functional.conftest: [basalt] Opening app for test: test_chrono_subtraction_multiple_minutes[basalt]
07:53:35 [INFO] functional.conftest: [basalt] Opening app via install (preserving state)
07:53:35 [INFO] functional.conftest: [basalt] Installing app on emulator
07:53:38 [INFO] functional.conftest: [basalt] App installed and transport connected
07:53:38 [INFO] functional.conftest: [basalt] App opened via install
PASSED                                                                   [ 79%]
------------------------------ live log teardown -------------------------------
07:53:47 [INFO] functional.conftest: [basalt] Quitting app after test: test_chrono_subtraction_multiple_minutes[basalt]

test/functional/test_stopwatch_subtraction.py::TestStopwatchSubtraction::test_chrono_add_then_subtract[basalt] 
-------------------------------- live log setup --------------------------------
07:53:48 [INFO] functional.conftest: [basalt] Opening app for test: test_chrono_add_then_subtract[basalt]
07:53:48 [INFO] functional.conftest: [basalt] Opening app via install (preserving state)
07:53:48 [INFO] functional.conftest: [basalt] Installing app on emulator
07:53:51 [INFO] functional.conftest: [basalt] App installed and transport connected
07:53:51 [INFO] functional.conftest: [basalt] App opened via install
PASSED                                                                   [ 79%]
------------------------------ live log teardown -------------------------------
07:54:00 [INFO] functional.conftest: [basalt] Quitting app after test: test_chrono_add_then_subtract[basalt]

test/functional/test_stopwatch_subtraction.py::TestStopwatchSubtraction::test_chrono_subtraction_converts_to_countdown[chalk] 
-------------------------------- live log setup --------------------------------
07:54:01 [INFO] functional.conftest: [basalt] Tearing down - killing emulator
SKIPPED (Skipping test for chalk since --platform=basalt was specified.) [ 79%]
test/functional/test_stopwatch_subtraction.py::TestStopwatchSubtraction::test_chrono_subtraction_multiple_minutes[chalk] SKIPPED [ 80%]
test/functional/test_stopwatch_subtraction.py::TestStopwatchSubtraction::test_chrono_add_then_subtract[chalk] SKIPPED [ 80%]
test/functional/test_stopwatch_subtraction.py::TestStopwatchSubtraction::test_chrono_subtraction_converts_to_countdown[diorite] SKIPPED [ 80%]
test/functional/test_stopwatch_subtraction.py::TestStopwatchSubtraction::test_chrono_subtraction_multiple_minutes[diorite] SKIPPED [ 80%]
test/functional/test_stopwatch_subtraction.py::TestStopwatchSubtraction::test_chrono_add_then_subtract[diorite] SKIPPED [ 80%]
test/functional/test_stopwatch_subtraction.py::TestStopwatchSubtraction::test_chrono_subtraction_converts_to_countdown[emery] SKIPPED [ 81%]
test/functional/test_stopwatch_subtraction.py::TestStopwatchSubtraction::test_chrono_subtraction_multiple_minutes[emery] SKIPPED [ 81%]
test/functional/test_stopwatch_subtraction.py::TestStopwatchSubtraction::test_chrono_add_then_subtract[emery] SKIPPED [ 81%]
test/functional/test_timer_workflows.py::TestEditRunningTimer::test_edit_running_timer[aplite] SKIPPED [ 81%]
test/functional/test_timer_workflows.py::TestSetShortTimer::test_set_4_second_timer[aplite] SKIPPED [ 82%]
test/functional/test_timer_workflows.py::TestSnoozeCompletedTimer::test_snooze_completed_timer[aplite] SKIPPED [ 82%]
test/functional/test_timer_workflows.py::TestRepeatCompletedTimer::test_repeat_completed_timer[aplite] SKIPPED [ 82%]
test/functional/test_timer_workflows.py::TestQuietAlarmBackButton::test_quiet_alarm_with_back_button[aplite] SKIPPED [ 82%]
test/functional/test_timer_workflows.py::TestPauseCompletedTimer::test_pause_completed_timer[aplite] SKIPPED [ 82%]
test/functional/test_timer_workflows.py::TestEditCompletedTimer::test_edit_completed_timer_add_minute[aplite] SKIPPED [ 83%]
test/functional/test_timer_workflows.py::TestEnableRepeatingTimer::test_enable_repeating_timer[aplite] SKIPPED [ 83%]
test/functional/test_timer_workflows.py::TestEditModeReset::test_long_press_select_in_edit_mode_resets_to_edit_seconds[aplite] SKIPPED [ 83%]
test/functional/test_timer_workflows.py::TestEditSecModeNoOp::test_long_press_select_in_edit_sec_mode_does_nothing[aplite] SKIPPED [ 83%]
test/functional/test_timer_workflows.py::TestEditRepeatModeNoOp::test_long_press_select_in_edit_repeat_mode_does_nothing[aplite] SKIPPED [ 84%]
test/functional/test_timer_workflows.py::TestRepeatTimerDuringAlarm::test_hold_up_during_alarm_repeats_timer[aplite] SKIPPED [ 84%]
test/functional/test_timer_workflows.py::TestRepeatTimerDuringAlarm::test_hold_up_during_longer_alarm_repeats_timer[aplite] SKIPPED [ 84%]
test/functional/test_timer_workflows.py::TestRepeatTimerDuringAlarm::test_hold_up_during_longer_alarm_repeats_timer_old_method[aplite] SKIPPED [ 84%]
test/functional/test_timer_workflows.py::TestSubMinuteTimerStaysPaused::test_sub_minute_timer_stays_paused_after_edit_expires[aplite] SKIPPED [ 85%]
test/functional/test_timer_workflows.py::TestMinuteAndSecondsTimerStaysPaused::test_minute_and_seconds_timer_stays_paused[aplite] SKIPPED [ 85%]
test/functional/test_timer_workflows.py::TestEditRunningTimer::test_edit_running_timer[basalt] 
-------------------------------- live log setup --------------------------------
07:54:02 [INFO] functional.test_timer_workflows: [basalt] Starting warm-up cycle to clear stale state
07:54:06 [INFO] functional.conftest: [basalt] Installing app on emulator
07:54:14 [INFO] functional.conftest: [basalt] App installed and transport connected
07:54:14 [INFO] functional.test_timer_workflows: [basalt] Waiting for emulator to stabilize (2s)
07:54:16 [INFO] functional.test_timer_workflows: [basalt] Holding down button to quit app and set persist state
07:54:17 [INFO] functional.test_timer_workflows: [basalt] App quit via long press, persist state set
07:54:18 [INFO] functional.test_timer_workflows: [basalt] Emulator ready for tests
07:54:18 [INFO] functional.conftest: [basalt] Opening app for test: test_edit_running_timer[basalt]
07:54:18 [INFO] functional.conftest: [basalt] Opening app via install (preserving state)
07:54:18 [INFO] functional.conftest: [basalt] Installing app on emulator
07:54:21 [INFO] functional.conftest: [basalt] App installed and transport connected
07:54:21 [INFO] functional.conftest: [basalt] App opened via install
-------------------------------- live log call ---------------------------------
07:54:39 [INFO] functional.test_timer_workflows: Edit mode text: #Im 1 +20 Edit 150 6 7.56 +Im III}
07:54:41 [INFO] functional.test_timer_workflows: After adding time: #Im 1 +20 Edit 2.403 5 7.57 #i III}
07:54:43 [INFO] functional.test_timer_workflows: Resumed counting: 9 e 03;00 2.43 754 Ker M J
PASSED                                                                   [ 85%]
------------------------------ live log teardown -------------------------------
07:54:43 [INFO] functional.conftest: [basalt] Quitting app after test: test_edit_running_timer[basalt]

test/functional/test_timer_workflows.py::TestSetShortTimer::test_set_4_second_timer[basalt] 
-------------------------------- live log setup --------------------------------
07:54:45 [INFO] functional.conftest: [basalt] Opening app for test: test_set_4_second_timer[basalt]
07:54:45 [INFO] functional.conftest: [basalt] Opening app via install (preserving state)
07:54:45 [INFO] functional.conftest: [basalt] Installing app on emulator
07:54:48 [INFO] functional.conftest: [basalt] App installed and transport connected
07:54:48 [INFO] functional.conftest: [basalt] App opened via install
-------------------------------- live log call ---------------------------------
07:54:48 [INFO] functional.test_timer_workflows: [basalt] Setting up 4s timer: waiting for chrono mode
07:54:56 [INFO] functional.test_timer_workflows: [basalt] Short timer set to 4s, waiting for expire
07:55:00 [INFO] functional.test_timer_workflows: [basalt] Short timer started, counting down from 4s
07:55:03 [INFO] functional.test_timer_workflows: Short timer running text:  e 00;04 pz 7*55 Ker M J
07:55:03 [INFO] functional.test_timer_workflows: Short timer normalized:   00:04  755   
PASSED                                                                   [ 85%]
------------------------------ live log teardown -------------------------------
07:55:03 [INFO] functional.conftest: [basalt] Quitting app after test: test_set_4_second_timer[basalt]

test/functional/test_timer_workflows.py::TestSnoozeCompletedTimer::test_snooze_completed_timer[basalt] 
-------------------------------- live log setup --------------------------------
07:55:05 [INFO] functional.conftest: [basalt] Opening app for test: test_snooze_completed_timer[basalt]
07:55:05 [INFO] functional.conftest: [basalt] Opening app via install (preserving state)
07:55:05 [INFO] functional.conftest: [basalt] Installing app on emulator
07:55:08 [INFO] functional.conftest: [basalt] App installed and transport connected
07:55:08 [INFO] functional.conftest: [basalt] App opened via install
-------------------------------- live log call ---------------------------------
07:55:09 [INFO] functional.test_timer_workflows: [basalt] Setting up 4s timer: waiting for chrono mode
07:55:17 [INFO] functional.test_timer_workflows: [basalt] Short timer set to 4s, waiting for expire
07:55:21 [INFO] functional.test_timer_workflows: [basalt] Short timer started, counting down from 4s
07:55:21 [INFO] functional.test_timer_workflows: Waiting for alarm to start...
07:55:24 [INFO] functional.test_timer_workflows: Alarm started: {'event': 'alarm_start', 't': '0:00', 'm': 'Counting', 'r': '0', 'p': '0', 'v': '1', 'd': '1'}
07:55:25 [INFO] functional.test_timer_workflows: After snooze state: {'event': 'button_down', 't': '4:59', 'm': 'Counting', 'r': '0', 'p': '0', 'v': '0', 'd': '1'}
PASSED                                                                   [ 85%]
------------------------------ live log teardown -------------------------------
07:55:25 [INFO] functional.conftest: [basalt] Quitting app after test: test_snooze_completed_timer[basalt]

test/functional/test_timer_workflows.py::TestRepeatCompletedTimer::test_repeat_completed_timer[basalt] 
-------------------------------- live log setup --------------------------------
07:55:27 [INFO] functional.conftest: [basalt] Opening app for test: test_repeat_completed_timer[basalt]
07:55:27 [INFO] functional.conftest: [basalt] Opening app via install (preserving state)
07:55:27 [INFO] functional.conftest: [basalt] Installing app on emulator
07:55:30 [INFO] functional.conftest: [basalt] App installed and transport connected
07:55:30 [INFO] functional.conftest: [basalt] App opened via install
-------------------------------- live log call ---------------------------------
07:55:31 [INFO] functional.test_timer_workflows: [basalt] Setting up 4s timer: waiting for chrono mode
07:55:39 [INFO] functional.test_timer_workflows: [basalt] Short timer set to 4s, waiting for expire
07:55:43 [INFO] functional.test_timer_workflows: [basalt] Short timer started, counting down from 4s
07:55:48 [INFO] functional.test_timer_workflows: After repeat state: {'event': 'long_press_up', 't': '0:03', 'm': 'Counting', 'r': '0', 'p': '0', 'v': '0', 'd': '1'}
PASSED                                                                   [ 86%]
------------------------------ live log teardown -------------------------------
07:55:48 [INFO] functional.conftest: [basalt] Quitting app after test: test_repeat_completed_timer[basalt]

test/functional/test_timer_workflows.py::TestQuietAlarmBackButton::test_quiet_alarm_with_back_button[basalt] 
-------------------------------- live log setup --------------------------------
07:55:50 [INFO] functional.conftest: [basalt] Opening app for test: test_quiet_alarm_with_back_button[basalt]
07:55:50 [INFO] functional.conftest: [basalt] Opening app via install (preserving state)
07:55:50 [INFO] functional.conftest: [basalt] Installing app on emulator
07:55:53 [INFO] functional.conftest: [basalt] App installed and transport connected
07:55:53 [INFO] functional.conftest: [basalt] App opened via install
-------------------------------- live log call ---------------------------------
07:55:54 [INFO] functional.test_timer_workflows: [basalt] Setting up 4s timer: waiting for chrono mode
07:56:01 [INFO] functional.test_timer_workflows: [basalt] Short timer set to 4s, waiting for expire
07:56:06 [INFO] functional.test_timer_workflows: [basalt] Short timer started, counting down from 4s
07:56:09 [INFO] functional.test_timer_workflows: After silence state: {'event': 'button_back', 't': '0:00', 'm': 'Counting', 'r': '0', 'p': '0', 'v': '0', 'd': '1'}
PASSED                                                                   [ 86%]
------------------------------ live log teardown -------------------------------
07:56:09 [INFO] functional.conftest: [basalt] Quitting app after test: test_quiet_alarm_with_back_button[basalt]

test/functional/test_timer_workflows.py::TestPauseCompletedTimer::test_pause_completed_timer[basalt] 
-------------------------------- live log setup --------------------------------
07:56:11 [INFO] functional.conftest: [basalt] Opening app for test: test_pause_completed_timer[basalt]
07:56:11 [INFO] functional.conftest: [basalt] Opening app via install (preserving state)
07:56:11 [INFO] functional.conftest: [basalt] Installing app on emulator
07:56:14 [INFO] functional.conftest: [basalt] App installed and transport connected
07:56:14 [INFO] functional.conftest: [basalt] App opened via install
-------------------------------- live log call ---------------------------------
07:56:16 [INFO] functional.test_timer_workflows: [basalt] Setting up 4s timer: waiting for chrono mode
07:56:23 [INFO] functional.test_timer_workflows: [basalt] Short timer set to 4s, waiting for expire
07:56:27 [INFO] functional.test_timer_workflows: [basalt] Short timer started, counting down from 4s
07:56:31 [INFO] functional.test_timer_workflows: After pause state: {'event': 'button_select', 't': '0:00', 'm': 'Counting', 'r': '0', 'p': '1', 'v': '0', 'd': '1'}
PASSED                                                                   [ 86%]
------------------------------ live log teardown -------------------------------
07:56:31 [INFO] functional.conftest: [basalt] Quitting app after test: test_pause_completed_timer[basalt]

test/functional/test_timer_workflows.py::TestEditCompletedTimer::test_edit_completed_timer_add_minute[basalt] 
-------------------------------- live log setup --------------------------------
07:56:33 [INFO] functional.conftest: [basalt] Opening app for test: test_edit_completed_timer_add_minute[basalt]
07:56:33 [INFO] functional.conftest: [basalt] Opening app via install (preserving state)
07:56:33 [INFO] functional.conftest: [basalt] Installing app on emulator
07:56:36 [INFO] functional.conftest: [basalt] App installed and transport connected
07:56:36 [INFO] functional.conftest: [basalt] App opened via install
-------------------------------- live log call ---------------------------------
07:56:38 [INFO] functional.test_timer_workflows: [basalt] Setting up 4s timer: waiting for chrono mode
07:56:45 [INFO] functional.test_timer_workflows: [basalt] Short timer set to 4s, waiting for expire
07:56:49 [INFO] functional.test_timer_workflows: [basalt] Short timer started, counting down from 4s
07:56:54 [INFO] functional.test_timer_workflows: After adding minute state: {'event': 'button_down', 't': '0:59', 'm': 'New', 'r': '0', 'p': '0', 'v': '0', 'd': '1'}
PASSED                                                                   [ 86%]
------------------------------ live log teardown -------------------------------
07:56:54 [INFO] functional.conftest: [basalt] Quitting app after test: test_edit_completed_timer_add_minute[basalt]

test/functional/test_timer_workflows.py::TestEnableRepeatingTimer::test_enable_repeating_timer[basalt] 
-------------------------------- live log setup --------------------------------
07:56:55 [INFO] functional.conftest: [basalt] Opening app for test: test_enable_repeating_timer[basalt]
07:56:55 [INFO] functional.conftest: [basalt] Opening app via install (preserving state)
07:56:55 [INFO] functional.conftest: [basalt] Installing app on emulator
07:56:59 [INFO] functional.conftest: [basalt] App installed and transport connected
07:56:59 [INFO] functional.conftest: [basalt] App opened via install
-------------------------------- live log call ---------------------------------
07:57:00 [INFO] functional.test_timer_workflows: [basalt] Setting up 10s timer: waiting for chrono mode
07:57:11 [INFO] functional.test_timer_workflows: [basalt] Short timer set to 10s, waiting for expire
07:57:15 [INFO] functional.test_timer_workflows: [basalt] Short timer started, counting down from 10s
07:57:21 [INFO] functional.test_timer_workflows: Waiting for timer to expire and restart...
PASSED                                                                   [ 87%]
------------------------------ live log teardown -------------------------------
07:57:25 [INFO] functional.conftest: [basalt] Quitting app after test: test_enable_repeating_timer[basalt]

test/functional/test_timer_workflows.py::TestEditModeReset::test_long_press_select_in_edit_mode_resets_to_edit_seconds[basalt] 
-------------------------------- live log setup --------------------------------
07:57:27 [INFO] functional.conftest: [basalt] Opening app for test: test_long_press_select_in_edit_mode_resets_to_edit_seconds[basalt]
07:57:27 [INFO] functional.conftest: [basalt] Opening app via install (preserving state)
07:57:27 [INFO] functional.conftest: [basalt] Installing app on emulator
07:57:30 [INFO] functional.conftest: [basalt] App installed and transport connected
07:57:30 [INFO] functional.conftest: [basalt] App opened via install
PASSED                                                                   [ 87%]
------------------------------ live log teardown -------------------------------
07:57:37 [INFO] functional.conftest: [basalt] Quitting app after test: test_long_press_select_in_edit_mode_resets_to_edit_seconds[basalt]

test/functional/test_timer_workflows.py::TestEditSecModeNoOp::test_long_press_select_in_edit_sec_mode_does_nothing[basalt] 
-------------------------------- live log setup --------------------------------
07:57:39 [INFO] functional.conftest: [basalt] Opening app for test: test_long_press_select_in_edit_sec_mode_does_nothing[basalt]
07:57:39 [INFO] functional.conftest: [basalt] Opening app via install (preserving state)
07:57:39 [INFO] functional.conftest: [basalt] Installing app on emulator
07:57:42 [INFO] functional.conftest: [basalt] App installed and transport connected
07:57:42 [INFO] functional.conftest: [basalt] App opened via install
-------------------------------- live log call ---------------------------------
07:57:43 [INFO] functional.test_timer_workflows: Waiting for chrono mode (0:00 counting up)...
PASSED                                                                   [ 87%]
------------------------------ live log teardown -------------------------------
07:57:51 [INFO] functional.conftest: [basalt] Quitting app after test: test_long_press_select_in_edit_sec_mode_does_nothing[basalt]

test/functional/test_timer_workflows.py::TestEditRepeatModeNoOp::test_long_press_select_in_edit_repeat_mode_does_nothing[basalt] 
-------------------------------- live log setup --------------------------------
07:57:53 [INFO] functional.conftest: [basalt] Opening app for test: test_long_press_select_in_edit_repeat_mode_does_nothing[basalt]
07:57:53 [INFO] functional.conftest: [basalt] Opening app via install (preserving state)
07:57:53 [INFO] functional.conftest: [basalt] Installing app on emulator
07:57:56 [INFO] functional.conftest: [basalt] App installed and transport connected
07:57:56 [INFO] functional.conftest: [basalt] App opened via install
PASSED                                                                   [ 87%]
------------------------------ live log teardown -------------------------------
07:58:04 [INFO] functional.conftest: [basalt] Quitting app after test: test_long_press_select_in_edit_repeat_mode_does_nothing[basalt]

test/functional/test_timer_workflows.py::TestRepeatTimerDuringAlarm::test_hold_up_during_alarm_repeats_timer[basalt] 
-------------------------------- live log setup --------------------------------
07:58:06 [INFO] functional.conftest: [basalt] Opening app for test: test_hold_up_during_alarm_repeats_timer[basalt]
07:58:06 [INFO] functional.conftest: [basalt] Opening app via install (preserving state)
07:58:06 [INFO] functional.conftest: [basalt] Installing app on emulator
07:58:09 [INFO] functional.conftest: [basalt] App installed and transport connected
07:58:09 [INFO] functional.conftest: [basalt] App opened via install
-------------------------------- live log call ---------------------------------
07:58:10 [INFO] functional.test_timer_workflows: Waiting for chrono mode...
07:58:19 [INFO] functional.test_timer_workflows: Waiting for edit mode to expire...
07:58:22 [INFO] functional.test_timer_workflows: Pressing Select to start 5-second timer...
07:58:22 [INFO] functional.test_timer_workflows: Waiting for alarm to start...
07:58:37 [ERROR] functional.test_timer_workflows: All captured logs: ['[07:58:11] utility.c:54> TEST_STATE:mode_change,t=0:03,m=Counting,r=0,p=0,v=0,d=1', '[07:58:14] main.c:341> Select button pressed', '[07:58:14] utility.c:54> TEST_STATE:button_select,t=0:06,m=Counting,r=0,p=1,v=0,d=1', '[07:58:15] utility.c:54> TEST_STATE:long_press_select,t=0:00,m=Counting,r=0,p=1,v=0,d=1', '[07:58:16] main.c:485> Down button pressed', '[07:58:16] utility.c:54> TEST_STATE:button_down,t=0:00,m=Counting,r=0,p=1,v=0,d=1', '[07:58:17] main.c:485> Down button pressed', '[07:58:17] utility.c:54> TEST_STATE:button_down,t=0:00,m=Counting,r=0,p=1,v=0,d=1', '[07:58:17] main.c:485> Down button pressed', '[07:58:17] utility.c:54> TEST_STATE:button_down,t=0:00,m=Counting,r=0,p=1,v=0,d=1', '[07:58:18] main.c:485> Down button pressed', '[07:58:18] utility.c:54> TEST_STATE:button_down,t=0:00,m=Counting,r=0,p=1,v=0,d=1', '[07:58:22] main.c:341> Select button pressed', '[07:58:22] utility.c:54> TEST_STATE:button_select,t=0:00,m=Counting,r=0,p=0,v=0,d=1']
FAILED                                                                   [ 88%]
------------------------------ live log teardown -------------------------------
07:58:37 [INFO] functional.conftest: [basalt] Quitting app after test: test_hold_up_during_alarm_repeats_timer[basalt]

test/functional/test_timer_workflows.py::TestRepeatTimerDuringAlarm::test_hold_up_during_longer_alarm_repeats_timer[basalt] 
-------------------------------- live log setup --------------------------------
07:58:39 [INFO] functional.conftest: [basalt] Opening app for test: test_hold_up_during_longer_alarm_repeats_timer[basalt]
07:58:39 [INFO] functional.conftest: [basalt] Opening app via install (preserving state)
07:58:39 [INFO] functional.conftest: [basalt] Installing app on emulator
07:58:42 [INFO] functional.conftest: [basalt] App installed and transport connected
07:58:42 [INFO] functional.conftest: [basalt] App opened via install
-------------------------------- live log call ---------------------------------
07:58:47 [INFO] functional.test_timer_workflows: Waiting for edit mode to expire...
07:58:51 [INFO] functional.test_timer_workflows: Pressing Select to start 5-second timer...
07:58:51 [INFO] functional.test_timer_workflows: Waiting for alarm to start...
07:59:01 [INFO] functional.test_timer_workflows: Alarm started: {'event': 'alarm_start', 't': '0:00', 'm': 'Counting', 'r': '0', 'p': '0', 'v': '1', 'd': '1'}
07:59:02 [INFO] functional.test_timer_workflows: After repeat state: {'event': 'long_press_up', 't': '0:09', 'm': 'Counting', 'r': '0', 'p': '0', 'v': '0', 'd': '1'}
PASSED                                                                   [ 88%]
------------------------------ live log teardown -------------------------------
07:59:02 [INFO] functional.conftest: [basalt] Quitting app after test: test_hold_up_during_longer_alarm_repeats_timer[basalt]

test/functional/test_timer_workflows.py::TestRepeatTimerDuringAlarm::test_hold_up_during_longer_alarm_repeats_timer_old_method[basalt] 
-------------------------------- live log setup --------------------------------
07:59:04 [INFO] functional.conftest: [basalt] Opening app for test: test_hold_up_during_longer_alarm_repeats_timer_old_method[basalt]
07:59:04 [INFO] functional.conftest: [basalt] Opening app via install (preserving state)
07:59:04 [INFO] functional.conftest: [basalt] Installing app on emulator
07:59:07 [INFO] functional.conftest: [basalt] App installed and transport connected
07:59:07 [INFO] functional.conftest: [basalt] App opened via install
-------------------------------- live log call ---------------------------------
07:59:09 [INFO] functional.test_timer_workflows: Waiting for chrono mode...
07:59:17 [INFO] functional.test_timer_workflows: Waiting for edit mode to expire...
07:59:20 [INFO] functional.test_timer_workflows: Pressing Select to start 5-second timer...
07:59:21 [INFO] functional.test_timer_workflows: Waiting for alarm to start...
07:59:33 [ERROR] functional.test_timer_workflows: All captured logs: ['[07:59:10] utility.c:54> TEST_STATE:mode_change,t=0:03,m=Counting,r=0,p=0,v=0,d=1', '[07:59:13] main.c:341> Select button pressed', '[07:59:13] utility.c:54> TEST_STATE:button_select,t=0:06,m=Counting,r=0,p=1,v=0,d=1', '[07:59:14] utility.c:54> TEST_STATE:long_press_select,t=0:00,m=Counting,r=0,p=1,v=0,d=1', '[07:59:15] main.c:341> Select button pressed', '[07:59:15] utility.c:54> TEST_STATE:button_select,t=0:00,m=Counting,r=0,p=0,v=0,d=1', '[07:59:16] main.c:341> Select button pressed', '[07:59:16] utility.c:54> TEST_STATE:button_select,t=0:01,m=Counting,r=0,p=1,v=0,d=1', '[07:59:20] main.c:341> Select button pressed', '[07:59:20] utility.c:54> TEST_STATE:button_select,t=0:01,m=Counting,r=0,p=0,v=0,d=1']
FAILED                                                                   [ 88%]
------------------------------ live log teardown -------------------------------
07:59:33 [INFO] functional.conftest: [basalt] Quitting app after test: test_hold_up_during_longer_alarm_repeats_timer_old_method[basalt]

test/functional/test_timer_workflows.py::TestSubMinuteTimerStaysPaused::test_sub_minute_timer_stays_paused_after_edit_expires[basalt] 
-------------------------------- live log setup --------------------------------
07:59:34 [INFO] functional.conftest: [basalt] Opening app for test: test_sub_minute_timer_stays_paused_after_edit_expires[basalt]
07:59:34 [INFO] functional.conftest: [basalt] Opening app via install (preserving state)
07:59:34 [INFO] functional.conftest: [basalt] Installing app on emulator
07:59:38 [INFO] functional.conftest: [basalt] App installed and transport connected
07:59:38 [INFO] functional.conftest: [basalt] App opened via install
-------------------------------- live log call ---------------------------------
07:59:39 [INFO] functional.test_timer_workflows: Waiting for chrono mode...
07:59:43 [INFO] functional.test_timer_workflows: Chrono paused
FAILED                                                                   [ 88%]
------------------------------ live log teardown -------------------------------
07:59:45 [INFO] functional.conftest: [basalt] Quitting app after test: test_sub_minute_timer_stays_paused_after_edit_expires[basalt]

test/functional/test_timer_workflows.py::TestMinuteAndSecondsTimerStaysPaused::test_minute_and_seconds_timer_stays_paused[basalt] 
-------------------------------- live log setup --------------------------------
07:59:46 [INFO] functional.conftest: [basalt] Opening app for test: test_minute_and_seconds_timer_stays_paused[basalt]
07:59:46 [INFO] functional.conftest: [basalt] Opening app via install (preserving state)
07:59:46 [INFO] functional.conftest: [basalt] Installing app on emulator
07:59:50 [INFO] functional.conftest: [basalt] App installed and transport connected
07:59:50 [INFO] functional.conftest: [basalt] App opened via install
-------------------------------- live log call ---------------------------------
07:59:56 [INFO] functional.test_timer_workflows: Entered New (edit) mode
07:59:57 [INFO] functional.test_timer_workflows: Entered EditSec mode at 0:00
08:00:08 [INFO] functional.test_timer_workflows: Waiting for edit mode to expire...
08:00:12 [INFO] functional.test_timer_workflows: After edit expired: {'event': 'mode_change', 't': '0:20', 'm': 'Counting', 'r': '0', 'p': '1', 'v': '0', 'd': '1'}
PASSED                                                                   [ 88%]
------------------------------ live log teardown -------------------------------
08:00:12 [INFO] functional.conftest: [basalt] Quitting app after test: test_minute_and_seconds_timer_stays_paused[basalt]

test/functional/test_timer_workflows.py::TestEditRunningTimer::test_edit_running_timer[chalk] 
-------------------------------- live log setup --------------------------------
08:00:13 [INFO] functional.test_timer_workflows: [basalt] Tearing down - killing emulator
SKIPPED (Skipping test for chalk since --platform=basalt was specified.) [ 89%]
test/functional/test_timer_workflows.py::TestSetShortTimer::test_set_4_second_timer[chalk] SKIPPED [ 89%]
test/functional/test_timer_workflows.py::TestSnoozeCompletedTimer::test_snooze_completed_timer[chalk] SKIPPED [ 89%]
test/functional/test_timer_workflows.py::TestRepeatCompletedTimer::test_repeat_completed_timer[chalk] SKIPPED [ 89%]
test/functional/test_timer_workflows.py::TestQuietAlarmBackButton::test_quiet_alarm_with_back_button[chalk] SKIPPED [ 90%]
test/functional/test_timer_workflows.py::TestPauseCompletedTimer::test_pause_completed_timer[chalk] SKIPPED [ 90%]
test/functional/test_timer_workflows.py::TestEditCompletedTimer::test_edit_completed_timer_add_minute[chalk] SKIPPED [ 90%]
test/functional/test_timer_workflows.py::TestEnableRepeatingTimer::test_enable_repeating_timer[chalk] SKIPPED [ 90%]
test/functional/test_timer_workflows.py::TestEditModeReset::test_long_press_select_in_edit_mode_resets_to_edit_seconds[chalk] SKIPPED [ 91%]
test/functional/test_timer_workflows.py::TestEditSecModeNoOp::test_long_press_select_in_edit_sec_mode_does_nothing[chalk] SKIPPED [ 91%]
test/functional/test_timer_workflows.py::TestEditRepeatModeNoOp::test_long_press_select_in_edit_repeat_mode_does_nothing[chalk] SKIPPED [ 91%]
test/functional/test_timer_workflows.py::TestRepeatTimerDuringAlarm::test_hold_up_during_alarm_repeats_timer[chalk] SKIPPED [ 91%]
test/functional/test_timer_workflows.py::TestRepeatTimerDuringAlarm::test_hold_up_during_longer_alarm_repeats_timer[chalk] SKIPPED [ 91%]
test/functional/test_timer_workflows.py::TestRepeatTimerDuringAlarm::test_hold_up_during_longer_alarm_repeats_timer_old_method[chalk] SKIPPED [ 92%]
test/functional/test_timer_workflows.py::TestSubMinuteTimerStaysPaused::test_sub_minute_timer_stays_paused_after_edit_expires[chalk] SKIPPED [ 92%]
test/functional/test_timer_workflows.py::TestMinuteAndSecondsTimerStaysPaused::test_minute_and_seconds_timer_stays_paused[chalk] SKIPPED [ 92%]
test/functional/test_timer_workflows.py::TestEditRunningTimer::test_edit_running_timer[diorite] SKIPPED [ 92%]
test/functional/test_timer_workflows.py::TestSetShortTimer::test_set_4_second_timer[diorite] SKIPPED [ 93%]
test/functional/test_timer_workflows.py::TestSnoozeCompletedTimer::test_snooze_completed_timer[diorite] SKIPPED [ 93%]
test/functional/test_timer_workflows.py::TestRepeatCompletedTimer::test_repeat_completed_timer[diorite] SKIPPED [ 93%]
test/functional/test_timer_workflows.py::TestQuietAlarmBackButton::test_quiet_alarm_with_back_button[diorite] SKIPPED [ 93%]
test/functional/test_timer_workflows.py::TestPauseCompletedTimer::test_pause_completed_timer[diorite] SKIPPED [ 94%]
test/functional/test_timer_workflows.py::TestEditCompletedTimer::test_edit_completed_timer_add_minute[diorite] SKIPPED [ 94%]
test/functional/test_timer_workflows.py::TestEnableRepeatingTimer::test_enable_repeating_timer[diorite] SKIPPED [ 94%]
test/functional/test_timer_workflows.py::TestEditModeReset::test_long_press_select_in_edit_mode_resets_to_edit_seconds[diorite] SKIPPED [ 94%]
test/functional/test_timer_workflows.py::TestEditSecModeNoOp::test_long_press_select_in_edit_sec_mode_does_nothing[diorite] SKIPPED [ 94%]
test/functional/test_timer_workflows.py::TestEditRepeatModeNoOp::test_long_press_select_in_edit_repeat_mode_does_nothing[diorite] SKIPPED [ 95%]
test/functional/test_timer_workflows.py::TestRepeatTimerDuringAlarm::test_hold_up_during_alarm_repeats_timer[diorite] SKIPPED [ 95%]
test/functional/test_timer_workflows.py::TestRepeatTimerDuringAlarm::test_hold_up_during_longer_alarm_repeats_timer[diorite] SKIPPED [ 95%]
test/functional/test_timer_workflows.py::TestRepeatTimerDuringAlarm::test_hold_up_during_longer_alarm_repeats_timer_old_method[diorite] SKIPPED [ 95%]
test/functional/test_timer_workflows.py::TestSubMinuteTimerStaysPaused::test_sub_minute_timer_stays_paused_after_edit_expires[diorite] SKIPPED [ 96%]
test/functional/test_timer_workflows.py::TestMinuteAndSecondsTimerStaysPaused::test_minute_and_seconds_timer_stays_paused[diorite] SKIPPED [ 96%]
test/functional/test_timer_workflows.py::TestEditRunningTimer::test_edit_running_timer[emery] SKIPPED [ 96%]
test/functional/test_timer_workflows.py::TestSetShortTimer::test_set_4_second_timer[emery] SKIPPED [ 96%]
test/functional/test_timer_workflows.py::TestSnoozeCompletedTimer::test_snooze_completed_timer[emery] SKIPPED [ 97%]
test/functional/test_timer_workflows.py::TestRepeatCompletedTimer::test_repeat_completed_timer[emery] SKIPPED [ 97%]
test/functional/test_timer_workflows.py::TestQuietAlarmBackButton::test_quiet_alarm_with_back_button[emery] SKIPPED [ 97%]
test/functional/test_timer_workflows.py::TestPauseCompletedTimer::test_pause_completed_timer[emery] SKIPPED [ 97%]
test/functional/test_timer_workflows.py::TestEditCompletedTimer::test_edit_completed_timer_add_minute[emery] SKIPPED [ 97%]
test/functional/test_timer_workflows.py::TestEnableRepeatingTimer::test_enable_repeating_timer[emery] SKIPPED [ 98%]
test/functional/test_timer_workflows.py::TestEditModeReset::test_long_press_select_in_edit_mode_resets_to_edit_seconds[emery] SKIPPED [ 98%]
test/functional/test_timer_workflows.py::TestEditSecModeNoOp::test_long_press_select_in_edit_sec_mode_does_nothing[emery] SKIPPED [ 98%]
test/functional/test_timer_workflows.py::TestEditRepeatModeNoOp::test_long_press_select_in_edit_repeat_mode_does_nothing[emery] SKIPPED [ 98%]
test/functional/test_timer_workflows.py::TestRepeatTimerDuringAlarm::test_hold_up_during_alarm_repeats_timer[emery] SKIPPED [ 99%]
test/functional/test_timer_workflows.py::TestRepeatTimerDuringAlarm::test_hold_up_during_longer_alarm_repeats_timer[emery] SKIPPED [ 99%]
test/functional/test_timer_workflows.py::TestRepeatTimerDuringAlarm::test_hold_up_during_longer_alarm_repeats_timer_old_method[emery] SKIPPED [ 99%]
test/functional/test_timer_workflows.py::TestSubMinuteTimerStaysPaused::test_sub_minute_timer_stays_paused_after_edit_expires[emery] SKIPPED [ 99%]
test/functional/test_timer_workflows.py::TestMinuteAndSecondsTimerStaysPaused::test_minute_and_seconds_timer_stays_paused[emery] SKIPPED [100%]

=================================== FAILURES ===================================
_____________ TestAlarmIcons.test_alarm_back_icon_silence[basalt] ______________

self = <functional.test_button_icons.TestAlarmIcons object at 0x7b45761bd0f0>
persistent_emulator = <functional.conftest.EmulatorHelper object at 0x7b4575f8e770>

    def test_alarm_back_icon_silence(self, persistent_emulator):
        """Verify the silence icon (Back button) is drawn during alarm state."""
        emulator = persistent_emulator
        platform = emulator.platform
    
        # Start log capture
        capture = LogCapture(platform)
        capture.start()
        time.sleep(1.0)
        capture.clear_state_queue()
    
        screenshot = self._enter_alarm(emulator)
    
        # Log all states
        logger.info(f"All captured states: {capture.get_state_logs()}")
        capture.stop()
    
        region = get_region(platform, "BACK")
        assert has_icon_content(screenshot, region), (
            "Expected silence icon content in Back button region during alarm state"
        )
>       assert matches_icon_reference(screenshot, region, "silence", platform=platform), (
            "Silence icon does not match reference mask"
        )
E       AssertionError: Silence icon does not match reference mask
E       assert False
E        +  where False = matches_icon_reference(<PIL.PngImagePlugin.PngImageFile image mode=RGBA size=144x168 at 0x7B4575F8C970>, (0, 5, 35, 40), 'silence', platform='basalt')

test/functional/test_button_icons.py:322: AssertionError
------------------------------ Captured log setup ------------------------------
07:37:21 [INFO] functional.test_button_icons: [basalt] Starting warm-up cycle
07:37:25 [INFO] functional.conftest: [basalt] Installing app on emulator
07:37:33 [INFO] functional.conftest: [basalt] App installed and transport connected
07:37:33 [INFO] functional.test_button_icons: [basalt] Waiting for emulator to stabilize (2s)
07:37:34 [INFO] pebble_tool.util.updates: Update check failed: 404 (Not Found)
07:37:35 [INFO] functional.test_button_icons: [basalt] Holding down button to quit app and set persist state
07:37:38 [INFO] functional.test_button_icons: [basalt] Emulator ready for tests
07:37:38 [INFO] functional.conftest: [basalt] Opening app for test: test_alarm_back_icon_silence[basalt]
07:37:38 [INFO] functional.conftest: [basalt] Opening app via install (preserving state)
07:37:38 [INFO] functional.conftest: [basalt] Installing app on emulator
07:37:41 [INFO] functional.conftest: [basalt] App installed and transport connected
07:37:41 [INFO] functional.conftest: [basalt] App opened via install
------------------------------ Captured log call -------------------------------
07:37:42 [INFO] functional.test_button_icons: [basalt] Setting up 4s timer for icon test
07:37:50 [INFO] functional.test_button_icons: [basalt] Short timer set to 4s, waiting for expire
07:37:54 [INFO] functional.test_button_icons: [basalt] Short timer started, counting down from 4s
07:38:00 [INFO] functional.test_button_icons: All captured states: [{'event': 'mode_change', 't': '0:02', 'm': 'Counting', 'r': '0', 'p': '0', 'v': '0', 'd': '1'}, {'event': 'button_select', 't': '0:04', 'm': 'Counting', 'r': '0', 'p': '1', 'v': '0', 'd': '1'}, {'event': 'long_press_select', 't': '0:00', 'm': 'Counting', 'r': '0', 'p': '1', 'v': '0', 'd': '1'}, {'event': 'button_down', 't': '0:00', 'm': 'Counting', 'r': '0', 'p': '1', 'v': '0', 'd': '1'}, {'event': 'button_down', 't': '0:00', 'm': 'Counting', 'r': '0', 'p': '1', 'v': '0', 'd': '1'}, {'event': 'button_down', 't': '0:00', 'm': 'Counting', 'r': '0', 'p': '1', 'v': '0', 'd': '1'}, {'event': 'button_down', 't': '0:00', 'm': 'Counting', 'r': '0', 'p': '1', 'v': '0', 'd': '1'}, {'event': 'button_select', 't': '0:00', 'm': 'Counting', 'r': '0', 'p': '0', 'v': '0', 'd': '1'}]
07:38:00 [WARNING] functional.test_button_icons: Icon mask mismatch for 'silence' on basalt: 247 pixels differ (tolerance=10)
---------------------------- Captured log teardown -----------------------------
07:38:00 [INFO] functional.conftest: [basalt] Quitting app after test: test_alarm_back_icon_silence[basalt]
________________ TestAlarmIcons.test_alarm_up_icon_edit[basalt] ________________

self = <functional.test_button_icons.TestAlarmIcons object at 0x7b45761bdc60>
persistent_emulator = <functional.conftest.EmulatorHelper object at 0x7b4575f8e770>

    def test_alarm_up_icon_edit(self, persistent_emulator):
        """Verify the edit icon (Up button) is drawn during alarm state."""
        emulator = persistent_emulator
        platform = emulator.platform
        screenshot = self._enter_alarm(emulator)
    
        region = get_region(platform, "UP")
        assert has_icon_content(screenshot, region), (
            "Expected edit icon content in Up button region during alarm state"
        )
>       assert matches_icon_reference(screenshot, region, ref_name="alarm_edit", platform=platform), (
            "Reset icon does not match reference mask"
        )
E       AssertionError: Reset icon does not match reference mask
E       assert False
E        +  where False = matches_icon_reference(<PIL.PngImagePlugin.PngImageFile image mode=RGBA size=144x168 at 0x7B45740A3100>, (109, 5, 144, 40), ref_name='alarm_edit', platform='basalt')

test/functional/test_button_icons.py:336: AssertionError
------------------------------ Captured log setup ------------------------------
07:38:02 [INFO] functional.conftest: [basalt] Opening app for test: test_alarm_up_icon_edit[basalt]
07:38:02 [INFO] functional.conftest: [basalt] Opening app via install (preserving state)
07:38:02 [INFO] functional.conftest: [basalt] Installing app on emulator
07:38:05 [INFO] functional.conftest: [basalt] App installed and transport connected
07:38:05 [INFO] functional.conftest: [basalt] App opened via install
------------------------------ Captured log call -------------------------------
07:38:06 [INFO] functional.test_button_icons: [basalt] Setting up 4s timer for icon test
07:38:13 [INFO] functional.test_button_icons: [basalt] Short timer set to 4s, waiting for expire
07:38:17 [INFO] functional.test_button_icons: [basalt] Short timer started, counting down from 4s
07:38:24 [WARNING] functional.test_button_icons: Icon mask mismatch for 'alarm_edit' on basalt: 270 pixels differ (tolerance=10)
---------------------------- Captured log teardown -----------------------------
07:38:24 [INFO] functional.conftest: [basalt] Quitting app after test: test_alarm_up_icon_edit[basalt]
_____________ TestAlarmIcons.test_alarm_long_up_icon_reset[basalt] _____________

self = <functional.test_button_icons.TestAlarmIcons object at 0x7b45761be470>
persistent_emulator = <functional.conftest.EmulatorHelper object at 0x7b4575f8e770>

    def test_alarm_long_up_icon_reset(self, persistent_emulator):
        """Verify the hold icon (reset) beside the Up button during alarm state."""
        emulator = persistent_emulator
        platform = emulator.platform
        screenshot = self._enter_alarm(emulator)
    
        region = get_region(platform, "LONG_UP")
>       assert matches_icon_reference(screenshot, region, "alarm_long_up", platform=platform), (
            "Alarm long-press Up icon does not match reference mask"
        )
E       AssertionError: Alarm long-press Up icon does not match reference mask
E       assert False
E        +  where False = matches_icon_reference(<PIL.PngImagePlugin.PngImageFile image mode=RGBA size=144x168 at 0x7B457409E2C0>, (92, 10, 117, 35), 'alarm_long_up', platform='basalt')

test/functional/test_button_icons.py:347: AssertionError
------------------------------ Captured log setup ------------------------------
07:38:26 [INFO] functional.conftest: [basalt] Opening app for test: test_alarm_long_up_icon_reset[basalt]
07:38:26 [INFO] functional.conftest: [basalt] Opening app via install (preserving state)
07:38:26 [INFO] functional.conftest: [basalt] Installing app on emulator
07:38:29 [INFO] functional.conftest: [basalt] App installed and transport connected
07:38:29 [INFO] functional.conftest: [basalt] App opened via install
------------------------------ Captured log call -------------------------------
07:38:29 [INFO] functional.test_button_icons: [basalt] Setting up 4s timer for icon test
07:38:37 [INFO] functional.test_button_icons: [basalt] Short timer set to 4s, waiting for expire
07:38:41 [INFO] functional.test_button_icons: [basalt] Short timer started, counting down from 4s
07:38:47 [WARNING] functional.test_button_icons: Icon mask mismatch for 'alarm_long_up' on basalt: 159 pixels differ (tolerance=10)
---------------------------- Captured log teardown -----------------------------
07:38:47 [INFO] functional.conftest: [basalt] Quitting app after test: test_alarm_long_up_icon_reset[basalt]
______________ TestAlarmIcons.test_alarm_down_icon_snooze[basalt] ______________

self = <functional.test_button_icons.TestAlarmIcons object at 0x7b45761bcdc0>
persistent_emulator = <functional.conftest.EmulatorHelper object at 0x7b4575f8e770>

    def test_alarm_down_icon_snooze(self, persistent_emulator):
        """Verify the snooze icon (Down button) is drawn during alarm state."""
        emulator = persistent_emulator
        platform = emulator.platform
        screenshot = self._enter_alarm(emulator)
    
        region = get_region(platform, "DOWN")
        assert has_icon_content(screenshot, region), (
            "Expected snooze icon content in Down button region during alarm state"
        )
>       assert matches_icon_reference(screenshot, region, "snooze", platform=platform), (
            "Snooze icon does not match reference mask"
        )
E       AssertionError: Snooze icon does not match reference mask
E       assert False
E        +  where False = matches_icon_reference(<PIL.PngImagePlugin.PngImageFile image mode=RGBA size=144x168 at 0x7B457409F280>, (109, 128, 144, 163), 'snooze', platform='basalt')

test/functional/test_button_icons.py:375: AssertionError
------------------------------ Captured log setup ------------------------------
07:39:13 [INFO] functional.conftest: [basalt] Opening app for test: test_alarm_down_icon_snooze[basalt]
07:39:13 [INFO] functional.conftest: [basalt] Opening app via install (preserving state)
07:39:13 [INFO] functional.conftest: [basalt] Installing app on emulator
07:39:16 [INFO] functional.conftest: [basalt] App installed and transport connected
07:39:16 [INFO] functional.conftest: [basalt] App opened via install
------------------------------ Captured log call -------------------------------
07:39:16 [INFO] functional.test_button_icons: [basalt] Setting up 4s timer for icon test
07:39:24 [INFO] functional.test_button_icons: [basalt] Short timer set to 4s, waiting for expire
07:39:28 [INFO] functional.test_button_icons: [basalt] Short timer started, counting down from 4s
07:39:34 [WARNING] functional.test_button_icons: Icon mask mismatch for 'snooze' on basalt: 309 pixels differ (tolerance=10)
---------------------------- Captured log teardown -----------------------------
07:39:34 [INFO] functional.conftest: [basalt] Quitting app after test: test_alarm_down_icon_snooze[basalt]
_______________ TestEditSecIcons.test_editsec_back_icon[basalt] ________________

self = <functional.test_button_icons.TestEditSecIcons object at 0x7b4576006740>
persistent_emulator = <functional.conftest.EmulatorHelper object at 0x7b4575f8e770>

    def test_editsec_back_icon(self, persistent_emulator):
        """Verify +60s indicator icon for Back button in EditSec mode."""
        emulator = persistent_emulator
        platform = emulator.platform
        screenshot = self._enter_editsec(emulator)
        region = get_region(platform, "BACK")
        assert has_icon_content(screenshot, region), (
            "Expected +60s icon content in Back button region in EditSec mode"
        )
>       assert matches_icon_reference(screenshot, region, "editsec_back_plus60", platform=platform), (
            "+60s icon does not match reference mask"
        )
E       AssertionError: +60s icon does not match reference mask
E       assert False
E        +  where False = matches_icon_reference(<PIL.PngImagePlugin.PngImageFile image mode=RGBA size=144x168 at 0x7B45740AE860>, (0, 5, 35, 40), 'editsec_back_plus60', platform='basalt')

test/functional/test_button_icons.py:512: AssertionError
------------------------------ Captured log setup ------------------------------
07:40:20 [INFO] functional.conftest: [basalt] Opening app for test: test_editsec_back_icon[basalt]
07:40:20 [INFO] functional.conftest: [basalt] Opening app via install (preserving state)
07:40:20 [INFO] functional.conftest: [basalt] Installing app on emulator
07:40:23 [INFO] functional.conftest: [basalt] App installed and transport connected
07:40:23 [INFO] functional.conftest: [basalt] App opened via install
------------------------------ Captured log call -------------------------------
07:40:30 [WARNING] functional.test_button_icons: Icon mask mismatch for 'editsec_back_plus60' on basalt: 166 pixels differ (tolerance=10)
---------------------------- Captured log teardown -----------------------------
07:40:30 [INFO] functional.conftest: [basalt] Quitting app after test: test_editsec_back_icon[basalt]
________________ TestEditSecIcons.test_editsec_up_icon[basalt] _________________

self = <functional.test_button_icons.TestEditSecIcons object at 0x7b4576005c30>
persistent_emulator = <functional.conftest.EmulatorHelper object at 0x7b4575f8e770>

    def test_editsec_up_icon(self, persistent_emulator):
        """Verify +20s indicator icon for Up button in EditSec mode."""
        emulator = persistent_emulator
        platform = emulator.platform
        screenshot = self._enter_editsec(emulator)
        region = get_region(platform, "UP")
        assert has_icon_content(screenshot, region), (
            "Expected +20s icon content in Up button region in EditSec mode"
        )
>       assert matches_icon_reference(screenshot, region, "editsec_up", platform=platform), (
            "+20s icon does not match reference mask"
        )
E       AssertionError: +20s icon does not match reference mask
E       assert False
E        +  where False = matches_icon_reference(<PIL.PngImagePlugin.PngImageFile image mode=RGBA size=144x168 at 0x7B45740ABC10>, (109, 5, 144, 40), 'editsec_up', platform='basalt')

test/functional/test_button_icons.py:525: AssertionError
------------------------------ Captured log setup ------------------------------
07:40:32 [INFO] functional.conftest: [basalt] Opening app for test: test_editsec_up_icon[basalt]
07:40:32 [INFO] functional.conftest: [basalt] Opening app via install (preserving state)
07:40:32 [INFO] functional.conftest: [basalt] Installing app on emulator
07:40:35 [INFO] functional.conftest: [basalt] App installed and transport connected
07:40:35 [INFO] functional.conftest: [basalt] App opened via install
------------------------------ Captured log call -------------------------------
07:40:41 [WARNING] functional.test_button_icons: Icon mask mismatch for 'editsec_up' on basalt: 139 pixels differ (tolerance=10)
---------------------------- Captured log teardown -----------------------------
07:40:41 [INFO] functional.conftest: [basalt] Quitting app after test: test_editsec_up_icon[basalt]
______________ TestEditSecIcons.test_editsec_select_icon[basalt] _______________

self = <functional.test_button_icons.TestEditSecIcons object at 0x7b4576006fe0>
persistent_emulator = <functional.conftest.EmulatorHelper object at 0x7b4575f8e770>

    def test_editsec_select_icon(self, persistent_emulator):
        """Verify +5s indicator icon for Select button in EditSec mode."""
        emulator = persistent_emulator
        platform = emulator.platform
        screenshot = self._enter_editsec(emulator)
        region = get_region(platform, "SELECT")
        assert has_icon_content(screenshot, region), (
            "Expected +5s icon content in Select button region in EditSec mode"
        )
>       assert matches_icon_reference(screenshot, region, "editsec_select", platform=platform), (
            "+5s icon does not match reference mask"
        )
E       AssertionError: +5s icon does not match reference mask
E       assert False
E        +  where False = matches_icon_reference(<PIL.PngImagePlugin.PngImageFile image mode=RGBA size=144x168 at 0x7B457409CA30>, (122, 71, 144, 96), 'editsec_select', platform='basalt')

test/functional/test_button_icons.py:538: AssertionError
------------------------------ Captured log setup ------------------------------
07:40:43 [INFO] functional.conftest: [basalt] Opening app for test: test_editsec_select_icon[basalt]
07:40:43 [INFO] functional.conftest: [basalt] Opening app via install (preserving state)
07:40:43 [INFO] functional.conftest: [basalt] Installing app on emulator
07:40:46 [INFO] functional.conftest: [basalt] App installed and transport connected
07:40:46 [INFO] functional.conftest: [basalt] App opened via install
------------------------------ Captured log call -------------------------------
07:40:53 [WARNING] functional.test_button_icons: Icon mask mismatch for 'editsec_select' on basalt: 137 pixels differ (tolerance=10)
---------------------------- Captured log teardown -----------------------------
07:40:53 [INFO] functional.conftest: [basalt] Quitting app after test: test_editsec_select_icon[basalt]
_______________ TestEditSecIcons.test_editsec_down_icon[basalt] ________________

self = <functional.test_button_icons.TestEditSecIcons object at 0x7b45760077f0>
persistent_emulator = <functional.conftest.EmulatorHelper object at 0x7b4575f8e770>

    def test_editsec_down_icon(self, persistent_emulator):
        """Verify +1s indicator icon for Down button in EditSec mode.
    
        Note: has_icon_content threshold check skipped because the "+1" icon
        has fewer non-bg pixels than the default threshold of 100.
        """
        emulator = persistent_emulator
        platform = emulator.platform
        screenshot = self._enter_editsec(emulator)
        region = get_region(platform, "DOWN")
>       assert matches_icon_reference(screenshot, region, "editsec_down", platform=platform), (
            "+1s icon does not match reference mask"
        )
E       AssertionError: +1s icon does not match reference mask
E       assert False
E        +  where False = matches_icon_reference(<PIL.PngImagePlugin.PngImageFile image mode=RGBA size=144x168 at 0x7B45740AC1C0>, (109, 128, 144, 163), 'editsec_down', platform='basalt')

test/functional/test_button_icons.py:552: AssertionError
------------------------------ Captured log setup ------------------------------
07:40:54 [INFO] functional.conftest: [basalt] Opening app for test: test_editsec_down_icon[basalt]
07:40:54 [INFO] functional.conftest: [basalt] Opening app via install (preserving state)
07:40:54 [INFO] functional.conftest: [basalt] Installing app on emulator
07:40:58 [INFO] functional.conftest: [basalt] App installed and transport connected
07:40:58 [INFO] functional.conftest: [basalt] App opened via install
------------------------------ Captured log call -------------------------------
07:41:04 [WARNING] functional.test_button_icons: Icon mask mismatch for 'editsec_down' on basalt: 144 pixels differ (tolerance=10)
---------------------------- Captured log teardown -----------------------------
07:41:04 [INFO] functional.conftest: [basalt] Quitting app after test: test_editsec_down_icon[basalt]
________ TestEditSecIcons.test_editsec_long_up_direction_toggle[basalt] ________

self = <functional.test_button_icons.TestEditSecIcons object at 0x7b4576028070>
persistent_emulator = <functional.conftest.EmulatorHelper object at 0x7b4575f8e770>

    def test_editsec_long_up_direction_toggle(self, persistent_emulator):
        """Verify direction toggle indicator for long-press Up in EditSec mode."""
        emulator = persistent_emulator
        platform = emulator.platform
        screenshot = self._enter_editsec(emulator)
        region = get_region(platform, "LONG_UP")
>       assert matches_icon_reference(screenshot, region, "editsec_long_up", platform=platform), (
            "Direction toggle icon does not match reference mask in EditSec mode"
        )
E       AssertionError: Direction toggle icon does not match reference mask in EditSec mode
E       assert False
E        +  where False = matches_icon_reference(<PIL.PngImagePlugin.PngImageFile image mode=RGBA size=144x168 at 0x7B45740ADCF0>, (92, 10, 117, 35), 'editsec_long_up', platform='basalt')

test/functional/test_button_icons.py:562: AssertionError
------------------------------ Captured log setup ------------------------------
07:41:06 [INFO] functional.conftest: [basalt] Opening app for test: test_editsec_long_up_direction_toggle[basalt]
07:41:06 [INFO] functional.conftest: [basalt] Opening app via install (preserving state)
07:41:06 [INFO] functional.conftest: [basalt] Installing app on emulator
07:41:09 [INFO] functional.conftest: [basalt] App installed and transport connected
07:41:09 [INFO] functional.conftest: [basalt] App opened via install
------------------------------ Captured log call -------------------------------
07:41:16 [WARNING] functional.test_button_icons: Icon mask mismatch for 'editsec_long_up' on basalt: 71 pixels differ (tolerance=10)
---------------------------- Captured log teardown -----------------------------
07:41:16 [INFO] functional.conftest: [basalt] Quitting app after test: test_editsec_long_up_direction_toggle[basalt]
_______________ TestChronoIcons.test_chrono_select_icon[basalt] ________________

self = <functional.test_button_icons.TestChronoIcons object at 0x7b457602b9a0>
persistent_emulator = <functional.conftest.EmulatorHelper object at 0x7b4575f8e770>

    def test_chrono_select_icon(self, persistent_emulator):
        """Verify pause indicator for Select button in chrono mode.
    
        Uses log-based assertions to verify we're in chrono mode (timer is negative
        value, i.e., timer_is_chrono() returns true).
        """
        emulator = persistent_emulator
        platform = emulator.platform
    
        # Start log capture before entering chrono mode
        capture = LogCapture(platform)
        capture.start()
        time.sleep(1.0)  # Wait for pebble logs to connect
    
        screenshot = self._enter_chrono(emulator)
    
        # Clear queue of setup logs
        capture.clear_state_queue()
    
        # Cancel quit timer and capture state
        emulator.press_down()
        state = capture.wait_for_state(event="button_down", timeout=5.0)
        capture.stop()
    
        # Verify we're in Counting mode (chrono is Counting mode with negative time value)
>       assert state is not None, "Did not receive button_down state log"
E       AssertionError: Did not receive button_down state log
E       assert None is not None

test/functional/test_button_icons.py:749: AssertionError
------------------------------ Captured log setup ------------------------------
07:42:40 [INFO] functional.conftest: [basalt] Opening app for test: test_chrono_select_icon[basalt]
07:42:40 [INFO] functional.conftest: [basalt] Opening app via install (preserving state)
07:42:40 [INFO] functional.conftest: [basalt] Installing app on emulator
07:42:43 [INFO] functional.conftest: [basalt] App installed and transport connected
07:42:43 [INFO] functional.conftest: [basalt] App opened via install
------------------------------ Captured log call -------------------------------
07:42:45 [INFO] functional.test_button_icons: [basalt] Setting up 4s timer for icon test
07:42:52 [INFO] functional.test_button_icons: [basalt] Short timer set to 4s, waiting for expire
07:42:56 [INFO] functional.test_button_icons: [basalt] Short timer started, counting down from 4s
---------------------------- Captured log teardown -----------------------------
07:43:09 [INFO] functional.conftest: [basalt] Quitting app after test: test_chrono_select_icon[basalt]
____________ TestEditRepeatIcons.test_editrepeat_back_icon[basalt] _____________

self = <functional.test_button_icons.TestEditRepeatIcons object at 0x7b457602ae30>
persistent_emulator = <functional.conftest.EmulatorHelper object at 0x7b4575f8e770>

    def test_editrepeat_back_icon(self, persistent_emulator):
        """Verify reset count indicator for Back button in EditRepeat mode.
    
        Note: has_icon_content threshold check skipped because the icon
        may have fewer non-bg pixels than the default threshold of 100.
        """
        emulator = persistent_emulator
        platform = emulator.platform
        screenshot = self._enter_editrepeat(emulator)
        region = get_region(platform, "BACK")
        # Verify it has some content
        assert has_icon_content(screenshot, region, threshold=50), (
            "Expected Reset Count icon content in Back button region in EditRepeat mode"
        )
>       assert matches_icon_reference(screenshot, region, "editrepeat_back", platform=platform, tolerance=20), (
            "Reset Count icon does not match reference mask"
        )
E       AssertionError: Reset Count icon does not match reference mask
E       assert False
E        +  where False = matches_icon_reference(<PIL.PngImagePlugin.PngImageFile image mode=RGBA size=144x168 at 0x7B457409FF40>, (0, 5, 35, 40), 'editrepeat_back', platform='basalt', tolerance=20)

test/functional/test_button_icons.py:819: AssertionError
------------------------------ Captured log setup ------------------------------
07:43:17 [INFO] functional.conftest: [basalt] Opening app for test: test_editrepeat_back_icon[basalt]
07:43:17 [INFO] functional.conftest: [basalt] Opening app via install (preserving state)
07:43:17 [INFO] functional.conftest: [basalt] Installing app on emulator
07:43:20 [INFO] functional.conftest: [basalt] App installed and transport connected
07:43:20 [INFO] functional.conftest: [basalt] App opened via install
------------------------------ Captured log call -------------------------------
07:43:28 [WARNING] functional.test_button_icons: Icon mask mismatch for 'editrepeat_back' on basalt: 30 pixels differ (tolerance=20)
---------------------------- Captured log teardown -----------------------------
07:43:28 [INFO] functional.conftest: [basalt] Quitting app after test: test_editrepeat_back_icon[basalt]
__ TestEditSecModeForwardIcons.test_editsec_forward_back_icon_plus60[basalt] ___

self = <functional.test_directional_icons.TestEditSecModeForwardIcons object at 0x7b45760a9b10>
persistent_emulator = <functional.conftest.EmulatorHelper object at 0x7b456ffe6e60>

    def test_editsec_forward_back_icon_plus60(self, persistent_emulator):
        """Verify +60s icon for Back button in EditSec mode (was +30, now +60).
    
        This test specifically verifies the fix from directional-icons spec.
        """
        emulator = persistent_emulator
        platform = emulator.platform
        screenshot = enter_editsec_mode(emulator)
        region = get_region(platform, "BACK")
        assert has_icon_content(screenshot, region), (
            "Expected +60s icon content in Back button region"
        )
>       assert matches_icon_reference(screenshot, region, "editsec_back_plus60", platform=platform), (
            "+60s icon does not match reference mask (this is the fix for +30 -> +60)"
        )
E       AssertionError: +60s icon does not match reference mask (this is the fix for +30 -> +60)
E       assert False
E        +  where False = matches_icon_reference(<PIL.PngImagePlugin.PngImageFile image mode=RGBA size=144x168 at 0x7B45760061D0>, (0, 5, 35, 40), 'editsec_back_plus60', platform='basalt')

test/functional/test_directional_icons.py:247: AssertionError
------------------------------ Captured log setup ------------------------------
07:48:19 [INFO] functional.conftest: [basalt] Opening app for test: test_editsec_forward_back_icon_plus60[basalt]
07:48:19 [INFO] functional.conftest: [basalt] Opening app via install (preserving state)
07:48:19 [INFO] functional.conftest: [basalt] Installing app on emulator
07:48:22 [INFO] functional.conftest: [basalt] App installed and transport connected
07:48:22 [INFO] functional.conftest: [basalt] App opened via install
------------------------------ Captured log call -------------------------------
07:48:29 [WARNING] functional.test_button_icons: Icon mask mismatch for 'editsec_back_plus60' on basalt: 166 pixels differ (tolerance=10)
---------------------------- Captured log teardown -----------------------------
07:48:29 [INFO] functional.conftest: [basalt] Quitting app after test: test_editsec_forward_back_icon_plus60[basalt]
______ TestEditSecModeReverseIcons.test_editsec_reverse_back_icon[basalt] ______

self = <functional.test_directional_icons.TestEditSecModeReverseIcons object at 0x7b45760a9000>
persistent_emulator = <functional.conftest.EmulatorHelper object at 0x7b456ffe6e60>

    def test_editsec_reverse_back_icon(self, persistent_emulator):
        """Verify -60s icon for Back button in EditSec mode (reverse direction)."""
        emulator = persistent_emulator
        platform = emulator.platform
        enter_editsec_mode(emulator)
        screenshot = toggle_editsec_to_reverse(emulator)
        region = get_region(platform, "BACK")
        assert has_icon_content(screenshot, region), (
            "Expected -60s icon content in Back button region"
        )
>       assert matches_icon_reference(screenshot, region, "editsec_back_reverse", platform=platform), (
            "-60s icon does not match reference mask"
        )
E       AssertionError: -60s icon does not match reference mask
E       assert False
E        +  where False = matches_icon_reference(<PIL.PngImagePlugin.PngImageFile image mode=RGBA size=144x168 at 0x7B456FF4BA60>, (0, 5, 35, 40), 'editsec_back_reverse', platform='basalt')

test/functional/test_directional_icons.py:281: AssertionError
------------------------------ Captured log setup ------------------------------
07:48:44 [INFO] functional.conftest: [basalt] Opening app for test: test_editsec_reverse_back_icon[basalt]
07:48:44 [INFO] functional.conftest: [basalt] Opening app via install (preserving state)
07:48:44 [INFO] functional.conftest: [basalt] Installing app on emulator
07:48:47 [INFO] functional.conftest: [basalt] App installed and transport connected
07:48:47 [INFO] functional.conftest: [basalt] App opened via install
------------------------------ Captured log call -------------------------------
07:48:58 [WARNING] functional.test_button_icons: Icon mask mismatch for 'editsec_back_reverse' on basalt: 180 pixels differ (tolerance=10)
---------------------------- Captured log teardown -----------------------------
07:48:58 [INFO] functional.conftest: [basalt] Quitting app after test: test_editsec_reverse_back_icon[basalt]
_______ TestEditSecModeReverseIcons.test_editsec_reverse_up_icon[basalt] _______

self = <functional.test_directional_icons.TestEditSecModeReverseIcons object at 0x7b45760aab00>
persistent_emulator = <functional.conftest.EmulatorHelper object at 0x7b456ffe6e60>

    def test_editsec_reverse_up_icon(self, persistent_emulator):
        """Verify -20s icon for Up button in EditSec mode (reverse direction)."""
        emulator = persistent_emulator
        platform = emulator.platform
        enter_editsec_mode(emulator)
        screenshot = toggle_editsec_to_reverse(emulator)
        region = get_region(platform, "UP")
        assert has_icon_content(screenshot, region), (
            "Expected -20s icon content in Up button region"
        )
>       assert matches_icon_reference(screenshot, region, "editsec_up_reverse", platform=platform), (
            "-20s icon does not match reference mask"
        )
E       AssertionError: -20s icon does not match reference mask
E       assert False
E        +  where False = matches_icon_reference(<PIL.PngImagePlugin.PngImageFile image mode=RGBA size=144x168 at 0x7B45740A9030>, (109, 5, 144, 40), 'editsec_up_reverse', platform='basalt')

test/functional/test_directional_icons.py:295: AssertionError
------------------------------ Captured log setup ------------------------------
07:49:00 [INFO] functional.conftest: [basalt] Opening app for test: test_editsec_reverse_up_icon[basalt]
07:49:00 [INFO] functional.conftest: [basalt] Opening app via install (preserving state)
07:49:00 [INFO] functional.conftest: [basalt] Installing app on emulator
07:49:03 [INFO] functional.conftest: [basalt] App installed and transport connected
07:49:03 [INFO] functional.conftest: [basalt] App opened via install
------------------------------ Captured log call -------------------------------
07:49:15 [WARNING] functional.test_button_icons: Icon mask mismatch for 'editsec_up_reverse' on basalt: 131 pixels differ (tolerance=10)
---------------------------- Captured log teardown -----------------------------
07:49:15 [INFO] functional.conftest: [basalt] Quitting app after test: test_editsec_reverse_up_icon[basalt]
_____ TestEditSecModeReverseIcons.test_editsec_reverse_select_icon[basalt] _____

self = <functional.test_directional_icons.TestEditSecModeReverseIcons object at 0x7b45760ab2e0>
persistent_emulator = <functional.conftest.EmulatorHelper object at 0x7b456ffe6e60>

    def test_editsec_reverse_select_icon(self, persistent_emulator):
        """Verify -5s icon for Select button in EditSec mode (reverse direction)."""
        emulator = persistent_emulator
        platform = emulator.platform
        enter_editsec_mode(emulator)
        screenshot = toggle_editsec_to_reverse(emulator)
        region = get_region(platform, "SELECT")
        assert has_icon_content(screenshot, region), (
            "Expected -5s icon content in Select button region"
        )
>       assert matches_icon_reference(screenshot, region, "editsec_select_reverse", platform=platform), (
            "-5s icon does not match reference mask"
        )
E       AssertionError: -5s icon does not match reference mask
E       assert False
E        +  where False = matches_icon_reference(<PIL.PngImagePlugin.PngImageFile image mode=RGBA size=144x168 at 0x7B452E97EAD0>, (122, 71, 144, 96), 'editsec_select_reverse', platform='basalt')

test/functional/test_directional_icons.py:309: AssertionError
------------------------------ Captured log setup ------------------------------
07:49:17 [INFO] functional.conftest: [basalt] Opening app for test: test_editsec_reverse_select_icon[basalt]
07:49:17 [INFO] functional.conftest: [basalt] Opening app via install (preserving state)
07:49:17 [INFO] functional.conftest: [basalt] Installing app on emulator
07:49:20 [INFO] functional.conftest: [basalt] App installed and transport connected
07:49:20 [INFO] functional.conftest: [basalt] App opened via install
------------------------------ Captured log call -------------------------------
07:49:31 [WARNING] functional.test_button_icons: Icon mask mismatch for 'editsec_select_reverse' on basalt: 137 pixels differ (tolerance=10)
---------------------------- Captured log teardown -----------------------------
07:49:31 [INFO] functional.conftest: [basalt] Quitting app after test: test_editsec_reverse_select_icon[basalt]
______ TestEditSecModeReverseIcons.test_editsec_reverse_down_icon[basalt] ______

self = <functional.test_directional_icons.TestEditSecModeReverseIcons object at 0x7b45760abaf0>
persistent_emulator = <functional.conftest.EmulatorHelper object at 0x7b456ffe6e60>

    def test_editsec_reverse_down_icon(self, persistent_emulator):
        """Verify -1s icon for Down button in EditSec mode (reverse direction)."""
        emulator = persistent_emulator
        platform = emulator.platform
        enter_editsec_mode(emulator)
        screenshot = toggle_editsec_to_reverse(emulator)
        region = get_region(platform, "DOWN")
>       assert matches_icon_reference(screenshot, region, "editsec_down_reverse", platform=platform), (
            "-1s icon does not match reference mask"
        )
E       AssertionError: -1s icon does not match reference mask
E       assert False
E        +  where False = matches_icon_reference(<PIL.PngImagePlugin.PngImageFile image mode=RGBA size=144x168 at 0x7B45760792D0>, (109, 128, 144, 163), 'editsec_down_reverse', platform='basalt')

test/functional/test_directional_icons.py:320: AssertionError
------------------------------ Captured log setup ------------------------------
07:49:33 [INFO] functional.conftest: [basalt] Opening app for test: test_editsec_reverse_down_icon[basalt]
07:49:33 [INFO] functional.conftest: [basalt] Opening app via install (preserving state)
07:49:33 [INFO] functional.conftest: [basalt] Installing app on emulator
07:49:36 [INFO] functional.conftest: [basalt] App installed and transport connected
07:49:36 [INFO] functional.conftest: [basalt] App opened via install
------------------------------ Captured log call -------------------------------
07:49:47 [WARNING] functional.test_button_icons: Icon mask mismatch for 'editsec_down_reverse' on basalt: 139 pixels differ (tolerance=10)
---------------------------- Captured log teardown -----------------------------
07:49:47 [INFO] functional.conftest: [basalt] Quitting app after test: test_editsec_reverse_down_icon[basalt]
__ TestRepeatTimerDuringAlarm.test_hold_up_during_alarm_repeats_timer[basalt] __

self = <functional.test_timer_workflows.TestRepeatTimerDuringAlarm object at 0x7b4575f69300>
persistent_emulator = <functional.conftest.EmulatorHelper object at 0x7b4575f42b90>

    def test_hold_up_during_alarm_repeats_timer(self, persistent_emulator):
        """
        Verify that holding the Up button while the alarm is vibrating
        repeats the current timer from its original duration.
    
        This tests the specific interaction when the timer has completed
        and is actively alarming (vibrating). Holding Up should:
        1. Stop the alarm
        2. Restart the timer from its original duration
    
        Steps:
        1. Set up and start a 4-second timer
        2. Wait for alarm_start event (timer vibrating)
        3. Hold Up button while alarm is active
        4. Verify alarm stops and timer restarts at original duration
        """
        emulator = persistent_emulator
    
        # Start log capture
        capture = LogCapture(emulator.platform)
        capture.start()
        time.sleep(1.0)
        capture.clear_state_queue()
    
        # Step 1: Set up 5-second timer manually using Select to start
        # Wait for app to enter chrono mode (0:00 counting up)
        logger.info("Waiting for chrono mode...")
        time.sleep(3.5)
    
        # Pause the chrono
        emulator.press_select()
        time.sleep(0.3)
    
        # Long press Select to enter EditSec mode
        emulator.hold_button(Button.SELECT)
        time.sleep(1)
        emulator.release_buttons()
        time.sleep(0.3)
    
        # Add 5 seconds by pressing Down 5 times
        for i in range(4):
            emulator.press_down()
            time.sleep(0.2)
    
        # Wait for edit mode to expire and transition to Counting mode
        # (Sub-minute timers now stay paused after edit expires)
        logger.info("Waiting for edit mode to expire...")
        time.sleep(3.5)
    
        # Press Select to start the paused timer
        logger.info("Pressing Select to start 5-second timer...")
        emulator.press_select()
    
        # Consume log events from setup
        capture.clear_state_queue()
    
        # Step 2: Wait for alarm_start
        logger.info("Waiting for alarm to start...")
        state_alarm = capture.wait_for_state(event="alarm_start", timeout=15.0)
        if state_alarm is None:
            logger.error(f"All captured logs: {capture.get_all_logs()}")
>       assert state_alarm is not None, "Timer did not alarm"
E       AssertionError: Timer did not alarm
E       assert None is not None

test/functional/test_timer_workflows.py:831: AssertionError
------------------------------ Captured log setup ------------------------------
07:58:06 [INFO] functional.conftest: [basalt] Opening app for test: test_hold_up_during_alarm_repeats_timer[basalt]
07:58:06 [INFO] functional.conftest: [basalt] Opening app via install (preserving state)
07:58:06 [INFO] functional.conftest: [basalt] Installing app on emulator
07:58:09 [INFO] functional.conftest: [basalt] App installed and transport connected
07:58:09 [INFO] functional.conftest: [basalt] App opened via install
------------------------------ Captured log call -------------------------------
07:58:10 [INFO] functional.test_timer_workflows: Waiting for chrono mode...
07:58:19 [INFO] functional.test_timer_workflows: Waiting for edit mode to expire...
07:58:22 [INFO] functional.test_timer_workflows: Pressing Select to start 5-second timer...
07:58:22 [INFO] functional.test_timer_workflows: Waiting for alarm to start...
07:58:37 [ERROR] functional.test_timer_workflows: All captured logs: ['[07:58:11] utility.c:54> TEST_STATE:mode_change,t=0:03,m=Counting,r=0,p=0,v=0,d=1', '[07:58:14] main.c:341> Select button pressed', '[07:58:14] utility.c:54> TEST_STATE:button_select,t=0:06,m=Counting,r=0,p=1,v=0,d=1', '[07:58:15] utility.c:54> TEST_STATE:long_press_select,t=0:00,m=Counting,r=0,p=1,v=0,d=1', '[07:58:16] main.c:485> Down button pressed', '[07:58:16] utility.c:54> TEST_STATE:button_down,t=0:00,m=Counting,r=0,p=1,v=0,d=1', '[07:58:17] main.c:485> Down button pressed', '[07:58:17] utility.c:54> TEST_STATE:button_down,t=0:00,m=Counting,r=0,p=1,v=0,d=1', '[07:58:17] main.c:485> Down button pressed', '[07:58:17] utility.c:54> TEST_STATE:button_down,t=0:00,m=Counting,r=0,p=1,v=0,d=1', '[07:58:18] main.c:485> Down button pressed', '[07:58:18] utility.c:54> TEST_STATE:button_down,t=0:00,m=Counting,r=0,p=1,v=0,d=1', '[07:58:22] main.c:341> Select button pressed', '[07:58:22] utility.c:54> TEST_STATE:button_select,t=0:00,m=Counting,r=0,p=0,v=0,d=1']
---------------------------- Captured log teardown -----------------------------
07:58:37 [INFO] functional.conftest: [basalt] Quitting app after test: test_hold_up_during_alarm_repeats_timer[basalt]
_ TestRepeatTimerDuringAlarm.test_hold_up_during_longer_alarm_repeats_timer_old_method[basalt] _

self = <functional.test_timer_workflows.TestRepeatTimerDuringAlarm object at 0x7b4575f69a50>
persistent_emulator = <functional.conftest.EmulatorHelper object at 0x7b4575f42b90>

    def test_hold_up_during_longer_alarm_repeats_timer_old_method(self, persistent_emulator):
        """
        Verify that holding the Up button while the alarm is vibrating
        repeats the current timer from its original duration.
    
        This tests the specific interaction when the timer has completed
        and is actively alarming (vibrating). Holding Up should:
        1. Stop the alarm
        2. Restart the timer from its original duration
    
        Steps:
        1. Set up and start a 5-second timer
        2. Wait for alarm_start event (timer vibrating)
        3. Hold Up button while alarm is active
        4. Verify alarm stops and timer restarts at original duration
        """
        emulator = persistent_emulator
    
        # Start log capture
        capture = LogCapture(emulator.platform)
        capture.start()
        time.sleep(1.0)
        capture.clear_state_queue()
    
        # Step 1: Set up 5-second timer manually using Select to start
        # Wait for app to enter chrono mode (0:00 counting up)
        logger.info("Waiting for chrono mode...")
        time.sleep(3.5)
    
        # Pause the chrono
        emulator.press_select()
        time.sleep(0.3)
    
        # Long press Select to enter EditSec mode
        emulator.hold_button(Button.SELECT)
        time.sleep(1)
        emulator.release_buttons()
        time.sleep(0.3)
    
        # Add 5 seconds
        emulator.press_select()
        time.sleep(1)
        emulator.press_select()
    
        # Wait for edit mode to expire and transition to Counting mode
        # (Sub-minute timers now stay paused after edit expires)
        logger.info("Waiting for edit mode to expire...")
        time.sleep(3.5)
    
        # Press Select to start the paused timer
        logger.info("Pressing Select to start 5-second timer...")
        emulator.press_select()
    
        # Consume log events from setup
        capture.clear_state_queue()
    
        # Step 2: Wait for alarm_start
        logger.info("Waiting for alarm to start...")
        state_alarm = capture.wait_for_state(event="alarm_start", timeout=12.0)
        if state_alarm is None:
            logger.error(f"All captured logs: {capture.get_all_logs()}")
>       assert state_alarm is not None, "Timer did not alarm"
E       AssertionError: Timer did not alarm
E       assert None is not None

test/functional/test_timer_workflows.py:1001: AssertionError
------------------------------ Captured log setup ------------------------------
07:59:04 [INFO] functional.conftest: [basalt] Opening app for test: test_hold_up_during_longer_alarm_repeats_timer_old_method[basalt]
07:59:04 [INFO] functional.conftest: [basalt] Opening app via install (preserving state)
07:59:04 [INFO] functional.conftest: [basalt] Installing app on emulator
07:59:07 [INFO] functional.conftest: [basalt] App installed and transport connected
07:59:07 [INFO] functional.conftest: [basalt] App opened via install
------------------------------ Captured log call -------------------------------
07:59:09 [INFO] functional.test_timer_workflows: Waiting for chrono mode...
07:59:17 [INFO] functional.test_timer_workflows: Waiting for edit mode to expire...
07:59:20 [INFO] functional.test_timer_workflows: Pressing Select to start 5-second timer...
07:59:21 [INFO] functional.test_timer_workflows: Waiting for alarm to start...
07:59:33 [ERROR] functional.test_timer_workflows: All captured logs: ['[07:59:10] utility.c:54> TEST_STATE:mode_change,t=0:03,m=Counting,r=0,p=0,v=0,d=1', '[07:59:13] main.c:341> Select button pressed', '[07:59:13] utility.c:54> TEST_STATE:button_select,t=0:06,m=Counting,r=0,p=1,v=0,d=1', '[07:59:14] utility.c:54> TEST_STATE:long_press_select,t=0:00,m=Counting,r=0,p=1,v=0,d=1', '[07:59:15] main.c:341> Select button pressed', '[07:59:15] utility.c:54> TEST_STATE:button_select,t=0:00,m=Counting,r=0,p=0,v=0,d=1', '[07:59:16] main.c:341> Select button pressed', '[07:59:16] utility.c:54> TEST_STATE:button_select,t=0:01,m=Counting,r=0,p=1,v=0,d=1', '[07:59:20] main.c:341> Select button pressed', '[07:59:20] utility.c:54> TEST_STATE:button_select,t=0:01,m=Counting,r=0,p=0,v=0,d=1']
---------------------------- Captured log teardown -----------------------------
07:59:33 [INFO] functional.conftest: [basalt] Quitting app after test: test_hold_up_during_longer_alarm_repeats_timer_old_method[basalt]
_ TestSubMinuteTimerStaysPaused.test_sub_minute_timer_stays_paused_after_edit_expires[basalt] _

self = <functional.test_timer_workflows.TestSubMinuteTimerStaysPaused object at 0x7b4575f6a320>
persistent_emulator = <functional.conftest.EmulatorHelper object at 0x7b4575f42b90>

    def test_sub_minute_timer_stays_paused_after_edit_expires(self, persistent_emulator):
        """
        Verify that when creating a stopwatch with seconds (e.g., 10 seconds),
        it remains paused when edit mode expires and requires manual unpause.
    
        Current expected behavior (to be implemented):
        - After setting seconds in EditSec mode
        - When the 3-second inactivity timer expires
        - Timer should transition to Counting mode but remain PAUSED
        - User must press Select to start the timer
    
        Steps:
        1. Wait for app to enter chrono mode (0:00 counting up)
        2. Pause the chrono with Select
        3. Long press Select to enter EditSec mode
        4. Press Down 10 times to set 10 seconds
        5. Wait for edit mode to expire (3.5 seconds)
        6. Verify timer is in Counting mode but PAUSED at ~0:10
        """
        emulator = persistent_emulator
    
        # Start log capture
        capture = LogCapture(emulator.platform)
        capture.start()
        time.sleep(1.0)
        capture.clear_state_queue()
    
        # Step 1: Wait for auto-chrono mode (0:00 counting up)
        logger.info("Waiting for chrono mode...")
        time.sleep(3.5)
    
        # Consume any mode_change events from startup
        capture.wait_for_state(event="mode_change", timeout=2.0)
    
        # Step 2: Pause the chrono
        emulator.press_select()
        state_paused = capture.wait_for_state(event="button_select", timeout=5.0)
        assert state_paused is not None
        assert_paused(state_paused, True)
        logger.info("Chrono paused")
    
        # Step 3: Long press Select to enter EditSec mode
        emulator.hold_button(Button.SELECT)
        time.sleep(1)
        emulator.release_buttons()
        state_edit = capture.wait_for_state(event="long_press_select", timeout=5.0)
        assert state_edit is not None
>       assert_mode(state_edit, "EditSec")

test/functional/test_timer_workflows.py:1080: 
_ _ _ _ _ _ _ _ _ _ _ _ _ _ _ _ _ _ _ _ _ _ _ _ _ _ _ _ _ _ _ _ _ _ _ _ _ _ _ _ 

state = {'d': '1', 'event': 'long_press_select', 'm': 'Counting', 'p': '1', ...}
mode = 'EditSec'

    def assert_mode(state: dict, mode: str):
        """Assert the control mode matches.
    
        Note: State uses short field name 'm' for mode.
        """
        actual = state.get('m', '')
>       assert actual == mode, f"Expected mode {mode}, got {actual}"
E       AssertionError: Expected mode EditSec, got Counting
E       assert 'Counting' == 'EditSec'
E         
E         - EditSec
E         + Counting

test/functional/conftest.py:712: AssertionError
------------------------------ Captured log setup ------------------------------
07:59:34 [INFO] functional.conftest: [basalt] Opening app for test: test_sub_minute_timer_stays_paused_after_edit_expires[basalt]
07:59:34 [INFO] functional.conftest: [basalt] Opening app via install (preserving state)
07:59:34 [INFO] functional.conftest: [basalt] Installing app on emulator
07:59:38 [INFO] functional.conftest: [basalt] App installed and transport connected
07:59:38 [INFO] functional.conftest: [basalt] App opened via install
------------------------------ Captured log call -------------------------------
07:59:39 [INFO] functional.test_timer_workflows: Waiting for chrono mode...
07:59:43 [INFO] functional.test_timer_workflows: Chrono paused
---------------------------- Captured log teardown -----------------------------
07:59:45 [INFO] functional.conftest: [basalt] Quitting app after test: test_sub_minute_timer_stays_paused_after_edit_expires[basalt]
=============================== warnings summary ===============================
test_create_timer.py::TestCreateTimer::test_create_2_minute_timer[basalt]
  /home/jared/Workspace/pebble-timer-quick/conda-env/lib/python3.10/site-packages/easyocr/detection.py:81: DeprecationWarning: torch.ao.quantization is deprecated and will be removed in 2.10. 
  For migrations of users: 
  1. Eager mode quantization (torch.ao.quantization.quantize, torch.ao.quantization.quantize_dynamic), please migrate to use torchao eager mode quantize_ API instead 
  2. FX graph mode quantization (torch.ao.quantization.quantize_fx.prepare_fx,torch.ao.quantization.quantize_fx.convert_fx, please migrate to use torchao pt2e quantization API instead (prepare_pt2e, convert_pt2e) 
  3. pt2e quantization has been migrated to torchao (https://github.com/pytorch/ao/tree/main/torchao/quantization/pt2e) 
  see https://github.com/pytorch/ao/issues/2259 for more details
    torch.quantization.quantize_dynamic(net, dtype=torch.qint8, inplace=True)

test_create_timer.py::TestCreateTimer::test_create_2_minute_timer[basalt]
test_create_timer.py::TestCreateTimer::test_create_2_minute_timer[basalt]
  /home/jared/Workspace/pebble-timer-quick/conda-env/lib/python3.10/site-packages/torch/ao/quantization/quantize.py:570: DeprecationWarning: torch.ao.quantization is deprecated and will be removed in 2.10. 
  For migrations of users: 
  1. Eager mode quantization (torch.ao.quantization.quantize, torch.ao.quantization.quantize_dynamic), please migrate to use torchao eager mode quantize_ API instead 
  2. FX graph mode quantization (torch.ao.quantization.quantize_fx.prepare_fx,torch.ao.quantization.quantize_fx.convert_fx, please migrate to use torchao pt2e quantization API instead (prepare_pt2e, convert_pt2e) 
  3. pt2e quantization has been migrated to torchao (https://github.com/pytorch/ao/tree/main/torchao/quantization/pt2e) 
  see https://github.com/pytorch/ao/issues/2259 for more details
    convert(model, mapping, inplace=True)

test_create_timer.py::TestCreateTimer::test_create_2_minute_timer[basalt]
  /home/jared/Workspace/pebble-timer-quick/conda-env/lib/python3.10/site-packages/easyocr/recognition.py:177: DeprecationWarning: torch.ao.quantization is deprecated and will be removed in 2.10. 
  For migrations of users: 
  1. Eager mode quantization (torch.ao.quantization.quantize, torch.ao.quantization.quantize_dynamic), please migrate to use torchao eager mode quantize_ API instead 
  2. FX graph mode quantization (torch.ao.quantization.quantize_fx.prepare_fx,torch.ao.quantization.quantize_fx.convert_fx, please migrate to use torchao pt2e quantization API instead (prepare_pt2e, convert_pt2e) 
  3. pt2e quantization has been migrated to torchao (https://github.com/pytorch/ao/tree/main/torchao/quantization/pt2e) 
  see https://github.com/pytorch/ao/issues/2259 for more details
    torch.quantization.quantize_dynamic(model, dtype=torch.qint8, inplace=True)

test_create_timer.py: 8 warnings
test_timer_workflows.py: 2 warnings
  /home/jared/Workspace/pebble-timer-quick/conda-env/lib/python3.10/site-packages/torch/utils/data/dataloader.py:775: UserWarning: 'pin_memory' argument is set as true but no accelerator is found, then device pinned memory won't be used.
    super().__init__(loader)

-- Docs: https://docs.pytest.org/en/stable/how-to/capture-warnings.html
=========================== short test summary info ============================
FAILED test/functional/test_button_icons.py::TestAlarmIcons::test_alarm_back_icon_silence[basalt]
FAILED test/functional/test_button_icons.py::TestAlarmIcons::test_alarm_up_icon_edit[basalt]
FAILED test/functional/test_button_icons.py::TestAlarmIcons::test_alarm_long_up_icon_reset[basalt]
FAILED test/functional/test_button_icons.py::TestAlarmIcons::test_alarm_down_icon_snooze[basalt]
FAILED test/functional/test_button_icons.py::TestEditSecIcons::test_editsec_back_icon[basalt]
FAILED test/functional/test_button_icons.py::TestEditSecIcons::test_editsec_up_icon[basalt]
FAILED test/functional/test_button_icons.py::TestEditSecIcons::test_editsec_select_icon[basalt]
FAILED test/functional/test_button_icons.py::TestEditSecIcons::test_editsec_down_icon[basalt]
FAILED test/functional/test_button_icons.py::TestEditSecIcons::test_editsec_long_up_direction_toggle[basalt]
FAILED test/functional/test_button_icons.py::TestChronoIcons::test_chrono_select_icon[basalt]
FAILED test/functional/test_button_icons.py::TestEditRepeatIcons::test_editrepeat_back_icon[basalt]
FAILED test/functional/test_directional_icons.py::TestEditSecModeForwardIcons::test_editsec_forward_back_icon_plus60[basalt]
FAILED test/functional/test_directional_icons.py::TestEditSecModeReverseIcons::test_editsec_reverse_back_icon[basalt]
FAILED test/functional/test_directional_icons.py::TestEditSecModeReverseIcons::test_editsec_reverse_up_icon[basalt]
FAILED test/functional/test_directional_icons.py::TestEditSecModeReverseIcons::test_editsec_reverse_select_icon[basalt]
FAILED test/functional/test_directional_icons.py::TestEditSecModeReverseIcons::test_editsec_reverse_down_icon[basalt]
FAILED test/functional/test_timer_workflows.py::TestRepeatTimerDuringAlarm::test_hold_up_during_alarm_repeats_timer[basalt]
FAILED test/functional/test_timer_workflows.py::TestRepeatTimerDuringAlarm::test_hold_up_during_longer_alarm_repeats_timer_old_method[basalt]
FAILED test/functional/test_timer_workflows.py::TestSubMinuteTimerStaysPaused::test_sub_minute_timer_stays_paused_after_edit_expires[basalt]
===== 19 failed, 63 passed, 353 skipped, 14 warnings in 1377.46s (0:22:57) =====
