============================= test session starts ==============================
platform linux -- Python 3.10.19, pytest-9.0.2, pluggy-1.6.0 -- /home/jared/Workspace/pebble-timer-quick/conda-env/bin/python3.10
cachedir: .pytest_cache
rootdir: /home/jared/Workspace/pebble-timer-quick/test/functional
configfile: pytest.ini
plugins: anyio-4.12.1
collecting ... collected 372 items

test/functional/test_backlight.py::TestBacklight::test_backlight_on_in_edit_mode[aplite] SKIPPED [  0%]
test/functional/test_backlight.py::TestBacklight::test_backlight_off_in_counting_mode[aplite] SKIPPED [  0%]
test/functional/test_backlight.py::TestBacklight::test_backlight_on_during_alarm[aplite] SKIPPED [  0%]
test/functional/test_backlight.py::TestBacklight::test_backlight_on_in_edit_sec_mode[aplite] SKIPPED [  1%]
test/functional/test_backlight.py::TestBacklight::test_backlight_on_in_edit_repeat_mode[aplite] SKIPPED [  1%]
test/functional/test_backlight.py::TestBacklight::test_backlight_stays_on_when_silencing_to_edit_mode[aplite] SKIPPED [  1%]
test/functional/test_backlight.py::TestBacklight::test_backlight_on_in_edit_mode[basalt] 
-------------------------------- live log setup --------------------------------
13:13:56 [INFO] functional.conftest: [basalt] Starting warm-up cycle to clear stale state
13:14:00 [INFO] functional.conftest: [basalt] Installing app on emulator
13:14:08 [INFO] functional.conftest: [basalt] App installed and transport connected
13:14:08 [INFO] functional.conftest: [basalt] Waiting for emulator to stabilize (2s)
13:14:09 [INFO] pebble_tool.util.updates: Update check failed: 404 (Not Found)
13:14:10 [INFO] functional.conftest: [basalt] Holding down button to quit app and set persist state
13:14:12 [INFO] functional.conftest: [basalt] App quit via long press, persist state set
13:14:12 [INFO] functional.conftest: [basalt] Emulator ready for tests
13:14:12 [INFO] functional.conftest: [basalt] Opening app for test: test_backlight_on_in_edit_mode[basalt]
13:14:12 [INFO] functional.conftest: [basalt] Opening app via install (preserving state)
13:14:12 [INFO] functional.conftest: [basalt] Installing app on emulator
13:14:15 [INFO] functional.conftest: [basalt] App installed and transport connected
13:14:15 [INFO] functional.conftest: [basalt] App opened via install
PASSED                                                                   [  1%]
------------------------------ live log teardown -------------------------------
13:14:17 [INFO] functional.conftest: [basalt] Quitting app after test: test_backlight_on_in_edit_mode[basalt]

test/functional/test_backlight.py::TestBacklight::test_backlight_off_in_counting_mode[basalt] 
-------------------------------- live log setup --------------------------------
13:14:19 [INFO] functional.conftest: [basalt] Opening app for test: test_backlight_off_in_counting_mode[basalt]
13:14:19 [INFO] functional.conftest: [basalt] Opening app via install (preserving state)
13:14:19 [INFO] functional.conftest: [basalt] Installing app on emulator
13:14:22 [INFO] functional.conftest: [basalt] App installed and transport connected
13:14:22 [INFO] functional.conftest: [basalt] App opened via install
PASSED                                                                   [  2%]
------------------------------ live log teardown -------------------------------
13:14:27 [INFO] functional.conftest: [basalt] Quitting app after test: test_backlight_off_in_counting_mode[basalt]

test/functional/test_backlight.py::TestBacklight::test_backlight_on_during_alarm[basalt] 
-------------------------------- live log setup --------------------------------
13:14:29 [INFO] functional.conftest: [basalt] Opening app for test: test_backlight_on_during_alarm[basalt]
13:14:29 [INFO] functional.conftest: [basalt] Opening app via install (preserving state)
13:14:29 [INFO] functional.conftest: [basalt] Installing app on emulator
13:14:32 [INFO] functional.conftest: [basalt] App installed and transport connected
13:14:32 [INFO] functional.conftest: [basalt] App opened via install
PASSED                                                                   [  2%]
------------------------------ live log teardown -------------------------------
13:14:49 [INFO] functional.conftest: [basalt] Quitting app after test: test_backlight_on_during_alarm[basalt]

test/functional/test_backlight.py::TestBacklight::test_backlight_on_in_edit_sec_mode[basalt] 
-------------------------------- live log setup --------------------------------
13:14:51 [INFO] functional.conftest: [basalt] Opening app for test: test_backlight_on_in_edit_sec_mode[basalt]
13:14:51 [INFO] functional.conftest: [basalt] Opening app via install (preserving state)
13:14:51 [INFO] functional.conftest: [basalt] Installing app on emulator
13:14:54 [INFO] functional.conftest: [basalt] App installed and transport connected
13:14:54 [INFO] functional.conftest: [basalt] App opened via install
PASSED                                                                   [  2%]
------------------------------ live log teardown -------------------------------
13:14:56 [INFO] functional.conftest: [basalt] Quitting app after test: test_backlight_on_in_edit_sec_mode[basalt]

test/functional/test_backlight.py::TestBacklight::test_backlight_on_in_edit_repeat_mode[basalt] 
-------------------------------- live log setup --------------------------------
13:14:58 [INFO] functional.conftest: [basalt] Opening app for test: test_backlight_on_in_edit_repeat_mode[basalt]
13:14:58 [INFO] functional.conftest: [basalt] Opening app via install (preserving state)
13:14:58 [INFO] functional.conftest: [basalt] Installing app on emulator
13:15:01 [INFO] functional.conftest: [basalt] App installed and transport connected
13:15:01 [INFO] functional.conftest: [basalt] App opened via install
PASSED                                                                   [  2%]
------------------------------ live log teardown -------------------------------
13:15:07 [INFO] functional.conftest: [basalt] Quitting app after test: test_backlight_on_in_edit_repeat_mode[basalt]

test/functional/test_backlight.py::TestBacklight::test_backlight_stays_on_when_silencing_to_edit_mode[basalt] 
-------------------------------- live log setup --------------------------------
13:15:09 [INFO] functional.conftest: [basalt] Opening app for test: test_backlight_stays_on_when_silencing_to_edit_mode[basalt]
13:15:09 [INFO] functional.conftest: [basalt] Opening app via install (preserving state)
13:15:09 [INFO] functional.conftest: [basalt] Installing app on emulator
13:15:12 [INFO] functional.conftest: [basalt] App installed and transport connected
13:15:12 [INFO] functional.conftest: [basalt] App opened via install
PASSED                                                                   [  3%]
------------------------------ live log teardown -------------------------------
13:15:24 [INFO] functional.conftest: [basalt] Quitting app after test: test_backlight_stays_on_when_silencing_to_edit_mode[basalt]

test/functional/test_backlight.py::TestBacklight::test_backlight_on_in_edit_mode[chalk] 
-------------------------------- live log setup --------------------------------
13:15:25 [INFO] functional.conftest: [basalt] Tearing down - killing emulator
SKIPPED (Skipping test for chalk since --platform=basalt was specified.) [  3%]
test/functional/test_backlight.py::TestBacklight::test_backlight_off_in_counting_mode[chalk] SKIPPED [  3%]
test/functional/test_backlight.py::TestBacklight::test_backlight_on_during_alarm[chalk] SKIPPED [  4%]
test/functional/test_backlight.py::TestBacklight::test_backlight_on_in_edit_sec_mode[chalk] SKIPPED [  4%]
test/functional/test_backlight.py::TestBacklight::test_backlight_on_in_edit_repeat_mode[chalk] SKIPPED [  4%]
test/functional/test_backlight.py::TestBacklight::test_backlight_stays_on_when_silencing_to_edit_mode[chalk] SKIPPED [  4%]
test/functional/test_backlight.py::TestBacklight::test_backlight_on_in_edit_mode[diorite] SKIPPED [  5%]
test/functional/test_backlight.py::TestBacklight::test_backlight_off_in_counting_mode[diorite] SKIPPED [  5%]
test/functional/test_backlight.py::TestBacklight::test_backlight_on_during_alarm[diorite] SKIPPED [  5%]
test/functional/test_backlight.py::TestBacklight::test_backlight_on_in_edit_sec_mode[diorite] SKIPPED [  5%]
test/functional/test_backlight.py::TestBacklight::test_backlight_on_in_edit_repeat_mode[diorite] SKIPPED [  6%]
test/functional/test_backlight.py::TestBacklight::test_backlight_stays_on_when_silencing_to_edit_mode[diorite] SKIPPED [  6%]
test/functional/test_button_icons.py::TestAlarmIcons::test_alarm_back_icon_silence[aplite] SKIPPED [  6%]
test/functional/test_button_icons.py::TestAlarmIcons::test_alarm_up_icon_edit[aplite] SKIPPED [  6%]
test/functional/test_button_icons.py::TestAlarmIcons::test_alarm_long_up_icon_reset[aplite] SKIPPED [  7%]
test/functional/test_button_icons.py::TestAlarmIcons::test_alarm_select_icon_pause[aplite] SKIPPED [  7%]
test/functional/test_button_icons.py::TestAlarmIcons::test_alarm_down_icon_snooze[aplite] SKIPPED [  7%]
test/functional/test_button_icons.py::TestNewModeIcons::test_new_back_icon[aplite] SKIPPED [  8%]
test/functional/test_button_icons.py::TestNewModeIcons::test_new_up_icon[aplite] SKIPPED [  8%]
test/functional/test_button_icons.py::TestNewModeIcons::test_new_select_icon[aplite] SKIPPED [  8%]
test/functional/test_button_icons.py::TestNewModeIcons::test_new_down_icon[aplite] SKIPPED [  8%]
test/functional/test_button_icons.py::TestNewModeIcons::test_new_long_up_direction_toggle[aplite] SKIPPED [  9%]
test/functional/test_button_icons.py::TestNewModeIcons::test_new_long_select_icon[aplite] SKIPPED [  9%]
test/functional/test_button_icons.py::TestNewModeIcons::test_new_long_down_icon[aplite] SKIPPED [  9%]
test/functional/test_button_icons.py::TestEditSecIcons::test_editsec_back_icon[aplite] SKIPPED [  9%]
test/functional/test_button_icons.py::TestEditSecIcons::test_editsec_up_icon[aplite] SKIPPED [ 10%]
test/functional/test_button_icons.py::TestEditSecIcons::test_editsec_select_icon[aplite] SKIPPED [ 10%]
test/functional/test_button_icons.py::TestEditSecIcons::test_editsec_down_icon[aplite] SKIPPED [ 10%]
test/functional/test_button_icons.py::TestEditSecIcons::test_editsec_long_up_direction_toggle[aplite] SKIPPED [ 11%]
test/functional/test_button_icons.py::TestCountingIcons::test_counting_back_icon[aplite] SKIPPED [ 11%]
test/functional/test_button_icons.py::TestCountingIcons::test_counting_up_icon[aplite] SKIPPED [ 11%]
test/functional/test_button_icons.py::TestCountingIcons::test_counting_select_icon[aplite] SKIPPED [ 11%]
test/functional/test_button_icons.py::TestCountingIcons::test_counting_down_icon[aplite] SKIPPED [ 12%]
test/functional/test_button_icons.py::TestCountingIcons::test_counting_long_up_icon[aplite] SKIPPED [ 12%]
test/functional/test_button_icons.py::TestCountingIcons::test_counting_long_select_icon[aplite] SKIPPED [ 12%]
test/functional/test_button_icons.py::TestCountingIcons::test_counting_long_down_icon[aplite] SKIPPED [ 12%]
test/functional/test_button_icons.py::TestPausedIcons::test_paused_select_icon_play[aplite] SKIPPED [ 13%]
test/functional/test_button_icons.py::TestChronoIcons::test_chrono_select_icon[aplite] SKIPPED [ 13%]
test/functional/test_button_icons.py::TestChronoIcons::test_chrono_long_select_icon[aplite] SKIPPED [ 13%]
test/functional/test_button_icons.py::TestEditRepeatIcons::test_editrepeat_back_icon[aplite] SKIPPED [ 13%]
test/functional/test_button_icons.py::TestEditRepeatIcons::test_editrepeat_up_icon[aplite] SKIPPED [ 14%]
test/functional/test_button_icons.py::TestEditRepeatIcons::test_editrepeat_select_icon[aplite] SKIPPED [ 14%]
test/functional/test_button_icons.py::TestEditRepeatIcons::test_editrepeat_down_icon[aplite] SKIPPED [ 14%]
test/functional/test_button_icons.py::TestAlarmIcons::test_alarm_back_icon_silence[basalt] 
-------------------------------- live log setup --------------------------------
13:15:26 [INFO] functional.test_button_icons: [basalt] Starting warm-up cycle
13:15:30 [INFO] functional.conftest: [basalt] Installing app on emulator
13:15:38 [INFO] functional.conftest: [basalt] App installed and transport connected
13:15:38 [INFO] functional.test_button_icons: [basalt] Waiting for emulator to stabilize (2s)
13:15:40 [INFO] functional.test_button_icons: [basalt] Holding down button to quit app and set persist state
13:15:42 [INFO] functional.test_button_icons: [basalt] Emulator ready for tests
13:15:42 [INFO] functional.conftest: [basalt] Opening app for test: test_alarm_back_icon_silence[basalt]
13:15:42 [INFO] functional.conftest: [basalt] Opening app via install (preserving state)
13:15:42 [INFO] functional.conftest: [basalt] Installing app on emulator
13:15:46 [INFO] functional.conftest: [basalt] App installed and transport connected
13:15:46 [INFO] functional.conftest: [basalt] App opened via install
-------------------------------- live log call ---------------------------------
13:15:47 [INFO] functional.test_button_icons: [basalt] Setting up 4s timer for icon test
13:15:54 [INFO] functional.test_button_icons: [basalt] Short timer set to 4s, waiting for expire
13:15:59 [INFO] functional.test_button_icons: [basalt] Short timer started, counting down from 4s
13:16:05 [INFO] functional.test_button_icons: All captured states: [{'event': 'mode_change', 't': '0:03', 'm': 'Counting', 'r': '0', 'p': '0', 'v': '0', 'd': '1', 'l': '0'}, {'event': 'button_up', 't': '0:05', 'm': 'New', 'r': '0', 'p': '0', 'v': '0', 'd': '1', 'l': '1'}, {'event': 'long_press_select', 't': '0:00', 'm': 'EditSec', 'r': '0', 'p': '1', 'v': '0', 'd': '1', 'l': '1'}, {'event': 'button_down', 't': '0:01', 'm': 'EditSec', 'r': '0', 'p': '1', 'v': '0', 'd': '1', 'l': '1'}, {'event': 'button_down', 't': '0:02', 'm': 'EditSec', 'r': '0', 'p': '1', 'v': '0', 'd': '1', 'l': '1'}, {'event': 'button_down', 't': '0:03', 'm': 'EditSec', 'r': '0', 'p': '1', 'v': '0', 'd': '1', 'l': '1'}, {'event': 'button_down', 't': '0:04', 'm': 'EditSec', 'r': '0', 'p': '1', 'v': '0', 'd': '1', 'l': '1'}, {'event': 'mode_change', 't': '0:04', 'm': 'Counting', 'r': '0', 'p': '1', 'v': '0', 'd': '1', 'l': '0'}, {'event': 'button_select', 't': '0:04', 'm': 'Counting', 'r': '0', 'p': '0', 'v': '0', 'd': '1', 'l': '0'}, {'event': 'alarm_start', 't': '0:00', 'm': 'Counting', 'r': '0', 'p': '0', 'v': '1', 'd': '1', 'l': '1'}]
PASSED                                                                   [ 15%]
------------------------------ live log teardown -------------------------------
13:16:05 [INFO] functional.conftest: [basalt] Quitting app after test: test_alarm_back_icon_silence[basalt]

test/functional/test_button_icons.py::TestAlarmIcons::test_alarm_up_icon_edit[basalt] 
-------------------------------- live log setup --------------------------------
13:16:07 [INFO] functional.conftest: [basalt] Opening app for test: test_alarm_up_icon_edit[basalt]
13:16:07 [INFO] functional.conftest: [basalt] Opening app via install (preserving state)
13:16:07 [INFO] functional.conftest: [basalt] Installing app on emulator
13:16:10 [INFO] functional.conftest: [basalt] App installed and transport connected
13:16:10 [INFO] functional.conftest: [basalt] App opened via install
-------------------------------- live log call ---------------------------------
13:16:11 [INFO] functional.test_button_icons: [basalt] Setting up 4s timer for icon test
13:16:18 [INFO] functional.test_button_icons: [basalt] Short timer set to 4s, waiting for expire
13:16:22 [INFO] functional.test_button_icons: [basalt] Short timer started, counting down from 4s
PASSED                                                                   [ 15%]
------------------------------ live log teardown -------------------------------
13:16:29 [INFO] functional.conftest: [basalt] Quitting app after test: test_alarm_up_icon_edit[basalt]

test/functional/test_button_icons.py::TestAlarmIcons::test_alarm_long_up_icon_reset[basalt] 
-------------------------------- live log setup --------------------------------
13:16:30 [INFO] functional.conftest: [basalt] Opening app for test: test_alarm_long_up_icon_reset[basalt]
13:16:30 [INFO] functional.conftest: [basalt] Opening app via install (preserving state)
13:16:30 [INFO] functional.conftest: [basalt] Installing app on emulator
13:16:34 [INFO] functional.conftest: [basalt] App installed and transport connected
13:16:34 [INFO] functional.conftest: [basalt] App opened via install
-------------------------------- live log call ---------------------------------
13:16:34 [INFO] functional.test_button_icons: [basalt] Setting up 4s timer for icon test
13:16:41 [INFO] functional.test_button_icons: [basalt] Short timer set to 4s, waiting for expire
13:16:46 [INFO] functional.test_button_icons: [basalt] Short timer started, counting down from 4s
PASSED                                                                   [ 15%]
------------------------------ live log teardown -------------------------------
13:16:52 [INFO] functional.conftest: [basalt] Quitting app after test: test_alarm_long_up_icon_reset[basalt]

test/functional/test_button_icons.py::TestAlarmIcons::test_alarm_select_icon_pause[basalt] 
-------------------------------- live log setup --------------------------------
13:16:54 [INFO] functional.conftest: [basalt] Opening app for test: test_alarm_select_icon_pause[basalt]
13:16:54 [INFO] functional.conftest: [basalt] Opening app via install (preserving state)
13:16:54 [INFO] functional.conftest: [basalt] Installing app on emulator
13:16:57 [INFO] functional.conftest: [basalt] App installed and transport connected
13:16:57 [INFO] functional.conftest: [basalt] App opened via install
-------------------------------- live log call ---------------------------------
13:16:58 [INFO] functional.test_button_icons: [basalt] Setting up 4s timer for icon test
13:17:05 [INFO] functional.test_button_icons: [basalt] Short timer set to 4s, waiting for expire
13:17:09 [INFO] functional.test_button_icons: [basalt] Short timer started, counting down from 4s
PASSED                                                                   [ 15%]
------------------------------ live log teardown -------------------------------
13:17:16 [INFO] functional.conftest: [basalt] Quitting app after test: test_alarm_select_icon_pause[basalt]

test/functional/test_button_icons.py::TestAlarmIcons::test_alarm_down_icon_snooze[basalt] 
-------------------------------- live log setup --------------------------------
13:17:17 [INFO] functional.conftest: [basalt] Opening app for test: test_alarm_down_icon_snooze[basalt]
13:17:17 [INFO] functional.conftest: [basalt] Opening app via install (preserving state)
13:17:17 [INFO] functional.conftest: [basalt] Installing app on emulator
13:17:21 [INFO] functional.conftest: [basalt] App installed and transport connected
13:17:21 [INFO] functional.conftest: [basalt] App opened via install
-------------------------------- live log call ---------------------------------
13:17:21 [INFO] functional.test_button_icons: [basalt] Setting up 4s timer for icon test
13:17:28 [INFO] functional.test_button_icons: [basalt] Short timer set to 4s, waiting for expire
13:17:33 [INFO] functional.test_button_icons: [basalt] Short timer started, counting down from 4s
PASSED                                                                   [ 16%]
------------------------------ live log teardown -------------------------------
13:17:39 [INFO] functional.conftest: [basalt] Quitting app after test: test_alarm_down_icon_snooze[basalt]

test/functional/test_button_icons.py::TestNewModeIcons::test_new_back_icon[basalt] 
-------------------------------- live log setup --------------------------------
13:17:41 [INFO] functional.conftest: [basalt] Opening app for test: test_new_back_icon[basalt]
13:17:41 [INFO] functional.conftest: [basalt] Opening app via install (preserving state)
13:17:41 [INFO] functional.conftest: [basalt] Installing app on emulator
13:17:44 [INFO] functional.conftest: [basalt] App installed and transport connected
13:17:44 [INFO] functional.conftest: [basalt] App opened via install
PASSED                                                                   [ 16%]
------------------------------ live log teardown -------------------------------
13:17:46 [INFO] functional.conftest: [basalt] Quitting app after test: test_new_back_icon[basalt]

test/functional/test_button_icons.py::TestNewModeIcons::test_new_up_icon[basalt] 
-------------------------------- live log setup --------------------------------
13:17:48 [INFO] functional.conftest: [basalt] Opening app for test: test_new_up_icon[basalt]
13:17:48 [INFO] functional.conftest: [basalt] Opening app via install (preserving state)
13:17:48 [INFO] functional.conftest: [basalt] Installing app on emulator
13:17:51 [INFO] functional.conftest: [basalt] App installed and transport connected
13:17:51 [INFO] functional.conftest: [basalt] App opened via install
PASSED                                                                   [ 16%]
------------------------------ live log teardown -------------------------------
13:17:52 [INFO] functional.conftest: [basalt] Quitting app after test: test_new_up_icon[basalt]

test/functional/test_button_icons.py::TestNewModeIcons::test_new_select_icon[basalt] 
-------------------------------- live log setup --------------------------------
13:17:54 [INFO] functional.conftest: [basalt] Opening app for test: test_new_select_icon[basalt]
13:17:54 [INFO] functional.conftest: [basalt] Opening app via install (preserving state)
13:17:54 [INFO] functional.conftest: [basalt] Installing app on emulator
13:17:57 [INFO] functional.conftest: [basalt] App installed and transport connected
13:17:57 [INFO] functional.conftest: [basalt] App opened via install
PASSED                                                                   [ 16%]
------------------------------ live log teardown -------------------------------
13:17:59 [INFO] functional.conftest: [basalt] Quitting app after test: test_new_select_icon[basalt]

test/functional/test_button_icons.py::TestNewModeIcons::test_new_down_icon[basalt] 
-------------------------------- live log setup --------------------------------
13:18:01 [INFO] functional.conftest: [basalt] Opening app for test: test_new_down_icon[basalt]
13:18:01 [INFO] functional.conftest: [basalt] Opening app via install (preserving state)
13:18:01 [INFO] functional.conftest: [basalt] Installing app on emulator
13:18:04 [INFO] functional.conftest: [basalt] App installed and transport connected
13:18:04 [INFO] functional.conftest: [basalt] App opened via install
PASSED                                                                   [ 17%]
------------------------------ live log teardown -------------------------------
13:18:05 [INFO] functional.conftest: [basalt] Quitting app after test: test_new_down_icon[basalt]

test/functional/test_button_icons.py::TestNewModeIcons::test_new_long_up_direction_toggle[basalt] 
-------------------------------- live log setup --------------------------------
13:18:07 [INFO] functional.conftest: [basalt] Opening app for test: test_new_long_up_direction_toggle[basalt]
13:18:07 [INFO] functional.conftest: [basalt] Opening app via install (preserving state)
13:18:07 [INFO] functional.conftest: [basalt] Installing app on emulator
13:18:10 [INFO] functional.conftest: [basalt] App installed and transport connected
13:18:10 [INFO] functional.conftest: [basalt] App opened via install
PASSED                                                                   [ 17%]
------------------------------ live log teardown -------------------------------
13:18:12 [INFO] functional.conftest: [basalt] Quitting app after test: test_new_long_up_direction_toggle[basalt]

test/functional/test_button_icons.py::TestNewModeIcons::test_new_long_select_icon[basalt] 
-------------------------------- live log setup --------------------------------
13:18:14 [INFO] functional.conftest: [basalt] Opening app for test: test_new_long_select_icon[basalt]
13:18:14 [INFO] functional.conftest: [basalt] Opening app via install (preserving state)
13:18:14 [INFO] functional.conftest: [basalt] Installing app on emulator
13:18:17 [INFO] functional.conftest: [basalt] App installed and transport connected
13:18:17 [INFO] functional.conftest: [basalt] App opened via install
SKIPPED (Long press select icon disabled due to display overlap (see...) [ 17%]
------------------------------ live log teardown -------------------------------
13:18:17 [INFO] functional.conftest: [basalt] Quitting app after test: test_new_long_select_icon[basalt]

test/functional/test_button_icons.py::TestNewModeIcons::test_new_long_down_icon[basalt] 
-------------------------------- live log setup --------------------------------
13:18:19 [INFO] functional.conftest: [basalt] Opening app for test: test_new_long_down_icon[basalt]
13:18:19 [INFO] functional.conftest: [basalt] Opening app via install (preserving state)
13:18:19 [INFO] functional.conftest: [basalt] Installing app on emulator
13:18:22 [INFO] functional.conftest: [basalt] App installed and transport connected
13:18:22 [INFO] functional.conftest: [basalt] App opened via install
PASSED                                                                   [ 18%]
------------------------------ live log teardown -------------------------------
13:18:24 [INFO] functional.conftest: [basalt] Quitting app after test: test_new_long_down_icon[basalt]

test/functional/test_button_icons.py::TestEditSecIcons::test_editsec_back_icon[basalt] 
-------------------------------- live log setup --------------------------------
13:18:26 [INFO] functional.conftest: [basalt] Opening app for test: test_editsec_back_icon[basalt]
13:18:26 [INFO] functional.conftest: [basalt] Opening app via install (preserving state)
13:18:26 [INFO] functional.conftest: [basalt] Installing app on emulator
13:18:29 [INFO] functional.conftest: [basalt] App installed and transport connected
13:18:29 [INFO] functional.conftest: [basalt] App opened via install
PASSED                                                                   [ 18%]
------------------------------ live log teardown -------------------------------
13:18:35 [INFO] functional.conftest: [basalt] Quitting app after test: test_editsec_back_icon[basalt]

test/functional/test_button_icons.py::TestEditSecIcons::test_editsec_up_icon[basalt] 
-------------------------------- live log setup --------------------------------
13:18:37 [INFO] functional.conftest: [basalt] Opening app for test: test_editsec_up_icon[basalt]
13:18:37 [INFO] functional.conftest: [basalt] Opening app via install (preserving state)
13:18:37 [INFO] functional.conftest: [basalt] Installing app on emulator
13:18:40 [INFO] functional.conftest: [basalt] App installed and transport connected
13:18:40 [INFO] functional.conftest: [basalt] App opened via install
PASSED                                                                   [ 18%]
------------------------------ live log teardown -------------------------------
13:18:46 [INFO] functional.conftest: [basalt] Quitting app after test: test_editsec_up_icon[basalt]

test/functional/test_button_icons.py::TestEditSecIcons::test_editsec_select_icon[basalt] 
-------------------------------- live log setup --------------------------------
13:18:48 [INFO] functional.conftest: [basalt] Opening app for test: test_editsec_select_icon[basalt]
13:18:48 [INFO] functional.conftest: [basalt] Opening app via install (preserving state)
13:18:48 [INFO] functional.conftest: [basalt] Installing app on emulator
13:18:51 [INFO] functional.conftest: [basalt] App installed and transport connected
13:18:51 [INFO] functional.conftest: [basalt] App opened via install
PASSED                                                                   [ 18%]
------------------------------ live log teardown -------------------------------
13:18:58 [INFO] functional.conftest: [basalt] Quitting app after test: test_editsec_select_icon[basalt]

test/functional/test_button_icons.py::TestEditSecIcons::test_editsec_down_icon[basalt] 
-------------------------------- live log setup --------------------------------
13:19:00 [INFO] functional.conftest: [basalt] Opening app for test: test_editsec_down_icon[basalt]
13:19:00 [INFO] functional.conftest: [basalt] Opening app via install (preserving state)
13:19:00 [INFO] functional.conftest: [basalt] Installing app on emulator
13:19:03 [INFO] functional.conftest: [basalt] App installed and transport connected
13:19:03 [INFO] functional.conftest: [basalt] App opened via install
PASSED                                                                   [ 19%]
------------------------------ live log teardown -------------------------------
13:19:09 [INFO] functional.conftest: [basalt] Quitting app after test: test_editsec_down_icon[basalt]

test/functional/test_button_icons.py::TestEditSecIcons::test_editsec_long_up_direction_toggle[basalt] 
-------------------------------- live log setup --------------------------------
13:19:11 [INFO] functional.conftest: [basalt] Opening app for test: test_editsec_long_up_direction_toggle[basalt]
13:19:11 [INFO] functional.conftest: [basalt] Opening app via install (preserving state)
13:19:11 [INFO] functional.conftest: [basalt] Installing app on emulator
13:19:15 [INFO] functional.conftest: [basalt] App installed and transport connected
13:19:15 [INFO] functional.conftest: [basalt] App opened via install
PASSED                                                                   [ 19%]
------------------------------ live log teardown -------------------------------
13:19:21 [INFO] functional.conftest: [basalt] Quitting app after test: test_editsec_long_up_direction_toggle[basalt]

test/functional/test_button_icons.py::TestCountingIcons::test_counting_back_icon[basalt] 
-------------------------------- live log setup --------------------------------
13:19:23 [INFO] functional.conftest: [basalt] Opening app for test: test_counting_back_icon[basalt]
13:19:23 [INFO] functional.conftest: [basalt] Opening app via install (preserving state)
13:19:23 [INFO] functional.conftest: [basalt] Installing app on emulator
13:19:26 [INFO] functional.conftest: [basalt] App installed and transport connected
13:19:26 [INFO] functional.conftest: [basalt] App opened via install
PASSED                                                                   [ 19%]
------------------------------ live log teardown -------------------------------
13:19:32 [INFO] functional.conftest: [basalt] Quitting app after test: test_counting_back_icon[basalt]

test/functional/test_button_icons.py::TestCountingIcons::test_counting_up_icon[basalt] 
-------------------------------- live log setup --------------------------------
13:19:34 [INFO] functional.conftest: [basalt] Opening app for test: test_counting_up_icon[basalt]
13:19:34 [INFO] functional.conftest: [basalt] Opening app via install (preserving state)
13:19:34 [INFO] functional.conftest: [basalt] Installing app on emulator
13:19:37 [INFO] functional.conftest: [basalt] App installed and transport connected
13:19:37 [INFO] functional.conftest: [basalt] App opened via install
PASSED                                                                   [ 19%]
------------------------------ live log teardown -------------------------------
13:19:43 [INFO] functional.conftest: [basalt] Quitting app after test: test_counting_up_icon[basalt]

test/functional/test_button_icons.py::TestCountingIcons::test_counting_select_icon[basalt] 
-------------------------------- live log setup --------------------------------
13:19:45 [INFO] functional.conftest: [basalt] Opening app for test: test_counting_select_icon[basalt]
13:19:45 [INFO] functional.conftest: [basalt] Opening app via install (preserving state)
13:19:45 [INFO] functional.conftest: [basalt] Installing app on emulator
13:19:48 [INFO] functional.conftest: [basalt] App installed and transport connected
13:19:48 [INFO] functional.conftest: [basalt] App opened via install
PASSED                                                                   [ 20%]
------------------------------ live log teardown -------------------------------
13:19:54 [INFO] functional.conftest: [basalt] Quitting app after test: test_counting_select_icon[basalt]

test/functional/test_button_icons.py::TestCountingIcons::test_counting_down_icon[basalt] 
-------------------------------- live log setup --------------------------------
13:19:55 [INFO] functional.conftest: [basalt] Opening app for test: test_counting_down_icon[basalt]
13:19:55 [INFO] functional.conftest: [basalt] Opening app via install (preserving state)
13:19:55 [INFO] functional.conftest: [basalt] Installing app on emulator
13:19:59 [INFO] functional.conftest: [basalt] App installed and transport connected
13:19:59 [INFO] functional.conftest: [basalt] App opened via install
PASSED                                                                   [ 20%]
------------------------------ live log teardown -------------------------------
13:20:04 [INFO] functional.conftest: [basalt] Quitting app after test: test_counting_down_icon[basalt]

test/functional/test_button_icons.py::TestCountingIcons::test_counting_long_up_icon[basalt] 
-------------------------------- live log setup --------------------------------
13:20:06 [INFO] functional.conftest: [basalt] Opening app for test: test_counting_long_up_icon[basalt]
13:20:06 [INFO] functional.conftest: [basalt] Opening app via install (preserving state)
13:20:06 [INFO] functional.conftest: [basalt] Installing app on emulator
13:20:09 [INFO] functional.conftest: [basalt] App installed and transport connected
13:20:09 [INFO] functional.conftest: [basalt] App opened via install
PASSED                                                                   [ 20%]
------------------------------ live log teardown -------------------------------
13:20:16 [INFO] functional.conftest: [basalt] Quitting app after test: test_counting_long_up_icon[basalt]

test/functional/test_button_icons.py::TestCountingIcons::test_counting_long_select_icon[basalt] 
-------------------------------- live log setup --------------------------------
13:20:18 [INFO] functional.conftest: [basalt] Opening app for test: test_counting_long_select_icon[basalt]
13:20:18 [INFO] functional.conftest: [basalt] Opening app via install (preserving state)
13:20:18 [INFO] functional.conftest: [basalt] Installing app on emulator
13:20:22 [INFO] functional.conftest: [basalt] App installed and transport connected
13:20:22 [INFO] functional.conftest: [basalt] App opened via install
SKIPPED (Long press select icon disabled due to display overlap (see...) [ 20%]
------------------------------ live log teardown -------------------------------
13:20:22 [INFO] functional.conftest: [basalt] Quitting app after test: test_counting_long_select_icon[basalt]

test/functional/test_button_icons.py::TestCountingIcons::test_counting_long_down_icon[basalt] 
-------------------------------- live log setup --------------------------------
13:20:24 [INFO] functional.conftest: [basalt] Opening app for test: test_counting_long_down_icon[basalt]
13:20:24 [INFO] functional.conftest: [basalt] Opening app via install (preserving state)
13:20:24 [INFO] functional.conftest: [basalt] Installing app on emulator
13:20:27 [INFO] functional.conftest: [basalt] App installed and transport connected
13:20:27 [INFO] functional.conftest: [basalt] App opened via install
PASSED                                                                   [ 21%]
------------------------------ live log teardown -------------------------------
13:20:33 [INFO] functional.conftest: [basalt] Quitting app after test: test_counting_long_down_icon[basalt]

test/functional/test_button_icons.py::TestPausedIcons::test_paused_select_icon_play[basalt] 
-------------------------------- live log setup --------------------------------
13:20:35 [INFO] functional.conftest: [basalt] Opening app for test: test_paused_select_icon_play[basalt]
13:20:35 [INFO] functional.conftest: [basalt] Opening app via install (preserving state)
13:20:35 [INFO] functional.conftest: [basalt] Installing app on emulator
13:20:38 [INFO] functional.conftest: [basalt] App installed and transport connected
13:20:38 [INFO] functional.conftest: [basalt] App opened via install
PASSED                                                                   [ 21%]
------------------------------ live log teardown -------------------------------
13:20:45 [INFO] functional.conftest: [basalt] Quitting app after test: test_paused_select_icon_play[basalt]

test/functional/test_button_icons.py::TestChronoIcons::test_chrono_select_icon[basalt] 
-------------------------------- live log setup --------------------------------
13:20:47 [INFO] functional.conftest: [basalt] Opening app for test: test_chrono_select_icon[basalt]
13:20:47 [INFO] functional.conftest: [basalt] Opening app via install (preserving state)
13:20:47 [INFO] functional.conftest: [basalt] Installing app on emulator
13:20:50 [INFO] functional.conftest: [basalt] App installed and transport connected
13:20:50 [INFO] functional.conftest: [basalt] App opened via install
-------------------------------- live log call ---------------------------------
13:20:51 [INFO] functional.test_button_icons: [basalt] Setting up 4s timer for icon test
13:20:58 [INFO] functional.test_button_icons: [basalt] Short timer set to 4s, waiting for expire
13:21:03 [INFO] functional.test_button_icons: [basalt] Short timer started, counting down from 4s
13:21:11 [INFO] functional.test_button_icons: Chrono mode state: {'event': 'button_down', 't': '0:04', 'm': 'Counting', 'r': '0', 'p': '0', 'v': '0', 'd': '1', 'l': '0'}
PASSED                                                                   [ 21%]
------------------------------ live log teardown -------------------------------
13:21:11 [INFO] functional.conftest: [basalt] Quitting app after test: test_chrono_select_icon[basalt]

test/functional/test_button_icons.py::TestChronoIcons::test_chrono_long_select_icon[basalt] 
-------------------------------- live log setup --------------------------------
13:21:13 [INFO] functional.conftest: [basalt] Opening app for test: test_chrono_long_select_icon[basalt]
13:21:13 [INFO] functional.conftest: [basalt] Opening app via install (preserving state)
13:21:13 [INFO] functional.conftest: [basalt] Installing app on emulator
13:21:16 [INFO] functional.conftest: [basalt] App installed and transport connected
13:21:16 [INFO] functional.conftest: [basalt] App opened via install
SKIPPED (Long press select icon disabled due to display overlap (see...) [ 22%]
------------------------------ live log teardown -------------------------------
13:21:17 [INFO] functional.conftest: [basalt] Quitting app after test: test_chrono_long_select_icon[basalt]

test/functional/test_button_icons.py::TestEditRepeatIcons::test_editrepeat_back_icon[basalt] 
-------------------------------- live log setup --------------------------------
13:21:19 [INFO] functional.conftest: [basalt] Opening app for test: test_editrepeat_back_icon[basalt]
13:21:19 [INFO] functional.conftest: [basalt] Opening app via install (preserving state)
13:21:19 [INFO] functional.conftest: [basalt] Installing app on emulator
13:21:22 [INFO] functional.conftest: [basalt] App installed and transport connected
13:21:22 [INFO] functional.conftest: [basalt] App opened via install
-------------------------------- live log call ---------------------------------
13:21:30 [WARNING] functional.test_button_icons: Icon mask mismatch for 'editrepeat_back' on basalt: 47 pixels differ (tolerance=30)
FAILED                                                                   [ 22%]
------------------------------ live log teardown -------------------------------
13:21:30 [INFO] functional.conftest: [basalt] Quitting app after test: test_editrepeat_back_icon[basalt]

test/functional/test_button_icons.py::TestEditRepeatIcons::test_editrepeat_up_icon[basalt] 
-------------------------------- live log setup --------------------------------
13:21:32 [INFO] functional.conftest: [basalt] Opening app for test: test_editrepeat_up_icon[basalt]
13:21:32 [INFO] functional.conftest: [basalt] Opening app via install (preserving state)
13:21:32 [INFO] functional.conftest: [basalt] Installing app on emulator
13:21:35 [INFO] functional.conftest: [basalt] App installed and transport connected
13:21:35 [INFO] functional.conftest: [basalt] App opened via install
-------------------------------- live log call ---------------------------------
13:21:43 [INFO] functional.test_button_icons: No reference found for 'editrepeat_up' (auto_save=False)
PASSED                                                                   [ 22%]
------------------------------ live log teardown -------------------------------
13:21:43 [INFO] functional.conftest: [basalt] Quitting app after test: test_editrepeat_up_icon[basalt]

test/functional/test_button_icons.py::TestEditRepeatIcons::test_editrepeat_select_icon[basalt] 
-------------------------------- live log setup --------------------------------
13:21:45 [INFO] functional.conftest: [basalt] Opening app for test: test_editrepeat_select_icon[basalt]
13:21:45 [INFO] functional.conftest: [basalt] Opening app via install (preserving state)
13:21:45 [INFO] functional.conftest: [basalt] Installing app on emulator
13:21:48 [INFO] functional.conftest: [basalt] App installed and transport connected
13:21:48 [INFO] functional.conftest: [basalt] App opened via install
PASSED                                                                   [ 22%]
------------------------------ live log teardown -------------------------------
13:21:56 [INFO] functional.conftest: [basalt] Quitting app after test: test_editrepeat_select_icon[basalt]

test/functional/test_button_icons.py::TestEditRepeatIcons::test_editrepeat_down_icon[basalt] 
-------------------------------- live log setup --------------------------------
13:21:58 [INFO] functional.conftest: [basalt] Opening app for test: test_editrepeat_down_icon[basalt]
13:21:58 [INFO] functional.conftest: [basalt] Opening app via install (preserving state)
13:21:58 [INFO] functional.conftest: [basalt] Installing app on emulator
13:22:01 [INFO] functional.conftest: [basalt] App installed and transport connected
13:22:01 [INFO] functional.conftest: [basalt] App opened via install
PASSED                                                                   [ 23%]
------------------------------ live log teardown -------------------------------
13:22:09 [INFO] functional.conftest: [basalt] Quitting app after test: test_editrepeat_down_icon[basalt]

test/functional/test_button_icons.py::TestAlarmIcons::test_alarm_back_icon_silence[chalk] 
-------------------------------- live log setup --------------------------------
13:22:11 [INFO] functional.test_button_icons: [basalt] Tearing down - killing emulator
SKIPPED (Skipping test for chalk since --platform=basalt was specified.) [ 23%]
test/functional/test_button_icons.py::TestAlarmIcons::test_alarm_up_icon_edit[chalk] SKIPPED [ 23%]
test/functional/test_button_icons.py::TestAlarmIcons::test_alarm_long_up_icon_reset[chalk] SKIPPED [ 23%]
test/functional/test_button_icons.py::TestAlarmIcons::test_alarm_select_icon_pause[chalk] SKIPPED [ 24%]
test/functional/test_button_icons.py::TestAlarmIcons::test_alarm_down_icon_snooze[chalk] SKIPPED [ 24%]
test/functional/test_button_icons.py::TestNewModeIcons::test_new_back_icon[chalk] SKIPPED [ 24%]
test/functional/test_button_icons.py::TestNewModeIcons::test_new_up_icon[chalk] SKIPPED [ 25%]
test/functional/test_button_icons.py::TestNewModeIcons::test_new_select_icon[chalk] SKIPPED [ 25%]
test/functional/test_button_icons.py::TestNewModeIcons::test_new_down_icon[chalk] SKIPPED [ 25%]
test/functional/test_button_icons.py::TestNewModeIcons::test_new_long_up_direction_toggle[chalk] SKIPPED [ 25%]
test/functional/test_button_icons.py::TestNewModeIcons::test_new_long_select_icon[chalk] SKIPPED [ 26%]
test/functional/test_button_icons.py::TestNewModeIcons::test_new_long_down_icon[chalk] SKIPPED [ 26%]
test/functional/test_button_icons.py::TestEditSecIcons::test_editsec_back_icon[chalk] SKIPPED [ 26%]
test/functional/test_button_icons.py::TestEditSecIcons::test_editsec_up_icon[chalk] SKIPPED [ 26%]
test/functional/test_button_icons.py::TestEditSecIcons::test_editsec_select_icon[chalk] SKIPPED [ 27%]
test/functional/test_button_icons.py::TestEditSecIcons::test_editsec_down_icon[chalk] SKIPPED [ 27%]
test/functional/test_button_icons.py::TestEditSecIcons::test_editsec_long_up_direction_toggle[chalk] SKIPPED [ 27%]
test/functional/test_button_icons.py::TestCountingIcons::test_counting_back_icon[chalk] SKIPPED [ 27%]
test/functional/test_button_icons.py::TestCountingIcons::test_counting_up_icon[chalk] SKIPPED [ 28%]
test/functional/test_button_icons.py::TestCountingIcons::test_counting_select_icon[chalk] SKIPPED [ 28%]
test/functional/test_button_icons.py::TestCountingIcons::test_counting_down_icon[chalk] SKIPPED [ 28%]
test/functional/test_button_icons.py::TestCountingIcons::test_counting_long_up_icon[chalk] SKIPPED [ 29%]
test/functional/test_button_icons.py::TestCountingIcons::test_counting_long_select_icon[chalk] SKIPPED [ 29%]
test/functional/test_button_icons.py::TestCountingIcons::test_counting_long_down_icon[chalk] SKIPPED [ 29%]
test/functional/test_button_icons.py::TestPausedIcons::test_paused_select_icon_play[chalk] SKIPPED [ 29%]
test/functional/test_button_icons.py::TestChronoIcons::test_chrono_select_icon[chalk] SKIPPED [ 30%]
test/functional/test_button_icons.py::TestChronoIcons::test_chrono_long_select_icon[chalk] SKIPPED [ 30%]
test/functional/test_button_icons.py::TestEditRepeatIcons::test_editrepeat_back_icon[chalk] SKIPPED [ 30%]
test/functional/test_button_icons.py::TestEditRepeatIcons::test_editrepeat_up_icon[chalk] SKIPPED [ 30%]
test/functional/test_button_icons.py::TestEditRepeatIcons::test_editrepeat_select_icon[chalk] SKIPPED [ 31%]
test/functional/test_button_icons.py::TestEditRepeatIcons::test_editrepeat_down_icon[chalk] SKIPPED [ 31%]
test/functional/test_button_icons.py::TestAlarmIcons::test_alarm_back_icon_silence[diorite] SKIPPED [ 31%]
test/functional/test_button_icons.py::TestAlarmIcons::test_alarm_up_icon_edit[diorite] SKIPPED [ 31%]
test/functional/test_button_icons.py::TestAlarmIcons::test_alarm_long_up_icon_reset[diorite] SKIPPED [ 32%]
test/functional/test_button_icons.py::TestAlarmIcons::test_alarm_select_icon_pause[diorite] SKIPPED [ 32%]
test/functional/test_button_icons.py::TestAlarmIcons::test_alarm_down_icon_snooze[diorite] SKIPPED [ 32%]
test/functional/test_button_icons.py::TestNewModeIcons::test_new_back_icon[diorite] SKIPPED [ 33%]
test/functional/test_button_icons.py::TestNewModeIcons::test_new_up_icon[diorite] SKIPPED [ 33%]
test/functional/test_button_icons.py::TestNewModeIcons::test_new_select_icon[diorite] SKIPPED [ 33%]
test/functional/test_button_icons.py::TestNewModeIcons::test_new_down_icon[diorite] SKIPPED [ 33%]
test/functional/test_button_icons.py::TestNewModeIcons::test_new_long_up_direction_toggle[diorite] SKIPPED [ 34%]
test/functional/test_button_icons.py::TestNewModeIcons::test_new_long_select_icon[diorite] SKIPPED [ 34%]
test/functional/test_button_icons.py::TestNewModeIcons::test_new_long_down_icon[diorite] SKIPPED [ 34%]
test/functional/test_button_icons.py::TestEditSecIcons::test_editsec_back_icon[diorite] SKIPPED [ 34%]
test/functional/test_button_icons.py::TestEditSecIcons::test_editsec_up_icon[diorite] SKIPPED [ 35%]
test/functional/test_button_icons.py::TestEditSecIcons::test_editsec_select_icon[diorite] SKIPPED [ 35%]
test/functional/test_button_icons.py::TestEditSecIcons::test_editsec_down_icon[diorite] SKIPPED [ 35%]
test/functional/test_button_icons.py::TestEditSecIcons::test_editsec_long_up_direction_toggle[diorite] SKIPPED [ 36%]
test/functional/test_button_icons.py::TestCountingIcons::test_counting_back_icon[diorite] SKIPPED [ 36%]
test/functional/test_button_icons.py::TestCountingIcons::test_counting_up_icon[diorite] SKIPPED [ 36%]
test/functional/test_button_icons.py::TestCountingIcons::test_counting_select_icon[diorite] SKIPPED [ 36%]
test/functional/test_button_icons.py::TestCountingIcons::test_counting_down_icon[diorite] SKIPPED [ 37%]
test/functional/test_button_icons.py::TestCountingIcons::test_counting_long_up_icon[diorite] SKIPPED [ 37%]
test/functional/test_button_icons.py::TestCountingIcons::test_counting_long_select_icon[diorite] SKIPPED [ 37%]
test/functional/test_button_icons.py::TestCountingIcons::test_counting_long_down_icon[diorite] SKIPPED [ 37%]
test/functional/test_button_icons.py::TestPausedIcons::test_paused_select_icon_play[diorite] SKIPPED [ 38%]
test/functional/test_button_icons.py::TestChronoIcons::test_chrono_select_icon[diorite] SKIPPED [ 38%]
test/functional/test_button_icons.py::TestChronoIcons::test_chrono_long_select_icon[diorite] SKIPPED [ 38%]
test/functional/test_button_icons.py::TestEditRepeatIcons::test_editrepeat_back_icon[diorite] SKIPPED [ 38%]
test/functional/test_button_icons.py::TestEditRepeatIcons::test_editrepeat_up_icon[diorite] SKIPPED [ 39%]
test/functional/test_button_icons.py::TestEditRepeatIcons::test_editrepeat_select_icon[diorite] SKIPPED [ 39%]
test/functional/test_button_icons.py::TestEditRepeatIcons::test_editrepeat_down_icon[diorite] SKIPPED [ 39%]
test/functional/test_create_timer.py::TestCreateTimer::test_create_2_minute_timer[aplite] SKIPPED [ 40%]
test/functional/test_create_timer.py::TestCreateTimer::test_initial_state_shows_new[aplite] SKIPPED [ 40%]
test/functional/test_create_timer.py::TestCreateTimer::test_down_button_increments_minutes[aplite] SKIPPED [ 40%]
test/functional/test_create_timer.py::TestButtonPresses::test_up_button_increments_20_minutes[aplite] SKIPPED [ 40%]
test/functional/test_create_timer.py::TestButtonPresses::test_select_button_increments_5_minutes[aplite] SKIPPED [ 41%]
test/functional/test_create_timer.py::TestTimerCountdown::test_timer_counts_down[aplite] SKIPPED [ 41%]
test/functional/test_create_timer.py::TestTimerCountdown::test_timer_transitions_to_counting_mode[aplite] SKIPPED [ 41%]
test/functional/test_create_timer.py::TestChronoMode::test_chrono_mode_counts_up[aplite] SKIPPED [ 41%]
test/functional/test_create_timer.py::TestPlayPause::test_select_toggles_play_pause_in_counting_mode[aplite] SKIPPED [ 42%]
test/functional/test_create_timer.py::TestTimerStartsImmediately::test_timer_counts_down_during_setup[aplite] SKIPPED [ 42%]
test/functional/test_create_timer.py::TestTimerStartsImmediately::test_chrono_has_elapsed_time_when_mode_expires[aplite] SKIPPED [ 42%]
test/functional/test_create_timer.py::TestLongPressReset::test_long_press_select_resets_timer[aplite] SKIPPED [ 43%]
test/functional/test_create_timer.py::TestCreateTimer::test_create_2_minute_timer[basalt] 
-------------------------------- live log setup --------------------------------
13:22:12 [INFO] functional.conftest: [basalt] Starting warm-up cycle to clear stale state
13:22:17 [INFO] functional.conftest: [basalt] Installing app on emulator
13:22:25 [INFO] functional.conftest: [basalt] App installed and transport connected
13:22:25 [INFO] functional.conftest: [basalt] Waiting for emulator to stabilize (2s)
13:22:27 [INFO] functional.conftest: [basalt] Holding down button to quit app and set persist state
13:22:28 [INFO] functional.conftest: [basalt] App quit via long press, persist state set
13:22:29 [INFO] functional.conftest: [basalt] Emulator ready for tests
13:22:29 [INFO] functional.conftest: [basalt] Opening app for test: test_create_2_minute_timer[basalt]
13:22:29 [INFO] functional.conftest: [basalt] Opening app via install (preserving state)
13:22:29 [INFO] functional.conftest: [basalt] Installing app on emulator
13:22:32 [INFO] functional.conftest: [basalt] App installed and transport connected
13:22:32 [INFO] functional.conftest: [basalt] App opened via install
-------------------------------- live log call ---------------------------------
13:22:34 [INFO] functional.test_create_timer: After 2 Down presses - state: {'event': 'button_down', 't': '1:56', 'm': 'New', 'r': '0', 'p': '0', 'v': '0', 'd': '1', 'l': '1'}
PASSED                                                                   [ 43%]
------------------------------ live log teardown -------------------------------
13:22:34 [INFO] functional.conftest: [basalt] Quitting app after test: test_create_2_minute_timer[basalt]

test/functional/test_create_timer.py::TestCreateTimer::test_initial_state_shows_new[basalt] 
-------------------------------- live log setup --------------------------------
13:22:36 [INFO] functional.conftest: [basalt] Opening app for test: test_initial_state_shows_new[basalt]
13:22:36 [INFO] functional.conftest: [basalt] Opening app via install (preserving state)
13:22:36 [INFO] functional.conftest: [basalt] Installing app on emulator
13:22:39 [INFO] functional.conftest: [basalt] App installed and transport connected
13:22:39 [INFO] functional.conftest: [basalt] App opened via install
-------------------------------- live log call ---------------------------------
13:22:44 [INFO] functional.test_create_timer: Initial state text: +1h 1 +20 New -0;z 13.22 +Im
PASSED                                                                   [ 43%]
------------------------------ live log teardown -------------------------------
13:22:44 [INFO] functional.conftest: [basalt] Quitting app after test: test_initial_state_shows_new[basalt]

test/functional/test_create_timer.py::TestCreateTimer::test_down_button_increments_minutes[basalt] 
-------------------------------- live log setup --------------------------------
13:22:46 [INFO] functional.conftest: [basalt] Opening app for test: test_down_button_increments_minutes[basalt]
13:22:46 [INFO] functional.conftest: [basalt] Opening app via install (preserving state)
13:22:46 [INFO] functional.conftest: [basalt] Installing app on emulator
13:22:49 [INFO] functional.conftest: [basalt] App installed and transport connected
13:22:49 [INFO] functional.conftest: [basalt] App opened via install
-------------------------------- live log call ---------------------------------
13:22:54 [INFO] functional.test_create_timer: After 3 Down presses: #1m 1 +20 New 2.56 5 13.25 +Im III}
PASSED                                                                   [ 43%]
------------------------------ live log teardown -------------------------------
13:22:54 [INFO] functional.conftest: [basalt] Quitting app after test: test_down_button_increments_minutes[basalt]

test/functional/test_create_timer.py::TestButtonPresses::test_up_button_increments_20_minutes[basalt] 
-------------------------------- live log setup --------------------------------
13:22:56 [INFO] functional.conftest: [basalt] Opening app for test: test_up_button_increments_20_minutes[basalt]
13:22:56 [INFO] functional.conftest: [basalt] Opening app via install (preserving state)
13:22:56 [INFO] functional.conftest: [basalt] Installing app on emulator
13:22:59 [INFO] functional.conftest: [basalt] App installed and transport connected
13:22:59 [INFO] functional.conftest: [basalt] App opened via install
-------------------------------- live log call ---------------------------------
13:23:01 [INFO] functional.test_create_timer: After Up press - state: {'event': 'button_up', 't': '19:57', 'm': 'New', 'r': '0', 'p': '0', 'v': '0', 'd': '1', 'l': '1'}
PASSED                                                                   [ 44%]
------------------------------ live log teardown -------------------------------
13:23:01 [INFO] functional.conftest: [basalt] Quitting app after test: test_up_button_increments_20_minutes[basalt]

test/functional/test_create_timer.py::TestButtonPresses::test_select_button_increments_5_minutes[basalt] 
-------------------------------- live log setup --------------------------------
13:23:03 [INFO] functional.conftest: [basalt] Opening app for test: test_select_button_increments_5_minutes[basalt]
13:23:03 [INFO] functional.conftest: [basalt] Opening app via install (preserving state)
13:23:03 [INFO] functional.conftest: [basalt] Installing app on emulator
13:23:06 [INFO] functional.conftest: [basalt] App installed and transport connected
13:23:06 [INFO] functional.conftest: [basalt] App opened via install
-------------------------------- live log call ---------------------------------
13:23:10 [INFO] functional.test_create_timer: After Select press: #1m 1 +20 New 4657 6 13.28 +Im M
13:23:10 [INFO] functional.test_create_timer:   normalized: 1 1 20  4657 6 13:28 1 
PASSED                                                                   [ 44%]
------------------------------ live log teardown -------------------------------
13:23:10 [INFO] functional.conftest: [basalt] Quitting app after test: test_select_button_increments_5_minutes[basalt]

test/functional/test_create_timer.py::TestTimerCountdown::test_timer_counts_down[basalt] 
-------------------------------- live log setup --------------------------------
13:23:12 [INFO] functional.conftest: [basalt] Opening app for test: test_timer_counts_down[basalt]
13:23:12 [INFO] functional.conftest: [basalt] Opening app via install (preserving state)
13:23:12 [INFO] functional.conftest: [basalt] Installing app on emulator
13:23:15 [INFO] functional.conftest: [basalt] App installed and transport connected
13:23:15 [INFO] functional.conftest: [basalt] App opened via install
-------------------------------- live log call ---------------------------------
13:23:29 [INFO] functional.test_create_timer: Countdown start text: 0 e 01.00 0:63  13.23 Ker M J
13:23:31 [INFO] functional.test_create_timer: After 5s text:  e 01.00 0:4 13.23 Ker M J
PASSED                                                                   [ 44%]
------------------------------ live log teardown -------------------------------
13:23:31 [INFO] functional.conftest: [basalt] Quitting app after test: test_timer_counts_down[basalt]

test/functional/test_create_timer.py::TestTimerCountdown::test_timer_transitions_to_counting_mode[basalt] 
-------------------------------- live log setup --------------------------------
13:23:33 [INFO] functional.conftest: [basalt] Opening app for test: test_timer_transitions_to_counting_mode[basalt]
13:23:33 [INFO] functional.conftest: [basalt] Opening app via install (preserving state)
13:23:33 [INFO] functional.conftest: [basalt] Installing app on emulator
13:23:36 [INFO] functional.conftest: [basalt] App installed and transport connected
13:23:36 [INFO] functional.conftest: [basalt] App opened via install
-------------------------------- live log call ---------------------------------
13:23:38 [INFO] functional.test_create_timer: After Down press state: {'event': 'button_down', 't': '0:58', 'm': 'New', 'r': '0', 'p': '0', 'v': '0', 'd': '1', 'l': '1'}
13:23:41 [INFO] functional.test_create_timer: After transition state: {'event': 'mode_change', 't': '0:55', 'm': 'Counting', 'r': '0', 'p': '0', 'v': '0', 'd': '1', 'l': '0'}
PASSED                                                                   [ 44%]
------------------------------ live log teardown -------------------------------
13:23:41 [INFO] functional.conftest: [basalt] Quitting app after test: test_timer_transitions_to_counting_mode[basalt]

test/functional/test_create_timer.py::TestChronoMode::test_chrono_mode_counts_up[basalt] 
-------------------------------- live log setup --------------------------------
13:23:43 [INFO] functional.conftest: [basalt] Opening app for test: test_chrono_mode_counts_up[basalt]
13:23:43 [INFO] functional.conftest: [basalt] Opening app via install (preserving state)
13:23:43 [INFO] functional.conftest: [basalt] Installing app on emulator
13:23:46 [INFO] functional.conftest: [basalt] App installed and transport connected
13:23:46 [INFO] functional.conftest: [basalt] App opened via install
-------------------------------- live log call ---------------------------------
13:23:56 [INFO] functional.test_create_timer: Chrono mode start: e Oo;00--> 0.s 13.23 M %
13:23:58 [INFO] functional.test_create_timer: Chrono after 3s: @ Oo;00--> d:E 13.23 M %
PASSED                                                                   [ 45%]
------------------------------ live log teardown -------------------------------
13:23:58 [INFO] functional.conftest: [basalt] Quitting app after test: test_chrono_mode_counts_up[basalt]

test/functional/test_create_timer.py::TestPlayPause::test_select_toggles_play_pause_in_counting_mode[basalt] 
-------------------------------- live log setup --------------------------------
13:24:00 [INFO] functional.conftest: [basalt] Opening app for test: test_select_toggles_play_pause_in_counting_mode[basalt]
13:24:00 [INFO] functional.conftest: [basalt] Opening app via install (preserving state)
13:24:00 [INFO] functional.conftest: [basalt] Installing app on emulator
13:24:04 [INFO] functional.conftest: [basalt] App installed and transport connected
13:24:04 [INFO] functional.conftest: [basalt] App opened via install
-------------------------------- live log call ---------------------------------
13:24:20 [INFO] functional.test_create_timer: Running timer: 0 e 01.00 0:63  13.24 Ker M 4
13:24:22 [INFO] functional.test_create_timer: Paused timer: e 01.00 0:623 13.24 Ker M 4
13:24:24 [INFO] functional.test_create_timer: Still paused: e 01.00 0:623 13.24 Ker M 4
13:24:26 [INFO] functional.test_create_timer: Resumed timer: e 01.00 dE0 13.24 Ker M 4
PASSED                                                                   [ 45%]
------------------------------ live log teardown -------------------------------
13:24:26 [INFO] functional.conftest: [basalt] Quitting app after test: test_select_toggles_play_pause_in_counting_mode[basalt]

test/functional/test_create_timer.py::TestTimerStartsImmediately::test_timer_counts_down_during_setup[basalt] 
-------------------------------- live log setup --------------------------------
13:24:28 [INFO] functional.conftest: [basalt] Opening app for test: test_timer_counts_down_during_setup[basalt]
13:24:28 [INFO] functional.conftest: [basalt] Opening app via install (preserving state)
13:24:28 [INFO] functional.conftest: [basalt] Installing app on emulator
13:24:31 [INFO] functional.conftest: [basalt] App installed and transport connected
13:24:31 [INFO] functional.conftest: [basalt] App opened via install
-------------------------------- live log call ---------------------------------
13:24:46 [INFO] functional.test_create_timer: After 6 Down presses with 2s delays - state: {'event': 'button_down', 't': '5:46', 'm': 'New', 'r': '0', 'p': '0', 'v': '0', 'd': '1', 'l': '1'}
PASSED                                                                   [ 45%]
------------------------------ live log teardown -------------------------------
13:24:46 [INFO] functional.conftest: [basalt] Quitting app after test: test_timer_counts_down_during_setup[basalt]

test/functional/test_create_timer.py::TestTimerStartsImmediately::test_chrono_has_elapsed_time_when_mode_expires[basalt] 
-------------------------------- live log setup --------------------------------
13:24:48 [INFO] functional.conftest: [basalt] Opening app for test: test_chrono_has_elapsed_time_when_mode_expires[basalt]
13:24:48 [INFO] functional.conftest: [basalt] Opening app via install (preserving state)
13:24:48 [INFO] functional.conftest: [basalt] Installing app on emulator
13:24:51 [INFO] functional.conftest: [basalt] App installed and transport connected
13:24:51 [INFO] functional.conftest: [basalt] App opened via install
-------------------------------- live log call ---------------------------------
13:24:53 [INFO] functional.test_create_timer: Mode change state: {'event': 'mode_change', 't': '0:02', 'm': 'Counting', 'r': '0', 'p': '0', 'v': '0', 'd': '1', 'l': '0'}
PASSED                                                                   [ 45%]
------------------------------ live log teardown -------------------------------
13:24:53 [INFO] functional.conftest: [basalt] Quitting app after test: test_chrono_has_elapsed_time_when_mode_expires[basalt]

test/functional/test_create_timer.py::TestLongPressReset::test_long_press_select_resets_timer[basalt] 
-------------------------------- live log setup --------------------------------
13:24:55 [INFO] functional.conftest: [basalt] Opening app for test: test_long_press_select_resets_timer[basalt]
13:24:55 [INFO] functional.conftest: [basalt] Opening app via install (preserving state)
13:24:55 [INFO] functional.conftest: [basalt] Installing app on emulator
13:24:59 [INFO] functional.conftest: [basalt] App installed and transport connected
13:24:59 [INFO] functional.conftest: [basalt] App opened via install
-------------------------------- live log call ---------------------------------
13:25:10 [INFO] functional.test_create_timer: Before reset: 9 e 20;00 19:630 13.25 Ker M J
13:25:12 [INFO] functional.test_create_timer: After reset: 9 e 20;00 19:67 13.25 Ker M J
PASSED                                                                   [ 46%]
------------------------------ live log teardown -------------------------------
13:25:12 [INFO] functional.conftest: [basalt] Quitting app after test: test_long_press_select_resets_timer[basalt]

test/functional/test_create_timer.py::TestCreateTimer::test_create_2_minute_timer[chalk] 
-------------------------------- live log setup --------------------------------
13:25:14 [INFO] functional.conftest: [basalt] Tearing down - killing emulator
SKIPPED (Skipping test for chalk since --platform=basalt was specified.) [ 46%]
test/functional/test_create_timer.py::TestCreateTimer::test_initial_state_shows_new[chalk] SKIPPED [ 46%]
test/functional/test_create_timer.py::TestCreateTimer::test_down_button_increments_minutes[chalk] SKIPPED [ 47%]
test/functional/test_create_timer.py::TestButtonPresses::test_up_button_increments_20_minutes[chalk] SKIPPED [ 47%]
test/functional/test_create_timer.py::TestButtonPresses::test_select_button_increments_5_minutes[chalk] SKIPPED [ 47%]
test/functional/test_create_timer.py::TestTimerCountdown::test_timer_counts_down[chalk] SKIPPED [ 47%]
test/functional/test_create_timer.py::TestTimerCountdown::test_timer_transitions_to_counting_mode[chalk] SKIPPED [ 48%]
test/functional/test_create_timer.py::TestChronoMode::test_chrono_mode_counts_up[chalk] SKIPPED [ 48%]
test/functional/test_create_timer.py::TestPlayPause::test_select_toggles_play_pause_in_counting_mode[chalk] SKIPPED [ 48%]
test/functional/test_create_timer.py::TestTimerStartsImmediately::test_timer_counts_down_during_setup[chalk] SKIPPED [ 48%]
test/functional/test_create_timer.py::TestTimerStartsImmediately::test_chrono_has_elapsed_time_when_mode_expires[chalk] SKIPPED [ 49%]
test/functional/test_create_timer.py::TestLongPressReset::test_long_press_select_resets_timer[chalk] SKIPPED [ 49%]
test/functional/test_create_timer.py::TestCreateTimer::test_create_2_minute_timer[diorite] SKIPPED [ 49%]
test/functional/test_create_timer.py::TestCreateTimer::test_initial_state_shows_new[diorite] SKIPPED [ 50%]
test/functional/test_create_timer.py::TestCreateTimer::test_down_button_increments_minutes[diorite] SKIPPED [ 50%]
test/functional/test_create_timer.py::TestButtonPresses::test_up_button_increments_20_minutes[diorite] SKIPPED [ 50%]
test/functional/test_create_timer.py::TestButtonPresses::test_select_button_increments_5_minutes[diorite] SKIPPED [ 50%]
test/functional/test_create_timer.py::TestTimerCountdown::test_timer_counts_down[diorite] SKIPPED [ 51%]
test/functional/test_create_timer.py::TestTimerCountdown::test_timer_transitions_to_counting_mode[diorite] SKIPPED [ 51%]
test/functional/test_create_timer.py::TestChronoMode::test_chrono_mode_counts_up[diorite] SKIPPED [ 51%]
test/functional/test_create_timer.py::TestPlayPause::test_select_toggles_play_pause_in_counting_mode[diorite] SKIPPED [ 51%]
test/functional/test_create_timer.py::TestTimerStartsImmediately::test_timer_counts_down_during_setup[diorite] SKIPPED [ 52%]
test/functional/test_create_timer.py::TestTimerStartsImmediately::test_chrono_has_elapsed_time_when_mode_expires[diorite] SKIPPED [ 52%]
test/functional/test_create_timer.py::TestLongPressReset::test_long_press_select_resets_timer[diorite] SKIPPED [ 52%]
test/functional/test_directional_icons.py::TestNewModeForwardIcons::test_new_forward_has_icons[aplite] SKIPPED [ 52%]
test/functional/test_directional_icons.py::TestNewModeReverseIcons::test_new_reverse_back_icon[aplite] SKIPPED [ 53%]
test/functional/test_directional_icons.py::TestNewModeReverseIcons::test_new_reverse_up_icon[aplite] SKIPPED [ 53%]
test/functional/test_directional_icons.py::TestNewModeReverseIcons::test_new_reverse_select_icon[aplite] SKIPPED [ 53%]
test/functional/test_directional_icons.py::TestNewModeReverseIcons::test_new_reverse_down_icon[aplite] SKIPPED [ 54%]
test/functional/test_directional_icons.py::TestEditSecModeForwardIcons::test_editsec_forward_back_icon_plus60[aplite] SKIPPED [ 54%]
test/functional/test_directional_icons.py::TestEditSecModeForwardIcons::test_editsec_forward_has_icons[aplite] SKIPPED [ 54%]
test/functional/test_directional_icons.py::TestEditSecModeReverseIcons::test_editsec_reverse_back_icon[aplite] SKIPPED [ 54%]
test/functional/test_directional_icons.py::TestEditSecModeReverseIcons::test_editsec_reverse_up_icon[aplite] SKIPPED [ 55%]
test/functional/test_directional_icons.py::TestEditSecModeReverseIcons::test_editsec_reverse_select_icon[aplite] SKIPPED [ 55%]
test/functional/test_directional_icons.py::TestEditSecModeReverseIcons::test_editsec_reverse_down_icon[aplite] SKIPPED [ 55%]
test/functional/test_directional_icons.py::TestNewModeForwardIcons::test_new_forward_has_icons[basalt] 
-------------------------------- live log setup --------------------------------
13:25:15 [INFO] functional.test_directional_icons: [basalt] Starting warm-up cycle
13:25:19 [INFO] functional.conftest: [basalt] Installing app on emulator
13:25:27 [INFO] functional.conftest: [basalt] App installed and transport connected
13:25:27 [INFO] functional.test_directional_icons: [basalt] Waiting for emulator to stabilize (2s)
13:25:29 [INFO] functional.test_directional_icons: [basalt] Holding down button to quit app and set persist state
13:25:32 [INFO] functional.test_directional_icons: [basalt] Emulator ready for tests
13:25:32 [INFO] functional.conftest: [basalt] Opening app for test: test_new_forward_has_icons[basalt]
13:25:32 [INFO] functional.conftest: [basalt] Opening app via install (preserving state)
13:25:32 [INFO] functional.conftest: [basalt] Installing app on emulator
13:25:35 [INFO] functional.conftest: [basalt] App installed and transport connected
13:25:35 [INFO] functional.conftest: [basalt] App opened via install
PASSED                                                                   [ 55%]
------------------------------ live log teardown -------------------------------
13:25:37 [INFO] functional.conftest: [basalt] Quitting app after test: test_new_forward_has_icons[basalt]

test/functional/test_directional_icons.py::TestNewModeReverseIcons::test_new_reverse_back_icon[basalt] 
-------------------------------- live log setup --------------------------------
13:25:39 [INFO] functional.conftest: [basalt] Opening app for test: test_new_reverse_back_icon[basalt]
13:25:39 [INFO] functional.conftest: [basalt] Opening app via install (preserving state)
13:25:39 [INFO] functional.conftest: [basalt] Installing app on emulator
13:25:42 [INFO] functional.conftest: [basalt] App installed and transport connected
13:25:42 [INFO] functional.conftest: [basalt] App opened via install
PASSED                                                                   [ 56%]
------------------------------ live log teardown -------------------------------
13:25:48 [INFO] functional.conftest: [basalt] Quitting app after test: test_new_reverse_back_icon[basalt]

test/functional/test_directional_icons.py::TestNewModeReverseIcons::test_new_reverse_up_icon[basalt] 
-------------------------------- live log setup --------------------------------
13:25:50 [INFO] functional.conftest: [basalt] Opening app for test: test_new_reverse_up_icon[basalt]
13:25:50 [INFO] functional.conftest: [basalt] Opening app via install (preserving state)
13:25:50 [INFO] functional.conftest: [basalt] Installing app on emulator
13:25:53 [INFO] functional.conftest: [basalt] App installed and transport connected
13:25:53 [INFO] functional.conftest: [basalt] App opened via install
PASSED                                                                   [ 56%]
------------------------------ live log teardown -------------------------------
13:26:00 [INFO] functional.conftest: [basalt] Quitting app after test: test_new_reverse_up_icon[basalt]

test/functional/test_directional_icons.py::TestNewModeReverseIcons::test_new_reverse_select_icon[basalt] 
-------------------------------- live log setup --------------------------------
13:26:01 [INFO] functional.conftest: [basalt] Opening app for test: test_new_reverse_select_icon[basalt]
13:26:01 [INFO] functional.conftest: [basalt] Opening app via install (preserving state)
13:26:01 [INFO] functional.conftest: [basalt] Installing app on emulator
13:26:05 [INFO] functional.conftest: [basalt] App installed and transport connected
13:26:05 [INFO] functional.conftest: [basalt] App opened via install
PASSED                                                                   [ 56%]
------------------------------ live log teardown -------------------------------
13:26:11 [INFO] functional.conftest: [basalt] Quitting app after test: test_new_reverse_select_icon[basalt]

test/functional/test_directional_icons.py::TestNewModeReverseIcons::test_new_reverse_down_icon[basalt] 
-------------------------------- live log setup --------------------------------
13:26:13 [INFO] functional.conftest: [basalt] Opening app for test: test_new_reverse_down_icon[basalt]
13:26:13 [INFO] functional.conftest: [basalt] Opening app via install (preserving state)
13:26:13 [INFO] functional.conftest: [basalt] Installing app on emulator
13:26:16 [INFO] functional.conftest: [basalt] App installed and transport connected
13:26:16 [INFO] functional.conftest: [basalt] App opened via install
PASSED                                                                   [ 56%]
------------------------------ live log teardown -------------------------------
13:26:22 [INFO] functional.conftest: [basalt] Quitting app after test: test_new_reverse_down_icon[basalt]

test/functional/test_directional_icons.py::TestEditSecModeForwardIcons::test_editsec_forward_back_icon_plus60[basalt] 
-------------------------------- live log setup --------------------------------
13:26:24 [INFO] functional.conftest: [basalt] Opening app for test: test_editsec_forward_back_icon_plus60[basalt]
13:26:24 [INFO] functional.conftest: [basalt] Opening app via install (preserving state)
13:26:24 [INFO] functional.conftest: [basalt] Installing app on emulator
13:26:27 [INFO] functional.conftest: [basalt] App installed and transport connected
13:26:27 [INFO] functional.conftest: [basalt] App opened via install
PASSED                                                                   [ 57%]
------------------------------ live log teardown -------------------------------
13:26:35 [INFO] functional.conftest: [basalt] Quitting app after test: test_editsec_forward_back_icon_plus60[basalt]

test/functional/test_directional_icons.py::TestEditSecModeForwardIcons::test_editsec_forward_has_icons[basalt] 
-------------------------------- live log setup --------------------------------
13:26:37 [INFO] functional.conftest: [basalt] Opening app for test: test_editsec_forward_has_icons[basalt]
13:26:37 [INFO] functional.conftest: [basalt] Opening app via install (preserving state)
13:26:37 [INFO] functional.conftest: [basalt] Installing app on emulator
13:26:40 [INFO] functional.conftest: [basalt] App installed and transport connected
13:26:40 [INFO] functional.conftest: [basalt] App opened via install
PASSED                                                                   [ 57%]
------------------------------ live log teardown -------------------------------
13:26:47 [INFO] functional.conftest: [basalt] Quitting app after test: test_editsec_forward_has_icons[basalt]

test/functional/test_directional_icons.py::TestEditSecModeReverseIcons::test_editsec_reverse_back_icon[basalt] 
-------------------------------- live log setup --------------------------------
13:26:49 [INFO] functional.conftest: [basalt] Opening app for test: test_editsec_reverse_back_icon[basalt]
13:26:49 [INFO] functional.conftest: [basalt] Opening app via install (preserving state)
13:26:49 [INFO] functional.conftest: [basalt] Installing app on emulator
13:26:52 [INFO] functional.conftest: [basalt] App installed and transport connected
13:26:52 [INFO] functional.conftest: [basalt] App opened via install
PASSED                                                                   [ 57%]
------------------------------ live log teardown -------------------------------
13:27:04 [INFO] functional.conftest: [basalt] Quitting app after test: test_editsec_reverse_back_icon[basalt]

test/functional/test_directional_icons.py::TestEditSecModeReverseIcons::test_editsec_reverse_up_icon[basalt] 
-------------------------------- live log setup --------------------------------
13:27:06 [INFO] functional.conftest: [basalt] Opening app for test: test_editsec_reverse_up_icon[basalt]
13:27:06 [INFO] functional.conftest: [basalt] Opening app via install (preserving state)
13:27:06 [INFO] functional.conftest: [basalt] Installing app on emulator
13:27:09 [INFO] functional.conftest: [basalt] App installed and transport connected
13:27:09 [INFO] functional.conftest: [basalt] App opened via install
PASSED                                                                   [ 58%]
------------------------------ live log teardown -------------------------------
13:27:21 [INFO] functional.conftest: [basalt] Quitting app after test: test_editsec_reverse_up_icon[basalt]

test/functional/test_directional_icons.py::TestEditSecModeReverseIcons::test_editsec_reverse_select_icon[basalt] 
-------------------------------- live log setup --------------------------------
13:27:23 [INFO] functional.conftest: [basalt] Opening app for test: test_editsec_reverse_select_icon[basalt]
13:27:23 [INFO] functional.conftest: [basalt] Opening app via install (preserving state)
13:27:23 [INFO] functional.conftest: [basalt] Installing app on emulator
13:27:26 [INFO] functional.conftest: [basalt] App installed and transport connected
13:27:26 [INFO] functional.conftest: [basalt] App opened via install
PASSED                                                                   [ 58%]
------------------------------ live log teardown -------------------------------
13:27:38 [INFO] functional.conftest: [basalt] Quitting app after test: test_editsec_reverse_select_icon[basalt]

test/functional/test_directional_icons.py::TestEditSecModeReverseIcons::test_editsec_reverse_down_icon[basalt] 
-------------------------------- live log setup --------------------------------
13:27:40 [INFO] functional.conftest: [basalt] Opening app for test: test_editsec_reverse_down_icon[basalt]
13:27:40 [INFO] functional.conftest: [basalt] Opening app via install (preserving state)
13:27:40 [INFO] functional.conftest: [basalt] Installing app on emulator
13:27:43 [INFO] functional.conftest: [basalt] App installed and transport connected
13:27:43 [INFO] functional.conftest: [basalt] App opened via install
PASSED                                                                   [ 58%]
------------------------------ live log teardown -------------------------------
13:27:55 [INFO] functional.conftest: [basalt] Quitting app after test: test_editsec_reverse_down_icon[basalt]

test/functional/test_directional_icons.py::TestNewModeForwardIcons::test_new_forward_has_icons[chalk] 
-------------------------------- live log setup --------------------------------
13:27:57 [INFO] functional.test_directional_icons: [basalt] Tearing down - killing emulator
SKIPPED (Skipping test for chalk since --platform=basalt was specified.) [ 58%]
test/functional/test_directional_icons.py::TestNewModeReverseIcons::test_new_reverse_back_icon[chalk] SKIPPED [ 59%]
test/functional/test_directional_icons.py::TestNewModeReverseIcons::test_new_reverse_up_icon[chalk] SKIPPED [ 59%]
test/functional/test_directional_icons.py::TestNewModeReverseIcons::test_new_reverse_select_icon[chalk] SKIPPED [ 59%]
test/functional/test_directional_icons.py::TestNewModeReverseIcons::test_new_reverse_down_icon[chalk] SKIPPED [ 59%]
test/functional/test_directional_icons.py::TestEditSecModeForwardIcons::test_editsec_forward_back_icon_plus60[chalk] SKIPPED [ 60%]
test/functional/test_directional_icons.py::TestEditSecModeForwardIcons::test_editsec_forward_has_icons[chalk] SKIPPED [ 60%]
test/functional/test_directional_icons.py::TestEditSecModeReverseIcons::test_editsec_reverse_back_icon[chalk] SKIPPED [ 60%]
test/functional/test_directional_icons.py::TestEditSecModeReverseIcons::test_editsec_reverse_up_icon[chalk] SKIPPED [ 61%]
test/functional/test_directional_icons.py::TestEditSecModeReverseIcons::test_editsec_reverse_select_icon[chalk] SKIPPED [ 61%]
test/functional/test_directional_icons.py::TestEditSecModeReverseIcons::test_editsec_reverse_down_icon[chalk] SKIPPED [ 61%]
test/functional/test_directional_icons.py::TestNewModeForwardIcons::test_new_forward_has_icons[diorite] SKIPPED [ 61%]
test/functional/test_directional_icons.py::TestNewModeReverseIcons::test_new_reverse_back_icon[diorite] SKIPPED [ 62%]
test/functional/test_directional_icons.py::TestNewModeReverseIcons::test_new_reverse_up_icon[diorite] SKIPPED [ 62%]
test/functional/test_directional_icons.py::TestNewModeReverseIcons::test_new_reverse_select_icon[diorite] SKIPPED [ 62%]
test/functional/test_directional_icons.py::TestNewModeReverseIcons::test_new_reverse_down_icon[diorite] SKIPPED [ 62%]
test/functional/test_directional_icons.py::TestEditSecModeForwardIcons::test_editsec_forward_back_icon_plus60[diorite] SKIPPED [ 63%]
test/functional/test_directional_icons.py::TestEditSecModeForwardIcons::test_editsec_forward_has_icons[diorite] SKIPPED [ 63%]
test/functional/test_directional_icons.py::TestEditSecModeReverseIcons::test_editsec_reverse_back_icon[diorite] SKIPPED [ 63%]
test/functional/test_directional_icons.py::TestEditSecModeReverseIcons::test_editsec_reverse_up_icon[diorite] SKIPPED [ 63%]
test/functional/test_directional_icons.py::TestEditSecModeReverseIcons::test_editsec_reverse_select_icon[diorite] SKIPPED [ 64%]
test/functional/test_directional_icons.py::TestEditSecModeReverseIcons::test_editsec_reverse_down_icon[diorite] SKIPPED [ 64%]
test/functional/test_edit_mode_reset.py::TestEditModeReset::test_long_press_select_resets_in_control_mode_new[aplite] SKIPPED [ 64%]
test/functional/test_edit_mode_reset.py::TestEditModeReset::test_long_press_select_no_op_in_edit_sec[aplite] SKIPPED [ 65%]
test/functional/test_edit_mode_reset.py::TestEditModeReset::test_long_press_select_no_op_in_edit_repeat[aplite] SKIPPED [ 65%]
test/functional/test_edit_mode_reset.py::TestEditModeReset::test_long_press_select_resets_in_control_mode_new[basalt] 
-------------------------------- live log setup --------------------------------
13:27:58 [INFO] functional.conftest: [basalt] Starting warm-up cycle to clear stale state
13:28:02 [INFO] functional.conftest: [basalt] Installing app on emulator
13:28:10 [INFO] functional.conftest: [basalt] App installed and transport connected
13:28:10 [INFO] functional.conftest: [basalt] Waiting for emulator to stabilize (2s)
13:28:12 [INFO] functional.conftest: [basalt] Holding down button to quit app and set persist state
13:28:14 [INFO] functional.conftest: [basalt] App quit via long press, persist state set
13:28:14 [INFO] functional.conftest: [basalt] Emulator ready for tests
13:28:14 [INFO] functional.conftest: [basalt] Opening app for test: test_long_press_select_resets_in_control_mode_new[basalt]
13:28:14 [INFO] functional.conftest: [basalt] Opening app via install (preserving state)
13:28:14 [INFO] functional.conftest: [basalt] Installing app on emulator
13:28:17 [INFO] functional.conftest: [basalt] App installed and transport connected
13:28:17 [INFO] functional.conftest: [basalt] App opened via install
-------------------------------- live log call ---------------------------------
13:28:25 [INFO] functional.test_edit_mode_reset: After Up press state: {'event': 'button_up', 't': '1:52', 'm': 'New', 'r': '0', 'p': '0', 'v': '0', 'd': '1', 'l': '1'}
13:28:26 [INFO] functional.test_edit_mode_reset: After long press Select state: {'event': 'long_press_select', 't': '0:00', 'm': 'EditSec', 'r': '0', 'p': '1', 'v': '0', 'd': '1', 'l': '1'}
13:28:27 [INFO] functional.test_edit_mode_reset: After Back press state: {'event': 'button_back', 't': '1:00', 'm': 'EditSec', 'r': '0', 'p': '1', 'v': '0', 'd': '1', 'l': '1'}
PASSED                                                                   [ 65%]
------------------------------ live log teardown -------------------------------
13:28:27 [INFO] functional.conftest: [basalt] Quitting app after test: test_long_press_select_resets_in_control_mode_new[basalt]

test/functional/test_edit_mode_reset.py::TestEditModeReset::test_long_press_select_no_op_in_edit_sec[basalt] SKIPPED [ 65%]
test/functional/test_edit_mode_reset.py::TestEditModeReset::test_long_press_select_no_op_in_edit_repeat[basalt] SKIPPED [ 66%]
test/functional/test_edit_mode_reset.py::TestEditModeReset::test_long_press_select_resets_in_control_mode_new[chalk] 
-------------------------------- live log setup --------------------------------
13:28:29 [INFO] functional.conftest: [basalt] Tearing down - killing emulator
SKIPPED (Skipping test for chalk since --platform=basalt was specified.) [ 66%]
test/functional/test_edit_mode_reset.py::TestEditModeReset::test_long_press_select_no_op_in_edit_sec[chalk] SKIPPED [ 66%]
test/functional/test_edit_mode_reset.py::TestEditModeReset::test_long_press_select_no_op_in_edit_repeat[chalk] SKIPPED [ 66%]
test/functional/test_edit_mode_reset.py::TestEditModeReset::test_long_press_select_resets_in_control_mode_new[diorite] SKIPPED [ 67%]
test/functional/test_edit_mode_reset.py::TestEditModeReset::test_long_press_select_no_op_in_edit_sec[diorite] SKIPPED [ 67%]
test/functional/test_edit_mode_reset.py::TestEditModeReset::test_long_press_select_no_op_in_edit_repeat[diorite] SKIPPED [ 67%]
test/functional/test_log_based.py::TestLogBasedAssertions::test_up_button_increments_20_minutes_log_based[aplite] SKIPPED [ 68%]
test/functional/test_log_based.py::TestLogBasedAssertions::test_init_state_log[aplite] SKIPPED [ 68%]
test/functional/test_log_based.py::TestLogBasedAssertions::test_multiple_button_presses_log_sequence[aplite] SKIPPED [ 68%]
test/functional/test_log_based.py::TestLogBasedAssertions::test_mode_transition_via_logs[aplite] SKIPPED [ 68%]
test/functional/test_log_based.py::TestLogBasedAssertions::test_up_button_increments_20_minutes_log_based[basalt] 
-------------------------------- live log setup --------------------------------
13:28:30 [INFO] functional.conftest: [basalt] Starting warm-up cycle to clear stale state
13:28:33 [INFO] functional.conftest: [basalt] Installing app on emulator
13:28:42 [INFO] functional.conftest: [basalt] App installed and transport connected
13:28:42 [INFO] functional.conftest: [basalt] Waiting for emulator to stabilize (2s)
13:28:44 [INFO] functional.conftest: [basalt] Holding down button to quit app and set persist state
13:28:45 [INFO] functional.conftest: [basalt] App quit via long press, persist state set
13:28:45 [INFO] functional.conftest: [basalt] Emulator ready for tests
13:28:45 [INFO] functional.conftest: [basalt] Opening app for test: test_up_button_increments_20_minutes_log_based[basalt]
13:28:45 [INFO] functional.conftest: [basalt] Opening app via install (preserving state)
13:28:45 [INFO] functional.conftest: [basalt] Installing app on emulator
13:28:49 [INFO] functional.conftest: [basalt] App installed and transport connected
13:28:49 [INFO] functional.conftest: [basalt] App opened via install
-------------------------------- live log call ---------------------------------
13:28:51 [INFO] functional.test_log_based: All captured logs: ['[13:28:50] utility.c:55> TEST_STATE:button_up,t=19:57,m=New,r=0,p=0,v=0,d=1,l=1']
13:28:51 [INFO] functional.test_log_based: Received state: {'event': 'button_up', 't': '19:57', 'm': 'New', 'r': '0', 'p': '0', 'v': '0', 'd': '1', 'l': '1'}
PASSED                                                                   [ 69%]
------------------------------ live log teardown -------------------------------
13:28:51 [INFO] functional.conftest: [basalt] Quitting app after test: test_up_button_increments_20_minutes_log_based[basalt]

test/functional/test_log_based.py::TestLogBasedAssertions::test_init_state_log[basalt] 
-------------------------------- live log setup --------------------------------
13:28:53 [INFO] functional.conftest: [basalt] Opening app for test: test_init_state_log[basalt]
13:28:53 [INFO] functional.conftest: [basalt] Opening app via install (preserving state)
13:28:53 [INFO] functional.conftest: [basalt] Installing app on emulator
13:28:56 [INFO] functional.conftest: [basalt] App installed and transport connected
13:28:56 [INFO] functional.conftest: [basalt] App opened via install
-------------------------------- live log call ---------------------------------
13:28:57 [INFO] functional.test_log_based: All captured states: []
13:28:57 [INFO] functional.test_log_based: Init log was likely emitted before capture started (expected)
PASSED                                                                   [ 69%]
------------------------------ live log teardown -------------------------------
13:28:57 [INFO] functional.conftest: [basalt] Quitting app after test: test_init_state_log[basalt]

test/functional/test_log_based.py::TestLogBasedAssertions::test_multiple_button_presses_log_sequence[basalt] 
-------------------------------- live log setup --------------------------------
13:28:59 [INFO] functional.conftest: [basalt] Opening app for test: test_multiple_button_presses_log_sequence[basalt]
13:28:59 [INFO] functional.conftest: [basalt] Opening app via install (preserving state)
13:28:59 [INFO] functional.conftest: [basalt] Installing app on emulator
13:29:02 [INFO] functional.conftest: [basalt] App installed and transport connected
13:29:02 [INFO] functional.conftest: [basalt] App opened via install
-------------------------------- live log call ---------------------------------
13:29:05 [INFO] functional.test_log_based: State after first Down: {'event': 'button_down', 't': '0:57', 'm': 'New', 'r': '0', 'p': '0', 'v': '0', 'd': '1', 'l': '1'}
13:29:05 [INFO] functional.test_log_based: State after second Down: {'event': 'button_down', 't': '1:57', 'm': 'New', 'r': '0', 'p': '0', 'v': '0', 'd': '1', 'l': '1'}
PASSED                                                                   [ 69%]
------------------------------ live log teardown -------------------------------
13:29:05 [INFO] functional.conftest: [basalt] Quitting app after test: test_multiple_button_presses_log_sequence[basalt]

test/functional/test_log_based.py::TestLogBasedAssertions::test_mode_transition_via_logs[basalt] 
-------------------------------- live log setup --------------------------------
13:29:07 [INFO] functional.conftest: [basalt] Opening app for test: test_mode_transition_via_logs[basalt]
13:29:07 [INFO] functional.conftest: [basalt] Opening app via install (preserving state)
13:29:07 [INFO] functional.conftest: [basalt] Installing app on emulator
13:29:10 [INFO] functional.conftest: [basalt] App installed and transport connected
13:29:10 [INFO] functional.conftest: [basalt] App opened via install
-------------------------------- live log call ---------------------------------
13:29:14 [INFO] functional.test_log_based: Mode change state: {'event': 'mode_change', 't': '0:54', 'm': 'Counting', 'r': '0', 'p': '0', 'v': '0', 'd': '1', 'l': '0'}
PASSED                                                                   [ 69%]
------------------------------ live log teardown -------------------------------
13:29:14 [INFO] functional.conftest: [basalt] Quitting app after test: test_mode_transition_via_logs[basalt]

test/functional/test_log_based.py::TestLogBasedAssertions::test_up_button_increments_20_minutes_log_based[chalk] 
-------------------------------- live log setup --------------------------------
13:29:16 [INFO] functional.conftest: [basalt] Tearing down - killing emulator
SKIPPED (Skipping test for chalk since --platform=basalt was specified.) [ 70%]
test/functional/test_log_based.py::TestLogBasedAssertions::test_init_state_log[chalk] SKIPPED [ 70%]
test/functional/test_log_based.py::TestLogBasedAssertions::test_multiple_button_presses_log_sequence[chalk] SKIPPED [ 70%]
test/functional/test_log_based.py::TestLogBasedAssertions::test_mode_transition_via_logs[chalk] SKIPPED [ 70%]
test/functional/test_log_based.py::TestLogBasedAssertions::test_up_button_increments_20_minutes_log_based[diorite] SKIPPED [ 71%]
test/functional/test_log_based.py::TestLogBasedAssertions::test_init_state_log[diorite] SKIPPED [ 71%]
test/functional/test_log_based.py::TestLogBasedAssertions::test_multiple_button_presses_log_sequence[diorite] SKIPPED [ 71%]
test/functional/test_log_based.py::TestLogBasedAssertions::test_mode_transition_via_logs[diorite] SKIPPED [ 72%]
test/functional/test_repeat_counter_visibility.py::TestRepeatCounterVisibility::test_editrepeat_shows_repeat_counter[aplite] SKIPPED [ 72%]
test/functional/test_repeat_counter_visibility.py::TestRepeatCounterVisibility::test_counting_mode_up_region_with_repeats[aplite] SKIPPED [ 72%]
test/functional/test_repeat_counter_visibility.py::TestRepeatCounterVisibility::test_new_mode_baseline_has_plus_20_icon[aplite] SKIPPED [ 72%]
test/functional/test_repeat_counter_visibility.py::TestRepeatCounterVisibility::test_new_mode_with_repeats_hides_plus_20_icon[aplite] SKIPPED [ 73%]
test/functional/test_repeat_counter_visibility.py::TestRepeatCounterVisibility::test_editsec_mode_with_repeats_hides_plus_20_icon[aplite] SKIPPED [ 73%]
test/functional/test_repeat_counter_visibility.py::TestRepeatCounterVisibility::test_new_mode_reverse_with_repeats_hides_minus_20_icon[aplite] SKIPPED [ 73%]
test/functional/test_repeat_counter_visibility.py::TestIconOverlapPrevention::test_editrepeat_up_region_empty_during_flash_off[aplite] SKIPPED [ 73%]
test/functional/test_repeat_counter_visibility.py::TestRepeatCounterVisibility::test_editrepeat_shows_repeat_counter[basalt] 
-------------------------------- live log setup --------------------------------
13:29:17 [INFO] functional.conftest: [basalt] Starting warm-up cycle to clear stale state
13:29:21 [INFO] functional.conftest: [basalt] Installing app on emulator
13:29:29 [INFO] functional.conftest: [basalt] App installed and transport connected
13:29:29 [INFO] functional.conftest: [basalt] Waiting for emulator to stabilize (2s)
13:29:31 [INFO] functional.conftest: [basalt] Holding down button to quit app and set persist state
13:29:32 [INFO] functional.conftest: [basalt] App quit via long press, persist state set
13:29:33 [INFO] functional.conftest: [basalt] Emulator ready for tests
13:29:33 [INFO] functional.conftest: [basalt] Opening app for test: test_editrepeat_shows_repeat_counter[basalt]
13:29:33 [INFO] functional.conftest: [basalt] Opening app via install (preserving state)
13:29:33 [INFO] functional.conftest: [basalt] Installing app on emulator
13:29:36 [INFO] functional.conftest: [basalt] App installed and transport connected
13:29:36 [INFO] functional.conftest: [basalt] App opened via install
-------------------------------- live log call ---------------------------------
13:29:45 [INFO] functional.test_repeat_counter_visibility: Screenshot saved: /home/jared/Workspace/pebble-timer-quick/test/functional/screenshots/test_repeat_counter_basalt_editrepeat.png
PASSED                                                                   [ 74%]
------------------------------ live log teardown -------------------------------
13:29:45 [INFO] functional.conftest: [basalt] Quitting app after test: test_editrepeat_shows_repeat_counter[basalt]

test/functional/test_repeat_counter_visibility.py::TestRepeatCounterVisibility::test_counting_mode_up_region_with_repeats[basalt] 
-------------------------------- live log setup --------------------------------
13:29:47 [INFO] functional.conftest: [basalt] Opening app for test: test_counting_mode_up_region_with_repeats[basalt]
13:29:47 [INFO] functional.conftest: [basalt] Opening app via install (preserving state)
13:29:47 [INFO] functional.conftest: [basalt] Installing app on emulator
13:29:50 [INFO] functional.conftest: [basalt] App installed and transport connected
13:29:50 [INFO] functional.conftest: [basalt] App opened via install
-------------------------------- live log call ---------------------------------
13:30:00 [INFO] functional.test_repeat_counter_visibility: Screenshot saved: /home/jared/Workspace/pebble-timer-quick/test/functional/screenshots/test_repeat_counter_basalt_counting_repeats.png
13:30:00 [INFO] functional.test_repeat_counter_visibility: UP region has content: True
13:30:00 [WARNING] functional.test_button_icons: Icon mask mismatch for 'counting_up' on basalt: 177 pixels differ (tolerance=10)
PASSED                                                                   [ 74%]
------------------------------ live log teardown -------------------------------
13:30:00 [INFO] functional.conftest: [basalt] Quitting app after test: test_counting_mode_up_region_with_repeats[basalt]

test/functional/test_repeat_counter_visibility.py::TestRepeatCounterVisibility::test_new_mode_baseline_has_plus_20_icon[basalt] 
-------------------------------- live log setup --------------------------------
13:30:02 [INFO] functional.conftest: [basalt] Opening app for test: test_new_mode_baseline_has_plus_20_icon[basalt]
13:30:02 [INFO] functional.conftest: [basalt] Opening app via install (preserving state)
13:30:02 [INFO] functional.conftest: [basalt] Installing app on emulator
13:30:05 [INFO] functional.conftest: [basalt] App installed and transport connected
13:30:05 [INFO] functional.conftest: [basalt] App opened via install
-------------------------------- live log call ---------------------------------
13:30:09 [INFO] functional.test_repeat_counter_visibility: Screenshot saved: /home/jared/Workspace/pebble-timer-quick/test/functional/screenshots/test_repeat_counter_basalt_new_baseline.png
13:30:09 [INFO] functional.test_repeat_counter_visibility: New mode UP region non-bg pixels: 121
PASSED                                                                   [ 74%]
------------------------------ live log teardown -------------------------------
13:30:09 [INFO] functional.conftest: [basalt] Quitting app after test: test_new_mode_baseline_has_plus_20_icon[basalt]

test/functional/test_repeat_counter_visibility.py::TestRepeatCounterVisibility::test_new_mode_with_repeats_hides_plus_20_icon[basalt] 
-------------------------------- live log setup --------------------------------
13:30:11 [INFO] functional.conftest: [basalt] Opening app for test: test_new_mode_with_repeats_hides_plus_20_icon[basalt]
13:30:11 [INFO] functional.conftest: [basalt] Opening app via install (preserving state)
13:30:11 [INFO] functional.conftest: [basalt] Installing app on emulator
13:30:14 [INFO] functional.conftest: [basalt] App installed and transport connected
13:30:14 [INFO] functional.conftest: [basalt] App opened via install
-------------------------------- live log call ---------------------------------
13:30:25 [INFO] functional.test_repeat_counter_visibility: Screenshot saved: /home/jared/Workspace/pebble-timer-quick/test/functional/screenshots/test_repeat_counter_basalt_new_with_repeats.png
13:30:25 [INFO] functional.test_repeat_counter_visibility: New mode (with repeats) UP region non-bg pixels: 141
13:30:25 [WARNING] functional.test_button_icons: Icon mask mismatch for 'new_up' on basalt: 150 pixels differ (tolerance=10)
PASSED                                                                   [ 75%]
------------------------------ live log teardown -------------------------------
13:30:25 [INFO] functional.conftest: [basalt] Quitting app after test: test_new_mode_with_repeats_hides_plus_20_icon[basalt]

test/functional/test_repeat_counter_visibility.py::TestRepeatCounterVisibility::test_editsec_mode_with_repeats_hides_plus_20_icon[basalt] 
-------------------------------- live log setup --------------------------------
13:30:27 [INFO] functional.conftest: [basalt] Opening app for test: test_editsec_mode_with_repeats_hides_plus_20_icon[basalt]
13:30:27 [INFO] functional.conftest: [basalt] Opening app via install (preserving state)
13:30:27 [INFO] functional.conftest: [basalt] Installing app on emulator
13:30:30 [INFO] functional.conftest: [basalt] App installed and transport connected
13:30:30 [INFO] functional.conftest: [basalt] App opened via install
-------------------------------- live log call ---------------------------------
13:30:42 [INFO] functional.test_repeat_counter_visibility: Screenshot saved: /home/jared/Workspace/pebble-timer-quick/test/functional/screenshots/test_repeat_counter_basalt_editsec_with_repeats.png
13:30:42 [INFO] functional.test_repeat_counter_visibility: EditSec mode (with repeats) UP region non-bg pixels: 141
13:30:42 [WARNING] functional.test_button_icons: Icon mask mismatch for 'editsec_up' on basalt: 150 pixels differ (tolerance=10)
PASSED                                                                   [ 75%]
------------------------------ live log teardown -------------------------------
13:30:42 [INFO] functional.conftest: [basalt] Quitting app after test: test_editsec_mode_with_repeats_hides_plus_20_icon[basalt]

test/functional/test_repeat_counter_visibility.py::TestRepeatCounterVisibility::test_new_mode_reverse_with_repeats_hides_minus_20_icon[basalt] 
-------------------------------- live log setup --------------------------------
13:30:44 [INFO] functional.conftest: [basalt] Opening app for test: test_new_mode_reverse_with_repeats_hides_minus_20_icon[basalt]
13:30:44 [INFO] functional.conftest: [basalt] Opening app via install (preserving state)
13:30:44 [INFO] functional.conftest: [basalt] Installing app on emulator
13:30:47 [INFO] functional.conftest: [basalt] App installed and transport connected
13:30:47 [INFO] functional.conftest: [basalt] App opened via install
-------------------------------- live log call ---------------------------------
13:31:01 [INFO] functional.test_repeat_counter_visibility: Screenshot saved: /home/jared/Workspace/pebble-timer-quick/test/functional/screenshots/test_repeat_counter_basalt_new_reverse_with_repeats.png
13:31:01 [INFO] functional.test_repeat_counter_visibility: New mode reverse (with repeats) UP region non-bg pixels: 141
13:31:01 [WARNING] functional.test_button_icons: Icon mask mismatch for 'new_up_reverse' on basalt: 178 pixels differ (tolerance=10)
PASSED                                                                   [ 75%]
------------------------------ live log teardown -------------------------------
13:31:01 [INFO] functional.conftest: [basalt] Quitting app after test: test_new_mode_reverse_with_repeats_hides_minus_20_icon[basalt]

test/functional/test_repeat_counter_visibility.py::TestIconOverlapPrevention::test_editrepeat_up_region_empty_during_flash_off[basalt] 
-------------------------------- live log setup --------------------------------
13:31:02 [INFO] functional.conftest: [basalt] Opening app for test: test_editrepeat_up_region_empty_during_flash_off[basalt]
13:31:02 [INFO] functional.conftest: [basalt] Opening app via install (preserving state)
13:31:02 [INFO] functional.conftest: [basalt] Installing app on emulator
13:31:06 [INFO] functional.conftest: [basalt] App installed and transport connected
13:31:06 [INFO] functional.conftest: [basalt] App opened via install
-------------------------------- live log call ---------------------------------
13:31:26 [INFO] functional.test_repeat_counter_visibility: UP region pixel counts across 6 screenshots: [121, 34, 140, 34, 141, 34] (min=34, max=141)
PASSED                                                                   [ 75%]
------------------------------ live log teardown -------------------------------
13:31:26 [INFO] functional.conftest: [basalt] Quitting app after test: test_editrepeat_up_region_empty_during_flash_off[basalt]

test/functional/test_repeat_counter_visibility.py::TestRepeatCounterVisibility::test_editrepeat_shows_repeat_counter[chalk] 
-------------------------------- live log setup --------------------------------
13:31:28 [INFO] functional.conftest: [basalt] Tearing down - killing emulator
SKIPPED (Skipping test for chalk since --platform=basalt was specified.) [ 76%]
test/functional/test_repeat_counter_visibility.py::TestRepeatCounterVisibility::test_counting_mode_up_region_with_repeats[chalk] SKIPPED [ 76%]
test/functional/test_repeat_counter_visibility.py::TestRepeatCounterVisibility::test_new_mode_baseline_has_plus_20_icon[chalk] SKIPPED [ 76%]
test/functional/test_repeat_counter_visibility.py::TestRepeatCounterVisibility::test_new_mode_with_repeats_hides_plus_20_icon[chalk] SKIPPED [ 76%]
test/functional/test_repeat_counter_visibility.py::TestRepeatCounterVisibility::test_editsec_mode_with_repeats_hides_plus_20_icon[chalk] SKIPPED [ 77%]
test/functional/test_repeat_counter_visibility.py::TestRepeatCounterVisibility::test_new_mode_reverse_with_repeats_hides_minus_20_icon[chalk] SKIPPED [ 77%]
test/functional/test_repeat_counter_visibility.py::TestIconOverlapPrevention::test_editrepeat_up_region_empty_during_flash_off[chalk] SKIPPED [ 77%]
test/functional/test_repeat_counter_visibility.py::TestRepeatCounterVisibility::test_editrepeat_shows_repeat_counter[diorite] SKIPPED [ 77%]
test/functional/test_repeat_counter_visibility.py::TestRepeatCounterVisibility::test_counting_mode_up_region_with_repeats[diorite] SKIPPED [ 78%]
test/functional/test_repeat_counter_visibility.py::TestRepeatCounterVisibility::test_new_mode_baseline_has_plus_20_icon[diorite] SKIPPED [ 78%]
test/functional/test_repeat_counter_visibility.py::TestRepeatCounterVisibility::test_new_mode_with_repeats_hides_plus_20_icon[diorite] SKIPPED [ 78%]
test/functional/test_repeat_counter_visibility.py::TestRepeatCounterVisibility::test_editsec_mode_with_repeats_hides_plus_20_icon[diorite] SKIPPED [ 79%]
test/functional/test_repeat_counter_visibility.py::TestRepeatCounterVisibility::test_new_mode_reverse_with_repeats_hides_minus_20_icon[diorite] SKIPPED [ 79%]
test/functional/test_repeat_counter_visibility.py::TestIconOverlapPrevention::test_editrepeat_up_region_empty_during_flash_off[diorite] SKIPPED [ 79%]
test/functional/test_stopwatch_subtraction.py::TestStopwatchSubtraction::test_chrono_subtraction_converts_to_countdown[aplite] SKIPPED [ 79%]
test/functional/test_stopwatch_subtraction.py::TestStopwatchSubtraction::test_chrono_subtraction_multiple_minutes[aplite] SKIPPED [ 80%]
test/functional/test_stopwatch_subtraction.py::TestStopwatchSubtraction::test_chrono_add_then_subtract[aplite] SKIPPED [ 80%]
test/functional/test_stopwatch_subtraction.py::TestStopwatchSubtraction::test_chrono_subtraction_converts_to_countdown[basalt] 
-------------------------------- live log setup --------------------------------
13:31:28 [INFO] functional.conftest: [basalt] Starting warm-up cycle to clear stale state
13:31:33 [INFO] functional.conftest: [basalt] Installing app on emulator
13:31:41 [INFO] functional.conftest: [basalt] App installed and transport connected
13:31:41 [INFO] functional.conftest: [basalt] Waiting for emulator to stabilize (2s)
13:31:43 [INFO] functional.conftest: [basalt] Holding down button to quit app and set persist state
13:31:44 [INFO] functional.conftest: [basalt] App quit via long press, persist state set
13:31:45 [INFO] functional.conftest: [basalt] Emulator ready for tests
13:31:45 [INFO] functional.conftest: [basalt] Opening app for test: test_chrono_subtraction_converts_to_countdown[basalt]
13:31:45 [INFO] functional.conftest: [basalt] Opening app via install (preserving state)
13:31:45 [INFO] functional.conftest: [basalt] Installing app on emulator
13:31:48 [INFO] functional.conftest: [basalt] App installed and transport connected
13:31:48 [INFO] functional.conftest: [basalt] App opened via install
-------------------------------- live log call ---------------------------------
13:31:50 [INFO] functional.test_stopwatch_subtraction: Waiting for chrono mode...
13:31:56 [INFO] functional.test_stopwatch_subtraction: After subtraction state: {'event': 'button_down', 't': '0:54', 'm': 'New', 'r': '0', 'p': '1', 'v': '0', 'd': '-1', 'l': '1'}
PASSED                                                                   [ 80%]
------------------------------ live log teardown -------------------------------
13:31:56 [INFO] functional.conftest: [basalt] Quitting app after test: test_chrono_subtraction_converts_to_countdown[basalt]

test/functional/test_stopwatch_subtraction.py::TestStopwatchSubtraction::test_chrono_subtraction_multiple_minutes[basalt] 
-------------------------------- live log setup --------------------------------
13:31:58 [INFO] functional.conftest: [basalt] Opening app for test: test_chrono_subtraction_multiple_minutes[basalt]
13:31:58 [INFO] functional.conftest: [basalt] Opening app via install (preserving state)
13:31:58 [INFO] functional.conftest: [basalt] Installing app on emulator
13:32:01 [INFO] functional.conftest: [basalt] App installed and transport connected
13:32:01 [INFO] functional.conftest: [basalt] App opened via install
PASSED                                                                   [ 80%]
------------------------------ live log teardown -------------------------------
13:32:09 [INFO] functional.conftest: [basalt] Quitting app after test: test_chrono_subtraction_multiple_minutes[basalt]

test/functional/test_stopwatch_subtraction.py::TestStopwatchSubtraction::test_chrono_add_then_subtract[basalt] 
-------------------------------- live log setup --------------------------------
13:32:11 [INFO] functional.conftest: [basalt] Opening app for test: test_chrono_add_then_subtract[basalt]
13:32:11 [INFO] functional.conftest: [basalt] Opening app via install (preserving state)
13:32:11 [INFO] functional.conftest: [basalt] Installing app on emulator
13:32:14 [INFO] functional.conftest: [basalt] App installed and transport connected
13:32:14 [INFO] functional.conftest: [basalt] App opened via install
PASSED                                                                   [ 81%]
------------------------------ live log teardown -------------------------------
13:32:22 [INFO] functional.conftest: [basalt] Quitting app after test: test_chrono_add_then_subtract[basalt]

test/functional/test_stopwatch_subtraction.py::TestStopwatchSubtraction::test_chrono_subtraction_converts_to_countdown[chalk] 
-------------------------------- live log setup --------------------------------
13:32:24 [INFO] functional.conftest: [basalt] Tearing down - killing emulator
SKIPPED (Skipping test for chalk since --platform=basalt was specified.) [ 81%]
test/functional/test_stopwatch_subtraction.py::TestStopwatchSubtraction::test_chrono_subtraction_multiple_minutes[chalk] SKIPPED [ 81%]
test/functional/test_stopwatch_subtraction.py::TestStopwatchSubtraction::test_chrono_add_then_subtract[chalk] SKIPPED [ 81%]
test/functional/test_stopwatch_subtraction.py::TestStopwatchSubtraction::test_chrono_subtraction_converts_to_countdown[diorite] SKIPPED [ 82%]
test/functional/test_stopwatch_subtraction.py::TestStopwatchSubtraction::test_chrono_subtraction_multiple_minutes[diorite] SKIPPED [ 82%]
test/functional/test_stopwatch_subtraction.py::TestStopwatchSubtraction::test_chrono_add_then_subtract[diorite] SKIPPED [ 82%]
test/functional/test_timer_workflows.py::TestEditRunningTimer::test_edit_running_timer[aplite] SKIPPED [ 83%]
test/functional/test_timer_workflows.py::TestSetShortTimer::test_set_4_second_timer[aplite] SKIPPED [ 83%]
test/functional/test_timer_workflows.py::TestSnoozeCompletedTimer::test_snooze_completed_timer[aplite] SKIPPED [ 83%]
test/functional/test_timer_workflows.py::TestRepeatCompletedTimer::test_repeat_completed_timer[aplite] SKIPPED [ 83%]
test/functional/test_timer_workflows.py::TestQuietAlarmBackButton::test_quiet_alarm_with_back_button[aplite] SKIPPED [ 84%]
test/functional/test_timer_workflows.py::TestPauseCompletedTimer::test_pause_completed_timer[aplite] SKIPPED [ 84%]
test/functional/test_timer_workflows.py::TestEditCompletedTimer::test_edit_completed_timer_add_minute[aplite] SKIPPED [ 84%]
test/functional/test_timer_workflows.py::TestEnableRepeatingTimer::test_enable_repeating_timer[aplite] SKIPPED [ 84%]
test/functional/test_timer_workflows.py::TestEditModeReset::test_long_press_select_in_edit_mode_resets_to_edit_seconds[aplite] SKIPPED [ 85%]
test/functional/test_timer_workflows.py::TestEditSecModeNoOp::test_long_press_select_in_edit_sec_mode_does_nothing[aplite] SKIPPED [ 85%]
test/functional/test_timer_workflows.py::TestEditRepeatModeNoOp::test_long_press_select_in_edit_repeat_mode_does_nothing[aplite] SKIPPED [ 85%]
test/functional/test_timer_workflows.py::TestRepeatTimerDuringAlarm::test_hold_up_during_alarm_repeats_timer[aplite] SKIPPED [ 86%]
test/functional/test_timer_workflows.py::TestRepeatTimerDuringAlarm::test_hold_up_during_longer_alarm_repeats_timer[aplite] SKIPPED [ 86%]
test/functional/test_timer_workflows.py::TestRepeatTimerDuringAlarm::test_hold_up_during_longer_alarm_repeats_timer_old_method[aplite] SKIPPED [ 86%]
test/functional/test_timer_workflows.py::TestSubMinuteTimerStaysPaused::test_sub_minute_timer_stays_paused_after_edit_expires[aplite] SKIPPED [ 86%]
test/functional/test_timer_workflows.py::TestMinuteAndSecondsTimerStaysPaused::test_minute_and_seconds_timer_stays_paused[aplite] SKIPPED [ 87%]
test/functional/test_timer_workflows.py::TestEditRunningTimer::test_edit_running_timer[basalt] 
-------------------------------- live log setup --------------------------------
13:32:26 [INFO] functional.test_timer_workflows: [basalt] Starting warm-up cycle to clear stale state
13:32:29 [INFO] functional.conftest: [basalt] Installing app on emulator
13:32:37 [INFO] functional.conftest: [basalt] App installed and transport connected
13:32:37 [INFO] functional.test_timer_workflows: [basalt] Waiting for emulator to stabilize (2s)
13:32:39 [INFO] functional.test_timer_workflows: [basalt] Holding down button to quit app and set persist state
13:32:41 [INFO] functional.test_timer_workflows: [basalt] App quit via long press, persist state set
13:32:42 [INFO] functional.test_timer_workflows: [basalt] Emulator ready for tests
13:32:42 [INFO] functional.conftest: [basalt] Opening app for test: test_edit_running_timer[basalt]
13:32:42 [INFO] functional.conftest: [basalt] Opening app via install (preserving state)
13:32:42 [INFO] functional.conftest: [basalt] Installing app on emulator
13:32:45 [INFO] functional.conftest: [basalt] App installed and transport connected
13:32:45 [INFO] functional.conftest: [basalt] App opened via install
-------------------------------- live log call ---------------------------------
13:32:53 [INFO] functional.test_timer_workflows: Edit mode state: {'event': 'button_up', 't': '1:52', 'm': 'New', 'r': '0', 'p': '0', 'v': '0', 'd': '1', 'l': '1'}
13:32:53 [INFO] functional.test_timer_workflows: After adding time state: {'event': 'button_down', 't': '2:52', 'm': 'New', 'r': '0', 'p': '0', 'v': '0', 'd': '1', 'l': '1'}
13:32:56 [INFO] functional.test_timer_workflows: Resumed counting state: {'event': 'mode_change', 't': '2:49', 'm': 'Counting', 'r': '0', 'p': '0', 'v': '0', 'd': '1', 'l': '0'}
PASSED                                                                   [ 87%]
------------------------------ live log teardown -------------------------------
13:32:56 [INFO] functional.conftest: [basalt] Quitting app after test: test_edit_running_timer[basalt]

test/functional/test_timer_workflows.py::TestSetShortTimer::test_set_4_second_timer[basalt] 
-------------------------------- live log setup --------------------------------
13:32:58 [INFO] functional.conftest: [basalt] Opening app for test: test_set_4_second_timer[basalt]
13:32:58 [INFO] functional.conftest: [basalt] Opening app via install (preserving state)
13:32:58 [INFO] functional.conftest: [basalt] Installing app on emulator
13:33:01 [INFO] functional.conftest: [basalt] App installed and transport connected
13:33:01 [INFO] functional.conftest: [basalt] App opened via install
-------------------------------- live log call ---------------------------------
13:33:01 [INFO] functional.test_timer_workflows: [basalt] Setting up 4s timer: waiting for chrono mode
13:33:08 [INFO] functional.test_timer_workflows: [basalt] Short timer set to 4s, waiting for expire
13:33:13 [INFO] functional.test_timer_workflows: [basalt] Short timer started, counting down from 4s
13:33:16 [INFO] functional.test_timer_workflows: Short timer running text:  e 00;04 pz 13.33 Ker M J
13:33:16 [INFO] functional.test_timer_workflows: Short timer normalized:   00:04  13:33   
PASSED                                                                   [ 87%]
------------------------------ live log teardown -------------------------------
13:33:16 [INFO] functional.conftest: [basalt] Quitting app after test: test_set_4_second_timer[basalt]

test/functional/test_timer_workflows.py::TestSnoozeCompletedTimer::test_snooze_completed_timer[basalt] 
-------------------------------- live log setup --------------------------------
13:33:18 [INFO] functional.conftest: [basalt] Opening app for test: test_snooze_completed_timer[basalt]
13:33:18 [INFO] functional.conftest: [basalt] Opening app via install (preserving state)
13:33:18 [INFO] functional.conftest: [basalt] Installing app on emulator
13:33:21 [INFO] functional.conftest: [basalt] App installed and transport connected
13:33:21 [INFO] functional.conftest: [basalt] App opened via install
-------------------------------- live log call ---------------------------------
13:33:22 [INFO] functional.test_timer_workflows: [basalt] Setting up 4s timer: waiting for chrono mode
13:33:29 [INFO] functional.test_timer_workflows: [basalt] Short timer set to 4s, waiting for expire
13:33:34 [INFO] functional.test_timer_workflows: [basalt] Short timer started, counting down from 4s
13:33:34 [INFO] functional.test_timer_workflows: Waiting for alarm to start...
13:33:37 [INFO] functional.test_timer_workflows: Alarm started: {'event': 'alarm_start', 't': '0:00', 'm': 'Counting', 'r': '0', 'p': '0', 'v': '1', 'd': '1', 'l': '1'}
13:33:38 [INFO] functional.test_timer_workflows: After snooze state: {'event': 'button_down', 't': '4:59', 'm': 'Counting', 'r': '0', 'p': '0', 'v': '0', 'd': '1', 'l': '0'}
PASSED                                                                   [ 87%]
------------------------------ live log teardown -------------------------------
13:33:38 [INFO] functional.conftest: [basalt] Quitting app after test: test_snooze_completed_timer[basalt]

test/functional/test_timer_workflows.py::TestRepeatCompletedTimer::test_repeat_completed_timer[basalt] 
-------------------------------- live log setup --------------------------------
13:33:39 [INFO] functional.conftest: [basalt] Opening app for test: test_repeat_completed_timer[basalt]
13:33:39 [INFO] functional.conftest: [basalt] Opening app via install (preserving state)
13:33:39 [INFO] functional.conftest: [basalt] Installing app on emulator
13:33:43 [INFO] functional.conftest: [basalt] App installed and transport connected
13:33:43 [INFO] functional.conftest: [basalt] App opened via install
-------------------------------- live log call ---------------------------------
13:33:44 [INFO] functional.test_timer_workflows: [basalt] Setting up 4s timer: waiting for chrono mode
13:33:51 [INFO] functional.test_timer_workflows: [basalt] Short timer set to 4s, waiting for expire
13:33:56 [INFO] functional.test_timer_workflows: [basalt] Short timer started, counting down from 4s
13:34:00 [INFO] functional.test_timer_workflows: After repeat state: {'event': 'long_press_up', 't': '0:03', 'm': 'Counting', 'r': '0', 'p': '0', 'v': '0', 'd': '1', 'l': '0'}
PASSED                                                                   [ 88%]
------------------------------ live log teardown -------------------------------
13:34:00 [INFO] functional.conftest: [basalt] Quitting app after test: test_repeat_completed_timer[basalt]

test/functional/test_timer_workflows.py::TestQuietAlarmBackButton::test_quiet_alarm_with_back_button[basalt] 
-------------------------------- live log setup --------------------------------
13:34:02 [INFO] functional.conftest: [basalt] Opening app for test: test_quiet_alarm_with_back_button[basalt]
13:34:02 [INFO] functional.conftest: [basalt] Opening app via install (preserving state)
13:34:02 [INFO] functional.conftest: [basalt] Installing app on emulator
13:34:05 [INFO] functional.conftest: [basalt] App installed and transport connected
13:34:05 [INFO] functional.conftest: [basalt] App opened via install
-------------------------------- live log call ---------------------------------
13:34:07 [INFO] functional.test_timer_workflows: [basalt] Setting up 4s timer: waiting for chrono mode
13:34:14 [INFO] functional.test_timer_workflows: [basalt] Short timer set to 4s, waiting for expire
13:34:18 [INFO] functional.test_timer_workflows: [basalt] Short timer started, counting down from 4s
13:34:22 [INFO] functional.test_timer_workflows: After silence state: {'event': 'button_back', 't': '0:00', 'm': 'Counting', 'r': '0', 'p': '0', 'v': '0', 'd': '1', 'l': '0'}
PASSED                                                                   [ 88%]
------------------------------ live log teardown -------------------------------
13:34:22 [INFO] functional.conftest: [basalt] Quitting app after test: test_quiet_alarm_with_back_button[basalt]

test/functional/test_timer_workflows.py::TestPauseCompletedTimer::test_pause_completed_timer[basalt] 
-------------------------------- live log setup --------------------------------
13:34:24 [INFO] functional.conftest: [basalt] Opening app for test: test_pause_completed_timer[basalt]
13:34:24 [INFO] functional.conftest: [basalt] Opening app via install (preserving state)
13:34:24 [INFO] functional.conftest: [basalt] Installing app on emulator
13:34:27 [INFO] functional.conftest: [basalt] App installed and transport connected
13:34:27 [INFO] functional.conftest: [basalt] App opened via install
-------------------------------- live log call ---------------------------------
13:34:29 [INFO] functional.test_timer_workflows: [basalt] Setting up 4s timer: waiting for chrono mode
13:34:36 [INFO] functional.test_timer_workflows: [basalt] Short timer set to 4s, waiting for expire
13:34:40 [INFO] functional.test_timer_workflows: [basalt] Short timer started, counting down from 4s
13:34:44 [INFO] functional.test_timer_workflows: After pause state: {'event': 'button_select', 't': '0:00', 'm': 'Counting', 'r': '0', 'p': '1', 'v': '0', 'd': '1', 'l': '0'}
PASSED                                                                   [ 88%]
------------------------------ live log teardown -------------------------------
13:34:44 [INFO] functional.conftest: [basalt] Quitting app after test: test_pause_completed_timer[basalt]

test/functional/test_timer_workflows.py::TestEditCompletedTimer::test_edit_completed_timer_add_minute[basalt] 
-------------------------------- live log setup --------------------------------
13:34:46 [INFO] functional.conftest: [basalt] Opening app for test: test_edit_completed_timer_add_minute[basalt]
13:34:46 [INFO] functional.conftest: [basalt] Opening app via install (preserving state)
13:34:46 [INFO] functional.conftest: [basalt] Installing app on emulator
13:34:49 [INFO] functional.conftest: [basalt] App installed and transport connected
13:34:49 [INFO] functional.conftest: [basalt] App opened via install
-------------------------------- live log call ---------------------------------
13:34:51 [INFO] functional.test_timer_workflows: [basalt] Setting up 4s timer: waiting for chrono mode
13:34:58 [INFO] functional.test_timer_workflows: [basalt] Short timer set to 4s, waiting for expire
13:35:02 [INFO] functional.test_timer_workflows: [basalt] Short timer started, counting down from 4s
13:35:06 [INFO] functional.test_timer_workflows: After adding minute state: {'event': 'button_down', 't': '0:59', 'm': 'New', 'r': '0', 'p': '0', 'v': '0', 'd': '1', 'l': '1'}
PASSED                                                                   [ 88%]
------------------------------ live log teardown -------------------------------
13:35:06 [INFO] functional.conftest: [basalt] Quitting app after test: test_edit_completed_timer_add_minute[basalt]

test/functional/test_timer_workflows.py::TestEnableRepeatingTimer::test_enable_repeating_timer[basalt] 
-------------------------------- live log setup --------------------------------
13:35:08 [INFO] functional.conftest: [basalt] Opening app for test: test_enable_repeating_timer[basalt]
13:35:08 [INFO] functional.conftest: [basalt] Opening app via install (preserving state)
13:35:08 [INFO] functional.conftest: [basalt] Installing app on emulator
13:35:11 [INFO] functional.conftest: [basalt] App installed and transport connected
13:35:11 [INFO] functional.conftest: [basalt] App opened via install
-------------------------------- live log call ---------------------------------
13:35:13 [INFO] functional.test_timer_workflows: [basalt] Setting up 10s timer: waiting for chrono mode
13:35:24 [INFO] functional.test_timer_workflows: [basalt] Short timer set to 10s, waiting for expire
13:35:28 [INFO] functional.test_timer_workflows: [basalt] Short timer started, counting down from 10s
13:35:33 [INFO] functional.test_timer_workflows: Waiting for timer to expire and restart...
PASSED                                                                   [ 89%]
------------------------------ live log teardown -------------------------------
13:35:38 [INFO] functional.conftest: [basalt] Quitting app after test: test_enable_repeating_timer[basalt]

test/functional/test_timer_workflows.py::TestEditModeReset::test_long_press_select_in_edit_mode_resets_to_edit_seconds[basalt] 
-------------------------------- live log setup --------------------------------
13:35:39 [INFO] functional.conftest: [basalt] Opening app for test: test_long_press_select_in_edit_mode_resets_to_edit_seconds[basalt]
13:35:39 [INFO] functional.conftest: [basalt] Opening app via install (preserving state)
13:35:39 [INFO] functional.conftest: [basalt] Installing app on emulator
13:35:43 [INFO] functional.conftest: [basalt] App installed and transport connected
13:35:43 [INFO] functional.conftest: [basalt] App opened via install
PASSED                                                                   [ 89%]
------------------------------ live log teardown -------------------------------
13:35:50 [INFO] functional.conftest: [basalt] Quitting app after test: test_long_press_select_in_edit_mode_resets_to_edit_seconds[basalt]

test/functional/test_timer_workflows.py::TestEditSecModeNoOp::test_long_press_select_in_edit_sec_mode_does_nothing[basalt] 
-------------------------------- live log setup --------------------------------
13:35:52 [INFO] functional.conftest: [basalt] Opening app for test: test_long_press_select_in_edit_sec_mode_does_nothing[basalt]
13:35:52 [INFO] functional.conftest: [basalt] Opening app via install (preserving state)
13:35:52 [INFO] functional.conftest: [basalt] Installing app on emulator
13:35:55 [INFO] functional.conftest: [basalt] App installed and transport connected
13:35:55 [INFO] functional.conftest: [basalt] App opened via install
-------------------------------- live log call ---------------------------------
13:35:56 [INFO] functional.test_timer_workflows: Waiting for chrono mode (0:00 counting up)...
PASSED                                                                   [ 89%]
------------------------------ live log teardown -------------------------------
13:36:04 [INFO] functional.conftest: [basalt] Quitting app after test: test_long_press_select_in_edit_sec_mode_does_nothing[basalt]

test/functional/test_timer_workflows.py::TestEditRepeatModeNoOp::test_long_press_select_in_edit_repeat_mode_does_nothing[basalt] 
-------------------------------- live log setup --------------------------------
13:36:06 [INFO] functional.conftest: [basalt] Opening app for test: test_long_press_select_in_edit_repeat_mode_does_nothing[basalt]
13:36:06 [INFO] functional.conftest: [basalt] Opening app via install (preserving state)
13:36:06 [INFO] functional.conftest: [basalt] Installing app on emulator
13:36:09 [INFO] functional.conftest: [basalt] App installed and transport connected
13:36:09 [INFO] functional.conftest: [basalt] App opened via install
PASSED                                                                   [ 90%]
------------------------------ live log teardown -------------------------------
13:36:17 [INFO] functional.conftest: [basalt] Quitting app after test: test_long_press_select_in_edit_repeat_mode_does_nothing[basalt]

test/functional/test_timer_workflows.py::TestRepeatTimerDuringAlarm::test_hold_up_during_alarm_repeats_timer[basalt] 
-------------------------------- live log setup --------------------------------
13:36:18 [INFO] functional.conftest: [basalt] Opening app for test: test_hold_up_during_alarm_repeats_timer[basalt]
13:36:18 [INFO] functional.conftest: [basalt] Opening app via install (preserving state)
13:36:18 [INFO] functional.conftest: [basalt] Installing app on emulator
13:36:22 [INFO] functional.conftest: [basalt] App installed and transport connected
13:36:22 [INFO] functional.conftest: [basalt] App opened via install
-------------------------------- live log call ---------------------------------
13:36:23 [INFO] functional.test_timer_workflows: Waiting for chrono mode...
13:36:31 [INFO] functional.test_timer_workflows: Waiting for edit mode to expire...
13:36:35 [INFO] functional.test_timer_workflows: Pressing Select to start 4-second timer...
13:36:35 [INFO] functional.test_timer_workflows: Waiting for alarm to start...
13:36:39 [INFO] functional.test_timer_workflows: Alarm started: {'event': 'alarm_start', 't': '0:00', 'm': 'Counting', 'r': '0', 'p': '0', 'v': '1', 'd': '1', 'l': '1'}
13:36:40 [INFO] functional.test_timer_workflows: After repeat state: {'event': 'long_press_up', 't': '0:03', 'm': 'Counting', 'r': '0', 'p': '0', 'v': '0', 'd': '1', 'l': '0'}
PASSED                                                                   [ 90%]
------------------------------ live log teardown -------------------------------
13:36:40 [INFO] functional.conftest: [basalt] Quitting app after test: test_hold_up_during_alarm_repeats_timer[basalt]

test/functional/test_timer_workflows.py::TestRepeatTimerDuringAlarm::test_hold_up_during_longer_alarm_repeats_timer[basalt] 
-------------------------------- live log setup --------------------------------
13:36:42 [INFO] functional.conftest: [basalt] Opening app for test: test_hold_up_during_longer_alarm_repeats_timer[basalt]
13:36:42 [INFO] functional.conftest: [basalt] Opening app via install (preserving state)
13:36:42 [INFO] functional.conftest: [basalt] Installing app on emulator
13:36:45 [INFO] functional.conftest: [basalt] App installed and transport connected
13:36:45 [INFO] functional.conftest: [basalt] App opened via install
-------------------------------- live log call ---------------------------------
13:36:50 [INFO] functional.test_timer_workflows: Waiting for edit mode to expire...
13:36:54 [INFO] functional.test_timer_workflows: Pressing Select to start 5-second timer...
13:36:54 [INFO] functional.test_timer_workflows: Waiting for alarm to start...
13:37:04 [INFO] functional.test_timer_workflows: Alarm started: {'event': 'alarm_start', 't': '0:00', 'm': 'Counting', 'r': '0', 'p': '0', 'v': '1', 'd': '1', 'l': '1'}
13:37:06 [INFO] functional.test_timer_workflows: After repeat state: {'event': 'long_press_up', 't': '0:09', 'm': 'Counting', 'r': '0', 'p': '0', 'v': '0', 'd': '1', 'l': '0'}
PASSED                                                                   [ 90%]
------------------------------ live log teardown -------------------------------
13:37:06 [INFO] functional.conftest: [basalt] Quitting app after test: test_hold_up_during_longer_alarm_repeats_timer[basalt]

test/functional/test_timer_workflows.py::TestRepeatTimerDuringAlarm::test_hold_up_during_longer_alarm_repeats_timer_old_method[basalt] 
-------------------------------- live log setup --------------------------------
13:37:07 [INFO] functional.conftest: [basalt] Opening app for test: test_hold_up_during_longer_alarm_repeats_timer_old_method[basalt]
13:37:07 [INFO] functional.conftest: [basalt] Opening app via install (preserving state)
13:37:07 [INFO] functional.conftest: [basalt] Installing app on emulator
13:37:11 [INFO] functional.conftest: [basalt] App installed and transport connected
13:37:11 [INFO] functional.conftest: [basalt] App opened via install
-------------------------------- live log call ---------------------------------
13:37:12 [INFO] functional.test_timer_workflows: Waiting for chrono mode...
13:37:19 [INFO] functional.test_timer_workflows: Waiting for edit mode to expire...
13:37:22 [INFO] functional.test_timer_workflows: Pressing Select to start 10-second timer...
13:37:23 [INFO] functional.test_timer_workflows: Waiting for alarm to start...
13:37:33 [INFO] functional.test_timer_workflows: Alarm started: {'event': 'alarm_start', 't': '0:00', 'm': 'Counting', 'r': '0', 'p': '0', 'v': '1', 'd': '1', 'l': '1'}
13:37:34 [INFO] functional.test_timer_workflows: After repeat state: {'event': 'long_press_up', 't': '0:09', 'm': 'Counting', 'r': '0', 'p': '0', 'v': '0', 'd': '1', 'l': '0'}
PASSED                                                                   [ 90%]
------------------------------ live log teardown -------------------------------
13:37:34 [INFO] functional.conftest: [basalt] Quitting app after test: test_hold_up_during_longer_alarm_repeats_timer_old_method[basalt]

test/functional/test_timer_workflows.py::TestSubMinuteTimerStaysPaused::test_sub_minute_timer_stays_paused_after_edit_expires[basalt] 
-------------------------------- live log setup --------------------------------
13:37:36 [INFO] functional.conftest: [basalt] Opening app for test: test_sub_minute_timer_stays_paused_after_edit_expires[basalt]
13:37:36 [INFO] functional.conftest: [basalt] Opening app via install (preserving state)
13:37:36 [INFO] functional.conftest: [basalt] Installing app on emulator
13:37:39 [INFO] functional.conftest: [basalt] App installed and transport connected
13:37:39 [INFO] functional.conftest: [basalt] App opened via install
-------------------------------- live log call ---------------------------------
13:37:40 [INFO] functional.test_timer_workflows: Waiting for chrono mode...
13:37:44 [INFO] functional.test_timer_workflows: Entered New mode
13:37:46 [INFO] functional.test_timer_workflows: Entered EditSec mode
13:37:51 [INFO] functional.test_timer_workflows: Waiting for edit mode to expire...
13:37:55 [INFO] functional.test_timer_workflows: After edit expired: {'event': 'mode_change', 't': '0:10', 'm': 'Counting', 'r': '0', 'p': '1', 'v': '0', 'd': '1', 'l': '0'}
PASSED                                                                   [ 91%]
------------------------------ live log teardown -------------------------------
13:37:55 [INFO] functional.conftest: [basalt] Quitting app after test: test_sub_minute_timer_stays_paused_after_edit_expires[basalt]

test/functional/test_timer_workflows.py::TestMinuteAndSecondsTimerStaysPaused::test_minute_and_seconds_timer_stays_paused[basalt] 
-------------------------------- live log setup --------------------------------
13:37:57 [INFO] functional.conftest: [basalt] Opening app for test: test_minute_and_seconds_timer_stays_paused[basalt]
13:37:57 [INFO] functional.conftest: [basalt] Opening app via install (preserving state)
13:37:57 [INFO] functional.conftest: [basalt] Installing app on emulator
13:38:00 [INFO] functional.conftest: [basalt] App installed and transport connected
13:38:00 [INFO] functional.conftest: [basalt] App opened via install
-------------------------------- live log call ---------------------------------
13:38:06 [INFO] functional.test_timer_workflows: Entered New (edit) mode
13:38:07 [INFO] functional.test_timer_workflows: Entered EditSec mode at 0:00
13:38:18 [INFO] functional.test_timer_workflows: Waiting for edit mode to expire...
13:38:22 [INFO] functional.test_timer_workflows: After edit expired: {'event': 'mode_change', 't': '0:20', 'm': 'Counting', 'r': '0', 'p': '1', 'v': '0', 'd': '1', 'l': '0'}
PASSED                                                                   [ 91%]
------------------------------ live log teardown -------------------------------
13:38:22 [INFO] functional.conftest: [basalt] Quitting app after test: test_minute_and_seconds_timer_stays_paused[basalt]

test/functional/test_timer_workflows.py::TestEditRunningTimer::test_edit_running_timer[chalk] 
-------------------------------- live log setup --------------------------------
13:38:24 [INFO] functional.test_timer_workflows: [basalt] Tearing down - killing emulator
SKIPPED (Skipping test for chalk since --platform=basalt was specified.) [ 91%]
test/functional/test_timer_workflows.py::TestSetShortTimer::test_set_4_second_timer[chalk] SKIPPED [ 91%]
test/functional/test_timer_workflows.py::TestSnoozeCompletedTimer::test_snooze_completed_timer[chalk] SKIPPED [ 92%]
test/functional/test_timer_workflows.py::TestRepeatCompletedTimer::test_repeat_completed_timer[chalk] SKIPPED [ 92%]
test/functional/test_timer_workflows.py::TestQuietAlarmBackButton::test_quiet_alarm_with_back_button[chalk] SKIPPED [ 92%]
test/functional/test_timer_workflows.py::TestPauseCompletedTimer::test_pause_completed_timer[chalk] SKIPPED [ 93%]
test/functional/test_timer_workflows.py::TestEditCompletedTimer::test_edit_completed_timer_add_minute[chalk] SKIPPED [ 93%]
test/functional/test_timer_workflows.py::TestEnableRepeatingTimer::test_enable_repeating_timer[chalk] SKIPPED [ 93%]
test/functional/test_timer_workflows.py::TestEditModeReset::test_long_press_select_in_edit_mode_resets_to_edit_seconds[chalk] SKIPPED [ 93%]
test/functional/test_timer_workflows.py::TestEditSecModeNoOp::test_long_press_select_in_edit_sec_mode_does_nothing[chalk] SKIPPED [ 94%]
test/functional/test_timer_workflows.py::TestEditRepeatModeNoOp::test_long_press_select_in_edit_repeat_mode_does_nothing[chalk] SKIPPED [ 94%]
test/functional/test_timer_workflows.py::TestRepeatTimerDuringAlarm::test_hold_up_during_alarm_repeats_timer[chalk] SKIPPED [ 94%]
test/functional/test_timer_workflows.py::TestRepeatTimerDuringAlarm::test_hold_up_during_longer_alarm_repeats_timer[chalk] SKIPPED [ 94%]
test/functional/test_timer_workflows.py::TestRepeatTimerDuringAlarm::test_hold_up_during_longer_alarm_repeats_timer_old_method[chalk] SKIPPED [ 95%]
test/functional/test_timer_workflows.py::TestSubMinuteTimerStaysPaused::test_sub_minute_timer_stays_paused_after_edit_expires[chalk] SKIPPED [ 95%]
test/functional/test_timer_workflows.py::TestMinuteAndSecondsTimerStaysPaused::test_minute_and_seconds_timer_stays_paused[chalk] SKIPPED [ 95%]
test/functional/test_timer_workflows.py::TestEditRunningTimer::test_edit_running_timer[diorite] SKIPPED [ 95%]
test/functional/test_timer_workflows.py::TestSetShortTimer::test_set_4_second_timer[diorite] SKIPPED [ 96%]
test/functional/test_timer_workflows.py::TestSnoozeCompletedTimer::test_snooze_completed_timer[diorite] SKIPPED [ 96%]
test/functional/test_timer_workflows.py::TestRepeatCompletedTimer::test_repeat_completed_timer[diorite] SKIPPED [ 96%]
test/functional/test_timer_workflows.py::TestQuietAlarmBackButton::test_quiet_alarm_with_back_button[diorite] SKIPPED [ 97%]
test/functional/test_timer_workflows.py::TestPauseCompletedTimer::test_pause_completed_timer[diorite] SKIPPED [ 97%]
test/functional/test_timer_workflows.py::TestEditCompletedTimer::test_edit_completed_timer_add_minute[diorite] SKIPPED [ 97%]
test/functional/test_timer_workflows.py::TestEnableRepeatingTimer::test_enable_repeating_timer[diorite] SKIPPED [ 97%]
test/functional/test_timer_workflows.py::TestEditModeReset::test_long_press_select_in_edit_mode_resets_to_edit_seconds[diorite] SKIPPED [ 98%]
test/functional/test_timer_workflows.py::TestEditSecModeNoOp::test_long_press_select_in_edit_sec_mode_does_nothing[diorite] SKIPPED [ 98%]
test/functional/test_timer_workflows.py::TestEditRepeatModeNoOp::test_long_press_select_in_edit_repeat_mode_does_nothing[diorite] SKIPPED [ 98%]
test/functional/test_timer_workflows.py::TestRepeatTimerDuringAlarm::test_hold_up_during_alarm_repeats_timer[diorite] SKIPPED [ 98%]
test/functional/test_timer_workflows.py::TestRepeatTimerDuringAlarm::test_hold_up_during_longer_alarm_repeats_timer[diorite] SKIPPED [ 99%]
test/functional/test_timer_workflows.py::TestRepeatTimerDuringAlarm::test_hold_up_during_longer_alarm_repeats_timer_old_method[diorite] SKIPPED [ 99%]
test/functional/test_timer_workflows.py::TestSubMinuteTimerStaysPaused::test_sub_minute_timer_stays_paused_after_edit_expires[diorite] SKIPPED [ 99%]
test/functional/test_timer_workflows.py::TestMinuteAndSecondsTimerStaysPaused::test_minute_and_seconds_timer_stays_paused[diorite] SKIPPED [100%]

=================================== FAILURES ===================================
____________ TestEditRepeatIcons.test_editrepeat_back_icon[basalt] _____________

self = <functional.test_button_icons.TestEditRepeatIcons object at 0x775440e406d0>
persistent_emulator = <functional.conftest.EmulatorHelper object at 0x77543f026500>

    def test_editrepeat_back_icon(self, persistent_emulator):
        """Verify reset count indicator for Back button in EditRepeat mode.
    
        Note: has_icon_content threshold check skipped because the icon
        may have fewer non-bg pixels than the default threshold of 100.
        """
        emulator = persistent_emulator
        platform = emulator.platform
        screenshot = self._enter_editrepeat(emulator)
        region = get_region(platform, "BACK")
        # Verify it has some content
        assert has_icon_content(screenshot, region, threshold=50), (
            "Expected Reset Count icon content in Back button region in EditRepeat mode"
        )
>       assert matches_icon_reference(screenshot, region, "editrepeat_back", platform=platform, tolerance=30), (
            "Reset Count icon does not match reference mask"
        )
E       AssertionError: Reset Count icon does not match reference mask
E       assert False
E        +  where False = matches_icon_reference(<PIL.PngImagePlugin.PngImageFile image mode=RGBA size=144x168 at 0x775440E1EF20>, (0, 5, 35, 40), 'editrepeat_back', platform='basalt', tolerance=30)

test/functional/test_button_icons.py:827: AssertionError
------------------------------ Captured log setup ------------------------------
13:21:19 [INFO] functional.conftest: [basalt] Opening app for test: test_editrepeat_back_icon[basalt]
13:21:19 [INFO] functional.conftest: [basalt] Opening app via install (preserving state)
13:21:19 [INFO] functional.conftest: [basalt] Installing app on emulator
13:21:22 [INFO] functional.conftest: [basalt] App installed and transport connected
13:21:22 [INFO] functional.conftest: [basalt] App opened via install
------------------------------ Captured log call -------------------------------
13:21:30 [WARNING] functional.test_button_icons: Icon mask mismatch for 'editrepeat_back' on basalt: 47 pixels differ (tolerance=30)
---------------------------- Captured log teardown -----------------------------
13:21:30 [INFO] functional.conftest: [basalt] Quitting app after test: test_editrepeat_back_icon[basalt]
=============================== warnings summary ===============================
test_create_timer.py::TestCreateTimer::test_initial_state_shows_new[basalt]
  /home/jared/Workspace/pebble-timer-quick/conda-env/lib/python3.10/site-packages/easyocr/detection.py:81: DeprecationWarning: torch.ao.quantization is deprecated and will be removed in 2.10. 
  For migrations of users: 
  1. Eager mode quantization (torch.ao.quantization.quantize, torch.ao.quantization.quantize_dynamic), please migrate to use torchao eager mode quantize_ API instead 
  2. FX graph mode quantization (torch.ao.quantization.quantize_fx.prepare_fx,torch.ao.quantization.quantize_fx.convert_fx, please migrate to use torchao pt2e quantization API instead (prepare_pt2e, convert_pt2e) 
  3. pt2e quantization has been migrated to torchao (https://github.com/pytorch/ao/tree/main/torchao/quantization/pt2e) 
  see https://github.com/pytorch/ao/issues/2259 for more details
    torch.quantization.quantize_dynamic(net, dtype=torch.qint8, inplace=True)

test_create_timer.py::TestCreateTimer::test_initial_state_shows_new[basalt]
test_create_timer.py::TestCreateTimer::test_initial_state_shows_new[basalt]
  /home/jared/Workspace/pebble-timer-quick/conda-env/lib/python3.10/site-packages/torch/ao/quantization/quantize.py:570: DeprecationWarning: torch.ao.quantization is deprecated and will be removed in 2.10. 
  For migrations of users: 
  1. Eager mode quantization (torch.ao.quantization.quantize, torch.ao.quantization.quantize_dynamic), please migrate to use torchao eager mode quantize_ API instead 
  2. FX graph mode quantization (torch.ao.quantization.quantize_fx.prepare_fx,torch.ao.quantization.quantize_fx.convert_fx, please migrate to use torchao pt2e quantization API instead (prepare_pt2e, convert_pt2e) 
  3. pt2e quantization has been migrated to torchao (https://github.com/pytorch/ao/tree/main/torchao/quantization/pt2e) 
  see https://github.com/pytorch/ao/issues/2259 for more details
    convert(model, mapping, inplace=True)

test_create_timer.py::TestCreateTimer::test_initial_state_shows_new[basalt]
  /home/jared/Workspace/pebble-timer-quick/conda-env/lib/python3.10/site-packages/easyocr/recognition.py:177: DeprecationWarning: torch.ao.quantization is deprecated and will be removed in 2.10. 
  For migrations of users: 
  1. Eager mode quantization (torch.ao.quantization.quantize, torch.ao.quantization.quantize_dynamic), please migrate to use torchao eager mode quantize_ API instead 
  2. FX graph mode quantization (torch.ao.quantization.quantize_fx.prepare_fx,torch.ao.quantization.quantize_fx.convert_fx, please migrate to use torchao pt2e quantization API instead (prepare_pt2e, convert_pt2e) 
  3. pt2e quantization has been migrated to torchao (https://github.com/pytorch/ao/tree/main/torchao/quantization/pt2e) 
  see https://github.com/pytorch/ao/issues/2259 for more details
    torch.quantization.quantize_dynamic(model, dtype=torch.qint8, inplace=True)

test_create_timer.py::TestCreateTimer::test_initial_state_shows_new[basalt]
test_create_timer.py::TestCreateTimer::test_down_button_increments_minutes[basalt]
test_create_timer.py::TestButtonPresses::test_select_button_increments_5_minutes[basalt]
test_create_timer.py::TestTimerCountdown::test_timer_counts_down[basalt]
test_create_timer.py::TestChronoMode::test_chrono_mode_counts_up[basalt]
test_create_timer.py::TestPlayPause::test_select_toggles_play_pause_in_counting_mode[basalt]
test_create_timer.py::TestLongPressReset::test_long_press_select_resets_timer[basalt]
test_timer_workflows.py::TestSetShortTimer::test_set_4_second_timer[basalt]
  /home/jared/Workspace/pebble-timer-quick/conda-env/lib/python3.10/site-packages/torch/utils/data/dataloader.py:775: UserWarning: 'pin_memory' argument is set as true but no accelerator is found, then device pinned memory won't be used.
    super().__init__(loader)

-- Docs: https://docs.pytest.org/en/stable/how-to/capture-warnings.html
=========================== short test summary info ============================
FAILED test/functional/test_button_icons.py::TestEditRepeatIcons::test_editrepeat_back_icon[basalt]
===== 1 failed, 87 passed, 284 skipped, 12 warnings in 1471.17s (0:24:31) ======
